[2025-07-11T09:24:56.081+0000] {processor.py:161} INFO - Started process (PID=93) to work on /home/airflow/.local/lib/python3.8/site-packages/airflow/example_dags/example_external_task_marker_dag.py
[2025-07-11T09:24:56.083+0000] {processor.py:830} INFO - Processing file /home/airflow/.local/lib/python3.8/site-packages/airflow/example_dags/example_external_task_marker_dag.py for tasks to queue
[2025-07-11T09:24:56.086+0000] {logging_mixin.py:188} INFO - [2025-07-11T09:24:56.085+0000] {dagbag.py:538} INFO - Filling up the DagBag from /home/airflow/.local/lib/python3.8/site-packages/airflow/example_dags/example_external_task_marker_dag.py
[2025-07-11T09:24:56.115+0000] {processor.py:840} INFO - DAG(s) 'example_external_task_marker_child', 'example_external_task_marker_parent' retrieved from /home/airflow/.local/lib/python3.8/site-packages/airflow/example_dags/example_external_task_marker_dag.py
[2025-07-11T09:24:56.352+0000] {logging_mixin.py:188} INFO - [2025-07-11T09:24:56.351+0000] {override.py:1769} INFO - Created Permission View: can edit on DAG:example_external_task_marker_child
[2025-07-11T09:24:56.373+0000] {logging_mixin.py:188} INFO - [2025-07-11T09:24:56.373+0000] {override.py:1769} INFO - Created Permission View: can delete on DAG:example_external_task_marker_child
[2025-07-11T09:24:56.389+0000] {logging_mixin.py:188} INFO - [2025-07-11T09:24:56.389+0000] {override.py:1769} INFO - Created Permission View: can read on DAG:example_external_task_marker_child
[2025-07-11T09:24:56.416+0000] {logging_mixin.py:188} INFO - [2025-07-11T09:24:56.416+0000] {override.py:1769} INFO - Created Permission View: can edit on DAG:example_external_task_marker_parent
[2025-07-11T09:24:56.433+0000] {logging_mixin.py:188} INFO - [2025-07-11T09:24:56.432+0000] {override.py:1769} INFO - Created Permission View: can delete on DAG:example_external_task_marker_parent
[2025-07-11T09:24:56.451+0000] {logging_mixin.py:188} INFO - [2025-07-11T09:24:56.450+0000] {override.py:1769} INFO - Created Permission View: can read on DAG:example_external_task_marker_parent
[2025-07-11T09:24:56.451+0000] {logging_mixin.py:188} INFO - [2025-07-11T09:24:56.451+0000] {dag.py:3036} INFO - Sync 2 DAGs
[2025-07-11T09:24:56.478+0000] {logging_mixin.py:188} INFO - [2025-07-11T09:24:56.477+0000] {dag.py:3058} INFO - Creating ORM DAG for example_external_task_marker_child
[2025-07-11T09:24:56.479+0000] {logging_mixin.py:188} INFO - [2025-07-11T09:24:56.478+0000] {dag.py:3058} INFO - Creating ORM DAG for example_external_task_marker_parent
[2025-07-11T09:24:56.480+0000] {logging_mixin.py:188} INFO - [2025-07-11T09:24:56.479+0000] {dag.py:3823} INFO - Setting next_dagrun for example_external_task_marker_child to None, run_after=None
[2025-07-11T09:24:56.481+0000] {logging_mixin.py:188} INFO - [2025-07-11T09:24:56.480+0000] {dag.py:3823} INFO - Setting next_dagrun for example_external_task_marker_parent to None, run_after=None
[2025-07-11T09:24:56.556+0000] {processor.py:183} INFO - Processing /home/airflow/.local/lib/python3.8/site-packages/airflow/example_dags/example_external_task_marker_dag.py took 0.543 seconds
[2025-07-11T09:25:26.628+0000] {processor.py:161} INFO - Started process (PID=148) to work on /home/airflow/.local/lib/python3.8/site-packages/airflow/example_dags/example_external_task_marker_dag.py
[2025-07-11T09:25:26.630+0000] {processor.py:830} INFO - Processing file /home/airflow/.local/lib/python3.8/site-packages/airflow/example_dags/example_external_task_marker_dag.py for tasks to queue
[2025-07-11T09:25:26.632+0000] {logging_mixin.py:188} INFO - [2025-07-11T09:25:26.632+0000] {dagbag.py:538} INFO - Filling up the DagBag from /home/airflow/.local/lib/python3.8/site-packages/airflow/example_dags/example_external_task_marker_dag.py
[2025-07-11T09:25:26.641+0000] {processor.py:840} INFO - DAG(s) 'example_external_task_marker_parent', 'example_external_task_marker_child' retrieved from /home/airflow/.local/lib/python3.8/site-packages/airflow/example_dags/example_external_task_marker_dag.py
[2025-07-11T09:25:26.673+0000] {logging_mixin.py:188} INFO - [2025-07-11T09:25:26.673+0000] {dag.py:3036} INFO - Sync 2 DAGs
[2025-07-11T09:25:26.690+0000] {logging_mixin.py:188} INFO - [2025-07-11T09:25:26.690+0000] {dag.py:3823} INFO - Setting next_dagrun for example_external_task_marker_child to None, run_after=None
[2025-07-11T09:25:26.696+0000] {logging_mixin.py:188} INFO - [2025-07-11T09:25:26.695+0000] {dag.py:3823} INFO - Setting next_dagrun for example_external_task_marker_parent to None, run_after=None
[2025-07-11T09:25:26.722+0000] {processor.py:183} INFO - Processing /home/airflow/.local/lib/python3.8/site-packages/airflow/example_dags/example_external_task_marker_dag.py took 0.098 seconds
[2025-07-11T09:25:57.123+0000] {processor.py:161} INFO - Started process (PID=203) to work on /home/airflow/.local/lib/python3.8/site-packages/airflow/example_dags/example_external_task_marker_dag.py
[2025-07-11T09:25:57.124+0000] {processor.py:830} INFO - Processing file /home/airflow/.local/lib/python3.8/site-packages/airflow/example_dags/example_external_task_marker_dag.py for tasks to queue
[2025-07-11T09:25:57.127+0000] {logging_mixin.py:188} INFO - [2025-07-11T09:25:57.126+0000] {dagbag.py:538} INFO - Filling up the DagBag from /home/airflow/.local/lib/python3.8/site-packages/airflow/example_dags/example_external_task_marker_dag.py
[2025-07-11T09:25:57.135+0000] {processor.py:840} INFO - DAG(s) 'example_external_task_marker_parent', 'example_external_task_marker_child' retrieved from /home/airflow/.local/lib/python3.8/site-packages/airflow/example_dags/example_external_task_marker_dag.py
[2025-07-11T09:25:57.168+0000] {logging_mixin.py:188} INFO - [2025-07-11T09:25:57.168+0000] {dag.py:3036} INFO - Sync 2 DAGs
[2025-07-11T09:25:57.189+0000] {logging_mixin.py:188} INFO - [2025-07-11T09:25:57.189+0000] {dag.py:3823} INFO - Setting next_dagrun for example_external_task_marker_child to None, run_after=None
[2025-07-11T09:25:57.195+0000] {logging_mixin.py:188} INFO - [2025-07-11T09:25:57.195+0000] {dag.py:3823} INFO - Setting next_dagrun for example_external_task_marker_parent to None, run_after=None
[2025-07-11T09:25:57.225+0000] {processor.py:183} INFO - Processing /home/airflow/.local/lib/python3.8/site-packages/airflow/example_dags/example_external_task_marker_dag.py took 0.107 seconds
[2025-07-11T09:26:27.466+0000] {processor.py:161} INFO - Started process (PID=258) to work on /home/airflow/.local/lib/python3.8/site-packages/airflow/example_dags/example_external_task_marker_dag.py
[2025-07-11T09:26:27.468+0000] {processor.py:830} INFO - Processing file /home/airflow/.local/lib/python3.8/site-packages/airflow/example_dags/example_external_task_marker_dag.py for tasks to queue
[2025-07-11T09:26:27.471+0000] {logging_mixin.py:188} INFO - [2025-07-11T09:26:27.470+0000] {dagbag.py:538} INFO - Filling up the DagBag from /home/airflow/.local/lib/python3.8/site-packages/airflow/example_dags/example_external_task_marker_dag.py
[2025-07-11T09:26:27.481+0000] {processor.py:840} INFO - DAG(s) 'example_external_task_marker_child', 'example_external_task_marker_parent' retrieved from /home/airflow/.local/lib/python3.8/site-packages/airflow/example_dags/example_external_task_marker_dag.py
[2025-07-11T09:26:27.515+0000] {logging_mixin.py:188} INFO - [2025-07-11T09:26:27.514+0000] {dag.py:3036} INFO - Sync 2 DAGs
[2025-07-11T09:26:27.534+0000] {logging_mixin.py:188} INFO - [2025-07-11T09:26:27.533+0000] {dag.py:3823} INFO - Setting next_dagrun for example_external_task_marker_child to None, run_after=None
[2025-07-11T09:26:27.539+0000] {logging_mixin.py:188} INFO - [2025-07-11T09:26:27.539+0000] {dag.py:3823} INFO - Setting next_dagrun for example_external_task_marker_parent to None, run_after=None
[2025-07-11T09:26:27.566+0000] {processor.py:183} INFO - Processing /home/airflow/.local/lib/python3.8/site-packages/airflow/example_dags/example_external_task_marker_dag.py took 0.104 seconds
[2025-07-11T09:26:57.683+0000] {processor.py:161} INFO - Started process (PID=312) to work on /home/airflow/.local/lib/python3.8/site-packages/airflow/example_dags/example_external_task_marker_dag.py
[2025-07-11T09:26:57.685+0000] {processor.py:830} INFO - Processing file /home/airflow/.local/lib/python3.8/site-packages/airflow/example_dags/example_external_task_marker_dag.py for tasks to queue
[2025-07-11T09:26:57.688+0000] {logging_mixin.py:188} INFO - [2025-07-11T09:26:57.688+0000] {dagbag.py:538} INFO - Filling up the DagBag from /home/airflow/.local/lib/python3.8/site-packages/airflow/example_dags/example_external_task_marker_dag.py
[2025-07-11T09:26:57.698+0000] {processor.py:840} INFO - DAG(s) 'example_external_task_marker_parent', 'example_external_task_marker_child' retrieved from /home/airflow/.local/lib/python3.8/site-packages/airflow/example_dags/example_external_task_marker_dag.py
[2025-07-11T09:26:57.740+0000] {logging_mixin.py:188} INFO - [2025-07-11T09:26:57.740+0000] {dag.py:3036} INFO - Sync 2 DAGs
[2025-07-11T09:26:57.765+0000] {logging_mixin.py:188} INFO - [2025-07-11T09:26:57.765+0000] {dag.py:3823} INFO - Setting next_dagrun for example_external_task_marker_child to None, run_after=None
[2025-07-11T09:26:57.771+0000] {logging_mixin.py:188} INFO - [2025-07-11T09:26:57.771+0000] {dag.py:3823} INFO - Setting next_dagrun for example_external_task_marker_parent to None, run_after=None
[2025-07-11T09:26:57.805+0000] {processor.py:183} INFO - Processing /home/airflow/.local/lib/python3.8/site-packages/airflow/example_dags/example_external_task_marker_dag.py took 0.129 seconds
[2025-07-11T09:28:23.991+0000] {processor.py:161} INFO - Started process (PID=94) to work on /home/airflow/.local/lib/python3.8/site-packages/airflow/example_dags/example_external_task_marker_dag.py
[2025-07-11T09:28:23.992+0000] {processor.py:830} INFO - Processing file /home/airflow/.local/lib/python3.8/site-packages/airflow/example_dags/example_external_task_marker_dag.py for tasks to queue
[2025-07-11T09:28:23.995+0000] {logging_mixin.py:188} INFO - [2025-07-11T09:28:23.995+0000] {dagbag.py:538} INFO - Filling up the DagBag from /home/airflow/.local/lib/python3.8/site-packages/airflow/example_dags/example_external_task_marker_dag.py
[2025-07-11T09:28:24.004+0000] {processor.py:840} INFO - DAG(s) 'example_external_task_marker_child', 'example_external_task_marker_parent' retrieved from /home/airflow/.local/lib/python3.8/site-packages/airflow/example_dags/example_external_task_marker_dag.py
[2025-07-11T09:28:24.157+0000] {logging_mixin.py:188} INFO - [2025-07-11T09:28:24.156+0000] {override.py:1769} INFO - Created Permission View: can read on DAG:example_external_task_marker_child
[2025-07-11T09:28:24.176+0000] {logging_mixin.py:188} INFO - [2025-07-11T09:28:24.176+0000] {override.py:1769} INFO - Created Permission View: can delete on DAG:example_external_task_marker_child
[2025-07-11T09:28:24.193+0000] {logging_mixin.py:188} INFO - [2025-07-11T09:28:24.192+0000] {override.py:1769} INFO - Created Permission View: can edit on DAG:example_external_task_marker_child
[2025-07-11T09:28:24.224+0000] {logging_mixin.py:188} INFO - [2025-07-11T09:28:24.223+0000] {override.py:1769} INFO - Created Permission View: can read on DAG:example_external_task_marker_parent
[2025-07-11T09:28:24.240+0000] {logging_mixin.py:188} INFO - [2025-07-11T09:28:24.239+0000] {override.py:1769} INFO - Created Permission View: can delete on DAG:example_external_task_marker_parent
[2025-07-11T09:28:24.256+0000] {logging_mixin.py:188} INFO - [2025-07-11T09:28:24.256+0000] {override.py:1769} INFO - Created Permission View: can edit on DAG:example_external_task_marker_parent
[2025-07-11T09:28:24.257+0000] {logging_mixin.py:188} INFO - [2025-07-11T09:28:24.256+0000] {dag.py:3036} INFO - Sync 2 DAGs
[2025-07-11T09:28:24.273+0000] {logging_mixin.py:188} INFO - [2025-07-11T09:28:24.273+0000] {dag.py:3058} INFO - Creating ORM DAG for example_external_task_marker_child
[2025-07-11T09:28:24.274+0000] {logging_mixin.py:188} INFO - [2025-07-11T09:28:24.274+0000] {dag.py:3058} INFO - Creating ORM DAG for example_external_task_marker_parent
[2025-07-11T09:28:24.275+0000] {logging_mixin.py:188} INFO - [2025-07-11T09:28:24.274+0000] {dag.py:3823} INFO - Setting next_dagrun for example_external_task_marker_child to None, run_after=None
[2025-07-11T09:28:24.275+0000] {logging_mixin.py:188} INFO - [2025-07-11T09:28:24.275+0000] {dag.py:3823} INFO - Setting next_dagrun for example_external_task_marker_parent to None, run_after=None
[2025-07-11T09:28:24.307+0000] {processor.py:183} INFO - Processing /home/airflow/.local/lib/python3.8/site-packages/airflow/example_dags/example_external_task_marker_dag.py took 0.321 seconds
[2025-07-11T09:28:54.462+0000] {processor.py:161} INFO - Started process (PID=149) to work on /home/airflow/.local/lib/python3.8/site-packages/airflow/example_dags/example_external_task_marker_dag.py
[2025-07-11T09:28:54.465+0000] {processor.py:830} INFO - Processing file /home/airflow/.local/lib/python3.8/site-packages/airflow/example_dags/example_external_task_marker_dag.py for tasks to queue
[2025-07-11T09:28:54.468+0000] {logging_mixin.py:188} INFO - [2025-07-11T09:28:54.468+0000] {dagbag.py:538} INFO - Filling up the DagBag from /home/airflow/.local/lib/python3.8/site-packages/airflow/example_dags/example_external_task_marker_dag.py
[2025-07-11T09:28:54.483+0000] {processor.py:840} INFO - DAG(s) 'example_external_task_marker_parent', 'example_external_task_marker_child' retrieved from /home/airflow/.local/lib/python3.8/site-packages/airflow/example_dags/example_external_task_marker_dag.py
[2025-07-11T09:28:54.525+0000] {logging_mixin.py:188} INFO - [2025-07-11T09:28:54.524+0000] {dag.py:3036} INFO - Sync 2 DAGs
[2025-07-11T09:28:54.546+0000] {logging_mixin.py:188} INFO - [2025-07-11T09:28:54.545+0000] {dag.py:3823} INFO - Setting next_dagrun for example_external_task_marker_child to None, run_after=None
[2025-07-11T09:28:54.551+0000] {logging_mixin.py:188} INFO - [2025-07-11T09:28:54.550+0000] {dag.py:3823} INFO - Setting next_dagrun for example_external_task_marker_parent to None, run_after=None
[2025-07-11T09:28:54.583+0000] {processor.py:183} INFO - Processing /home/airflow/.local/lib/python3.8/site-packages/airflow/example_dags/example_external_task_marker_dag.py took 0.128 seconds
[2025-07-11T09:29:24.891+0000] {processor.py:161} INFO - Started process (PID=203) to work on /home/airflow/.local/lib/python3.8/site-packages/airflow/example_dags/example_external_task_marker_dag.py
[2025-07-11T09:29:24.892+0000] {processor.py:830} INFO - Processing file /home/airflow/.local/lib/python3.8/site-packages/airflow/example_dags/example_external_task_marker_dag.py for tasks to queue
[2025-07-11T09:29:24.895+0000] {logging_mixin.py:188} INFO - [2025-07-11T09:29:24.895+0000] {dagbag.py:538} INFO - Filling up the DagBag from /home/airflow/.local/lib/python3.8/site-packages/airflow/example_dags/example_external_task_marker_dag.py
[2025-07-11T09:29:24.905+0000] {processor.py:840} INFO - DAG(s) 'example_external_task_marker_parent', 'example_external_task_marker_child' retrieved from /home/airflow/.local/lib/python3.8/site-packages/airflow/example_dags/example_external_task_marker_dag.py
[2025-07-11T09:29:24.939+0000] {logging_mixin.py:188} INFO - [2025-07-11T09:29:24.939+0000] {dag.py:3036} INFO - Sync 2 DAGs
[2025-07-11T09:29:24.957+0000] {logging_mixin.py:188} INFO - [2025-07-11T09:29:24.957+0000] {dag.py:3823} INFO - Setting next_dagrun for example_external_task_marker_child to None, run_after=None
[2025-07-11T09:29:24.962+0000] {logging_mixin.py:188} INFO - [2025-07-11T09:29:24.962+0000] {dag.py:3823} INFO - Setting next_dagrun for example_external_task_marker_parent to None, run_after=None
[2025-07-11T09:29:24.988+0000] {processor.py:183} INFO - Processing /home/airflow/.local/lib/python3.8/site-packages/airflow/example_dags/example_external_task_marker_dag.py took 0.102 seconds
[2025-07-11T09:29:55.246+0000] {processor.py:161} INFO - Started process (PID=258) to work on /home/airflow/.local/lib/python3.8/site-packages/airflow/example_dags/example_external_task_marker_dag.py
[2025-07-11T09:29:55.247+0000] {processor.py:830} INFO - Processing file /home/airflow/.local/lib/python3.8/site-packages/airflow/example_dags/example_external_task_marker_dag.py for tasks to queue
[2025-07-11T09:29:55.250+0000] {logging_mixin.py:188} INFO - [2025-07-11T09:29:55.250+0000] {dagbag.py:538} INFO - Filling up the DagBag from /home/airflow/.local/lib/python3.8/site-packages/airflow/example_dags/example_external_task_marker_dag.py
[2025-07-11T09:29:55.258+0000] {processor.py:840} INFO - DAG(s) 'example_external_task_marker_child', 'example_external_task_marker_parent' retrieved from /home/airflow/.local/lib/python3.8/site-packages/airflow/example_dags/example_external_task_marker_dag.py
[2025-07-11T09:29:55.292+0000] {logging_mixin.py:188} INFO - [2025-07-11T09:29:55.292+0000] {dag.py:3036} INFO - Sync 2 DAGs
[2025-07-11T09:29:55.309+0000] {logging_mixin.py:188} INFO - [2025-07-11T09:29:55.309+0000] {dag.py:3823} INFO - Setting next_dagrun for example_external_task_marker_child to None, run_after=None
[2025-07-11T09:29:55.314+0000] {logging_mixin.py:188} INFO - [2025-07-11T09:29:55.314+0000] {dag.py:3823} INFO - Setting next_dagrun for example_external_task_marker_parent to None, run_after=None
[2025-07-11T09:29:55.339+0000] {processor.py:183} INFO - Processing /home/airflow/.local/lib/python3.8/site-packages/airflow/example_dags/example_external_task_marker_dag.py took 0.098 seconds
[2025-07-11T09:30:25.771+0000] {processor.py:161} INFO - Started process (PID=313) to work on /home/airflow/.local/lib/python3.8/site-packages/airflow/example_dags/example_external_task_marker_dag.py
[2025-07-11T09:30:25.773+0000] {processor.py:830} INFO - Processing file /home/airflow/.local/lib/python3.8/site-packages/airflow/example_dags/example_external_task_marker_dag.py for tasks to queue
[2025-07-11T09:30:25.775+0000] {logging_mixin.py:188} INFO - [2025-07-11T09:30:25.775+0000] {dagbag.py:538} INFO - Filling up the DagBag from /home/airflow/.local/lib/python3.8/site-packages/airflow/example_dags/example_external_task_marker_dag.py
[2025-07-11T09:30:25.787+0000] {processor.py:840} INFO - DAG(s) 'example_external_task_marker_child', 'example_external_task_marker_parent' retrieved from /home/airflow/.local/lib/python3.8/site-packages/airflow/example_dags/example_external_task_marker_dag.py
[2025-07-11T09:30:25.822+0000] {logging_mixin.py:188} INFO - [2025-07-11T09:30:25.821+0000] {dag.py:3036} INFO - Sync 2 DAGs
[2025-07-11T09:30:25.841+0000] {logging_mixin.py:188} INFO - [2025-07-11T09:30:25.841+0000] {dag.py:3823} INFO - Setting next_dagrun for example_external_task_marker_child to None, run_after=None
[2025-07-11T09:30:25.847+0000] {logging_mixin.py:188} INFO - [2025-07-11T09:30:25.846+0000] {dag.py:3823} INFO - Setting next_dagrun for example_external_task_marker_parent to None, run_after=None
[2025-07-11T09:30:25.877+0000] {processor.py:183} INFO - Processing /home/airflow/.local/lib/python3.8/site-packages/airflow/example_dags/example_external_task_marker_dag.py took 0.111 seconds
[2025-07-11T09:30:56.469+0000] {processor.py:161} INFO - Started process (PID=369) to work on /home/airflow/.local/lib/python3.8/site-packages/airflow/example_dags/example_external_task_marker_dag.py
[2025-07-11T09:30:56.471+0000] {processor.py:830} INFO - Processing file /home/airflow/.local/lib/python3.8/site-packages/airflow/example_dags/example_external_task_marker_dag.py for tasks to queue
[2025-07-11T09:30:56.473+0000] {logging_mixin.py:188} INFO - [2025-07-11T09:30:56.473+0000] {dagbag.py:538} INFO - Filling up the DagBag from /home/airflow/.local/lib/python3.8/site-packages/airflow/example_dags/example_external_task_marker_dag.py
[2025-07-11T09:30:56.481+0000] {processor.py:840} INFO - DAG(s) 'example_external_task_marker_child', 'example_external_task_marker_parent' retrieved from /home/airflow/.local/lib/python3.8/site-packages/airflow/example_dags/example_external_task_marker_dag.py
[2025-07-11T09:30:56.514+0000] {logging_mixin.py:188} INFO - [2025-07-11T09:30:56.514+0000] {dag.py:3036} INFO - Sync 2 DAGs
[2025-07-11T09:30:56.533+0000] {logging_mixin.py:188} INFO - [2025-07-11T09:30:56.532+0000] {dag.py:3823} INFO - Setting next_dagrun for example_external_task_marker_child to None, run_after=None
[2025-07-11T09:30:56.539+0000] {logging_mixin.py:188} INFO - [2025-07-11T09:30:56.538+0000] {dag.py:3823} INFO - Setting next_dagrun for example_external_task_marker_parent to None, run_after=None
[2025-07-11T09:30:56.570+0000] {processor.py:183} INFO - Processing /home/airflow/.local/lib/python3.8/site-packages/airflow/example_dags/example_external_task_marker_dag.py took 0.105 seconds
[2025-07-11T09:31:26.800+0000] {processor.py:161} INFO - Started process (PID=424) to work on /home/airflow/.local/lib/python3.8/site-packages/airflow/example_dags/example_external_task_marker_dag.py
[2025-07-11T09:31:26.802+0000] {processor.py:830} INFO - Processing file /home/airflow/.local/lib/python3.8/site-packages/airflow/example_dags/example_external_task_marker_dag.py for tasks to queue
[2025-07-11T09:31:26.804+0000] {logging_mixin.py:188} INFO - [2025-07-11T09:31:26.803+0000] {dagbag.py:538} INFO - Filling up the DagBag from /home/airflow/.local/lib/python3.8/site-packages/airflow/example_dags/example_external_task_marker_dag.py
[2025-07-11T09:31:26.812+0000] {processor.py:840} INFO - DAG(s) 'example_external_task_marker_parent', 'example_external_task_marker_child' retrieved from /home/airflow/.local/lib/python3.8/site-packages/airflow/example_dags/example_external_task_marker_dag.py
[2025-07-11T09:31:26.845+0000] {logging_mixin.py:188} INFO - [2025-07-11T09:31:26.844+0000] {dag.py:3036} INFO - Sync 2 DAGs
[2025-07-11T09:31:26.863+0000] {logging_mixin.py:188} INFO - [2025-07-11T09:31:26.863+0000] {dag.py:3823} INFO - Setting next_dagrun for example_external_task_marker_child to None, run_after=None
[2025-07-11T09:31:26.868+0000] {logging_mixin.py:188} INFO - [2025-07-11T09:31:26.868+0000] {dag.py:3823} INFO - Setting next_dagrun for example_external_task_marker_parent to None, run_after=None
[2025-07-11T09:31:26.894+0000] {processor.py:183} INFO - Processing /home/airflow/.local/lib/python3.8/site-packages/airflow/example_dags/example_external_task_marker_dag.py took 0.099 seconds
[2025-07-11T09:31:57.880+0000] {processor.py:161} INFO - Started process (PID=479) to work on /home/airflow/.local/lib/python3.8/site-packages/airflow/example_dags/example_external_task_marker_dag.py
[2025-07-11T09:31:57.882+0000] {processor.py:830} INFO - Processing file /home/airflow/.local/lib/python3.8/site-packages/airflow/example_dags/example_external_task_marker_dag.py for tasks to queue
[2025-07-11T09:31:57.886+0000] {logging_mixin.py:188} INFO - [2025-07-11T09:31:57.885+0000] {dagbag.py:538} INFO - Filling up the DagBag from /home/airflow/.local/lib/python3.8/site-packages/airflow/example_dags/example_external_task_marker_dag.py
[2025-07-11T09:31:57.898+0000] {processor.py:840} INFO - DAG(s) 'example_external_task_marker_child', 'example_external_task_marker_parent' retrieved from /home/airflow/.local/lib/python3.8/site-packages/airflow/example_dags/example_external_task_marker_dag.py
[2025-07-11T09:31:57.944+0000] {logging_mixin.py:188} INFO - [2025-07-11T09:31:57.944+0000] {dag.py:3036} INFO - Sync 2 DAGs
[2025-07-11T09:31:57.967+0000] {logging_mixin.py:188} INFO - [2025-07-11T09:31:57.967+0000] {dag.py:3823} INFO - Setting next_dagrun for example_external_task_marker_child to None, run_after=None
[2025-07-11T09:31:57.975+0000] {logging_mixin.py:188} INFO - [2025-07-11T09:31:57.974+0000] {dag.py:3823} INFO - Setting next_dagrun for example_external_task_marker_parent to None, run_after=None
[2025-07-11T09:31:58.004+0000] {processor.py:183} INFO - Processing /home/airflow/.local/lib/python3.8/site-packages/airflow/example_dags/example_external_task_marker_dag.py took 0.132 seconds
[2025-07-11T09:32:28.485+0000] {processor.py:161} INFO - Started process (PID=534) to work on /home/airflow/.local/lib/python3.8/site-packages/airflow/example_dags/example_external_task_marker_dag.py
[2025-07-11T09:32:28.487+0000] {processor.py:830} INFO - Processing file /home/airflow/.local/lib/python3.8/site-packages/airflow/example_dags/example_external_task_marker_dag.py for tasks to queue
[2025-07-11T09:32:28.490+0000] {logging_mixin.py:188} INFO - [2025-07-11T09:32:28.489+0000] {dagbag.py:538} INFO - Filling up the DagBag from /home/airflow/.local/lib/python3.8/site-packages/airflow/example_dags/example_external_task_marker_dag.py
[2025-07-11T09:32:28.498+0000] {processor.py:840} INFO - DAG(s) 'example_external_task_marker_parent', 'example_external_task_marker_child' retrieved from /home/airflow/.local/lib/python3.8/site-packages/airflow/example_dags/example_external_task_marker_dag.py
[2025-07-11T09:32:28.537+0000] {logging_mixin.py:188} INFO - [2025-07-11T09:32:28.537+0000] {dag.py:3036} INFO - Sync 2 DAGs
[2025-07-11T09:32:28.558+0000] {logging_mixin.py:188} INFO - [2025-07-11T09:32:28.557+0000] {dag.py:3823} INFO - Setting next_dagrun for example_external_task_marker_child to None, run_after=None
[2025-07-11T09:32:28.563+0000] {logging_mixin.py:188} INFO - [2025-07-11T09:32:28.563+0000] {dag.py:3823} INFO - Setting next_dagrun for example_external_task_marker_parent to None, run_after=None
[2025-07-11T09:32:28.591+0000] {processor.py:183} INFO - Processing /home/airflow/.local/lib/python3.8/site-packages/airflow/example_dags/example_external_task_marker_dag.py took 0.111 seconds
[2025-07-11T09:32:59.268+0000] {processor.py:161} INFO - Started process (PID=589) to work on /home/airflow/.local/lib/python3.8/site-packages/airflow/example_dags/example_external_task_marker_dag.py
[2025-07-11T09:32:59.270+0000] {processor.py:830} INFO - Processing file /home/airflow/.local/lib/python3.8/site-packages/airflow/example_dags/example_external_task_marker_dag.py for tasks to queue
[2025-07-11T09:32:59.272+0000] {logging_mixin.py:188} INFO - [2025-07-11T09:32:59.272+0000] {dagbag.py:538} INFO - Filling up the DagBag from /home/airflow/.local/lib/python3.8/site-packages/airflow/example_dags/example_external_task_marker_dag.py
[2025-07-11T09:32:59.282+0000] {processor.py:840} INFO - DAG(s) 'example_external_task_marker_child', 'example_external_task_marker_parent' retrieved from /home/airflow/.local/lib/python3.8/site-packages/airflow/example_dags/example_external_task_marker_dag.py
[2025-07-11T09:32:59.320+0000] {logging_mixin.py:188} INFO - [2025-07-11T09:32:59.319+0000] {dag.py:3036} INFO - Sync 2 DAGs
[2025-07-11T09:32:59.347+0000] {logging_mixin.py:188} INFO - [2025-07-11T09:32:59.346+0000] {dag.py:3823} INFO - Setting next_dagrun for example_external_task_marker_child to None, run_after=None
[2025-07-11T09:32:59.358+0000] {logging_mixin.py:188} INFO - [2025-07-11T09:32:59.358+0000] {dag.py:3823} INFO - Setting next_dagrun for example_external_task_marker_parent to None, run_after=None
[2025-07-11T09:32:59.411+0000] {processor.py:183} INFO - Processing /home/airflow/.local/lib/python3.8/site-packages/airflow/example_dags/example_external_task_marker_dag.py took 0.148 seconds
[2025-07-11T09:33:29.484+0000] {processor.py:161} INFO - Started process (PID=643) to work on /home/airflow/.local/lib/python3.8/site-packages/airflow/example_dags/example_external_task_marker_dag.py
[2025-07-11T09:33:29.486+0000] {processor.py:830} INFO - Processing file /home/airflow/.local/lib/python3.8/site-packages/airflow/example_dags/example_external_task_marker_dag.py for tasks to queue
[2025-07-11T09:33:29.489+0000] {logging_mixin.py:188} INFO - [2025-07-11T09:33:29.488+0000] {dagbag.py:538} INFO - Filling up the DagBag from /home/airflow/.local/lib/python3.8/site-packages/airflow/example_dags/example_external_task_marker_dag.py
[2025-07-11T09:33:29.500+0000] {processor.py:840} INFO - DAG(s) 'example_external_task_marker_parent', 'example_external_task_marker_child' retrieved from /home/airflow/.local/lib/python3.8/site-packages/airflow/example_dags/example_external_task_marker_dag.py
[2025-07-11T09:33:29.540+0000] {logging_mixin.py:188} INFO - [2025-07-11T09:33:29.539+0000] {dag.py:3036} INFO - Sync 2 DAGs
[2025-07-11T09:33:29.559+0000] {logging_mixin.py:188} INFO - [2025-07-11T09:33:29.558+0000] {dag.py:3823} INFO - Setting next_dagrun for example_external_task_marker_child to None, run_after=None
[2025-07-11T09:33:29.564+0000] {logging_mixin.py:188} INFO - [2025-07-11T09:33:29.563+0000] {dag.py:3823} INFO - Setting next_dagrun for example_external_task_marker_parent to None, run_after=None
[2025-07-11T09:33:29.594+0000] {processor.py:183} INFO - Processing /home/airflow/.local/lib/python3.8/site-packages/airflow/example_dags/example_external_task_marker_dag.py took 0.115 seconds
[2025-07-11T09:34:45.414+0000] {processor.py:161} INFO - Started process (PID=95) to work on /home/airflow/.local/lib/python3.8/site-packages/airflow/example_dags/example_external_task_marker_dag.py
[2025-07-11T09:34:45.417+0000] {processor.py:830} INFO - Processing file /home/airflow/.local/lib/python3.8/site-packages/airflow/example_dags/example_external_task_marker_dag.py for tasks to queue
[2025-07-11T09:34:45.420+0000] {logging_mixin.py:188} INFO - [2025-07-11T09:34:45.419+0000] {dagbag.py:538} INFO - Filling up the DagBag from /home/airflow/.local/lib/python3.8/site-packages/airflow/example_dags/example_external_task_marker_dag.py
[2025-07-11T09:34:45.430+0000] {processor.py:840} INFO - DAG(s) 'example_external_task_marker_child', 'example_external_task_marker_parent' retrieved from /home/airflow/.local/lib/python3.8/site-packages/airflow/example_dags/example_external_task_marker_dag.py
[2025-07-11T09:34:45.591+0000] {logging_mixin.py:188} INFO - [2025-07-11T09:34:45.590+0000] {override.py:1769} INFO - Created Permission View: can edit on DAG:example_external_task_marker_child
[2025-07-11T09:34:45.609+0000] {logging_mixin.py:188} INFO - [2025-07-11T09:34:45.609+0000] {override.py:1769} INFO - Created Permission View: can delete on DAG:example_external_task_marker_child
[2025-07-11T09:34:45.621+0000] {logging_mixin.py:188} INFO - [2025-07-11T09:34:45.621+0000] {override.py:1769} INFO - Created Permission View: can read on DAG:example_external_task_marker_child
[2025-07-11T09:34:45.649+0000] {logging_mixin.py:188} INFO - [2025-07-11T09:34:45.648+0000] {override.py:1769} INFO - Created Permission View: can edit on DAG:example_external_task_marker_parent
[2025-07-11T09:34:45.664+0000] {logging_mixin.py:188} INFO - [2025-07-11T09:34:45.663+0000] {override.py:1769} INFO - Created Permission View: can delete on DAG:example_external_task_marker_parent
[2025-07-11T09:34:45.680+0000] {logging_mixin.py:188} INFO - [2025-07-11T09:34:45.679+0000] {override.py:1769} INFO - Created Permission View: can read on DAG:example_external_task_marker_parent
[2025-07-11T09:34:45.681+0000] {logging_mixin.py:188} INFO - [2025-07-11T09:34:45.680+0000] {dag.py:3036} INFO - Sync 2 DAGs
[2025-07-11T09:34:45.701+0000] {logging_mixin.py:188} INFO - [2025-07-11T09:34:45.700+0000] {dag.py:3058} INFO - Creating ORM DAG for example_external_task_marker_child
[2025-07-11T09:34:45.701+0000] {logging_mixin.py:188} INFO - [2025-07-11T09:34:45.701+0000] {dag.py:3058} INFO - Creating ORM DAG for example_external_task_marker_parent
[2025-07-11T09:34:45.702+0000] {logging_mixin.py:188} INFO - [2025-07-11T09:34:45.702+0000] {dag.py:3823} INFO - Setting next_dagrun for example_external_task_marker_child to None, run_after=None
[2025-07-11T09:34:45.704+0000] {logging_mixin.py:188} INFO - [2025-07-11T09:34:45.703+0000] {dag.py:3823} INFO - Setting next_dagrun for example_external_task_marker_parent to None, run_after=None
[2025-07-11T09:34:45.742+0000] {processor.py:183} INFO - Processing /home/airflow/.local/lib/python3.8/site-packages/airflow/example_dags/example_external_task_marker_dag.py took 0.333 seconds
[2025-07-11T09:35:16.401+0000] {processor.py:161} INFO - Started process (PID=150) to work on /home/airflow/.local/lib/python3.8/site-packages/airflow/example_dags/example_external_task_marker_dag.py
[2025-07-11T09:35:16.403+0000] {processor.py:830} INFO - Processing file /home/airflow/.local/lib/python3.8/site-packages/airflow/example_dags/example_external_task_marker_dag.py for tasks to queue
[2025-07-11T09:35:16.407+0000] {logging_mixin.py:188} INFO - [2025-07-11T09:35:16.406+0000] {dagbag.py:538} INFO - Filling up the DagBag from /home/airflow/.local/lib/python3.8/site-packages/airflow/example_dags/example_external_task_marker_dag.py
[2025-07-11T09:35:16.415+0000] {processor.py:840} INFO - DAG(s) 'example_external_task_marker_parent', 'example_external_task_marker_child' retrieved from /home/airflow/.local/lib/python3.8/site-packages/airflow/example_dags/example_external_task_marker_dag.py
[2025-07-11T09:35:16.453+0000] {logging_mixin.py:188} INFO - [2025-07-11T09:35:16.452+0000] {dag.py:3036} INFO - Sync 2 DAGs
[2025-07-11T09:35:16.475+0000] {logging_mixin.py:188} INFO - [2025-07-11T09:35:16.475+0000] {dag.py:3823} INFO - Setting next_dagrun for example_external_task_marker_child to None, run_after=None
[2025-07-11T09:35:16.480+0000] {logging_mixin.py:188} INFO - [2025-07-11T09:35:16.480+0000] {dag.py:3823} INFO - Setting next_dagrun for example_external_task_marker_parent to None, run_after=None
[2025-07-11T09:35:16.514+0000] {processor.py:183} INFO - Processing /home/airflow/.local/lib/python3.8/site-packages/airflow/example_dags/example_external_task_marker_dag.py took 0.118 seconds
[2025-07-11T09:35:46.622+0000] {processor.py:161} INFO - Started process (PID=205) to work on /home/airflow/.local/lib/python3.8/site-packages/airflow/example_dags/example_external_task_marker_dag.py
[2025-07-11T09:35:46.624+0000] {processor.py:830} INFO - Processing file /home/airflow/.local/lib/python3.8/site-packages/airflow/example_dags/example_external_task_marker_dag.py for tasks to queue
[2025-07-11T09:35:46.626+0000] {logging_mixin.py:188} INFO - [2025-07-11T09:35:46.626+0000] {dagbag.py:538} INFO - Filling up the DagBag from /home/airflow/.local/lib/python3.8/site-packages/airflow/example_dags/example_external_task_marker_dag.py
[2025-07-11T09:35:46.634+0000] {processor.py:840} INFO - DAG(s) 'example_external_task_marker_parent', 'example_external_task_marker_child' retrieved from /home/airflow/.local/lib/python3.8/site-packages/airflow/example_dags/example_external_task_marker_dag.py
[2025-07-11T09:35:46.672+0000] {logging_mixin.py:188} INFO - [2025-07-11T09:35:46.672+0000] {dag.py:3036} INFO - Sync 2 DAGs
[2025-07-11T09:35:46.695+0000] {logging_mixin.py:188} INFO - [2025-07-11T09:35:46.695+0000] {dag.py:3823} INFO - Setting next_dagrun for example_external_task_marker_child to None, run_after=None
[2025-07-11T09:35:46.702+0000] {logging_mixin.py:188} INFO - [2025-07-11T09:35:46.701+0000] {dag.py:3823} INFO - Setting next_dagrun for example_external_task_marker_parent to None, run_after=None
[2025-07-11T09:35:46.736+0000] {processor.py:183} INFO - Processing /home/airflow/.local/lib/python3.8/site-packages/airflow/example_dags/example_external_task_marker_dag.py took 0.118 seconds
[2025-07-11T09:36:17.169+0000] {processor.py:161} INFO - Started process (PID=260) to work on /home/airflow/.local/lib/python3.8/site-packages/airflow/example_dags/example_external_task_marker_dag.py
[2025-07-11T09:36:17.171+0000] {processor.py:830} INFO - Processing file /home/airflow/.local/lib/python3.8/site-packages/airflow/example_dags/example_external_task_marker_dag.py for tasks to queue
[2025-07-11T09:36:17.174+0000] {logging_mixin.py:188} INFO - [2025-07-11T09:36:17.173+0000] {dagbag.py:538} INFO - Filling up the DagBag from /home/airflow/.local/lib/python3.8/site-packages/airflow/example_dags/example_external_task_marker_dag.py
[2025-07-11T09:36:17.183+0000] {processor.py:840} INFO - DAG(s) 'example_external_task_marker_child', 'example_external_task_marker_parent' retrieved from /home/airflow/.local/lib/python3.8/site-packages/airflow/example_dags/example_external_task_marker_dag.py
[2025-07-11T09:36:17.220+0000] {logging_mixin.py:188} INFO - [2025-07-11T09:36:17.219+0000] {dag.py:3036} INFO - Sync 2 DAGs
[2025-07-11T09:36:17.243+0000] {logging_mixin.py:188} INFO - [2025-07-11T09:36:17.242+0000] {dag.py:3823} INFO - Setting next_dagrun for example_external_task_marker_child to None, run_after=None
[2025-07-11T09:36:17.249+0000] {logging_mixin.py:188} INFO - [2025-07-11T09:36:17.249+0000] {dag.py:3823} INFO - Setting next_dagrun for example_external_task_marker_parent to None, run_after=None
[2025-07-11T09:36:17.278+0000] {processor.py:183} INFO - Processing /home/airflow/.local/lib/python3.8/site-packages/airflow/example_dags/example_external_task_marker_dag.py took 0.114 seconds
[2025-07-11T09:36:47.511+0000] {processor.py:161} INFO - Started process (PID=315) to work on /home/airflow/.local/lib/python3.8/site-packages/airflow/example_dags/example_external_task_marker_dag.py
[2025-07-11T09:36:47.513+0000] {processor.py:830} INFO - Processing file /home/airflow/.local/lib/python3.8/site-packages/airflow/example_dags/example_external_task_marker_dag.py for tasks to queue
[2025-07-11T09:36:47.516+0000] {logging_mixin.py:188} INFO - [2025-07-11T09:36:47.516+0000] {dagbag.py:538} INFO - Filling up the DagBag from /home/airflow/.local/lib/python3.8/site-packages/airflow/example_dags/example_external_task_marker_dag.py
[2025-07-11T09:36:47.526+0000] {processor.py:840} INFO - DAG(s) 'example_external_task_marker_parent', 'example_external_task_marker_child' retrieved from /home/airflow/.local/lib/python3.8/site-packages/airflow/example_dags/example_external_task_marker_dag.py
[2025-07-11T09:36:47.562+0000] {logging_mixin.py:188} INFO - [2025-07-11T09:36:47.562+0000] {dag.py:3036} INFO - Sync 2 DAGs
[2025-07-11T09:36:47.580+0000] {logging_mixin.py:188} INFO - [2025-07-11T09:36:47.579+0000] {dag.py:3823} INFO - Setting next_dagrun for example_external_task_marker_child to None, run_after=None
[2025-07-11T09:36:47.585+0000] {logging_mixin.py:188} INFO - [2025-07-11T09:36:47.585+0000] {dag.py:3823} INFO - Setting next_dagrun for example_external_task_marker_parent to None, run_after=None
[2025-07-11T09:36:47.613+0000] {processor.py:183} INFO - Processing /home/airflow/.local/lib/python3.8/site-packages/airflow/example_dags/example_external_task_marker_dag.py took 0.107 seconds
[2025-07-11T09:37:17.907+0000] {processor.py:161} INFO - Started process (PID=370) to work on /home/airflow/.local/lib/python3.8/site-packages/airflow/example_dags/example_external_task_marker_dag.py
[2025-07-11T09:37:17.909+0000] {processor.py:830} INFO - Processing file /home/airflow/.local/lib/python3.8/site-packages/airflow/example_dags/example_external_task_marker_dag.py for tasks to queue
[2025-07-11T09:37:17.913+0000] {logging_mixin.py:188} INFO - [2025-07-11T09:37:17.912+0000] {dagbag.py:538} INFO - Filling up the DagBag from /home/airflow/.local/lib/python3.8/site-packages/airflow/example_dags/example_external_task_marker_dag.py
[2025-07-11T09:37:17.924+0000] {processor.py:840} INFO - DAG(s) 'example_external_task_marker_parent', 'example_external_task_marker_child' retrieved from /home/airflow/.local/lib/python3.8/site-packages/airflow/example_dags/example_external_task_marker_dag.py
[2025-07-11T09:37:17.965+0000] {logging_mixin.py:188} INFO - [2025-07-11T09:37:17.965+0000] {dag.py:3036} INFO - Sync 2 DAGs
[2025-07-11T09:37:17.987+0000] {logging_mixin.py:188} INFO - [2025-07-11T09:37:17.986+0000] {dag.py:3823} INFO - Setting next_dagrun for example_external_task_marker_child to None, run_after=None
[2025-07-11T09:37:17.992+0000] {logging_mixin.py:188} INFO - [2025-07-11T09:37:17.992+0000] {dag.py:3823} INFO - Setting next_dagrun for example_external_task_marker_parent to None, run_after=None
[2025-07-11T09:37:18.022+0000] {processor.py:183} INFO - Processing /home/airflow/.local/lib/python3.8/site-packages/airflow/example_dags/example_external_task_marker_dag.py took 0.120 seconds
[2025-07-11T09:37:48.348+0000] {processor.py:161} INFO - Started process (PID=425) to work on /home/airflow/.local/lib/python3.8/site-packages/airflow/example_dags/example_external_task_marker_dag.py
[2025-07-11T09:37:48.350+0000] {processor.py:830} INFO - Processing file /home/airflow/.local/lib/python3.8/site-packages/airflow/example_dags/example_external_task_marker_dag.py for tasks to queue
[2025-07-11T09:37:48.355+0000] {logging_mixin.py:188} INFO - [2025-07-11T09:37:48.355+0000] {dagbag.py:538} INFO - Filling up the DagBag from /home/airflow/.local/lib/python3.8/site-packages/airflow/example_dags/example_external_task_marker_dag.py
[2025-07-11T09:37:48.366+0000] {processor.py:840} INFO - DAG(s) 'example_external_task_marker_parent', 'example_external_task_marker_child' retrieved from /home/airflow/.local/lib/python3.8/site-packages/airflow/example_dags/example_external_task_marker_dag.py
[2025-07-11T09:37:48.418+0000] {logging_mixin.py:188} INFO - [2025-07-11T09:37:48.417+0000] {dag.py:3036} INFO - Sync 2 DAGs
[2025-07-11T09:37:48.444+0000] {logging_mixin.py:188} INFO - [2025-07-11T09:37:48.444+0000] {dag.py:3823} INFO - Setting next_dagrun for example_external_task_marker_child to None, run_after=None
[2025-07-11T09:37:48.453+0000] {logging_mixin.py:188} INFO - [2025-07-11T09:37:48.453+0000] {dag.py:3823} INFO - Setting next_dagrun for example_external_task_marker_parent to None, run_after=None
[2025-07-11T09:37:48.496+0000] {processor.py:183} INFO - Processing /home/airflow/.local/lib/python3.8/site-packages/airflow/example_dags/example_external_task_marker_dag.py took 0.161 seconds
[2025-07-11T09:38:19.502+0000] {processor.py:161} INFO - Started process (PID=480) to work on /home/airflow/.local/lib/python3.8/site-packages/airflow/example_dags/example_external_task_marker_dag.py
[2025-07-11T09:38:19.504+0000] {processor.py:830} INFO - Processing file /home/airflow/.local/lib/python3.8/site-packages/airflow/example_dags/example_external_task_marker_dag.py for tasks to queue
[2025-07-11T09:38:19.506+0000] {logging_mixin.py:188} INFO - [2025-07-11T09:38:19.506+0000] {dagbag.py:538} INFO - Filling up the DagBag from /home/airflow/.local/lib/python3.8/site-packages/airflow/example_dags/example_external_task_marker_dag.py
[2025-07-11T09:38:19.515+0000] {processor.py:840} INFO - DAG(s) 'example_external_task_marker_child', 'example_external_task_marker_parent' retrieved from /home/airflow/.local/lib/python3.8/site-packages/airflow/example_dags/example_external_task_marker_dag.py
[2025-07-11T09:38:19.549+0000] {logging_mixin.py:188} INFO - [2025-07-11T09:38:19.548+0000] {dag.py:3036} INFO - Sync 2 DAGs
[2025-07-11T09:38:19.568+0000] {logging_mixin.py:188} INFO - [2025-07-11T09:38:19.567+0000] {dag.py:3823} INFO - Setting next_dagrun for example_external_task_marker_child to None, run_after=None
[2025-07-11T09:38:19.575+0000] {logging_mixin.py:188} INFO - [2025-07-11T09:38:19.574+0000] {dag.py:3823} INFO - Setting next_dagrun for example_external_task_marker_parent to None, run_after=None
[2025-07-11T09:38:19.602+0000] {processor.py:183} INFO - Processing /home/airflow/.local/lib/python3.8/site-packages/airflow/example_dags/example_external_task_marker_dag.py took 0.104 seconds
[2025-07-11T09:38:49.985+0000] {processor.py:161} INFO - Started process (PID=535) to work on /home/airflow/.local/lib/python3.8/site-packages/airflow/example_dags/example_external_task_marker_dag.py
[2025-07-11T09:38:49.987+0000] {processor.py:830} INFO - Processing file /home/airflow/.local/lib/python3.8/site-packages/airflow/example_dags/example_external_task_marker_dag.py for tasks to queue
[2025-07-11T09:38:49.991+0000] {logging_mixin.py:188} INFO - [2025-07-11T09:38:49.991+0000] {dagbag.py:538} INFO - Filling up the DagBag from /home/airflow/.local/lib/python3.8/site-packages/airflow/example_dags/example_external_task_marker_dag.py
[2025-07-11T09:38:50.001+0000] {processor.py:840} INFO - DAG(s) 'example_external_task_marker_child', 'example_external_task_marker_parent' retrieved from /home/airflow/.local/lib/python3.8/site-packages/airflow/example_dags/example_external_task_marker_dag.py
[2025-07-11T09:38:50.044+0000] {logging_mixin.py:188} INFO - [2025-07-11T09:38:50.043+0000] {dag.py:3036} INFO - Sync 2 DAGs
[2025-07-11T09:38:50.068+0000] {logging_mixin.py:188} INFO - [2025-07-11T09:38:50.067+0000] {dag.py:3823} INFO - Setting next_dagrun for example_external_task_marker_child to None, run_after=None
[2025-07-11T09:38:50.075+0000] {logging_mixin.py:188} INFO - [2025-07-11T09:38:50.075+0000] {dag.py:3823} INFO - Setting next_dagrun for example_external_task_marker_parent to None, run_after=None
[2025-07-11T09:38:50.107+0000] {processor.py:183} INFO - Processing /home/airflow/.local/lib/python3.8/site-packages/airflow/example_dags/example_external_task_marker_dag.py took 0.127 seconds
[2025-07-11T09:39:20.304+0000] {processor.py:161} INFO - Started process (PID=591) to work on /home/airflow/.local/lib/python3.8/site-packages/airflow/example_dags/example_external_task_marker_dag.py
[2025-07-11T09:39:20.305+0000] {processor.py:830} INFO - Processing file /home/airflow/.local/lib/python3.8/site-packages/airflow/example_dags/example_external_task_marker_dag.py for tasks to queue
[2025-07-11T09:39:20.308+0000] {logging_mixin.py:188} INFO - [2025-07-11T09:39:20.308+0000] {dagbag.py:538} INFO - Filling up the DagBag from /home/airflow/.local/lib/python3.8/site-packages/airflow/example_dags/example_external_task_marker_dag.py
[2025-07-11T09:39:20.316+0000] {processor.py:840} INFO - DAG(s) 'example_external_task_marker_parent', 'example_external_task_marker_child' retrieved from /home/airflow/.local/lib/python3.8/site-packages/airflow/example_dags/example_external_task_marker_dag.py
[2025-07-11T09:39:20.351+0000] {logging_mixin.py:188} INFO - [2025-07-11T09:39:20.351+0000] {dag.py:3036} INFO - Sync 2 DAGs
[2025-07-11T09:39:20.370+0000] {logging_mixin.py:188} INFO - [2025-07-11T09:39:20.370+0000] {dag.py:3823} INFO - Setting next_dagrun for example_external_task_marker_child to None, run_after=None
[2025-07-11T09:39:20.377+0000] {logging_mixin.py:188} INFO - [2025-07-11T09:39:20.376+0000] {dag.py:3823} INFO - Setting next_dagrun for example_external_task_marker_parent to None, run_after=None
[2025-07-11T09:39:20.407+0000] {processor.py:183} INFO - Processing /home/airflow/.local/lib/python3.8/site-packages/airflow/example_dags/example_external_task_marker_dag.py took 0.108 seconds
[2025-07-11T09:39:50.631+0000] {processor.py:161} INFO - Started process (PID=646) to work on /home/airflow/.local/lib/python3.8/site-packages/airflow/example_dags/example_external_task_marker_dag.py
[2025-07-11T09:39:50.632+0000] {processor.py:830} INFO - Processing file /home/airflow/.local/lib/python3.8/site-packages/airflow/example_dags/example_external_task_marker_dag.py for tasks to queue
[2025-07-11T09:39:50.636+0000] {logging_mixin.py:188} INFO - [2025-07-11T09:39:50.635+0000] {dagbag.py:538} INFO - Filling up the DagBag from /home/airflow/.local/lib/python3.8/site-packages/airflow/example_dags/example_external_task_marker_dag.py
[2025-07-11T09:39:50.643+0000] {processor.py:840} INFO - DAG(s) 'example_external_task_marker_child', 'example_external_task_marker_parent' retrieved from /home/airflow/.local/lib/python3.8/site-packages/airflow/example_dags/example_external_task_marker_dag.py
[2025-07-11T09:39:50.681+0000] {logging_mixin.py:188} INFO - [2025-07-11T09:39:50.680+0000] {dag.py:3036} INFO - Sync 2 DAGs
[2025-07-11T09:39:50.698+0000] {logging_mixin.py:188} INFO - [2025-07-11T09:39:50.698+0000] {dag.py:3823} INFO - Setting next_dagrun for example_external_task_marker_child to None, run_after=None
[2025-07-11T09:39:50.704+0000] {logging_mixin.py:188} INFO - [2025-07-11T09:39:50.704+0000] {dag.py:3823} INFO - Setting next_dagrun for example_external_task_marker_parent to None, run_after=None
[2025-07-11T09:39:50.735+0000] {processor.py:183} INFO - Processing /home/airflow/.local/lib/python3.8/site-packages/airflow/example_dags/example_external_task_marker_dag.py took 0.109 seconds
[2025-07-11T09:40:21.139+0000] {processor.py:161} INFO - Started process (PID=701) to work on /home/airflow/.local/lib/python3.8/site-packages/airflow/example_dags/example_external_task_marker_dag.py
[2025-07-11T09:40:21.140+0000] {processor.py:830} INFO - Processing file /home/airflow/.local/lib/python3.8/site-packages/airflow/example_dags/example_external_task_marker_dag.py for tasks to queue
[2025-07-11T09:40:21.143+0000] {logging_mixin.py:188} INFO - [2025-07-11T09:40:21.143+0000] {dagbag.py:538} INFO - Filling up the DagBag from /home/airflow/.local/lib/python3.8/site-packages/airflow/example_dags/example_external_task_marker_dag.py
[2025-07-11T09:40:21.150+0000] {processor.py:840} INFO - DAG(s) 'example_external_task_marker_parent', 'example_external_task_marker_child' retrieved from /home/airflow/.local/lib/python3.8/site-packages/airflow/example_dags/example_external_task_marker_dag.py
[2025-07-11T09:40:21.183+0000] {logging_mixin.py:188} INFO - [2025-07-11T09:40:21.182+0000] {dag.py:3036} INFO - Sync 2 DAGs
[2025-07-11T09:40:21.200+0000] {logging_mixin.py:188} INFO - [2025-07-11T09:40:21.199+0000] {dag.py:3823} INFO - Setting next_dagrun for example_external_task_marker_child to None, run_after=None
[2025-07-11T09:40:21.205+0000] {logging_mixin.py:188} INFO - [2025-07-11T09:40:21.205+0000] {dag.py:3823} INFO - Setting next_dagrun for example_external_task_marker_parent to None, run_after=None
[2025-07-11T09:40:21.232+0000] {processor.py:183} INFO - Processing /home/airflow/.local/lib/python3.8/site-packages/airflow/example_dags/example_external_task_marker_dag.py took 0.097 seconds
[2025-07-11T09:40:51.526+0000] {processor.py:161} INFO - Started process (PID=756) to work on /home/airflow/.local/lib/python3.8/site-packages/airflow/example_dags/example_external_task_marker_dag.py
[2025-07-11T09:40:51.527+0000] {processor.py:830} INFO - Processing file /home/airflow/.local/lib/python3.8/site-packages/airflow/example_dags/example_external_task_marker_dag.py for tasks to queue
[2025-07-11T09:40:51.530+0000] {logging_mixin.py:188} INFO - [2025-07-11T09:40:51.530+0000] {dagbag.py:538} INFO - Filling up the DagBag from /home/airflow/.local/lib/python3.8/site-packages/airflow/example_dags/example_external_task_marker_dag.py
[2025-07-11T09:40:51.538+0000] {processor.py:840} INFO - DAG(s) 'example_external_task_marker_parent', 'example_external_task_marker_child' retrieved from /home/airflow/.local/lib/python3.8/site-packages/airflow/example_dags/example_external_task_marker_dag.py
[2025-07-11T09:40:51.575+0000] {logging_mixin.py:188} INFO - [2025-07-11T09:40:51.575+0000] {dag.py:3036} INFO - Sync 2 DAGs
[2025-07-11T09:40:51.595+0000] {logging_mixin.py:188} INFO - [2025-07-11T09:40:51.594+0000] {dag.py:3823} INFO - Setting next_dagrun for example_external_task_marker_child to None, run_after=None
[2025-07-11T09:40:51.602+0000] {logging_mixin.py:188} INFO - [2025-07-11T09:40:51.602+0000] {dag.py:3823} INFO - Setting next_dagrun for example_external_task_marker_parent to None, run_after=None
[2025-07-11T09:40:51.629+0000] {processor.py:183} INFO - Processing /home/airflow/.local/lib/python3.8/site-packages/airflow/example_dags/example_external_task_marker_dag.py took 0.107 seconds
[2025-07-11T09:41:21.949+0000] {processor.py:161} INFO - Started process (PID=811) to work on /home/airflow/.local/lib/python3.8/site-packages/airflow/example_dags/example_external_task_marker_dag.py
[2025-07-11T09:41:21.951+0000] {processor.py:830} INFO - Processing file /home/airflow/.local/lib/python3.8/site-packages/airflow/example_dags/example_external_task_marker_dag.py for tasks to queue
[2025-07-11T09:41:21.953+0000] {logging_mixin.py:188} INFO - [2025-07-11T09:41:21.953+0000] {dagbag.py:538} INFO - Filling up the DagBag from /home/airflow/.local/lib/python3.8/site-packages/airflow/example_dags/example_external_task_marker_dag.py
[2025-07-11T09:41:21.960+0000] {processor.py:840} INFO - DAG(s) 'example_external_task_marker_parent', 'example_external_task_marker_child' retrieved from /home/airflow/.local/lib/python3.8/site-packages/airflow/example_dags/example_external_task_marker_dag.py
[2025-07-11T09:41:21.993+0000] {logging_mixin.py:188} INFO - [2025-07-11T09:41:21.993+0000] {dag.py:3036} INFO - Sync 2 DAGs
[2025-07-11T09:41:22.012+0000] {logging_mixin.py:188} INFO - [2025-07-11T09:41:22.012+0000] {dag.py:3823} INFO - Setting next_dagrun for example_external_task_marker_child to None, run_after=None
[2025-07-11T09:41:22.017+0000] {logging_mixin.py:188} INFO - [2025-07-11T09:41:22.017+0000] {dag.py:3823} INFO - Setting next_dagrun for example_external_task_marker_parent to None, run_after=None
[2025-07-11T09:41:22.045+0000] {processor.py:183} INFO - Processing /home/airflow/.local/lib/python3.8/site-packages/airflow/example_dags/example_external_task_marker_dag.py took 0.100 seconds
[2025-07-11T09:41:52.361+0000] {processor.py:161} INFO - Started process (PID=866) to work on /home/airflow/.local/lib/python3.8/site-packages/airflow/example_dags/example_external_task_marker_dag.py
[2025-07-11T09:41:52.363+0000] {processor.py:830} INFO - Processing file /home/airflow/.local/lib/python3.8/site-packages/airflow/example_dags/example_external_task_marker_dag.py for tasks to queue
[2025-07-11T09:41:52.366+0000] {logging_mixin.py:188} INFO - [2025-07-11T09:41:52.365+0000] {dagbag.py:538} INFO - Filling up the DagBag from /home/airflow/.local/lib/python3.8/site-packages/airflow/example_dags/example_external_task_marker_dag.py
[2025-07-11T09:41:52.373+0000] {processor.py:840} INFO - DAG(s) 'example_external_task_marker_child', 'example_external_task_marker_parent' retrieved from /home/airflow/.local/lib/python3.8/site-packages/airflow/example_dags/example_external_task_marker_dag.py
[2025-07-11T09:41:52.404+0000] {logging_mixin.py:188} INFO - [2025-07-11T09:41:52.404+0000] {dag.py:3036} INFO - Sync 2 DAGs
[2025-07-11T09:41:52.425+0000] {logging_mixin.py:188} INFO - [2025-07-11T09:41:52.425+0000] {dag.py:3823} INFO - Setting next_dagrun for example_external_task_marker_child to None, run_after=None
[2025-07-11T09:41:52.430+0000] {logging_mixin.py:188} INFO - [2025-07-11T09:41:52.430+0000] {dag.py:3823} INFO - Setting next_dagrun for example_external_task_marker_parent to None, run_after=None
[2025-07-11T09:41:52.457+0000] {processor.py:183} INFO - Processing /home/airflow/.local/lib/python3.8/site-packages/airflow/example_dags/example_external_task_marker_dag.py took 0.100 seconds
[2025-07-11T09:42:22.702+0000] {processor.py:161} INFO - Started process (PID=921) to work on /home/airflow/.local/lib/python3.8/site-packages/airflow/example_dags/example_external_task_marker_dag.py
[2025-07-11T09:42:22.703+0000] {processor.py:830} INFO - Processing file /home/airflow/.local/lib/python3.8/site-packages/airflow/example_dags/example_external_task_marker_dag.py for tasks to queue
[2025-07-11T09:42:22.706+0000] {logging_mixin.py:188} INFO - [2025-07-11T09:42:22.706+0000] {dagbag.py:538} INFO - Filling up the DagBag from /home/airflow/.local/lib/python3.8/site-packages/airflow/example_dags/example_external_task_marker_dag.py
[2025-07-11T09:42:22.713+0000] {processor.py:840} INFO - DAG(s) 'example_external_task_marker_child', 'example_external_task_marker_parent' retrieved from /home/airflow/.local/lib/python3.8/site-packages/airflow/example_dags/example_external_task_marker_dag.py
[2025-07-11T09:42:22.747+0000] {logging_mixin.py:188} INFO - [2025-07-11T09:42:22.747+0000] {dag.py:3036} INFO - Sync 2 DAGs
[2025-07-11T09:42:22.764+0000] {logging_mixin.py:188} INFO - [2025-07-11T09:42:22.764+0000] {dag.py:3823} INFO - Setting next_dagrun for example_external_task_marker_child to None, run_after=None
[2025-07-11T09:42:22.769+0000] {logging_mixin.py:188} INFO - [2025-07-11T09:42:22.769+0000] {dag.py:3823} INFO - Setting next_dagrun for example_external_task_marker_parent to None, run_after=None
[2025-07-11T09:42:22.799+0000] {processor.py:183} INFO - Processing /home/airflow/.local/lib/python3.8/site-packages/airflow/example_dags/example_external_task_marker_dag.py took 0.101 seconds
[2025-07-11T09:42:53.047+0000] {processor.py:161} INFO - Started process (PID=976) to work on /home/airflow/.local/lib/python3.8/site-packages/airflow/example_dags/example_external_task_marker_dag.py
[2025-07-11T09:42:53.048+0000] {processor.py:830} INFO - Processing file /home/airflow/.local/lib/python3.8/site-packages/airflow/example_dags/example_external_task_marker_dag.py for tasks to queue
[2025-07-11T09:42:53.051+0000] {logging_mixin.py:188} INFO - [2025-07-11T09:42:53.050+0000] {dagbag.py:538} INFO - Filling up the DagBag from /home/airflow/.local/lib/python3.8/site-packages/airflow/example_dags/example_external_task_marker_dag.py
[2025-07-11T09:42:53.059+0000] {processor.py:840} INFO - DAG(s) 'example_external_task_marker_parent', 'example_external_task_marker_child' retrieved from /home/airflow/.local/lib/python3.8/site-packages/airflow/example_dags/example_external_task_marker_dag.py
[2025-07-11T09:42:53.093+0000] {logging_mixin.py:188} INFO - [2025-07-11T09:42:53.093+0000] {dag.py:3036} INFO - Sync 2 DAGs
[2025-07-11T09:42:53.111+0000] {logging_mixin.py:188} INFO - [2025-07-11T09:42:53.110+0000] {dag.py:3823} INFO - Setting next_dagrun for example_external_task_marker_child to None, run_after=None
[2025-07-11T09:42:53.116+0000] {logging_mixin.py:188} INFO - [2025-07-11T09:42:53.116+0000] {dag.py:3823} INFO - Setting next_dagrun for example_external_task_marker_parent to None, run_after=None
[2025-07-11T09:42:53.144+0000] {processor.py:183} INFO - Processing /home/airflow/.local/lib/python3.8/site-packages/airflow/example_dags/example_external_task_marker_dag.py took 0.102 seconds
[2025-07-11T09:43:23.522+0000] {processor.py:161} INFO - Started process (PID=1031) to work on /home/airflow/.local/lib/python3.8/site-packages/airflow/example_dags/example_external_task_marker_dag.py
[2025-07-11T09:43:23.524+0000] {processor.py:830} INFO - Processing file /home/airflow/.local/lib/python3.8/site-packages/airflow/example_dags/example_external_task_marker_dag.py for tasks to queue
[2025-07-11T09:43:23.527+0000] {logging_mixin.py:188} INFO - [2025-07-11T09:43:23.527+0000] {dagbag.py:538} INFO - Filling up the DagBag from /home/airflow/.local/lib/python3.8/site-packages/airflow/example_dags/example_external_task_marker_dag.py
[2025-07-11T09:43:23.536+0000] {processor.py:840} INFO - DAG(s) 'example_external_task_marker_child', 'example_external_task_marker_parent' retrieved from /home/airflow/.local/lib/python3.8/site-packages/airflow/example_dags/example_external_task_marker_dag.py
[2025-07-11T09:43:23.573+0000] {logging_mixin.py:188} INFO - [2025-07-11T09:43:23.572+0000] {dag.py:3036} INFO - Sync 2 DAGs
[2025-07-11T09:43:23.591+0000] {logging_mixin.py:188} INFO - [2025-07-11T09:43:23.590+0000] {dag.py:3823} INFO - Setting next_dagrun for example_external_task_marker_child to None, run_after=None
[2025-07-11T09:43:23.597+0000] {logging_mixin.py:188} INFO - [2025-07-11T09:43:23.596+0000] {dag.py:3823} INFO - Setting next_dagrun for example_external_task_marker_parent to None, run_after=None
[2025-07-11T09:43:23.625+0000] {processor.py:183} INFO - Processing /home/airflow/.local/lib/python3.8/site-packages/airflow/example_dags/example_external_task_marker_dag.py took 0.107 seconds
[2025-07-11T09:43:53.728+0000] {processor.py:161} INFO - Started process (PID=1085) to work on /home/airflow/.local/lib/python3.8/site-packages/airflow/example_dags/example_external_task_marker_dag.py
[2025-07-11T09:43:53.730+0000] {processor.py:830} INFO - Processing file /home/airflow/.local/lib/python3.8/site-packages/airflow/example_dags/example_external_task_marker_dag.py for tasks to queue
[2025-07-11T09:43:53.732+0000] {logging_mixin.py:188} INFO - [2025-07-11T09:43:53.732+0000] {dagbag.py:538} INFO - Filling up the DagBag from /home/airflow/.local/lib/python3.8/site-packages/airflow/example_dags/example_external_task_marker_dag.py
[2025-07-11T09:43:53.742+0000] {processor.py:840} INFO - DAG(s) 'example_external_task_marker_parent', 'example_external_task_marker_child' retrieved from /home/airflow/.local/lib/python3.8/site-packages/airflow/example_dags/example_external_task_marker_dag.py
[2025-07-11T09:43:53.784+0000] {logging_mixin.py:188} INFO - [2025-07-11T09:43:53.783+0000] {dag.py:3036} INFO - Sync 2 DAGs
[2025-07-11T09:43:53.804+0000] {logging_mixin.py:188} INFO - [2025-07-11T09:43:53.804+0000] {dag.py:3823} INFO - Setting next_dagrun for example_external_task_marker_child to None, run_after=None
[2025-07-11T09:43:53.810+0000] {logging_mixin.py:188} INFO - [2025-07-11T09:43:53.810+0000] {dag.py:3823} INFO - Setting next_dagrun for example_external_task_marker_parent to None, run_after=None
[2025-07-11T09:43:53.845+0000] {processor.py:183} INFO - Processing /home/airflow/.local/lib/python3.8/site-packages/airflow/example_dags/example_external_task_marker_dag.py took 0.122 seconds
[2025-07-11T09:44:24.308+0000] {processor.py:161} INFO - Started process (PID=1142) to work on /home/airflow/.local/lib/python3.8/site-packages/airflow/example_dags/example_external_task_marker_dag.py
[2025-07-11T09:44:24.310+0000] {processor.py:830} INFO - Processing file /home/airflow/.local/lib/python3.8/site-packages/airflow/example_dags/example_external_task_marker_dag.py for tasks to queue
[2025-07-11T09:44:24.313+0000] {logging_mixin.py:188} INFO - [2025-07-11T09:44:24.312+0000] {dagbag.py:538} INFO - Filling up the DagBag from /home/airflow/.local/lib/python3.8/site-packages/airflow/example_dags/example_external_task_marker_dag.py
[2025-07-11T09:44:24.320+0000] {processor.py:840} INFO - DAG(s) 'example_external_task_marker_parent', 'example_external_task_marker_child' retrieved from /home/airflow/.local/lib/python3.8/site-packages/airflow/example_dags/example_external_task_marker_dag.py
[2025-07-11T09:44:24.355+0000] {logging_mixin.py:188} INFO - [2025-07-11T09:44:24.354+0000] {dag.py:3036} INFO - Sync 2 DAGs
[2025-07-11T09:44:24.375+0000] {logging_mixin.py:188} INFO - [2025-07-11T09:44:24.375+0000] {dag.py:3823} INFO - Setting next_dagrun for example_external_task_marker_child to None, run_after=None
[2025-07-11T09:44:24.381+0000] {logging_mixin.py:188} INFO - [2025-07-11T09:44:24.380+0000] {dag.py:3823} INFO - Setting next_dagrun for example_external_task_marker_parent to None, run_after=None
[2025-07-11T09:44:24.413+0000] {processor.py:183} INFO - Processing /home/airflow/.local/lib/python3.8/site-packages/airflow/example_dags/example_external_task_marker_dag.py took 0.109 seconds
[2025-07-11T09:44:54.773+0000] {processor.py:161} INFO - Started process (PID=1197) to work on /home/airflow/.local/lib/python3.8/site-packages/airflow/example_dags/example_external_task_marker_dag.py
[2025-07-11T09:44:54.775+0000] {processor.py:830} INFO - Processing file /home/airflow/.local/lib/python3.8/site-packages/airflow/example_dags/example_external_task_marker_dag.py for tasks to queue
[2025-07-11T09:44:54.778+0000] {logging_mixin.py:188} INFO - [2025-07-11T09:44:54.778+0000] {dagbag.py:538} INFO - Filling up the DagBag from /home/airflow/.local/lib/python3.8/site-packages/airflow/example_dags/example_external_task_marker_dag.py
[2025-07-11T09:44:54.788+0000] {processor.py:840} INFO - DAG(s) 'example_external_task_marker_parent', 'example_external_task_marker_child' retrieved from /home/airflow/.local/lib/python3.8/site-packages/airflow/example_dags/example_external_task_marker_dag.py
[2025-07-11T09:44:54.831+0000] {logging_mixin.py:188} INFO - [2025-07-11T09:44:54.831+0000] {dag.py:3036} INFO - Sync 2 DAGs
[2025-07-11T09:44:54.852+0000] {logging_mixin.py:188} INFO - [2025-07-11T09:44:54.852+0000] {dag.py:3823} INFO - Setting next_dagrun for example_external_task_marker_child to None, run_after=None
[2025-07-11T09:44:54.857+0000] {logging_mixin.py:188} INFO - [2025-07-11T09:44:54.857+0000] {dag.py:3823} INFO - Setting next_dagrun for example_external_task_marker_parent to None, run_after=None
[2025-07-11T09:44:54.891+0000] {processor.py:183} INFO - Processing /home/airflow/.local/lib/python3.8/site-packages/airflow/example_dags/example_external_task_marker_dag.py took 0.123 seconds
[2025-07-11T09:45:25.167+0000] {processor.py:161} INFO - Started process (PID=1252) to work on /home/airflow/.local/lib/python3.8/site-packages/airflow/example_dags/example_external_task_marker_dag.py
[2025-07-11T09:45:25.169+0000] {processor.py:830} INFO - Processing file /home/airflow/.local/lib/python3.8/site-packages/airflow/example_dags/example_external_task_marker_dag.py for tasks to queue
[2025-07-11T09:45:25.172+0000] {logging_mixin.py:188} INFO - [2025-07-11T09:45:25.172+0000] {dagbag.py:538} INFO - Filling up the DagBag from /home/airflow/.local/lib/python3.8/site-packages/airflow/example_dags/example_external_task_marker_dag.py
[2025-07-11T09:45:25.182+0000] {processor.py:840} INFO - DAG(s) 'example_external_task_marker_parent', 'example_external_task_marker_child' retrieved from /home/airflow/.local/lib/python3.8/site-packages/airflow/example_dags/example_external_task_marker_dag.py
[2025-07-11T09:45:25.222+0000] {logging_mixin.py:188} INFO - [2025-07-11T09:45:25.222+0000] {dag.py:3036} INFO - Sync 2 DAGs
[2025-07-11T09:45:25.243+0000] {logging_mixin.py:188} INFO - [2025-07-11T09:45:25.243+0000] {dag.py:3823} INFO - Setting next_dagrun for example_external_task_marker_child to None, run_after=None
[2025-07-11T09:45:25.249+0000] {logging_mixin.py:188} INFO - [2025-07-11T09:45:25.248+0000] {dag.py:3823} INFO - Setting next_dagrun for example_external_task_marker_parent to None, run_after=None
[2025-07-11T09:45:25.280+0000] {processor.py:183} INFO - Processing /home/airflow/.local/lib/python3.8/site-packages/airflow/example_dags/example_external_task_marker_dag.py took 0.117 seconds
[2025-07-11T09:45:55.595+0000] {processor.py:161} INFO - Started process (PID=1307) to work on /home/airflow/.local/lib/python3.8/site-packages/airflow/example_dags/example_external_task_marker_dag.py
[2025-07-11T09:45:55.597+0000] {processor.py:830} INFO - Processing file /home/airflow/.local/lib/python3.8/site-packages/airflow/example_dags/example_external_task_marker_dag.py for tasks to queue
[2025-07-11T09:45:55.600+0000] {logging_mixin.py:188} INFO - [2025-07-11T09:45:55.599+0000] {dagbag.py:538} INFO - Filling up the DagBag from /home/airflow/.local/lib/python3.8/site-packages/airflow/example_dags/example_external_task_marker_dag.py
[2025-07-11T09:45:55.608+0000] {processor.py:840} INFO - DAG(s) 'example_external_task_marker_parent', 'example_external_task_marker_child' retrieved from /home/airflow/.local/lib/python3.8/site-packages/airflow/example_dags/example_external_task_marker_dag.py
[2025-07-11T09:45:55.643+0000] {logging_mixin.py:188} INFO - [2025-07-11T09:45:55.643+0000] {dag.py:3036} INFO - Sync 2 DAGs
[2025-07-11T09:45:55.662+0000] {logging_mixin.py:188} INFO - [2025-07-11T09:45:55.662+0000] {dag.py:3823} INFO - Setting next_dagrun for example_external_task_marker_child to None, run_after=None
[2025-07-11T09:45:55.668+0000] {logging_mixin.py:188} INFO - [2025-07-11T09:45:55.667+0000] {dag.py:3823} INFO - Setting next_dagrun for example_external_task_marker_parent to None, run_after=None
[2025-07-11T09:45:55.699+0000] {processor.py:183} INFO - Processing /home/airflow/.local/lib/python3.8/site-packages/airflow/example_dags/example_external_task_marker_dag.py took 0.108 seconds
[2025-07-11T09:46:26.004+0000] {processor.py:161} INFO - Started process (PID=1362) to work on /home/airflow/.local/lib/python3.8/site-packages/airflow/example_dags/example_external_task_marker_dag.py
[2025-07-11T09:46:26.006+0000] {processor.py:830} INFO - Processing file /home/airflow/.local/lib/python3.8/site-packages/airflow/example_dags/example_external_task_marker_dag.py for tasks to queue
[2025-07-11T09:46:26.009+0000] {logging_mixin.py:188} INFO - [2025-07-11T09:46:26.009+0000] {dagbag.py:538} INFO - Filling up the DagBag from /home/airflow/.local/lib/python3.8/site-packages/airflow/example_dags/example_external_task_marker_dag.py
[2025-07-11T09:46:26.017+0000] {processor.py:840} INFO - DAG(s) 'example_external_task_marker_child', 'example_external_task_marker_parent' retrieved from /home/airflow/.local/lib/python3.8/site-packages/airflow/example_dags/example_external_task_marker_dag.py
[2025-07-11T09:46:26.050+0000] {logging_mixin.py:188} INFO - [2025-07-11T09:46:26.049+0000] {dag.py:3036} INFO - Sync 2 DAGs
[2025-07-11T09:46:26.068+0000] {logging_mixin.py:188} INFO - [2025-07-11T09:46:26.068+0000] {dag.py:3823} INFO - Setting next_dagrun for example_external_task_marker_child to None, run_after=None
[2025-07-11T09:46:26.074+0000] {logging_mixin.py:188} INFO - [2025-07-11T09:46:26.073+0000] {dag.py:3823} INFO - Setting next_dagrun for example_external_task_marker_parent to None, run_after=None
[2025-07-11T09:46:26.100+0000] {processor.py:183} INFO - Processing /home/airflow/.local/lib/python3.8/site-packages/airflow/example_dags/example_external_task_marker_dag.py took 0.101 seconds
[2025-07-11T09:46:56.422+0000] {processor.py:161} INFO - Started process (PID=1417) to work on /home/airflow/.local/lib/python3.8/site-packages/airflow/example_dags/example_external_task_marker_dag.py
[2025-07-11T09:46:56.423+0000] {processor.py:830} INFO - Processing file /home/airflow/.local/lib/python3.8/site-packages/airflow/example_dags/example_external_task_marker_dag.py for tasks to queue
[2025-07-11T09:46:56.426+0000] {logging_mixin.py:188} INFO - [2025-07-11T09:46:56.426+0000] {dagbag.py:538} INFO - Filling up the DagBag from /home/airflow/.local/lib/python3.8/site-packages/airflow/example_dags/example_external_task_marker_dag.py
[2025-07-11T09:46:56.434+0000] {processor.py:840} INFO - DAG(s) 'example_external_task_marker_parent', 'example_external_task_marker_child' retrieved from /home/airflow/.local/lib/python3.8/site-packages/airflow/example_dags/example_external_task_marker_dag.py
[2025-07-11T09:46:56.468+0000] {logging_mixin.py:188} INFO - [2025-07-11T09:46:56.467+0000] {dag.py:3036} INFO - Sync 2 DAGs
[2025-07-11T09:46:56.488+0000] {logging_mixin.py:188} INFO - [2025-07-11T09:46:56.488+0000] {dag.py:3823} INFO - Setting next_dagrun for example_external_task_marker_child to None, run_after=None
[2025-07-11T09:46:56.496+0000] {logging_mixin.py:188} INFO - [2025-07-11T09:46:56.495+0000] {dag.py:3823} INFO - Setting next_dagrun for example_external_task_marker_parent to None, run_after=None
[2025-07-11T09:46:56.529+0000] {processor.py:183} INFO - Processing /home/airflow/.local/lib/python3.8/site-packages/airflow/example_dags/example_external_task_marker_dag.py took 0.111 seconds
[2025-07-11T09:47:27.066+0000] {processor.py:161} INFO - Started process (PID=1472) to work on /home/airflow/.local/lib/python3.8/site-packages/airflow/example_dags/example_external_task_marker_dag.py
[2025-07-11T09:47:27.068+0000] {processor.py:830} INFO - Processing file /home/airflow/.local/lib/python3.8/site-packages/airflow/example_dags/example_external_task_marker_dag.py for tasks to queue
[2025-07-11T09:47:27.071+0000] {logging_mixin.py:188} INFO - [2025-07-11T09:47:27.070+0000] {dagbag.py:538} INFO - Filling up the DagBag from /home/airflow/.local/lib/python3.8/site-packages/airflow/example_dags/example_external_task_marker_dag.py
[2025-07-11T09:47:27.078+0000] {processor.py:840} INFO - DAG(s) 'example_external_task_marker_parent', 'example_external_task_marker_child' retrieved from /home/airflow/.local/lib/python3.8/site-packages/airflow/example_dags/example_external_task_marker_dag.py
[2025-07-11T09:47:27.110+0000] {logging_mixin.py:188} INFO - [2025-07-11T09:47:27.109+0000] {dag.py:3036} INFO - Sync 2 DAGs
[2025-07-11T09:47:27.127+0000] {logging_mixin.py:188} INFO - [2025-07-11T09:47:27.126+0000] {dag.py:3823} INFO - Setting next_dagrun for example_external_task_marker_child to None, run_after=None
[2025-07-11T09:47:27.132+0000] {logging_mixin.py:188} INFO - [2025-07-11T09:47:27.131+0000] {dag.py:3823} INFO - Setting next_dagrun for example_external_task_marker_parent to None, run_after=None
[2025-07-11T09:47:27.158+0000] {processor.py:183} INFO - Processing /home/airflow/.local/lib/python3.8/site-packages/airflow/example_dags/example_external_task_marker_dag.py took 0.096 seconds
[2025-07-11T09:47:57.874+0000] {processor.py:161} INFO - Started process (PID=1527) to work on /home/airflow/.local/lib/python3.8/site-packages/airflow/example_dags/example_external_task_marker_dag.py
[2025-07-11T09:47:57.876+0000] {processor.py:830} INFO - Processing file /home/airflow/.local/lib/python3.8/site-packages/airflow/example_dags/example_external_task_marker_dag.py for tasks to queue
[2025-07-11T09:47:57.879+0000] {logging_mixin.py:188} INFO - [2025-07-11T09:47:57.879+0000] {dagbag.py:538} INFO - Filling up the DagBag from /home/airflow/.local/lib/python3.8/site-packages/airflow/example_dags/example_external_task_marker_dag.py
[2025-07-11T09:47:57.887+0000] {processor.py:840} INFO - DAG(s) 'example_external_task_marker_child', 'example_external_task_marker_parent' retrieved from /home/airflow/.local/lib/python3.8/site-packages/airflow/example_dags/example_external_task_marker_dag.py
[2025-07-11T09:47:57.920+0000] {logging_mixin.py:188} INFO - [2025-07-11T09:47:57.919+0000] {dag.py:3036} INFO - Sync 2 DAGs
[2025-07-11T09:47:57.938+0000] {logging_mixin.py:188} INFO - [2025-07-11T09:47:57.938+0000] {dag.py:3823} INFO - Setting next_dagrun for example_external_task_marker_child to None, run_after=None
[2025-07-11T09:47:57.943+0000] {logging_mixin.py:188} INFO - [2025-07-11T09:47:57.943+0000] {dag.py:3823} INFO - Setting next_dagrun for example_external_task_marker_parent to None, run_after=None
[2025-07-11T09:47:57.971+0000] {processor.py:183} INFO - Processing /home/airflow/.local/lib/python3.8/site-packages/airflow/example_dags/example_external_task_marker_dag.py took 0.102 seconds
[2025-07-11T09:48:28.363+0000] {processor.py:161} INFO - Started process (PID=1582) to work on /home/airflow/.local/lib/python3.8/site-packages/airflow/example_dags/example_external_task_marker_dag.py
[2025-07-11T09:48:28.364+0000] {processor.py:830} INFO - Processing file /home/airflow/.local/lib/python3.8/site-packages/airflow/example_dags/example_external_task_marker_dag.py for tasks to queue
[2025-07-11T09:48:28.367+0000] {logging_mixin.py:188} INFO - [2025-07-11T09:48:28.366+0000] {dagbag.py:538} INFO - Filling up the DagBag from /home/airflow/.local/lib/python3.8/site-packages/airflow/example_dags/example_external_task_marker_dag.py
[2025-07-11T09:48:28.375+0000] {processor.py:840} INFO - DAG(s) 'example_external_task_marker_parent', 'example_external_task_marker_child' retrieved from /home/airflow/.local/lib/python3.8/site-packages/airflow/example_dags/example_external_task_marker_dag.py
[2025-07-11T09:48:28.409+0000] {logging_mixin.py:188} INFO - [2025-07-11T09:48:28.408+0000] {dag.py:3036} INFO - Sync 2 DAGs
[2025-07-11T09:48:28.431+0000] {logging_mixin.py:188} INFO - [2025-07-11T09:48:28.430+0000] {dag.py:3823} INFO - Setting next_dagrun for example_external_task_marker_child to None, run_after=None
[2025-07-11T09:48:28.437+0000] {logging_mixin.py:188} INFO - [2025-07-11T09:48:28.436+0000] {dag.py:3823} INFO - Setting next_dagrun for example_external_task_marker_parent to None, run_after=None
[2025-07-11T09:48:28.467+0000] {processor.py:183} INFO - Processing /home/airflow/.local/lib/python3.8/site-packages/airflow/example_dags/example_external_task_marker_dag.py took 0.109 seconds
[2025-07-11T09:48:58.697+0000] {processor.py:161} INFO - Started process (PID=1637) to work on /home/airflow/.local/lib/python3.8/site-packages/airflow/example_dags/example_external_task_marker_dag.py
[2025-07-11T09:48:58.699+0000] {processor.py:830} INFO - Processing file /home/airflow/.local/lib/python3.8/site-packages/airflow/example_dags/example_external_task_marker_dag.py for tasks to queue
[2025-07-11T09:48:58.702+0000] {logging_mixin.py:188} INFO - [2025-07-11T09:48:58.702+0000] {dagbag.py:538} INFO - Filling up the DagBag from /home/airflow/.local/lib/python3.8/site-packages/airflow/example_dags/example_external_task_marker_dag.py
[2025-07-11T09:48:58.714+0000] {processor.py:840} INFO - DAG(s) 'example_external_task_marker_child', 'example_external_task_marker_parent' retrieved from /home/airflow/.local/lib/python3.8/site-packages/airflow/example_dags/example_external_task_marker_dag.py
[2025-07-11T09:48:58.751+0000] {logging_mixin.py:188} INFO - [2025-07-11T09:48:58.751+0000] {dag.py:3036} INFO - Sync 2 DAGs
[2025-07-11T09:48:58.784+0000] {logging_mixin.py:188} INFO - [2025-07-11T09:48:58.784+0000] {dag.py:3823} INFO - Setting next_dagrun for example_external_task_marker_child to None, run_after=None
[2025-07-11T09:48:58.792+0000] {logging_mixin.py:188} INFO - [2025-07-11T09:48:58.791+0000] {dag.py:3823} INFO - Setting next_dagrun for example_external_task_marker_parent to None, run_after=None
[2025-07-11T09:48:58.819+0000] {processor.py:183} INFO - Processing /home/airflow/.local/lib/python3.8/site-packages/airflow/example_dags/example_external_task_marker_dag.py took 0.129 seconds
[2025-07-11T09:49:28.908+0000] {processor.py:161} INFO - Started process (PID=1691) to work on /home/airflow/.local/lib/python3.8/site-packages/airflow/example_dags/example_external_task_marker_dag.py
[2025-07-11T09:49:28.910+0000] {processor.py:830} INFO - Processing file /home/airflow/.local/lib/python3.8/site-packages/airflow/example_dags/example_external_task_marker_dag.py for tasks to queue
[2025-07-11T09:49:28.912+0000] {logging_mixin.py:188} INFO - [2025-07-11T09:49:28.912+0000] {dagbag.py:538} INFO - Filling up the DagBag from /home/airflow/.local/lib/python3.8/site-packages/airflow/example_dags/example_external_task_marker_dag.py
[2025-07-11T09:49:28.920+0000] {processor.py:840} INFO - DAG(s) 'example_external_task_marker_child', 'example_external_task_marker_parent' retrieved from /home/airflow/.local/lib/python3.8/site-packages/airflow/example_dags/example_external_task_marker_dag.py
[2025-07-11T09:49:28.953+0000] {logging_mixin.py:188} INFO - [2025-07-11T09:49:28.952+0000] {dag.py:3036} INFO - Sync 2 DAGs
[2025-07-11T09:49:28.974+0000] {logging_mixin.py:188} INFO - [2025-07-11T09:49:28.974+0000] {dag.py:3823} INFO - Setting next_dagrun for example_external_task_marker_child to None, run_after=None
[2025-07-11T09:49:28.980+0000] {logging_mixin.py:188} INFO - [2025-07-11T09:49:28.980+0000] {dag.py:3823} INFO - Setting next_dagrun for example_external_task_marker_parent to None, run_after=None
[2025-07-11T09:49:29.009+0000] {processor.py:183} INFO - Processing /home/airflow/.local/lib/python3.8/site-packages/airflow/example_dags/example_external_task_marker_dag.py took 0.106 seconds
[2025-07-11T09:49:59.175+0000] {processor.py:161} INFO - Started process (PID=1746) to work on /home/airflow/.local/lib/python3.8/site-packages/airflow/example_dags/example_external_task_marker_dag.py
[2025-07-11T09:49:59.176+0000] {processor.py:830} INFO - Processing file /home/airflow/.local/lib/python3.8/site-packages/airflow/example_dags/example_external_task_marker_dag.py for tasks to queue
[2025-07-11T09:49:59.179+0000] {logging_mixin.py:188} INFO - [2025-07-11T09:49:59.178+0000] {dagbag.py:538} INFO - Filling up the DagBag from /home/airflow/.local/lib/python3.8/site-packages/airflow/example_dags/example_external_task_marker_dag.py
[2025-07-11T09:49:59.187+0000] {processor.py:840} INFO - DAG(s) 'example_external_task_marker_parent', 'example_external_task_marker_child' retrieved from /home/airflow/.local/lib/python3.8/site-packages/airflow/example_dags/example_external_task_marker_dag.py
[2025-07-11T09:49:59.219+0000] {logging_mixin.py:188} INFO - [2025-07-11T09:49:59.219+0000] {dag.py:3036} INFO - Sync 2 DAGs
[2025-07-11T09:49:59.237+0000] {logging_mixin.py:188} INFO - [2025-07-11T09:49:59.236+0000] {dag.py:3823} INFO - Setting next_dagrun for example_external_task_marker_child to None, run_after=None
[2025-07-11T09:49:59.242+0000] {logging_mixin.py:188} INFO - [2025-07-11T09:49:59.242+0000] {dag.py:3823} INFO - Setting next_dagrun for example_external_task_marker_parent to None, run_after=None
[2025-07-11T09:49:59.271+0000] {processor.py:183} INFO - Processing /home/airflow/.local/lib/python3.8/site-packages/airflow/example_dags/example_external_task_marker_dag.py took 0.100 seconds
[2025-07-11T09:50:29.458+0000] {processor.py:161} INFO - Started process (PID=1799) to work on /home/airflow/.local/lib/python3.8/site-packages/airflow/example_dags/example_external_task_marker_dag.py
[2025-07-11T09:50:29.459+0000] {processor.py:830} INFO - Processing file /home/airflow/.local/lib/python3.8/site-packages/airflow/example_dags/example_external_task_marker_dag.py for tasks to queue
[2025-07-11T09:50:29.462+0000] {logging_mixin.py:188} INFO - [2025-07-11T09:50:29.462+0000] {dagbag.py:538} INFO - Filling up the DagBag from /home/airflow/.local/lib/python3.8/site-packages/airflow/example_dags/example_external_task_marker_dag.py
[2025-07-11T09:50:29.471+0000] {processor.py:840} INFO - DAG(s) 'example_external_task_marker_child', 'example_external_task_marker_parent' retrieved from /home/airflow/.local/lib/python3.8/site-packages/airflow/example_dags/example_external_task_marker_dag.py
[2025-07-11T09:50:29.509+0000] {logging_mixin.py:188} INFO - [2025-07-11T09:50:29.508+0000] {dag.py:3036} INFO - Sync 2 DAGs
[2025-07-11T09:50:29.532+0000] {logging_mixin.py:188} INFO - [2025-07-11T09:50:29.531+0000] {dag.py:3823} INFO - Setting next_dagrun for example_external_task_marker_child to None, run_after=None
[2025-07-11T09:50:29.537+0000] {logging_mixin.py:188} INFO - [2025-07-11T09:50:29.536+0000] {dag.py:3823} INFO - Setting next_dagrun for example_external_task_marker_parent to None, run_after=None
[2025-07-11T09:50:29.566+0000] {processor.py:183} INFO - Processing /home/airflow/.local/lib/python3.8/site-packages/airflow/example_dags/example_external_task_marker_dag.py took 0.113 seconds
[2025-07-11T09:51:00.420+0000] {processor.py:161} INFO - Started process (PID=1854) to work on /home/airflow/.local/lib/python3.8/site-packages/airflow/example_dags/example_external_task_marker_dag.py
[2025-07-11T09:51:00.422+0000] {processor.py:830} INFO - Processing file /home/airflow/.local/lib/python3.8/site-packages/airflow/example_dags/example_external_task_marker_dag.py for tasks to queue
[2025-07-11T09:51:00.424+0000] {logging_mixin.py:188} INFO - [2025-07-11T09:51:00.424+0000] {dagbag.py:538} INFO - Filling up the DagBag from /home/airflow/.local/lib/python3.8/site-packages/airflow/example_dags/example_external_task_marker_dag.py
[2025-07-11T09:51:00.433+0000] {processor.py:840} INFO - DAG(s) 'example_external_task_marker_parent', 'example_external_task_marker_child' retrieved from /home/airflow/.local/lib/python3.8/site-packages/airflow/example_dags/example_external_task_marker_dag.py
[2025-07-11T09:51:00.474+0000] {logging_mixin.py:188} INFO - [2025-07-11T09:51:00.473+0000] {dag.py:3036} INFO - Sync 2 DAGs
[2025-07-11T09:51:00.494+0000] {logging_mixin.py:188} INFO - [2025-07-11T09:51:00.493+0000] {dag.py:3823} INFO - Setting next_dagrun for example_external_task_marker_child to None, run_after=None
[2025-07-11T09:51:00.500+0000] {logging_mixin.py:188} INFO - [2025-07-11T09:51:00.499+0000] {dag.py:3823} INFO - Setting next_dagrun for example_external_task_marker_parent to None, run_after=None
[2025-07-11T09:51:00.528+0000] {processor.py:183} INFO - Processing /home/airflow/.local/lib/python3.8/site-packages/airflow/example_dags/example_external_task_marker_dag.py took 0.112 seconds
[2025-07-11T09:51:30.815+0000] {processor.py:161} INFO - Started process (PID=1909) to work on /home/airflow/.local/lib/python3.8/site-packages/airflow/example_dags/example_external_task_marker_dag.py
[2025-07-11T09:51:30.817+0000] {processor.py:830} INFO - Processing file /home/airflow/.local/lib/python3.8/site-packages/airflow/example_dags/example_external_task_marker_dag.py for tasks to queue
[2025-07-11T09:51:30.820+0000] {logging_mixin.py:188} INFO - [2025-07-11T09:51:30.819+0000] {dagbag.py:538} INFO - Filling up the DagBag from /home/airflow/.local/lib/python3.8/site-packages/airflow/example_dags/example_external_task_marker_dag.py
[2025-07-11T09:51:30.829+0000] {processor.py:840} INFO - DAG(s) 'example_external_task_marker_child', 'example_external_task_marker_parent' retrieved from /home/airflow/.local/lib/python3.8/site-packages/airflow/example_dags/example_external_task_marker_dag.py
[2025-07-11T09:51:30.866+0000] {logging_mixin.py:188} INFO - [2025-07-11T09:51:30.866+0000] {dag.py:3036} INFO - Sync 2 DAGs
[2025-07-11T09:51:30.888+0000] {logging_mixin.py:188} INFO - [2025-07-11T09:51:30.887+0000] {dag.py:3823} INFO - Setting next_dagrun for example_external_task_marker_child to None, run_after=None
[2025-07-11T09:51:30.894+0000] {logging_mixin.py:188} INFO - [2025-07-11T09:51:30.894+0000] {dag.py:3823} INFO - Setting next_dagrun for example_external_task_marker_parent to None, run_after=None
[2025-07-11T09:51:30.927+0000] {processor.py:183} INFO - Processing /home/airflow/.local/lib/python3.8/site-packages/airflow/example_dags/example_external_task_marker_dag.py took 0.118 seconds
[2025-07-11T09:52:01.465+0000] {processor.py:161} INFO - Started process (PID=1964) to work on /home/airflow/.local/lib/python3.8/site-packages/airflow/example_dags/example_external_task_marker_dag.py
[2025-07-11T09:52:01.467+0000] {processor.py:830} INFO - Processing file /home/airflow/.local/lib/python3.8/site-packages/airflow/example_dags/example_external_task_marker_dag.py for tasks to queue
[2025-07-11T09:52:01.469+0000] {logging_mixin.py:188} INFO - [2025-07-11T09:52:01.468+0000] {dagbag.py:538} INFO - Filling up the DagBag from /home/airflow/.local/lib/python3.8/site-packages/airflow/example_dags/example_external_task_marker_dag.py
[2025-07-11T09:52:01.478+0000] {processor.py:840} INFO - DAG(s) 'example_external_task_marker_child', 'example_external_task_marker_parent' retrieved from /home/airflow/.local/lib/python3.8/site-packages/airflow/example_dags/example_external_task_marker_dag.py
[2025-07-11T09:52:01.512+0000] {logging_mixin.py:188} INFO - [2025-07-11T09:52:01.512+0000] {dag.py:3036} INFO - Sync 2 DAGs
[2025-07-11T09:52:01.530+0000] {logging_mixin.py:188} INFO - [2025-07-11T09:52:01.530+0000] {dag.py:3823} INFO - Setting next_dagrun for example_external_task_marker_child to None, run_after=None
[2025-07-11T09:52:01.535+0000] {logging_mixin.py:188} INFO - [2025-07-11T09:52:01.535+0000] {dag.py:3823} INFO - Setting next_dagrun for example_external_task_marker_parent to None, run_after=None
[2025-07-11T09:52:01.564+0000] {processor.py:183} INFO - Processing /home/airflow/.local/lib/python3.8/site-packages/airflow/example_dags/example_external_task_marker_dag.py took 0.103 seconds
[2025-07-11T09:52:32.277+0000] {processor.py:161} INFO - Started process (PID=2019) to work on /home/airflow/.local/lib/python3.8/site-packages/airflow/example_dags/example_external_task_marker_dag.py
[2025-07-11T09:52:32.279+0000] {processor.py:830} INFO - Processing file /home/airflow/.local/lib/python3.8/site-packages/airflow/example_dags/example_external_task_marker_dag.py for tasks to queue
[2025-07-11T09:52:32.282+0000] {logging_mixin.py:188} INFO - [2025-07-11T09:52:32.281+0000] {dagbag.py:538} INFO - Filling up the DagBag from /home/airflow/.local/lib/python3.8/site-packages/airflow/example_dags/example_external_task_marker_dag.py
[2025-07-11T09:52:32.291+0000] {processor.py:840} INFO - DAG(s) 'example_external_task_marker_child', 'example_external_task_marker_parent' retrieved from /home/airflow/.local/lib/python3.8/site-packages/airflow/example_dags/example_external_task_marker_dag.py
[2025-07-11T09:52:32.325+0000] {logging_mixin.py:188} INFO - [2025-07-11T09:52:32.325+0000] {dag.py:3036} INFO - Sync 2 DAGs
[2025-07-11T09:52:32.343+0000] {logging_mixin.py:188} INFO - [2025-07-11T09:52:32.343+0000] {dag.py:3823} INFO - Setting next_dagrun for example_external_task_marker_child to None, run_after=None
[2025-07-11T09:52:32.349+0000] {logging_mixin.py:188} INFO - [2025-07-11T09:52:32.348+0000] {dag.py:3823} INFO - Setting next_dagrun for example_external_task_marker_parent to None, run_after=None
[2025-07-11T09:52:32.378+0000] {processor.py:183} INFO - Processing /home/airflow/.local/lib/python3.8/site-packages/airflow/example_dags/example_external_task_marker_dag.py took 0.106 seconds
[2025-07-11T09:53:02.850+0000] {processor.py:161} INFO - Started process (PID=2074) to work on /home/airflow/.local/lib/python3.8/site-packages/airflow/example_dags/example_external_task_marker_dag.py
[2025-07-11T09:53:02.852+0000] {processor.py:830} INFO - Processing file /home/airflow/.local/lib/python3.8/site-packages/airflow/example_dags/example_external_task_marker_dag.py for tasks to queue
[2025-07-11T09:53:02.855+0000] {logging_mixin.py:188} INFO - [2025-07-11T09:53:02.854+0000] {dagbag.py:538} INFO - Filling up the DagBag from /home/airflow/.local/lib/python3.8/site-packages/airflow/example_dags/example_external_task_marker_dag.py
[2025-07-11T09:53:02.867+0000] {processor.py:840} INFO - DAG(s) 'example_external_task_marker_parent', 'example_external_task_marker_child' retrieved from /home/airflow/.local/lib/python3.8/site-packages/airflow/example_dags/example_external_task_marker_dag.py
[2025-07-11T09:53:02.907+0000] {logging_mixin.py:188} INFO - [2025-07-11T09:53:02.907+0000] {dag.py:3036} INFO - Sync 2 DAGs
[2025-07-11T09:53:02.933+0000] {logging_mixin.py:188} INFO - [2025-07-11T09:53:02.933+0000] {dag.py:3823} INFO - Setting next_dagrun for example_external_task_marker_child to None, run_after=None
[2025-07-11T09:53:02.939+0000] {logging_mixin.py:188} INFO - [2025-07-11T09:53:02.938+0000] {dag.py:3823} INFO - Setting next_dagrun for example_external_task_marker_parent to None, run_after=None
[2025-07-11T09:53:02.970+0000] {processor.py:183} INFO - Processing /home/airflow/.local/lib/python3.8/site-packages/airflow/example_dags/example_external_task_marker_dag.py took 0.126 seconds
[2025-07-11T09:53:33.223+0000] {processor.py:161} INFO - Started process (PID=2129) to work on /home/airflow/.local/lib/python3.8/site-packages/airflow/example_dags/example_external_task_marker_dag.py
[2025-07-11T09:53:33.225+0000] {processor.py:830} INFO - Processing file /home/airflow/.local/lib/python3.8/site-packages/airflow/example_dags/example_external_task_marker_dag.py for tasks to queue
[2025-07-11T09:53:33.227+0000] {logging_mixin.py:188} INFO - [2025-07-11T09:53:33.227+0000] {dagbag.py:538} INFO - Filling up the DagBag from /home/airflow/.local/lib/python3.8/site-packages/airflow/example_dags/example_external_task_marker_dag.py
[2025-07-11T09:53:33.236+0000] {processor.py:840} INFO - DAG(s) 'example_external_task_marker_child', 'example_external_task_marker_parent' retrieved from /home/airflow/.local/lib/python3.8/site-packages/airflow/example_dags/example_external_task_marker_dag.py
[2025-07-11T09:53:33.273+0000] {logging_mixin.py:188} INFO - [2025-07-11T09:53:33.273+0000] {dag.py:3036} INFO - Sync 2 DAGs
[2025-07-11T09:53:33.291+0000] {logging_mixin.py:188} INFO - [2025-07-11T09:53:33.291+0000] {dag.py:3823} INFO - Setting next_dagrun for example_external_task_marker_child to None, run_after=None
[2025-07-11T09:53:33.297+0000] {logging_mixin.py:188} INFO - [2025-07-11T09:53:33.296+0000] {dag.py:3823} INFO - Setting next_dagrun for example_external_task_marker_parent to None, run_after=None
[2025-07-11T09:53:33.325+0000] {processor.py:183} INFO - Processing /home/airflow/.local/lib/python3.8/site-packages/airflow/example_dags/example_external_task_marker_dag.py took 0.107 seconds
[2025-07-11T09:54:03.364+0000] {processor.py:161} INFO - Started process (PID=2184) to work on /home/airflow/.local/lib/python3.8/site-packages/airflow/example_dags/example_external_task_marker_dag.py
[2025-07-11T09:54:03.368+0000] {processor.py:830} INFO - Processing file /home/airflow/.local/lib/python3.8/site-packages/airflow/example_dags/example_external_task_marker_dag.py for tasks to queue
[2025-07-11T09:54:03.371+0000] {logging_mixin.py:188} INFO - [2025-07-11T09:54:03.371+0000] {dagbag.py:538} INFO - Filling up the DagBag from /home/airflow/.local/lib/python3.8/site-packages/airflow/example_dags/example_external_task_marker_dag.py
[2025-07-11T09:54:03.379+0000] {processor.py:840} INFO - DAG(s) 'example_external_task_marker_child', 'example_external_task_marker_parent' retrieved from /home/airflow/.local/lib/python3.8/site-packages/airflow/example_dags/example_external_task_marker_dag.py
[2025-07-11T09:54:03.413+0000] {logging_mixin.py:188} INFO - [2025-07-11T09:54:03.412+0000] {dag.py:3036} INFO - Sync 2 DAGs
[2025-07-11T09:54:03.432+0000] {logging_mixin.py:188} INFO - [2025-07-11T09:54:03.431+0000] {dag.py:3823} INFO - Setting next_dagrun for example_external_task_marker_child to None, run_after=None
[2025-07-11T09:54:03.437+0000] {logging_mixin.py:188} INFO - [2025-07-11T09:54:03.437+0000] {dag.py:3823} INFO - Setting next_dagrun for example_external_task_marker_parent to None, run_after=None
[2025-07-11T09:54:03.651+0000] {processor.py:183} INFO - Processing /home/airflow/.local/lib/python3.8/site-packages/airflow/example_dags/example_external_task_marker_dag.py took 0.292 seconds
[2025-07-11T09:54:33.948+0000] {processor.py:161} INFO - Started process (PID=2239) to work on /home/airflow/.local/lib/python3.8/site-packages/airflow/example_dags/example_external_task_marker_dag.py
[2025-07-11T09:54:33.950+0000] {processor.py:830} INFO - Processing file /home/airflow/.local/lib/python3.8/site-packages/airflow/example_dags/example_external_task_marker_dag.py for tasks to queue
[2025-07-11T09:54:33.953+0000] {logging_mixin.py:188} INFO - [2025-07-11T09:54:33.952+0000] {dagbag.py:538} INFO - Filling up the DagBag from /home/airflow/.local/lib/python3.8/site-packages/airflow/example_dags/example_external_task_marker_dag.py
[2025-07-11T09:54:33.964+0000] {processor.py:840} INFO - DAG(s) 'example_external_task_marker_parent', 'example_external_task_marker_child' retrieved from /home/airflow/.local/lib/python3.8/site-packages/airflow/example_dags/example_external_task_marker_dag.py
[2025-07-11T09:54:33.998+0000] {logging_mixin.py:188} INFO - [2025-07-11T09:54:33.997+0000] {dag.py:3036} INFO - Sync 2 DAGs
[2025-07-11T09:54:34.016+0000] {logging_mixin.py:188} INFO - [2025-07-11T09:54:34.015+0000] {dag.py:3823} INFO - Setting next_dagrun for example_external_task_marker_child to None, run_after=None
[2025-07-11T09:54:34.021+0000] {logging_mixin.py:188} INFO - [2025-07-11T09:54:34.021+0000] {dag.py:3823} INFO - Setting next_dagrun for example_external_task_marker_parent to None, run_after=None
[2025-07-11T09:54:34.052+0000] {processor.py:183} INFO - Processing /home/airflow/.local/lib/python3.8/site-packages/airflow/example_dags/example_external_task_marker_dag.py took 0.108 seconds
