[2025-07-11T09:24:55.750+0000] {processor.py:161} INFO - Started process (PID=92) to work on /home/airflow/.local/lib/python3.8/site-packages/airflow/example_dags/example_dag_decorator.py
[2025-07-11T09:24:55.755+0000] {processor.py:830} INFO - Processing file /home/airflow/.local/lib/python3.8/site-packages/airflow/example_dags/example_dag_decorator.py for tasks to queue
[2025-07-11T09:24:55.763+0000] {logging_mixin.py:188} INFO - [2025-07-11T09:24:55.762+0000] {dagbag.py:538} INFO - Filling up the DagBag from /home/airflow/.local/lib/python3.8/site-packages/airflow/example_dags/example_dag_decorator.py
[2025-07-11T09:24:55.968+0000] {processor.py:840} INFO - DAG(s) 'example_dag_decorator' retrieved from /home/airflow/.local/lib/python3.8/site-packages/airflow/example_dags/example_dag_decorator.py
[2025-07-11T09:24:56.269+0000] {logging_mixin.py:188} INFO - [2025-07-11T09:24:56.267+0000] {override.py:1769} INFO - Created Permission View: can edit on DAG:example_dag_decorator
[2025-07-11T09:24:56.290+0000] {logging_mixin.py:188} INFO - [2025-07-11T09:24:56.289+0000] {override.py:1769} INFO - Created Permission View: can delete on DAG:example_dag_decorator
[2025-07-11T09:24:56.308+0000] {logging_mixin.py:188} INFO - [2025-07-11T09:24:56.307+0000] {override.py:1769} INFO - Created Permission View: can read on DAG:example_dag_decorator
[2025-07-11T09:24:56.309+0000] {logging_mixin.py:188} INFO - [2025-07-11T09:24:56.308+0000] {dag.py:3036} INFO - Sync 1 DAGs
[2025-07-11T09:24:56.338+0000] {logging_mixin.py:188} INFO - [2025-07-11T09:24:56.338+0000] {dag.py:3058} INFO - Creating ORM DAG for example_dag_decorator
[2025-07-11T09:24:56.340+0000] {logging_mixin.py:188} INFO - [2025-07-11T09:24:56.340+0000] {dag.py:3823} INFO - Setting next_dagrun for example_dag_decorator to None, run_after=None
[2025-07-11T09:24:56.380+0000] {processor.py:183} INFO - Processing /home/airflow/.local/lib/python3.8/site-packages/airflow/example_dags/example_dag_decorator.py took 0.634 seconds
[2025-07-11T09:25:26.510+0000] {processor.py:161} INFO - Started process (PID=147) to work on /home/airflow/.local/lib/python3.8/site-packages/airflow/example_dags/example_dag_decorator.py
[2025-07-11T09:25:26.513+0000] {processor.py:830} INFO - Processing file /home/airflow/.local/lib/python3.8/site-packages/airflow/example_dags/example_dag_decorator.py for tasks to queue
[2025-07-11T09:25:26.515+0000] {logging_mixin.py:188} INFO - [2025-07-11T09:25:26.515+0000] {dagbag.py:538} INFO - Filling up the DagBag from /home/airflow/.local/lib/python3.8/site-packages/airflow/example_dags/example_dag_decorator.py
[2025-07-11T09:25:26.569+0000] {processor.py:840} INFO - DAG(s) 'example_dag_decorator' retrieved from /home/airflow/.local/lib/python3.8/site-packages/airflow/example_dags/example_dag_decorator.py
[2025-07-11T09:25:26.735+0000] {logging_mixin.py:188} INFO - [2025-07-11T09:25:26.734+0000] {dag.py:3036} INFO - Sync 1 DAGs
[2025-07-11T09:25:26.751+0000] {logging_mixin.py:188} INFO - [2025-07-11T09:25:26.751+0000] {dag.py:3823} INFO - Setting next_dagrun for example_dag_decorator to None, run_after=None
[2025-07-11T09:25:26.781+0000] {processor.py:183} INFO - Processing /home/airflow/.local/lib/python3.8/site-packages/airflow/example_dags/example_dag_decorator.py took 0.275 seconds
[2025-07-11T09:25:57.114+0000] {processor.py:161} INFO - Started process (PID=202) to work on /home/airflow/.local/lib/python3.8/site-packages/airflow/example_dags/example_dag_decorator.py
[2025-07-11T09:25:57.116+0000] {processor.py:830} INFO - Processing file /home/airflow/.local/lib/python3.8/site-packages/airflow/example_dags/example_dag_decorator.py for tasks to queue
[2025-07-11T09:25:57.118+0000] {logging_mixin.py:188} INFO - [2025-07-11T09:25:57.118+0000] {dagbag.py:538} INFO - Filling up the DagBag from /home/airflow/.local/lib/python3.8/site-packages/airflow/example_dags/example_dag_decorator.py
[2025-07-11T09:25:57.166+0000] {processor.py:840} INFO - DAG(s) 'example_dag_decorator' retrieved from /home/airflow/.local/lib/python3.8/site-packages/airflow/example_dags/example_dag_decorator.py
[2025-07-11T09:25:57.332+0000] {logging_mixin.py:188} INFO - [2025-07-11T09:25:57.332+0000] {dag.py:3036} INFO - Sync 1 DAGs
[2025-07-11T09:25:57.346+0000] {logging_mixin.py:188} INFO - [2025-07-11T09:25:57.346+0000] {dag.py:3823} INFO - Setting next_dagrun for example_dag_decorator to None, run_after=None
[2025-07-11T09:25:57.378+0000] {processor.py:183} INFO - Processing /home/airflow/.local/lib/python3.8/site-packages/airflow/example_dags/example_dag_decorator.py took 0.268 seconds
[2025-07-11T09:26:27.458+0000] {processor.py:161} INFO - Started process (PID=257) to work on /home/airflow/.local/lib/python3.8/site-packages/airflow/example_dags/example_dag_decorator.py
[2025-07-11T09:26:27.459+0000] {processor.py:830} INFO - Processing file /home/airflow/.local/lib/python3.8/site-packages/airflow/example_dags/example_dag_decorator.py for tasks to queue
[2025-07-11T09:26:27.462+0000] {logging_mixin.py:188} INFO - [2025-07-11T09:26:27.461+0000] {dagbag.py:538} INFO - Filling up the DagBag from /home/airflow/.local/lib/python3.8/site-packages/airflow/example_dags/example_dag_decorator.py
[2025-07-11T09:26:27.516+0000] {processor.py:840} INFO - DAG(s) 'example_dag_decorator' retrieved from /home/airflow/.local/lib/python3.8/site-packages/airflow/example_dags/example_dag_decorator.py
[2025-07-11T09:26:27.661+0000] {logging_mixin.py:188} INFO - [2025-07-11T09:26:27.661+0000] {dag.py:3036} INFO - Sync 1 DAGs
[2025-07-11T09:26:27.676+0000] {logging_mixin.py:188} INFO - [2025-07-11T09:26:27.676+0000] {dag.py:3823} INFO - Setting next_dagrun for example_dag_decorator to None, run_after=None
[2025-07-11T09:26:27.709+0000] {processor.py:183} INFO - Processing /home/airflow/.local/lib/python3.8/site-packages/airflow/example_dags/example_dag_decorator.py took 0.256 seconds
[2025-07-11T09:26:57.815+0000] {processor.py:161} INFO - Started process (PID=313) to work on /home/airflow/.local/lib/python3.8/site-packages/airflow/example_dags/example_dag_decorator.py
[2025-07-11T09:26:57.817+0000] {processor.py:830} INFO - Processing file /home/airflow/.local/lib/python3.8/site-packages/airflow/example_dags/example_dag_decorator.py for tasks to queue
[2025-07-11T09:26:57.819+0000] {logging_mixin.py:188} INFO - [2025-07-11T09:26:57.819+0000] {dagbag.py:538} INFO - Filling up the DagBag from /home/airflow/.local/lib/python3.8/site-packages/airflow/example_dags/example_dag_decorator.py
[2025-07-11T09:26:57.876+0000] {processor.py:840} INFO - DAG(s) 'example_dag_decorator' retrieved from /home/airflow/.local/lib/python3.8/site-packages/airflow/example_dags/example_dag_decorator.py
[2025-07-11T09:26:58.046+0000] {logging_mixin.py:188} INFO - [2025-07-11T09:26:58.046+0000] {dag.py:3036} INFO - Sync 1 DAGs
[2025-07-11T09:26:58.062+0000] {logging_mixin.py:188} INFO - [2025-07-11T09:26:58.062+0000] {dag.py:3823} INFO - Setting next_dagrun for example_dag_decorator to None, run_after=None
[2025-07-11T09:26:58.094+0000] {processor.py:183} INFO - Processing /home/airflow/.local/lib/python3.8/site-packages/airflow/example_dags/example_dag_decorator.py took 0.283 seconds
[2025-07-11T09:28:23.865+0000] {processor.py:161} INFO - Started process (PID=93) to work on /home/airflow/.local/lib/python3.8/site-packages/airflow/example_dags/example_dag_decorator.py
[2025-07-11T09:28:23.866+0000] {processor.py:830} INFO - Processing file /home/airflow/.local/lib/python3.8/site-packages/airflow/example_dags/example_dag_decorator.py for tasks to queue
[2025-07-11T09:28:23.868+0000] {logging_mixin.py:188} INFO - [2025-07-11T09:28:23.868+0000] {dagbag.py:538} INFO - Filling up the DagBag from /home/airflow/.local/lib/python3.8/site-packages/airflow/example_dags/example_dag_decorator.py
[2025-07-11T09:28:23.941+0000] {processor.py:840} INFO - DAG(s) 'example_dag_decorator' retrieved from /home/airflow/.local/lib/python3.8/site-packages/airflow/example_dags/example_dag_decorator.py
[2025-07-11T09:28:24.099+0000] {logging_mixin.py:188} INFO - [2025-07-11T09:28:24.098+0000] {override.py:1769} INFO - Created Permission View: can read on DAG:example_dag_decorator
[2025-07-11T09:28:24.120+0000] {logging_mixin.py:188} INFO - [2025-07-11T09:28:24.119+0000] {override.py:1769} INFO - Created Permission View: can delete on DAG:example_dag_decorator
[2025-07-11T09:28:24.135+0000] {logging_mixin.py:188} INFO - [2025-07-11T09:28:24.134+0000] {override.py:1769} INFO - Created Permission View: can edit on DAG:example_dag_decorator
[2025-07-11T09:28:24.136+0000] {logging_mixin.py:188} INFO - [2025-07-11T09:28:24.135+0000] {dag.py:3036} INFO - Sync 1 DAGs
[2025-07-11T09:28:24.151+0000] {logging_mixin.py:188} INFO - [2025-07-11T09:28:24.150+0000] {dag.py:3058} INFO - Creating ORM DAG for example_dag_decorator
[2025-07-11T09:28:24.151+0000] {logging_mixin.py:188} INFO - [2025-07-11T09:28:24.151+0000] {dag.py:3823} INFO - Setting next_dagrun for example_dag_decorator to None, run_after=None
[2025-07-11T09:28:24.180+0000] {processor.py:183} INFO - Processing /home/airflow/.local/lib/python3.8/site-packages/airflow/example_dags/example_dag_decorator.py took 0.320 seconds
[2025-07-11T09:28:54.311+0000] {processor.py:161} INFO - Started process (PID=148) to work on /home/airflow/.local/lib/python3.8/site-packages/airflow/example_dags/example_dag_decorator.py
[2025-07-11T09:28:54.313+0000] {processor.py:830} INFO - Processing file /home/airflow/.local/lib/python3.8/site-packages/airflow/example_dags/example_dag_decorator.py for tasks to queue
[2025-07-11T09:28:54.317+0000] {logging_mixin.py:188} INFO - [2025-07-11T09:28:54.317+0000] {dagbag.py:538} INFO - Filling up the DagBag from /home/airflow/.local/lib/python3.8/site-packages/airflow/example_dags/example_dag_decorator.py
[2025-07-11T09:28:54.391+0000] {processor.py:840} INFO - DAG(s) 'example_dag_decorator' retrieved from /home/airflow/.local/lib/python3.8/site-packages/airflow/example_dags/example_dag_decorator.py
[2025-07-11T09:28:54.583+0000] {logging_mixin.py:188} INFO - [2025-07-11T09:28:54.582+0000] {dag.py:3036} INFO - Sync 1 DAGs
[2025-07-11T09:28:54.601+0000] {logging_mixin.py:188} INFO - [2025-07-11T09:28:54.601+0000] {dag.py:3823} INFO - Setting next_dagrun for example_dag_decorator to None, run_after=None
[2025-07-11T09:28:54.641+0000] {processor.py:183} INFO - Processing /home/airflow/.local/lib/python3.8/site-packages/airflow/example_dags/example_dag_decorator.py took 0.336 seconds
[2025-07-11T09:29:25.013+0000] {processor.py:161} INFO - Started process (PID=204) to work on /home/airflow/.local/lib/python3.8/site-packages/airflow/example_dags/example_dag_decorator.py
[2025-07-11T09:29:25.015+0000] {processor.py:830} INFO - Processing file /home/airflow/.local/lib/python3.8/site-packages/airflow/example_dags/example_dag_decorator.py for tasks to queue
[2025-07-11T09:29:25.017+0000] {logging_mixin.py:188} INFO - [2025-07-11T09:29:25.017+0000] {dagbag.py:538} INFO - Filling up the DagBag from /home/airflow/.local/lib/python3.8/site-packages/airflow/example_dags/example_dag_decorator.py
[2025-07-11T09:29:25.065+0000] {processor.py:840} INFO - DAG(s) 'example_dag_decorator' retrieved from /home/airflow/.local/lib/python3.8/site-packages/airflow/example_dags/example_dag_decorator.py
[2025-07-11T09:29:25.215+0000] {logging_mixin.py:188} INFO - [2025-07-11T09:29:25.214+0000] {dag.py:3036} INFO - Sync 1 DAGs
[2025-07-11T09:29:25.230+0000] {logging_mixin.py:188} INFO - [2025-07-11T09:29:25.229+0000] {dag.py:3823} INFO - Setting next_dagrun for example_dag_decorator to None, run_after=None
[2025-07-11T09:29:25.261+0000] {processor.py:183} INFO - Processing /home/airflow/.local/lib/python3.8/site-packages/airflow/example_dags/example_dag_decorator.py took 0.252 seconds
[2025-07-11T09:29:55.349+0000] {processor.py:161} INFO - Started process (PID=259) to work on /home/airflow/.local/lib/python3.8/site-packages/airflow/example_dags/example_dag_decorator.py
[2025-07-11T09:29:55.350+0000] {processor.py:830} INFO - Processing file /home/airflow/.local/lib/python3.8/site-packages/airflow/example_dags/example_dag_decorator.py for tasks to queue
[2025-07-11T09:29:55.353+0000] {logging_mixin.py:188} INFO - [2025-07-11T09:29:55.353+0000] {dagbag.py:538} INFO - Filling up the DagBag from /home/airflow/.local/lib/python3.8/site-packages/airflow/example_dags/example_dag_decorator.py
[2025-07-11T09:29:55.408+0000] {processor.py:840} INFO - DAG(s) 'example_dag_decorator' retrieved from /home/airflow/.local/lib/python3.8/site-packages/airflow/example_dags/example_dag_decorator.py
[2025-07-11T09:29:55.559+0000] {logging_mixin.py:188} INFO - [2025-07-11T09:29:55.559+0000] {dag.py:3036} INFO - Sync 1 DAGs
[2025-07-11T09:29:55.573+0000] {logging_mixin.py:188} INFO - [2025-07-11T09:29:55.573+0000] {dag.py:3823} INFO - Setting next_dagrun for example_dag_decorator to None, run_after=None
[2025-07-11T09:29:55.607+0000] {processor.py:183} INFO - Processing /home/airflow/.local/lib/python3.8/site-packages/airflow/example_dags/example_dag_decorator.py took 0.263 seconds
[2025-07-11T09:30:25.906+0000] {processor.py:161} INFO - Started process (PID=314) to work on /home/airflow/.local/lib/python3.8/site-packages/airflow/example_dags/example_dag_decorator.py
[2025-07-11T09:30:25.907+0000] {processor.py:830} INFO - Processing file /home/airflow/.local/lib/python3.8/site-packages/airflow/example_dags/example_dag_decorator.py for tasks to queue
[2025-07-11T09:30:25.910+0000] {logging_mixin.py:188} INFO - [2025-07-11T09:30:25.909+0000] {dagbag.py:538} INFO - Filling up the DagBag from /home/airflow/.local/lib/python3.8/site-packages/airflow/example_dags/example_dag_decorator.py
[2025-07-11T09:30:25.962+0000] {processor.py:840} INFO - DAG(s) 'example_dag_decorator' retrieved from /home/airflow/.local/lib/python3.8/site-packages/airflow/example_dags/example_dag_decorator.py
[2025-07-11T09:30:26.093+0000] {logging_mixin.py:188} INFO - [2025-07-11T09:30:26.093+0000] {dag.py:3036} INFO - Sync 1 DAGs
[2025-07-11T09:30:26.109+0000] {logging_mixin.py:188} INFO - [2025-07-11T09:30:26.109+0000] {dag.py:3823} INFO - Setting next_dagrun for example_dag_decorator to None, run_after=None
[2025-07-11T09:30:26.143+0000] {processor.py:183} INFO - Processing /home/airflow/.local/lib/python3.8/site-packages/airflow/example_dags/example_dag_decorator.py took 0.273 seconds
[2025-07-11T09:30:56.349+0000] {processor.py:161} INFO - Started process (PID=368) to work on /home/airflow/.local/lib/python3.8/site-packages/airflow/example_dags/example_dag_decorator.py
[2025-07-11T09:30:56.350+0000] {processor.py:830} INFO - Processing file /home/airflow/.local/lib/python3.8/site-packages/airflow/example_dags/example_dag_decorator.py for tasks to queue
[2025-07-11T09:30:56.354+0000] {logging_mixin.py:188} INFO - [2025-07-11T09:30:56.353+0000] {dagbag.py:538} INFO - Filling up the DagBag from /home/airflow/.local/lib/python3.8/site-packages/airflow/example_dags/example_dag_decorator.py
[2025-07-11T09:30:56.412+0000] {processor.py:840} INFO - DAG(s) 'example_dag_decorator' retrieved from /home/airflow/.local/lib/python3.8/site-packages/airflow/example_dags/example_dag_decorator.py
[2025-07-11T09:30:56.565+0000] {logging_mixin.py:188} INFO - [2025-07-11T09:30:56.564+0000] {dag.py:3036} INFO - Sync 1 DAGs
[2025-07-11T09:30:56.582+0000] {logging_mixin.py:188} INFO - [2025-07-11T09:30:56.582+0000] {dag.py:3823} INFO - Setting next_dagrun for example_dag_decorator to None, run_after=None
[2025-07-11T09:30:56.616+0000] {processor.py:183} INFO - Processing /home/airflow/.local/lib/python3.8/site-packages/airflow/example_dags/example_dag_decorator.py took 0.272 seconds
[2025-07-11T09:31:26.683+0000] {processor.py:161} INFO - Started process (PID=423) to work on /home/airflow/.local/lib/python3.8/site-packages/airflow/example_dags/example_dag_decorator.py
[2025-07-11T09:31:26.684+0000] {processor.py:830} INFO - Processing file /home/airflow/.local/lib/python3.8/site-packages/airflow/example_dags/example_dag_decorator.py for tasks to queue
[2025-07-11T09:31:26.687+0000] {logging_mixin.py:188} INFO - [2025-07-11T09:31:26.686+0000] {dagbag.py:538} INFO - Filling up the DagBag from /home/airflow/.local/lib/python3.8/site-packages/airflow/example_dags/example_dag_decorator.py
[2025-07-11T09:31:26.739+0000] {processor.py:840} INFO - DAG(s) 'example_dag_decorator' retrieved from /home/airflow/.local/lib/python3.8/site-packages/airflow/example_dags/example_dag_decorator.py
[2025-07-11T09:31:26.885+0000] {logging_mixin.py:188} INFO - [2025-07-11T09:31:26.884+0000] {dag.py:3036} INFO - Sync 1 DAGs
[2025-07-11T09:31:26.900+0000] {logging_mixin.py:188} INFO - [2025-07-11T09:31:26.899+0000] {dag.py:3823} INFO - Setting next_dagrun for example_dag_decorator to None, run_after=None
[2025-07-11T09:31:26.932+0000] {processor.py:183} INFO - Processing /home/airflow/.local/lib/python3.8/site-packages/airflow/example_dags/example_dag_decorator.py took 0.253 seconds
[2025-07-11T09:31:57.726+0000] {processor.py:161} INFO - Started process (PID=478) to work on /home/airflow/.local/lib/python3.8/site-packages/airflow/example_dags/example_dag_decorator.py
[2025-07-11T09:31:57.729+0000] {processor.py:830} INFO - Processing file /home/airflow/.local/lib/python3.8/site-packages/airflow/example_dags/example_dag_decorator.py for tasks to queue
[2025-07-11T09:31:57.733+0000] {logging_mixin.py:188} INFO - [2025-07-11T09:31:57.732+0000] {dagbag.py:538} INFO - Filling up the DagBag from /home/airflow/.local/lib/python3.8/site-packages/airflow/example_dags/example_dag_decorator.py
[2025-07-11T09:31:57.800+0000] {processor.py:840} INFO - DAG(s) 'example_dag_decorator' retrieved from /home/airflow/.local/lib/python3.8/site-packages/airflow/example_dags/example_dag_decorator.py
[2025-07-11T09:31:58.029+0000] {logging_mixin.py:188} INFO - [2025-07-11T09:31:58.028+0000] {dag.py:3036} INFO - Sync 1 DAGs
[2025-07-11T09:31:58.047+0000] {logging_mixin.py:188} INFO - [2025-07-11T09:31:58.047+0000] {dag.py:3823} INFO - Setting next_dagrun for example_dag_decorator to None, run_after=None
[2025-07-11T09:31:58.099+0000] {processor.py:183} INFO - Processing /home/airflow/.local/lib/python3.8/site-packages/airflow/example_dags/example_dag_decorator.py took 0.379 seconds
[2025-07-11T09:32:28.309+0000] {processor.py:161} INFO - Started process (PID=533) to work on /home/airflow/.local/lib/python3.8/site-packages/airflow/example_dags/example_dag_decorator.py
[2025-07-11T09:32:28.311+0000] {processor.py:830} INFO - Processing file /home/airflow/.local/lib/python3.8/site-packages/airflow/example_dags/example_dag_decorator.py for tasks to queue
[2025-07-11T09:32:28.315+0000] {logging_mixin.py:188} INFO - [2025-07-11T09:32:28.314+0000] {dagbag.py:538} INFO - Filling up the DagBag from /home/airflow/.local/lib/python3.8/site-packages/airflow/example_dags/example_dag_decorator.py
[2025-07-11T09:32:28.389+0000] {processor.py:840} INFO - DAG(s) 'example_dag_decorator' retrieved from /home/airflow/.local/lib/python3.8/site-packages/airflow/example_dags/example_dag_decorator.py
[2025-07-11T09:32:28.576+0000] {logging_mixin.py:188} INFO - [2025-07-11T09:32:28.576+0000] {dag.py:3036} INFO - Sync 1 DAGs
[2025-07-11T09:32:28.592+0000] {logging_mixin.py:188} INFO - [2025-07-11T09:32:28.592+0000] {dag.py:3823} INFO - Setting next_dagrun for example_dag_decorator to None, run_after=None
[2025-07-11T09:32:28.640+0000] {processor.py:183} INFO - Processing /home/airflow/.local/lib/python3.8/site-packages/airflow/example_dags/example_dag_decorator.py took 0.336 seconds
[2025-07-11T09:32:59.153+0000] {processor.py:161} INFO - Started process (PID=588) to work on /home/airflow/.local/lib/python3.8/site-packages/airflow/example_dags/example_dag_decorator.py
[2025-07-11T09:32:59.155+0000] {processor.py:830} INFO - Processing file /home/airflow/.local/lib/python3.8/site-packages/airflow/example_dags/example_dag_decorator.py for tasks to queue
[2025-07-11T09:32:59.157+0000] {logging_mixin.py:188} INFO - [2025-07-11T09:32:59.156+0000] {dagbag.py:538} INFO - Filling up the DagBag from /home/airflow/.local/lib/python3.8/site-packages/airflow/example_dags/example_dag_decorator.py
[2025-07-11T09:32:59.215+0000] {processor.py:840} INFO - DAG(s) 'example_dag_decorator' retrieved from /home/airflow/.local/lib/python3.8/site-packages/airflow/example_dags/example_dag_decorator.py
[2025-07-11T09:32:59.407+0000] {logging_mixin.py:188} INFO - [2025-07-11T09:32:59.407+0000] {dag.py:3036} INFO - Sync 1 DAGs
[2025-07-11T09:32:59.446+0000] {logging_mixin.py:188} INFO - [2025-07-11T09:32:59.446+0000] {dag.py:3823} INFO - Setting next_dagrun for example_dag_decorator to None, run_after=None
[2025-07-11T09:32:59.522+0000] {processor.py:183} INFO - Processing /home/airflow/.local/lib/python3.8/site-packages/airflow/example_dags/example_dag_decorator.py took 0.374 seconds
[2025-07-11T09:33:29.621+0000] {processor.py:161} INFO - Started process (PID=644) to work on /home/airflow/.local/lib/python3.8/site-packages/airflow/example_dags/example_dag_decorator.py
[2025-07-11T09:33:29.622+0000] {processor.py:830} INFO - Processing file /home/airflow/.local/lib/python3.8/site-packages/airflow/example_dags/example_dag_decorator.py for tasks to queue
[2025-07-11T09:33:29.625+0000] {logging_mixin.py:188} INFO - [2025-07-11T09:33:29.625+0000] {dagbag.py:538} INFO - Filling up the DagBag from /home/airflow/.local/lib/python3.8/site-packages/airflow/example_dags/example_dag_decorator.py
[2025-07-11T09:33:29.678+0000] {processor.py:840} INFO - DAG(s) 'example_dag_decorator' retrieved from /home/airflow/.local/lib/python3.8/site-packages/airflow/example_dags/example_dag_decorator.py
[2025-07-11T09:33:29.876+0000] {logging_mixin.py:188} INFO - [2025-07-11T09:33:29.875+0000] {dag.py:3036} INFO - Sync 1 DAGs
[2025-07-11T09:33:29.900+0000] {logging_mixin.py:188} INFO - [2025-07-11T09:33:29.900+0000] {dag.py:3823} INFO - Setting next_dagrun for example_dag_decorator to None, run_after=None
[2025-07-11T09:33:29.956+0000] {processor.py:183} INFO - Processing /home/airflow/.local/lib/python3.8/site-packages/airflow/example_dags/example_dag_decorator.py took 0.340 seconds
[2025-07-11T09:34:45.009+0000] {processor.py:161} INFO - Started process (PID=94) to work on /home/airflow/.local/lib/python3.8/site-packages/airflow/example_dags/example_dag_decorator.py
[2025-07-11T09:34:45.011+0000] {processor.py:830} INFO - Processing file /home/airflow/.local/lib/python3.8/site-packages/airflow/example_dags/example_dag_decorator.py for tasks to queue
[2025-07-11T09:34:45.015+0000] {logging_mixin.py:188} INFO - [2025-07-11T09:34:45.014+0000] {dagbag.py:538} INFO - Filling up the DagBag from /home/airflow/.local/lib/python3.8/site-packages/airflow/example_dags/example_dag_decorator.py
[2025-07-11T09:34:45.234+0000] {processor.py:840} INFO - DAG(s) 'example_dag_decorator' retrieved from /home/airflow/.local/lib/python3.8/site-packages/airflow/example_dags/example_dag_decorator.py
[2025-07-11T09:34:45.480+0000] {logging_mixin.py:188} INFO - [2025-07-11T09:34:45.479+0000] {override.py:1769} INFO - Created Permission View: can edit on DAG:example_dag_decorator
[2025-07-11T09:34:45.498+0000] {logging_mixin.py:188} INFO - [2025-07-11T09:34:45.498+0000] {override.py:1769} INFO - Created Permission View: can delete on DAG:example_dag_decorator
[2025-07-11T09:34:45.511+0000] {logging_mixin.py:188} INFO - [2025-07-11T09:34:45.511+0000] {override.py:1769} INFO - Created Permission View: can read on DAG:example_dag_decorator
[2025-07-11T09:34:45.512+0000] {logging_mixin.py:188} INFO - [2025-07-11T09:34:45.512+0000] {dag.py:3036} INFO - Sync 1 DAGs
[2025-07-11T09:34:45.529+0000] {logging_mixin.py:188} INFO - [2025-07-11T09:34:45.529+0000] {dag.py:3058} INFO - Creating ORM DAG for example_dag_decorator
[2025-07-11T09:34:45.530+0000] {logging_mixin.py:188} INFO - [2025-07-11T09:34:45.530+0000] {dag.py:3823} INFO - Setting next_dagrun for example_dag_decorator to None, run_after=None
[2025-07-11T09:34:45.558+0000] {processor.py:183} INFO - Processing /home/airflow/.local/lib/python3.8/site-packages/airflow/example_dags/example_dag_decorator.py took 0.563 seconds
[2025-07-11T09:35:16.262+0000] {processor.py:161} INFO - Started process (PID=149) to work on /home/airflow/.local/lib/python3.8/site-packages/airflow/example_dags/example_dag_decorator.py
[2025-07-11T09:35:16.263+0000] {processor.py:830} INFO - Processing file /home/airflow/.local/lib/python3.8/site-packages/airflow/example_dags/example_dag_decorator.py for tasks to queue
[2025-07-11T09:35:16.267+0000] {logging_mixin.py:188} INFO - [2025-07-11T09:35:16.266+0000] {dagbag.py:538} INFO - Filling up the DagBag from /home/airflow/.local/lib/python3.8/site-packages/airflow/example_dags/example_dag_decorator.py
[2025-07-11T09:35:16.334+0000] {processor.py:840} INFO - DAG(s) 'example_dag_decorator' retrieved from /home/airflow/.local/lib/python3.8/site-packages/airflow/example_dags/example_dag_decorator.py
[2025-07-11T09:35:16.491+0000] {logging_mixin.py:188} INFO - [2025-07-11T09:35:16.490+0000] {dag.py:3036} INFO - Sync 1 DAGs
[2025-07-11T09:35:16.512+0000] {logging_mixin.py:188} INFO - [2025-07-11T09:35:16.512+0000] {dag.py:3823} INFO - Setting next_dagrun for example_dag_decorator to None, run_after=None
[2025-07-11T09:35:16.552+0000] {processor.py:183} INFO - Processing /home/airflow/.local/lib/python3.8/site-packages/airflow/example_dags/example_dag_decorator.py took 0.297 seconds
[2025-07-11T09:35:46.614+0000] {processor.py:161} INFO - Started process (PID=204) to work on /home/airflow/.local/lib/python3.8/site-packages/airflow/example_dags/example_dag_decorator.py
[2025-07-11T09:35:46.616+0000] {processor.py:830} INFO - Processing file /home/airflow/.local/lib/python3.8/site-packages/airflow/example_dags/example_dag_decorator.py for tasks to queue
[2025-07-11T09:35:46.618+0000] {logging_mixin.py:188} INFO - [2025-07-11T09:35:46.618+0000] {dagbag.py:538} INFO - Filling up the DagBag from /home/airflow/.local/lib/python3.8/site-packages/airflow/example_dags/example_dag_decorator.py
[2025-07-11T09:35:46.669+0000] {processor.py:840} INFO - DAG(s) 'example_dag_decorator' retrieved from /home/airflow/.local/lib/python3.8/site-packages/airflow/example_dags/example_dag_decorator.py
[2025-07-11T09:35:46.839+0000] {logging_mixin.py:188} INFO - [2025-07-11T09:35:46.839+0000] {dag.py:3036} INFO - Sync 1 DAGs
[2025-07-11T09:35:46.854+0000] {logging_mixin.py:188} INFO - [2025-07-11T09:35:46.854+0000] {dag.py:3823} INFO - Setting next_dagrun for example_dag_decorator to None, run_after=None
[2025-07-11T09:35:46.892+0000] {processor.py:183} INFO - Processing /home/airflow/.local/lib/python3.8/site-packages/airflow/example_dags/example_dag_decorator.py took 0.281 seconds
[2025-07-11T09:36:17.041+0000] {processor.py:161} INFO - Started process (PID=259) to work on /home/airflow/.local/lib/python3.8/site-packages/airflow/example_dags/example_dag_decorator.py
[2025-07-11T09:36:17.042+0000] {processor.py:830} INFO - Processing file /home/airflow/.local/lib/python3.8/site-packages/airflow/example_dags/example_dag_decorator.py for tasks to queue
[2025-07-11T09:36:17.045+0000] {logging_mixin.py:188} INFO - [2025-07-11T09:36:17.045+0000] {dagbag.py:538} INFO - Filling up the DagBag from /home/airflow/.local/lib/python3.8/site-packages/airflow/example_dags/example_dag_decorator.py
[2025-07-11T09:36:17.103+0000] {processor.py:840} INFO - DAG(s) 'example_dag_decorator' retrieved from /home/airflow/.local/lib/python3.8/site-packages/airflow/example_dags/example_dag_decorator.py
[2025-07-11T09:36:17.255+0000] {logging_mixin.py:188} INFO - [2025-07-11T09:36:17.255+0000] {dag.py:3036} INFO - Sync 1 DAGs
[2025-07-11T09:36:17.274+0000] {logging_mixin.py:188} INFO - [2025-07-11T09:36:17.274+0000] {dag.py:3823} INFO - Setting next_dagrun for example_dag_decorator to None, run_after=None
[2025-07-11T09:36:17.314+0000] {processor.py:183} INFO - Processing /home/airflow/.local/lib/python3.8/site-packages/airflow/example_dags/example_dag_decorator.py took 0.277 seconds
[2025-07-11T09:36:47.385+0000] {processor.py:161} INFO - Started process (PID=314) to work on /home/airflow/.local/lib/python3.8/site-packages/airflow/example_dags/example_dag_decorator.py
[2025-07-11T09:36:47.387+0000] {processor.py:830} INFO - Processing file /home/airflow/.local/lib/python3.8/site-packages/airflow/example_dags/example_dag_decorator.py for tasks to queue
[2025-07-11T09:36:47.389+0000] {logging_mixin.py:188} INFO - [2025-07-11T09:36:47.389+0000] {dagbag.py:538} INFO - Filling up the DagBag from /home/airflow/.local/lib/python3.8/site-packages/airflow/example_dags/example_dag_decorator.py
[2025-07-11T09:36:47.445+0000] {processor.py:840} INFO - DAG(s) 'example_dag_decorator' retrieved from /home/airflow/.local/lib/python3.8/site-packages/airflow/example_dags/example_dag_decorator.py
[2025-07-11T09:36:47.609+0000] {logging_mixin.py:188} INFO - [2025-07-11T09:36:47.608+0000] {dag.py:3036} INFO - Sync 1 DAGs
[2025-07-11T09:36:47.626+0000] {logging_mixin.py:188} INFO - [2025-07-11T09:36:47.625+0000] {dag.py:3823} INFO - Setting next_dagrun for example_dag_decorator to None, run_after=None
[2025-07-11T09:36:47.662+0000] {processor.py:183} INFO - Processing /home/airflow/.local/lib/python3.8/site-packages/airflow/example_dags/example_dag_decorator.py took 0.282 seconds
[2025-07-11T09:37:17.772+0000] {processor.py:161} INFO - Started process (PID=369) to work on /home/airflow/.local/lib/python3.8/site-packages/airflow/example_dags/example_dag_decorator.py
[2025-07-11T09:37:17.774+0000] {processor.py:830} INFO - Processing file /home/airflow/.local/lib/python3.8/site-packages/airflow/example_dags/example_dag_decorator.py for tasks to queue
[2025-07-11T09:37:17.776+0000] {logging_mixin.py:188} INFO - [2025-07-11T09:37:17.776+0000] {dagbag.py:538} INFO - Filling up the DagBag from /home/airflow/.local/lib/python3.8/site-packages/airflow/example_dags/example_dag_decorator.py
[2025-07-11T09:37:17.841+0000] {processor.py:840} INFO - DAG(s) 'example_dag_decorator' retrieved from /home/airflow/.local/lib/python3.8/site-packages/airflow/example_dags/example_dag_decorator.py
[2025-07-11T09:37:18.006+0000] {logging_mixin.py:188} INFO - [2025-07-11T09:37:18.006+0000] {dag.py:3036} INFO - Sync 1 DAGs
[2025-07-11T09:37:18.022+0000] {logging_mixin.py:188} INFO - [2025-07-11T09:37:18.022+0000] {dag.py:3823} INFO - Setting next_dagrun for example_dag_decorator to None, run_after=None
[2025-07-11T09:37:18.055+0000] {processor.py:183} INFO - Processing /home/airflow/.local/lib/python3.8/site-packages/airflow/example_dags/example_dag_decorator.py took 0.288 seconds
[2025-07-11T09:37:48.189+0000] {processor.py:161} INFO - Started process (PID=424) to work on /home/airflow/.local/lib/python3.8/site-packages/airflow/example_dags/example_dag_decorator.py
[2025-07-11T09:37:48.191+0000] {processor.py:830} INFO - Processing file /home/airflow/.local/lib/python3.8/site-packages/airflow/example_dags/example_dag_decorator.py for tasks to queue
[2025-07-11T09:37:48.194+0000] {logging_mixin.py:188} INFO - [2025-07-11T09:37:48.193+0000] {dagbag.py:538} INFO - Filling up the DagBag from /home/airflow/.local/lib/python3.8/site-packages/airflow/example_dags/example_dag_decorator.py
[2025-07-11T09:37:48.265+0000] {processor.py:840} INFO - DAG(s) 'example_dag_decorator' retrieved from /home/airflow/.local/lib/python3.8/site-packages/airflow/example_dags/example_dag_decorator.py
[2025-07-11T09:37:48.478+0000] {logging_mixin.py:188} INFO - [2025-07-11T09:37:48.478+0000] {dag.py:3036} INFO - Sync 1 DAGs
[2025-07-11T09:37:48.503+0000] {logging_mixin.py:188} INFO - [2025-07-11T09:37:48.502+0000] {dag.py:3823} INFO - Setting next_dagrun for example_dag_decorator to None, run_after=None
[2025-07-11T09:37:48.546+0000] {processor.py:183} INFO - Processing /home/airflow/.local/lib/python3.8/site-packages/airflow/example_dags/example_dag_decorator.py took 0.362 seconds
[2025-07-11T09:38:19.492+0000] {processor.py:161} INFO - Started process (PID=479) to work on /home/airflow/.local/lib/python3.8/site-packages/airflow/example_dags/example_dag_decorator.py
[2025-07-11T09:38:19.493+0000] {processor.py:830} INFO - Processing file /home/airflow/.local/lib/python3.8/site-packages/airflow/example_dags/example_dag_decorator.py for tasks to queue
[2025-07-11T09:38:19.496+0000] {logging_mixin.py:188} INFO - [2025-07-11T09:38:19.495+0000] {dagbag.py:538} INFO - Filling up the DagBag from /home/airflow/.local/lib/python3.8/site-packages/airflow/example_dags/example_dag_decorator.py
[2025-07-11T09:38:19.545+0000] {processor.py:840} INFO - DAG(s) 'example_dag_decorator' retrieved from /home/airflow/.local/lib/python3.8/site-packages/airflow/example_dags/example_dag_decorator.py
[2025-07-11T09:38:19.703+0000] {logging_mixin.py:188} INFO - [2025-07-11T09:38:19.702+0000] {dag.py:3036} INFO - Sync 1 DAGs
[2025-07-11T09:38:19.721+0000] {logging_mixin.py:188} INFO - [2025-07-11T09:38:19.720+0000] {dag.py:3823} INFO - Setting next_dagrun for example_dag_decorator to None, run_after=None
[2025-07-11T09:38:19.760+0000] {processor.py:183} INFO - Processing /home/airflow/.local/lib/python3.8/site-packages/airflow/example_dags/example_dag_decorator.py took 0.273 seconds
[2025-07-11T09:38:49.973+0000] {processor.py:161} INFO - Started process (PID=534) to work on /home/airflow/.local/lib/python3.8/site-packages/airflow/example_dags/example_dag_decorator.py
[2025-07-11T09:38:49.976+0000] {processor.py:830} INFO - Processing file /home/airflow/.local/lib/python3.8/site-packages/airflow/example_dags/example_dag_decorator.py for tasks to queue
[2025-07-11T09:38:49.979+0000] {logging_mixin.py:188} INFO - [2025-07-11T09:38:49.979+0000] {dagbag.py:538} INFO - Filling up the DagBag from /home/airflow/.local/lib/python3.8/site-packages/airflow/example_dags/example_dag_decorator.py
[2025-07-11T09:38:50.044+0000] {processor.py:840} INFO - DAG(s) 'example_dag_decorator' retrieved from /home/airflow/.local/lib/python3.8/site-packages/airflow/example_dags/example_dag_decorator.py
[2025-07-11T09:38:50.202+0000] {logging_mixin.py:188} INFO - [2025-07-11T09:38:50.201+0000] {dag.py:3036} INFO - Sync 1 DAGs
[2025-07-11T09:38:50.222+0000] {logging_mixin.py:188} INFO - [2025-07-11T09:38:50.221+0000] {dag.py:3823} INFO - Setting next_dagrun for example_dag_decorator to None, run_after=None
[2025-07-11T09:38:50.252+0000] {processor.py:183} INFO - Processing /home/airflow/.local/lib/python3.8/site-packages/airflow/example_dags/example_dag_decorator.py took 0.284 seconds
[2025-07-11T09:39:20.296+0000] {processor.py:161} INFO - Started process (PID=590) to work on /home/airflow/.local/lib/python3.8/site-packages/airflow/example_dags/example_dag_decorator.py
[2025-07-11T09:39:20.298+0000] {processor.py:830} INFO - Processing file /home/airflow/.local/lib/python3.8/site-packages/airflow/example_dags/example_dag_decorator.py for tasks to queue
[2025-07-11T09:39:20.301+0000] {logging_mixin.py:188} INFO - [2025-07-11T09:39:20.301+0000] {dagbag.py:538} INFO - Filling up the DagBag from /home/airflow/.local/lib/python3.8/site-packages/airflow/example_dags/example_dag_decorator.py
[2025-07-11T09:39:20.353+0000] {processor.py:840} INFO - DAG(s) 'example_dag_decorator' retrieved from /home/airflow/.local/lib/python3.8/site-packages/airflow/example_dags/example_dag_decorator.py
[2025-07-11T09:39:20.509+0000] {logging_mixin.py:188} INFO - [2025-07-11T09:39:20.508+0000] {dag.py:3036} INFO - Sync 1 DAGs
[2025-07-11T09:39:20.529+0000] {logging_mixin.py:188} INFO - [2025-07-11T09:39:20.528+0000] {dag.py:3823} INFO - Setting next_dagrun for example_dag_decorator to None, run_after=None
[2025-07-11T09:39:20.561+0000] {processor.py:183} INFO - Processing /home/airflow/.local/lib/python3.8/site-packages/airflow/example_dags/example_dag_decorator.py took 0.269 seconds
[2025-07-11T09:39:50.621+0000] {processor.py:161} INFO - Started process (PID=645) to work on /home/airflow/.local/lib/python3.8/site-packages/airflow/example_dags/example_dag_decorator.py
[2025-07-11T09:39:50.623+0000] {processor.py:830} INFO - Processing file /home/airflow/.local/lib/python3.8/site-packages/airflow/example_dags/example_dag_decorator.py for tasks to queue
[2025-07-11T09:39:50.626+0000] {logging_mixin.py:188} INFO - [2025-07-11T09:39:50.626+0000] {dagbag.py:538} INFO - Filling up the DagBag from /home/airflow/.local/lib/python3.8/site-packages/airflow/example_dags/example_dag_decorator.py
[2025-07-11T09:39:50.678+0000] {processor.py:840} INFO - DAG(s) 'example_dag_decorator' retrieved from /home/airflow/.local/lib/python3.8/site-packages/airflow/example_dags/example_dag_decorator.py
[2025-07-11T09:39:50.819+0000] {logging_mixin.py:188} INFO - [2025-07-11T09:39:50.819+0000] {dag.py:3036} INFO - Sync 1 DAGs
[2025-07-11T09:39:50.835+0000] {logging_mixin.py:188} INFO - [2025-07-11T09:39:50.835+0000] {dag.py:3823} INFO - Setting next_dagrun for example_dag_decorator to None, run_after=None
[2025-07-11T09:39:50.868+0000] {processor.py:183} INFO - Processing /home/airflow/.local/lib/python3.8/site-packages/airflow/example_dags/example_dag_decorator.py took 0.251 seconds
[2025-07-11T09:40:21.131+0000] {processor.py:161} INFO - Started process (PID=700) to work on /home/airflow/.local/lib/python3.8/site-packages/airflow/example_dags/example_dag_decorator.py
[2025-07-11T09:40:21.132+0000] {processor.py:830} INFO - Processing file /home/airflow/.local/lib/python3.8/site-packages/airflow/example_dags/example_dag_decorator.py for tasks to queue
[2025-07-11T09:40:21.136+0000] {logging_mixin.py:188} INFO - [2025-07-11T09:40:21.135+0000] {dagbag.py:538} INFO - Filling up the DagBag from /home/airflow/.local/lib/python3.8/site-packages/airflow/example_dags/example_dag_decorator.py
[2025-07-11T09:40:21.185+0000] {processor.py:840} INFO - DAG(s) 'example_dag_decorator' retrieved from /home/airflow/.local/lib/python3.8/site-packages/airflow/example_dags/example_dag_decorator.py
[2025-07-11T09:40:21.329+0000] {logging_mixin.py:188} INFO - [2025-07-11T09:40:21.329+0000] {dag.py:3036} INFO - Sync 1 DAGs
[2025-07-11T09:40:21.346+0000] {logging_mixin.py:188} INFO - [2025-07-11T09:40:21.345+0000] {dag.py:3823} INFO - Setting next_dagrun for example_dag_decorator to None, run_after=None
[2025-07-11T09:40:21.380+0000] {processor.py:183} INFO - Processing /home/airflow/.local/lib/python3.8/site-packages/airflow/example_dags/example_dag_decorator.py took 0.253 seconds
[2025-07-11T09:40:51.517+0000] {processor.py:161} INFO - Started process (PID=755) to work on /home/airflow/.local/lib/python3.8/site-packages/airflow/example_dags/example_dag_decorator.py
[2025-07-11T09:40:51.520+0000] {processor.py:830} INFO - Processing file /home/airflow/.local/lib/python3.8/site-packages/airflow/example_dags/example_dag_decorator.py for tasks to queue
[2025-07-11T09:40:51.523+0000] {logging_mixin.py:188} INFO - [2025-07-11T09:40:51.522+0000] {dagbag.py:538} INFO - Filling up the DagBag from /home/airflow/.local/lib/python3.8/site-packages/airflow/example_dags/example_dag_decorator.py
[2025-07-11T09:40:51.577+0000] {processor.py:840} INFO - DAG(s) 'example_dag_decorator' retrieved from /home/airflow/.local/lib/python3.8/site-packages/airflow/example_dags/example_dag_decorator.py
[2025-07-11T09:40:51.719+0000] {logging_mixin.py:188} INFO - [2025-07-11T09:40:51.719+0000] {dag.py:3036} INFO - Sync 1 DAGs
[2025-07-11T09:40:51.734+0000] {logging_mixin.py:188} INFO - [2025-07-11T09:40:51.733+0000] {dag.py:3823} INFO - Setting next_dagrun for example_dag_decorator to None, run_after=None
[2025-07-11T09:40:51.766+0000] {processor.py:183} INFO - Processing /home/airflow/.local/lib/python3.8/site-packages/airflow/example_dags/example_dag_decorator.py took 0.252 seconds
[2025-07-11T09:41:21.940+0000] {processor.py:161} INFO - Started process (PID=810) to work on /home/airflow/.local/lib/python3.8/site-packages/airflow/example_dags/example_dag_decorator.py
[2025-07-11T09:41:21.942+0000] {processor.py:830} INFO - Processing file /home/airflow/.local/lib/python3.8/site-packages/airflow/example_dags/example_dag_decorator.py for tasks to queue
[2025-07-11T09:41:21.945+0000] {logging_mixin.py:188} INFO - [2025-07-11T09:41:21.944+0000] {dagbag.py:538} INFO - Filling up the DagBag from /home/airflow/.local/lib/python3.8/site-packages/airflow/example_dags/example_dag_decorator.py
[2025-07-11T09:41:21.997+0000] {processor.py:840} INFO - DAG(s) 'example_dag_decorator' retrieved from /home/airflow/.local/lib/python3.8/site-packages/airflow/example_dags/example_dag_decorator.py
[2025-07-11T09:41:22.150+0000] {logging_mixin.py:188} INFO - [2025-07-11T09:41:22.150+0000] {dag.py:3036} INFO - Sync 1 DAGs
[2025-07-11T09:41:22.167+0000] {logging_mixin.py:188} INFO - [2025-07-11T09:41:22.166+0000] {dag.py:3823} INFO - Setting next_dagrun for example_dag_decorator to None, run_after=None
[2025-07-11T09:41:22.202+0000] {processor.py:183} INFO - Processing /home/airflow/.local/lib/python3.8/site-packages/airflow/example_dags/example_dag_decorator.py took 0.266 seconds
[2025-07-11T09:41:52.353+0000] {processor.py:161} INFO - Started process (PID=865) to work on /home/airflow/.local/lib/python3.8/site-packages/airflow/example_dags/example_dag_decorator.py
[2025-07-11T09:41:52.355+0000] {processor.py:830} INFO - Processing file /home/airflow/.local/lib/python3.8/site-packages/airflow/example_dags/example_dag_decorator.py for tasks to queue
[2025-07-11T09:41:52.358+0000] {logging_mixin.py:188} INFO - [2025-07-11T09:41:52.358+0000] {dagbag.py:538} INFO - Filling up the DagBag from /home/airflow/.local/lib/python3.8/site-packages/airflow/example_dags/example_dag_decorator.py
[2025-07-11T09:41:52.409+0000] {processor.py:840} INFO - DAG(s) 'example_dag_decorator' retrieved from /home/airflow/.local/lib/python3.8/site-packages/airflow/example_dags/example_dag_decorator.py
[2025-07-11T09:41:52.551+0000] {logging_mixin.py:188} INFO - [2025-07-11T09:41:52.550+0000] {dag.py:3036} INFO - Sync 1 DAGs
[2025-07-11T09:41:52.565+0000] {logging_mixin.py:188} INFO - [2025-07-11T09:41:52.565+0000] {dag.py:3823} INFO - Setting next_dagrun for example_dag_decorator to None, run_after=None
[2025-07-11T09:41:52.598+0000] {processor.py:183} INFO - Processing /home/airflow/.local/lib/python3.8/site-packages/airflow/example_dags/example_dag_decorator.py took 0.249 seconds
[2025-07-11T09:42:22.693+0000] {processor.py:161} INFO - Started process (PID=920) to work on /home/airflow/.local/lib/python3.8/site-packages/airflow/example_dags/example_dag_decorator.py
[2025-07-11T09:42:22.695+0000] {processor.py:830} INFO - Processing file /home/airflow/.local/lib/python3.8/site-packages/airflow/example_dags/example_dag_decorator.py for tasks to queue
[2025-07-11T09:42:22.699+0000] {logging_mixin.py:188} INFO - [2025-07-11T09:42:22.698+0000] {dagbag.py:538} INFO - Filling up the DagBag from /home/airflow/.local/lib/python3.8/site-packages/airflow/example_dags/example_dag_decorator.py
[2025-07-11T09:42:22.752+0000] {processor.py:840} INFO - DAG(s) 'example_dag_decorator' retrieved from /home/airflow/.local/lib/python3.8/site-packages/airflow/example_dags/example_dag_decorator.py
[2025-07-11T09:42:22.899+0000] {logging_mixin.py:188} INFO - [2025-07-11T09:42:22.899+0000] {dag.py:3036} INFO - Sync 1 DAGs
[2025-07-11T09:42:22.915+0000] {logging_mixin.py:188} INFO - [2025-07-11T09:42:22.914+0000] {dag.py:3823} INFO - Setting next_dagrun for example_dag_decorator to None, run_after=None
[2025-07-11T09:42:22.945+0000] {processor.py:183} INFO - Processing /home/airflow/.local/lib/python3.8/site-packages/airflow/example_dags/example_dag_decorator.py took 0.256 seconds
[2025-07-11T09:42:53.038+0000] {processor.py:161} INFO - Started process (PID=975) to work on /home/airflow/.local/lib/python3.8/site-packages/airflow/example_dags/example_dag_decorator.py
[2025-07-11T09:42:53.040+0000] {processor.py:830} INFO - Processing file /home/airflow/.local/lib/python3.8/site-packages/airflow/example_dags/example_dag_decorator.py for tasks to queue
[2025-07-11T09:42:53.042+0000] {logging_mixin.py:188} INFO - [2025-07-11T09:42:53.041+0000] {dagbag.py:538} INFO - Filling up the DagBag from /home/airflow/.local/lib/python3.8/site-packages/airflow/example_dags/example_dag_decorator.py
[2025-07-11T09:42:53.093+0000] {processor.py:840} INFO - DAG(s) 'example_dag_decorator' retrieved from /home/airflow/.local/lib/python3.8/site-packages/airflow/example_dags/example_dag_decorator.py
[2025-07-11T09:42:53.239+0000] {logging_mixin.py:188} INFO - [2025-07-11T09:42:53.238+0000] {dag.py:3036} INFO - Sync 1 DAGs
[2025-07-11T09:42:53.256+0000] {logging_mixin.py:188} INFO - [2025-07-11T09:42:53.255+0000] {dag.py:3823} INFO - Setting next_dagrun for example_dag_decorator to None, run_after=None
[2025-07-11T09:42:53.292+0000] {processor.py:183} INFO - Processing /home/airflow/.local/lib/python3.8/site-packages/airflow/example_dags/example_dag_decorator.py took 0.258 seconds
[2025-07-11T09:43:23.512+0000] {processor.py:161} INFO - Started process (PID=1030) to work on /home/airflow/.local/lib/python3.8/site-packages/airflow/example_dags/example_dag_decorator.py
[2025-07-11T09:43:23.515+0000] {processor.py:830} INFO - Processing file /home/airflow/.local/lib/python3.8/site-packages/airflow/example_dags/example_dag_decorator.py for tasks to queue
[2025-07-11T09:43:23.518+0000] {logging_mixin.py:188} INFO - [2025-07-11T09:43:23.518+0000] {dagbag.py:538} INFO - Filling up the DagBag from /home/airflow/.local/lib/python3.8/site-packages/airflow/example_dags/example_dag_decorator.py
[2025-07-11T09:43:23.568+0000] {processor.py:840} INFO - DAG(s) 'example_dag_decorator' retrieved from /home/airflow/.local/lib/python3.8/site-packages/airflow/example_dags/example_dag_decorator.py
[2025-07-11T09:43:23.728+0000] {logging_mixin.py:188} INFO - [2025-07-11T09:43:23.728+0000] {dag.py:3036} INFO - Sync 1 DAGs
[2025-07-11T09:43:23.747+0000] {logging_mixin.py:188} INFO - [2025-07-11T09:43:23.747+0000] {dag.py:3823} INFO - Setting next_dagrun for example_dag_decorator to None, run_after=None
[2025-07-11T09:43:23.783+0000] {processor.py:183} INFO - Processing /home/airflow/.local/lib/python3.8/site-packages/airflow/example_dags/example_dag_decorator.py took 0.275 seconds
[2025-07-11T09:43:53.847+0000] {processor.py:161} INFO - Started process (PID=1086) to work on /home/airflow/.local/lib/python3.8/site-packages/airflow/example_dags/example_dag_decorator.py
[2025-07-11T09:43:53.849+0000] {processor.py:830} INFO - Processing file /home/airflow/.local/lib/python3.8/site-packages/airflow/example_dags/example_dag_decorator.py for tasks to queue
[2025-07-11T09:43:53.854+0000] {logging_mixin.py:188} INFO - [2025-07-11T09:43:53.853+0000] {dagbag.py:538} INFO - Filling up the DagBag from /home/airflow/.local/lib/python3.8/site-packages/airflow/example_dags/example_dag_decorator.py
[2025-07-11T09:43:53.920+0000] {processor.py:840} INFO - DAG(s) 'example_dag_decorator' retrieved from /home/airflow/.local/lib/python3.8/site-packages/airflow/example_dags/example_dag_decorator.py
[2025-07-11T09:43:54.129+0000] {logging_mixin.py:188} INFO - [2025-07-11T09:43:54.128+0000] {dag.py:3036} INFO - Sync 1 DAGs
[2025-07-11T09:43:54.147+0000] {logging_mixin.py:188} INFO - [2025-07-11T09:43:54.147+0000] {dag.py:3823} INFO - Setting next_dagrun for example_dag_decorator to None, run_after=None
[2025-07-11T09:43:54.179+0000] {processor.py:183} INFO - Processing /home/airflow/.local/lib/python3.8/site-packages/airflow/example_dags/example_dag_decorator.py took 0.338 seconds
[2025-07-11T09:44:24.299+0000] {processor.py:161} INFO - Started process (PID=1141) to work on /home/airflow/.local/lib/python3.8/site-packages/airflow/example_dags/example_dag_decorator.py
[2025-07-11T09:44:24.301+0000] {processor.py:830} INFO - Processing file /home/airflow/.local/lib/python3.8/site-packages/airflow/example_dags/example_dag_decorator.py for tasks to queue
[2025-07-11T09:44:24.304+0000] {logging_mixin.py:188} INFO - [2025-07-11T09:44:24.304+0000] {dagbag.py:538} INFO - Filling up the DagBag from /home/airflow/.local/lib/python3.8/site-packages/airflow/example_dags/example_dag_decorator.py
[2025-07-11T09:44:24.358+0000] {processor.py:840} INFO - DAG(s) 'example_dag_decorator' retrieved from /home/airflow/.local/lib/python3.8/site-packages/airflow/example_dags/example_dag_decorator.py
[2025-07-11T09:44:24.513+0000] {logging_mixin.py:188} INFO - [2025-07-11T09:44:24.513+0000] {dag.py:3036} INFO - Sync 1 DAGs
[2025-07-11T09:44:24.532+0000] {logging_mixin.py:188} INFO - [2025-07-11T09:44:24.532+0000] {dag.py:3823} INFO - Setting next_dagrun for example_dag_decorator to None, run_after=None
[2025-07-11T09:44:24.572+0000] {processor.py:183} INFO - Processing /home/airflow/.local/lib/python3.8/site-packages/airflow/example_dags/example_dag_decorator.py took 0.278 seconds
[2025-07-11T09:44:54.763+0000] {processor.py:161} INFO - Started process (PID=1196) to work on /home/airflow/.local/lib/python3.8/site-packages/airflow/example_dags/example_dag_decorator.py
[2025-07-11T09:44:54.765+0000] {processor.py:830} INFO - Processing file /home/airflow/.local/lib/python3.8/site-packages/airflow/example_dags/example_dag_decorator.py for tasks to queue
[2025-07-11T09:44:54.768+0000] {logging_mixin.py:188} INFO - [2025-07-11T09:44:54.768+0000] {dagbag.py:538} INFO - Filling up the DagBag from /home/airflow/.local/lib/python3.8/site-packages/airflow/example_dags/example_dag_decorator.py
[2025-07-11T09:44:54.829+0000] {processor.py:840} INFO - DAG(s) 'example_dag_decorator' retrieved from /home/airflow/.local/lib/python3.8/site-packages/airflow/example_dags/example_dag_decorator.py
[2025-07-11T09:44:54.981+0000] {logging_mixin.py:188} INFO - [2025-07-11T09:44:54.981+0000] {dag.py:3036} INFO - Sync 1 DAGs
[2025-07-11T09:44:54.998+0000] {logging_mixin.py:188} INFO - [2025-07-11T09:44:54.997+0000] {dag.py:3823} INFO - Setting next_dagrun for example_dag_decorator to None, run_after=None
[2025-07-11T09:44:55.031+0000] {processor.py:183} INFO - Processing /home/airflow/.local/lib/python3.8/site-packages/airflow/example_dags/example_dag_decorator.py took 0.273 seconds
[2025-07-11T09:45:25.159+0000] {processor.py:161} INFO - Started process (PID=1251) to work on /home/airflow/.local/lib/python3.8/site-packages/airflow/example_dags/example_dag_decorator.py
[2025-07-11T09:45:25.161+0000] {processor.py:830} INFO - Processing file /home/airflow/.local/lib/python3.8/site-packages/airflow/example_dags/example_dag_decorator.py for tasks to queue
[2025-07-11T09:45:25.165+0000] {logging_mixin.py:188} INFO - [2025-07-11T09:45:25.165+0000] {dagbag.py:538} INFO - Filling up the DagBag from /home/airflow/.local/lib/python3.8/site-packages/airflow/example_dags/example_dag_decorator.py
[2025-07-11T09:45:25.230+0000] {processor.py:840} INFO - DAG(s) 'example_dag_decorator' retrieved from /home/airflow/.local/lib/python3.8/site-packages/airflow/example_dags/example_dag_decorator.py
[2025-07-11T09:45:25.386+0000] {logging_mixin.py:188} INFO - [2025-07-11T09:45:25.386+0000] {dag.py:3036} INFO - Sync 1 DAGs
[2025-07-11T09:45:25.404+0000] {logging_mixin.py:188} INFO - [2025-07-11T09:45:25.403+0000] {dag.py:3823} INFO - Setting next_dagrun for example_dag_decorator to None, run_after=None
[2025-07-11T09:45:25.437+0000] {processor.py:183} INFO - Processing /home/airflow/.local/lib/python3.8/site-packages/airflow/example_dags/example_dag_decorator.py took 0.284 seconds
[2025-07-11T09:45:55.586+0000] {processor.py:161} INFO - Started process (PID=1306) to work on /home/airflow/.local/lib/python3.8/site-packages/airflow/example_dags/example_dag_decorator.py
[2025-07-11T09:45:55.588+0000] {processor.py:830} INFO - Processing file /home/airflow/.local/lib/python3.8/site-packages/airflow/example_dags/example_dag_decorator.py for tasks to queue
[2025-07-11T09:45:55.591+0000] {logging_mixin.py:188} INFO - [2025-07-11T09:45:55.591+0000] {dagbag.py:538} INFO - Filling up the DagBag from /home/airflow/.local/lib/python3.8/site-packages/airflow/example_dags/example_dag_decorator.py
[2025-07-11T09:45:55.649+0000] {processor.py:840} INFO - DAG(s) 'example_dag_decorator' retrieved from /home/airflow/.local/lib/python3.8/site-packages/airflow/example_dags/example_dag_decorator.py
[2025-07-11T09:45:55.685+0000] {logging_mixin.py:188} INFO - [2025-07-11T09:45:55.684+0000] {dag.py:3036} INFO - Sync 1 DAGs
[2025-07-11T09:45:55.707+0000] {logging_mixin.py:188} INFO - [2025-07-11T09:45:55.707+0000] {dag.py:3823} INFO - Setting next_dagrun for example_dag_decorator to None, run_after=None
[2025-07-11T09:45:55.743+0000] {processor.py:183} INFO - Processing /home/airflow/.local/lib/python3.8/site-packages/airflow/example_dags/example_dag_decorator.py took 0.162 seconds
[2025-07-11T09:46:25.995+0000] {processor.py:161} INFO - Started process (PID=1361) to work on /home/airflow/.local/lib/python3.8/site-packages/airflow/example_dags/example_dag_decorator.py
[2025-07-11T09:46:25.997+0000] {processor.py:830} INFO - Processing file /home/airflow/.local/lib/python3.8/site-packages/airflow/example_dags/example_dag_decorator.py for tasks to queue
[2025-07-11T09:46:26.000+0000] {logging_mixin.py:188} INFO - [2025-07-11T09:46:25.999+0000] {dagbag.py:538} INFO - Filling up the DagBag from /home/airflow/.local/lib/python3.8/site-packages/airflow/example_dags/example_dag_decorator.py
[2025-07-11T09:46:26.053+0000] {processor.py:840} INFO - DAG(s) 'example_dag_decorator' retrieved from /home/airflow/.local/lib/python3.8/site-packages/airflow/example_dags/example_dag_decorator.py
[2025-07-11T09:46:26.200+0000] {logging_mixin.py:188} INFO - [2025-07-11T09:46:26.199+0000] {dag.py:3036} INFO - Sync 1 DAGs
[2025-07-11T09:46:26.215+0000] {logging_mixin.py:188} INFO - [2025-07-11T09:46:26.214+0000] {dag.py:3823} INFO - Setting next_dagrun for example_dag_decorator to None, run_after=None
[2025-07-11T09:46:26.247+0000] {processor.py:183} INFO - Processing /home/airflow/.local/lib/python3.8/site-packages/airflow/example_dags/example_dag_decorator.py took 0.256 seconds
[2025-07-11T09:46:56.413+0000] {processor.py:161} INFO - Started process (PID=1416) to work on /home/airflow/.local/lib/python3.8/site-packages/airflow/example_dags/example_dag_decorator.py
[2025-07-11T09:46:56.415+0000] {processor.py:830} INFO - Processing file /home/airflow/.local/lib/python3.8/site-packages/airflow/example_dags/example_dag_decorator.py for tasks to queue
[2025-07-11T09:46:56.418+0000] {logging_mixin.py:188} INFO - [2025-07-11T09:46:56.418+0000] {dagbag.py:538} INFO - Filling up the DagBag from /home/airflow/.local/lib/python3.8/site-packages/airflow/example_dags/example_dag_decorator.py
[2025-07-11T09:46:56.467+0000] {processor.py:840} INFO - DAG(s) 'example_dag_decorator' retrieved from /home/airflow/.local/lib/python3.8/site-packages/airflow/example_dags/example_dag_decorator.py
[2025-07-11T09:46:56.505+0000] {logging_mixin.py:188} INFO - [2025-07-11T09:46:56.505+0000] {dag.py:3036} INFO - Sync 1 DAGs
[2025-07-11T09:46:56.527+0000] {logging_mixin.py:188} INFO - [2025-07-11T09:46:56.526+0000] {dag.py:3823} INFO - Setting next_dagrun for example_dag_decorator to None, run_after=None
[2025-07-11T09:46:56.566+0000] {processor.py:183} INFO - Processing /home/airflow/.local/lib/python3.8/site-packages/airflow/example_dags/example_dag_decorator.py took 0.158 seconds
[2025-07-11T09:47:27.058+0000] {processor.py:161} INFO - Started process (PID=1471) to work on /home/airflow/.local/lib/python3.8/site-packages/airflow/example_dags/example_dag_decorator.py
[2025-07-11T09:47:27.060+0000] {processor.py:830} INFO - Processing file /home/airflow/.local/lib/python3.8/site-packages/airflow/example_dags/example_dag_decorator.py for tasks to queue
[2025-07-11T09:47:27.063+0000] {logging_mixin.py:188} INFO - [2025-07-11T09:47:27.062+0000] {dagbag.py:538} INFO - Filling up the DagBag from /home/airflow/.local/lib/python3.8/site-packages/airflow/example_dags/example_dag_decorator.py
[2025-07-11T09:47:27.111+0000] {processor.py:840} INFO - DAG(s) 'example_dag_decorator' retrieved from /home/airflow/.local/lib/python3.8/site-packages/airflow/example_dags/example_dag_decorator.py
[2025-07-11T09:47:27.144+0000] {logging_mixin.py:188} INFO - [2025-07-11T09:47:27.143+0000] {dag.py:3036} INFO - Sync 1 DAGs
[2025-07-11T09:47:27.159+0000] {logging_mixin.py:188} INFO - [2025-07-11T09:47:27.159+0000] {dag.py:3823} INFO - Setting next_dagrun for example_dag_decorator to None, run_after=None
[2025-07-11T09:47:27.189+0000] {processor.py:183} INFO - Processing /home/airflow/.local/lib/python3.8/site-packages/airflow/example_dags/example_dag_decorator.py took 0.134 seconds
[2025-07-11T09:47:57.865+0000] {processor.py:161} INFO - Started process (PID=1526) to work on /home/airflow/.local/lib/python3.8/site-packages/airflow/example_dags/example_dag_decorator.py
[2025-07-11T09:47:57.868+0000] {processor.py:830} INFO - Processing file /home/airflow/.local/lib/python3.8/site-packages/airflow/example_dags/example_dag_decorator.py for tasks to queue
[2025-07-11T09:47:57.870+0000] {logging_mixin.py:188} INFO - [2025-07-11T09:47:57.870+0000] {dagbag.py:538} INFO - Filling up the DagBag from /home/airflow/.local/lib/python3.8/site-packages/airflow/example_dags/example_dag_decorator.py
[2025-07-11T09:47:57.920+0000] {processor.py:840} INFO - DAG(s) 'example_dag_decorator' retrieved from /home/airflow/.local/lib/python3.8/site-packages/airflow/example_dags/example_dag_decorator.py
[2025-07-11T09:47:58.063+0000] {logging_mixin.py:188} INFO - [2025-07-11T09:47:58.063+0000] {dag.py:3036} INFO - Sync 1 DAGs
[2025-07-11T09:47:58.080+0000] {logging_mixin.py:188} INFO - [2025-07-11T09:47:58.079+0000] {dag.py:3823} INFO - Setting next_dagrun for example_dag_decorator to None, run_after=None
[2025-07-11T09:47:58.109+0000] {processor.py:183} INFO - Processing /home/airflow/.local/lib/python3.8/site-packages/airflow/example_dags/example_dag_decorator.py took 0.248 seconds
[2025-07-11T09:48:28.353+0000] {processor.py:161} INFO - Started process (PID=1581) to work on /home/airflow/.local/lib/python3.8/site-packages/airflow/example_dags/example_dag_decorator.py
[2025-07-11T09:48:28.354+0000] {processor.py:830} INFO - Processing file /home/airflow/.local/lib/python3.8/site-packages/airflow/example_dags/example_dag_decorator.py for tasks to queue
[2025-07-11T09:48:28.357+0000] {logging_mixin.py:188} INFO - [2025-07-11T09:48:28.356+0000] {dagbag.py:538} INFO - Filling up the DagBag from /home/airflow/.local/lib/python3.8/site-packages/airflow/example_dags/example_dag_decorator.py
[2025-07-11T09:48:28.422+0000] {processor.py:840} INFO - DAG(s) 'example_dag_decorator' retrieved from /home/airflow/.local/lib/python3.8/site-packages/airflow/example_dags/example_dag_decorator.py
[2025-07-11T09:48:28.463+0000] {logging_mixin.py:188} INFO - [2025-07-11T09:48:28.462+0000] {dag.py:3036} INFO - Sync 1 DAGs
[2025-07-11T09:48:28.485+0000] {logging_mixin.py:188} INFO - [2025-07-11T09:48:28.485+0000] {dag.py:3823} INFO - Setting next_dagrun for example_dag_decorator to None, run_after=None
[2025-07-11T09:48:28.518+0000] {processor.py:183} INFO - Processing /home/airflow/.local/lib/python3.8/site-packages/airflow/example_dags/example_dag_decorator.py took 0.169 seconds
[2025-07-11T09:48:58.682+0000] {processor.py:161} INFO - Started process (PID=1636) to work on /home/airflow/.local/lib/python3.8/site-packages/airflow/example_dags/example_dag_decorator.py
[2025-07-11T09:48:58.684+0000] {processor.py:830} INFO - Processing file /home/airflow/.local/lib/python3.8/site-packages/airflow/example_dags/example_dag_decorator.py for tasks to queue
[2025-07-11T09:48:58.688+0000] {logging_mixin.py:188} INFO - [2025-07-11T09:48:58.688+0000] {dagbag.py:538} INFO - Filling up the DagBag from /home/airflow/.local/lib/python3.8/site-packages/airflow/example_dags/example_dag_decorator.py
[2025-07-11T09:48:58.756+0000] {processor.py:840} INFO - DAG(s) 'example_dag_decorator' retrieved from /home/airflow/.local/lib/python3.8/site-packages/airflow/example_dags/example_dag_decorator.py
[2025-07-11T09:48:58.925+0000] {logging_mixin.py:188} INFO - [2025-07-11T09:48:58.925+0000] {dag.py:3036} INFO - Sync 1 DAGs
[2025-07-11T09:48:58.941+0000] {logging_mixin.py:188} INFO - [2025-07-11T09:48:58.941+0000] {dag.py:3823} INFO - Setting next_dagrun for example_dag_decorator to None, run_after=None
[2025-07-11T09:48:58.978+0000] {processor.py:183} INFO - Processing /home/airflow/.local/lib/python3.8/site-packages/airflow/example_dags/example_dag_decorator.py took 0.301 seconds
[2025-07-11T09:49:29.036+0000] {processor.py:161} INFO - Started process (PID=1692) to work on /home/airflow/.local/lib/python3.8/site-packages/airflow/example_dags/example_dag_decorator.py
[2025-07-11T09:49:29.038+0000] {processor.py:830} INFO - Processing file /home/airflow/.local/lib/python3.8/site-packages/airflow/example_dags/example_dag_decorator.py for tasks to queue
[2025-07-11T09:49:29.040+0000] {logging_mixin.py:188} INFO - [2025-07-11T09:49:29.040+0000] {dagbag.py:538} INFO - Filling up the DagBag from /home/airflow/.local/lib/python3.8/site-packages/airflow/example_dags/example_dag_decorator.py
[2025-07-11T09:49:29.098+0000] {processor.py:840} INFO - DAG(s) 'example_dag_decorator' retrieved from /home/airflow/.local/lib/python3.8/site-packages/airflow/example_dags/example_dag_decorator.py
[2025-07-11T09:49:29.268+0000] {logging_mixin.py:188} INFO - [2025-07-11T09:49:29.268+0000] {dag.py:3036} INFO - Sync 1 DAGs
[2025-07-11T09:49:29.283+0000] {logging_mixin.py:188} INFO - [2025-07-11T09:49:29.283+0000] {dag.py:3823} INFO - Setting next_dagrun for example_dag_decorator to None, run_after=None
[2025-07-11T09:49:29.328+0000] {processor.py:183} INFO - Processing /home/airflow/.local/lib/python3.8/site-packages/airflow/example_dags/example_dag_decorator.py took 0.296 seconds
[2025-07-11T09:50:00.186+0000] {processor.py:161} INFO - Started process (PID=1747) to work on /home/airflow/.local/lib/python3.8/site-packages/airflow/example_dags/example_dag_decorator.py
[2025-07-11T09:50:00.187+0000] {processor.py:830} INFO - Processing file /home/airflow/.local/lib/python3.8/site-packages/airflow/example_dags/example_dag_decorator.py for tasks to queue
[2025-07-11T09:50:00.190+0000] {logging_mixin.py:188} INFO - [2025-07-11T09:50:00.189+0000] {dagbag.py:538} INFO - Filling up the DagBag from /home/airflow/.local/lib/python3.8/site-packages/airflow/example_dags/example_dag_decorator.py
[2025-07-11T09:50:00.237+0000] {processor.py:840} INFO - DAG(s) 'example_dag_decorator' retrieved from /home/airflow/.local/lib/python3.8/site-packages/airflow/example_dags/example_dag_decorator.py
[2025-07-11T09:50:00.586+0000] {logging_mixin.py:188} INFO - [2025-07-11T09:50:00.586+0000] {dag.py:3036} INFO - Sync 1 DAGs
[2025-07-11T09:50:00.600+0000] {logging_mixin.py:188} INFO - [2025-07-11T09:50:00.599+0000] {dag.py:3823} INFO - Setting next_dagrun for example_dag_decorator to None, run_after=None
[2025-07-11T09:50:00.628+0000] {processor.py:183} INFO - Processing /home/airflow/.local/lib/python3.8/site-packages/airflow/example_dags/example_dag_decorator.py took 0.446 seconds
[2025-07-11T09:50:30.751+0000] {processor.py:161} INFO - Started process (PID=1804) to work on /home/airflow/.local/lib/python3.8/site-packages/airflow/example_dags/example_dag_decorator.py
[2025-07-11T09:50:30.753+0000] {processor.py:830} INFO - Processing file /home/airflow/.local/lib/python3.8/site-packages/airflow/example_dags/example_dag_decorator.py for tasks to queue
[2025-07-11T09:50:30.757+0000] {logging_mixin.py:188} INFO - [2025-07-11T09:50:30.756+0000] {dagbag.py:538} INFO - Filling up the DagBag from /home/airflow/.local/lib/python3.8/site-packages/airflow/example_dags/example_dag_decorator.py
[2025-07-11T09:50:30.819+0000] {processor.py:840} INFO - DAG(s) 'example_dag_decorator' retrieved from /home/airflow/.local/lib/python3.8/site-packages/airflow/example_dags/example_dag_decorator.py
[2025-07-11T09:50:31.181+0000] {logging_mixin.py:188} INFO - [2025-07-11T09:50:31.181+0000] {dag.py:3036} INFO - Sync 1 DAGs
[2025-07-11T09:50:31.195+0000] {logging_mixin.py:188} INFO - [2025-07-11T09:50:31.194+0000] {dag.py:3823} INFO - Setting next_dagrun for example_dag_decorator to None, run_after=None
[2025-07-11T09:50:31.224+0000] {processor.py:183} INFO - Processing /home/airflow/.local/lib/python3.8/site-packages/airflow/example_dags/example_dag_decorator.py took 0.478 seconds
[2025-07-11T09:51:01.330+0000] {processor.py:161} INFO - Started process (PID=1859) to work on /home/airflow/.local/lib/python3.8/site-packages/airflow/example_dags/example_dag_decorator.py
[2025-07-11T09:51:01.332+0000] {processor.py:830} INFO - Processing file /home/airflow/.local/lib/python3.8/site-packages/airflow/example_dags/example_dag_decorator.py for tasks to queue
[2025-07-11T09:51:01.335+0000] {logging_mixin.py:188} INFO - [2025-07-11T09:51:01.334+0000] {dagbag.py:538} INFO - Filling up the DagBag from /home/airflow/.local/lib/python3.8/site-packages/airflow/example_dags/example_dag_decorator.py
[2025-07-11T09:51:01.386+0000] {processor.py:840} INFO - DAG(s) 'example_dag_decorator' retrieved from /home/airflow/.local/lib/python3.8/site-packages/airflow/example_dags/example_dag_decorator.py
[2025-07-11T09:51:01.536+0000] {logging_mixin.py:188} INFO - [2025-07-11T09:51:01.536+0000] {dag.py:3036} INFO - Sync 1 DAGs
[2025-07-11T09:51:01.771+0000] {logging_mixin.py:188} INFO - [2025-07-11T09:51:01.770+0000] {dag.py:3823} INFO - Setting next_dagrun for example_dag_decorator to None, run_after=None
[2025-07-11T09:51:01.808+0000] {processor.py:183} INFO - Processing /home/airflow/.local/lib/python3.8/site-packages/airflow/example_dags/example_dag_decorator.py took 0.482 seconds
[2025-07-11T09:51:31.949+0000] {processor.py:161} INFO - Started process (PID=1910) to work on /home/airflow/.local/lib/python3.8/site-packages/airflow/example_dags/example_dag_decorator.py
[2025-07-11T09:51:31.951+0000] {processor.py:830} INFO - Processing file /home/airflow/.local/lib/python3.8/site-packages/airflow/example_dags/example_dag_decorator.py for tasks to queue
[2025-07-11T09:51:31.955+0000] {logging_mixin.py:188} INFO - [2025-07-11T09:51:31.955+0000] {dagbag.py:538} INFO - Filling up the DagBag from /home/airflow/.local/lib/python3.8/site-packages/airflow/example_dags/example_dag_decorator.py
[2025-07-11T09:51:32.017+0000] {processor.py:840} INFO - DAG(s) 'example_dag_decorator' retrieved from /home/airflow/.local/lib/python3.8/site-packages/airflow/example_dags/example_dag_decorator.py
[2025-07-11T09:51:32.198+0000] {logging_mixin.py:188} INFO - [2025-07-11T09:51:32.197+0000] {dag.py:3036} INFO - Sync 1 DAGs
[2025-07-11T09:51:32.430+0000] {logging_mixin.py:188} INFO - [2025-07-11T09:51:32.429+0000] {dag.py:3823} INFO - Setting next_dagrun for example_dag_decorator to None, run_after=None
[2025-07-11T09:51:32.461+0000] {processor.py:183} INFO - Processing /home/airflow/.local/lib/python3.8/site-packages/airflow/example_dags/example_dag_decorator.py took 0.517 seconds
[2025-07-11T09:52:02.590+0000] {processor.py:161} INFO - Started process (PID=1965) to work on /home/airflow/.local/lib/python3.8/site-packages/airflow/example_dags/example_dag_decorator.py
[2025-07-11T09:52:02.592+0000] {processor.py:830} INFO - Processing file /home/airflow/.local/lib/python3.8/site-packages/airflow/example_dags/example_dag_decorator.py for tasks to queue
[2025-07-11T09:52:02.596+0000] {logging_mixin.py:188} INFO - [2025-07-11T09:52:02.595+0000] {dagbag.py:538} INFO - Filling up the DagBag from /home/airflow/.local/lib/python3.8/site-packages/airflow/example_dags/example_dag_decorator.py
[2025-07-11T09:52:02.659+0000] {processor.py:840} INFO - DAG(s) 'example_dag_decorator' retrieved from /home/airflow/.local/lib/python3.8/site-packages/airflow/example_dags/example_dag_decorator.py
[2025-07-11T09:52:02.700+0000] {logging_mixin.py:188} INFO - [2025-07-11T09:52:02.699+0000] {dag.py:3036} INFO - Sync 1 DAGs
[2025-07-11T09:52:02.724+0000] {logging_mixin.py:188} INFO - [2025-07-11T09:52:02.723+0000] {dag.py:3823} INFO - Setting next_dagrun for example_dag_decorator to None, run_after=None
[2025-07-11T09:52:02.950+0000] {processor.py:183} INFO - Processing /home/airflow/.local/lib/python3.8/site-packages/airflow/example_dags/example_dag_decorator.py took 0.364 seconds
[2025-07-11T09:52:33.402+0000] {processor.py:161} INFO - Started process (PID=2020) to work on /home/airflow/.local/lib/python3.8/site-packages/airflow/example_dags/example_dag_decorator.py
[2025-07-11T09:52:33.403+0000] {processor.py:830} INFO - Processing file /home/airflow/.local/lib/python3.8/site-packages/airflow/example_dags/example_dag_decorator.py for tasks to queue
[2025-07-11T09:52:33.406+0000] {logging_mixin.py:188} INFO - [2025-07-11T09:52:33.406+0000] {dagbag.py:538} INFO - Filling up the DagBag from /home/airflow/.local/lib/python3.8/site-packages/airflow/example_dags/example_dag_decorator.py
[2025-07-11T09:52:33.452+0000] {processor.py:840} INFO - DAG(s) 'example_dag_decorator' retrieved from /home/airflow/.local/lib/python3.8/site-packages/airflow/example_dags/example_dag_decorator.py
[2025-07-11T09:52:33.810+0000] {logging_mixin.py:188} INFO - [2025-07-11T09:52:33.809+0000] {dag.py:3036} INFO - Sync 1 DAGs
[2025-07-11T09:52:33.823+0000] {logging_mixin.py:188} INFO - [2025-07-11T09:52:33.823+0000] {dag.py:3823} INFO - Setting next_dagrun for example_dag_decorator to None, run_after=None
[2025-07-11T09:52:33.856+0000] {processor.py:183} INFO - Processing /home/airflow/.local/lib/python3.8/site-packages/airflow/example_dags/example_dag_decorator.py took 0.459 seconds
[2025-07-11T09:53:03.986+0000] {processor.py:161} INFO - Started process (PID=2075) to work on /home/airflow/.local/lib/python3.8/site-packages/airflow/example_dags/example_dag_decorator.py
[2025-07-11T09:53:03.988+0000] {processor.py:830} INFO - Processing file /home/airflow/.local/lib/python3.8/site-packages/airflow/example_dags/example_dag_decorator.py for tasks to queue
[2025-07-11T09:53:03.991+0000] {logging_mixin.py:188} INFO - [2025-07-11T09:53:03.990+0000] {dagbag.py:538} INFO - Filling up the DagBag from /home/airflow/.local/lib/python3.8/site-packages/airflow/example_dags/example_dag_decorator.py
[2025-07-11T09:53:04.040+0000] {processor.py:840} INFO - DAG(s) 'example_dag_decorator' retrieved from /home/airflow/.local/lib/python3.8/site-packages/airflow/example_dags/example_dag_decorator.py
[2025-07-11T09:53:04.365+0000] {logging_mixin.py:188} INFO - [2025-07-11T09:53:04.365+0000] {dag.py:3036} INFO - Sync 1 DAGs
[2025-07-11T09:53:04.379+0000] {logging_mixin.py:188} INFO - [2025-07-11T09:53:04.378+0000] {dag.py:3823} INFO - Setting next_dagrun for example_dag_decorator to None, run_after=None
[2025-07-11T09:53:04.410+0000] {processor.py:183} INFO - Processing /home/airflow/.local/lib/python3.8/site-packages/airflow/example_dags/example_dag_decorator.py took 0.428 seconds
[2025-07-11T09:53:34.497+0000] {processor.py:161} INFO - Started process (PID=2132) to work on /home/airflow/.local/lib/python3.8/site-packages/airflow/example_dags/example_dag_decorator.py
[2025-07-11T09:53:34.499+0000] {processor.py:830} INFO - Processing file /home/airflow/.local/lib/python3.8/site-packages/airflow/example_dags/example_dag_decorator.py for tasks to queue
[2025-07-11T09:53:34.501+0000] {logging_mixin.py:188} INFO - [2025-07-11T09:53:34.501+0000] {dagbag.py:538} INFO - Filling up the DagBag from /home/airflow/.local/lib/python3.8/site-packages/airflow/example_dags/example_dag_decorator.py
[2025-07-11T09:53:34.579+0000] {processor.py:840} INFO - DAG(s) 'example_dag_decorator' retrieved from /home/airflow/.local/lib/python3.8/site-packages/airflow/example_dags/example_dag_decorator.py
[2025-07-11T09:53:34.971+0000] {logging_mixin.py:188} INFO - [2025-07-11T09:53:34.971+0000] {dag.py:3036} INFO - Sync 1 DAGs
[2025-07-11T09:53:34.985+0000] {logging_mixin.py:188} INFO - [2025-07-11T09:53:34.984+0000] {dag.py:3823} INFO - Setting next_dagrun for example_dag_decorator to None, run_after=None
[2025-07-11T09:53:35.016+0000] {processor.py:183} INFO - Processing /home/airflow/.local/lib/python3.8/site-packages/airflow/example_dags/example_dag_decorator.py took 0.524 seconds
[2025-07-11T09:54:05.699+0000] {processor.py:161} INFO - Started process (PID=2187) to work on /home/airflow/.local/lib/python3.8/site-packages/airflow/example_dags/example_dag_decorator.py
[2025-07-11T09:54:05.704+0000] {processor.py:830} INFO - Processing file /home/airflow/.local/lib/python3.8/site-packages/airflow/example_dags/example_dag_decorator.py for tasks to queue
[2025-07-11T09:54:05.707+0000] {logging_mixin.py:188} INFO - [2025-07-11T09:54:05.706+0000] {dagbag.py:538} INFO - Filling up the DagBag from /home/airflow/.local/lib/python3.8/site-packages/airflow/example_dags/example_dag_decorator.py
[2025-07-11T09:54:05.758+0000] {processor.py:840} INFO - DAG(s) 'example_dag_decorator' retrieved from /home/airflow/.local/lib/python3.8/site-packages/airflow/example_dags/example_dag_decorator.py
[2025-07-11T09:54:06.082+0000] {logging_mixin.py:188} INFO - [2025-07-11T09:54:06.081+0000] {dag.py:3036} INFO - Sync 1 DAGs
[2025-07-11T09:54:06.097+0000] {logging_mixin.py:188} INFO - [2025-07-11T09:54:06.097+0000] {dag.py:3823} INFO - Setting next_dagrun for example_dag_decorator to None, run_after=None
[2025-07-11T09:54:06.134+0000] {processor.py:183} INFO - Processing /home/airflow/.local/lib/python3.8/site-packages/airflow/example_dags/example_dag_decorator.py took 0.440 seconds
[2025-07-11T09:54:36.399+0000] {processor.py:161} INFO - Started process (PID=2242) to work on /home/airflow/.local/lib/python3.8/site-packages/airflow/example_dags/example_dag_decorator.py
[2025-07-11T09:54:36.401+0000] {processor.py:830} INFO - Processing file /home/airflow/.local/lib/python3.8/site-packages/airflow/example_dags/example_dag_decorator.py for tasks to queue
[2025-07-11T09:54:36.404+0000] {logging_mixin.py:188} INFO - [2025-07-11T09:54:36.403+0000] {dagbag.py:538} INFO - Filling up the DagBag from /home/airflow/.local/lib/python3.8/site-packages/airflow/example_dags/example_dag_decorator.py
[2025-07-11T09:54:36.644+0000] {processor.py:840} INFO - DAG(s) 'example_dag_decorator' retrieved from /home/airflow/.local/lib/python3.8/site-packages/airflow/example_dags/example_dag_decorator.py
[2025-07-11T09:54:36.787+0000] {logging_mixin.py:188} INFO - [2025-07-11T09:54:36.787+0000] {dag.py:3036} INFO - Sync 1 DAGs
[2025-07-11T09:54:36.803+0000] {logging_mixin.py:188} INFO - [2025-07-11T09:54:36.803+0000] {dag.py:3823} INFO - Setting next_dagrun for example_dag_decorator to None, run_after=None
[2025-07-11T09:54:36.845+0000] {processor.py:183} INFO - Processing /home/airflow/.local/lib/python3.8/site-packages/airflow/example_dags/example_dag_decorator.py took 0.450 seconds
