[2025-07-11T09:24:55.610+0000] {processor.py:161} INFO - Started process (PID=91) to work on /home/airflow/.local/lib/python3.8/site-packages/airflow/example_dags/example_latest_only.py
[2025-07-11T09:24:55.611+0000] {processor.py:830} INFO - Processing file /home/airflow/.local/lib/python3.8/site-packages/airflow/example_dags/example_latest_only.py for tasks to queue
[2025-07-11T09:24:55.614+0000] {logging_mixin.py:188} INFO - [2025-07-11T09:24:55.614+0000] {dagbag.py:538} INFO - Filling up the DagBag from /home/airflow/.local/lib/python3.8/site-packages/airflow/example_dags/example_latest_only.py
[2025-07-11T09:24:55.622+0000] {processor.py:840} INFO - DAG(s) 'latest_only' retrieved from /home/airflow/.local/lib/python3.8/site-packages/airflow/example_dags/example_latest_only.py
[2025-07-11T09:24:55.875+0000] {logging_mixin.py:188} INFO - [2025-07-11T09:24:55.873+0000] {override.py:1769} INFO - Created Permission View: can edit on DAG:latest_only
[2025-07-11T09:24:55.898+0000] {logging_mixin.py:188} INFO - [2025-07-11T09:24:55.897+0000] {override.py:1769} INFO - Created Permission View: can delete on DAG:latest_only
[2025-07-11T09:24:55.914+0000] {logging_mixin.py:188} INFO - [2025-07-11T09:24:55.914+0000] {override.py:1769} INFO - Created Permission View: can read on DAG:latest_only
[2025-07-11T09:24:55.915+0000] {logging_mixin.py:188} INFO - [2025-07-11T09:24:55.915+0000] {dag.py:3036} INFO - Sync 1 DAGs
[2025-07-11T09:24:55.940+0000] {logging_mixin.py:188} INFO - [2025-07-11T09:24:55.940+0000] {dag.py:3058} INFO - Creating ORM DAG for latest_only
[2025-07-11T09:24:55.959+0000] {logging_mixin.py:188} INFO - [2025-07-11T09:24:55.958+0000] {dag.py:3823} INFO - Setting next_dagrun for latest_only to 2025-07-11 04:00:00+00:00, run_after=2025-07-11 08:00:00+00:00
[2025-07-11T09:24:56.005+0000] {processor.py:183} INFO - Processing /home/airflow/.local/lib/python3.8/site-packages/airflow/example_dags/example_latest_only.py took 0.401 seconds
[2025-07-11T09:25:26.494+0000] {processor.py:161} INFO - Started process (PID=146) to work on /home/airflow/.local/lib/python3.8/site-packages/airflow/example_dags/example_latest_only.py
[2025-07-11T09:25:26.496+0000] {processor.py:830} INFO - Processing file /home/airflow/.local/lib/python3.8/site-packages/airflow/example_dags/example_latest_only.py for tasks to queue
[2025-07-11T09:25:26.498+0000] {logging_mixin.py:188} INFO - [2025-07-11T09:25:26.498+0000] {dagbag.py:538} INFO - Filling up the DagBag from /home/airflow/.local/lib/python3.8/site-packages/airflow/example_dags/example_latest_only.py
[2025-07-11T09:25:26.505+0000] {processor.py:840} INFO - DAG(s) 'latest_only' retrieved from /home/airflow/.local/lib/python3.8/site-packages/airflow/example_dags/example_latest_only.py
[2025-07-11T09:25:26.532+0000] {logging_mixin.py:188} INFO - [2025-07-11T09:25:26.532+0000] {dag.py:3036} INFO - Sync 1 DAGs
[2025-07-11T09:25:26.567+0000] {logging_mixin.py:188} INFO - [2025-07-11T09:25:26.566+0000] {dag.py:3823} INFO - Setting next_dagrun for latest_only to 2025-07-11 04:00:00+00:00, run_after=2025-07-11 08:00:00+00:00
[2025-07-11T09:25:26.597+0000] {processor.py:183} INFO - Processing /home/airflow/.local/lib/python3.8/site-packages/airflow/example_dags/example_latest_only.py took 0.107 seconds
[2025-07-11T09:25:56.986+0000] {processor.py:161} INFO - Started process (PID=201) to work on /home/airflow/.local/lib/python3.8/site-packages/airflow/example_dags/example_latest_only.py
[2025-07-11T09:25:56.988+0000] {processor.py:830} INFO - Processing file /home/airflow/.local/lib/python3.8/site-packages/airflow/example_dags/example_latest_only.py for tasks to queue
[2025-07-11T09:25:56.990+0000] {logging_mixin.py:188} INFO - [2025-07-11T09:25:56.990+0000] {dagbag.py:538} INFO - Filling up the DagBag from /home/airflow/.local/lib/python3.8/site-packages/airflow/example_dags/example_latest_only.py
[2025-07-11T09:25:56.997+0000] {processor.py:840} INFO - DAG(s) 'latest_only' retrieved from /home/airflow/.local/lib/python3.8/site-packages/airflow/example_dags/example_latest_only.py
[2025-07-11T09:25:57.024+0000] {logging_mixin.py:188} INFO - [2025-07-11T09:25:57.024+0000] {dag.py:3036} INFO - Sync 1 DAGs
[2025-07-11T09:25:57.055+0000] {logging_mixin.py:188} INFO - [2025-07-11T09:25:57.055+0000] {dag.py:3823} INFO - Setting next_dagrun for latest_only to 2025-07-11 04:00:00+00:00, run_after=2025-07-11 08:00:00+00:00
[2025-07-11T09:25:57.087+0000] {processor.py:183} INFO - Processing /home/airflow/.local/lib/python3.8/site-packages/airflow/example_dags/example_latest_only.py took 0.106 seconds
[2025-07-11T09:26:27.331+0000] {processor.py:161} INFO - Started process (PID=256) to work on /home/airflow/.local/lib/python3.8/site-packages/airflow/example_dags/example_latest_only.py
[2025-07-11T09:26:27.333+0000] {processor.py:830} INFO - Processing file /home/airflow/.local/lib/python3.8/site-packages/airflow/example_dags/example_latest_only.py for tasks to queue
[2025-07-11T09:26:27.335+0000] {logging_mixin.py:188} INFO - [2025-07-11T09:26:27.335+0000] {dagbag.py:538} INFO - Filling up the DagBag from /home/airflow/.local/lib/python3.8/site-packages/airflow/example_dags/example_latest_only.py
[2025-07-11T09:26:27.343+0000] {processor.py:840} INFO - DAG(s) 'latest_only' retrieved from /home/airflow/.local/lib/python3.8/site-packages/airflow/example_dags/example_latest_only.py
[2025-07-11T09:26:27.371+0000] {logging_mixin.py:188} INFO - [2025-07-11T09:26:27.371+0000] {dag.py:3036} INFO - Sync 1 DAGs
[2025-07-11T09:26:27.403+0000] {logging_mixin.py:188} INFO - [2025-07-11T09:26:27.402+0000] {dag.py:3823} INFO - Setting next_dagrun for latest_only to 2025-07-11 04:00:00+00:00, run_after=2025-07-11 08:00:00+00:00
[2025-07-11T09:26:27.431+0000] {processor.py:183} INFO - Processing /home/airflow/.local/lib/python3.8/site-packages/airflow/example_dags/example_latest_only.py took 0.105 seconds
[2025-07-11T09:26:57.661+0000] {processor.py:161} INFO - Started process (PID=311) to work on /home/airflow/.local/lib/python3.8/site-packages/airflow/example_dags/example_latest_only.py
[2025-07-11T09:26:57.662+0000] {processor.py:830} INFO - Processing file /home/airflow/.local/lib/python3.8/site-packages/airflow/example_dags/example_latest_only.py for tasks to queue
[2025-07-11T09:26:57.665+0000] {logging_mixin.py:188} INFO - [2025-07-11T09:26:57.664+0000] {dagbag.py:538} INFO - Filling up the DagBag from /home/airflow/.local/lib/python3.8/site-packages/airflow/example_dags/example_latest_only.py
[2025-07-11T09:26:57.672+0000] {processor.py:840} INFO - DAG(s) 'latest_only' retrieved from /home/airflow/.local/lib/python3.8/site-packages/airflow/example_dags/example_latest_only.py
[2025-07-11T09:26:57.703+0000] {logging_mixin.py:188} INFO - [2025-07-11T09:26:57.703+0000] {dag.py:3036} INFO - Sync 1 DAGs
[2025-07-11T09:26:57.748+0000] {logging_mixin.py:188} INFO - [2025-07-11T09:26:57.747+0000] {dag.py:3823} INFO - Setting next_dagrun for latest_only to 2025-07-11 04:00:00+00:00, run_after=2025-07-11 08:00:00+00:00
[2025-07-11T09:26:57.782+0000] {processor.py:183} INFO - Processing /home/airflow/.local/lib/python3.8/site-packages/airflow/example_dags/example_latest_only.py took 0.126 seconds
[2025-07-11T09:28:23.660+0000] {processor.py:161} INFO - Started process (PID=92) to work on /home/airflow/.local/lib/python3.8/site-packages/airflow/example_dags/example_latest_only.py
[2025-07-11T09:28:23.661+0000] {processor.py:830} INFO - Processing file /home/airflow/.local/lib/python3.8/site-packages/airflow/example_dags/example_latest_only.py for tasks to queue
[2025-07-11T09:28:23.664+0000] {logging_mixin.py:188} INFO - [2025-07-11T09:28:23.664+0000] {dagbag.py:538} INFO - Filling up the DagBag from /home/airflow/.local/lib/python3.8/site-packages/airflow/example_dags/example_latest_only.py
[2025-07-11T09:28:23.673+0000] {processor.py:840} INFO - DAG(s) 'latest_only' retrieved from /home/airflow/.local/lib/python3.8/site-packages/airflow/example_dags/example_latest_only.py
[2025-07-11T09:28:23.860+0000] {logging_mixin.py:188} INFO - [2025-07-11T09:28:23.859+0000] {override.py:1769} INFO - Created Permission View: can read on DAG:latest_only
[2025-07-11T09:28:23.880+0000] {logging_mixin.py:188} INFO - [2025-07-11T09:28:23.879+0000] {override.py:1769} INFO - Created Permission View: can delete on DAG:latest_only
[2025-07-11T09:28:23.895+0000] {logging_mixin.py:188} INFO - [2025-07-11T09:28:23.894+0000] {override.py:1769} INFO - Created Permission View: can edit on DAG:latest_only
[2025-07-11T09:28:23.895+0000] {logging_mixin.py:188} INFO - [2025-07-11T09:28:23.895+0000] {dag.py:3036} INFO - Sync 1 DAGs
[2025-07-11T09:28:23.912+0000] {logging_mixin.py:188} INFO - [2025-07-11T09:28:23.912+0000] {dag.py:3058} INFO - Creating ORM DAG for latest_only
[2025-07-11T09:28:23.926+0000] {logging_mixin.py:188} INFO - [2025-07-11T09:28:23.926+0000] {dag.py:3823} INFO - Setting next_dagrun for latest_only to 2025-07-11 04:00:00+00:00, run_after=2025-07-11 08:00:00+00:00
[2025-07-11T09:28:23.956+0000] {processor.py:183} INFO - Processing /home/airflow/.local/lib/python3.8/site-packages/airflow/example_dags/example_latest_only.py took 0.302 seconds
[2025-07-11T09:28:54.286+0000] {processor.py:161} INFO - Started process (PID=147) to work on /home/airflow/.local/lib/python3.8/site-packages/airflow/example_dags/example_latest_only.py
[2025-07-11T09:28:54.287+0000] {processor.py:830} INFO - Processing file /home/airflow/.local/lib/python3.8/site-packages/airflow/example_dags/example_latest_only.py for tasks to queue
[2025-07-11T09:28:54.290+0000] {logging_mixin.py:188} INFO - [2025-07-11T09:28:54.290+0000] {dagbag.py:538} INFO - Filling up the DagBag from /home/airflow/.local/lib/python3.8/site-packages/airflow/example_dags/example_latest_only.py
[2025-07-11T09:28:54.300+0000] {processor.py:840} INFO - DAG(s) 'latest_only' retrieved from /home/airflow/.local/lib/python3.8/site-packages/airflow/example_dags/example_latest_only.py
[2025-07-11T09:28:54.334+0000] {logging_mixin.py:188} INFO - [2025-07-11T09:28:54.333+0000] {dag.py:3036} INFO - Sync 1 DAGs
[2025-07-11T09:28:54.381+0000] {logging_mixin.py:188} INFO - [2025-07-11T09:28:54.380+0000] {dag.py:3823} INFO - Setting next_dagrun for latest_only to 2025-07-11 04:00:00+00:00, run_after=2025-07-11 08:00:00+00:00
[2025-07-11T09:28:54.422+0000] {processor.py:183} INFO - Processing /home/airflow/.local/lib/python3.8/site-packages/airflow/example_dags/example_latest_only.py took 0.142 seconds
[2025-07-11T09:29:24.771+0000] {processor.py:161} INFO - Started process (PID=202) to work on /home/airflow/.local/lib/python3.8/site-packages/airflow/example_dags/example_latest_only.py
[2025-07-11T09:29:24.773+0000] {processor.py:830} INFO - Processing file /home/airflow/.local/lib/python3.8/site-packages/airflow/example_dags/example_latest_only.py for tasks to queue
[2025-07-11T09:29:24.775+0000] {logging_mixin.py:188} INFO - [2025-07-11T09:29:24.775+0000] {dagbag.py:538} INFO - Filling up the DagBag from /home/airflow/.local/lib/python3.8/site-packages/airflow/example_dags/example_latest_only.py
[2025-07-11T09:29:24.782+0000] {processor.py:840} INFO - DAG(s) 'latest_only' retrieved from /home/airflow/.local/lib/python3.8/site-packages/airflow/example_dags/example_latest_only.py
[2025-07-11T09:29:24.810+0000] {logging_mixin.py:188} INFO - [2025-07-11T09:29:24.810+0000] {dag.py:3036} INFO - Sync 1 DAGs
[2025-07-11T09:29:24.841+0000] {logging_mixin.py:188} INFO - [2025-07-11T09:29:24.840+0000] {dag.py:3823} INFO - Setting next_dagrun for latest_only to 2025-07-11 04:00:00+00:00, run_after=2025-07-11 08:00:00+00:00
[2025-07-11T09:29:24.871+0000] {processor.py:183} INFO - Processing /home/airflow/.local/lib/python3.8/site-packages/airflow/example_dags/example_latest_only.py took 0.104 seconds
[2025-07-11T09:29:55.224+0000] {processor.py:161} INFO - Started process (PID=257) to work on /home/airflow/.local/lib/python3.8/site-packages/airflow/example_dags/example_latest_only.py
[2025-07-11T09:29:55.225+0000] {processor.py:830} INFO - Processing file /home/airflow/.local/lib/python3.8/site-packages/airflow/example_dags/example_latest_only.py for tasks to queue
[2025-07-11T09:29:55.228+0000] {logging_mixin.py:188} INFO - [2025-07-11T09:29:55.227+0000] {dagbag.py:538} INFO - Filling up the DagBag from /home/airflow/.local/lib/python3.8/site-packages/airflow/example_dags/example_latest_only.py
[2025-07-11T09:29:55.234+0000] {processor.py:840} INFO - DAG(s) 'latest_only' retrieved from /home/airflow/.local/lib/python3.8/site-packages/airflow/example_dags/example_latest_only.py
[2025-07-11T09:29:55.262+0000] {logging_mixin.py:188} INFO - [2025-07-11T09:29:55.262+0000] {dag.py:3036} INFO - Sync 1 DAGs
[2025-07-11T09:29:55.293+0000] {logging_mixin.py:188} INFO - [2025-07-11T09:29:55.292+0000] {dag.py:3823} INFO - Setting next_dagrun for latest_only to 2025-07-11 04:00:00+00:00, run_after=2025-07-11 08:00:00+00:00
[2025-07-11T09:29:55.322+0000] {processor.py:183} INFO - Processing /home/airflow/.local/lib/python3.8/site-packages/airflow/example_dags/example_latest_only.py took 0.102 seconds
[2025-07-11T09:30:25.610+0000] {processor.py:161} INFO - Started process (PID=312) to work on /home/airflow/.local/lib/python3.8/site-packages/airflow/example_dags/example_latest_only.py
[2025-07-11T09:30:25.612+0000] {processor.py:830} INFO - Processing file /home/airflow/.local/lib/python3.8/site-packages/airflow/example_dags/example_latest_only.py for tasks to queue
[2025-07-11T09:30:25.614+0000] {logging_mixin.py:188} INFO - [2025-07-11T09:30:25.614+0000] {dagbag.py:538} INFO - Filling up the DagBag from /home/airflow/.local/lib/python3.8/site-packages/airflow/example_dags/example_latest_only.py
[2025-07-11T09:30:25.622+0000] {processor.py:840} INFO - DAG(s) 'latest_only' retrieved from /home/airflow/.local/lib/python3.8/site-packages/airflow/example_dags/example_latest_only.py
[2025-07-11T09:30:25.653+0000] {logging_mixin.py:188} INFO - [2025-07-11T09:30:25.653+0000] {dag.py:3036} INFO - Sync 1 DAGs
[2025-07-11T09:30:25.697+0000] {logging_mixin.py:188} INFO - [2025-07-11T09:30:25.696+0000] {dag.py:3823} INFO - Setting next_dagrun for latest_only to 2025-07-11 04:00:00+00:00, run_after=2025-07-11 08:00:00+00:00
[2025-07-11T09:30:25.734+0000] {processor.py:183} INFO - Processing /home/airflow/.local/lib/python3.8/site-packages/airflow/example_dags/example_latest_only.py took 0.129 seconds
[2025-07-11T09:30:56.325+0000] {processor.py:161} INFO - Started process (PID=367) to work on /home/airflow/.local/lib/python3.8/site-packages/airflow/example_dags/example_latest_only.py
[2025-07-11T09:30:56.327+0000] {processor.py:830} INFO - Processing file /home/airflow/.local/lib/python3.8/site-packages/airflow/example_dags/example_latest_only.py for tasks to queue
[2025-07-11T09:30:56.330+0000] {logging_mixin.py:188} INFO - [2025-07-11T09:30:56.329+0000] {dagbag.py:538} INFO - Filling up the DagBag from /home/airflow/.local/lib/python3.8/site-packages/airflow/example_dags/example_latest_only.py
[2025-07-11T09:30:56.337+0000] {processor.py:840} INFO - DAG(s) 'latest_only' retrieved from /home/airflow/.local/lib/python3.8/site-packages/airflow/example_dags/example_latest_only.py
[2025-07-11T09:30:56.367+0000] {logging_mixin.py:188} INFO - [2025-07-11T09:30:56.366+0000] {dag.py:3036} INFO - Sync 1 DAGs
[2025-07-11T09:30:56.406+0000] {logging_mixin.py:188} INFO - [2025-07-11T09:30:56.406+0000] {dag.py:3823} INFO - Setting next_dagrun for latest_only to 2025-07-11 04:00:00+00:00, run_after=2025-07-11 08:00:00+00:00
[2025-07-11T09:30:56.439+0000] {processor.py:183} INFO - Processing /home/airflow/.local/lib/python3.8/site-packages/airflow/example_dags/example_latest_only.py took 0.118 seconds
[2025-07-11T09:31:26.675+0000] {processor.py:161} INFO - Started process (PID=422) to work on /home/airflow/.local/lib/python3.8/site-packages/airflow/example_dags/example_latest_only.py
[2025-07-11T09:31:26.676+0000] {processor.py:830} INFO - Processing file /home/airflow/.local/lib/python3.8/site-packages/airflow/example_dags/example_latest_only.py for tasks to queue
[2025-07-11T09:31:26.679+0000] {logging_mixin.py:188} INFO - [2025-07-11T09:31:26.678+0000] {dagbag.py:538} INFO - Filling up the DagBag from /home/airflow/.local/lib/python3.8/site-packages/airflow/example_dags/example_latest_only.py
[2025-07-11T09:31:26.685+0000] {processor.py:840} INFO - DAG(s) 'latest_only' retrieved from /home/airflow/.local/lib/python3.8/site-packages/airflow/example_dags/example_latest_only.py
[2025-07-11T09:31:26.712+0000] {logging_mixin.py:188} INFO - [2025-07-11T09:31:26.712+0000] {dag.py:3036} INFO - Sync 1 DAGs
[2025-07-11T09:31:26.745+0000] {logging_mixin.py:188} INFO - [2025-07-11T09:31:26.744+0000] {dag.py:3823} INFO - Setting next_dagrun for latest_only to 2025-07-11 04:00:00+00:00, run_after=2025-07-11 08:00:00+00:00
[2025-07-11T09:31:26.773+0000] {processor.py:183} INFO - Processing /home/airflow/.local/lib/python3.8/site-packages/airflow/example_dags/example_latest_only.py took 0.102 seconds
[2025-07-11T09:31:57.686+0000] {processor.py:161} INFO - Started process (PID=477) to work on /home/airflow/.local/lib/python3.8/site-packages/airflow/example_dags/example_latest_only.py
[2025-07-11T09:31:57.689+0000] {processor.py:830} INFO - Processing file /home/airflow/.local/lib/python3.8/site-packages/airflow/example_dags/example_latest_only.py for tasks to queue
[2025-07-11T09:31:57.692+0000] {logging_mixin.py:188} INFO - [2025-07-11T09:31:57.692+0000] {dagbag.py:538} INFO - Filling up the DagBag from /home/airflow/.local/lib/python3.8/site-packages/airflow/example_dags/example_latest_only.py
[2025-07-11T09:31:57.701+0000] {processor.py:840} INFO - DAG(s) 'latest_only' retrieved from /home/airflow/.local/lib/python3.8/site-packages/airflow/example_dags/example_latest_only.py
[2025-07-11T09:31:57.744+0000] {logging_mixin.py:188} INFO - [2025-07-11T09:31:57.743+0000] {dag.py:3036} INFO - Sync 1 DAGs
[2025-07-11T09:31:57.793+0000] {logging_mixin.py:188} INFO - [2025-07-11T09:31:57.792+0000] {dag.py:3823} INFO - Setting next_dagrun for latest_only to 2025-07-11 04:00:00+00:00, run_after=2025-07-11 08:00:00+00:00
[2025-07-11T09:31:57.841+0000] {processor.py:183} INFO - Processing /home/airflow/.local/lib/python3.8/site-packages/airflow/example_dags/example_latest_only.py took 0.164 seconds
[2025-07-11T09:32:28.298+0000] {processor.py:161} INFO - Started process (PID=532) to work on /home/airflow/.local/lib/python3.8/site-packages/airflow/example_dags/example_latest_only.py
[2025-07-11T09:32:28.300+0000] {processor.py:830} INFO - Processing file /home/airflow/.local/lib/python3.8/site-packages/airflow/example_dags/example_latest_only.py for tasks to queue
[2025-07-11T09:32:28.304+0000] {logging_mixin.py:188} INFO - [2025-07-11T09:32:28.303+0000] {dagbag.py:538} INFO - Filling up the DagBag from /home/airflow/.local/lib/python3.8/site-packages/airflow/example_dags/example_latest_only.py
[2025-07-11T09:32:28.313+0000] {processor.py:840} INFO - DAG(s) 'latest_only' retrieved from /home/airflow/.local/lib/python3.8/site-packages/airflow/example_dags/example_latest_only.py
[2025-07-11T09:32:28.352+0000] {logging_mixin.py:188} INFO - [2025-07-11T09:32:28.352+0000] {dag.py:3036} INFO - Sync 1 DAGs
[2025-07-11T09:32:28.400+0000] {logging_mixin.py:188} INFO - [2025-07-11T09:32:28.399+0000] {dag.py:3823} INFO - Setting next_dagrun for latest_only to 2025-07-11 04:00:00+00:00, run_after=2025-07-11 08:00:00+00:00
[2025-07-11T09:32:28.445+0000] {processor.py:183} INFO - Processing /home/airflow/.local/lib/python3.8/site-packages/airflow/example_dags/example_latest_only.py took 0.152 seconds
[2025-07-11T09:32:59.130+0000] {processor.py:161} INFO - Started process (PID=587) to work on /home/airflow/.local/lib/python3.8/site-packages/airflow/example_dags/example_latest_only.py
[2025-07-11T09:32:59.132+0000] {processor.py:830} INFO - Processing file /home/airflow/.local/lib/python3.8/site-packages/airflow/example_dags/example_latest_only.py for tasks to queue
[2025-07-11T09:32:59.135+0000] {logging_mixin.py:188} INFO - [2025-07-11T09:32:59.135+0000] {dagbag.py:538} INFO - Filling up the DagBag from /home/airflow/.local/lib/python3.8/site-packages/airflow/example_dags/example_latest_only.py
[2025-07-11T09:32:59.144+0000] {processor.py:840} INFO - DAG(s) 'latest_only' retrieved from /home/airflow/.local/lib/python3.8/site-packages/airflow/example_dags/example_latest_only.py
[2025-07-11T09:32:59.174+0000] {logging_mixin.py:188} INFO - [2025-07-11T09:32:59.173+0000] {dag.py:3036} INFO - Sync 1 DAGs
[2025-07-11T09:32:59.207+0000] {logging_mixin.py:188} INFO - [2025-07-11T09:32:59.207+0000] {dag.py:3823} INFO - Setting next_dagrun for latest_only to 2025-07-11 04:00:00+00:00, run_after=2025-07-11 08:00:00+00:00
[2025-07-11T09:32:59.238+0000] {processor.py:183} INFO - Processing /home/airflow/.local/lib/python3.8/site-packages/airflow/example_dags/example_latest_only.py took 0.112 seconds
[2025-07-11T09:33:29.473+0000] {processor.py:161} INFO - Started process (PID=642) to work on /home/airflow/.local/lib/python3.8/site-packages/airflow/example_dags/example_latest_only.py
[2025-07-11T09:33:29.475+0000] {processor.py:830} INFO - Processing file /home/airflow/.local/lib/python3.8/site-packages/airflow/example_dags/example_latest_only.py for tasks to queue
[2025-07-11T09:33:29.479+0000] {logging_mixin.py:188} INFO - [2025-07-11T09:33:29.478+0000] {dagbag.py:538} INFO - Filling up the DagBag from /home/airflow/.local/lib/python3.8/site-packages/airflow/example_dags/example_latest_only.py
[2025-07-11T09:33:29.489+0000] {processor.py:840} INFO - DAG(s) 'latest_only' retrieved from /home/airflow/.local/lib/python3.8/site-packages/airflow/example_dags/example_latest_only.py
[2025-07-11T09:33:29.522+0000] {logging_mixin.py:188} INFO - [2025-07-11T09:33:29.521+0000] {dag.py:3036} INFO - Sync 1 DAGs
[2025-07-11T09:33:29.557+0000] {logging_mixin.py:188} INFO - [2025-07-11T09:33:29.557+0000] {dag.py:3823} INFO - Setting next_dagrun for latest_only to 2025-07-11 04:00:00+00:00, run_after=2025-07-11 08:00:00+00:00
[2025-07-11T09:33:29.590+0000] {processor.py:183} INFO - Processing /home/airflow/.local/lib/python3.8/site-packages/airflow/example_dags/example_latest_only.py took 0.122 seconds
[2025-07-11T09:34:44.793+0000] {processor.py:161} INFO - Started process (PID=93) to work on /home/airflow/.local/lib/python3.8/site-packages/airflow/example_dags/example_latest_only.py
[2025-07-11T09:34:44.796+0000] {processor.py:830} INFO - Processing file /home/airflow/.local/lib/python3.8/site-packages/airflow/example_dags/example_latest_only.py for tasks to queue
[2025-07-11T09:34:44.809+0000] {logging_mixin.py:188} INFO - [2025-07-11T09:34:44.808+0000] {dagbag.py:538} INFO - Filling up the DagBag from /home/airflow/.local/lib/python3.8/site-packages/airflow/example_dags/example_latest_only.py
[2025-07-11T09:34:44.832+0000] {processor.py:840} INFO - DAG(s) 'latest_only' retrieved from /home/airflow/.local/lib/python3.8/site-packages/airflow/example_dags/example_latest_only.py
[2025-07-11T09:34:45.145+0000] {logging_mixin.py:188} INFO - [2025-07-11T09:34:45.142+0000] {override.py:1769} INFO - Created Permission View: can edit on DAG:latest_only
[2025-07-11T09:34:45.222+0000] {logging_mixin.py:188} INFO - [2025-07-11T09:34:45.221+0000] {override.py:1769} INFO - Created Permission View: can delete on DAG:latest_only
[2025-07-11T09:34:45.248+0000] {logging_mixin.py:188} INFO - [2025-07-11T09:34:45.247+0000] {override.py:1769} INFO - Created Permission View: can read on DAG:latest_only
[2025-07-11T09:34:45.249+0000] {logging_mixin.py:188} INFO - [2025-07-11T09:34:45.248+0000] {dag.py:3036} INFO - Sync 1 DAGs
[2025-07-11T09:34:45.301+0000] {logging_mixin.py:188} INFO - [2025-07-11T09:34:45.299+0000] {dag.py:3058} INFO - Creating ORM DAG for latest_only
[2025-07-11T09:34:45.340+0000] {logging_mixin.py:188} INFO - [2025-07-11T09:34:45.339+0000] {dag.py:3823} INFO - Setting next_dagrun for latest_only to 2025-07-11 04:00:00+00:00, run_after=2025-07-11 08:00:00+00:00
[2025-07-11T09:34:45.375+0000] {processor.py:183} INFO - Processing /home/airflow/.local/lib/python3.8/site-packages/airflow/example_dags/example_latest_only.py took 0.599 seconds
[2025-07-11T09:35:16.250+0000] {processor.py:161} INFO - Started process (PID=148) to work on /home/airflow/.local/lib/python3.8/site-packages/airflow/example_dags/example_latest_only.py
[2025-07-11T09:35:16.253+0000] {processor.py:830} INFO - Processing file /home/airflow/.local/lib/python3.8/site-packages/airflow/example_dags/example_latest_only.py for tasks to queue
[2025-07-11T09:35:16.256+0000] {logging_mixin.py:188} INFO - [2025-07-11T09:35:16.255+0000] {dagbag.py:538} INFO - Filling up the DagBag from /home/airflow/.local/lib/python3.8/site-packages/airflow/example_dags/example_latest_only.py
[2025-07-11T09:35:16.267+0000] {processor.py:840} INFO - DAG(s) 'latest_only' retrieved from /home/airflow/.local/lib/python3.8/site-packages/airflow/example_dags/example_latest_only.py
[2025-07-11T09:35:16.303+0000] {logging_mixin.py:188} INFO - [2025-07-11T09:35:16.303+0000] {dag.py:3036} INFO - Sync 1 DAGs
[2025-07-11T09:35:16.341+0000] {logging_mixin.py:188} INFO - [2025-07-11T09:35:16.341+0000] {dag.py:3823} INFO - Setting next_dagrun for latest_only to 2025-07-11 04:00:00+00:00, run_after=2025-07-11 08:00:00+00:00
[2025-07-11T09:35:16.372+0000] {processor.py:183} INFO - Processing /home/airflow/.local/lib/python3.8/site-packages/airflow/example_dags/example_latest_only.py took 0.128 seconds
[2025-07-11T09:35:46.496+0000] {processor.py:161} INFO - Started process (PID=203) to work on /home/airflow/.local/lib/python3.8/site-packages/airflow/example_dags/example_latest_only.py
[2025-07-11T09:35:46.497+0000] {processor.py:830} INFO - Processing file /home/airflow/.local/lib/python3.8/site-packages/airflow/example_dags/example_latest_only.py for tasks to queue
[2025-07-11T09:35:46.499+0000] {logging_mixin.py:188} INFO - [2025-07-11T09:35:46.499+0000] {dagbag.py:538} INFO - Filling up the DagBag from /home/airflow/.local/lib/python3.8/site-packages/airflow/example_dags/example_latest_only.py
[2025-07-11T09:35:46.506+0000] {processor.py:840} INFO - DAG(s) 'latest_only' retrieved from /home/airflow/.local/lib/python3.8/site-packages/airflow/example_dags/example_latest_only.py
[2025-07-11T09:35:46.533+0000] {logging_mixin.py:188} INFO - [2025-07-11T09:35:46.532+0000] {dag.py:3036} INFO - Sync 1 DAGs
[2025-07-11T09:35:46.562+0000] {logging_mixin.py:188} INFO - [2025-07-11T09:35:46.561+0000] {dag.py:3823} INFO - Setting next_dagrun for latest_only to 2025-07-11 04:00:00+00:00, run_after=2025-07-11 08:00:00+00:00
[2025-07-11T09:35:46.590+0000] {processor.py:183} INFO - Processing /home/airflow/.local/lib/python3.8/site-packages/airflow/example_dags/example_latest_only.py took 0.099 seconds
[2025-07-11T09:36:17.032+0000] {processor.py:161} INFO - Started process (PID=258) to work on /home/airflow/.local/lib/python3.8/site-packages/airflow/example_dags/example_latest_only.py
[2025-07-11T09:36:17.033+0000] {processor.py:830} INFO - Processing file /home/airflow/.local/lib/python3.8/site-packages/airflow/example_dags/example_latest_only.py for tasks to queue
[2025-07-11T09:36:17.036+0000] {logging_mixin.py:188} INFO - [2025-07-11T09:36:17.035+0000] {dagbag.py:538} INFO - Filling up the DagBag from /home/airflow/.local/lib/python3.8/site-packages/airflow/example_dags/example_latest_only.py
[2025-07-11T09:36:17.042+0000] {processor.py:840} INFO - DAG(s) 'latest_only' retrieved from /home/airflow/.local/lib/python3.8/site-packages/airflow/example_dags/example_latest_only.py
[2025-07-11T09:36:17.074+0000] {logging_mixin.py:188} INFO - [2025-07-11T09:36:17.074+0000] {dag.py:3036} INFO - Sync 1 DAGs
[2025-07-11T09:36:17.110+0000] {logging_mixin.py:188} INFO - [2025-07-11T09:36:17.110+0000] {dag.py:3823} INFO - Setting next_dagrun for latest_only to 2025-07-11 04:00:00+00:00, run_after=2025-07-11 08:00:00+00:00
[2025-07-11T09:36:17.142+0000] {processor.py:183} INFO - Processing /home/airflow/.local/lib/python3.8/site-packages/airflow/example_dags/example_latest_only.py took 0.114 seconds
[2025-07-11T09:36:47.376+0000] {processor.py:161} INFO - Started process (PID=313) to work on /home/airflow/.local/lib/python3.8/site-packages/airflow/example_dags/example_latest_only.py
[2025-07-11T09:36:47.378+0000] {processor.py:830} INFO - Processing file /home/airflow/.local/lib/python3.8/site-packages/airflow/example_dags/example_latest_only.py for tasks to queue
[2025-07-11T09:36:47.381+0000] {logging_mixin.py:188} INFO - [2025-07-11T09:36:47.380+0000] {dagbag.py:538} INFO - Filling up the DagBag from /home/airflow/.local/lib/python3.8/site-packages/airflow/example_dags/example_latest_only.py
[2025-07-11T09:36:47.388+0000] {processor.py:840} INFO - DAG(s) 'latest_only' retrieved from /home/airflow/.local/lib/python3.8/site-packages/airflow/example_dags/example_latest_only.py
[2025-07-11T09:36:47.416+0000] {logging_mixin.py:188} INFO - [2025-07-11T09:36:47.416+0000] {dag.py:3036} INFO - Sync 1 DAGs
[2025-07-11T09:36:47.448+0000] {logging_mixin.py:188} INFO - [2025-07-11T09:36:47.448+0000] {dag.py:3823} INFO - Setting next_dagrun for latest_only to 2025-07-11 04:00:00+00:00, run_after=2025-07-11 08:00:00+00:00
[2025-07-11T09:36:47.483+0000] {processor.py:183} INFO - Processing /home/airflow/.local/lib/python3.8/site-packages/airflow/example_dags/example_latest_only.py took 0.111 seconds
[2025-07-11T09:37:17.763+0000] {processor.py:161} INFO - Started process (PID=368) to work on /home/airflow/.local/lib/python3.8/site-packages/airflow/example_dags/example_latest_only.py
[2025-07-11T09:37:17.764+0000] {processor.py:830} INFO - Processing file /home/airflow/.local/lib/python3.8/site-packages/airflow/example_dags/example_latest_only.py for tasks to queue
[2025-07-11T09:37:17.767+0000] {logging_mixin.py:188} INFO - [2025-07-11T09:37:17.766+0000] {dagbag.py:538} INFO - Filling up the DagBag from /home/airflow/.local/lib/python3.8/site-packages/airflow/example_dags/example_latest_only.py
[2025-07-11T09:37:17.773+0000] {processor.py:840} INFO - DAG(s) 'latest_only' retrieved from /home/airflow/.local/lib/python3.8/site-packages/airflow/example_dags/example_latest_only.py
[2025-07-11T09:37:17.804+0000] {logging_mixin.py:188} INFO - [2025-07-11T09:37:17.803+0000] {dag.py:3036} INFO - Sync 1 DAGs
[2025-07-11T09:37:17.840+0000] {logging_mixin.py:188} INFO - [2025-07-11T09:37:17.839+0000] {dag.py:3823} INFO - Setting next_dagrun for latest_only to 2025-07-11 04:00:00+00:00, run_after=2025-07-11 08:00:00+00:00
[2025-07-11T09:37:17.878+0000] {processor.py:183} INFO - Processing /home/airflow/.local/lib/python3.8/site-packages/airflow/example_dags/example_latest_only.py took 0.120 seconds
[2025-07-11T09:37:48.179+0000] {processor.py:161} INFO - Started process (PID=423) to work on /home/airflow/.local/lib/python3.8/site-packages/airflow/example_dags/example_latest_only.py
[2025-07-11T09:37:48.181+0000] {processor.py:830} INFO - Processing file /home/airflow/.local/lib/python3.8/site-packages/airflow/example_dags/example_latest_only.py for tasks to queue
[2025-07-11T09:37:48.183+0000] {logging_mixin.py:188} INFO - [2025-07-11T09:37:48.183+0000] {dagbag.py:538} INFO - Filling up the DagBag from /home/airflow/.local/lib/python3.8/site-packages/airflow/example_dags/example_latest_only.py
[2025-07-11T09:37:48.190+0000] {processor.py:840} INFO - DAG(s) 'latest_only' retrieved from /home/airflow/.local/lib/python3.8/site-packages/airflow/example_dags/example_latest_only.py
[2025-07-11T09:37:48.224+0000] {logging_mixin.py:188} INFO - [2025-07-11T09:37:48.224+0000] {dag.py:3036} INFO - Sync 1 DAGs
[2025-07-11T09:37:48.269+0000] {logging_mixin.py:188} INFO - [2025-07-11T09:37:48.268+0000] {dag.py:3823} INFO - Setting next_dagrun for latest_only to 2025-07-11 04:00:00+00:00, run_after=2025-07-11 08:00:00+00:00
[2025-07-11T09:37:48.307+0000] {processor.py:183} INFO - Processing /home/airflow/.local/lib/python3.8/site-packages/airflow/example_dags/example_latest_only.py took 0.134 seconds
[2025-07-11T09:38:18.372+0000] {processor.py:161} INFO - Started process (PID=478) to work on /home/airflow/.local/lib/python3.8/site-packages/airflow/example_dags/example_latest_only.py
[2025-07-11T09:38:18.374+0000] {processor.py:830} INFO - Processing file /home/airflow/.local/lib/python3.8/site-packages/airflow/example_dags/example_latest_only.py for tasks to queue
[2025-07-11T09:38:18.377+0000] {logging_mixin.py:188} INFO - [2025-07-11T09:38:18.376+0000] {dagbag.py:538} INFO - Filling up the DagBag from /home/airflow/.local/lib/python3.8/site-packages/airflow/example_dags/example_latest_only.py
[2025-07-11T09:38:18.384+0000] {processor.py:840} INFO - DAG(s) 'latest_only' retrieved from /home/airflow/.local/lib/python3.8/site-packages/airflow/example_dags/example_latest_only.py
[2025-07-11T09:38:18.412+0000] {logging_mixin.py:188} INFO - [2025-07-11T09:38:18.412+0000] {dag.py:3036} INFO - Sync 1 DAGs
[2025-07-11T09:38:18.443+0000] {logging_mixin.py:188} INFO - [2025-07-11T09:38:18.442+0000] {dag.py:3823} INFO - Setting next_dagrun for latest_only to 2025-07-11 04:00:00+00:00, run_after=2025-07-11 08:00:00+00:00
[2025-07-11T09:38:18.474+0000] {processor.py:183} INFO - Processing /home/airflow/.local/lib/python3.8/site-packages/airflow/example_dags/example_latest_only.py took 0.106 seconds
[2025-07-11T09:38:48.952+0000] {processor.py:161} INFO - Started process (PID=533) to work on /home/airflow/.local/lib/python3.8/site-packages/airflow/example_dags/example_latest_only.py
[2025-07-11T09:38:48.954+0000] {processor.py:830} INFO - Processing file /home/airflow/.local/lib/python3.8/site-packages/airflow/example_dags/example_latest_only.py for tasks to queue
[2025-07-11T09:38:48.956+0000] {logging_mixin.py:188} INFO - [2025-07-11T09:38:48.956+0000] {dagbag.py:538} INFO - Filling up the DagBag from /home/airflow/.local/lib/python3.8/site-packages/airflow/example_dags/example_latest_only.py
[2025-07-11T09:38:48.963+0000] {processor.py:840} INFO - DAG(s) 'latest_only' retrieved from /home/airflow/.local/lib/python3.8/site-packages/airflow/example_dags/example_latest_only.py
[2025-07-11T09:38:48.996+0000] {logging_mixin.py:188} INFO - [2025-07-11T09:38:48.996+0000] {dag.py:3036} INFO - Sync 1 DAGs
[2025-07-11T09:38:49.031+0000] {logging_mixin.py:188} INFO - [2025-07-11T09:38:49.031+0000] {dag.py:3823} INFO - Setting next_dagrun for latest_only to 2025-07-11 04:00:00+00:00, run_after=2025-07-11 08:00:00+00:00
[2025-07-11T09:38:49.069+0000] {processor.py:183} INFO - Processing /home/airflow/.local/lib/python3.8/site-packages/airflow/example_dags/example_latest_only.py took 0.122 seconds
[2025-07-11T09:39:19.188+0000] {processor.py:161} INFO - Started process (PID=589) to work on /home/airflow/.local/lib/python3.8/site-packages/airflow/example_dags/example_latest_only.py
[2025-07-11T09:39:19.189+0000] {processor.py:830} INFO - Processing file /home/airflow/.local/lib/python3.8/site-packages/airflow/example_dags/example_latest_only.py for tasks to queue
[2025-07-11T09:39:19.192+0000] {logging_mixin.py:188} INFO - [2025-07-11T09:39:19.191+0000] {dagbag.py:538} INFO - Filling up the DagBag from /home/airflow/.local/lib/python3.8/site-packages/airflow/example_dags/example_latest_only.py
[2025-07-11T09:39:19.199+0000] {processor.py:840} INFO - DAG(s) 'latest_only' retrieved from /home/airflow/.local/lib/python3.8/site-packages/airflow/example_dags/example_latest_only.py
[2025-07-11T09:39:19.227+0000] {logging_mixin.py:188} INFO - [2025-07-11T09:39:19.227+0000] {dag.py:3036} INFO - Sync 1 DAGs
[2025-07-11T09:39:19.259+0000] {logging_mixin.py:188} INFO - [2025-07-11T09:39:19.259+0000] {dag.py:3823} INFO - Setting next_dagrun for latest_only to 2025-07-11 04:00:00+00:00, run_after=2025-07-11 08:00:00+00:00
[2025-07-11T09:39:19.288+0000] {processor.py:183} INFO - Processing /home/airflow/.local/lib/python3.8/site-packages/airflow/example_dags/example_latest_only.py took 0.104 seconds
[2025-07-11T09:39:49.529+0000] {processor.py:161} INFO - Started process (PID=644) to work on /home/airflow/.local/lib/python3.8/site-packages/airflow/example_dags/example_latest_only.py
[2025-07-11T09:39:49.531+0000] {processor.py:830} INFO - Processing file /home/airflow/.local/lib/python3.8/site-packages/airflow/example_dags/example_latest_only.py for tasks to queue
[2025-07-11T09:39:49.534+0000] {logging_mixin.py:188} INFO - [2025-07-11T09:39:49.533+0000] {dagbag.py:538} INFO - Filling up the DagBag from /home/airflow/.local/lib/python3.8/site-packages/airflow/example_dags/example_latest_only.py
[2025-07-11T09:39:49.543+0000] {processor.py:840} INFO - DAG(s) 'latest_only' retrieved from /home/airflow/.local/lib/python3.8/site-packages/airflow/example_dags/example_latest_only.py
[2025-07-11T09:39:49.574+0000] {logging_mixin.py:188} INFO - [2025-07-11T09:39:49.573+0000] {dag.py:3036} INFO - Sync 1 DAGs
[2025-07-11T09:39:49.603+0000] {logging_mixin.py:188} INFO - [2025-07-11T09:39:49.603+0000] {dag.py:3823} INFO - Setting next_dagrun for latest_only to 2025-07-11 04:00:00+00:00, run_after=2025-07-11 08:00:00+00:00
[2025-07-11T09:39:49.631+0000] {processor.py:183} INFO - Processing /home/airflow/.local/lib/python3.8/site-packages/airflow/example_dags/example_latest_only.py took 0.107 seconds
[2025-07-11T09:40:20.010+0000] {processor.py:161} INFO - Started process (PID=699) to work on /home/airflow/.local/lib/python3.8/site-packages/airflow/example_dags/example_latest_only.py
[2025-07-11T09:40:20.012+0000] {processor.py:830} INFO - Processing file /home/airflow/.local/lib/python3.8/site-packages/airflow/example_dags/example_latest_only.py for tasks to queue
[2025-07-11T09:40:20.015+0000] {logging_mixin.py:188} INFO - [2025-07-11T09:40:20.014+0000] {dagbag.py:538} INFO - Filling up the DagBag from /home/airflow/.local/lib/python3.8/site-packages/airflow/example_dags/example_latest_only.py
[2025-07-11T09:40:20.022+0000] {processor.py:840} INFO - DAG(s) 'latest_only' retrieved from /home/airflow/.local/lib/python3.8/site-packages/airflow/example_dags/example_latest_only.py
[2025-07-11T09:40:20.050+0000] {logging_mixin.py:188} INFO - [2025-07-11T09:40:20.050+0000] {dag.py:3036} INFO - Sync 1 DAGs
[2025-07-11T09:40:20.084+0000] {logging_mixin.py:188} INFO - [2025-07-11T09:40:20.083+0000] {dag.py:3823} INFO - Setting next_dagrun for latest_only to 2025-07-11 04:00:00+00:00, run_after=2025-07-11 08:00:00+00:00
[2025-07-11T09:40:20.116+0000] {processor.py:183} INFO - Processing /home/airflow/.local/lib/python3.8/site-packages/airflow/example_dags/example_latest_only.py took 0.111 seconds
[2025-07-11T09:40:50.430+0000] {processor.py:161} INFO - Started process (PID=754) to work on /home/airflow/.local/lib/python3.8/site-packages/airflow/example_dags/example_latest_only.py
[2025-07-11T09:40:50.432+0000] {processor.py:830} INFO - Processing file /home/airflow/.local/lib/python3.8/site-packages/airflow/example_dags/example_latest_only.py for tasks to queue
[2025-07-11T09:40:50.435+0000] {logging_mixin.py:188} INFO - [2025-07-11T09:40:50.434+0000] {dagbag.py:538} INFO - Filling up the DagBag from /home/airflow/.local/lib/python3.8/site-packages/airflow/example_dags/example_latest_only.py
[2025-07-11T09:40:50.443+0000] {processor.py:840} INFO - DAG(s) 'latest_only' retrieved from /home/airflow/.local/lib/python3.8/site-packages/airflow/example_dags/example_latest_only.py
[2025-07-11T09:40:50.475+0000] {logging_mixin.py:188} INFO - [2025-07-11T09:40:50.475+0000] {dag.py:3036} INFO - Sync 1 DAGs
[2025-07-11T09:40:50.510+0000] {logging_mixin.py:188} INFO - [2025-07-11T09:40:50.510+0000] {dag.py:3823} INFO - Setting next_dagrun for latest_only to 2025-07-11 04:00:00+00:00, run_after=2025-07-11 08:00:00+00:00
[2025-07-11T09:40:50.540+0000] {processor.py:183} INFO - Processing /home/airflow/.local/lib/python3.8/site-packages/airflow/example_dags/example_latest_only.py took 0.115 seconds
[2025-07-11T09:41:20.800+0000] {processor.py:161} INFO - Started process (PID=809) to work on /home/airflow/.local/lib/python3.8/site-packages/airflow/example_dags/example_latest_only.py
[2025-07-11T09:41:20.802+0000] {processor.py:830} INFO - Processing file /home/airflow/.local/lib/python3.8/site-packages/airflow/example_dags/example_latest_only.py for tasks to queue
[2025-07-11T09:41:20.805+0000] {logging_mixin.py:188} INFO - [2025-07-11T09:41:20.805+0000] {dagbag.py:538} INFO - Filling up the DagBag from /home/airflow/.local/lib/python3.8/site-packages/airflow/example_dags/example_latest_only.py
[2025-07-11T09:41:20.814+0000] {processor.py:840} INFO - DAG(s) 'latest_only' retrieved from /home/airflow/.local/lib/python3.8/site-packages/airflow/example_dags/example_latest_only.py
[2025-07-11T09:41:20.844+0000] {logging_mixin.py:188} INFO - [2025-07-11T09:41:20.844+0000] {dag.py:3036} INFO - Sync 1 DAGs
[2025-07-11T09:41:20.884+0000] {logging_mixin.py:188} INFO - [2025-07-11T09:41:20.884+0000] {dag.py:3823} INFO - Setting next_dagrun for latest_only to 2025-07-11 04:00:00+00:00, run_after=2025-07-11 08:00:00+00:00
[2025-07-11T09:41:20.920+0000] {processor.py:183} INFO - Processing /home/airflow/.local/lib/python3.8/site-packages/airflow/example_dags/example_latest_only.py took 0.125 seconds
[2025-07-11T09:41:51.231+0000] {processor.py:161} INFO - Started process (PID=864) to work on /home/airflow/.local/lib/python3.8/site-packages/airflow/example_dags/example_latest_only.py
[2025-07-11T09:41:51.233+0000] {processor.py:830} INFO - Processing file /home/airflow/.local/lib/python3.8/site-packages/airflow/example_dags/example_latest_only.py for tasks to queue
[2025-07-11T09:41:51.235+0000] {logging_mixin.py:188} INFO - [2025-07-11T09:41:51.234+0000] {dagbag.py:538} INFO - Filling up the DagBag from /home/airflow/.local/lib/python3.8/site-packages/airflow/example_dags/example_latest_only.py
[2025-07-11T09:41:51.241+0000] {processor.py:840} INFO - DAG(s) 'latest_only' retrieved from /home/airflow/.local/lib/python3.8/site-packages/airflow/example_dags/example_latest_only.py
[2025-07-11T09:41:51.271+0000] {logging_mixin.py:188} INFO - [2025-07-11T09:41:51.271+0000] {dag.py:3036} INFO - Sync 1 DAGs
[2025-07-11T09:41:51.311+0000] {logging_mixin.py:188} INFO - [2025-07-11T09:41:51.311+0000] {dag.py:3823} INFO - Setting next_dagrun for latest_only to 2025-07-11 04:00:00+00:00, run_after=2025-07-11 08:00:00+00:00
[2025-07-11T09:41:51.345+0000] {processor.py:183} INFO - Processing /home/airflow/.local/lib/python3.8/site-packages/airflow/example_dags/example_latest_only.py took 0.118 seconds
[2025-07-11T09:42:21.603+0000] {processor.py:161} INFO - Started process (PID=919) to work on /home/airflow/.local/lib/python3.8/site-packages/airflow/example_dags/example_latest_only.py
[2025-07-11T09:42:21.605+0000] {processor.py:830} INFO - Processing file /home/airflow/.local/lib/python3.8/site-packages/airflow/example_dags/example_latest_only.py for tasks to queue
[2025-07-11T09:42:21.607+0000] {logging_mixin.py:188} INFO - [2025-07-11T09:42:21.607+0000] {dagbag.py:538} INFO - Filling up the DagBag from /home/airflow/.local/lib/python3.8/site-packages/airflow/example_dags/example_latest_only.py
[2025-07-11T09:42:21.614+0000] {processor.py:840} INFO - DAG(s) 'latest_only' retrieved from /home/airflow/.local/lib/python3.8/site-packages/airflow/example_dags/example_latest_only.py
[2025-07-11T09:42:21.640+0000] {logging_mixin.py:188} INFO - [2025-07-11T09:42:21.640+0000] {dag.py:3036} INFO - Sync 1 DAGs
[2025-07-11T09:42:21.670+0000] {logging_mixin.py:188} INFO - [2025-07-11T09:42:21.670+0000] {dag.py:3823} INFO - Setting next_dagrun for latest_only to 2025-07-11 04:00:00+00:00, run_after=2025-07-11 08:00:00+00:00
[2025-07-11T09:42:21.700+0000] {processor.py:183} INFO - Processing /home/airflow/.local/lib/python3.8/site-packages/airflow/example_dags/example_latest_only.py took 0.101 seconds
[2025-07-11T09:42:52.026+0000] {processor.py:161} INFO - Started process (PID=974) to work on /home/airflow/.local/lib/python3.8/site-packages/airflow/example_dags/example_latest_only.py
[2025-07-11T09:42:52.028+0000] {processor.py:830} INFO - Processing file /home/airflow/.local/lib/python3.8/site-packages/airflow/example_dags/example_latest_only.py for tasks to queue
[2025-07-11T09:42:52.030+0000] {logging_mixin.py:188} INFO - [2025-07-11T09:42:52.030+0000] {dagbag.py:538} INFO - Filling up the DagBag from /home/airflow/.local/lib/python3.8/site-packages/airflow/example_dags/example_latest_only.py
[2025-07-11T09:42:52.037+0000] {processor.py:840} INFO - DAG(s) 'latest_only' retrieved from /home/airflow/.local/lib/python3.8/site-packages/airflow/example_dags/example_latest_only.py
[2025-07-11T09:42:52.066+0000] {logging_mixin.py:188} INFO - [2025-07-11T09:42:52.066+0000] {dag.py:3036} INFO - Sync 1 DAGs
[2025-07-11T09:42:52.097+0000] {logging_mixin.py:188} INFO - [2025-07-11T09:42:52.097+0000] {dag.py:3823} INFO - Setting next_dagrun for latest_only to 2025-07-11 04:00:00+00:00, run_after=2025-07-11 08:00:00+00:00
[2025-07-11T09:42:52.131+0000] {processor.py:183} INFO - Processing /home/airflow/.local/lib/python3.8/site-packages/airflow/example_dags/example_latest_only.py took 0.109 seconds
[2025-07-11T09:43:22.408+0000] {processor.py:161} INFO - Started process (PID=1029) to work on /home/airflow/.local/lib/python3.8/site-packages/airflow/example_dags/example_latest_only.py
[2025-07-11T09:43:22.410+0000] {processor.py:830} INFO - Processing file /home/airflow/.local/lib/python3.8/site-packages/airflow/example_dags/example_latest_only.py for tasks to queue
[2025-07-11T09:43:22.413+0000] {logging_mixin.py:188} INFO - [2025-07-11T09:43:22.412+0000] {dagbag.py:538} INFO - Filling up the DagBag from /home/airflow/.local/lib/python3.8/site-packages/airflow/example_dags/example_latest_only.py
[2025-07-11T09:43:22.420+0000] {processor.py:840} INFO - DAG(s) 'latest_only' retrieved from /home/airflow/.local/lib/python3.8/site-packages/airflow/example_dags/example_latest_only.py
[2025-07-11T09:43:22.449+0000] {logging_mixin.py:188} INFO - [2025-07-11T09:43:22.448+0000] {dag.py:3036} INFO - Sync 1 DAGs
[2025-07-11T09:43:22.483+0000] {logging_mixin.py:188} INFO - [2025-07-11T09:43:22.482+0000] {dag.py:3823} INFO - Setting next_dagrun for latest_only to 2025-07-11 04:00:00+00:00, run_after=2025-07-11 08:00:00+00:00
[2025-07-11T09:43:22.513+0000] {processor.py:183} INFO - Processing /home/airflow/.local/lib/python3.8/site-packages/airflow/example_dags/example_latest_only.py took 0.109 seconds
[2025-07-11T09:43:52.714+0000] {processor.py:161} INFO - Started process (PID=1084) to work on /home/airflow/.local/lib/python3.8/site-packages/airflow/example_dags/example_latest_only.py
[2025-07-11T09:43:52.716+0000] {processor.py:830} INFO - Processing file /home/airflow/.local/lib/python3.8/site-packages/airflow/example_dags/example_latest_only.py for tasks to queue
[2025-07-11T09:43:52.718+0000] {logging_mixin.py:188} INFO - [2025-07-11T09:43:52.718+0000] {dagbag.py:538} INFO - Filling up the DagBag from /home/airflow/.local/lib/python3.8/site-packages/airflow/example_dags/example_latest_only.py
[2025-07-11T09:43:52.725+0000] {processor.py:840} INFO - DAG(s) 'latest_only' retrieved from /home/airflow/.local/lib/python3.8/site-packages/airflow/example_dags/example_latest_only.py
[2025-07-11T09:43:52.753+0000] {logging_mixin.py:188} INFO - [2025-07-11T09:43:52.753+0000] {dag.py:3036} INFO - Sync 1 DAGs
[2025-07-11T09:43:52.782+0000] {logging_mixin.py:188} INFO - [2025-07-11T09:43:52.782+0000] {dag.py:3823} INFO - Setting next_dagrun for latest_only to 2025-07-11 04:00:00+00:00, run_after=2025-07-11 08:00:00+00:00
[2025-07-11T09:43:52.810+0000] {processor.py:183} INFO - Processing /home/airflow/.local/lib/python3.8/site-packages/airflow/example_dags/example_latest_only.py took 0.100 seconds
[2025-07-11T09:44:23.196+0000] {processor.py:161} INFO - Started process (PID=1140) to work on /home/airflow/.local/lib/python3.8/site-packages/airflow/example_dags/example_latest_only.py
[2025-07-11T09:44:23.198+0000] {processor.py:830} INFO - Processing file /home/airflow/.local/lib/python3.8/site-packages/airflow/example_dags/example_latest_only.py for tasks to queue
[2025-07-11T09:44:23.200+0000] {logging_mixin.py:188} INFO - [2025-07-11T09:44:23.200+0000] {dagbag.py:538} INFO - Filling up the DagBag from /home/airflow/.local/lib/python3.8/site-packages/airflow/example_dags/example_latest_only.py
[2025-07-11T09:44:23.207+0000] {processor.py:840} INFO - DAG(s) 'latest_only' retrieved from /home/airflow/.local/lib/python3.8/site-packages/airflow/example_dags/example_latest_only.py
[2025-07-11T09:44:23.236+0000] {logging_mixin.py:188} INFO - [2025-07-11T09:44:23.235+0000] {dag.py:3036} INFO - Sync 1 DAGs
[2025-07-11T09:44:23.266+0000] {logging_mixin.py:188} INFO - [2025-07-11T09:44:23.266+0000] {dag.py:3823} INFO - Setting next_dagrun for latest_only to 2025-07-11 04:00:00+00:00, run_after=2025-07-11 08:00:00+00:00
[2025-07-11T09:44:23.294+0000] {processor.py:183} INFO - Processing /home/airflow/.local/lib/python3.8/site-packages/airflow/example_dags/example_latest_only.py took 0.102 seconds
[2025-07-11T09:44:53.661+0000] {processor.py:161} INFO - Started process (PID=1195) to work on /home/airflow/.local/lib/python3.8/site-packages/airflow/example_dags/example_latest_only.py
[2025-07-11T09:44:53.663+0000] {processor.py:830} INFO - Processing file /home/airflow/.local/lib/python3.8/site-packages/airflow/example_dags/example_latest_only.py for tasks to queue
[2025-07-11T09:44:53.665+0000] {logging_mixin.py:188} INFO - [2025-07-11T09:44:53.665+0000] {dagbag.py:538} INFO - Filling up the DagBag from /home/airflow/.local/lib/python3.8/site-packages/airflow/example_dags/example_latest_only.py
[2025-07-11T09:44:53.672+0000] {processor.py:840} INFO - DAG(s) 'latest_only' retrieved from /home/airflow/.local/lib/python3.8/site-packages/airflow/example_dags/example_latest_only.py
[2025-07-11T09:44:53.698+0000] {logging_mixin.py:188} INFO - [2025-07-11T09:44:53.697+0000] {dag.py:3036} INFO - Sync 1 DAGs
[2025-07-11T09:44:53.727+0000] {logging_mixin.py:188} INFO - [2025-07-11T09:44:53.727+0000] {dag.py:3823} INFO - Setting next_dagrun for latest_only to 2025-07-11 04:00:00+00:00, run_after=2025-07-11 08:00:00+00:00
[2025-07-11T09:44:53.757+0000] {processor.py:183} INFO - Processing /home/airflow/.local/lib/python3.8/site-packages/airflow/example_dags/example_latest_only.py took 0.100 seconds
[2025-07-11T09:45:24.092+0000] {processor.py:161} INFO - Started process (PID=1250) to work on /home/airflow/.local/lib/python3.8/site-packages/airflow/example_dags/example_latest_only.py
[2025-07-11T09:45:24.093+0000] {processor.py:830} INFO - Processing file /home/airflow/.local/lib/python3.8/site-packages/airflow/example_dags/example_latest_only.py for tasks to queue
[2025-07-11T09:45:24.096+0000] {logging_mixin.py:188} INFO - [2025-07-11T09:45:24.095+0000] {dagbag.py:538} INFO - Filling up the DagBag from /home/airflow/.local/lib/python3.8/site-packages/airflow/example_dags/example_latest_only.py
[2025-07-11T09:45:24.103+0000] {processor.py:840} INFO - DAG(s) 'latest_only' retrieved from /home/airflow/.local/lib/python3.8/site-packages/airflow/example_dags/example_latest_only.py
[2025-07-11T09:45:24.132+0000] {logging_mixin.py:188} INFO - [2025-07-11T09:45:24.132+0000] {dag.py:3036} INFO - Sync 1 DAGs
[2025-07-11T09:45:24.164+0000] {logging_mixin.py:188} INFO - [2025-07-11T09:45:24.163+0000] {dag.py:3823} INFO - Setting next_dagrun for latest_only to 2025-07-11 04:00:00+00:00, run_after=2025-07-11 08:00:00+00:00
[2025-07-11T09:45:24.196+0000] {processor.py:183} INFO - Processing /home/airflow/.local/lib/python3.8/site-packages/airflow/example_dags/example_latest_only.py took 0.109 seconds
[2025-07-11T09:45:54.521+0000] {processor.py:161} INFO - Started process (PID=1305) to work on /home/airflow/.local/lib/python3.8/site-packages/airflow/example_dags/example_latest_only.py
[2025-07-11T09:45:54.523+0000] {processor.py:830} INFO - Processing file /home/airflow/.local/lib/python3.8/site-packages/airflow/example_dags/example_latest_only.py for tasks to queue
[2025-07-11T09:45:54.525+0000] {logging_mixin.py:188} INFO - [2025-07-11T09:45:54.525+0000] {dagbag.py:538} INFO - Filling up the DagBag from /home/airflow/.local/lib/python3.8/site-packages/airflow/example_dags/example_latest_only.py
[2025-07-11T09:45:54.534+0000] {processor.py:840} INFO - DAG(s) 'latest_only' retrieved from /home/airflow/.local/lib/python3.8/site-packages/airflow/example_dags/example_latest_only.py
[2025-07-11T09:45:54.565+0000] {logging_mixin.py:188} INFO - [2025-07-11T09:45:54.564+0000] {dag.py:3036} INFO - Sync 1 DAGs
[2025-07-11T09:45:54.606+0000] {logging_mixin.py:188} INFO - [2025-07-11T09:45:54.605+0000] {dag.py:3823} INFO - Setting next_dagrun for latest_only to 2025-07-11 04:00:00+00:00, run_after=2025-07-11 08:00:00+00:00
[2025-07-11T09:45:54.639+0000] {processor.py:183} INFO - Processing /home/airflow/.local/lib/python3.8/site-packages/airflow/example_dags/example_latest_only.py took 0.124 seconds
[2025-07-11T09:46:24.939+0000] {processor.py:161} INFO - Started process (PID=1360) to work on /home/airflow/.local/lib/python3.8/site-packages/airflow/example_dags/example_latest_only.py
[2025-07-11T09:46:24.941+0000] {processor.py:830} INFO - Processing file /home/airflow/.local/lib/python3.8/site-packages/airflow/example_dags/example_latest_only.py for tasks to queue
[2025-07-11T09:46:24.944+0000] {logging_mixin.py:188} INFO - [2025-07-11T09:46:24.943+0000] {dagbag.py:538} INFO - Filling up the DagBag from /home/airflow/.local/lib/python3.8/site-packages/airflow/example_dags/example_latest_only.py
[2025-07-11T09:46:24.951+0000] {processor.py:840} INFO - DAG(s) 'latest_only' retrieved from /home/airflow/.local/lib/python3.8/site-packages/airflow/example_dags/example_latest_only.py
[2025-07-11T09:46:24.980+0000] {logging_mixin.py:188} INFO - [2025-07-11T09:46:24.979+0000] {dag.py:3036} INFO - Sync 1 DAGs
[2025-07-11T09:46:25.011+0000] {logging_mixin.py:188} INFO - [2025-07-11T09:46:25.011+0000] {dag.py:3823} INFO - Setting next_dagrun for latest_only to 2025-07-11 04:00:00+00:00, run_after=2025-07-11 08:00:00+00:00
[2025-07-11T09:46:25.002+0000] {processor.py:183} INFO - Processing /home/airflow/.local/lib/python3.8/site-packages/airflow/example_dags/example_latest_only.py took 0.108 seconds
[2025-07-11T09:46:55.311+0000] {processor.py:161} INFO - Started process (PID=1415) to work on /home/airflow/.local/lib/python3.8/site-packages/airflow/example_dags/example_latest_only.py
[2025-07-11T09:46:55.313+0000] {processor.py:830} INFO - Processing file /home/airflow/.local/lib/python3.8/site-packages/airflow/example_dags/example_latest_only.py for tasks to queue
[2025-07-11T09:46:55.316+0000] {logging_mixin.py:188} INFO - [2025-07-11T09:46:55.315+0000] {dagbag.py:538} INFO - Filling up the DagBag from /home/airflow/.local/lib/python3.8/site-packages/airflow/example_dags/example_latest_only.py
[2025-07-11T09:46:55.323+0000] {processor.py:840} INFO - DAG(s) 'latest_only' retrieved from /home/airflow/.local/lib/python3.8/site-packages/airflow/example_dags/example_latest_only.py
[2025-07-11T09:46:55.354+0000] {logging_mixin.py:188} INFO - [2025-07-11T09:46:55.354+0000] {dag.py:3036} INFO - Sync 1 DAGs
[2025-07-11T09:46:55.386+0000] {logging_mixin.py:188} INFO - [2025-07-11T09:46:55.386+0000] {dag.py:3823} INFO - Setting next_dagrun for latest_only to 2025-07-11 04:00:00+00:00, run_after=2025-07-11 08:00:00+00:00
[2025-07-11T09:46:55.418+0000] {processor.py:183} INFO - Processing /home/airflow/.local/lib/python3.8/site-packages/airflow/example_dags/example_latest_only.py took 0.111 seconds
[2025-07-11T09:47:25.956+0000] {processor.py:161} INFO - Started process (PID=1470) to work on /home/airflow/.local/lib/python3.8/site-packages/airflow/example_dags/example_latest_only.py
[2025-07-11T09:47:25.958+0000] {processor.py:830} INFO - Processing file /home/airflow/.local/lib/python3.8/site-packages/airflow/example_dags/example_latest_only.py for tasks to queue
[2025-07-11T09:47:25.961+0000] {logging_mixin.py:188} INFO - [2025-07-11T09:47:25.960+0000] {dagbag.py:538} INFO - Filling up the DagBag from /home/airflow/.local/lib/python3.8/site-packages/airflow/example_dags/example_latest_only.py
[2025-07-11T09:47:25.968+0000] {processor.py:840} INFO - DAG(s) 'latest_only' retrieved from /home/airflow/.local/lib/python3.8/site-packages/airflow/example_dags/example_latest_only.py
[2025-07-11T09:47:25.998+0000] {logging_mixin.py:188} INFO - [2025-07-11T09:47:25.998+0000] {dag.py:3036} INFO - Sync 1 DAGs
[2025-07-11T09:47:26.036+0000] {logging_mixin.py:188} INFO - [2025-07-11T09:47:26.035+0000] {dag.py:3823} INFO - Setting next_dagrun for latest_only to 2025-07-11 04:00:00+00:00, run_after=2025-07-11 08:00:00+00:00
[2025-07-11T09:47:26.069+0000] {processor.py:183} INFO - Processing /home/airflow/.local/lib/python3.8/site-packages/airflow/example_dags/example_latest_only.py took 0.118 seconds
[2025-07-11T09:47:56.748+0000] {processor.py:161} INFO - Started process (PID=1525) to work on /home/airflow/.local/lib/python3.8/site-packages/airflow/example_dags/example_latest_only.py
[2025-07-11T09:47:56.749+0000] {processor.py:830} INFO - Processing file /home/airflow/.local/lib/python3.8/site-packages/airflow/example_dags/example_latest_only.py for tasks to queue
[2025-07-11T09:47:56.751+0000] {logging_mixin.py:188} INFO - [2025-07-11T09:47:56.751+0000] {dagbag.py:538} INFO - Filling up the DagBag from /home/airflow/.local/lib/python3.8/site-packages/airflow/example_dags/example_latest_only.py
[2025-07-11T09:47:56.758+0000] {processor.py:840} INFO - DAG(s) 'latest_only' retrieved from /home/airflow/.local/lib/python3.8/site-packages/airflow/example_dags/example_latest_only.py
[2025-07-11T09:47:56.785+0000] {logging_mixin.py:188} INFO - [2025-07-11T09:47:56.785+0000] {dag.py:3036} INFO - Sync 1 DAGs
[2025-07-11T09:47:56.817+0000] {logging_mixin.py:188} INFO - [2025-07-11T09:47:56.816+0000] {dag.py:3823} INFO - Setting next_dagrun for latest_only to 2025-07-11 04:00:00+00:00, run_after=2025-07-11 08:00:00+00:00
[2025-07-11T09:47:56.846+0000] {processor.py:183} INFO - Processing /home/airflow/.local/lib/python3.8/site-packages/airflow/example_dags/example_latest_only.py took 0.103 seconds
[2025-07-11T09:48:27.341+0000] {processor.py:161} INFO - Started process (PID=1580) to work on /home/airflow/.local/lib/python3.8/site-packages/airflow/example_dags/example_latest_only.py
[2025-07-11T09:48:27.343+0000] {processor.py:830} INFO - Processing file /home/airflow/.local/lib/python3.8/site-packages/airflow/example_dags/example_latest_only.py for tasks to queue
[2025-07-11T09:48:27.345+0000] {logging_mixin.py:188} INFO - [2025-07-11T09:48:27.344+0000] {dagbag.py:538} INFO - Filling up the DagBag from /home/airflow/.local/lib/python3.8/site-packages/airflow/example_dags/example_latest_only.py
[2025-07-11T09:48:27.351+0000] {processor.py:840} INFO - DAG(s) 'latest_only' retrieved from /home/airflow/.local/lib/python3.8/site-packages/airflow/example_dags/example_latest_only.py
[2025-07-11T09:48:27.378+0000] {logging_mixin.py:188} INFO - [2025-07-11T09:48:27.378+0000] {dag.py:3036} INFO - Sync 1 DAGs
[2025-07-11T09:48:27.408+0000] {logging_mixin.py:188} INFO - [2025-07-11T09:48:27.408+0000] {dag.py:3823} INFO - Setting next_dagrun for latest_only to 2025-07-11 04:00:00+00:00, run_after=2025-07-11 08:00:00+00:00
[2025-07-11T09:48:27.436+0000] {processor.py:183} INFO - Processing /home/airflow/.local/lib/python3.8/site-packages/airflow/example_dags/example_latest_only.py took 0.099 seconds
[2025-07-11T09:48:57.666+0000] {processor.py:161} INFO - Started process (PID=1635) to work on /home/airflow/.local/lib/python3.8/site-packages/airflow/example_dags/example_latest_only.py
[2025-07-11T09:48:57.668+0000] {processor.py:830} INFO - Processing file /home/airflow/.local/lib/python3.8/site-packages/airflow/example_dags/example_latest_only.py for tasks to queue
[2025-07-11T09:48:57.670+0000] {logging_mixin.py:188} INFO - [2025-07-11T09:48:57.670+0000] {dagbag.py:538} INFO - Filling up the DagBag from /home/airflow/.local/lib/python3.8/site-packages/airflow/example_dags/example_latest_only.py
[2025-07-11T09:48:57.676+0000] {processor.py:840} INFO - DAG(s) 'latest_only' retrieved from /home/airflow/.local/lib/python3.8/site-packages/airflow/example_dags/example_latest_only.py
[2025-07-11T09:48:57.705+0000] {logging_mixin.py:188} INFO - [2025-07-11T09:48:57.704+0000] {dag.py:3036} INFO - Sync 1 DAGs
[2025-07-11T09:48:57.734+0000] {logging_mixin.py:188} INFO - [2025-07-11T09:48:57.734+0000] {dag.py:3823} INFO - Setting next_dagrun for latest_only to 2025-07-11 04:00:00+00:00, run_after=2025-07-11 08:00:00+00:00
[2025-07-11T09:48:57.765+0000] {processor.py:183} INFO - Processing /home/airflow/.local/lib/python3.8/site-packages/airflow/example_dags/example_latest_only.py took 0.103 seconds
[2025-07-11T09:49:27.897+0000] {processor.py:161} INFO - Started process (PID=1690) to work on /home/airflow/.local/lib/python3.8/site-packages/airflow/example_dags/example_latest_only.py
[2025-07-11T09:49:27.899+0000] {processor.py:830} INFO - Processing file /home/airflow/.local/lib/python3.8/site-packages/airflow/example_dags/example_latest_only.py for tasks to queue
[2025-07-11T09:49:27.902+0000] {logging_mixin.py:188} INFO - [2025-07-11T09:49:27.901+0000] {dagbag.py:538} INFO - Filling up the DagBag from /home/airflow/.local/lib/python3.8/site-packages/airflow/example_dags/example_latest_only.py
[2025-07-11T09:49:27.910+0000] {processor.py:840} INFO - DAG(s) 'latest_only' retrieved from /home/airflow/.local/lib/python3.8/site-packages/airflow/example_dags/example_latest_only.py
[2025-07-11T09:49:27.939+0000] {logging_mixin.py:188} INFO - [2025-07-11T09:49:27.939+0000] {dag.py:3036} INFO - Sync 1 DAGs
[2025-07-11T09:49:27.974+0000] {logging_mixin.py:188} INFO - [2025-07-11T09:49:27.973+0000] {dag.py:3823} INFO - Setting next_dagrun for latest_only to 2025-07-11 04:00:00+00:00, run_after=2025-07-11 08:00:00+00:00
[2025-07-11T09:49:28.003+0000] {processor.py:183} INFO - Processing /home/airflow/.local/lib/python3.8/site-packages/airflow/example_dags/example_latest_only.py took 0.112 seconds
[2025-07-11T09:49:58.604+0000] {processor.py:161} INFO - Started process (PID=1743) to work on /home/airflow/.local/lib/python3.8/site-packages/airflow/example_dags/example_latest_only.py
[2025-07-11T09:49:58.607+0000] {processor.py:830} INFO - Processing file /home/airflow/.local/lib/python3.8/site-packages/airflow/example_dags/example_latest_only.py for tasks to queue
[2025-07-11T09:49:58.609+0000] {logging_mixin.py:188} INFO - [2025-07-11T09:49:58.609+0000] {dagbag.py:538} INFO - Filling up the DagBag from /home/airflow/.local/lib/python3.8/site-packages/airflow/example_dags/example_latest_only.py
[2025-07-11T09:49:58.615+0000] {processor.py:840} INFO - DAG(s) 'latest_only' retrieved from /home/airflow/.local/lib/python3.8/site-packages/airflow/example_dags/example_latest_only.py
[2025-07-11T09:49:58.642+0000] {logging_mixin.py:188} INFO - [2025-07-11T09:49:58.641+0000] {dag.py:3036} INFO - Sync 1 DAGs
[2025-07-11T09:49:58.675+0000] {logging_mixin.py:188} INFO - [2025-07-11T09:49:58.675+0000] {dag.py:3823} INFO - Setting next_dagrun for latest_only to 2025-07-11 04:00:00+00:00, run_after=2025-07-11 08:00:00+00:00
[2025-07-11T09:49:58.710+0000] {processor.py:183} INFO - Processing /home/airflow/.local/lib/python3.8/site-packages/airflow/example_dags/example_latest_only.py took 0.110 seconds
[2025-07-11T09:50:29.449+0000] {processor.py:161} INFO - Started process (PID=1798) to work on /home/airflow/.local/lib/python3.8/site-packages/airflow/example_dags/example_latest_only.py
[2025-07-11T09:50:29.452+0000] {processor.py:830} INFO - Processing file /home/airflow/.local/lib/python3.8/site-packages/airflow/example_dags/example_latest_only.py for tasks to queue
[2025-07-11T09:50:29.454+0000] {logging_mixin.py:188} INFO - [2025-07-11T09:50:29.454+0000] {dagbag.py:538} INFO - Filling up the DagBag from /home/airflow/.local/lib/python3.8/site-packages/airflow/example_dags/example_latest_only.py
[2025-07-11T09:50:29.462+0000] {processor.py:840} INFO - DAG(s) 'latest_only' retrieved from /home/airflow/.local/lib/python3.8/site-packages/airflow/example_dags/example_latest_only.py
[2025-07-11T09:50:29.490+0000] {logging_mixin.py:188} INFO - [2025-07-11T09:50:29.490+0000] {dag.py:3036} INFO - Sync 1 DAGs
[2025-07-11T09:50:29.530+0000] {logging_mixin.py:188} INFO - [2025-07-11T09:50:29.530+0000] {dag.py:3823} INFO - Setting next_dagrun for latest_only to 2025-07-11 04:00:00+00:00, run_after=2025-07-11 08:00:00+00:00
[2025-07-11T09:50:29.566+0000] {processor.py:183} INFO - Processing /home/airflow/.local/lib/python3.8/site-packages/airflow/example_dags/example_latest_only.py took 0.121 seconds
[2025-07-11T09:51:00.410+0000] {processor.py:161} INFO - Started process (PID=1853) to work on /home/airflow/.local/lib/python3.8/site-packages/airflow/example_dags/example_latest_only.py
[2025-07-11T09:51:00.411+0000] {processor.py:830} INFO - Processing file /home/airflow/.local/lib/python3.8/site-packages/airflow/example_dags/example_latest_only.py for tasks to queue
[2025-07-11T09:51:00.414+0000] {logging_mixin.py:188} INFO - [2025-07-11T09:51:00.414+0000] {dagbag.py:538} INFO - Filling up the DagBag from /home/airflow/.local/lib/python3.8/site-packages/airflow/example_dags/example_latest_only.py
[2025-07-11T09:51:00.423+0000] {processor.py:840} INFO - DAG(s) 'latest_only' retrieved from /home/airflow/.local/lib/python3.8/site-packages/airflow/example_dags/example_latest_only.py
[2025-07-11T09:51:00.453+0000] {logging_mixin.py:188} INFO - [2025-07-11T09:51:00.453+0000] {dag.py:3036} INFO - Sync 1 DAGs
[2025-07-11T09:51:00.492+0000] {logging_mixin.py:188} INFO - [2025-07-11T09:51:00.491+0000] {dag.py:3823} INFO - Setting next_dagrun for latest_only to 2025-07-11 04:00:00+00:00, run_after=2025-07-11 08:00:00+00:00
[2025-07-11T09:51:00.523+0000] {processor.py:183} INFO - Processing /home/airflow/.local/lib/python3.8/site-packages/airflow/example_dags/example_latest_only.py took 0.118 seconds
[2025-07-11T09:51:30.805+0000] {processor.py:161} INFO - Started process (PID=1908) to work on /home/airflow/.local/lib/python3.8/site-packages/airflow/example_dags/example_latest_only.py
[2025-07-11T09:51:30.806+0000] {processor.py:830} INFO - Processing file /home/airflow/.local/lib/python3.8/site-packages/airflow/example_dags/example_latest_only.py for tasks to queue
[2025-07-11T09:51:30.809+0000] {logging_mixin.py:188} INFO - [2025-07-11T09:51:30.808+0000] {dagbag.py:538} INFO - Filling up the DagBag from /home/airflow/.local/lib/python3.8/site-packages/airflow/example_dags/example_latest_only.py
[2025-07-11T09:51:30.815+0000] {processor.py:840} INFO - DAG(s) 'latest_only' retrieved from /home/airflow/.local/lib/python3.8/site-packages/airflow/example_dags/example_latest_only.py
[2025-07-11T09:51:30.845+0000] {logging_mixin.py:188} INFO - [2025-07-11T09:51:30.845+0000] {dag.py:3036} INFO - Sync 1 DAGs
[2025-07-11T09:51:30.878+0000] {logging_mixin.py:188} INFO - [2025-07-11T09:51:30.878+0000] {dag.py:3823} INFO - Setting next_dagrun for latest_only to 2025-07-11 04:00:00+00:00, run_after=2025-07-11 08:00:00+00:00
[2025-07-11T09:51:30.915+0000] {processor.py:183} INFO - Processing /home/airflow/.local/lib/python3.8/site-packages/airflow/example_dags/example_latest_only.py took 0.116 seconds
[2025-07-11T09:52:01.455+0000] {processor.py:161} INFO - Started process (PID=1963) to work on /home/airflow/.local/lib/python3.8/site-packages/airflow/example_dags/example_latest_only.py
[2025-07-11T09:52:01.457+0000] {processor.py:830} INFO - Processing file /home/airflow/.local/lib/python3.8/site-packages/airflow/example_dags/example_latest_only.py for tasks to queue
[2025-07-11T09:52:01.460+0000] {logging_mixin.py:188} INFO - [2025-07-11T09:52:01.459+0000] {dagbag.py:538} INFO - Filling up the DagBag from /home/airflow/.local/lib/python3.8/site-packages/airflow/example_dags/example_latest_only.py
[2025-07-11T09:52:01.467+0000] {processor.py:840} INFO - DAG(s) 'latest_only' retrieved from /home/airflow/.local/lib/python3.8/site-packages/airflow/example_dags/example_latest_only.py
[2025-07-11T09:52:01.497+0000] {logging_mixin.py:188} INFO - [2025-07-11T09:52:01.496+0000] {dag.py:3036} INFO - Sync 1 DAGs
[2025-07-11T09:52:01.527+0000] {logging_mixin.py:188} INFO - [2025-07-11T09:52:01.527+0000] {dag.py:3823} INFO - Setting next_dagrun for latest_only to 2025-07-11 04:00:00+00:00, run_after=2025-07-11 08:00:00+00:00
[2025-07-11T09:52:01.558+0000] {processor.py:183} INFO - Processing /home/airflow/.local/lib/python3.8/site-packages/airflow/example_dags/example_latest_only.py took 0.107 seconds
[2025-07-11T09:52:32.266+0000] {processor.py:161} INFO - Started process (PID=2018) to work on /home/airflow/.local/lib/python3.8/site-packages/airflow/example_dags/example_latest_only.py
[2025-07-11T09:52:32.268+0000] {processor.py:830} INFO - Processing file /home/airflow/.local/lib/python3.8/site-packages/airflow/example_dags/example_latest_only.py for tasks to queue
[2025-07-11T09:52:32.271+0000] {logging_mixin.py:188} INFO - [2025-07-11T09:52:32.270+0000] {dagbag.py:538} INFO - Filling up the DagBag from /home/airflow/.local/lib/python3.8/site-packages/airflow/example_dags/example_latest_only.py
[2025-07-11T09:52:32.279+0000] {processor.py:840} INFO - DAG(s) 'latest_only' retrieved from /home/airflow/.local/lib/python3.8/site-packages/airflow/example_dags/example_latest_only.py
[2025-07-11T09:52:32.309+0000] {logging_mixin.py:188} INFO - [2025-07-11T09:52:32.309+0000] {dag.py:3036} INFO - Sync 1 DAGs
[2025-07-11T09:52:32.341+0000] {logging_mixin.py:188} INFO - [2025-07-11T09:52:32.340+0000] {dag.py:3823} INFO - Setting next_dagrun for latest_only to 2025-07-11 04:00:00+00:00, run_after=2025-07-11 08:00:00+00:00
[2025-07-11T09:52:32.371+0000] {processor.py:183} INFO - Processing /home/airflow/.local/lib/python3.8/site-packages/airflow/example_dags/example_latest_only.py took 0.110 seconds
[2025-07-11T09:53:02.837+0000] {processor.py:161} INFO - Started process (PID=2073) to work on /home/airflow/.local/lib/python3.8/site-packages/airflow/example_dags/example_latest_only.py
[2025-07-11T09:53:02.839+0000] {processor.py:830} INFO - Processing file /home/airflow/.local/lib/python3.8/site-packages/airflow/example_dags/example_latest_only.py for tasks to queue
[2025-07-11T09:53:02.842+0000] {logging_mixin.py:188} INFO - [2025-07-11T09:53:02.841+0000] {dagbag.py:538} INFO - Filling up the DagBag from /home/airflow/.local/lib/python3.8/site-packages/airflow/example_dags/example_latest_only.py
[2025-07-11T09:53:02.849+0000] {processor.py:840} INFO - DAG(s) 'latest_only' retrieved from /home/airflow/.local/lib/python3.8/site-packages/airflow/example_dags/example_latest_only.py
[2025-07-11T09:53:02.883+0000] {logging_mixin.py:188} INFO - [2025-07-11T09:53:02.883+0000] {dag.py:3036} INFO - Sync 1 DAGs
[2025-07-11T09:53:02.924+0000] {logging_mixin.py:188} INFO - [2025-07-11T09:53:02.923+0000] {dag.py:3823} INFO - Setting next_dagrun for latest_only to 2025-07-11 04:00:00+00:00, run_after=2025-07-11 08:00:00+00:00
[2025-07-11T09:53:02.955+0000] {processor.py:183} INFO - Processing /home/airflow/.local/lib/python3.8/site-packages/airflow/example_dags/example_latest_only.py took 0.122 seconds
[2025-07-11T09:53:33.214+0000] {processor.py:161} INFO - Started process (PID=2128) to work on /home/airflow/.local/lib/python3.8/site-packages/airflow/example_dags/example_latest_only.py
[2025-07-11T09:53:33.216+0000] {processor.py:830} INFO - Processing file /home/airflow/.local/lib/python3.8/site-packages/airflow/example_dags/example_latest_only.py for tasks to queue
[2025-07-11T09:53:33.219+0000] {logging_mixin.py:188} INFO - [2025-07-11T09:53:33.218+0000] {dagbag.py:538} INFO - Filling up the DagBag from /home/airflow/.local/lib/python3.8/site-packages/airflow/example_dags/example_latest_only.py
[2025-07-11T09:53:33.228+0000] {processor.py:840} INFO - DAG(s) 'latest_only' retrieved from /home/airflow/.local/lib/python3.8/site-packages/airflow/example_dags/example_latest_only.py
[2025-07-11T09:53:33.261+0000] {logging_mixin.py:188} INFO - [2025-07-11T09:53:33.261+0000] {dag.py:3036} INFO - Sync 1 DAGs
[2025-07-11T09:53:33.298+0000] {logging_mixin.py:188} INFO - [2025-07-11T09:53:33.297+0000] {dag.py:3823} INFO - Setting next_dagrun for latest_only to 2025-07-11 04:00:00+00:00, run_after=2025-07-11 08:00:00+00:00
[2025-07-11T09:53:33.330+0000] {processor.py:183} INFO - Processing /home/airflow/.local/lib/python3.8/site-packages/airflow/example_dags/example_latest_only.py took 0.121 seconds
[2025-07-11T09:54:03.357+0000] {processor.py:161} INFO - Started process (PID=2183) to work on /home/airflow/.local/lib/python3.8/site-packages/airflow/example_dags/example_latest_only.py
[2025-07-11T09:54:03.359+0000] {processor.py:830} INFO - Processing file /home/airflow/.local/lib/python3.8/site-packages/airflow/example_dags/example_latest_only.py for tasks to queue
[2025-07-11T09:54:03.361+0000] {logging_mixin.py:188} INFO - [2025-07-11T09:54:03.360+0000] {dagbag.py:538} INFO - Filling up the DagBag from /home/airflow/.local/lib/python3.8/site-packages/airflow/example_dags/example_latest_only.py
[2025-07-11T09:54:03.368+0000] {processor.py:840} INFO - DAG(s) 'latest_only' retrieved from /home/airflow/.local/lib/python3.8/site-packages/airflow/example_dags/example_latest_only.py
[2025-07-11T09:54:03.396+0000] {logging_mixin.py:188} INFO - [2025-07-11T09:54:03.395+0000] {dag.py:3036} INFO - Sync 1 DAGs
[2025-07-11T09:54:03.428+0000] {logging_mixin.py:188} INFO - [2025-07-11T09:54:03.428+0000] {dag.py:3823} INFO - Setting next_dagrun for latest_only to 2025-07-11 04:00:00+00:00, run_after=2025-07-11 08:00:00+00:00
[2025-07-11T09:54:03.633+0000] {processor.py:183} INFO - Processing /home/airflow/.local/lib/python3.8/site-packages/airflow/example_dags/example_latest_only.py took 0.281 seconds
[2025-07-11T09:54:33.872+0000] {processor.py:161} INFO - Started process (PID=2238) to work on /home/airflow/.local/lib/python3.8/site-packages/airflow/example_dags/example_latest_only.py
[2025-07-11T09:54:33.874+0000] {processor.py:830} INFO - Processing file /home/airflow/.local/lib/python3.8/site-packages/airflow/example_dags/example_latest_only.py for tasks to queue
[2025-07-11T09:54:33.878+0000] {logging_mixin.py:188} INFO - [2025-07-11T09:54:33.877+0000] {dagbag.py:538} INFO - Filling up the DagBag from /home/airflow/.local/lib/python3.8/site-packages/airflow/example_dags/example_latest_only.py
[2025-07-11T09:54:33.887+0000] {processor.py:840} INFO - DAG(s) 'latest_only' retrieved from /home/airflow/.local/lib/python3.8/site-packages/airflow/example_dags/example_latest_only.py
[2025-07-11T09:54:33.916+0000] {logging_mixin.py:188} INFO - [2025-07-11T09:54:33.915+0000] {dag.py:3036} INFO - Sync 1 DAGs
[2025-07-11T09:54:33.948+0000] {logging_mixin.py:188} INFO - [2025-07-11T09:54:33.947+0000] {dag.py:3823} INFO - Setting next_dagrun for latest_only to 2025-07-11 04:00:00+00:00, run_after=2025-07-11 08:00:00+00:00
[2025-07-11T09:54:34.149+0000] {processor.py:183} INFO - Processing /home/airflow/.local/lib/python3.8/site-packages/airflow/example_dags/example_latest_only.py took 0.282 seconds
