[2025-07-11T09:24:57.169+0000] {processor.py:161} INFO - Started process (PID=97) to work on /home/airflow/.local/lib/python3.8/site-packages/airflow/example_dags/example_task_group_decorator.py
[2025-07-11T09:24:57.170+0000] {processor.py:830} INFO - Processing file /home/airflow/.local/lib/python3.8/site-packages/airflow/example_dags/example_task_group_decorator.py for tasks to queue
[2025-07-11T09:24:57.173+0000] {logging_mixin.py:188} INFO - [2025-07-11T09:24:57.172+0000] {dagbag.py:538} INFO - Filling up the DagBag from /home/airflow/.local/lib/python3.8/site-packages/airflow/example_dags/example_task_group_decorator.py
[2025-07-11T09:24:57.203+0000] {processor.py:840} INFO - DAG(s) 'example_task_group_decorator' retrieved from /home/airflow/.local/lib/python3.8/site-packages/airflow/example_dags/example_task_group_decorator.py
[2025-07-11T09:24:57.421+0000] {logging_mixin.py:188} INFO - [2025-07-11T09:24:57.420+0000] {override.py:1769} INFO - Created Permission View: can edit on DAG:example_task_group_decorator
[2025-07-11T09:24:57.443+0000] {logging_mixin.py:188} INFO - [2025-07-11T09:24:57.442+0000] {override.py:1769} INFO - Created Permission View: can delete on DAG:example_task_group_decorator
[2025-07-11T09:24:57.457+0000] {logging_mixin.py:188} INFO - [2025-07-11T09:24:57.457+0000] {override.py:1769} INFO - Created Permission View: can read on DAG:example_task_group_decorator
[2025-07-11T09:24:57.458+0000] {logging_mixin.py:188} INFO - [2025-07-11T09:24:57.458+0000] {dag.py:3036} INFO - Sync 1 DAGs
[2025-07-11T09:24:57.475+0000] {logging_mixin.py:188} INFO - [2025-07-11T09:24:57.475+0000] {dag.py:3058} INFO - Creating ORM DAG for example_task_group_decorator
[2025-07-11T09:24:57.492+0000] {logging_mixin.py:188} INFO - [2025-07-11T09:24:57.491+0000] {dag.py:3823} INFO - Setting next_dagrun for example_task_group_decorator to 2025-07-10 00:00:00+00:00, run_after=2025-07-11 00:00:00+00:00
[2025-07-11T09:24:57.522+0000] {processor.py:183} INFO - Processing /home/airflow/.local/lib/python3.8/site-packages/airflow/example_dags/example_task_group_decorator.py took 0.357 seconds
[2025-07-11T09:25:28.068+0000] {processor.py:161} INFO - Started process (PID=152) to work on /home/airflow/.local/lib/python3.8/site-packages/airflow/example_dags/example_task_group_decorator.py
[2025-07-11T09:25:28.070+0000] {processor.py:830} INFO - Processing file /home/airflow/.local/lib/python3.8/site-packages/airflow/example_dags/example_task_group_decorator.py for tasks to queue
[2025-07-11T09:25:28.072+0000] {logging_mixin.py:188} INFO - [2025-07-11T09:25:28.072+0000] {dagbag.py:538} INFO - Filling up the DagBag from /home/airflow/.local/lib/python3.8/site-packages/airflow/example_dags/example_task_group_decorator.py
[2025-07-11T09:25:28.092+0000] {processor.py:840} INFO - DAG(s) 'example_task_group_decorator' retrieved from /home/airflow/.local/lib/python3.8/site-packages/airflow/example_dags/example_task_group_decorator.py
[2025-07-11T09:25:28.135+0000] {logging_mixin.py:188} INFO - [2025-07-11T09:25:28.135+0000] {dag.py:3036} INFO - Sync 1 DAGs
[2025-07-11T09:25:28.199+0000] {logging_mixin.py:188} INFO - [2025-07-11T09:25:28.199+0000] {dag.py:3823} INFO - Setting next_dagrun for example_task_group_decorator to 2025-07-10 00:00:00+00:00, run_after=2025-07-11 00:00:00+00:00
[2025-07-11T09:25:28.241+0000] {processor.py:183} INFO - Processing /home/airflow/.local/lib/python3.8/site-packages/airflow/example_dags/example_task_group_decorator.py took 0.176 seconds
[2025-07-11T09:25:58.687+0000] {processor.py:161} INFO - Started process (PID=208) to work on /home/airflow/.local/lib/python3.8/site-packages/airflow/example_dags/example_task_group_decorator.py
[2025-07-11T09:25:58.689+0000] {processor.py:830} INFO - Processing file /home/airflow/.local/lib/python3.8/site-packages/airflow/example_dags/example_task_group_decorator.py for tasks to queue
[2025-07-11T09:25:58.691+0000] {logging_mixin.py:188} INFO - [2025-07-11T09:25:58.691+0000] {dagbag.py:538} INFO - Filling up the DagBag from /home/airflow/.local/lib/python3.8/site-packages/airflow/example_dags/example_task_group_decorator.py
[2025-07-11T09:25:58.715+0000] {processor.py:840} INFO - DAG(s) 'example_task_group_decorator' retrieved from /home/airflow/.local/lib/python3.8/site-packages/airflow/example_dags/example_task_group_decorator.py
[2025-07-11T09:25:58.756+0000] {logging_mixin.py:188} INFO - [2025-07-11T09:25:58.756+0000] {dag.py:3036} INFO - Sync 1 DAGs
[2025-07-11T09:25:58.787+0000] {logging_mixin.py:188} INFO - [2025-07-11T09:25:58.787+0000] {dag.py:3823} INFO - Setting next_dagrun for example_task_group_decorator to 2025-07-10 00:00:00+00:00, run_after=2025-07-11 00:00:00+00:00
[2025-07-11T09:25:58.815+0000] {processor.py:183} INFO - Processing /home/airflow/.local/lib/python3.8/site-packages/airflow/example_dags/example_task_group_decorator.py took 0.132 seconds
[2025-07-11T09:26:28.923+0000] {processor.py:161} INFO - Started process (PID=262) to work on /home/airflow/.local/lib/python3.8/site-packages/airflow/example_dags/example_task_group_decorator.py
[2025-07-11T09:26:28.924+0000] {processor.py:830} INFO - Processing file /home/airflow/.local/lib/python3.8/site-packages/airflow/example_dags/example_task_group_decorator.py for tasks to queue
[2025-07-11T09:26:28.927+0000] {logging_mixin.py:188} INFO - [2025-07-11T09:26:28.926+0000] {dagbag.py:538} INFO - Filling up the DagBag from /home/airflow/.local/lib/python3.8/site-packages/airflow/example_dags/example_task_group_decorator.py
[2025-07-11T09:26:28.951+0000] {processor.py:840} INFO - DAG(s) 'example_task_group_decorator' retrieved from /home/airflow/.local/lib/python3.8/site-packages/airflow/example_dags/example_task_group_decorator.py
[2025-07-11T09:26:28.988+0000] {logging_mixin.py:188} INFO - [2025-07-11T09:26:28.988+0000] {dag.py:3036} INFO - Sync 1 DAGs
[2025-07-11T09:26:29.018+0000] {logging_mixin.py:188} INFO - [2025-07-11T09:26:29.018+0000] {dag.py:3823} INFO - Setting next_dagrun for example_task_group_decorator to 2025-07-10 00:00:00+00:00, run_after=2025-07-11 00:00:00+00:00
[2025-07-11T09:26:29.055+0000] {processor.py:183} INFO - Processing /home/airflow/.local/lib/python3.8/site-packages/airflow/example_dags/example_task_group_decorator.py took 0.137 seconds
[2025-07-11T09:26:59.204+0000] {processor.py:161} INFO - Started process (PID=317) to work on /home/airflow/.local/lib/python3.8/site-packages/airflow/example_dags/example_task_group_decorator.py
[2025-07-11T09:26:59.206+0000] {processor.py:830} INFO - Processing file /home/airflow/.local/lib/python3.8/site-packages/airflow/example_dags/example_task_group_decorator.py for tasks to queue
[2025-07-11T09:26:59.208+0000] {logging_mixin.py:188} INFO - [2025-07-11T09:26:59.208+0000] {dagbag.py:538} INFO - Filling up the DagBag from /home/airflow/.local/lib/python3.8/site-packages/airflow/example_dags/example_task_group_decorator.py
[2025-07-11T09:26:59.230+0000] {processor.py:840} INFO - DAG(s) 'example_task_group_decorator' retrieved from /home/airflow/.local/lib/python3.8/site-packages/airflow/example_dags/example_task_group_decorator.py
[2025-07-11T09:26:59.269+0000] {logging_mixin.py:188} INFO - [2025-07-11T09:26:59.268+0000] {dag.py:3036} INFO - Sync 1 DAGs
[2025-07-11T09:26:59.298+0000] {logging_mixin.py:188} INFO - [2025-07-11T09:26:59.297+0000] {dag.py:3823} INFO - Setting next_dagrun for example_task_group_decorator to 2025-07-10 00:00:00+00:00, run_after=2025-07-11 00:00:00+00:00
[2025-07-11T09:26:59.328+0000] {processor.py:183} INFO - Processing /home/airflow/.local/lib/python3.8/site-packages/airflow/example_dags/example_task_group_decorator.py took 0.128 seconds
[2025-07-11T09:28:24.670+0000] {processor.py:161} INFO - Started process (PID=98) to work on /home/airflow/.local/lib/python3.8/site-packages/airflow/example_dags/example_task_group_decorator.py
[2025-07-11T09:28:24.671+0000] {processor.py:830} INFO - Processing file /home/airflow/.local/lib/python3.8/site-packages/airflow/example_dags/example_task_group_decorator.py for tasks to queue
[2025-07-11T09:28:24.675+0000] {logging_mixin.py:188} INFO - [2025-07-11T09:28:24.674+0000] {dagbag.py:538} INFO - Filling up the DagBag from /home/airflow/.local/lib/python3.8/site-packages/airflow/example_dags/example_task_group_decorator.py
[2025-07-11T09:28:24.699+0000] {processor.py:840} INFO - DAG(s) 'example_task_group_decorator' retrieved from /home/airflow/.local/lib/python3.8/site-packages/airflow/example_dags/example_task_group_decorator.py
[2025-07-11T09:28:24.864+0000] {logging_mixin.py:188} INFO - [2025-07-11T09:28:24.863+0000] {override.py:1769} INFO - Created Permission View: can read on DAG:example_task_group_decorator
[2025-07-11T09:28:24.887+0000] {logging_mixin.py:188} INFO - [2025-07-11T09:28:24.886+0000] {override.py:1769} INFO - Created Permission View: can delete on DAG:example_task_group_decorator
[2025-07-11T09:28:24.903+0000] {logging_mixin.py:188} INFO - [2025-07-11T09:28:24.902+0000] {override.py:1769} INFO - Created Permission View: can edit on DAG:example_task_group_decorator
[2025-07-11T09:28:24.903+0000] {logging_mixin.py:188} INFO - [2025-07-11T09:28:24.903+0000] {dag.py:3036} INFO - Sync 1 DAGs
[2025-07-11T09:28:24.920+0000] {logging_mixin.py:188} INFO - [2025-07-11T09:28:24.919+0000] {dag.py:3058} INFO - Creating ORM DAG for example_task_group_decorator
[2025-07-11T09:28:24.935+0000] {logging_mixin.py:188} INFO - [2025-07-11T09:28:24.934+0000] {dag.py:3823} INFO - Setting next_dagrun for example_task_group_decorator to 2025-07-10 00:00:00+00:00, run_after=2025-07-11 00:00:00+00:00
[2025-07-11T09:28:24.965+0000] {processor.py:183} INFO - Processing /home/airflow/.local/lib/python3.8/site-packages/airflow/example_dags/example_task_group_decorator.py took 0.300 seconds
[2025-07-11T09:28:55.846+0000] {processor.py:161} INFO - Started process (PID=153) to work on /home/airflow/.local/lib/python3.8/site-packages/airflow/example_dags/example_task_group_decorator.py
[2025-07-11T09:28:55.848+0000] {processor.py:830} INFO - Processing file /home/airflow/.local/lib/python3.8/site-packages/airflow/example_dags/example_task_group_decorator.py for tasks to queue
[2025-07-11T09:28:55.851+0000] {logging_mixin.py:188} INFO - [2025-07-11T09:28:55.850+0000] {dagbag.py:538} INFO - Filling up the DagBag from /home/airflow/.local/lib/python3.8/site-packages/airflow/example_dags/example_task_group_decorator.py
[2025-07-11T09:28:55.873+0000] {processor.py:840} INFO - DAG(s) 'example_task_group_decorator' retrieved from /home/airflow/.local/lib/python3.8/site-packages/airflow/example_dags/example_task_group_decorator.py
[2025-07-11T09:28:55.910+0000] {logging_mixin.py:188} INFO - [2025-07-11T09:28:55.909+0000] {dag.py:3036} INFO - Sync 1 DAGs
[2025-07-11T09:28:55.945+0000] {logging_mixin.py:188} INFO - [2025-07-11T09:28:55.944+0000] {dag.py:3823} INFO - Setting next_dagrun for example_task_group_decorator to 2025-07-10 00:00:00+00:00, run_after=2025-07-11 00:00:00+00:00
[2025-07-11T09:28:55.983+0000] {processor.py:183} INFO - Processing /home/airflow/.local/lib/python3.8/site-packages/airflow/example_dags/example_task_group_decorator.py took 0.141 seconds
[2025-07-11T09:29:26.255+0000] {processor.py:161} INFO - Started process (PID=208) to work on /home/airflow/.local/lib/python3.8/site-packages/airflow/example_dags/example_task_group_decorator.py
[2025-07-11T09:29:26.256+0000] {processor.py:830} INFO - Processing file /home/airflow/.local/lib/python3.8/site-packages/airflow/example_dags/example_task_group_decorator.py for tasks to queue
[2025-07-11T09:29:26.259+0000] {logging_mixin.py:188} INFO - [2025-07-11T09:29:26.258+0000] {dagbag.py:538} INFO - Filling up the DagBag from /home/airflow/.local/lib/python3.8/site-packages/airflow/example_dags/example_task_group_decorator.py
[2025-07-11T09:29:26.278+0000] {processor.py:840} INFO - DAG(s) 'example_task_group_decorator' retrieved from /home/airflow/.local/lib/python3.8/site-packages/airflow/example_dags/example_task_group_decorator.py
[2025-07-11T09:29:26.312+0000] {logging_mixin.py:188} INFO - [2025-07-11T09:29:26.311+0000] {dag.py:3036} INFO - Sync 1 DAGs
[2025-07-11T09:29:26.342+0000] {logging_mixin.py:188} INFO - [2025-07-11T09:29:26.341+0000] {dag.py:3823} INFO - Setting next_dagrun for example_task_group_decorator to 2025-07-10 00:00:00+00:00, run_after=2025-07-11 00:00:00+00:00
[2025-07-11T09:29:26.370+0000] {processor.py:183} INFO - Processing /home/airflow/.local/lib/python3.8/site-packages/airflow/example_dags/example_task_group_decorator.py took 0.119 seconds
[2025-07-11T09:29:56.507+0000] {processor.py:161} INFO - Started process (PID=263) to work on /home/airflow/.local/lib/python3.8/site-packages/airflow/example_dags/example_task_group_decorator.py
[2025-07-11T09:29:56.510+0000] {processor.py:830} INFO - Processing file /home/airflow/.local/lib/python3.8/site-packages/airflow/example_dags/example_task_group_decorator.py for tasks to queue
[2025-07-11T09:29:56.512+0000] {logging_mixin.py:188} INFO - [2025-07-11T09:29:56.512+0000] {dagbag.py:538} INFO - Filling up the DagBag from /home/airflow/.local/lib/python3.8/site-packages/airflow/example_dags/example_task_group_decorator.py
[2025-07-11T09:29:56.535+0000] {processor.py:840} INFO - DAG(s) 'example_task_group_decorator' retrieved from /home/airflow/.local/lib/python3.8/site-packages/airflow/example_dags/example_task_group_decorator.py
[2025-07-11T09:29:56.569+0000] {logging_mixin.py:188} INFO - [2025-07-11T09:29:56.568+0000] {dag.py:3036} INFO - Sync 1 DAGs
[2025-07-11T09:29:56.603+0000] {logging_mixin.py:188} INFO - [2025-07-11T09:29:56.603+0000] {dag.py:3823} INFO - Setting next_dagrun for example_task_group_decorator to 2025-07-10 00:00:00+00:00, run_after=2025-07-11 00:00:00+00:00
[2025-07-11T09:29:56.633+0000] {processor.py:183} INFO - Processing /home/airflow/.local/lib/python3.8/site-packages/airflow/example_dags/example_task_group_decorator.py took 0.131 seconds
[2025-07-11T09:30:27.171+0000] {processor.py:161} INFO - Started process (PID=318) to work on /home/airflow/.local/lib/python3.8/site-packages/airflow/example_dags/example_task_group_decorator.py
[2025-07-11T09:30:27.174+0000] {processor.py:830} INFO - Processing file /home/airflow/.local/lib/python3.8/site-packages/airflow/example_dags/example_task_group_decorator.py for tasks to queue
[2025-07-11T09:30:27.177+0000] {logging_mixin.py:188} INFO - [2025-07-11T09:30:27.177+0000] {dagbag.py:538} INFO - Filling up the DagBag from /home/airflow/.local/lib/python3.8/site-packages/airflow/example_dags/example_task_group_decorator.py
[2025-07-11T09:30:27.208+0000] {processor.py:840} INFO - DAG(s) 'example_task_group_decorator' retrieved from /home/airflow/.local/lib/python3.8/site-packages/airflow/example_dags/example_task_group_decorator.py
[2025-07-11T09:30:27.243+0000] {logging_mixin.py:188} INFO - [2025-07-11T09:30:27.243+0000] {dag.py:3036} INFO - Sync 1 DAGs
[2025-07-11T09:30:27.275+0000] {logging_mixin.py:188} INFO - [2025-07-11T09:30:27.275+0000] {dag.py:3823} INFO - Setting next_dagrun for example_task_group_decorator to 2025-07-10 00:00:00+00:00, run_after=2025-07-11 00:00:00+00:00
[2025-07-11T09:30:27.306+0000] {processor.py:183} INFO - Processing /home/airflow/.local/lib/python3.8/site-packages/airflow/example_dags/example_task_group_decorator.py took 0.140 seconds
[2025-07-11T09:30:57.767+0000] {processor.py:161} INFO - Started process (PID=373) to work on /home/airflow/.local/lib/python3.8/site-packages/airflow/example_dags/example_task_group_decorator.py
[2025-07-11T09:30:57.770+0000] {processor.py:830} INFO - Processing file /home/airflow/.local/lib/python3.8/site-packages/airflow/example_dags/example_task_group_decorator.py for tasks to queue
[2025-07-11T09:30:57.773+0000] {logging_mixin.py:188} INFO - [2025-07-11T09:30:57.773+0000] {dagbag.py:538} INFO - Filling up the DagBag from /home/airflow/.local/lib/python3.8/site-packages/airflow/example_dags/example_task_group_decorator.py
[2025-07-11T09:30:57.801+0000] {processor.py:840} INFO - DAG(s) 'example_task_group_decorator' retrieved from /home/airflow/.local/lib/python3.8/site-packages/airflow/example_dags/example_task_group_decorator.py
[2025-07-11T09:30:57.850+0000] {logging_mixin.py:188} INFO - [2025-07-11T09:30:57.849+0000] {dag.py:3036} INFO - Sync 1 DAGs
[2025-07-11T09:30:57.891+0000] {logging_mixin.py:188} INFO - [2025-07-11T09:30:57.891+0000] {dag.py:3823} INFO - Setting next_dagrun for example_task_group_decorator to 2025-07-10 00:00:00+00:00, run_after=2025-07-11 00:00:00+00:00
[2025-07-11T09:30:57.931+0000] {processor.py:183} INFO - Processing /home/airflow/.local/lib/python3.8/site-packages/airflow/example_dags/example_task_group_decorator.py took 0.171 seconds
[2025-07-11T09:31:28.092+0000] {processor.py:161} INFO - Started process (PID=428) to work on /home/airflow/.local/lib/python3.8/site-packages/airflow/example_dags/example_task_group_decorator.py
[2025-07-11T09:31:28.093+0000] {processor.py:830} INFO - Processing file /home/airflow/.local/lib/python3.8/site-packages/airflow/example_dags/example_task_group_decorator.py for tasks to queue
[2025-07-11T09:31:28.096+0000] {logging_mixin.py:188} INFO - [2025-07-11T09:31:28.095+0000] {dagbag.py:538} INFO - Filling up the DagBag from /home/airflow/.local/lib/python3.8/site-packages/airflow/example_dags/example_task_group_decorator.py
[2025-07-11T09:31:28.116+0000] {processor.py:840} INFO - DAG(s) 'example_task_group_decorator' retrieved from /home/airflow/.local/lib/python3.8/site-packages/airflow/example_dags/example_task_group_decorator.py
[2025-07-11T09:31:28.149+0000] {logging_mixin.py:188} INFO - [2025-07-11T09:31:28.149+0000] {dag.py:3036} INFO - Sync 1 DAGs
[2025-07-11T09:31:28.181+0000] {logging_mixin.py:188} INFO - [2025-07-11T09:31:28.181+0000] {dag.py:3823} INFO - Setting next_dagrun for example_task_group_decorator to 2025-07-10 00:00:00+00:00, run_after=2025-07-11 00:00:00+00:00
[2025-07-11T09:31:28.212+0000] {processor.py:183} INFO - Processing /home/airflow/.local/lib/python3.8/site-packages/airflow/example_dags/example_task_group_decorator.py took 0.124 seconds
[2025-07-11T09:31:58.319+0000] {processor.py:161} INFO - Started process (PID=483) to work on /home/airflow/.local/lib/python3.8/site-packages/airflow/example_dags/example_task_group_decorator.py
[2025-07-11T09:31:58.321+0000] {processor.py:830} INFO - Processing file /home/airflow/.local/lib/python3.8/site-packages/airflow/example_dags/example_task_group_decorator.py for tasks to queue
[2025-07-11T09:31:58.324+0000] {logging_mixin.py:188} INFO - [2025-07-11T09:31:58.324+0000] {dagbag.py:538} INFO - Filling up the DagBag from /home/airflow/.local/lib/python3.8/site-packages/airflow/example_dags/example_task_group_decorator.py
[2025-07-11T09:31:58.352+0000] {processor.py:840} INFO - DAG(s) 'example_task_group_decorator' retrieved from /home/airflow/.local/lib/python3.8/site-packages/airflow/example_dags/example_task_group_decorator.py
[2025-07-11T09:31:58.395+0000] {logging_mixin.py:188} INFO - [2025-07-11T09:31:58.395+0000] {dag.py:3036} INFO - Sync 1 DAGs
[2025-07-11T09:31:58.432+0000] {logging_mixin.py:188} INFO - [2025-07-11T09:31:58.432+0000] {dag.py:3823} INFO - Setting next_dagrun for example_task_group_decorator to 2025-07-10 00:00:00+00:00, run_after=2025-07-11 00:00:00+00:00
[2025-07-11T09:31:58.467+0000] {processor.py:183} INFO - Processing /home/airflow/.local/lib/python3.8/site-packages/airflow/example_dags/example_task_group_decorator.py took 0.153 seconds
[2025-07-11T09:32:28.836+0000] {processor.py:161} INFO - Started process (PID=538) to work on /home/airflow/.local/lib/python3.8/site-packages/airflow/example_dags/example_task_group_decorator.py
[2025-07-11T09:32:28.838+0000] {processor.py:830} INFO - Processing file /home/airflow/.local/lib/python3.8/site-packages/airflow/example_dags/example_task_group_decorator.py for tasks to queue
[2025-07-11T09:32:28.841+0000] {logging_mixin.py:188} INFO - [2025-07-11T09:32:28.840+0000] {dagbag.py:538} INFO - Filling up the DagBag from /home/airflow/.local/lib/python3.8/site-packages/airflow/example_dags/example_task_group_decorator.py
[2025-07-11T09:32:28.863+0000] {processor.py:840} INFO - DAG(s) 'example_task_group_decorator' retrieved from /home/airflow/.local/lib/python3.8/site-packages/airflow/example_dags/example_task_group_decorator.py
[2025-07-11T09:32:28.903+0000] {logging_mixin.py:188} INFO - [2025-07-11T09:32:28.902+0000] {dag.py:3036} INFO - Sync 1 DAGs
[2025-07-11T09:32:28.943+0000] {logging_mixin.py:188} INFO - [2025-07-11T09:32:28.942+0000] {dag.py:3823} INFO - Setting next_dagrun for example_task_group_decorator to 2025-07-10 00:00:00+00:00, run_after=2025-07-11 00:00:00+00:00
[2025-07-11T09:32:28.977+0000] {processor.py:183} INFO - Processing /home/airflow/.local/lib/python3.8/site-packages/airflow/example_dags/example_task_group_decorator.py took 0.146 seconds
[2025-07-11T09:32:59.822+0000] {processor.py:161} INFO - Started process (PID=593) to work on /home/airflow/.local/lib/python3.8/site-packages/airflow/example_dags/example_task_group_decorator.py
[2025-07-11T09:32:59.827+0000] {processor.py:830} INFO - Processing file /home/airflow/.local/lib/python3.8/site-packages/airflow/example_dags/example_task_group_decorator.py for tasks to queue
[2025-07-11T09:32:59.837+0000] {logging_mixin.py:188} INFO - [2025-07-11T09:32:59.836+0000] {dagbag.py:538} INFO - Filling up the DagBag from /home/airflow/.local/lib/python3.8/site-packages/airflow/example_dags/example_task_group_decorator.py
[2025-07-11T09:32:59.880+0000] {processor.py:840} INFO - DAG(s) 'example_task_group_decorator' retrieved from /home/airflow/.local/lib/python3.8/site-packages/airflow/example_dags/example_task_group_decorator.py
[2025-07-11T09:32:59.940+0000] {logging_mixin.py:188} INFO - [2025-07-11T09:32:59.939+0000] {dag.py:3036} INFO - Sync 1 DAGs
[2025-07-11T09:33:00.009+0000] {logging_mixin.py:188} INFO - [2025-07-11T09:33:00.008+0000] {dag.py:3823} INFO - Setting next_dagrun for example_task_group_decorator to 2025-07-10 00:00:00+00:00, run_after=2025-07-11 00:00:00+00:00
[2025-07-11T09:33:00.091+0000] {processor.py:183} INFO - Processing /home/airflow/.local/lib/python3.8/site-packages/airflow/example_dags/example_task_group_decorator.py took 0.283 seconds
[2025-07-11T09:33:30.350+0000] {processor.py:161} INFO - Started process (PID=648) to work on /home/airflow/.local/lib/python3.8/site-packages/airflow/example_dags/example_task_group_decorator.py
[2025-07-11T09:33:30.351+0000] {processor.py:830} INFO - Processing file /home/airflow/.local/lib/python3.8/site-packages/airflow/example_dags/example_task_group_decorator.py for tasks to queue
[2025-07-11T09:33:30.354+0000] {logging_mixin.py:188} INFO - [2025-07-11T09:33:30.353+0000] {dagbag.py:538} INFO - Filling up the DagBag from /home/airflow/.local/lib/python3.8/site-packages/airflow/example_dags/example_task_group_decorator.py
[2025-07-11T09:33:30.375+0000] {processor.py:840} INFO - DAG(s) 'example_task_group_decorator' retrieved from /home/airflow/.local/lib/python3.8/site-packages/airflow/example_dags/example_task_group_decorator.py
[2025-07-11T09:33:30.412+0000] {logging_mixin.py:188} INFO - [2025-07-11T09:33:30.411+0000] {dag.py:3036} INFO - Sync 1 DAGs
[2025-07-11T09:33:30.447+0000] {logging_mixin.py:188} INFO - [2025-07-11T09:33:30.447+0000] {dag.py:3823} INFO - Setting next_dagrun for example_task_group_decorator to 2025-07-10 00:00:00+00:00, run_after=2025-07-11 00:00:00+00:00
[2025-07-11T09:33:30.480+0000] {processor.py:183} INFO - Processing /home/airflow/.local/lib/python3.8/site-packages/airflow/example_dags/example_task_group_decorator.py took 0.135 seconds
[2025-07-11T09:34:46.136+0000] {processor.py:161} INFO - Started process (PID=99) to work on /home/airflow/.local/lib/python3.8/site-packages/airflow/example_dags/example_task_group_decorator.py
[2025-07-11T09:34:46.138+0000] {processor.py:830} INFO - Processing file /home/airflow/.local/lib/python3.8/site-packages/airflow/example_dags/example_task_group_decorator.py for tasks to queue
[2025-07-11T09:34:46.142+0000] {logging_mixin.py:188} INFO - [2025-07-11T09:34:46.141+0000] {dagbag.py:538} INFO - Filling up the DagBag from /home/airflow/.local/lib/python3.8/site-packages/airflow/example_dags/example_task_group_decorator.py
[2025-07-11T09:34:46.176+0000] {processor.py:840} INFO - DAG(s) 'example_task_group_decorator' retrieved from /home/airflow/.local/lib/python3.8/site-packages/airflow/example_dags/example_task_group_decorator.py
[2025-07-11T09:34:46.423+0000] {logging_mixin.py:188} INFO - [2025-07-11T09:34:46.421+0000] {override.py:1769} INFO - Created Permission View: can edit on DAG:example_task_group_decorator
[2025-07-11T09:34:46.448+0000] {logging_mixin.py:188} INFO - [2025-07-11T09:34:46.447+0000] {override.py:1769} INFO - Created Permission View: can delete on DAG:example_task_group_decorator
[2025-07-11T09:34:46.469+0000] {logging_mixin.py:188} INFO - [2025-07-11T09:34:46.468+0000] {override.py:1769} INFO - Created Permission View: can read on DAG:example_task_group_decorator
[2025-07-11T09:34:46.469+0000] {logging_mixin.py:188} INFO - [2025-07-11T09:34:46.469+0000] {dag.py:3036} INFO - Sync 1 DAGs
[2025-07-11T09:34:46.493+0000] {logging_mixin.py:188} INFO - [2025-07-11T09:34:46.492+0000] {dag.py:3058} INFO - Creating ORM DAG for example_task_group_decorator
[2025-07-11T09:34:46.510+0000] {logging_mixin.py:188} INFO - [2025-07-11T09:34:46.510+0000] {dag.py:3823} INFO - Setting next_dagrun for example_task_group_decorator to 2025-07-10 00:00:00+00:00, run_after=2025-07-11 00:00:00+00:00
[2025-07-11T09:34:46.547+0000] {processor.py:183} INFO - Processing /home/airflow/.local/lib/python3.8/site-packages/airflow/example_dags/example_task_group_decorator.py took 0.416 seconds
[2025-07-11T09:35:16.729+0000] {processor.py:161} INFO - Started process (PID=154) to work on /home/airflow/.local/lib/python3.8/site-packages/airflow/example_dags/example_task_group_decorator.py
[2025-07-11T09:35:16.731+0000] {processor.py:830} INFO - Processing file /home/airflow/.local/lib/python3.8/site-packages/airflow/example_dags/example_task_group_decorator.py for tasks to queue
[2025-07-11T09:35:16.734+0000] {logging_mixin.py:188} INFO - [2025-07-11T09:35:16.734+0000] {dagbag.py:538} INFO - Filling up the DagBag from /home/airflow/.local/lib/python3.8/site-packages/airflow/example_dags/example_task_group_decorator.py
[2025-07-11T09:35:16.764+0000] {processor.py:840} INFO - DAG(s) 'example_task_group_decorator' retrieved from /home/airflow/.local/lib/python3.8/site-packages/airflow/example_dags/example_task_group_decorator.py
[2025-07-11T09:35:16.806+0000] {logging_mixin.py:188} INFO - [2025-07-11T09:35:16.806+0000] {dag.py:3036} INFO - Sync 1 DAGs
[2025-07-11T09:35:16.854+0000] {logging_mixin.py:188} INFO - [2025-07-11T09:35:16.854+0000] {dag.py:3823} INFO - Setting next_dagrun for example_task_group_decorator to 2025-07-10 00:00:00+00:00, run_after=2025-07-11 00:00:00+00:00
[2025-07-11T09:35:16.889+0000] {processor.py:183} INFO - Processing /home/airflow/.local/lib/python3.8/site-packages/airflow/example_dags/example_task_group_decorator.py took 0.167 seconds
[2025-07-11T09:35:47.056+0000] {processor.py:161} INFO - Started process (PID=209) to work on /home/airflow/.local/lib/python3.8/site-packages/airflow/example_dags/example_task_group_decorator.py
[2025-07-11T09:35:47.057+0000] {processor.py:830} INFO - Processing file /home/airflow/.local/lib/python3.8/site-packages/airflow/example_dags/example_task_group_decorator.py for tasks to queue
[2025-07-11T09:35:47.060+0000] {logging_mixin.py:188} INFO - [2025-07-11T09:35:47.059+0000] {dagbag.py:538} INFO - Filling up the DagBag from /home/airflow/.local/lib/python3.8/site-packages/airflow/example_dags/example_task_group_decorator.py
[2025-07-11T09:35:47.085+0000] {processor.py:840} INFO - DAG(s) 'example_task_group_decorator' retrieved from /home/airflow/.local/lib/python3.8/site-packages/airflow/example_dags/example_task_group_decorator.py
[2025-07-11T09:35:47.122+0000] {logging_mixin.py:188} INFO - [2025-07-11T09:35:47.122+0000] {dag.py:3036} INFO - Sync 1 DAGs
[2025-07-11T09:35:47.155+0000] {logging_mixin.py:188} INFO - [2025-07-11T09:35:47.155+0000] {dag.py:3823} INFO - Setting next_dagrun for example_task_group_decorator to 2025-07-10 00:00:00+00:00, run_after=2025-07-11 00:00:00+00:00
[2025-07-11T09:35:47.191+0000] {processor.py:183} INFO - Processing /home/airflow/.local/lib/python3.8/site-packages/airflow/example_dags/example_task_group_decorator.py took 0.140 seconds
[2025-07-11T09:36:17.487+0000] {processor.py:161} INFO - Started process (PID=264) to work on /home/airflow/.local/lib/python3.8/site-packages/airflow/example_dags/example_task_group_decorator.py
[2025-07-11T09:36:17.489+0000] {processor.py:830} INFO - Processing file /home/airflow/.local/lib/python3.8/site-packages/airflow/example_dags/example_task_group_decorator.py for tasks to queue
[2025-07-11T09:36:17.492+0000] {logging_mixin.py:188} INFO - [2025-07-11T09:36:17.491+0000] {dagbag.py:538} INFO - Filling up the DagBag from /home/airflow/.local/lib/python3.8/site-packages/airflow/example_dags/example_task_group_decorator.py
[2025-07-11T09:36:17.520+0000] {processor.py:840} INFO - DAG(s) 'example_task_group_decorator' retrieved from /home/airflow/.local/lib/python3.8/site-packages/airflow/example_dags/example_task_group_decorator.py
[2025-07-11T09:36:17.557+0000] {logging_mixin.py:188} INFO - [2025-07-11T09:36:17.556+0000] {dag.py:3036} INFO - Sync 1 DAGs
[2025-07-11T09:36:17.594+0000] {logging_mixin.py:188} INFO - [2025-07-11T09:36:17.593+0000] {dag.py:3823} INFO - Setting next_dagrun for example_task_group_decorator to 2025-07-10 00:00:00+00:00, run_after=2025-07-11 00:00:00+00:00
[2025-07-11T09:36:17.624+0000] {processor.py:183} INFO - Processing /home/airflow/.local/lib/python3.8/site-packages/airflow/example_dags/example_task_group_decorator.py took 0.143 seconds
[2025-07-11T09:36:47.845+0000] {processor.py:161} INFO - Started process (PID=319) to work on /home/airflow/.local/lib/python3.8/site-packages/airflow/example_dags/example_task_group_decorator.py
[2025-07-11T09:36:47.847+0000] {processor.py:830} INFO - Processing file /home/airflow/.local/lib/python3.8/site-packages/airflow/example_dags/example_task_group_decorator.py for tasks to queue
[2025-07-11T09:36:47.850+0000] {logging_mixin.py:188} INFO - [2025-07-11T09:36:47.849+0000] {dagbag.py:538} INFO - Filling up the DagBag from /home/airflow/.local/lib/python3.8/site-packages/airflow/example_dags/example_task_group_decorator.py
[2025-07-11T09:36:47.874+0000] {processor.py:840} INFO - DAG(s) 'example_task_group_decorator' retrieved from /home/airflow/.local/lib/python3.8/site-packages/airflow/example_dags/example_task_group_decorator.py
[2025-07-11T09:36:47.912+0000] {logging_mixin.py:188} INFO - [2025-07-11T09:36:47.912+0000] {dag.py:3036} INFO - Sync 1 DAGs
[2025-07-11T09:36:47.955+0000] {logging_mixin.py:188} INFO - [2025-07-11T09:36:47.955+0000] {dag.py:3823} INFO - Setting next_dagrun for example_task_group_decorator to 2025-07-10 00:00:00+00:00, run_after=2025-07-11 00:00:00+00:00
[2025-07-11T09:36:47.995+0000] {processor.py:183} INFO - Processing /home/airflow/.local/lib/python3.8/site-packages/airflow/example_dags/example_task_group_decorator.py took 0.155 seconds
[2025-07-11T09:37:18.265+0000] {processor.py:161} INFO - Started process (PID=374) to work on /home/airflow/.local/lib/python3.8/site-packages/airflow/example_dags/example_task_group_decorator.py
[2025-07-11T09:37:18.267+0000] {processor.py:830} INFO - Processing file /home/airflow/.local/lib/python3.8/site-packages/airflow/example_dags/example_task_group_decorator.py for tasks to queue
[2025-07-11T09:37:18.269+0000] {logging_mixin.py:188} INFO - [2025-07-11T09:37:18.269+0000] {dagbag.py:538} INFO - Filling up the DagBag from /home/airflow/.local/lib/python3.8/site-packages/airflow/example_dags/example_task_group_decorator.py
[2025-07-11T09:37:18.314+0000] {processor.py:840} INFO - DAG(s) 'example_task_group_decorator' retrieved from /home/airflow/.local/lib/python3.8/site-packages/airflow/example_dags/example_task_group_decorator.py
[2025-07-11T09:37:18.365+0000] {logging_mixin.py:188} INFO - [2025-07-11T09:37:18.365+0000] {dag.py:3036} INFO - Sync 1 DAGs
[2025-07-11T09:37:18.407+0000] {logging_mixin.py:188} INFO - [2025-07-11T09:37:18.406+0000] {dag.py:3823} INFO - Setting next_dagrun for example_task_group_decorator to 2025-07-10 00:00:00+00:00, run_after=2025-07-11 00:00:00+00:00
[2025-07-11T09:37:18.443+0000] {processor.py:183} INFO - Processing /home/airflow/.local/lib/python3.8/site-packages/airflow/example_dags/example_task_group_decorator.py took 0.183 seconds
[2025-07-11T09:37:48.841+0000] {processor.py:161} INFO - Started process (PID=429) to work on /home/airflow/.local/lib/python3.8/site-packages/airflow/example_dags/example_task_group_decorator.py
[2025-07-11T09:37:48.853+0000] {processor.py:830} INFO - Processing file /home/airflow/.local/lib/python3.8/site-packages/airflow/example_dags/example_task_group_decorator.py for tasks to queue
[2025-07-11T09:37:48.858+0000] {logging_mixin.py:188} INFO - [2025-07-11T09:37:48.856+0000] {dagbag.py:538} INFO - Filling up the DagBag from /home/airflow/.local/lib/python3.8/site-packages/airflow/example_dags/example_task_group_decorator.py
[2025-07-11T09:37:48.927+0000] {processor.py:840} INFO - DAG(s) 'example_task_group_decorator' retrieved from /home/airflow/.local/lib/python3.8/site-packages/airflow/example_dags/example_task_group_decorator.py
[2025-07-11T09:37:49.033+0000] {logging_mixin.py:188} INFO - [2025-07-11T09:37:49.032+0000] {dag.py:3036} INFO - Sync 1 DAGs
[2025-07-11T09:37:49.133+0000] {logging_mixin.py:188} INFO - [2025-07-11T09:37:49.133+0000] {dag.py:3823} INFO - Setting next_dagrun for example_task_group_decorator to 2025-07-10 00:00:00+00:00, run_after=2025-07-11 00:00:00+00:00
[2025-07-11T09:37:49.203+0000] {processor.py:183} INFO - Processing /home/airflow/.local/lib/python3.8/site-packages/airflow/example_dags/example_task_group_decorator.py took 0.369 seconds
[2025-07-11T09:38:19.890+0000] {processor.py:161} INFO - Started process (PID=484) to work on /home/airflow/.local/lib/python3.8/site-packages/airflow/example_dags/example_task_group_decorator.py
[2025-07-11T09:38:19.891+0000] {processor.py:830} INFO - Processing file /home/airflow/.local/lib/python3.8/site-packages/airflow/example_dags/example_task_group_decorator.py for tasks to queue
[2025-07-11T09:38:19.893+0000] {logging_mixin.py:188} INFO - [2025-07-11T09:38:19.893+0000] {dagbag.py:538} INFO - Filling up the DagBag from /home/airflow/.local/lib/python3.8/site-packages/airflow/example_dags/example_task_group_decorator.py
[2025-07-11T09:38:19.914+0000] {processor.py:840} INFO - DAG(s) 'example_task_group_decorator' retrieved from /home/airflow/.local/lib/python3.8/site-packages/airflow/example_dags/example_task_group_decorator.py
[2025-07-11T09:38:19.947+0000] {logging_mixin.py:188} INFO - [2025-07-11T09:38:19.947+0000] {dag.py:3036} INFO - Sync 1 DAGs
[2025-07-11T09:38:19.978+0000] {logging_mixin.py:188} INFO - [2025-07-11T09:38:19.977+0000] {dag.py:3823} INFO - Setting next_dagrun for example_task_group_decorator to 2025-07-10 00:00:00+00:00, run_after=2025-07-11 00:00:00+00:00
[2025-07-11T09:38:20.007+0000] {processor.py:183} INFO - Processing /home/airflow/.local/lib/python3.8/site-packages/airflow/example_dags/example_task_group_decorator.py took 0.121 seconds
[2025-07-11T09:38:50.392+0000] {processor.py:161} INFO - Started process (PID=539) to work on /home/airflow/.local/lib/python3.8/site-packages/airflow/example_dags/example_task_group_decorator.py
[2025-07-11T09:38:50.394+0000] {processor.py:830} INFO - Processing file /home/airflow/.local/lib/python3.8/site-packages/airflow/example_dags/example_task_group_decorator.py for tasks to queue
[2025-07-11T09:38:50.396+0000] {logging_mixin.py:188} INFO - [2025-07-11T09:38:50.396+0000] {dagbag.py:538} INFO - Filling up the DagBag from /home/airflow/.local/lib/python3.8/site-packages/airflow/example_dags/example_task_group_decorator.py
[2025-07-11T09:38:50.422+0000] {processor.py:840} INFO - DAG(s) 'example_task_group_decorator' retrieved from /home/airflow/.local/lib/python3.8/site-packages/airflow/example_dags/example_task_group_decorator.py
[2025-07-11T09:38:50.457+0000] {logging_mixin.py:188} INFO - [2025-07-11T09:38:50.457+0000] {dag.py:3036} INFO - Sync 1 DAGs
[2025-07-11T09:38:50.488+0000] {logging_mixin.py:188} INFO - [2025-07-11T09:38:50.488+0000] {dag.py:3823} INFO - Setting next_dagrun for example_task_group_decorator to 2025-07-10 00:00:00+00:00, run_after=2025-07-11 00:00:00+00:00
[2025-07-11T09:38:50.518+0000] {processor.py:183} INFO - Processing /home/airflow/.local/lib/python3.8/site-packages/airflow/example_dags/example_task_group_decorator.py took 0.130 seconds
[2025-07-11T09:39:20.686+0000] {processor.py:161} INFO - Started process (PID=595) to work on /home/airflow/.local/lib/python3.8/site-packages/airflow/example_dags/example_task_group_decorator.py
[2025-07-11T09:39:20.688+0000] {processor.py:830} INFO - Processing file /home/airflow/.local/lib/python3.8/site-packages/airflow/example_dags/example_task_group_decorator.py for tasks to queue
[2025-07-11T09:39:20.690+0000] {logging_mixin.py:188} INFO - [2025-07-11T09:39:20.690+0000] {dagbag.py:538} INFO - Filling up the DagBag from /home/airflow/.local/lib/python3.8/site-packages/airflow/example_dags/example_task_group_decorator.py
[2025-07-11T09:39:20.712+0000] {processor.py:840} INFO - DAG(s) 'example_task_group_decorator' retrieved from /home/airflow/.local/lib/python3.8/site-packages/airflow/example_dags/example_task_group_decorator.py
[2025-07-11T09:39:20.747+0000] {logging_mixin.py:188} INFO - [2025-07-11T09:39:20.747+0000] {dag.py:3036} INFO - Sync 1 DAGs
[2025-07-11T09:39:20.779+0000] {logging_mixin.py:188} INFO - [2025-07-11T09:39:20.779+0000] {dag.py:3823} INFO - Setting next_dagrun for example_task_group_decorator to 2025-07-10 00:00:00+00:00, run_after=2025-07-11 00:00:00+00:00
[2025-07-11T09:39:20.807+0000] {processor.py:183} INFO - Processing /home/airflow/.local/lib/python3.8/site-packages/airflow/example_dags/example_task_group_decorator.py took 0.125 seconds
[2025-07-11T09:39:51.020+0000] {processor.py:161} INFO - Started process (PID=650) to work on /home/airflow/.local/lib/python3.8/site-packages/airflow/example_dags/example_task_group_decorator.py
[2025-07-11T09:39:51.022+0000] {processor.py:830} INFO - Processing file /home/airflow/.local/lib/python3.8/site-packages/airflow/example_dags/example_task_group_decorator.py for tasks to queue
[2025-07-11T09:39:51.024+0000] {logging_mixin.py:188} INFO - [2025-07-11T09:39:51.024+0000] {dagbag.py:538} INFO - Filling up the DagBag from /home/airflow/.local/lib/python3.8/site-packages/airflow/example_dags/example_task_group_decorator.py
[2025-07-11T09:39:51.045+0000] {processor.py:840} INFO - DAG(s) 'example_task_group_decorator' retrieved from /home/airflow/.local/lib/python3.8/site-packages/airflow/example_dags/example_task_group_decorator.py
[2025-07-11T09:39:51.078+0000] {logging_mixin.py:188} INFO - [2025-07-11T09:39:51.078+0000] {dag.py:3036} INFO - Sync 1 DAGs
[2025-07-11T09:39:51.107+0000] {logging_mixin.py:188} INFO - [2025-07-11T09:39:51.107+0000] {dag.py:3823} INFO - Setting next_dagrun for example_task_group_decorator to 2025-07-10 00:00:00+00:00, run_after=2025-07-11 00:00:00+00:00
[2025-07-11T09:39:51.136+0000] {processor.py:183} INFO - Processing /home/airflow/.local/lib/python3.8/site-packages/airflow/example_dags/example_task_group_decorator.py took 0.120 seconds
[2025-07-11T09:40:21.513+0000] {processor.py:161} INFO - Started process (PID=705) to work on /home/airflow/.local/lib/python3.8/site-packages/airflow/example_dags/example_task_group_decorator.py
[2025-07-11T09:40:21.515+0000] {processor.py:830} INFO - Processing file /home/airflow/.local/lib/python3.8/site-packages/airflow/example_dags/example_task_group_decorator.py for tasks to queue
[2025-07-11T09:40:21.518+0000] {logging_mixin.py:188} INFO - [2025-07-11T09:40:21.517+0000] {dagbag.py:538} INFO - Filling up the DagBag from /home/airflow/.local/lib/python3.8/site-packages/airflow/example_dags/example_task_group_decorator.py
[2025-07-11T09:40:21.541+0000] {processor.py:840} INFO - DAG(s) 'example_task_group_decorator' retrieved from /home/airflow/.local/lib/python3.8/site-packages/airflow/example_dags/example_task_group_decorator.py
[2025-07-11T09:40:21.575+0000] {logging_mixin.py:188} INFO - [2025-07-11T09:40:21.575+0000] {dag.py:3036} INFO - Sync 1 DAGs
[2025-07-11T09:40:21.606+0000] {logging_mixin.py:188} INFO - [2025-07-11T09:40:21.606+0000] {dag.py:3823} INFO - Setting next_dagrun for example_task_group_decorator to 2025-07-10 00:00:00+00:00, run_after=2025-07-11 00:00:00+00:00
[2025-07-11T09:40:21.635+0000] {processor.py:183} INFO - Processing /home/airflow/.local/lib/python3.8/site-packages/airflow/example_dags/example_task_group_decorator.py took 0.126 seconds
[2025-07-11T09:40:51.905+0000] {processor.py:161} INFO - Started process (PID=760) to work on /home/airflow/.local/lib/python3.8/site-packages/airflow/example_dags/example_task_group_decorator.py
[2025-07-11T09:40:51.907+0000] {processor.py:830} INFO - Processing file /home/airflow/.local/lib/python3.8/site-packages/airflow/example_dags/example_task_group_decorator.py for tasks to queue
[2025-07-11T09:40:51.909+0000] {logging_mixin.py:188} INFO - [2025-07-11T09:40:51.909+0000] {dagbag.py:538} INFO - Filling up the DagBag from /home/airflow/.local/lib/python3.8/site-packages/airflow/example_dags/example_task_group_decorator.py
[2025-07-11T09:40:51.935+0000] {processor.py:840} INFO - DAG(s) 'example_task_group_decorator' retrieved from /home/airflow/.local/lib/python3.8/site-packages/airflow/example_dags/example_task_group_decorator.py
[2025-07-11T09:40:51.968+0000] {logging_mixin.py:188} INFO - [2025-07-11T09:40:51.968+0000] {dag.py:3036} INFO - Sync 1 DAGs
[2025-07-11T09:40:51.998+0000] {logging_mixin.py:188} INFO - [2025-07-11T09:40:51.997+0000] {dag.py:3823} INFO - Setting next_dagrun for example_task_group_decorator to 2025-07-10 00:00:00+00:00, run_after=2025-07-11 00:00:00+00:00
[2025-07-11T09:40:52.026+0000] {processor.py:183} INFO - Processing /home/airflow/.local/lib/python3.8/site-packages/airflow/example_dags/example_task_group_decorator.py took 0.125 seconds
[2025-07-11T09:41:22.340+0000] {processor.py:161} INFO - Started process (PID=815) to work on /home/airflow/.local/lib/python3.8/site-packages/airflow/example_dags/example_task_group_decorator.py
[2025-07-11T09:41:22.342+0000] {processor.py:830} INFO - Processing file /home/airflow/.local/lib/python3.8/site-packages/airflow/example_dags/example_task_group_decorator.py for tasks to queue
[2025-07-11T09:41:22.344+0000] {logging_mixin.py:188} INFO - [2025-07-11T09:41:22.344+0000] {dagbag.py:538} INFO - Filling up the DagBag from /home/airflow/.local/lib/python3.8/site-packages/airflow/example_dags/example_task_group_decorator.py
[2025-07-11T09:41:22.367+0000] {processor.py:840} INFO - DAG(s) 'example_task_group_decorator' retrieved from /home/airflow/.local/lib/python3.8/site-packages/airflow/example_dags/example_task_group_decorator.py
[2025-07-11T09:41:22.404+0000] {logging_mixin.py:188} INFO - [2025-07-11T09:41:22.404+0000] {dag.py:3036} INFO - Sync 1 DAGs
[2025-07-11T09:41:22.443+0000] {logging_mixin.py:188} INFO - [2025-07-11T09:41:22.443+0000] {dag.py:3823} INFO - Setting next_dagrun for example_task_group_decorator to 2025-07-10 00:00:00+00:00, run_after=2025-07-11 00:00:00+00:00
[2025-07-11T09:41:22.476+0000] {processor.py:183} INFO - Processing /home/airflow/.local/lib/python3.8/site-packages/airflow/example_dags/example_task_group_decorator.py took 0.140 seconds
[2025-07-11T09:41:52.752+0000] {processor.py:161} INFO - Started process (PID=870) to work on /home/airflow/.local/lib/python3.8/site-packages/airflow/example_dags/example_task_group_decorator.py
[2025-07-11T09:41:52.754+0000] {processor.py:830} INFO - Processing file /home/airflow/.local/lib/python3.8/site-packages/airflow/example_dags/example_task_group_decorator.py for tasks to queue
[2025-07-11T09:41:52.756+0000] {logging_mixin.py:188} INFO - [2025-07-11T09:41:52.756+0000] {dagbag.py:538} INFO - Filling up the DagBag from /home/airflow/.local/lib/python3.8/site-packages/airflow/example_dags/example_task_group_decorator.py
[2025-07-11T09:41:52.784+0000] {processor.py:840} INFO - DAG(s) 'example_task_group_decorator' retrieved from /home/airflow/.local/lib/python3.8/site-packages/airflow/example_dags/example_task_group_decorator.py
[2025-07-11T09:41:52.827+0000] {logging_mixin.py:188} INFO - [2025-07-11T09:41:52.826+0000] {dag.py:3036} INFO - Sync 1 DAGs
[2025-07-11T09:41:52.859+0000] {logging_mixin.py:188} INFO - [2025-07-11T09:41:52.858+0000] {dag.py:3823} INFO - Setting next_dagrun for example_task_group_decorator to 2025-07-10 00:00:00+00:00, run_after=2025-07-11 00:00:00+00:00
[2025-07-11T09:41:52.888+0000] {processor.py:183} INFO - Processing /home/airflow/.local/lib/python3.8/site-packages/airflow/example_dags/example_task_group_decorator.py took 0.140 seconds
[2025-07-11T09:42:23.080+0000] {processor.py:161} INFO - Started process (PID=925) to work on /home/airflow/.local/lib/python3.8/site-packages/airflow/example_dags/example_task_group_decorator.py
[2025-07-11T09:42:23.081+0000] {processor.py:830} INFO - Processing file /home/airflow/.local/lib/python3.8/site-packages/airflow/example_dags/example_task_group_decorator.py for tasks to queue
[2025-07-11T09:42:23.084+0000] {logging_mixin.py:188} INFO - [2025-07-11T09:42:23.084+0000] {dagbag.py:538} INFO - Filling up the DagBag from /home/airflow/.local/lib/python3.8/site-packages/airflow/example_dags/example_task_group_decorator.py
[2025-07-11T09:42:23.110+0000] {processor.py:840} INFO - DAG(s) 'example_task_group_decorator' retrieved from /home/airflow/.local/lib/python3.8/site-packages/airflow/example_dags/example_task_group_decorator.py
[2025-07-11T09:42:23.151+0000] {logging_mixin.py:188} INFO - [2025-07-11T09:42:23.150+0000] {dag.py:3036} INFO - Sync 1 DAGs
[2025-07-11T09:42:23.189+0000] {logging_mixin.py:188} INFO - [2025-07-11T09:42:23.189+0000] {dag.py:3823} INFO - Setting next_dagrun for example_task_group_decorator to 2025-07-10 00:00:00+00:00, run_after=2025-07-11 00:00:00+00:00
[2025-07-11T09:42:23.224+0000] {processor.py:183} INFO - Processing /home/airflow/.local/lib/python3.8/site-packages/airflow/example_dags/example_task_group_decorator.py took 0.150 seconds
[2025-07-11T09:42:53.449+0000] {processor.py:161} INFO - Started process (PID=980) to work on /home/airflow/.local/lib/python3.8/site-packages/airflow/example_dags/example_task_group_decorator.py
[2025-07-11T09:42:53.451+0000] {processor.py:830} INFO - Processing file /home/airflow/.local/lib/python3.8/site-packages/airflow/example_dags/example_task_group_decorator.py for tasks to queue
[2025-07-11T09:42:53.453+0000] {logging_mixin.py:188} INFO - [2025-07-11T09:42:53.453+0000] {dagbag.py:538} INFO - Filling up the DagBag from /home/airflow/.local/lib/python3.8/site-packages/airflow/example_dags/example_task_group_decorator.py
[2025-07-11T09:42:53.482+0000] {processor.py:840} INFO - DAG(s) 'example_task_group_decorator' retrieved from /home/airflow/.local/lib/python3.8/site-packages/airflow/example_dags/example_task_group_decorator.py
[2025-07-11T09:42:53.518+0000] {logging_mixin.py:188} INFO - [2025-07-11T09:42:53.518+0000] {dag.py:3036} INFO - Sync 1 DAGs
[2025-07-11T09:42:53.551+0000] {logging_mixin.py:188} INFO - [2025-07-11T09:42:53.551+0000] {dag.py:3823} INFO - Setting next_dagrun for example_task_group_decorator to 2025-07-10 00:00:00+00:00, run_after=2025-07-11 00:00:00+00:00
[2025-07-11T09:42:53.585+0000] {processor.py:183} INFO - Processing /home/airflow/.local/lib/python3.8/site-packages/airflow/example_dags/example_task_group_decorator.py took 0.141 seconds
[2025-07-11T09:43:23.936+0000] {processor.py:161} INFO - Started process (PID=1035) to work on /home/airflow/.local/lib/python3.8/site-packages/airflow/example_dags/example_task_group_decorator.py
[2025-07-11T09:43:23.938+0000] {processor.py:830} INFO - Processing file /home/airflow/.local/lib/python3.8/site-packages/airflow/example_dags/example_task_group_decorator.py for tasks to queue
[2025-07-11T09:43:23.941+0000] {logging_mixin.py:188} INFO - [2025-07-11T09:43:23.940+0000] {dagbag.py:538} INFO - Filling up the DagBag from /home/airflow/.local/lib/python3.8/site-packages/airflow/example_dags/example_task_group_decorator.py
[2025-07-11T09:43:23.963+0000] {processor.py:840} INFO - DAG(s) 'example_task_group_decorator' retrieved from /home/airflow/.local/lib/python3.8/site-packages/airflow/example_dags/example_task_group_decorator.py
[2025-07-11T09:43:24.005+0000] {logging_mixin.py:188} INFO - [2025-07-11T09:43:24.004+0000] {dag.py:3036} INFO - Sync 1 DAGs
[2025-07-11T09:43:24.046+0000] {logging_mixin.py:188} INFO - [2025-07-11T09:43:24.045+0000] {dag.py:3823} INFO - Setting next_dagrun for example_task_group_decorator to 2025-07-10 00:00:00+00:00, run_after=2025-07-11 00:00:00+00:00
[2025-07-11T09:43:24.080+0000] {processor.py:183} INFO - Processing /home/airflow/.local/lib/python3.8/site-packages/airflow/example_dags/example_task_group_decorator.py took 0.149 seconds
[2025-07-11T09:43:54.384+0000] {processor.py:161} INFO - Started process (PID=1090) to work on /home/airflow/.local/lib/python3.8/site-packages/airflow/example_dags/example_task_group_decorator.py
[2025-07-11T09:43:54.386+0000] {processor.py:830} INFO - Processing file /home/airflow/.local/lib/python3.8/site-packages/airflow/example_dags/example_task_group_decorator.py for tasks to queue
[2025-07-11T09:43:54.390+0000] {logging_mixin.py:188} INFO - [2025-07-11T09:43:54.389+0000] {dagbag.py:538} INFO - Filling up the DagBag from /home/airflow/.local/lib/python3.8/site-packages/airflow/example_dags/example_task_group_decorator.py
[2025-07-11T09:43:54.413+0000] {processor.py:840} INFO - DAG(s) 'example_task_group_decorator' retrieved from /home/airflow/.local/lib/python3.8/site-packages/airflow/example_dags/example_task_group_decorator.py
[2025-07-11T09:43:54.451+0000] {logging_mixin.py:188} INFO - [2025-07-11T09:43:54.451+0000] {dag.py:3036} INFO - Sync 1 DAGs
[2025-07-11T09:43:54.484+0000] {logging_mixin.py:188} INFO - [2025-07-11T09:43:54.483+0000] {dag.py:3823} INFO - Setting next_dagrun for example_task_group_decorator to 2025-07-10 00:00:00+00:00, run_after=2025-07-11 00:00:00+00:00
[2025-07-11T09:43:54.517+0000] {processor.py:183} INFO - Processing /home/airflow/.local/lib/python3.8/site-packages/airflow/example_dags/example_task_group_decorator.py took 0.137 seconds
[2025-07-11T09:44:24.726+0000] {processor.py:161} INFO - Started process (PID=1146) to work on /home/airflow/.local/lib/python3.8/site-packages/airflow/example_dags/example_task_group_decorator.py
[2025-07-11T09:44:24.727+0000] {processor.py:830} INFO - Processing file /home/airflow/.local/lib/python3.8/site-packages/airflow/example_dags/example_task_group_decorator.py for tasks to queue
[2025-07-11T09:44:24.730+0000] {logging_mixin.py:188} INFO - [2025-07-11T09:44:24.729+0000] {dagbag.py:538} INFO - Filling up the DagBag from /home/airflow/.local/lib/python3.8/site-packages/airflow/example_dags/example_task_group_decorator.py
[2025-07-11T09:44:24.754+0000] {processor.py:840} INFO - DAG(s) 'example_task_group_decorator' retrieved from /home/airflow/.local/lib/python3.8/site-packages/airflow/example_dags/example_task_group_decorator.py
[2025-07-11T09:44:24.793+0000] {logging_mixin.py:188} INFO - [2025-07-11T09:44:24.793+0000] {dag.py:3036} INFO - Sync 1 DAGs
[2025-07-11T09:44:24.832+0000] {logging_mixin.py:188} INFO - [2025-07-11T09:44:24.831+0000] {dag.py:3823} INFO - Setting next_dagrun for example_task_group_decorator to 2025-07-10 00:00:00+00:00, run_after=2025-07-11 00:00:00+00:00
[2025-07-11T09:44:24.865+0000] {processor.py:183} INFO - Processing /home/airflow/.local/lib/python3.8/site-packages/airflow/example_dags/example_task_group_decorator.py took 0.143 seconds
[2025-07-11T09:44:55.147+0000] {processor.py:161} INFO - Started process (PID=1201) to work on /home/airflow/.local/lib/python3.8/site-packages/airflow/example_dags/example_task_group_decorator.py
[2025-07-11T09:44:55.150+0000] {processor.py:830} INFO - Processing file /home/airflow/.local/lib/python3.8/site-packages/airflow/example_dags/example_task_group_decorator.py for tasks to queue
[2025-07-11T09:44:55.153+0000] {logging_mixin.py:188} INFO - [2025-07-11T09:44:55.152+0000] {dagbag.py:538} INFO - Filling up the DagBag from /home/airflow/.local/lib/python3.8/site-packages/airflow/example_dags/example_task_group_decorator.py
[2025-07-11T09:44:55.174+0000] {processor.py:840} INFO - DAG(s) 'example_task_group_decorator' retrieved from /home/airflow/.local/lib/python3.8/site-packages/airflow/example_dags/example_task_group_decorator.py
[2025-07-11T09:44:55.213+0000] {logging_mixin.py:188} INFO - [2025-07-11T09:44:55.213+0000] {dag.py:3036} INFO - Sync 1 DAGs
[2025-07-11T09:44:55.245+0000] {logging_mixin.py:188} INFO - [2025-07-11T09:44:55.244+0000] {dag.py:3823} INFO - Setting next_dagrun for example_task_group_decorator to 2025-07-10 00:00:00+00:00, run_after=2025-07-11 00:00:00+00:00
[2025-07-11T09:44:55.278+0000] {processor.py:183} INFO - Processing /home/airflow/.local/lib/python3.8/site-packages/airflow/example_dags/example_task_group_decorator.py took 0.135 seconds
[2025-07-11T09:45:25.579+0000] {processor.py:161} INFO - Started process (PID=1256) to work on /home/airflow/.local/lib/python3.8/site-packages/airflow/example_dags/example_task_group_decorator.py
[2025-07-11T09:45:25.581+0000] {processor.py:830} INFO - Processing file /home/airflow/.local/lib/python3.8/site-packages/airflow/example_dags/example_task_group_decorator.py for tasks to queue
[2025-07-11T09:45:25.584+0000] {logging_mixin.py:188} INFO - [2025-07-11T09:45:25.583+0000] {dagbag.py:538} INFO - Filling up the DagBag from /home/airflow/.local/lib/python3.8/site-packages/airflow/example_dags/example_task_group_decorator.py
[2025-07-11T09:45:25.609+0000] {processor.py:840} INFO - DAG(s) 'example_task_group_decorator' retrieved from /home/airflow/.local/lib/python3.8/site-packages/airflow/example_dags/example_task_group_decorator.py
[2025-07-11T09:45:25.645+0000] {logging_mixin.py:188} INFO - [2025-07-11T09:45:25.644+0000] {dag.py:3036} INFO - Sync 1 DAGs
[2025-07-11T09:45:25.679+0000] {logging_mixin.py:188} INFO - [2025-07-11T09:45:25.679+0000] {dag.py:3823} INFO - Setting next_dagrun for example_task_group_decorator to 2025-07-10 00:00:00+00:00, run_after=2025-07-11 00:00:00+00:00
[2025-07-11T09:45:25.715+0000] {processor.py:183} INFO - Processing /home/airflow/.local/lib/python3.8/site-packages/airflow/example_dags/example_task_group_decorator.py took 0.140 seconds
[2025-07-11T09:45:55.917+0000] {processor.py:161} INFO - Started process (PID=1311) to work on /home/airflow/.local/lib/python3.8/site-packages/airflow/example_dags/example_task_group_decorator.py
[2025-07-11T09:45:55.919+0000] {processor.py:830} INFO - Processing file /home/airflow/.local/lib/python3.8/site-packages/airflow/example_dags/example_task_group_decorator.py for tasks to queue
[2025-07-11T09:45:55.923+0000] {logging_mixin.py:188} INFO - [2025-07-11T09:45:55.922+0000] {dagbag.py:538} INFO - Filling up the DagBag from /home/airflow/.local/lib/python3.8/site-packages/airflow/example_dags/example_task_group_decorator.py
[2025-07-11T09:45:55.949+0000] {processor.py:840} INFO - DAG(s) 'example_task_group_decorator' retrieved from /home/airflow/.local/lib/python3.8/site-packages/airflow/example_dags/example_task_group_decorator.py
[2025-07-11T09:45:55.986+0000] {logging_mixin.py:188} INFO - [2025-07-11T09:45:55.986+0000] {dag.py:3036} INFO - Sync 1 DAGs
[2025-07-11T09:45:56.020+0000] {logging_mixin.py:188} INFO - [2025-07-11T09:45:56.019+0000] {dag.py:3823} INFO - Setting next_dagrun for example_task_group_decorator to 2025-07-10 00:00:00+00:00, run_after=2025-07-11 00:00:00+00:00
[2025-07-11T09:45:56.049+0000] {processor.py:183} INFO - Processing /home/airflow/.local/lib/python3.8/site-packages/airflow/example_dags/example_task_group_decorator.py took 0.136 seconds
[2025-07-11T09:46:26.371+0000] {processor.py:161} INFO - Started process (PID=1366) to work on /home/airflow/.local/lib/python3.8/site-packages/airflow/example_dags/example_task_group_decorator.py
[2025-07-11T09:46:26.373+0000] {processor.py:830} INFO - Processing file /home/airflow/.local/lib/python3.8/site-packages/airflow/example_dags/example_task_group_decorator.py for tasks to queue
[2025-07-11T09:46:26.376+0000] {logging_mixin.py:188} INFO - [2025-07-11T09:46:26.375+0000] {dagbag.py:538} INFO - Filling up the DagBag from /home/airflow/.local/lib/python3.8/site-packages/airflow/example_dags/example_task_group_decorator.py
[2025-07-11T09:46:26.396+0000] {processor.py:840} INFO - DAG(s) 'example_task_group_decorator' retrieved from /home/airflow/.local/lib/python3.8/site-packages/airflow/example_dags/example_task_group_decorator.py
[2025-07-11T09:46:26.430+0000] {logging_mixin.py:188} INFO - [2025-07-11T09:46:26.429+0000] {dag.py:3036} INFO - Sync 1 DAGs
[2025-07-11T09:46:26.460+0000] {logging_mixin.py:188} INFO - [2025-07-11T09:46:26.459+0000] {dag.py:3823} INFO - Setting next_dagrun for example_task_group_decorator to 2025-07-10 00:00:00+00:00, run_after=2025-07-11 00:00:00+00:00
[2025-07-11T09:46:26.489+0000] {processor.py:183} INFO - Processing /home/airflow/.local/lib/python3.8/site-packages/airflow/example_dags/example_task_group_decorator.py took 0.122 seconds
[2025-07-11T09:46:56.780+0000] {processor.py:161} INFO - Started process (PID=1421) to work on /home/airflow/.local/lib/python3.8/site-packages/airflow/example_dags/example_task_group_decorator.py
[2025-07-11T09:46:56.782+0000] {processor.py:830} INFO - Processing file /home/airflow/.local/lib/python3.8/site-packages/airflow/example_dags/example_task_group_decorator.py for tasks to queue
[2025-07-11T09:46:56.785+0000] {logging_mixin.py:188} INFO - [2025-07-11T09:46:56.785+0000] {dagbag.py:538} INFO - Filling up the DagBag from /home/airflow/.local/lib/python3.8/site-packages/airflow/example_dags/example_task_group_decorator.py
[2025-07-11T09:46:56.807+0000] {processor.py:840} INFO - DAG(s) 'example_task_group_decorator' retrieved from /home/airflow/.local/lib/python3.8/site-packages/airflow/example_dags/example_task_group_decorator.py
[2025-07-11T09:46:56.844+0000] {logging_mixin.py:188} INFO - [2025-07-11T09:46:56.843+0000] {dag.py:3036} INFO - Sync 1 DAGs
[2025-07-11T09:46:56.880+0000] {logging_mixin.py:188} INFO - [2025-07-11T09:46:56.880+0000] {dag.py:3823} INFO - Setting next_dagrun for example_task_group_decorator to 2025-07-10 00:00:00+00:00, run_after=2025-07-11 00:00:00+00:00
[2025-07-11T09:46:56.913+0000] {processor.py:183} INFO - Processing /home/airflow/.local/lib/python3.8/site-packages/airflow/example_dags/example_task_group_decorator.py took 0.138 seconds
[2025-07-11T09:47:27.333+0000] {processor.py:161} INFO - Started process (PID=1476) to work on /home/airflow/.local/lib/python3.8/site-packages/airflow/example_dags/example_task_group_decorator.py
[2025-07-11T09:47:27.334+0000] {processor.py:830} INFO - Processing file /home/airflow/.local/lib/python3.8/site-packages/airflow/example_dags/example_task_group_decorator.py for tasks to queue
[2025-07-11T09:47:27.337+0000] {logging_mixin.py:188} INFO - [2025-07-11T09:47:27.336+0000] {dagbag.py:538} INFO - Filling up the DagBag from /home/airflow/.local/lib/python3.8/site-packages/airflow/example_dags/example_task_group_decorator.py
[2025-07-11T09:47:27.356+0000] {processor.py:840} INFO - DAG(s) 'example_task_group_decorator' retrieved from /home/airflow/.local/lib/python3.8/site-packages/airflow/example_dags/example_task_group_decorator.py
[2025-07-11T09:47:27.388+0000] {logging_mixin.py:188} INFO - [2025-07-11T09:47:27.388+0000] {dag.py:3036} INFO - Sync 1 DAGs
[2025-07-11T09:47:27.418+0000] {logging_mixin.py:188} INFO - [2025-07-11T09:47:27.418+0000] {dag.py:3823} INFO - Setting next_dagrun for example_task_group_decorator to 2025-07-10 00:00:00+00:00, run_after=2025-07-11 00:00:00+00:00
[2025-07-11T09:47:27.453+0000] {processor.py:183} INFO - Processing /home/airflow/.local/lib/python3.8/site-packages/airflow/example_dags/example_task_group_decorator.py took 0.124 seconds
[2025-07-11T09:47:58.232+0000] {processor.py:161} INFO - Started process (PID=1531) to work on /home/airflow/.local/lib/python3.8/site-packages/airflow/example_dags/example_task_group_decorator.py
[2025-07-11T09:47:58.233+0000] {processor.py:830} INFO - Processing file /home/airflow/.local/lib/python3.8/site-packages/airflow/example_dags/example_task_group_decorator.py for tasks to queue
[2025-07-11T09:47:58.235+0000] {logging_mixin.py:188} INFO - [2025-07-11T09:47:58.235+0000] {dagbag.py:538} INFO - Filling up the DagBag from /home/airflow/.local/lib/python3.8/site-packages/airflow/example_dags/example_task_group_decorator.py
[2025-07-11T09:47:58.257+0000] {processor.py:840} INFO - DAG(s) 'example_task_group_decorator' retrieved from /home/airflow/.local/lib/python3.8/site-packages/airflow/example_dags/example_task_group_decorator.py
[2025-07-11T09:47:58.295+0000] {logging_mixin.py:188} INFO - [2025-07-11T09:47:58.295+0000] {dag.py:3036} INFO - Sync 1 DAGs
[2025-07-11T09:47:58.325+0000] {logging_mixin.py:188} INFO - [2025-07-11T09:47:58.325+0000] {dag.py:3823} INFO - Setting next_dagrun for example_task_group_decorator to 2025-07-10 00:00:00+00:00, run_after=2025-07-11 00:00:00+00:00
[2025-07-11T09:47:58.355+0000] {processor.py:183} INFO - Processing /home/airflow/.local/lib/python3.8/site-packages/airflow/example_dags/example_task_group_decorator.py took 0.128 seconds
[2025-07-11T09:48:28.666+0000] {processor.py:161} INFO - Started process (PID=1586) to work on /home/airflow/.local/lib/python3.8/site-packages/airflow/example_dags/example_task_group_decorator.py
[2025-07-11T09:48:28.668+0000] {processor.py:830} INFO - Processing file /home/airflow/.local/lib/python3.8/site-packages/airflow/example_dags/example_task_group_decorator.py for tasks to queue
[2025-07-11T09:48:28.670+0000] {logging_mixin.py:188} INFO - [2025-07-11T09:48:28.670+0000] {dagbag.py:538} INFO - Filling up the DagBag from /home/airflow/.local/lib/python3.8/site-packages/airflow/example_dags/example_task_group_decorator.py
[2025-07-11T09:48:28.702+0000] {processor.py:840} INFO - DAG(s) 'example_task_group_decorator' retrieved from /home/airflow/.local/lib/python3.8/site-packages/airflow/example_dags/example_task_group_decorator.py
[2025-07-11T09:48:28.736+0000] {logging_mixin.py:188} INFO - [2025-07-11T09:48:28.736+0000] {dag.py:3036} INFO - Sync 1 DAGs
[2025-07-11T09:48:28.766+0000] {logging_mixin.py:188} INFO - [2025-07-11T09:48:28.766+0000] {dag.py:3823} INFO - Setting next_dagrun for example_task_group_decorator to 2025-07-10 00:00:00+00:00, run_after=2025-07-11 00:00:00+00:00
[2025-07-11T09:48:28.797+0000] {processor.py:183} INFO - Processing /home/airflow/.local/lib/python3.8/site-packages/airflow/example_dags/example_task_group_decorator.py took 0.135 seconds
[2025-07-11T09:48:59.122+0000] {processor.py:161} INFO - Started process (PID=1641) to work on /home/airflow/.local/lib/python3.8/site-packages/airflow/example_dags/example_task_group_decorator.py
[2025-07-11T09:48:59.124+0000] {processor.py:830} INFO - Processing file /home/airflow/.local/lib/python3.8/site-packages/airflow/example_dags/example_task_group_decorator.py for tasks to queue
[2025-07-11T09:48:59.128+0000] {logging_mixin.py:188} INFO - [2025-07-11T09:48:59.127+0000] {dagbag.py:538} INFO - Filling up the DagBag from /home/airflow/.local/lib/python3.8/site-packages/airflow/example_dags/example_task_group_decorator.py
[2025-07-11T09:48:59.150+0000] {processor.py:840} INFO - DAG(s) 'example_task_group_decorator' retrieved from /home/airflow/.local/lib/python3.8/site-packages/airflow/example_dags/example_task_group_decorator.py
[2025-07-11T09:48:59.183+0000] {logging_mixin.py:188} INFO - [2025-07-11T09:48:59.183+0000] {dag.py:3036} INFO - Sync 1 DAGs
[2025-07-11T09:48:59.212+0000] {logging_mixin.py:188} INFO - [2025-07-11T09:48:59.212+0000] {dag.py:3823} INFO - Setting next_dagrun for example_task_group_decorator to 2025-07-10 00:00:00+00:00, run_after=2025-07-11 00:00:00+00:00
[2025-07-11T09:48:59.241+0000] {processor.py:183} INFO - Processing /home/airflow/.local/lib/python3.8/site-packages/airflow/example_dags/example_task_group_decorator.py took 0.123 seconds
[2025-07-11T09:49:29.663+0000] {processor.py:161} INFO - Started process (PID=1696) to work on /home/airflow/.local/lib/python3.8/site-packages/airflow/example_dags/example_task_group_decorator.py
[2025-07-11T09:49:29.665+0000] {processor.py:830} INFO - Processing file /home/airflow/.local/lib/python3.8/site-packages/airflow/example_dags/example_task_group_decorator.py for tasks to queue
[2025-07-11T09:49:29.667+0000] {logging_mixin.py:188} INFO - [2025-07-11T09:49:29.667+0000] {dagbag.py:538} INFO - Filling up the DagBag from /home/airflow/.local/lib/python3.8/site-packages/airflow/example_dags/example_task_group_decorator.py
[2025-07-11T09:49:29.697+0000] {processor.py:840} INFO - DAG(s) 'example_task_group_decorator' retrieved from /home/airflow/.local/lib/python3.8/site-packages/airflow/example_dags/example_task_group_decorator.py
[2025-07-11T09:49:29.740+0000] {logging_mixin.py:188} INFO - [2025-07-11T09:49:29.739+0000] {dag.py:3036} INFO - Sync 1 DAGs
[2025-07-11T09:49:29.775+0000] {logging_mixin.py:188} INFO - [2025-07-11T09:49:29.774+0000] {dag.py:3823} INFO - Setting next_dagrun for example_task_group_decorator to 2025-07-10 00:00:00+00:00, run_after=2025-07-11 00:00:00+00:00
[2025-07-11T09:49:29.811+0000] {processor.py:183} INFO - Processing /home/airflow/.local/lib/python3.8/site-packages/airflow/example_dags/example_task_group_decorator.py took 0.153 seconds
[2025-07-11T09:50:00.659+0000] {processor.py:161} INFO - Started process (PID=1751) to work on /home/airflow/.local/lib/python3.8/site-packages/airflow/example_dags/example_task_group_decorator.py
[2025-07-11T09:50:00.661+0000] {processor.py:830} INFO - Processing file /home/airflow/.local/lib/python3.8/site-packages/airflow/example_dags/example_task_group_decorator.py for tasks to queue
[2025-07-11T09:50:00.663+0000] {logging_mixin.py:188} INFO - [2025-07-11T09:50:00.663+0000] {dagbag.py:538} INFO - Filling up the DagBag from /home/airflow/.local/lib/python3.8/site-packages/airflow/example_dags/example_task_group_decorator.py
[2025-07-11T09:50:00.685+0000] {processor.py:840} INFO - DAG(s) 'example_task_group_decorator' retrieved from /home/airflow/.local/lib/python3.8/site-packages/airflow/example_dags/example_task_group_decorator.py
[2025-07-11T09:50:00.721+0000] {logging_mixin.py:188} INFO - [2025-07-11T09:50:00.721+0000] {dag.py:3036} INFO - Sync 1 DAGs
[2025-07-11T09:50:00.752+0000] {logging_mixin.py:188} INFO - [2025-07-11T09:50:00.752+0000] {dag.py:3823} INFO - Setting next_dagrun for example_task_group_decorator to 2025-07-10 00:00:00+00:00, run_after=2025-07-11 00:00:00+00:00
[2025-07-11T09:50:00.783+0000] {processor.py:183} INFO - Processing /home/airflow/.local/lib/python3.8/site-packages/airflow/example_dags/example_task_group_decorator.py took 0.128 seconds
[2025-07-11T09:50:31.431+0000] {processor.py:161} INFO - Started process (PID=1806) to work on /home/airflow/.local/lib/python3.8/site-packages/airflow/example_dags/example_task_group_decorator.py
[2025-07-11T09:50:31.433+0000] {processor.py:830} INFO - Processing file /home/airflow/.local/lib/python3.8/site-packages/airflow/example_dags/example_task_group_decorator.py for tasks to queue
[2025-07-11T09:50:31.435+0000] {logging_mixin.py:188} INFO - [2025-07-11T09:50:31.435+0000] {dagbag.py:538} INFO - Filling up the DagBag from /home/airflow/.local/lib/python3.8/site-packages/airflow/example_dags/example_task_group_decorator.py
[2025-07-11T09:50:31.459+0000] {processor.py:840} INFO - DAG(s) 'example_task_group_decorator' retrieved from /home/airflow/.local/lib/python3.8/site-packages/airflow/example_dags/example_task_group_decorator.py
[2025-07-11T09:50:31.498+0000] {logging_mixin.py:188} INFO - [2025-07-11T09:50:31.498+0000] {dag.py:3036} INFO - Sync 1 DAGs
[2025-07-11T09:50:31.537+0000] {logging_mixin.py:188} INFO - [2025-07-11T09:50:31.536+0000] {dag.py:3823} INFO - Setting next_dagrun for example_task_group_decorator to 2025-07-10 00:00:00+00:00, run_after=2025-07-11 00:00:00+00:00
[2025-07-11T09:50:31.569+0000] {processor.py:183} INFO - Processing /home/airflow/.local/lib/python3.8/site-packages/airflow/example_dags/example_task_group_decorator.py took 0.143 seconds
[2025-07-11T09:51:01.855+0000] {processor.py:161} INFO - Started process (PID=1861) to work on /home/airflow/.local/lib/python3.8/site-packages/airflow/example_dags/example_task_group_decorator.py
[2025-07-11T09:51:01.857+0000] {processor.py:830} INFO - Processing file /home/airflow/.local/lib/python3.8/site-packages/airflow/example_dags/example_task_group_decorator.py for tasks to queue
[2025-07-11T09:51:01.860+0000] {logging_mixin.py:188} INFO - [2025-07-11T09:51:01.859+0000] {dagbag.py:538} INFO - Filling up the DagBag from /home/airflow/.local/lib/python3.8/site-packages/airflow/example_dags/example_task_group_decorator.py
[2025-07-11T09:51:01.887+0000] {processor.py:840} INFO - DAG(s) 'example_task_group_decorator' retrieved from /home/airflow/.local/lib/python3.8/site-packages/airflow/example_dags/example_task_group_decorator.py
[2025-07-11T09:51:01.923+0000] {logging_mixin.py:188} INFO - [2025-07-11T09:51:01.923+0000] {dag.py:3036} INFO - Sync 1 DAGs
[2025-07-11T09:51:01.958+0000] {logging_mixin.py:188} INFO - [2025-07-11T09:51:01.958+0000] {dag.py:3823} INFO - Setting next_dagrun for example_task_group_decorator to 2025-07-10 00:00:00+00:00, run_after=2025-07-11 00:00:00+00:00
[2025-07-11T09:51:01.995+0000] {processor.py:183} INFO - Processing /home/airflow/.local/lib/python3.8/site-packages/airflow/example_dags/example_task_group_decorator.py took 0.145 seconds
[2025-07-11T09:51:32.682+0000] {processor.py:161} INFO - Started process (PID=1916) to work on /home/airflow/.local/lib/python3.8/site-packages/airflow/example_dags/example_task_group_decorator.py
[2025-07-11T09:51:32.684+0000] {processor.py:830} INFO - Processing file /home/airflow/.local/lib/python3.8/site-packages/airflow/example_dags/example_task_group_decorator.py for tasks to queue
[2025-07-11T09:51:32.687+0000] {logging_mixin.py:188} INFO - [2025-07-11T09:51:32.686+0000] {dagbag.py:538} INFO - Filling up the DagBag from /home/airflow/.local/lib/python3.8/site-packages/airflow/example_dags/example_task_group_decorator.py
[2025-07-11T09:51:32.710+0000] {processor.py:840} INFO - DAG(s) 'example_task_group_decorator' retrieved from /home/airflow/.local/lib/python3.8/site-packages/airflow/example_dags/example_task_group_decorator.py
[2025-07-11T09:51:32.745+0000] {logging_mixin.py:188} INFO - [2025-07-11T09:51:32.744+0000] {dag.py:3036} INFO - Sync 1 DAGs
[2025-07-11T09:51:32.786+0000] {logging_mixin.py:188} INFO - [2025-07-11T09:51:32.786+0000] {dag.py:3823} INFO - Setting next_dagrun for example_task_group_decorator to 2025-07-10 00:00:00+00:00, run_after=2025-07-11 00:00:00+00:00
[2025-07-11T09:51:32.823+0000] {processor.py:183} INFO - Processing /home/airflow/.local/lib/python3.8/site-packages/airflow/example_dags/example_task_group_decorator.py took 0.146 seconds
[2025-07-11T09:52:02.982+0000] {processor.py:161} INFO - Started process (PID=1969) to work on /home/airflow/.local/lib/python3.8/site-packages/airflow/example_dags/example_task_group_decorator.py
[2025-07-11T09:52:02.984+0000] {processor.py:830} INFO - Processing file /home/airflow/.local/lib/python3.8/site-packages/airflow/example_dags/example_task_group_decorator.py for tasks to queue
[2025-07-11T09:52:02.986+0000] {logging_mixin.py:188} INFO - [2025-07-11T09:52:02.986+0000] {dagbag.py:538} INFO - Filling up the DagBag from /home/airflow/.local/lib/python3.8/site-packages/airflow/example_dags/example_task_group_decorator.py
[2025-07-11T09:52:03.008+0000] {processor.py:840} INFO - DAG(s) 'example_task_group_decorator' retrieved from /home/airflow/.local/lib/python3.8/site-packages/airflow/example_dags/example_task_group_decorator.py
[2025-07-11T09:52:03.043+0000] {logging_mixin.py:188} INFO - [2025-07-11T09:52:03.042+0000] {dag.py:3036} INFO - Sync 1 DAGs
[2025-07-11T09:52:03.073+0000] {logging_mixin.py:188} INFO - [2025-07-11T09:52:03.072+0000] {dag.py:3823} INFO - Setting next_dagrun for example_task_group_decorator to 2025-07-10 00:00:00+00:00, run_after=2025-07-11 00:00:00+00:00
[2025-07-11T09:52:03.103+0000] {processor.py:183} INFO - Processing /home/airflow/.local/lib/python3.8/site-packages/airflow/example_dags/example_task_group_decorator.py took 0.126 seconds
[2025-07-11T09:52:33.878+0000] {processor.py:161} INFO - Started process (PID=2024) to work on /home/airflow/.local/lib/python3.8/site-packages/airflow/example_dags/example_task_group_decorator.py
[2025-07-11T09:52:33.880+0000] {processor.py:830} INFO - Processing file /home/airflow/.local/lib/python3.8/site-packages/airflow/example_dags/example_task_group_decorator.py for tasks to queue
[2025-07-11T09:52:33.882+0000] {logging_mixin.py:188} INFO - [2025-07-11T09:52:33.882+0000] {dagbag.py:538} INFO - Filling up the DagBag from /home/airflow/.local/lib/python3.8/site-packages/airflow/example_dags/example_task_group_decorator.py
[2025-07-11T09:52:33.902+0000] {processor.py:840} INFO - DAG(s) 'example_task_group_decorator' retrieved from /home/airflow/.local/lib/python3.8/site-packages/airflow/example_dags/example_task_group_decorator.py
[2025-07-11T09:52:33.936+0000] {logging_mixin.py:188} INFO - [2025-07-11T09:52:33.936+0000] {dag.py:3036} INFO - Sync 1 DAGs
[2025-07-11T09:52:33.967+0000] {logging_mixin.py:188} INFO - [2025-07-11T09:52:33.967+0000] {dag.py:3823} INFO - Setting next_dagrun for example_task_group_decorator to 2025-07-10 00:00:00+00:00, run_after=2025-07-11 00:00:00+00:00
[2025-07-11T09:52:33.997+0000] {processor.py:183} INFO - Processing /home/airflow/.local/lib/python3.8/site-packages/airflow/example_dags/example_task_group_decorator.py took 0.122 seconds
[2025-07-11T09:53:04.445+0000] {processor.py:161} INFO - Started process (PID=2079) to work on /home/airflow/.local/lib/python3.8/site-packages/airflow/example_dags/example_task_group_decorator.py
[2025-07-11T09:53:04.447+0000] {processor.py:830} INFO - Processing file /home/airflow/.local/lib/python3.8/site-packages/airflow/example_dags/example_task_group_decorator.py for tasks to queue
[2025-07-11T09:53:04.449+0000] {logging_mixin.py:188} INFO - [2025-07-11T09:53:04.449+0000] {dagbag.py:538} INFO - Filling up the DagBag from /home/airflow/.local/lib/python3.8/site-packages/airflow/example_dags/example_task_group_decorator.py
[2025-07-11T09:53:04.470+0000] {processor.py:840} INFO - DAG(s) 'example_task_group_decorator' retrieved from /home/airflow/.local/lib/python3.8/site-packages/airflow/example_dags/example_task_group_decorator.py
[2025-07-11T09:53:04.508+0000] {logging_mixin.py:188} INFO - [2025-07-11T09:53:04.508+0000] {dag.py:3036} INFO - Sync 1 DAGs
[2025-07-11T09:53:04.539+0000] {logging_mixin.py:188} INFO - [2025-07-11T09:53:04.538+0000] {dag.py:3823} INFO - Setting next_dagrun for example_task_group_decorator to 2025-07-10 00:00:00+00:00, run_after=2025-07-11 00:00:00+00:00
[2025-07-11T09:53:04.568+0000] {processor.py:183} INFO - Processing /home/airflow/.local/lib/python3.8/site-packages/airflow/example_dags/example_task_group_decorator.py took 0.129 seconds
[2025-07-11T09:53:35.239+0000] {processor.py:161} INFO - Started process (PID=2134) to work on /home/airflow/.local/lib/python3.8/site-packages/airflow/example_dags/example_task_group_decorator.py
[2025-07-11T09:53:35.240+0000] {processor.py:830} INFO - Processing file /home/airflow/.local/lib/python3.8/site-packages/airflow/example_dags/example_task_group_decorator.py for tasks to queue
[2025-07-11T09:53:35.243+0000] {logging_mixin.py:188} INFO - [2025-07-11T09:53:35.242+0000] {dagbag.py:538} INFO - Filling up the DagBag from /home/airflow/.local/lib/python3.8/site-packages/airflow/example_dags/example_task_group_decorator.py
[2025-07-11T09:53:35.265+0000] {processor.py:840} INFO - DAG(s) 'example_task_group_decorator' retrieved from /home/airflow/.local/lib/python3.8/site-packages/airflow/example_dags/example_task_group_decorator.py
[2025-07-11T09:53:35.301+0000] {logging_mixin.py:188} INFO - [2025-07-11T09:53:35.301+0000] {dag.py:3036} INFO - Sync 1 DAGs
[2025-07-11T09:53:35.336+0000] {logging_mixin.py:188} INFO - [2025-07-11T09:53:35.336+0000] {dag.py:3823} INFO - Setting next_dagrun for example_task_group_decorator to 2025-07-10 00:00:00+00:00, run_after=2025-07-11 00:00:00+00:00
[2025-07-11T09:53:35.369+0000] {processor.py:183} INFO - Processing /home/airflow/.local/lib/python3.8/site-packages/airflow/example_dags/example_task_group_decorator.py took 0.134 seconds
[2025-07-11T09:54:05.883+0000] {processor.py:161} INFO - Started process (PID=2189) to work on /home/airflow/.local/lib/python3.8/site-packages/airflow/example_dags/example_task_group_decorator.py
[2025-07-11T09:54:05.885+0000] {processor.py:830} INFO - Processing file /home/airflow/.local/lib/python3.8/site-packages/airflow/example_dags/example_task_group_decorator.py for tasks to queue
[2025-07-11T09:54:05.888+0000] {logging_mixin.py:188} INFO - [2025-07-11T09:54:05.887+0000] {dagbag.py:538} INFO - Filling up the DagBag from /home/airflow/.local/lib/python3.8/site-packages/airflow/example_dags/example_task_group_decorator.py
[2025-07-11T09:54:05.916+0000] {processor.py:840} INFO - DAG(s) 'example_task_group_decorator' retrieved from /home/airflow/.local/lib/python3.8/site-packages/airflow/example_dags/example_task_group_decorator.py
[2025-07-11T09:54:05.954+0000] {logging_mixin.py:188} INFO - [2025-07-11T09:54:05.953+0000] {dag.py:3036} INFO - Sync 1 DAGs
[2025-07-11T09:54:06.005+0000] {logging_mixin.py:188} INFO - [2025-07-11T09:54:06.005+0000] {dag.py:3823} INFO - Setting next_dagrun for example_task_group_decorator to 2025-07-10 00:00:00+00:00, run_after=2025-07-11 00:00:00+00:00
[2025-07-11T09:54:06.037+0000] {processor.py:183} INFO - Processing /home/airflow/.local/lib/python3.8/site-packages/airflow/example_dags/example_task_group_decorator.py took 0.158 seconds
[2025-07-11T09:54:36.758+0000] {processor.py:161} INFO - Started process (PID=2244) to work on /home/airflow/.local/lib/python3.8/site-packages/airflow/example_dags/example_task_group_decorator.py
[2025-07-11T09:54:36.760+0000] {processor.py:830} INFO - Processing file /home/airflow/.local/lib/python3.8/site-packages/airflow/example_dags/example_task_group_decorator.py for tasks to queue
[2025-07-11T09:54:36.762+0000] {logging_mixin.py:188} INFO - [2025-07-11T09:54:36.762+0000] {dagbag.py:538} INFO - Filling up the DagBag from /home/airflow/.local/lib/python3.8/site-packages/airflow/example_dags/example_task_group_decorator.py
[2025-07-11T09:54:36.786+0000] {processor.py:840} INFO - DAG(s) 'example_task_group_decorator' retrieved from /home/airflow/.local/lib/python3.8/site-packages/airflow/example_dags/example_task_group_decorator.py
[2025-07-11T09:54:36.825+0000] {logging_mixin.py:188} INFO - [2025-07-11T09:54:36.825+0000] {dag.py:3036} INFO - Sync 1 DAGs
[2025-07-11T09:54:37.186+0000] {logging_mixin.py:188} INFO - [2025-07-11T09:54:37.186+0000] {dag.py:3823} INFO - Setting next_dagrun for example_task_group_decorator to 2025-07-10 00:00:00+00:00, run_after=2025-07-11 00:00:00+00:00
[2025-07-11T09:54:37.221+0000] {processor.py:183} INFO - Processing /home/airflow/.local/lib/python3.8/site-packages/airflow/example_dags/example_task_group_decorator.py took 0.467 seconds
