[2025-07-11T09:24:52.678+0000] {processor.py:161} INFO - Started process (PID=79) to work on /home/airflow/.local/lib/python3.8/site-packages/airflow/example_dags/example_trigger_target_dag.py
[2025-07-11T09:24:52.681+0000] {processor.py:830} INFO - Processing file /home/airflow/.local/lib/python3.8/site-packages/airflow/example_dags/example_trigger_target_dag.py for tasks to queue
[2025-07-11T09:24:52.686+0000] {logging_mixin.py:188} INFO - [2025-07-11T09:24:52.685+0000] {dagbag.py:538} INFO - Filling up the DagBag from /home/airflow/.local/lib/python3.8/site-packages/airflow/example_dags/example_trigger_target_dag.py
[2025-07-11T09:24:52.710+0000] {processor.py:840} INFO - DAG(s) 'example_trigger_target_dag' retrieved from /home/airflow/.local/lib/python3.8/site-packages/airflow/example_dags/example_trigger_target_dag.py
[2025-07-11T09:24:52.982+0000] {logging_mixin.py:188} INFO - [2025-07-11T09:24:52.980+0000] {override.py:1769} INFO - Created Permission View: can edit on DAG:example_trigger_target_dag
[2025-07-11T09:24:53.005+0000] {logging_mixin.py:188} INFO - [2025-07-11T09:24:53.005+0000] {override.py:1769} INFO - Created Permission View: can delete on DAG:example_trigger_target_dag
[2025-07-11T09:24:53.022+0000] {logging_mixin.py:188} INFO - [2025-07-11T09:24:53.021+0000] {override.py:1769} INFO - Created Permission View: can read on DAG:example_trigger_target_dag
[2025-07-11T09:24:53.022+0000] {logging_mixin.py:188} INFO - [2025-07-11T09:24:53.022+0000] {dag.py:3036} INFO - Sync 1 DAGs
[2025-07-11T09:24:53.046+0000] {logging_mixin.py:188} INFO - [2025-07-11T09:24:53.046+0000] {dag.py:3058} INFO - Creating ORM DAG for example_trigger_target_dag
[2025-07-11T09:24:53.048+0000] {logging_mixin.py:188} INFO - [2025-07-11T09:24:53.048+0000] {dag.py:3823} INFO - Setting next_dagrun for example_trigger_target_dag to None, run_after=None
[2025-07-11T09:24:53.084+0000] {processor.py:183} INFO - Processing /home/airflow/.local/lib/python3.8/site-packages/airflow/example_dags/example_trigger_target_dag.py took 0.417 seconds
[2025-07-11T09:25:23.704+0000] {processor.py:161} INFO - Started process (PID=134) to work on /home/airflow/.local/lib/python3.8/site-packages/airflow/example_dags/example_trigger_target_dag.py
[2025-07-11T09:25:23.705+0000] {processor.py:830} INFO - Processing file /home/airflow/.local/lib/python3.8/site-packages/airflow/example_dags/example_trigger_target_dag.py for tasks to queue
[2025-07-11T09:25:23.708+0000] {logging_mixin.py:188} INFO - [2025-07-11T09:25:23.707+0000] {dagbag.py:538} INFO - Filling up the DagBag from /home/airflow/.local/lib/python3.8/site-packages/airflow/example_dags/example_trigger_target_dag.py
[2025-07-11T09:25:23.715+0000] {processor.py:840} INFO - DAG(s) 'example_trigger_target_dag' retrieved from /home/airflow/.local/lib/python3.8/site-packages/airflow/example_dags/example_trigger_target_dag.py
[2025-07-11T09:25:23.742+0000] {logging_mixin.py:188} INFO - [2025-07-11T09:25:23.742+0000] {dag.py:3036} INFO - Sync 1 DAGs
[2025-07-11T09:25:23.759+0000] {logging_mixin.py:188} INFO - [2025-07-11T09:25:23.759+0000] {dag.py:3823} INFO - Setting next_dagrun for example_trigger_target_dag to None, run_after=None
[2025-07-11T09:25:23.794+0000] {processor.py:183} INFO - Processing /home/airflow/.local/lib/python3.8/site-packages/airflow/example_dags/example_trigger_target_dag.py took 0.095 seconds
[2025-07-11T09:25:54.049+0000] {processor.py:161} INFO - Started process (PID=189) to work on /home/airflow/.local/lib/python3.8/site-packages/airflow/example_dags/example_trigger_target_dag.py
[2025-07-11T09:25:54.050+0000] {processor.py:830} INFO - Processing file /home/airflow/.local/lib/python3.8/site-packages/airflow/example_dags/example_trigger_target_dag.py for tasks to queue
[2025-07-11T09:25:54.052+0000] {logging_mixin.py:188} INFO - [2025-07-11T09:25:54.052+0000] {dagbag.py:538} INFO - Filling up the DagBag from /home/airflow/.local/lib/python3.8/site-packages/airflow/example_dags/example_trigger_target_dag.py
[2025-07-11T09:25:54.060+0000] {processor.py:840} INFO - DAG(s) 'example_trigger_target_dag' retrieved from /home/airflow/.local/lib/python3.8/site-packages/airflow/example_dags/example_trigger_target_dag.py
[2025-07-11T09:25:54.086+0000] {logging_mixin.py:188} INFO - [2025-07-11T09:25:54.085+0000] {dag.py:3036} INFO - Sync 1 DAGs
[2025-07-11T09:25:54.103+0000] {logging_mixin.py:188} INFO - [2025-07-11T09:25:54.102+0000] {dag.py:3823} INFO - Setting next_dagrun for example_trigger_target_dag to None, run_after=None
[2025-07-11T09:25:54.134+0000] {processor.py:183} INFO - Processing /home/airflow/.local/lib/python3.8/site-packages/airflow/example_dags/example_trigger_target_dag.py took 0.089 seconds
[2025-07-11T09:26:24.249+0000] {processor.py:161} INFO - Started process (PID=244) to work on /home/airflow/.local/lib/python3.8/site-packages/airflow/example_dags/example_trigger_target_dag.py
[2025-07-11T09:26:24.251+0000] {processor.py:830} INFO - Processing file /home/airflow/.local/lib/python3.8/site-packages/airflow/example_dags/example_trigger_target_dag.py for tasks to queue
[2025-07-11T09:26:24.254+0000] {logging_mixin.py:188} INFO - [2025-07-11T09:26:24.253+0000] {dagbag.py:538} INFO - Filling up the DagBag from /home/airflow/.local/lib/python3.8/site-packages/airflow/example_dags/example_trigger_target_dag.py
[2025-07-11T09:26:24.261+0000] {processor.py:840} INFO - DAG(s) 'example_trigger_target_dag' retrieved from /home/airflow/.local/lib/python3.8/site-packages/airflow/example_dags/example_trigger_target_dag.py
[2025-07-11T09:26:24.290+0000] {logging_mixin.py:188} INFO - [2025-07-11T09:26:24.289+0000] {dag.py:3036} INFO - Sync 1 DAGs
[2025-07-11T09:26:24.310+0000] {logging_mixin.py:188} INFO - [2025-07-11T09:26:24.310+0000] {dag.py:3823} INFO - Setting next_dagrun for example_trigger_target_dag to None, run_after=None
[2025-07-11T09:26:24.344+0000] {processor.py:183} INFO - Processing /home/airflow/.local/lib/python3.8/site-packages/airflow/example_dags/example_trigger_target_dag.py took 0.100 seconds
[2025-07-11T09:26:54.788+0000] {processor.py:161} INFO - Started process (PID=299) to work on /home/airflow/.local/lib/python3.8/site-packages/airflow/example_dags/example_trigger_target_dag.py
[2025-07-11T09:26:54.790+0000] {processor.py:830} INFO - Processing file /home/airflow/.local/lib/python3.8/site-packages/airflow/example_dags/example_trigger_target_dag.py for tasks to queue
[2025-07-11T09:26:54.793+0000] {logging_mixin.py:188} INFO - [2025-07-11T09:26:54.792+0000] {dagbag.py:538} INFO - Filling up the DagBag from /home/airflow/.local/lib/python3.8/site-packages/airflow/example_dags/example_trigger_target_dag.py
[2025-07-11T09:26:54.802+0000] {processor.py:840} INFO - DAG(s) 'example_trigger_target_dag' retrieved from /home/airflow/.local/lib/python3.8/site-packages/airflow/example_dags/example_trigger_target_dag.py
[2025-07-11T09:26:54.832+0000] {logging_mixin.py:188} INFO - [2025-07-11T09:26:54.832+0000] {dag.py:3036} INFO - Sync 1 DAGs
[2025-07-11T09:26:54.852+0000] {logging_mixin.py:188} INFO - [2025-07-11T09:26:54.852+0000] {dag.py:3823} INFO - Setting next_dagrun for example_trigger_target_dag to None, run_after=None
[2025-07-11T09:26:54.882+0000] {processor.py:183} INFO - Processing /home/airflow/.local/lib/python3.8/site-packages/airflow/example_dags/example_trigger_target_dag.py took 0.099 seconds
[2025-07-11T09:28:21.436+0000] {processor.py:161} INFO - Started process (PID=73) to work on /home/airflow/.local/lib/python3.8/site-packages/airflow/example_dags/example_trigger_target_dag.py
[2025-07-11T09:28:21.441+0000] {processor.py:830} INFO - Processing file /home/airflow/.local/lib/python3.8/site-packages/airflow/example_dags/example_trigger_target_dag.py for tasks to queue
[2025-07-11T09:28:21.446+0000] {logging_mixin.py:188} INFO - [2025-07-11T09:28:21.445+0000] {dagbag.py:538} INFO - Filling up the DagBag from /home/airflow/.local/lib/python3.8/site-packages/airflow/example_dags/example_trigger_target_dag.py
[2025-07-11T09:28:21.461+0000] {processor.py:840} INFO - DAG(s) 'example_trigger_target_dag' retrieved from /home/airflow/.local/lib/python3.8/site-packages/airflow/example_dags/example_trigger_target_dag.py
[2025-07-11T09:28:21.692+0000] {logging_mixin.py:188} INFO - [2025-07-11T09:28:21.691+0000] {override.py:1769} INFO - Created Permission View: can read on DAG:example_trigger_target_dag
[2025-07-11T09:28:21.718+0000] {logging_mixin.py:188} INFO - [2025-07-11T09:28:21.717+0000] {override.py:1769} INFO - Created Permission View: can delete on DAG:example_trigger_target_dag
[2025-07-11T09:28:21.737+0000] {logging_mixin.py:188} INFO - [2025-07-11T09:28:21.736+0000] {override.py:1769} INFO - Created Permission View: can edit on DAG:example_trigger_target_dag
[2025-07-11T09:28:21.738+0000] {logging_mixin.py:188} INFO - [2025-07-11T09:28:21.737+0000] {dag.py:3036} INFO - Sync 1 DAGs
[2025-07-11T09:28:21.760+0000] {logging_mixin.py:188} INFO - [2025-07-11T09:28:21.759+0000] {dag.py:3058} INFO - Creating ORM DAG for example_trigger_target_dag
[2025-07-11T09:28:21.761+0000] {logging_mixin.py:188} INFO - [2025-07-11T09:28:21.760+0000] {dag.py:3823} INFO - Setting next_dagrun for example_trigger_target_dag to None, run_after=None
[2025-07-11T09:28:21.809+0000] {processor.py:183} INFO - Processing /home/airflow/.local/lib/python3.8/site-packages/airflow/example_dags/example_trigger_target_dag.py took 0.379 seconds
[2025-07-11T09:28:52.374+0000] {processor.py:161} INFO - Started process (PID=129) to work on /home/airflow/.local/lib/python3.8/site-packages/airflow/example_dags/example_trigger_target_dag.py
[2025-07-11T09:28:52.375+0000] {processor.py:830} INFO - Processing file /home/airflow/.local/lib/python3.8/site-packages/airflow/example_dags/example_trigger_target_dag.py for tasks to queue
[2025-07-11T09:28:52.378+0000] {logging_mixin.py:188} INFO - [2025-07-11T09:28:52.377+0000] {dagbag.py:538} INFO - Filling up the DagBag from /home/airflow/.local/lib/python3.8/site-packages/airflow/example_dags/example_trigger_target_dag.py
[2025-07-11T09:28:52.385+0000] {processor.py:840} INFO - DAG(s) 'example_trigger_target_dag' retrieved from /home/airflow/.local/lib/python3.8/site-packages/airflow/example_dags/example_trigger_target_dag.py
[2025-07-11T09:28:52.412+0000] {logging_mixin.py:188} INFO - [2025-07-11T09:28:52.411+0000] {dag.py:3036} INFO - Sync 1 DAGs
[2025-07-11T09:28:52.429+0000] {logging_mixin.py:188} INFO - [2025-07-11T09:28:52.428+0000] {dag.py:3823} INFO - Setting next_dagrun for example_trigger_target_dag to None, run_after=None
[2025-07-11T09:28:52.457+0000] {processor.py:183} INFO - Processing /home/airflow/.local/lib/python3.8/site-packages/airflow/example_dags/example_trigger_target_dag.py took 0.087 seconds
[2025-07-11T09:29:22.787+0000] {processor.py:161} INFO - Started process (PID=184) to work on /home/airflow/.local/lib/python3.8/site-packages/airflow/example_dags/example_trigger_target_dag.py
[2025-07-11T09:29:22.789+0000] {processor.py:830} INFO - Processing file /home/airflow/.local/lib/python3.8/site-packages/airflow/example_dags/example_trigger_target_dag.py for tasks to queue
[2025-07-11T09:29:22.791+0000] {logging_mixin.py:188} INFO - [2025-07-11T09:29:22.791+0000] {dagbag.py:538} INFO - Filling up the DagBag from /home/airflow/.local/lib/python3.8/site-packages/airflow/example_dags/example_trigger_target_dag.py
[2025-07-11T09:29:22.800+0000] {processor.py:840} INFO - DAG(s) 'example_trigger_target_dag' retrieved from /home/airflow/.local/lib/python3.8/site-packages/airflow/example_dags/example_trigger_target_dag.py
[2025-07-11T09:29:22.828+0000] {logging_mixin.py:188} INFO - [2025-07-11T09:29:22.828+0000] {dag.py:3036} INFO - Sync 1 DAGs
[2025-07-11T09:29:22.855+0000] {logging_mixin.py:188} INFO - [2025-07-11T09:29:22.854+0000] {dag.py:3823} INFO - Setting next_dagrun for example_trigger_target_dag to None, run_after=None
[2025-07-11T09:29:22.889+0000] {processor.py:183} INFO - Processing /home/airflow/.local/lib/python3.8/site-packages/airflow/example_dags/example_trigger_target_dag.py took 0.106 seconds
[2025-07-11T09:29:53.326+0000] {processor.py:161} INFO - Started process (PID=239) to work on /home/airflow/.local/lib/python3.8/site-packages/airflow/example_dags/example_trigger_target_dag.py
[2025-07-11T09:29:53.328+0000] {processor.py:830} INFO - Processing file /home/airflow/.local/lib/python3.8/site-packages/airflow/example_dags/example_trigger_target_dag.py for tasks to queue
[2025-07-11T09:29:53.330+0000] {logging_mixin.py:188} INFO - [2025-07-11T09:29:53.330+0000] {dagbag.py:538} INFO - Filling up the DagBag from /home/airflow/.local/lib/python3.8/site-packages/airflow/example_dags/example_trigger_target_dag.py
[2025-07-11T09:29:53.339+0000] {processor.py:840} INFO - DAG(s) 'example_trigger_target_dag' retrieved from /home/airflow/.local/lib/python3.8/site-packages/airflow/example_dags/example_trigger_target_dag.py
[2025-07-11T09:29:53.368+0000] {logging_mixin.py:188} INFO - [2025-07-11T09:29:53.367+0000] {dag.py:3036} INFO - Sync 1 DAGs
[2025-07-11T09:29:53.388+0000] {logging_mixin.py:188} INFO - [2025-07-11T09:29:53.388+0000] {dag.py:3823} INFO - Setting next_dagrun for example_trigger_target_dag to None, run_after=None
[2025-07-11T09:29:53.418+0000] {processor.py:183} INFO - Processing /home/airflow/.local/lib/python3.8/site-packages/airflow/example_dags/example_trigger_target_dag.py took 0.097 seconds
[2025-07-11T09:30:23.686+0000] {processor.py:161} INFO - Started process (PID=300) to work on /home/airflow/.local/lib/python3.8/site-packages/airflow/example_dags/example_trigger_target_dag.py
[2025-07-11T09:30:23.687+0000] {processor.py:830} INFO - Processing file /home/airflow/.local/lib/python3.8/site-packages/airflow/example_dags/example_trigger_target_dag.py for tasks to queue
[2025-07-11T09:30:23.690+0000] {logging_mixin.py:188} INFO - [2025-07-11T09:30:23.689+0000] {dagbag.py:538} INFO - Filling up the DagBag from /home/airflow/.local/lib/python3.8/site-packages/airflow/example_dags/example_trigger_target_dag.py
[2025-07-11T09:30:23.698+0000] {processor.py:840} INFO - DAG(s) 'example_trigger_target_dag' retrieved from /home/airflow/.local/lib/python3.8/site-packages/airflow/example_dags/example_trigger_target_dag.py
[2025-07-11T09:30:23.727+0000] {logging_mixin.py:188} INFO - [2025-07-11T09:30:23.727+0000] {dag.py:3036} INFO - Sync 1 DAGs
[2025-07-11T09:30:23.753+0000] {logging_mixin.py:188} INFO - [2025-07-11T09:30:23.752+0000] {dag.py:3823} INFO - Setting next_dagrun for example_trigger_target_dag to None, run_after=None
[2025-07-11T09:30:23.787+0000] {processor.py:183} INFO - Processing /home/airflow/.local/lib/python3.8/site-packages/airflow/example_dags/example_trigger_target_dag.py took 0.107 seconds
[2025-07-11T09:30:54.358+0000] {processor.py:161} INFO - Started process (PID=355) to work on /home/airflow/.local/lib/python3.8/site-packages/airflow/example_dags/example_trigger_target_dag.py
[2025-07-11T09:30:54.360+0000] {processor.py:830} INFO - Processing file /home/airflow/.local/lib/python3.8/site-packages/airflow/example_dags/example_trigger_target_dag.py for tasks to queue
[2025-07-11T09:30:54.364+0000] {logging_mixin.py:188} INFO - [2025-07-11T09:30:54.363+0000] {dagbag.py:538} INFO - Filling up the DagBag from /home/airflow/.local/lib/python3.8/site-packages/airflow/example_dags/example_trigger_target_dag.py
[2025-07-11T09:30:54.375+0000] {processor.py:840} INFO - DAG(s) 'example_trigger_target_dag' retrieved from /home/airflow/.local/lib/python3.8/site-packages/airflow/example_dags/example_trigger_target_dag.py
[2025-07-11T09:30:54.413+0000] {logging_mixin.py:188} INFO - [2025-07-11T09:30:54.412+0000] {dag.py:3036} INFO - Sync 1 DAGs
[2025-07-11T09:30:54.439+0000] {logging_mixin.py:188} INFO - [2025-07-11T09:30:54.439+0000] {dag.py:3823} INFO - Setting next_dagrun for example_trigger_target_dag to None, run_after=None
[2025-07-11T09:30:54.482+0000] {processor.py:183} INFO - Processing /home/airflow/.local/lib/python3.8/site-packages/airflow/example_dags/example_trigger_target_dag.py took 0.129 seconds
[2025-07-11T09:31:24.751+0000] {processor.py:161} INFO - Started process (PID=410) to work on /home/airflow/.local/lib/python3.8/site-packages/airflow/example_dags/example_trigger_target_dag.py
[2025-07-11T09:31:24.753+0000] {processor.py:830} INFO - Processing file /home/airflow/.local/lib/python3.8/site-packages/airflow/example_dags/example_trigger_target_dag.py for tasks to queue
[2025-07-11T09:31:24.757+0000] {logging_mixin.py:188} INFO - [2025-07-11T09:31:24.756+0000] {dagbag.py:538} INFO - Filling up the DagBag from /home/airflow/.local/lib/python3.8/site-packages/airflow/example_dags/example_trigger_target_dag.py
[2025-07-11T09:31:24.766+0000] {processor.py:840} INFO - DAG(s) 'example_trigger_target_dag' retrieved from /home/airflow/.local/lib/python3.8/site-packages/airflow/example_dags/example_trigger_target_dag.py
[2025-07-11T09:31:24.792+0000] {logging_mixin.py:188} INFO - [2025-07-11T09:31:24.792+0000] {dag.py:3036} INFO - Sync 1 DAGs
[2025-07-11T09:31:24.812+0000] {logging_mixin.py:188} INFO - [2025-07-11T09:31:24.811+0000] {dag.py:3823} INFO - Setting next_dagrun for example_trigger_target_dag to None, run_after=None
[2025-07-11T09:31:24.845+0000] {processor.py:183} INFO - Processing /home/airflow/.local/lib/python3.8/site-packages/airflow/example_dags/example_trigger_target_dag.py took 0.099 seconds
[2025-07-11T09:31:55.704+0000] {processor.py:161} INFO - Started process (PID=465) to work on /home/airflow/.local/lib/python3.8/site-packages/airflow/example_dags/example_trigger_target_dag.py
[2025-07-11T09:31:55.706+0000] {processor.py:830} INFO - Processing file /home/airflow/.local/lib/python3.8/site-packages/airflow/example_dags/example_trigger_target_dag.py for tasks to queue
[2025-07-11T09:31:55.709+0000] {logging_mixin.py:188} INFO - [2025-07-11T09:31:55.708+0000] {dagbag.py:538} INFO - Filling up the DagBag from /home/airflow/.local/lib/python3.8/site-packages/airflow/example_dags/example_trigger_target_dag.py
[2025-07-11T09:31:55.718+0000] {processor.py:840} INFO - DAG(s) 'example_trigger_target_dag' retrieved from /home/airflow/.local/lib/python3.8/site-packages/airflow/example_dags/example_trigger_target_dag.py
[2025-07-11T09:31:55.750+0000] {logging_mixin.py:188} INFO - [2025-07-11T09:31:55.749+0000] {dag.py:3036} INFO - Sync 1 DAGs
[2025-07-11T09:31:55.774+0000] {logging_mixin.py:188} INFO - [2025-07-11T09:31:55.774+0000] {dag.py:3823} INFO - Setting next_dagrun for example_trigger_target_dag to None, run_after=None
[2025-07-11T09:31:55.820+0000] {processor.py:183} INFO - Processing /home/airflow/.local/lib/python3.8/site-packages/airflow/example_dags/example_trigger_target_dag.py took 0.123 seconds
[2025-07-11T09:32:26.729+0000] {processor.py:161} INFO - Started process (PID=520) to work on /home/airflow/.local/lib/python3.8/site-packages/airflow/example_dags/example_trigger_target_dag.py
[2025-07-11T09:32:26.730+0000] {processor.py:830} INFO - Processing file /home/airflow/.local/lib/python3.8/site-packages/airflow/example_dags/example_trigger_target_dag.py for tasks to queue
[2025-07-11T09:32:26.734+0000] {logging_mixin.py:188} INFO - [2025-07-11T09:32:26.733+0000] {dagbag.py:538} INFO - Filling up the DagBag from /home/airflow/.local/lib/python3.8/site-packages/airflow/example_dags/example_trigger_target_dag.py
[2025-07-11T09:32:26.743+0000] {processor.py:840} INFO - DAG(s) 'example_trigger_target_dag' retrieved from /home/airflow/.local/lib/python3.8/site-packages/airflow/example_dags/example_trigger_target_dag.py
[2025-07-11T09:32:26.770+0000] {logging_mixin.py:188} INFO - [2025-07-11T09:32:26.770+0000] {dag.py:3036} INFO - Sync 1 DAGs
[2025-07-11T09:32:26.789+0000] {logging_mixin.py:188} INFO - [2025-07-11T09:32:26.789+0000] {dag.py:3823} INFO - Setting next_dagrun for example_trigger_target_dag to None, run_after=None
[2025-07-11T09:32:26.823+0000] {processor.py:183} INFO - Processing /home/airflow/.local/lib/python3.8/site-packages/airflow/example_dags/example_trigger_target_dag.py took 0.099 seconds
[2025-07-11T09:32:57.192+0000] {processor.py:161} INFO - Started process (PID=575) to work on /home/airflow/.local/lib/python3.8/site-packages/airflow/example_dags/example_trigger_target_dag.py
[2025-07-11T09:32:57.193+0000] {processor.py:830} INFO - Processing file /home/airflow/.local/lib/python3.8/site-packages/airflow/example_dags/example_trigger_target_dag.py for tasks to queue
[2025-07-11T09:32:57.196+0000] {logging_mixin.py:188} INFO - [2025-07-11T09:32:57.195+0000] {dagbag.py:538} INFO - Filling up the DagBag from /home/airflow/.local/lib/python3.8/site-packages/airflow/example_dags/example_trigger_target_dag.py
[2025-07-11T09:32:57.203+0000] {processor.py:840} INFO - DAG(s) 'example_trigger_target_dag' retrieved from /home/airflow/.local/lib/python3.8/site-packages/airflow/example_dags/example_trigger_target_dag.py
[2025-07-11T09:32:57.231+0000] {logging_mixin.py:188} INFO - [2025-07-11T09:32:57.230+0000] {dag.py:3036} INFO - Sync 1 DAGs
[2025-07-11T09:32:57.249+0000] {logging_mixin.py:188} INFO - [2025-07-11T09:32:57.249+0000] {dag.py:3823} INFO - Setting next_dagrun for example_trigger_target_dag to None, run_after=None
[2025-07-11T09:32:57.282+0000] {processor.py:183} INFO - Processing /home/airflow/.local/lib/python3.8/site-packages/airflow/example_dags/example_trigger_target_dag.py took 0.095 seconds
[2025-07-11T09:33:27.367+0000] {processor.py:161} INFO - Started process (PID=630) to work on /home/airflow/.local/lib/python3.8/site-packages/airflow/example_dags/example_trigger_target_dag.py
[2025-07-11T09:33:27.369+0000] {processor.py:830} INFO - Processing file /home/airflow/.local/lib/python3.8/site-packages/airflow/example_dags/example_trigger_target_dag.py for tasks to queue
[2025-07-11T09:33:27.371+0000] {logging_mixin.py:188} INFO - [2025-07-11T09:33:27.371+0000] {dagbag.py:538} INFO - Filling up the DagBag from /home/airflow/.local/lib/python3.8/site-packages/airflow/example_dags/example_trigger_target_dag.py
[2025-07-11T09:33:27.379+0000] {processor.py:840} INFO - DAG(s) 'example_trigger_target_dag' retrieved from /home/airflow/.local/lib/python3.8/site-packages/airflow/example_dags/example_trigger_target_dag.py
[2025-07-11T09:33:27.407+0000] {logging_mixin.py:188} INFO - [2025-07-11T09:33:27.406+0000] {dag.py:3036} INFO - Sync 1 DAGs
[2025-07-11T09:33:27.428+0000] {logging_mixin.py:188} INFO - [2025-07-11T09:33:27.428+0000] {dag.py:3823} INFO - Setting next_dagrun for example_trigger_target_dag to None, run_after=None
[2025-07-11T09:33:27.463+0000] {processor.py:183} INFO - Processing /home/airflow/.local/lib/python3.8/site-packages/airflow/example_dags/example_trigger_target_dag.py took 0.101 seconds
[2025-07-11T09:34:42.323+0000] {processor.py:161} INFO - Started process (PID=81) to work on /home/airflow/.local/lib/python3.8/site-packages/airflow/example_dags/example_trigger_target_dag.py
[2025-07-11T09:34:42.326+0000] {processor.py:830} INFO - Processing file /home/airflow/.local/lib/python3.8/site-packages/airflow/example_dags/example_trigger_target_dag.py for tasks to queue
[2025-07-11T09:34:42.329+0000] {logging_mixin.py:188} INFO - [2025-07-11T09:34:42.329+0000] {dagbag.py:538} INFO - Filling up the DagBag from /home/airflow/.local/lib/python3.8/site-packages/airflow/example_dags/example_trigger_target_dag.py
[2025-07-11T09:34:42.345+0000] {processor.py:840} INFO - DAG(s) 'example_trigger_target_dag' retrieved from /home/airflow/.local/lib/python3.8/site-packages/airflow/example_dags/example_trigger_target_dag.py
[2025-07-11T09:34:42.559+0000] {logging_mixin.py:188} INFO - [2025-07-11T09:34:42.558+0000] {override.py:1769} INFO - Created Permission View: can edit on DAG:example_trigger_target_dag
[2025-07-11T09:34:42.583+0000] {logging_mixin.py:188} INFO - [2025-07-11T09:34:42.582+0000] {override.py:1769} INFO - Created Permission View: can delete on DAG:example_trigger_target_dag
[2025-07-11T09:34:42.599+0000] {logging_mixin.py:188} INFO - [2025-07-11T09:34:42.599+0000] {override.py:1769} INFO - Created Permission View: can read on DAG:example_trigger_target_dag
[2025-07-11T09:34:42.600+0000] {logging_mixin.py:188} INFO - [2025-07-11T09:34:42.600+0000] {dag.py:3036} INFO - Sync 1 DAGs
[2025-07-11T09:34:42.620+0000] {logging_mixin.py:188} INFO - [2025-07-11T09:34:42.619+0000] {dag.py:3058} INFO - Creating ORM DAG for example_trigger_target_dag
[2025-07-11T09:34:42.621+0000] {logging_mixin.py:188} INFO - [2025-07-11T09:34:42.620+0000] {dag.py:3823} INFO - Setting next_dagrun for example_trigger_target_dag to None, run_after=None
[2025-07-11T09:34:42.658+0000] {processor.py:183} INFO - Processing /home/airflow/.local/lib/python3.8/site-packages/airflow/example_dags/example_trigger_target_dag.py took 0.345 seconds
[2025-07-11T09:35:13.488+0000] {processor.py:161} INFO - Started process (PID=136) to work on /home/airflow/.local/lib/python3.8/site-packages/airflow/example_dags/example_trigger_target_dag.py
[2025-07-11T09:35:13.490+0000] {processor.py:830} INFO - Processing file /home/airflow/.local/lib/python3.8/site-packages/airflow/example_dags/example_trigger_target_dag.py for tasks to queue
[2025-07-11T09:35:13.493+0000] {logging_mixin.py:188} INFO - [2025-07-11T09:35:13.492+0000] {dagbag.py:538} INFO - Filling up the DagBag from /home/airflow/.local/lib/python3.8/site-packages/airflow/example_dags/example_trigger_target_dag.py
[2025-07-11T09:35:13.500+0000] {processor.py:840} INFO - DAG(s) 'example_trigger_target_dag' retrieved from /home/airflow/.local/lib/python3.8/site-packages/airflow/example_dags/example_trigger_target_dag.py
[2025-07-11T09:35:13.525+0000] {logging_mixin.py:188} INFO - [2025-07-11T09:35:13.525+0000] {dag.py:3036} INFO - Sync 1 DAGs
[2025-07-11T09:35:13.541+0000] {logging_mixin.py:188} INFO - [2025-07-11T09:35:13.541+0000] {dag.py:3823} INFO - Setting next_dagrun for example_trigger_target_dag to None, run_after=None
[2025-07-11T09:35:13.569+0000] {processor.py:183} INFO - Processing /home/airflow/.local/lib/python3.8/site-packages/airflow/example_dags/example_trigger_target_dag.py took 0.085 seconds
[2025-07-11T09:35:43.673+0000] {processor.py:161} INFO - Started process (PID=191) to work on /home/airflow/.local/lib/python3.8/site-packages/airflow/example_dags/example_trigger_target_dag.py
[2025-07-11T09:35:43.675+0000] {processor.py:830} INFO - Processing file /home/airflow/.local/lib/python3.8/site-packages/airflow/example_dags/example_trigger_target_dag.py for tasks to queue
[2025-07-11T09:35:43.677+0000] {logging_mixin.py:188} INFO - [2025-07-11T09:35:43.677+0000] {dagbag.py:538} INFO - Filling up the DagBag from /home/airflow/.local/lib/python3.8/site-packages/airflow/example_dags/example_trigger_target_dag.py
[2025-07-11T09:35:43.684+0000] {processor.py:840} INFO - DAG(s) 'example_trigger_target_dag' retrieved from /home/airflow/.local/lib/python3.8/site-packages/airflow/example_dags/example_trigger_target_dag.py
[2025-07-11T09:35:43.715+0000] {logging_mixin.py:188} INFO - [2025-07-11T09:35:43.715+0000] {dag.py:3036} INFO - Sync 1 DAGs
[2025-07-11T09:35:43.732+0000] {logging_mixin.py:188} INFO - [2025-07-11T09:35:43.731+0000] {dag.py:3823} INFO - Setting next_dagrun for example_trigger_target_dag to None, run_after=None
[2025-07-11T09:35:43.761+0000] {processor.py:183} INFO - Processing /home/airflow/.local/lib/python3.8/site-packages/airflow/example_dags/example_trigger_target_dag.py took 0.092 seconds
[2025-07-11T09:36:14.340+0000] {processor.py:161} INFO - Started process (PID=246) to work on /home/airflow/.local/lib/python3.8/site-packages/airflow/example_dags/example_trigger_target_dag.py
[2025-07-11T09:36:14.342+0000] {processor.py:830} INFO - Processing file /home/airflow/.local/lib/python3.8/site-packages/airflow/example_dags/example_trigger_target_dag.py for tasks to queue
[2025-07-11T09:36:14.344+0000] {logging_mixin.py:188} INFO - [2025-07-11T09:36:14.343+0000] {dagbag.py:538} INFO - Filling up the DagBag from /home/airflow/.local/lib/python3.8/site-packages/airflow/example_dags/example_trigger_target_dag.py
[2025-07-11T09:36:14.351+0000] {processor.py:840} INFO - DAG(s) 'example_trigger_target_dag' retrieved from /home/airflow/.local/lib/python3.8/site-packages/airflow/example_dags/example_trigger_target_dag.py
[2025-07-11T09:36:14.377+0000] {logging_mixin.py:188} INFO - [2025-07-11T09:36:14.377+0000] {dag.py:3036} INFO - Sync 1 DAGs
[2025-07-11T09:36:14.396+0000] {logging_mixin.py:188} INFO - [2025-07-11T09:36:14.396+0000] {dag.py:3823} INFO - Setting next_dagrun for example_trigger_target_dag to None, run_after=None
[2025-07-11T09:36:14.429+0000] {processor.py:183} INFO - Processing /home/airflow/.local/lib/python3.8/site-packages/airflow/example_dags/example_trigger_target_dag.py took 0.093 seconds
[2025-07-11T09:36:44.566+0000] {processor.py:161} INFO - Started process (PID=301) to work on /home/airflow/.local/lib/python3.8/site-packages/airflow/example_dags/example_trigger_target_dag.py
[2025-07-11T09:36:44.569+0000] {processor.py:830} INFO - Processing file /home/airflow/.local/lib/python3.8/site-packages/airflow/example_dags/example_trigger_target_dag.py for tasks to queue
[2025-07-11T09:36:44.571+0000] {logging_mixin.py:188} INFO - [2025-07-11T09:36:44.571+0000] {dagbag.py:538} INFO - Filling up the DagBag from /home/airflow/.local/lib/python3.8/site-packages/airflow/example_dags/example_trigger_target_dag.py
[2025-07-11T09:36:44.578+0000] {processor.py:840} INFO - DAG(s) 'example_trigger_target_dag' retrieved from /home/airflow/.local/lib/python3.8/site-packages/airflow/example_dags/example_trigger_target_dag.py
[2025-07-11T09:36:44.604+0000] {logging_mixin.py:188} INFO - [2025-07-11T09:36:44.604+0000] {dag.py:3036} INFO - Sync 1 DAGs
[2025-07-11T09:36:44.625+0000] {logging_mixin.py:188} INFO - [2025-07-11T09:36:44.625+0000] {dag.py:3823} INFO - Setting next_dagrun for example_trigger_target_dag to None, run_after=None
[2025-07-11T09:36:44.660+0000] {processor.py:183} INFO - Processing /home/airflow/.local/lib/python3.8/site-packages/airflow/example_dags/example_trigger_target_dag.py took 0.098 seconds
[2025-07-11T09:37:14.979+0000] {processor.py:161} INFO - Started process (PID=356) to work on /home/airflow/.local/lib/python3.8/site-packages/airflow/example_dags/example_trigger_target_dag.py
[2025-07-11T09:37:14.980+0000] {processor.py:830} INFO - Processing file /home/airflow/.local/lib/python3.8/site-packages/airflow/example_dags/example_trigger_target_dag.py for tasks to queue
[2025-07-11T09:37:14.983+0000] {logging_mixin.py:188} INFO - [2025-07-11T09:37:14.982+0000] {dagbag.py:538} INFO - Filling up the DagBag from /home/airflow/.local/lib/python3.8/site-packages/airflow/example_dags/example_trigger_target_dag.py
[2025-07-11T09:37:14.992+0000] {processor.py:840} INFO - DAG(s) 'example_trigger_target_dag' retrieved from /home/airflow/.local/lib/python3.8/site-packages/airflow/example_dags/example_trigger_target_dag.py
[2025-07-11T09:37:15.020+0000] {logging_mixin.py:188} INFO - [2025-07-11T09:37:15.020+0000] {dag.py:3036} INFO - Sync 1 DAGs
[2025-07-11T09:37:15.039+0000] {logging_mixin.py:188} INFO - [2025-07-11T09:37:15.038+0000] {dag.py:3823} INFO - Setting next_dagrun for example_trigger_target_dag to None, run_after=None
[2025-07-11T09:37:15.069+0000] {processor.py:183} INFO - Processing /home/airflow/.local/lib/python3.8/site-packages/airflow/example_dags/example_trigger_target_dag.py took 0.094 seconds
[2025-07-11T09:37:45.249+0000] {processor.py:161} INFO - Started process (PID=411) to work on /home/airflow/.local/lib/python3.8/site-packages/airflow/example_dags/example_trigger_target_dag.py
[2025-07-11T09:37:45.253+0000] {processor.py:830} INFO - Processing file /home/airflow/.local/lib/python3.8/site-packages/airflow/example_dags/example_trigger_target_dag.py for tasks to queue
[2025-07-11T09:37:45.256+0000] {logging_mixin.py:188} INFO - [2025-07-11T09:37:45.255+0000] {dagbag.py:538} INFO - Filling up the DagBag from /home/airflow/.local/lib/python3.8/site-packages/airflow/example_dags/example_trigger_target_dag.py
[2025-07-11T09:37:45.267+0000] {processor.py:840} INFO - DAG(s) 'example_trigger_target_dag' retrieved from /home/airflow/.local/lib/python3.8/site-packages/airflow/example_dags/example_trigger_target_dag.py
[2025-07-11T09:37:45.310+0000] {logging_mixin.py:188} INFO - [2025-07-11T09:37:45.310+0000] {dag.py:3036} INFO - Sync 1 DAGs
[2025-07-11T09:37:45.336+0000] {logging_mixin.py:188} INFO - [2025-07-11T09:37:45.336+0000] {dag.py:3823} INFO - Setting next_dagrun for example_trigger_target_dag to None, run_after=None
[2025-07-11T09:37:45.377+0000] {processor.py:183} INFO - Processing /home/airflow/.local/lib/python3.8/site-packages/airflow/example_dags/example_trigger_target_dag.py took 0.134 seconds
[2025-07-11T09:38:15.441+0000] {processor.py:161} INFO - Started process (PID=466) to work on /home/airflow/.local/lib/python3.8/site-packages/airflow/example_dags/example_trigger_target_dag.py
[2025-07-11T09:38:15.442+0000] {processor.py:830} INFO - Processing file /home/airflow/.local/lib/python3.8/site-packages/airflow/example_dags/example_trigger_target_dag.py for tasks to queue
[2025-07-11T09:38:15.445+0000] {logging_mixin.py:188} INFO - [2025-07-11T09:38:15.444+0000] {dagbag.py:538} INFO - Filling up the DagBag from /home/airflow/.local/lib/python3.8/site-packages/airflow/example_dags/example_trigger_target_dag.py
[2025-07-11T09:38:15.452+0000] {processor.py:840} INFO - DAG(s) 'example_trigger_target_dag' retrieved from /home/airflow/.local/lib/python3.8/site-packages/airflow/example_dags/example_trigger_target_dag.py
[2025-07-11T09:38:15.479+0000] {logging_mixin.py:188} INFO - [2025-07-11T09:38:15.479+0000] {dag.py:3036} INFO - Sync 1 DAGs
[2025-07-11T09:38:15.497+0000] {logging_mixin.py:188} INFO - [2025-07-11T09:38:15.496+0000] {dag.py:3823} INFO - Setting next_dagrun for example_trigger_target_dag to None, run_after=None
[2025-07-11T09:38:15.528+0000] {processor.py:183} INFO - Processing /home/airflow/.local/lib/python3.8/site-packages/airflow/example_dags/example_trigger_target_dag.py took 0.091 seconds
[2025-07-11T09:38:45.973+0000] {processor.py:161} INFO - Started process (PID=521) to work on /home/airflow/.local/lib/python3.8/site-packages/airflow/example_dags/example_trigger_target_dag.py
[2025-07-11T09:38:45.976+0000] {processor.py:830} INFO - Processing file /home/airflow/.local/lib/python3.8/site-packages/airflow/example_dags/example_trigger_target_dag.py for tasks to queue
[2025-07-11T09:38:45.979+0000] {logging_mixin.py:188} INFO - [2025-07-11T09:38:45.978+0000] {dagbag.py:538} INFO - Filling up the DagBag from /home/airflow/.local/lib/python3.8/site-packages/airflow/example_dags/example_trigger_target_dag.py
[2025-07-11T09:38:45.986+0000] {processor.py:840} INFO - DAG(s) 'example_trigger_target_dag' retrieved from /home/airflow/.local/lib/python3.8/site-packages/airflow/example_dags/example_trigger_target_dag.py
[2025-07-11T09:38:46.014+0000] {logging_mixin.py:188} INFO - [2025-07-11T09:38:46.014+0000] {dag.py:3036} INFO - Sync 1 DAGs
[2025-07-11T09:38:46.032+0000] {logging_mixin.py:188} INFO - [2025-07-11T09:38:46.031+0000] {dag.py:3823} INFO - Setting next_dagrun for example_trigger_target_dag to None, run_after=None
[2025-07-11T09:38:46.066+0000] {processor.py:183} INFO - Processing /home/airflow/.local/lib/python3.8/site-packages/airflow/example_dags/example_trigger_target_dag.py took 0.097 seconds
[2025-07-11T09:39:16.414+0000] {processor.py:161} INFO - Started process (PID=577) to work on /home/airflow/.local/lib/python3.8/site-packages/airflow/example_dags/example_trigger_target_dag.py
[2025-07-11T09:39:16.418+0000] {processor.py:830} INFO - Processing file /home/airflow/.local/lib/python3.8/site-packages/airflow/example_dags/example_trigger_target_dag.py for tasks to queue
[2025-07-11T09:39:16.421+0000] {logging_mixin.py:188} INFO - [2025-07-11T09:39:16.420+0000] {dagbag.py:538} INFO - Filling up the DagBag from /home/airflow/.local/lib/python3.8/site-packages/airflow/example_dags/example_trigger_target_dag.py
[2025-07-11T09:39:16.430+0000] {processor.py:840} INFO - DAG(s) 'example_trigger_target_dag' retrieved from /home/airflow/.local/lib/python3.8/site-packages/airflow/example_dags/example_trigger_target_dag.py
[2025-07-11T09:39:16.459+0000] {logging_mixin.py:188} INFO - [2025-07-11T09:39:16.459+0000] {dag.py:3036} INFO - Sync 1 DAGs
[2025-07-11T09:39:16.479+0000] {logging_mixin.py:188} INFO - [2025-07-11T09:39:16.478+0000] {dag.py:3823} INFO - Setting next_dagrun for example_trigger_target_dag to None, run_after=None
[2025-07-11T09:39:16.514+0000] {processor.py:183} INFO - Processing /home/airflow/.local/lib/python3.8/site-packages/airflow/example_dags/example_trigger_target_dag.py took 0.107 seconds
[2025-07-11T09:39:46.758+0000] {processor.py:161} INFO - Started process (PID=632) to work on /home/airflow/.local/lib/python3.8/site-packages/airflow/example_dags/example_trigger_target_dag.py
[2025-07-11T09:39:46.759+0000] {processor.py:830} INFO - Processing file /home/airflow/.local/lib/python3.8/site-packages/airflow/example_dags/example_trigger_target_dag.py for tasks to queue
[2025-07-11T09:39:46.762+0000] {logging_mixin.py:188} INFO - [2025-07-11T09:39:46.761+0000] {dagbag.py:538} INFO - Filling up the DagBag from /home/airflow/.local/lib/python3.8/site-packages/airflow/example_dags/example_trigger_target_dag.py
[2025-07-11T09:39:46.770+0000] {processor.py:840} INFO - DAG(s) 'example_trigger_target_dag' retrieved from /home/airflow/.local/lib/python3.8/site-packages/airflow/example_dags/example_trigger_target_dag.py
[2025-07-11T09:39:46.797+0000] {logging_mixin.py:188} INFO - [2025-07-11T09:39:46.797+0000] {dag.py:3036} INFO - Sync 1 DAGs
[2025-07-11T09:39:46.815+0000] {logging_mixin.py:188} INFO - [2025-07-11T09:39:46.815+0000] {dag.py:3823} INFO - Setting next_dagrun for example_trigger_target_dag to None, run_after=None
[2025-07-11T09:39:46.845+0000] {processor.py:183} INFO - Processing /home/airflow/.local/lib/python3.8/site-packages/airflow/example_dags/example_trigger_target_dag.py took 0.091 seconds
[2025-07-11T09:40:17.196+0000] {processor.py:161} INFO - Started process (PID=687) to work on /home/airflow/.local/lib/python3.8/site-packages/airflow/example_dags/example_trigger_target_dag.py
[2025-07-11T09:40:17.198+0000] {processor.py:830} INFO - Processing file /home/airflow/.local/lib/python3.8/site-packages/airflow/example_dags/example_trigger_target_dag.py for tasks to queue
[2025-07-11T09:40:17.200+0000] {logging_mixin.py:188} INFO - [2025-07-11T09:40:17.200+0000] {dagbag.py:538} INFO - Filling up the DagBag from /home/airflow/.local/lib/python3.8/site-packages/airflow/example_dags/example_trigger_target_dag.py
[2025-07-11T09:40:17.208+0000] {processor.py:840} INFO - DAG(s) 'example_trigger_target_dag' retrieved from /home/airflow/.local/lib/python3.8/site-packages/airflow/example_dags/example_trigger_target_dag.py
[2025-07-11T09:40:17.237+0000] {logging_mixin.py:188} INFO - [2025-07-11T09:40:17.236+0000] {dag.py:3036} INFO - Sync 1 DAGs
[2025-07-11T09:40:17.254+0000] {logging_mixin.py:188} INFO - [2025-07-11T09:40:17.254+0000] {dag.py:3823} INFO - Setting next_dagrun for example_trigger_target_dag to None, run_after=None
[2025-07-11T09:40:17.291+0000] {processor.py:183} INFO - Processing /home/airflow/.local/lib/python3.8/site-packages/airflow/example_dags/example_trigger_target_dag.py took 0.099 seconds
[2025-07-11T09:40:47.653+0000] {processor.py:161} INFO - Started process (PID=742) to work on /home/airflow/.local/lib/python3.8/site-packages/airflow/example_dags/example_trigger_target_dag.py
[2025-07-11T09:40:47.655+0000] {processor.py:830} INFO - Processing file /home/airflow/.local/lib/python3.8/site-packages/airflow/example_dags/example_trigger_target_dag.py for tasks to queue
[2025-07-11T09:40:47.658+0000] {logging_mixin.py:188} INFO - [2025-07-11T09:40:47.657+0000] {dagbag.py:538} INFO - Filling up the DagBag from /home/airflow/.local/lib/python3.8/site-packages/airflow/example_dags/example_trigger_target_dag.py
[2025-07-11T09:40:47.666+0000] {processor.py:840} INFO - DAG(s) 'example_trigger_target_dag' retrieved from /home/airflow/.local/lib/python3.8/site-packages/airflow/example_dags/example_trigger_target_dag.py
[2025-07-11T09:40:47.699+0000] {logging_mixin.py:188} INFO - [2025-07-11T09:40:47.698+0000] {dag.py:3036} INFO - Sync 1 DAGs
[2025-07-11T09:40:47.719+0000] {logging_mixin.py:188} INFO - [2025-07-11T09:40:47.718+0000] {dag.py:3823} INFO - Setting next_dagrun for example_trigger_target_dag to None, run_after=None
[2025-07-11T09:40:47.752+0000] {processor.py:183} INFO - Processing /home/airflow/.local/lib/python3.8/site-packages/airflow/example_dags/example_trigger_target_dag.py took 0.104 seconds
[2025-07-11T09:41:17.870+0000] {processor.py:161} INFO - Started process (PID=797) to work on /home/airflow/.local/lib/python3.8/site-packages/airflow/example_dags/example_trigger_target_dag.py
[2025-07-11T09:41:17.872+0000] {processor.py:830} INFO - Processing file /home/airflow/.local/lib/python3.8/site-packages/airflow/example_dags/example_trigger_target_dag.py for tasks to queue
[2025-07-11T09:41:17.875+0000] {logging_mixin.py:188} INFO - [2025-07-11T09:41:17.875+0000] {dagbag.py:538} INFO - Filling up the DagBag from /home/airflow/.local/lib/python3.8/site-packages/airflow/example_dags/example_trigger_target_dag.py
[2025-07-11T09:41:17.885+0000] {processor.py:840} INFO - DAG(s) 'example_trigger_target_dag' retrieved from /home/airflow/.local/lib/python3.8/site-packages/airflow/example_dags/example_trigger_target_dag.py
[2025-07-11T09:41:17.917+0000] {logging_mixin.py:188} INFO - [2025-07-11T09:41:17.916+0000] {dag.py:3036} INFO - Sync 1 DAGs
[2025-07-11T09:41:17.938+0000] {logging_mixin.py:188} INFO - [2025-07-11T09:41:17.937+0000] {dag.py:3823} INFO - Setting next_dagrun for example_trigger_target_dag to None, run_after=None
[2025-07-11T09:41:17.982+0000] {processor.py:183} INFO - Processing /home/airflow/.local/lib/python3.8/site-packages/airflow/example_dags/example_trigger_target_dag.py took 0.118 seconds
[2025-07-11T09:41:48.472+0000] {processor.py:161} INFO - Started process (PID=852) to work on /home/airflow/.local/lib/python3.8/site-packages/airflow/example_dags/example_trigger_target_dag.py
[2025-07-11T09:41:48.474+0000] {processor.py:830} INFO - Processing file /home/airflow/.local/lib/python3.8/site-packages/airflow/example_dags/example_trigger_target_dag.py for tasks to queue
[2025-07-11T09:41:48.477+0000] {logging_mixin.py:188} INFO - [2025-07-11T09:41:48.477+0000] {dagbag.py:538} INFO - Filling up the DagBag from /home/airflow/.local/lib/python3.8/site-packages/airflow/example_dags/example_trigger_target_dag.py
[2025-07-11T09:41:48.487+0000] {processor.py:840} INFO - DAG(s) 'example_trigger_target_dag' retrieved from /home/airflow/.local/lib/python3.8/site-packages/airflow/example_dags/example_trigger_target_dag.py
[2025-07-11T09:41:48.516+0000] {logging_mixin.py:188} INFO - [2025-07-11T09:41:48.516+0000] {dag.py:3036} INFO - Sync 1 DAGs
[2025-07-11T09:41:48.534+0000] {logging_mixin.py:188} INFO - [2025-07-11T09:41:48.534+0000] {dag.py:3823} INFO - Setting next_dagrun for example_trigger_target_dag to None, run_after=None
[2025-07-11T09:41:48.570+0000] {processor.py:183} INFO - Processing /home/airflow/.local/lib/python3.8/site-packages/airflow/example_dags/example_trigger_target_dag.py took 0.104 seconds
[2025-07-11T09:42:18.796+0000] {processor.py:161} INFO - Started process (PID=907) to work on /home/airflow/.local/lib/python3.8/site-packages/airflow/example_dags/example_trigger_target_dag.py
[2025-07-11T09:42:18.798+0000] {processor.py:830} INFO - Processing file /home/airflow/.local/lib/python3.8/site-packages/airflow/example_dags/example_trigger_target_dag.py for tasks to queue
[2025-07-11T09:42:18.802+0000] {logging_mixin.py:188} INFO - [2025-07-11T09:42:18.801+0000] {dagbag.py:538} INFO - Filling up the DagBag from /home/airflow/.local/lib/python3.8/site-packages/airflow/example_dags/example_trigger_target_dag.py
[2025-07-11T09:42:18.812+0000] {processor.py:840} INFO - DAG(s) 'example_trigger_target_dag' retrieved from /home/airflow/.local/lib/python3.8/site-packages/airflow/example_dags/example_trigger_target_dag.py
[2025-07-11T09:42:18.844+0000] {logging_mixin.py:188} INFO - [2025-07-11T09:42:18.843+0000] {dag.py:3036} INFO - Sync 1 DAGs
[2025-07-11T09:42:18.862+0000] {logging_mixin.py:188} INFO - [2025-07-11T09:42:18.862+0000] {dag.py:3823} INFO - Setting next_dagrun for example_trigger_target_dag to None, run_after=None
[2025-07-11T09:42:18.895+0000] {processor.py:183} INFO - Processing /home/airflow/.local/lib/python3.8/site-packages/airflow/example_dags/example_trigger_target_dag.py took 0.103 seconds
[2025-07-11T09:42:49.254+0000] {processor.py:161} INFO - Started process (PID=962) to work on /home/airflow/.local/lib/python3.8/site-packages/airflow/example_dags/example_trigger_target_dag.py
[2025-07-11T09:42:49.257+0000] {processor.py:830} INFO - Processing file /home/airflow/.local/lib/python3.8/site-packages/airflow/example_dags/example_trigger_target_dag.py for tasks to queue
[2025-07-11T09:42:49.261+0000] {logging_mixin.py:188} INFO - [2025-07-11T09:42:49.260+0000] {dagbag.py:538} INFO - Filling up the DagBag from /home/airflow/.local/lib/python3.8/site-packages/airflow/example_dags/example_trigger_target_dag.py
[2025-07-11T09:42:49.273+0000] {processor.py:840} INFO - DAG(s) 'example_trigger_target_dag' retrieved from /home/airflow/.local/lib/python3.8/site-packages/airflow/example_dags/example_trigger_target_dag.py
[2025-07-11T09:42:49.312+0000] {logging_mixin.py:188} INFO - [2025-07-11T09:42:49.311+0000] {dag.py:3036} INFO - Sync 1 DAGs
[2025-07-11T09:42:49.334+0000] {logging_mixin.py:188} INFO - [2025-07-11T09:42:49.333+0000] {dag.py:3823} INFO - Setting next_dagrun for example_trigger_target_dag to None, run_after=None
[2025-07-11T09:42:49.366+0000] {processor.py:183} INFO - Processing /home/airflow/.local/lib/python3.8/site-packages/airflow/example_dags/example_trigger_target_dag.py took 0.117 seconds
[2025-07-11T09:43:19.686+0000] {processor.py:161} INFO - Started process (PID=1017) to work on /home/airflow/.local/lib/python3.8/site-packages/airflow/example_dags/example_trigger_target_dag.py
[2025-07-11T09:43:19.688+0000] {processor.py:830} INFO - Processing file /home/airflow/.local/lib/python3.8/site-packages/airflow/example_dags/example_trigger_target_dag.py for tasks to queue
[2025-07-11T09:43:19.690+0000] {logging_mixin.py:188} INFO - [2025-07-11T09:43:19.690+0000] {dagbag.py:538} INFO - Filling up the DagBag from /home/airflow/.local/lib/python3.8/site-packages/airflow/example_dags/example_trigger_target_dag.py
[2025-07-11T09:43:19.698+0000] {processor.py:840} INFO - DAG(s) 'example_trigger_target_dag' retrieved from /home/airflow/.local/lib/python3.8/site-packages/airflow/example_dags/example_trigger_target_dag.py
[2025-07-11T09:43:19.730+0000] {logging_mixin.py:188} INFO - [2025-07-11T09:43:19.729+0000] {dag.py:3036} INFO - Sync 1 DAGs
[2025-07-11T09:43:19.751+0000] {logging_mixin.py:188} INFO - [2025-07-11T09:43:19.750+0000] {dag.py:3823} INFO - Setting next_dagrun for example_trigger_target_dag to None, run_after=None
[2025-07-11T09:43:19.785+0000] {processor.py:183} INFO - Processing /home/airflow/.local/lib/python3.8/site-packages/airflow/example_dags/example_trigger_target_dag.py took 0.103 seconds
[2025-07-11T09:43:50.010+0000] {processor.py:161} INFO - Started process (PID=1072) to work on /home/airflow/.local/lib/python3.8/site-packages/airflow/example_dags/example_trigger_target_dag.py
[2025-07-11T09:43:50.012+0000] {processor.py:830} INFO - Processing file /home/airflow/.local/lib/python3.8/site-packages/airflow/example_dags/example_trigger_target_dag.py for tasks to queue
[2025-07-11T09:43:50.014+0000] {logging_mixin.py:188} INFO - [2025-07-11T09:43:50.014+0000] {dagbag.py:538} INFO - Filling up the DagBag from /home/airflow/.local/lib/python3.8/site-packages/airflow/example_dags/example_trigger_target_dag.py
[2025-07-11T09:43:50.021+0000] {processor.py:840} INFO - DAG(s) 'example_trigger_target_dag' retrieved from /home/airflow/.local/lib/python3.8/site-packages/airflow/example_dags/example_trigger_target_dag.py
[2025-07-11T09:43:50.048+0000] {logging_mixin.py:188} INFO - [2025-07-11T09:43:50.048+0000] {dag.py:3036} INFO - Sync 1 DAGs
[2025-07-11T09:43:50.065+0000] {logging_mixin.py:188} INFO - [2025-07-11T09:43:50.065+0000] {dag.py:3823} INFO - Setting next_dagrun for example_trigger_target_dag to None, run_after=None
[2025-07-11T09:43:50.094+0000] {processor.py:183} INFO - Processing /home/airflow/.local/lib/python3.8/site-packages/airflow/example_dags/example_trigger_target_dag.py took 0.088 seconds
[2025-07-11T09:44:20.454+0000] {processor.py:161} INFO - Started process (PID=1128) to work on /home/airflow/.local/lib/python3.8/site-packages/airflow/example_dags/example_trigger_target_dag.py
[2025-07-11T09:44:20.456+0000] {processor.py:830} INFO - Processing file /home/airflow/.local/lib/python3.8/site-packages/airflow/example_dags/example_trigger_target_dag.py for tasks to queue
[2025-07-11T09:44:20.458+0000] {logging_mixin.py:188} INFO - [2025-07-11T09:44:20.458+0000] {dagbag.py:538} INFO - Filling up the DagBag from /home/airflow/.local/lib/python3.8/site-packages/airflow/example_dags/example_trigger_target_dag.py
[2025-07-11T09:44:20.466+0000] {processor.py:840} INFO - DAG(s) 'example_trigger_target_dag' retrieved from /home/airflow/.local/lib/python3.8/site-packages/airflow/example_dags/example_trigger_target_dag.py
[2025-07-11T09:44:20.493+0000] {logging_mixin.py:188} INFO - [2025-07-11T09:44:20.493+0000] {dag.py:3036} INFO - Sync 1 DAGs
[2025-07-11T09:44:20.510+0000] {logging_mixin.py:188} INFO - [2025-07-11T09:44:20.510+0000] {dag.py:3823} INFO - Setting next_dagrun for example_trigger_target_dag to None, run_after=None
[2025-07-11T09:44:20.543+0000] {processor.py:183} INFO - Processing /home/airflow/.local/lib/python3.8/site-packages/airflow/example_dags/example_trigger_target_dag.py took 0.092 seconds
[2025-07-11T09:44:50.924+0000] {processor.py:161} INFO - Started process (PID=1183) to work on /home/airflow/.local/lib/python3.8/site-packages/airflow/example_dags/example_trigger_target_dag.py
[2025-07-11T09:44:50.926+0000] {processor.py:830} INFO - Processing file /home/airflow/.local/lib/python3.8/site-packages/airflow/example_dags/example_trigger_target_dag.py for tasks to queue
[2025-07-11T09:44:50.928+0000] {logging_mixin.py:188} INFO - [2025-07-11T09:44:50.928+0000] {dagbag.py:538} INFO - Filling up the DagBag from /home/airflow/.local/lib/python3.8/site-packages/airflow/example_dags/example_trigger_target_dag.py
[2025-07-11T09:44:50.936+0000] {processor.py:840} INFO - DAG(s) 'example_trigger_target_dag' retrieved from /home/airflow/.local/lib/python3.8/site-packages/airflow/example_dags/example_trigger_target_dag.py
[2025-07-11T09:44:50.964+0000] {logging_mixin.py:188} INFO - [2025-07-11T09:44:50.963+0000] {dag.py:3036} INFO - Sync 1 DAGs
[2025-07-11T09:44:50.983+0000] {logging_mixin.py:188} INFO - [2025-07-11T09:44:50.982+0000] {dag.py:3823} INFO - Setting next_dagrun for example_trigger_target_dag to None, run_after=None
[2025-07-11T09:44:51.017+0000] {processor.py:183} INFO - Processing /home/airflow/.local/lib/python3.8/site-packages/airflow/example_dags/example_trigger_target_dag.py took 0.096 seconds
[2025-07-11T09:45:21.322+0000] {processor.py:161} INFO - Started process (PID=1238) to work on /home/airflow/.local/lib/python3.8/site-packages/airflow/example_dags/example_trigger_target_dag.py
[2025-07-11T09:45:21.324+0000] {processor.py:830} INFO - Processing file /home/airflow/.local/lib/python3.8/site-packages/airflow/example_dags/example_trigger_target_dag.py for tasks to queue
[2025-07-11T09:45:21.326+0000] {logging_mixin.py:188} INFO - [2025-07-11T09:45:21.326+0000] {dagbag.py:538} INFO - Filling up the DagBag from /home/airflow/.local/lib/python3.8/site-packages/airflow/example_dags/example_trigger_target_dag.py
[2025-07-11T09:45:21.335+0000] {processor.py:840} INFO - DAG(s) 'example_trigger_target_dag' retrieved from /home/airflow/.local/lib/python3.8/site-packages/airflow/example_dags/example_trigger_target_dag.py
[2025-07-11T09:45:21.363+0000] {logging_mixin.py:188} INFO - [2025-07-11T09:45:21.362+0000] {dag.py:3036} INFO - Sync 1 DAGs
[2025-07-11T09:45:21.381+0000] {logging_mixin.py:188} INFO - [2025-07-11T09:45:21.380+0000] {dag.py:3823} INFO - Setting next_dagrun for example_trigger_target_dag to None, run_after=None
[2025-07-11T09:45:21.418+0000] {processor.py:183} INFO - Processing /home/airflow/.local/lib/python3.8/site-packages/airflow/example_dags/example_trigger_target_dag.py took 0.101 seconds
[2025-07-11T09:45:51.784+0000] {processor.py:161} INFO - Started process (PID=1293) to work on /home/airflow/.local/lib/python3.8/site-packages/airflow/example_dags/example_trigger_target_dag.py
[2025-07-11T09:45:51.785+0000] {processor.py:830} INFO - Processing file /home/airflow/.local/lib/python3.8/site-packages/airflow/example_dags/example_trigger_target_dag.py for tasks to queue
[2025-07-11T09:45:51.788+0000] {logging_mixin.py:188} INFO - [2025-07-11T09:45:51.787+0000] {dagbag.py:538} INFO - Filling up the DagBag from /home/airflow/.local/lib/python3.8/site-packages/airflow/example_dags/example_trigger_target_dag.py
[2025-07-11T09:45:51.796+0000] {processor.py:840} INFO - DAG(s) 'example_trigger_target_dag' retrieved from /home/airflow/.local/lib/python3.8/site-packages/airflow/example_dags/example_trigger_target_dag.py
[2025-07-11T09:45:51.826+0000] {logging_mixin.py:188} INFO - [2025-07-11T09:45:51.825+0000] {dag.py:3036} INFO - Sync 1 DAGs
[2025-07-11T09:45:51.846+0000] {logging_mixin.py:188} INFO - [2025-07-11T09:45:51.845+0000] {dag.py:3823} INFO - Setting next_dagrun for example_trigger_target_dag to None, run_after=None
[2025-07-11T09:45:51.877+0000] {processor.py:183} INFO - Processing /home/airflow/.local/lib/python3.8/site-packages/airflow/example_dags/example_trigger_target_dag.py took 0.098 seconds
[2025-07-11T09:46:22.219+0000] {processor.py:161} INFO - Started process (PID=1348) to work on /home/airflow/.local/lib/python3.8/site-packages/airflow/example_dags/example_trigger_target_dag.py
[2025-07-11T09:46:22.221+0000] {processor.py:830} INFO - Processing file /home/airflow/.local/lib/python3.8/site-packages/airflow/example_dags/example_trigger_target_dag.py for tasks to queue
[2025-07-11T09:46:22.223+0000] {logging_mixin.py:188} INFO - [2025-07-11T09:46:22.222+0000] {dagbag.py:538} INFO - Filling up the DagBag from /home/airflow/.local/lib/python3.8/site-packages/airflow/example_dags/example_trigger_target_dag.py
[2025-07-11T09:46:22.230+0000] {processor.py:840} INFO - DAG(s) 'example_trigger_target_dag' retrieved from /home/airflow/.local/lib/python3.8/site-packages/airflow/example_dags/example_trigger_target_dag.py
[2025-07-11T09:46:22.258+0000] {logging_mixin.py:188} INFO - [2025-07-11T09:46:22.258+0000] {dag.py:3036} INFO - Sync 1 DAGs
[2025-07-11T09:46:22.276+0000] {logging_mixin.py:188} INFO - [2025-07-11T09:46:22.275+0000] {dag.py:3823} INFO - Setting next_dagrun for example_trigger_target_dag to None, run_after=None
[2025-07-11T09:46:22.306+0000] {processor.py:183} INFO - Processing /home/airflow/.local/lib/python3.8/site-packages/airflow/example_dags/example_trigger_target_dag.py took 0.091 seconds
[2025-07-11T09:46:52.556+0000] {processor.py:161} INFO - Started process (PID=1403) to work on /home/airflow/.local/lib/python3.8/site-packages/airflow/example_dags/example_trigger_target_dag.py
[2025-07-11T09:46:52.557+0000] {processor.py:830} INFO - Processing file /home/airflow/.local/lib/python3.8/site-packages/airflow/example_dags/example_trigger_target_dag.py for tasks to queue
[2025-07-11T09:46:52.560+0000] {logging_mixin.py:188} INFO - [2025-07-11T09:46:52.559+0000] {dagbag.py:538} INFO - Filling up the DagBag from /home/airflow/.local/lib/python3.8/site-packages/airflow/example_dags/example_trigger_target_dag.py
[2025-07-11T09:46:52.568+0000] {processor.py:840} INFO - DAG(s) 'example_trigger_target_dag' retrieved from /home/airflow/.local/lib/python3.8/site-packages/airflow/example_dags/example_trigger_target_dag.py
[2025-07-11T09:46:52.599+0000] {logging_mixin.py:188} INFO - [2025-07-11T09:46:52.599+0000] {dag.py:3036} INFO - Sync 1 DAGs
[2025-07-11T09:46:52.621+0000] {logging_mixin.py:188} INFO - [2025-07-11T09:46:52.621+0000] {dag.py:3823} INFO - Setting next_dagrun for example_trigger_target_dag to None, run_after=None
[2025-07-11T09:46:52.658+0000] {processor.py:183} INFO - Processing /home/airflow/.local/lib/python3.8/site-packages/airflow/example_dags/example_trigger_target_dag.py took 0.106 seconds
[2025-07-11T09:47:23.099+0000] {processor.py:161} INFO - Started process (PID=1456) to work on /home/airflow/.local/lib/python3.8/site-packages/airflow/example_dags/example_trigger_target_dag.py
[2025-07-11T09:47:23.101+0000] {processor.py:830} INFO - Processing file /home/airflow/.local/lib/python3.8/site-packages/airflow/example_dags/example_trigger_target_dag.py for tasks to queue
[2025-07-11T09:47:23.104+0000] {logging_mixin.py:188} INFO - [2025-07-11T09:47:23.104+0000] {dagbag.py:538} INFO - Filling up the DagBag from /home/airflow/.local/lib/python3.8/site-packages/airflow/example_dags/example_trigger_target_dag.py
[2025-07-11T09:47:23.115+0000] {processor.py:840} INFO - DAG(s) 'example_trigger_target_dag' retrieved from /home/airflow/.local/lib/python3.8/site-packages/airflow/example_dags/example_trigger_target_dag.py
[2025-07-11T09:47:23.145+0000] {logging_mixin.py:188} INFO - [2025-07-11T09:47:23.145+0000] {dag.py:3036} INFO - Sync 1 DAGs
[2025-07-11T09:47:23.169+0000] {logging_mixin.py:188} INFO - [2025-07-11T09:47:23.169+0000] {dag.py:3823} INFO - Setting next_dagrun for example_trigger_target_dag to None, run_after=None
[2025-07-11T09:47:23.203+0000] {processor.py:183} INFO - Processing /home/airflow/.local/lib/python3.8/site-packages/airflow/example_dags/example_trigger_target_dag.py took 0.109 seconds
[2025-07-11T09:47:53.394+0000] {processor.py:161} INFO - Started process (PID=1511) to work on /home/airflow/.local/lib/python3.8/site-packages/airflow/example_dags/example_trigger_target_dag.py
[2025-07-11T09:47:53.396+0000] {processor.py:830} INFO - Processing file /home/airflow/.local/lib/python3.8/site-packages/airflow/example_dags/example_trigger_target_dag.py for tasks to queue
[2025-07-11T09:47:53.398+0000] {logging_mixin.py:188} INFO - [2025-07-11T09:47:53.398+0000] {dagbag.py:538} INFO - Filling up the DagBag from /home/airflow/.local/lib/python3.8/site-packages/airflow/example_dags/example_trigger_target_dag.py
[2025-07-11T09:47:53.406+0000] {processor.py:840} INFO - DAG(s) 'example_trigger_target_dag' retrieved from /home/airflow/.local/lib/python3.8/site-packages/airflow/example_dags/example_trigger_target_dag.py
[2025-07-11T09:47:53.433+0000] {logging_mixin.py:188} INFO - [2025-07-11T09:47:53.433+0000] {dag.py:3036} INFO - Sync 1 DAGs
[2025-07-11T09:47:53.451+0000] {logging_mixin.py:188} INFO - [2025-07-11T09:47:53.451+0000] {dag.py:3823} INFO - Setting next_dagrun for example_trigger_target_dag to None, run_after=None
[2025-07-11T09:47:53.484+0000] {processor.py:183} INFO - Processing /home/airflow/.local/lib/python3.8/site-packages/airflow/example_dags/example_trigger_target_dag.py took 0.095 seconds
[2025-07-11T09:48:24.256+0000] {processor.py:161} INFO - Started process (PID=1566) to work on /home/airflow/.local/lib/python3.8/site-packages/airflow/example_dags/example_trigger_target_dag.py
[2025-07-11T09:48:24.258+0000] {processor.py:830} INFO - Processing file /home/airflow/.local/lib/python3.8/site-packages/airflow/example_dags/example_trigger_target_dag.py for tasks to queue
[2025-07-11T09:48:24.260+0000] {logging_mixin.py:188} INFO - [2025-07-11T09:48:24.260+0000] {dagbag.py:538} INFO - Filling up the DagBag from /home/airflow/.local/lib/python3.8/site-packages/airflow/example_dags/example_trigger_target_dag.py
[2025-07-11T09:48:24.269+0000] {processor.py:840} INFO - DAG(s) 'example_trigger_target_dag' retrieved from /home/airflow/.local/lib/python3.8/site-packages/airflow/example_dags/example_trigger_target_dag.py
[2025-07-11T09:48:24.297+0000] {logging_mixin.py:188} INFO - [2025-07-11T09:48:24.297+0000] {dag.py:3036} INFO - Sync 1 DAGs
[2025-07-11T09:48:24.317+0000] {logging_mixin.py:188} INFO - [2025-07-11T09:48:24.316+0000] {dag.py:3823} INFO - Setting next_dagrun for example_trigger_target_dag to None, run_after=None
[2025-07-11T09:48:24.349+0000] {processor.py:183} INFO - Processing /home/airflow/.local/lib/python3.8/site-packages/airflow/example_dags/example_trigger_target_dag.py took 0.098 seconds
[2025-07-11T09:48:54.834+0000] {processor.py:161} INFO - Started process (PID=1621) to work on /home/airflow/.local/lib/python3.8/site-packages/airflow/example_dags/example_trigger_target_dag.py
[2025-07-11T09:48:54.837+0000] {processor.py:830} INFO - Processing file /home/airflow/.local/lib/python3.8/site-packages/airflow/example_dags/example_trigger_target_dag.py for tasks to queue
[2025-07-11T09:48:54.840+0000] {logging_mixin.py:188} INFO - [2025-07-11T09:48:54.840+0000] {dagbag.py:538} INFO - Filling up the DagBag from /home/airflow/.local/lib/python3.8/site-packages/airflow/example_dags/example_trigger_target_dag.py
[2025-07-11T09:48:54.810+0000] {processor.py:840} INFO - DAG(s) 'example_trigger_target_dag' retrieved from /home/airflow/.local/lib/python3.8/site-packages/airflow/example_dags/example_trigger_target_dag.py
[2025-07-11T09:48:54.838+0000] {logging_mixin.py:188} INFO - [2025-07-11T09:48:54.837+0000] {dag.py:3036} INFO - Sync 1 DAGs
[2025-07-11T09:48:54.859+0000] {logging_mixin.py:188} INFO - [2025-07-11T09:48:54.858+0000] {dag.py:3823} INFO - Setting next_dagrun for example_trigger_target_dag to None, run_after=None
[2025-07-11T09:48:54.892+0000] {processor.py:183} INFO - Processing /home/airflow/.local/lib/python3.8/site-packages/airflow/example_dags/example_trigger_target_dag.py took 0.101 seconds
[2025-07-11T09:49:25.355+0000] {processor.py:161} INFO - Started process (PID=1676) to work on /home/airflow/.local/lib/python3.8/site-packages/airflow/example_dags/example_trigger_target_dag.py
[2025-07-11T09:49:25.357+0000] {processor.py:830} INFO - Processing file /home/airflow/.local/lib/python3.8/site-packages/airflow/example_dags/example_trigger_target_dag.py for tasks to queue
[2025-07-11T09:49:25.360+0000] {logging_mixin.py:188} INFO - [2025-07-11T09:49:25.359+0000] {dagbag.py:538} INFO - Filling up the DagBag from /home/airflow/.local/lib/python3.8/site-packages/airflow/example_dags/example_trigger_target_dag.py
[2025-07-11T09:49:25.369+0000] {processor.py:840} INFO - DAG(s) 'example_trigger_target_dag' retrieved from /home/airflow/.local/lib/python3.8/site-packages/airflow/example_dags/example_trigger_target_dag.py
[2025-07-11T09:49:25.404+0000] {logging_mixin.py:188} INFO - [2025-07-11T09:49:25.403+0000] {dag.py:3036} INFO - Sync 1 DAGs
[2025-07-11T09:49:25.425+0000] {logging_mixin.py:188} INFO - [2025-07-11T09:49:25.425+0000] {dag.py:3823} INFO - Setting next_dagrun for example_trigger_target_dag to None, run_after=None
[2025-07-11T09:49:25.462+0000] {processor.py:183} INFO - Processing /home/airflow/.local/lib/python3.8/site-packages/airflow/example_dags/example_trigger_target_dag.py took 0.112 seconds
[2025-07-11T09:49:55.802+0000] {processor.py:161} INFO - Started process (PID=1731) to work on /home/airflow/.local/lib/python3.8/site-packages/airflow/example_dags/example_trigger_target_dag.py
[2025-07-11T09:49:55.804+0000] {processor.py:830} INFO - Processing file /home/airflow/.local/lib/python3.8/site-packages/airflow/example_dags/example_trigger_target_dag.py for tasks to queue
[2025-07-11T09:49:55.807+0000] {logging_mixin.py:188} INFO - [2025-07-11T09:49:55.806+0000] {dagbag.py:538} INFO - Filling up the DagBag from /home/airflow/.local/lib/python3.8/site-packages/airflow/example_dags/example_trigger_target_dag.py
[2025-07-11T09:49:55.816+0000] {processor.py:840} INFO - DAG(s) 'example_trigger_target_dag' retrieved from /home/airflow/.local/lib/python3.8/site-packages/airflow/example_dags/example_trigger_target_dag.py
[2025-07-11T09:49:55.844+0000] {logging_mixin.py:188} INFO - [2025-07-11T09:49:55.843+0000] {dag.py:3036} INFO - Sync 1 DAGs
[2025-07-11T09:49:55.862+0000] {logging_mixin.py:188} INFO - [2025-07-11T09:49:55.861+0000] {dag.py:3823} INFO - Setting next_dagrun for example_trigger_target_dag to None, run_after=None
[2025-07-11T09:49:55.892+0000] {processor.py:183} INFO - Processing /home/airflow/.local/lib/python3.8/site-packages/airflow/example_dags/example_trigger_target_dag.py took 0.096 seconds
[2025-07-11T09:50:26.649+0000] {processor.py:161} INFO - Started process (PID=1786) to work on /home/airflow/.local/lib/python3.8/site-packages/airflow/example_dags/example_trigger_target_dag.py
[2025-07-11T09:50:26.651+0000] {processor.py:830} INFO - Processing file /home/airflow/.local/lib/python3.8/site-packages/airflow/example_dags/example_trigger_target_dag.py for tasks to queue
[2025-07-11T09:50:26.655+0000] {logging_mixin.py:188} INFO - [2025-07-11T09:50:26.654+0000] {dagbag.py:538} INFO - Filling up the DagBag from /home/airflow/.local/lib/python3.8/site-packages/airflow/example_dags/example_trigger_target_dag.py
[2025-07-11T09:50:26.667+0000] {processor.py:840} INFO - DAG(s) 'example_trigger_target_dag' retrieved from /home/airflow/.local/lib/python3.8/site-packages/airflow/example_dags/example_trigger_target_dag.py
[2025-07-11T09:50:26.709+0000] {logging_mixin.py:188} INFO - [2025-07-11T09:50:26.708+0000] {dag.py:3036} INFO - Sync 1 DAGs
[2025-07-11T09:50:26.736+0000] {logging_mixin.py:188} INFO - [2025-07-11T09:50:26.736+0000] {dag.py:3823} INFO - Setting next_dagrun for example_trigger_target_dag to None, run_after=None
[2025-07-11T09:50:26.781+0000] {processor.py:183} INFO - Processing /home/airflow/.local/lib/python3.8/site-packages/airflow/example_dags/example_trigger_target_dag.py took 0.137 seconds
[2025-07-11T09:50:57.629+0000] {processor.py:161} INFO - Started process (PID=1841) to work on /home/airflow/.local/lib/python3.8/site-packages/airflow/example_dags/example_trigger_target_dag.py
[2025-07-11T09:50:57.631+0000] {processor.py:830} INFO - Processing file /home/airflow/.local/lib/python3.8/site-packages/airflow/example_dags/example_trigger_target_dag.py for tasks to queue
[2025-07-11T09:50:57.633+0000] {logging_mixin.py:188} INFO - [2025-07-11T09:50:57.633+0000] {dagbag.py:538} INFO - Filling up the DagBag from /home/airflow/.local/lib/python3.8/site-packages/airflow/example_dags/example_trigger_target_dag.py
[2025-07-11T09:50:57.641+0000] {processor.py:840} INFO - DAG(s) 'example_trigger_target_dag' retrieved from /home/airflow/.local/lib/python3.8/site-packages/airflow/example_dags/example_trigger_target_dag.py
[2025-07-11T09:50:57.669+0000] {logging_mixin.py:188} INFO - [2025-07-11T09:50:57.669+0000] {dag.py:3036} INFO - Sync 1 DAGs
[2025-07-11T09:50:57.693+0000] {logging_mixin.py:188} INFO - [2025-07-11T09:50:57.692+0000] {dag.py:3823} INFO - Setting next_dagrun for example_trigger_target_dag to None, run_after=None
[2025-07-11T09:50:57.724+0000] {processor.py:183} INFO - Processing /home/airflow/.local/lib/python3.8/site-packages/airflow/example_dags/example_trigger_target_dag.py took 0.099 seconds
[2025-07-11T09:51:28.097+0000] {processor.py:161} INFO - Started process (PID=1896) to work on /home/airflow/.local/lib/python3.8/site-packages/airflow/example_dags/example_trigger_target_dag.py
[2025-07-11T09:51:28.098+0000] {processor.py:830} INFO - Processing file /home/airflow/.local/lib/python3.8/site-packages/airflow/example_dags/example_trigger_target_dag.py for tasks to queue
[2025-07-11T09:51:28.100+0000] {logging_mixin.py:188} INFO - [2025-07-11T09:51:28.100+0000] {dagbag.py:538} INFO - Filling up the DagBag from /home/airflow/.local/lib/python3.8/site-packages/airflow/example_dags/example_trigger_target_dag.py
[2025-07-11T09:51:28.108+0000] {processor.py:840} INFO - DAG(s) 'example_trigger_target_dag' retrieved from /home/airflow/.local/lib/python3.8/site-packages/airflow/example_dags/example_trigger_target_dag.py
[2025-07-11T09:51:28.135+0000] {logging_mixin.py:188} INFO - [2025-07-11T09:51:28.135+0000] {dag.py:3036} INFO - Sync 1 DAGs
[2025-07-11T09:51:28.152+0000] {logging_mixin.py:188} INFO - [2025-07-11T09:51:28.152+0000] {dag.py:3823} INFO - Setting next_dagrun for example_trigger_target_dag to None, run_after=None
[2025-07-11T09:51:28.181+0000] {processor.py:183} INFO - Processing /home/airflow/.local/lib/python3.8/site-packages/airflow/example_dags/example_trigger_target_dag.py took 0.089 seconds
[2025-07-11T09:51:58.697+0000] {processor.py:161} INFO - Started process (PID=1951) to work on /home/airflow/.local/lib/python3.8/site-packages/airflow/example_dags/example_trigger_target_dag.py
[2025-07-11T09:51:58.698+0000] {processor.py:830} INFO - Processing file /home/airflow/.local/lib/python3.8/site-packages/airflow/example_dags/example_trigger_target_dag.py for tasks to queue
[2025-07-11T09:51:58.701+0000] {logging_mixin.py:188} INFO - [2025-07-11T09:51:58.700+0000] {dagbag.py:538} INFO - Filling up the DagBag from /home/airflow/.local/lib/python3.8/site-packages/airflow/example_dags/example_trigger_target_dag.py
[2025-07-11T09:51:58.710+0000] {processor.py:840} INFO - DAG(s) 'example_trigger_target_dag' retrieved from /home/airflow/.local/lib/python3.8/site-packages/airflow/example_dags/example_trigger_target_dag.py
[2025-07-11T09:51:58.737+0000] {logging_mixin.py:188} INFO - [2025-07-11T09:51:58.737+0000] {dag.py:3036} INFO - Sync 1 DAGs
[2025-07-11T09:51:58.756+0000] {logging_mixin.py:188} INFO - [2025-07-11T09:51:58.755+0000] {dag.py:3823} INFO - Setting next_dagrun for example_trigger_target_dag to None, run_after=None
[2025-07-11T09:51:58.789+0000] {processor.py:183} INFO - Processing /home/airflow/.local/lib/python3.8/site-packages/airflow/example_dags/example_trigger_target_dag.py took 0.097 seconds
[2025-07-11T09:52:29.483+0000] {processor.py:161} INFO - Started process (PID=2006) to work on /home/airflow/.local/lib/python3.8/site-packages/airflow/example_dags/example_trigger_target_dag.py
[2025-07-11T09:52:29.484+0000] {processor.py:830} INFO - Processing file /home/airflow/.local/lib/python3.8/site-packages/airflow/example_dags/example_trigger_target_dag.py for tasks to queue
[2025-07-11T09:52:29.487+0000] {logging_mixin.py:188} INFO - [2025-07-11T09:52:29.487+0000] {dagbag.py:538} INFO - Filling up the DagBag from /home/airflow/.local/lib/python3.8/site-packages/airflow/example_dags/example_trigger_target_dag.py
[2025-07-11T09:52:29.496+0000] {processor.py:840} INFO - DAG(s) 'example_trigger_target_dag' retrieved from /home/airflow/.local/lib/python3.8/site-packages/airflow/example_dags/example_trigger_target_dag.py
[2025-07-11T09:52:29.530+0000] {logging_mixin.py:188} INFO - [2025-07-11T09:52:29.529+0000] {dag.py:3036} INFO - Sync 1 DAGs
[2025-07-11T09:52:29.553+0000] {logging_mixin.py:188} INFO - [2025-07-11T09:52:29.553+0000] {dag.py:3823} INFO - Setting next_dagrun for example_trigger_target_dag to None, run_after=None
[2025-07-11T09:52:29.589+0000] {processor.py:183} INFO - Processing /home/airflow/.local/lib/python3.8/site-packages/airflow/example_dags/example_trigger_target_dag.py took 0.111 seconds
[2025-07-11T09:52:59.718+0000] {processor.py:161} INFO - Started process (PID=2061) to work on /home/airflow/.local/lib/python3.8/site-packages/airflow/example_dags/example_trigger_target_dag.py
[2025-07-11T09:52:59.720+0000] {processor.py:830} INFO - Processing file /home/airflow/.local/lib/python3.8/site-packages/airflow/example_dags/example_trigger_target_dag.py for tasks to queue
[2025-07-11T09:52:59.723+0000] {logging_mixin.py:188} INFO - [2025-07-11T09:52:59.723+0000] {dagbag.py:538} INFO - Filling up the DagBag from /home/airflow/.local/lib/python3.8/site-packages/airflow/example_dags/example_trigger_target_dag.py
[2025-07-11T09:52:59.753+0000] {processor.py:840} INFO - DAG(s) 'example_trigger_target_dag' retrieved from /home/airflow/.local/lib/python3.8/site-packages/airflow/example_dags/example_trigger_target_dag.py
[2025-07-11T09:52:59.817+0000] {logging_mixin.py:188} INFO - [2025-07-11T09:52:59.816+0000] {dag.py:3036} INFO - Sync 1 DAGs
[2025-07-11T09:52:59.850+0000] {logging_mixin.py:188} INFO - [2025-07-11T09:52:59.849+0000] {dag.py:3823} INFO - Setting next_dagrun for example_trigger_target_dag to None, run_after=None
[2025-07-11T09:52:59.927+0000] {processor.py:183} INFO - Processing /home/airflow/.local/lib/python3.8/site-packages/airflow/example_dags/example_trigger_target_dag.py took 0.223 seconds
[2025-07-11T09:53:30.389+0000] {processor.py:161} INFO - Started process (PID=2116) to work on /home/airflow/.local/lib/python3.8/site-packages/airflow/example_dags/example_trigger_target_dag.py
[2025-07-11T09:53:30.390+0000] {processor.py:830} INFO - Processing file /home/airflow/.local/lib/python3.8/site-packages/airflow/example_dags/example_trigger_target_dag.py for tasks to queue
[2025-07-11T09:53:30.393+0000] {logging_mixin.py:188} INFO - [2025-07-11T09:53:30.392+0000] {dagbag.py:538} INFO - Filling up the DagBag from /home/airflow/.local/lib/python3.8/site-packages/airflow/example_dags/example_trigger_target_dag.py
[2025-07-11T09:53:30.400+0000] {processor.py:840} INFO - DAG(s) 'example_trigger_target_dag' retrieved from /home/airflow/.local/lib/python3.8/site-packages/airflow/example_dags/example_trigger_target_dag.py
[2025-07-11T09:53:30.430+0000] {logging_mixin.py:188} INFO - [2025-07-11T09:53:30.429+0000] {dag.py:3036} INFO - Sync 1 DAGs
[2025-07-11T09:53:30.447+0000] {logging_mixin.py:188} INFO - [2025-07-11T09:53:30.447+0000] {dag.py:3823} INFO - Setting next_dagrun for example_trigger_target_dag to None, run_after=None
[2025-07-11T09:53:30.481+0000] {processor.py:183} INFO - Processing /home/airflow/.local/lib/python3.8/site-packages/airflow/example_dags/example_trigger_target_dag.py took 0.097 seconds
[2025-07-11T09:54:00.859+0000] {processor.py:161} INFO - Started process (PID=2171) to work on /home/airflow/.local/lib/python3.8/site-packages/airflow/example_dags/example_trigger_target_dag.py
[2025-07-11T09:54:00.861+0000] {processor.py:830} INFO - Processing file /home/airflow/.local/lib/python3.8/site-packages/airflow/example_dags/example_trigger_target_dag.py for tasks to queue
[2025-07-11T09:54:00.864+0000] {logging_mixin.py:188} INFO - [2025-07-11T09:54:00.863+0000] {dagbag.py:538} INFO - Filling up the DagBag from /home/airflow/.local/lib/python3.8/site-packages/airflow/example_dags/example_trigger_target_dag.py
[2025-07-11T09:54:00.874+0000] {processor.py:840} INFO - DAG(s) 'example_trigger_target_dag' retrieved from /home/airflow/.local/lib/python3.8/site-packages/airflow/example_dags/example_trigger_target_dag.py
[2025-07-11T09:54:00.906+0000] {logging_mixin.py:188} INFO - [2025-07-11T09:54:00.906+0000] {dag.py:3036} INFO - Sync 1 DAGs
[2025-07-11T09:54:00.925+0000] {logging_mixin.py:188} INFO - [2025-07-11T09:54:00.924+0000] {dag.py:3823} INFO - Setting next_dagrun for example_trigger_target_dag to None, run_after=None
[2025-07-11T09:54:00.956+0000] {processor.py:183} INFO - Processing /home/airflow/.local/lib/python3.8/site-packages/airflow/example_dags/example_trigger_target_dag.py took 0.103 seconds
[2025-07-11T09:54:31.416+0000] {processor.py:161} INFO - Started process (PID=2226) to work on /home/airflow/.local/lib/python3.8/site-packages/airflow/example_dags/example_trigger_target_dag.py
[2025-07-11T09:54:31.418+0000] {processor.py:830} INFO - Processing file /home/airflow/.local/lib/python3.8/site-packages/airflow/example_dags/example_trigger_target_dag.py for tasks to queue
[2025-07-11T09:54:31.421+0000] {logging_mixin.py:188} INFO - [2025-07-11T09:54:31.420+0000] {dagbag.py:538} INFO - Filling up the DagBag from /home/airflow/.local/lib/python3.8/site-packages/airflow/example_dags/example_trigger_target_dag.py
[2025-07-11T09:54:31.429+0000] {processor.py:840} INFO - DAG(s) 'example_trigger_target_dag' retrieved from /home/airflow/.local/lib/python3.8/site-packages/airflow/example_dags/example_trigger_target_dag.py
[2025-07-11T09:54:31.459+0000] {logging_mixin.py:188} INFO - [2025-07-11T09:54:31.459+0000] {dag.py:3036} INFO - Sync 1 DAGs
[2025-07-11T09:54:31.478+0000] {logging_mixin.py:188} INFO - [2025-07-11T09:54:31.477+0000] {dag.py:3823} INFO - Setting next_dagrun for example_trigger_target_dag to None, run_after=None
[2025-07-11T09:54:31.513+0000] {processor.py:183} INFO - Processing /home/airflow/.local/lib/python3.8/site-packages/airflow/example_dags/example_trigger_target_dag.py took 0.101 seconds
