[2025-07-11T09:25:00.782+0000] {processor.py:161} INFO - Started process (PID=115) to work on /home/airflow/.local/lib/python3.8/site-packages/airflow/example_dags/example_latest_only_with_trigger.py
[2025-07-11T09:25:00.783+0000] {processor.py:830} INFO - Processing file /home/airflow/.local/lib/python3.8/site-packages/airflow/example_dags/example_latest_only_with_trigger.py for tasks to queue
[2025-07-11T09:25:00.787+0000] {logging_mixin.py:188} INFO - [2025-07-11T09:25:00.786+0000] {dagbag.py:538} INFO - Filling up the DagBag from /home/airflow/.local/lib/python3.8/site-packages/airflow/example_dags/example_latest_only_with_trigger.py
[2025-07-11T09:25:00.796+0000] {processor.py:840} INFO - DAG(s) 'latest_only_with_trigger' retrieved from /home/airflow/.local/lib/python3.8/site-packages/airflow/example_dags/example_latest_only_with_trigger.py
[2025-07-11T09:25:00.967+0000] {logging_mixin.py:188} INFO - [2025-07-11T09:25:00.966+0000] {override.py:1769} INFO - Created Permission View: can edit on DAG:latest_only_with_trigger
[2025-07-11T09:25:00.989+0000] {logging_mixin.py:188} INFO - [2025-07-11T09:25:00.988+0000] {override.py:1769} INFO - Created Permission View: can delete on DAG:latest_only_with_trigger
[2025-07-11T09:25:01.009+0000] {logging_mixin.py:188} INFO - [2025-07-11T09:25:01.008+0000] {override.py:1769} INFO - Created Permission View: can read on DAG:latest_only_with_trigger
[2025-07-11T09:25:01.010+0000] {logging_mixin.py:188} INFO - [2025-07-11T09:25:01.009+0000] {dag.py:3036} INFO - Sync 1 DAGs
[2025-07-11T09:25:01.032+0000] {logging_mixin.py:188} INFO - [2025-07-11T09:25:01.032+0000] {dag.py:3058} INFO - Creating ORM DAG for latest_only_with_trigger
[2025-07-11T09:25:01.051+0000] {logging_mixin.py:188} INFO - [2025-07-11T09:25:01.050+0000] {dag.py:3823} INFO - Setting next_dagrun for latest_only_with_trigger to 2025-07-11 04:00:00+00:00, run_after=2025-07-11 08:00:00+00:00
[2025-07-11T09:25:01.087+0000] {processor.py:183} INFO - Processing /home/airflow/.local/lib/python3.8/site-packages/airflow/example_dags/example_latest_only_with_trigger.py took 0.310 seconds
[2025-07-11T09:25:31.663+0000] {processor.py:161} INFO - Started process (PID=170) to work on /home/airflow/.local/lib/python3.8/site-packages/airflow/example_dags/example_latest_only_with_trigger.py
[2025-07-11T09:25:31.665+0000] {processor.py:830} INFO - Processing file /home/airflow/.local/lib/python3.8/site-packages/airflow/example_dags/example_latest_only_with_trigger.py for tasks to queue
[2025-07-11T09:25:31.668+0000] {logging_mixin.py:188} INFO - [2025-07-11T09:25:31.668+0000] {dagbag.py:538} INFO - Filling up the DagBag from /home/airflow/.local/lib/python3.8/site-packages/airflow/example_dags/example_latest_only_with_trigger.py
[2025-07-11T09:25:31.679+0000] {processor.py:840} INFO - DAG(s) 'latest_only_with_trigger' retrieved from /home/airflow/.local/lib/python3.8/site-packages/airflow/example_dags/example_latest_only_with_trigger.py
[2025-07-11T09:25:31.719+0000] {logging_mixin.py:188} INFO - [2025-07-11T09:25:31.719+0000] {dag.py:3036} INFO - Sync 1 DAGs
[2025-07-11T09:25:31.757+0000] {logging_mixin.py:188} INFO - [2025-07-11T09:25:31.757+0000] {dag.py:3823} INFO - Setting next_dagrun for latest_only_with_trigger to 2025-07-11 04:00:00+00:00, run_after=2025-07-11 08:00:00+00:00
[2025-07-11T09:25:31.798+0000] {processor.py:183} INFO - Processing /home/airflow/.local/lib/python3.8/site-packages/airflow/example_dags/example_latest_only_with_trigger.py took 0.140 seconds
[2025-07-11T09:26:01.837+0000] {processor.py:161} INFO - Started process (PID=225) to work on /home/airflow/.local/lib/python3.8/site-packages/airflow/example_dags/example_latest_only_with_trigger.py
[2025-07-11T09:26:01.839+0000] {processor.py:830} INFO - Processing file /home/airflow/.local/lib/python3.8/site-packages/airflow/example_dags/example_latest_only_with_trigger.py for tasks to queue
[2025-07-11T09:26:01.842+0000] {logging_mixin.py:188} INFO - [2025-07-11T09:26:01.841+0000] {dagbag.py:538} INFO - Filling up the DagBag from /home/airflow/.local/lib/python3.8/site-packages/airflow/example_dags/example_latest_only_with_trigger.py
[2025-07-11T09:26:01.851+0000] {processor.py:840} INFO - DAG(s) 'latest_only_with_trigger' retrieved from /home/airflow/.local/lib/python3.8/site-packages/airflow/example_dags/example_latest_only_with_trigger.py
[2025-07-11T09:26:01.884+0000] {logging_mixin.py:188} INFO - [2025-07-11T09:26:01.884+0000] {dag.py:3036} INFO - Sync 1 DAGs
[2025-07-11T09:26:01.922+0000] {logging_mixin.py:188} INFO - [2025-07-11T09:26:01.922+0000] {dag.py:3823} INFO - Setting next_dagrun for latest_only_with_trigger to 2025-07-11 04:00:00+00:00, run_after=2025-07-11 08:00:00+00:00
[2025-07-11T09:26:01.955+0000] {processor.py:183} INFO - Processing /home/airflow/.local/lib/python3.8/site-packages/airflow/example_dags/example_latest_only_with_trigger.py took 0.125 seconds
[2025-07-11T09:26:32.302+0000] {processor.py:161} INFO - Started process (PID=280) to work on /home/airflow/.local/lib/python3.8/site-packages/airflow/example_dags/example_latest_only_with_trigger.py
[2025-07-11T09:26:32.304+0000] {processor.py:830} INFO - Processing file /home/airflow/.local/lib/python3.8/site-packages/airflow/example_dags/example_latest_only_with_trigger.py for tasks to queue
[2025-07-11T09:26:32.307+0000] {logging_mixin.py:188} INFO - [2025-07-11T09:26:32.306+0000] {dagbag.py:538} INFO - Filling up the DagBag from /home/airflow/.local/lib/python3.8/site-packages/airflow/example_dags/example_latest_only_with_trigger.py
[2025-07-11T09:26:32.317+0000] {processor.py:840} INFO - DAG(s) 'latest_only_with_trigger' retrieved from /home/airflow/.local/lib/python3.8/site-packages/airflow/example_dags/example_latest_only_with_trigger.py
[2025-07-11T09:26:32.357+0000] {logging_mixin.py:188} INFO - [2025-07-11T09:26:32.357+0000] {dag.py:3036} INFO - Sync 1 DAGs
[2025-07-11T09:26:32.399+0000] {logging_mixin.py:188} INFO - [2025-07-11T09:26:32.398+0000] {dag.py:3823} INFO - Setting next_dagrun for latest_only_with_trigger to 2025-07-11 04:00:00+00:00, run_after=2025-07-11 08:00:00+00:00
[2025-07-11T09:26:32.435+0000] {processor.py:183} INFO - Processing /home/airflow/.local/lib/python3.8/site-packages/airflow/example_dags/example_latest_only_with_trigger.py took 0.139 seconds
[2025-07-11T09:27:02.669+0000] {processor.py:161} INFO - Started process (PID=335) to work on /home/airflow/.local/lib/python3.8/site-packages/airflow/example_dags/example_latest_only_with_trigger.py
[2025-07-11T09:27:02.670+0000] {processor.py:830} INFO - Processing file /home/airflow/.local/lib/python3.8/site-packages/airflow/example_dags/example_latest_only_with_trigger.py for tasks to queue
[2025-07-11T09:27:02.673+0000] {logging_mixin.py:188} INFO - [2025-07-11T09:27:02.673+0000] {dagbag.py:538} INFO - Filling up the DagBag from /home/airflow/.local/lib/python3.8/site-packages/airflow/example_dags/example_latest_only_with_trigger.py
[2025-07-11T09:27:02.684+0000] {processor.py:840} INFO - DAG(s) 'latest_only_with_trigger' retrieved from /home/airflow/.local/lib/python3.8/site-packages/airflow/example_dags/example_latest_only_with_trigger.py
[2025-07-11T09:27:02.717+0000] {logging_mixin.py:188} INFO - [2025-07-11T09:27:02.717+0000] {dag.py:3036} INFO - Sync 1 DAGs
[2025-07-11T09:27:02.748+0000] {logging_mixin.py:188} INFO - [2025-07-11T09:27:02.748+0000] {dag.py:3823} INFO - Setting next_dagrun for latest_only_with_trigger to 2025-07-11 04:00:00+00:00, run_after=2025-07-11 08:00:00+00:00
[2025-07-11T09:27:02.778+0000] {processor.py:183} INFO - Processing /home/airflow/.local/lib/python3.8/site-packages/airflow/example_dags/example_latest_only_with_trigger.py took 0.114 seconds
[2025-07-11T09:28:27.946+0000] {processor.py:161} INFO - Started process (PID=116) to work on /home/airflow/.local/lib/python3.8/site-packages/airflow/example_dags/example_latest_only_with_trigger.py
[2025-07-11T09:28:27.949+0000] {processor.py:830} INFO - Processing file /home/airflow/.local/lib/python3.8/site-packages/airflow/example_dags/example_latest_only_with_trigger.py for tasks to queue
[2025-07-11T09:28:27.953+0000] {logging_mixin.py:188} INFO - [2025-07-11T09:28:27.953+0000] {dagbag.py:538} INFO - Filling up the DagBag from /home/airflow/.local/lib/python3.8/site-packages/airflow/example_dags/example_latest_only_with_trigger.py
[2025-07-11T09:28:27.964+0000] {processor.py:840} INFO - DAG(s) 'latest_only_with_trigger' retrieved from /home/airflow/.local/lib/python3.8/site-packages/airflow/example_dags/example_latest_only_with_trigger.py
[2025-07-11T09:28:28.459+0000] {logging_mixin.py:188} INFO - [2025-07-11T09:28:28.458+0000] {override.py:1769} INFO - Created Permission View: can read on DAG:latest_only_with_trigger
[2025-07-11T09:28:28.501+0000] {logging_mixin.py:188} INFO - [2025-07-11T09:28:28.500+0000] {override.py:1769} INFO - Created Permission View: can delete on DAG:latest_only_with_trigger
[2025-07-11T09:28:28.537+0000] {logging_mixin.py:188} INFO - [2025-07-11T09:28:28.537+0000] {override.py:1769} INFO - Created Permission View: can edit on DAG:latest_only_with_trigger
[2025-07-11T09:28:28.538+0000] {logging_mixin.py:188} INFO - [2025-07-11T09:28:28.538+0000] {dag.py:3036} INFO - Sync 1 DAGs
[2025-07-11T09:28:28.556+0000] {logging_mixin.py:188} INFO - [2025-07-11T09:28:28.556+0000] {dag.py:3058} INFO - Creating ORM DAG for latest_only_with_trigger
[2025-07-11T09:28:28.572+0000] {logging_mixin.py:188} INFO - [2025-07-11T09:28:28.572+0000] {dag.py:3823} INFO - Setting next_dagrun for latest_only_with_trigger to 2025-07-11 04:00:00+00:00, run_after=2025-07-11 08:00:00+00:00
[2025-07-11T09:28:28.600+0000] {processor.py:183} INFO - Processing /home/airflow/.local/lib/python3.8/site-packages/airflow/example_dags/example_latest_only_with_trigger.py took 0.659 seconds
[2025-07-11T09:28:59.237+0000] {processor.py:161} INFO - Started process (PID=171) to work on /home/airflow/.local/lib/python3.8/site-packages/airflow/example_dags/example_latest_only_with_trigger.py
[2025-07-11T09:28:59.239+0000] {processor.py:830} INFO - Processing file /home/airflow/.local/lib/python3.8/site-packages/airflow/example_dags/example_latest_only_with_trigger.py for tasks to queue
[2025-07-11T09:28:59.245+0000] {logging_mixin.py:188} INFO - [2025-07-11T09:28:59.244+0000] {dagbag.py:538} INFO - Filling up the DagBag from /home/airflow/.local/lib/python3.8/site-packages/airflow/example_dags/example_latest_only_with_trigger.py
[2025-07-11T09:28:59.262+0000] {processor.py:840} INFO - DAG(s) 'latest_only_with_trigger' retrieved from /home/airflow/.local/lib/python3.8/site-packages/airflow/example_dags/example_latest_only_with_trigger.py
[2025-07-11T09:28:59.332+0000] {logging_mixin.py:188} INFO - [2025-07-11T09:28:59.332+0000] {dag.py:3036} INFO - Sync 1 DAGs
[2025-07-11T09:28:59.399+0000] {logging_mixin.py:188} INFO - [2025-07-11T09:28:59.399+0000] {dag.py:3823} INFO - Setting next_dagrun for latest_only_with_trigger to 2025-07-11 04:00:00+00:00, run_after=2025-07-11 08:00:00+00:00
[2025-07-11T09:28:59.441+0000] {processor.py:183} INFO - Processing /home/airflow/.local/lib/python3.8/site-packages/airflow/example_dags/example_latest_only_with_trigger.py took 0.209 seconds
[2025-07-11T09:29:29.602+0000] {processor.py:161} INFO - Started process (PID=226) to work on /home/airflow/.local/lib/python3.8/site-packages/airflow/example_dags/example_latest_only_with_trigger.py
[2025-07-11T09:29:29.603+0000] {processor.py:830} INFO - Processing file /home/airflow/.local/lib/python3.8/site-packages/airflow/example_dags/example_latest_only_with_trigger.py for tasks to queue
[2025-07-11T09:29:29.606+0000] {logging_mixin.py:188} INFO - [2025-07-11T09:29:29.605+0000] {dagbag.py:538} INFO - Filling up the DagBag from /home/airflow/.local/lib/python3.8/site-packages/airflow/example_dags/example_latest_only_with_trigger.py
[2025-07-11T09:29:29.613+0000] {processor.py:840} INFO - DAG(s) 'latest_only_with_trigger' retrieved from /home/airflow/.local/lib/python3.8/site-packages/airflow/example_dags/example_latest_only_with_trigger.py
[2025-07-11T09:29:29.641+0000] {logging_mixin.py:188} INFO - [2025-07-11T09:29:29.641+0000] {dag.py:3036} INFO - Sync 1 DAGs
[2025-07-11T09:29:29.671+0000] {logging_mixin.py:188} INFO - [2025-07-11T09:29:29.671+0000] {dag.py:3823} INFO - Setting next_dagrun for latest_only_with_trigger to 2025-07-11 04:00:00+00:00, run_after=2025-07-11 08:00:00+00:00
[2025-07-11T09:29:29.701+0000] {processor.py:183} INFO - Processing /home/airflow/.local/lib/python3.8/site-packages/airflow/example_dags/example_latest_only_with_trigger.py took 0.105 seconds
[2025-07-11T09:29:59.759+0000] {processor.py:161} INFO - Started process (PID=281) to work on /home/airflow/.local/lib/python3.8/site-packages/airflow/example_dags/example_latest_only_with_trigger.py
[2025-07-11T09:29:59.761+0000] {processor.py:830} INFO - Processing file /home/airflow/.local/lib/python3.8/site-packages/airflow/example_dags/example_latest_only_with_trigger.py for tasks to queue
[2025-07-11T09:29:59.763+0000] {logging_mixin.py:188} INFO - [2025-07-11T09:29:59.763+0000] {dagbag.py:538} INFO - Filling up the DagBag from /home/airflow/.local/lib/python3.8/site-packages/airflow/example_dags/example_latest_only_with_trigger.py
[2025-07-11T09:29:59.771+0000] {processor.py:840} INFO - DAG(s) 'latest_only_with_trigger' retrieved from /home/airflow/.local/lib/python3.8/site-packages/airflow/example_dags/example_latest_only_with_trigger.py
[2025-07-11T09:29:59.800+0000] {logging_mixin.py:188} INFO - [2025-07-11T09:29:59.800+0000] {dag.py:3036} INFO - Sync 1 DAGs
[2025-07-11T09:29:59.831+0000] {logging_mixin.py:188} INFO - [2025-07-11T09:29:59.831+0000] {dag.py:3823} INFO - Setting next_dagrun for latest_only_with_trigger to 2025-07-11 04:00:00+00:00, run_after=2025-07-11 08:00:00+00:00
[2025-07-11T09:29:59.865+0000] {processor.py:183} INFO - Processing /home/airflow/.local/lib/python3.8/site-packages/airflow/example_dags/example_latest_only_with_trigger.py took 0.110 seconds
[2025-07-11T09:30:30.684+0000] {processor.py:161} INFO - Started process (PID=336) to work on /home/airflow/.local/lib/python3.8/site-packages/airflow/example_dags/example_latest_only_with_trigger.py
[2025-07-11T09:30:30.687+0000] {processor.py:830} INFO - Processing file /home/airflow/.local/lib/python3.8/site-packages/airflow/example_dags/example_latest_only_with_trigger.py for tasks to queue
[2025-07-11T09:30:30.690+0000] {logging_mixin.py:188} INFO - [2025-07-11T09:30:30.689+0000] {dagbag.py:538} INFO - Filling up the DagBag from /home/airflow/.local/lib/python3.8/site-packages/airflow/example_dags/example_latest_only_with_trigger.py
[2025-07-11T09:30:30.700+0000] {processor.py:840} INFO - DAG(s) 'latest_only_with_trigger' retrieved from /home/airflow/.local/lib/python3.8/site-packages/airflow/example_dags/example_latest_only_with_trigger.py
[2025-07-11T09:30:30.733+0000] {logging_mixin.py:188} INFO - [2025-07-11T09:30:30.733+0000] {dag.py:3036} INFO - Sync 1 DAGs
[2025-07-11T09:30:30.769+0000] {logging_mixin.py:188} INFO - [2025-07-11T09:30:30.769+0000] {dag.py:3823} INFO - Setting next_dagrun for latest_only_with_trigger to 2025-07-11 04:00:00+00:00, run_after=2025-07-11 08:00:00+00:00
[2025-07-11T09:30:30.801+0000] {processor.py:183} INFO - Processing /home/airflow/.local/lib/python3.8/site-packages/airflow/example_dags/example_latest_only_with_trigger.py took 0.121 seconds
[2025-07-11T09:31:01.280+0000] {processor.py:161} INFO - Started process (PID=391) to work on /home/airflow/.local/lib/python3.8/site-packages/airflow/example_dags/example_latest_only_with_trigger.py
[2025-07-11T09:31:01.282+0000] {processor.py:830} INFO - Processing file /home/airflow/.local/lib/python3.8/site-packages/airflow/example_dags/example_latest_only_with_trigger.py for tasks to queue
[2025-07-11T09:31:01.285+0000] {logging_mixin.py:188} INFO - [2025-07-11T09:31:01.284+0000] {dagbag.py:538} INFO - Filling up the DagBag from /home/airflow/.local/lib/python3.8/site-packages/airflow/example_dags/example_latest_only_with_trigger.py
[2025-07-11T09:31:01.292+0000] {processor.py:840} INFO - DAG(s) 'latest_only_with_trigger' retrieved from /home/airflow/.local/lib/python3.8/site-packages/airflow/example_dags/example_latest_only_with_trigger.py
[2025-07-11T09:31:01.322+0000] {logging_mixin.py:188} INFO - [2025-07-11T09:31:01.322+0000] {dag.py:3036} INFO - Sync 1 DAGs
[2025-07-11T09:31:01.352+0000] {logging_mixin.py:188} INFO - [2025-07-11T09:31:01.352+0000] {dag.py:3823} INFO - Setting next_dagrun for latest_only_with_trigger to 2025-07-11 04:00:00+00:00, run_after=2025-07-11 08:00:00+00:00
[2025-07-11T09:31:01.382+0000] {processor.py:183} INFO - Processing /home/airflow/.local/lib/python3.8/site-packages/airflow/example_dags/example_latest_only_with_trigger.py took 0.107 seconds
[2025-07-11T09:31:31.642+0000] {processor.py:161} INFO - Started process (PID=446) to work on /home/airflow/.local/lib/python3.8/site-packages/airflow/example_dags/example_latest_only_with_trigger.py
[2025-07-11T09:31:31.644+0000] {processor.py:830} INFO - Processing file /home/airflow/.local/lib/python3.8/site-packages/airflow/example_dags/example_latest_only_with_trigger.py for tasks to queue
[2025-07-11T09:31:31.646+0000] {logging_mixin.py:188} INFO - [2025-07-11T09:31:31.646+0000] {dagbag.py:538} INFO - Filling up the DagBag from /home/airflow/.local/lib/python3.8/site-packages/airflow/example_dags/example_latest_only_with_trigger.py
[2025-07-11T09:31:31.653+0000] {processor.py:840} INFO - DAG(s) 'latest_only_with_trigger' retrieved from /home/airflow/.local/lib/python3.8/site-packages/airflow/example_dags/example_latest_only_with_trigger.py
[2025-07-11T09:31:31.682+0000] {logging_mixin.py:188} INFO - [2025-07-11T09:31:31.681+0000] {dag.py:3036} INFO - Sync 1 DAGs
[2025-07-11T09:31:31.718+0000] {logging_mixin.py:188} INFO - [2025-07-11T09:31:31.718+0000] {dag.py:3823} INFO - Setting next_dagrun for latest_only_with_trigger to 2025-07-11 04:00:00+00:00, run_after=2025-07-11 08:00:00+00:00
[2025-07-11T09:31:31.754+0000] {processor.py:183} INFO - Processing /home/airflow/.local/lib/python3.8/site-packages/airflow/example_dags/example_latest_only_with_trigger.py took 0.116 seconds
[2025-07-11T09:32:01.810+0000] {processor.py:161} INFO - Started process (PID=501) to work on /home/airflow/.local/lib/python3.8/site-packages/airflow/example_dags/example_latest_only_with_trigger.py
[2025-07-11T09:32:01.812+0000] {processor.py:830} INFO - Processing file /home/airflow/.local/lib/python3.8/site-packages/airflow/example_dags/example_latest_only_with_trigger.py for tasks to queue
[2025-07-11T09:32:01.814+0000] {logging_mixin.py:188} INFO - [2025-07-11T09:32:01.814+0000] {dagbag.py:538} INFO - Filling up the DagBag from /home/airflow/.local/lib/python3.8/site-packages/airflow/example_dags/example_latest_only_with_trigger.py
[2025-07-11T09:32:01.821+0000] {processor.py:840} INFO - DAG(s) 'latest_only_with_trigger' retrieved from /home/airflow/.local/lib/python3.8/site-packages/airflow/example_dags/example_latest_only_with_trigger.py
[2025-07-11T09:32:01.851+0000] {logging_mixin.py:188} INFO - [2025-07-11T09:32:01.851+0000] {dag.py:3036} INFO - Sync 1 DAGs
[2025-07-11T09:32:01.887+0000] {logging_mixin.py:188} INFO - [2025-07-11T09:32:01.886+0000] {dag.py:3823} INFO - Setting next_dagrun for latest_only_with_trigger to 2025-07-11 04:00:00+00:00, run_after=2025-07-11 08:00:00+00:00
[2025-07-11T09:32:01.918+0000] {processor.py:183} INFO - Processing /home/airflow/.local/lib/python3.8/site-packages/airflow/example_dags/example_latest_only_with_trigger.py took 0.112 seconds
[2025-07-11T09:32:32.295+0000] {processor.py:161} INFO - Started process (PID=556) to work on /home/airflow/.local/lib/python3.8/site-packages/airflow/example_dags/example_latest_only_with_trigger.py
[2025-07-11T09:32:32.297+0000] {processor.py:830} INFO - Processing file /home/airflow/.local/lib/python3.8/site-packages/airflow/example_dags/example_latest_only_with_trigger.py for tasks to queue
[2025-07-11T09:32:32.300+0000] {logging_mixin.py:188} INFO - [2025-07-11T09:32:32.300+0000] {dagbag.py:538} INFO - Filling up the DagBag from /home/airflow/.local/lib/python3.8/site-packages/airflow/example_dags/example_latest_only_with_trigger.py
[2025-07-11T09:32:32.307+0000] {processor.py:840} INFO - DAG(s) 'latest_only_with_trigger' retrieved from /home/airflow/.local/lib/python3.8/site-packages/airflow/example_dags/example_latest_only_with_trigger.py
[2025-07-11T09:32:32.338+0000] {logging_mixin.py:188} INFO - [2025-07-11T09:32:32.337+0000] {dag.py:3036} INFO - Sync 1 DAGs
[2025-07-11T09:32:32.369+0000] {logging_mixin.py:188} INFO - [2025-07-11T09:32:32.369+0000] {dag.py:3823} INFO - Setting next_dagrun for latest_only_with_trigger to 2025-07-11 04:00:00+00:00, run_after=2025-07-11 08:00:00+00:00
[2025-07-11T09:32:32.402+0000] {processor.py:183} INFO - Processing /home/airflow/.local/lib/python3.8/site-packages/airflow/example_dags/example_latest_only_with_trigger.py took 0.113 seconds
[2025-07-11T09:33:02.747+0000] {processor.py:161} INFO - Started process (PID=611) to work on /home/airflow/.local/lib/python3.8/site-packages/airflow/example_dags/example_latest_only_with_trigger.py
[2025-07-11T09:33:02.748+0000] {processor.py:830} INFO - Processing file /home/airflow/.local/lib/python3.8/site-packages/airflow/example_dags/example_latest_only_with_trigger.py for tasks to queue
[2025-07-11T09:33:02.751+0000] {logging_mixin.py:188} INFO - [2025-07-11T09:33:02.750+0000] {dagbag.py:538} INFO - Filling up the DagBag from /home/airflow/.local/lib/python3.8/site-packages/airflow/example_dags/example_latest_only_with_trigger.py
[2025-07-11T09:33:02.759+0000] {processor.py:840} INFO - DAG(s) 'latest_only_with_trigger' retrieved from /home/airflow/.local/lib/python3.8/site-packages/airflow/example_dags/example_latest_only_with_trigger.py
[2025-07-11T09:33:02.790+0000] {logging_mixin.py:188} INFO - [2025-07-11T09:33:02.790+0000] {dag.py:3036} INFO - Sync 1 DAGs
[2025-07-11T09:33:02.825+0000] {logging_mixin.py:188} INFO - [2025-07-11T09:33:02.825+0000] {dag.py:3823} INFO - Setting next_dagrun for latest_only_with_trigger to 2025-07-11 04:00:00+00:00, run_after=2025-07-11 08:00:00+00:00
[2025-07-11T09:33:02.859+0000] {processor.py:183} INFO - Processing /home/airflow/.local/lib/python3.8/site-packages/airflow/example_dags/example_latest_only_with_trigger.py took 0.117 seconds
[2025-07-11T09:33:33.083+0000] {processor.py:161} INFO - Started process (PID=666) to work on /home/airflow/.local/lib/python3.8/site-packages/airflow/example_dags/example_latest_only_with_trigger.py
[2025-07-11T09:33:33.085+0000] {processor.py:830} INFO - Processing file /home/airflow/.local/lib/python3.8/site-packages/airflow/example_dags/example_latest_only_with_trigger.py for tasks to queue
[2025-07-11T09:33:33.087+0000] {logging_mixin.py:188} INFO - [2025-07-11T09:33:33.087+0000] {dagbag.py:538} INFO - Filling up the DagBag from /home/airflow/.local/lib/python3.8/site-packages/airflow/example_dags/example_latest_only_with_trigger.py
[2025-07-11T09:33:33.095+0000] {processor.py:840} INFO - DAG(s) 'latest_only_with_trigger' retrieved from /home/airflow/.local/lib/python3.8/site-packages/airflow/example_dags/example_latest_only_with_trigger.py
[2025-07-11T09:33:33.127+0000] {logging_mixin.py:188} INFO - [2025-07-11T09:33:33.127+0000] {dag.py:3036} INFO - Sync 1 DAGs
[2025-07-11T09:33:33.163+0000] {logging_mixin.py:188} INFO - [2025-07-11T09:33:33.162+0000] {dag.py:3823} INFO - Setting next_dagrun for latest_only_with_trigger to 2025-07-11 04:00:00+00:00, run_after=2025-07-11 08:00:00+00:00
[2025-07-11T09:33:33.193+0000] {processor.py:183} INFO - Processing /home/airflow/.local/lib/python3.8/site-packages/airflow/example_dags/example_latest_only_with_trigger.py took 0.114 seconds
[2025-07-11T09:34:49.953+0000] {processor.py:161} INFO - Started process (PID=117) to work on /home/airflow/.local/lib/python3.8/site-packages/airflow/example_dags/example_latest_only_with_trigger.py
[2025-07-11T09:34:49.954+0000] {processor.py:830} INFO - Processing file /home/airflow/.local/lib/python3.8/site-packages/airflow/example_dags/example_latest_only_with_trigger.py for tasks to queue
[2025-07-11T09:34:49.957+0000] {logging_mixin.py:188} INFO - [2025-07-11T09:34:49.956+0000] {dagbag.py:538} INFO - Filling up the DagBag from /home/airflow/.local/lib/python3.8/site-packages/airflow/example_dags/example_latest_only_with_trigger.py
[2025-07-11T09:34:49.967+0000] {processor.py:840} INFO - DAG(s) 'latest_only_with_trigger' retrieved from /home/airflow/.local/lib/python3.8/site-packages/airflow/example_dags/example_latest_only_with_trigger.py
[2025-07-11T09:34:50.113+0000] {logging_mixin.py:188} INFO - [2025-07-11T09:34:50.112+0000] {override.py:1769} INFO - Created Permission View: can edit on DAG:latest_only_with_trigger
[2025-07-11T09:34:50.130+0000] {logging_mixin.py:188} INFO - [2025-07-11T09:34:50.129+0000] {override.py:1769} INFO - Created Permission View: can delete on DAG:latest_only_with_trigger
[2025-07-11T09:34:50.143+0000] {logging_mixin.py:188} INFO - [2025-07-11T09:34:50.143+0000] {override.py:1769} INFO - Created Permission View: can read on DAG:latest_only_with_trigger
[2025-07-11T09:34:50.144+0000] {logging_mixin.py:188} INFO - [2025-07-11T09:34:50.144+0000] {dag.py:3036} INFO - Sync 1 DAGs
[2025-07-11T09:34:50.162+0000] {logging_mixin.py:188} INFO - [2025-07-11T09:34:50.161+0000] {dag.py:3058} INFO - Creating ORM DAG for latest_only_with_trigger
[2025-07-11T09:34:50.178+0000] {logging_mixin.py:188} INFO - [2025-07-11T09:34:50.178+0000] {dag.py:3823} INFO - Setting next_dagrun for latest_only_with_trigger to 2025-07-11 04:00:00+00:00, run_after=2025-07-11 08:00:00+00:00
[2025-07-11T09:34:50.210+0000] {processor.py:183} INFO - Processing /home/airflow/.local/lib/python3.8/site-packages/airflow/example_dags/example_latest_only_with_trigger.py took 0.262 seconds
[2025-07-11T09:35:20.313+0000] {processor.py:161} INFO - Started process (PID=172) to work on /home/airflow/.local/lib/python3.8/site-packages/airflow/example_dags/example_latest_only_with_trigger.py
[2025-07-11T09:35:20.315+0000] {processor.py:830} INFO - Processing file /home/airflow/.local/lib/python3.8/site-packages/airflow/example_dags/example_latest_only_with_trigger.py for tasks to queue
[2025-07-11T09:35:20.317+0000] {logging_mixin.py:188} INFO - [2025-07-11T09:35:20.317+0000] {dagbag.py:538} INFO - Filling up the DagBag from /home/airflow/.local/lib/python3.8/site-packages/airflow/example_dags/example_latest_only_with_trigger.py
[2025-07-11T09:35:20.325+0000] {processor.py:840} INFO - DAG(s) 'latest_only_with_trigger' retrieved from /home/airflow/.local/lib/python3.8/site-packages/airflow/example_dags/example_latest_only_with_trigger.py
[2025-07-11T09:35:20.358+0000] {logging_mixin.py:188} INFO - [2025-07-11T09:35:20.357+0000] {dag.py:3036} INFO - Sync 1 DAGs
[2025-07-11T09:35:20.396+0000] {logging_mixin.py:188} INFO - [2025-07-11T09:35:20.395+0000] {dag.py:3823} INFO - Setting next_dagrun for latest_only_with_trigger to 2025-07-11 04:00:00+00:00, run_after=2025-07-11 08:00:00+00:00
[2025-07-11T09:35:20.430+0000] {processor.py:183} INFO - Processing /home/airflow/.local/lib/python3.8/site-packages/airflow/example_dags/example_latest_only_with_trigger.py took 0.121 seconds
[2025-07-11T09:35:50.520+0000] {processor.py:161} INFO - Started process (PID=227) to work on /home/airflow/.local/lib/python3.8/site-packages/airflow/example_dags/example_latest_only_with_trigger.py
[2025-07-11T09:35:50.522+0000] {processor.py:830} INFO - Processing file /home/airflow/.local/lib/python3.8/site-packages/airflow/example_dags/example_latest_only_with_trigger.py for tasks to queue
[2025-07-11T09:35:50.525+0000] {logging_mixin.py:188} INFO - [2025-07-11T09:35:50.524+0000] {dagbag.py:538} INFO - Filling up the DagBag from /home/airflow/.local/lib/python3.8/site-packages/airflow/example_dags/example_latest_only_with_trigger.py
[2025-07-11T09:35:50.532+0000] {processor.py:840} INFO - DAG(s) 'latest_only_with_trigger' retrieved from /home/airflow/.local/lib/python3.8/site-packages/airflow/example_dags/example_latest_only_with_trigger.py
[2025-07-11T09:35:50.560+0000] {logging_mixin.py:188} INFO - [2025-07-11T09:35:50.560+0000] {dag.py:3036} INFO - Sync 1 DAGs
[2025-07-11T09:35:50.592+0000] {logging_mixin.py:188} INFO - [2025-07-11T09:35:50.592+0000] {dag.py:3823} INFO - Setting next_dagrun for latest_only_with_trigger to 2025-07-11 04:00:00+00:00, run_after=2025-07-11 08:00:00+00:00
[2025-07-11T09:35:50.621+0000] {processor.py:183} INFO - Processing /home/airflow/.local/lib/python3.8/site-packages/airflow/example_dags/example_latest_only_with_trigger.py took 0.106 seconds
[2025-07-11T09:36:20.783+0000] {processor.py:161} INFO - Started process (PID=282) to work on /home/airflow/.local/lib/python3.8/site-packages/airflow/example_dags/example_latest_only_with_trigger.py
[2025-07-11T09:36:20.785+0000] {processor.py:830} INFO - Processing file /home/airflow/.local/lib/python3.8/site-packages/airflow/example_dags/example_latest_only_with_trigger.py for tasks to queue
[2025-07-11T09:36:20.787+0000] {logging_mixin.py:188} INFO - [2025-07-11T09:36:20.787+0000] {dagbag.py:538} INFO - Filling up the DagBag from /home/airflow/.local/lib/python3.8/site-packages/airflow/example_dags/example_latest_only_with_trigger.py
[2025-07-11T09:36:20.794+0000] {processor.py:840} INFO - DAG(s) 'latest_only_with_trigger' retrieved from /home/airflow/.local/lib/python3.8/site-packages/airflow/example_dags/example_latest_only_with_trigger.py
[2025-07-11T09:36:20.823+0000] {logging_mixin.py:188} INFO - [2025-07-11T09:36:20.823+0000] {dag.py:3036} INFO - Sync 1 DAGs
[2025-07-11T09:36:20.856+0000] {logging_mixin.py:188} INFO - [2025-07-11T09:36:20.855+0000] {dag.py:3823} INFO - Setting next_dagrun for latest_only_with_trigger to 2025-07-11 04:00:00+00:00, run_after=2025-07-11 08:00:00+00:00
[2025-07-11T09:36:20.884+0000] {processor.py:183} INFO - Processing /home/airflow/.local/lib/python3.8/site-packages/airflow/example_dags/example_latest_only_with_trigger.py took 0.105 seconds
[2025-07-11T09:36:51.105+0000] {processor.py:161} INFO - Started process (PID=337) to work on /home/airflow/.local/lib/python3.8/site-packages/airflow/example_dags/example_latest_only_with_trigger.py
[2025-07-11T09:36:51.107+0000] {processor.py:830} INFO - Processing file /home/airflow/.local/lib/python3.8/site-packages/airflow/example_dags/example_latest_only_with_trigger.py for tasks to queue
[2025-07-11T09:36:51.109+0000] {logging_mixin.py:188} INFO - [2025-07-11T09:36:51.109+0000] {dagbag.py:538} INFO - Filling up the DagBag from /home/airflow/.local/lib/python3.8/site-packages/airflow/example_dags/example_latest_only_with_trigger.py
[2025-07-11T09:36:51.117+0000] {processor.py:840} INFO - DAG(s) 'latest_only_with_trigger' retrieved from /home/airflow/.local/lib/python3.8/site-packages/airflow/example_dags/example_latest_only_with_trigger.py
[2025-07-11T09:36:51.148+0000] {logging_mixin.py:188} INFO - [2025-07-11T09:36:51.147+0000] {dag.py:3036} INFO - Sync 1 DAGs
[2025-07-11T09:36:51.184+0000] {logging_mixin.py:188} INFO - [2025-07-11T09:36:51.184+0000] {dag.py:3823} INFO - Setting next_dagrun for latest_only_with_trigger to 2025-07-11 04:00:00+00:00, run_after=2025-07-11 08:00:00+00:00
[2025-07-11T09:36:51.217+0000] {processor.py:183} INFO - Processing /home/airflow/.local/lib/python3.8/site-packages/airflow/example_dags/example_latest_only_with_trigger.py took 0.116 seconds
[2025-07-11T09:37:21.757+0000] {processor.py:161} INFO - Started process (PID=392) to work on /home/airflow/.local/lib/python3.8/site-packages/airflow/example_dags/example_latest_only_with_trigger.py
[2025-07-11T09:37:21.759+0000] {processor.py:830} INFO - Processing file /home/airflow/.local/lib/python3.8/site-packages/airflow/example_dags/example_latest_only_with_trigger.py for tasks to queue
[2025-07-11T09:37:21.762+0000] {logging_mixin.py:188} INFO - [2025-07-11T09:37:21.761+0000] {dagbag.py:538} INFO - Filling up the DagBag from /home/airflow/.local/lib/python3.8/site-packages/airflow/example_dags/example_latest_only_with_trigger.py
[2025-07-11T09:37:21.772+0000] {processor.py:840} INFO - DAG(s) 'latest_only_with_trigger' retrieved from /home/airflow/.local/lib/python3.8/site-packages/airflow/example_dags/example_latest_only_with_trigger.py
[2025-07-11T09:37:21.806+0000] {logging_mixin.py:188} INFO - [2025-07-11T09:37:21.806+0000] {dag.py:3036} INFO - Sync 1 DAGs
[2025-07-11T09:37:21.844+0000] {logging_mixin.py:188} INFO - [2025-07-11T09:37:21.844+0000] {dag.py:3823} INFO - Setting next_dagrun for latest_only_with_trigger to 2025-07-11 04:00:00+00:00, run_after=2025-07-11 08:00:00+00:00
[2025-07-11T09:37:21.886+0000] {processor.py:183} INFO - Processing /home/airflow/.local/lib/python3.8/site-packages/airflow/example_dags/example_latest_only_with_trigger.py took 0.134 seconds
[2025-07-11T09:37:52.636+0000] {processor.py:161} INFO - Started process (PID=447) to work on /home/airflow/.local/lib/python3.8/site-packages/airflow/example_dags/example_latest_only_with_trigger.py
[2025-07-11T09:37:52.638+0000] {processor.py:830} INFO - Processing file /home/airflow/.local/lib/python3.8/site-packages/airflow/example_dags/example_latest_only_with_trigger.py for tasks to queue
[2025-07-11T09:37:52.640+0000] {logging_mixin.py:188} INFO - [2025-07-11T09:37:52.640+0000] {dagbag.py:538} INFO - Filling up the DagBag from /home/airflow/.local/lib/python3.8/site-packages/airflow/example_dags/example_latest_only_with_trigger.py
[2025-07-11T09:37:52.648+0000] {processor.py:840} INFO - DAG(s) 'latest_only_with_trigger' retrieved from /home/airflow/.local/lib/python3.8/site-packages/airflow/example_dags/example_latest_only_with_trigger.py
[2025-07-11T09:37:52.678+0000] {logging_mixin.py:188} INFO - [2025-07-11T09:37:52.678+0000] {dag.py:3036} INFO - Sync 1 DAGs
[2025-07-11T09:37:52.709+0000] {logging_mixin.py:188} INFO - [2025-07-11T09:37:52.709+0000] {dag.py:3823} INFO - Setting next_dagrun for latest_only_with_trigger to 2025-07-11 04:00:00+00:00, run_after=2025-07-11 08:00:00+00:00
[2025-07-11T09:37:52.743+0000] {processor.py:183} INFO - Processing /home/airflow/.local/lib/python3.8/site-packages/airflow/example_dags/example_latest_only_with_trigger.py took 0.111 seconds
[2025-07-11T09:38:23.146+0000] {processor.py:161} INFO - Started process (PID=502) to work on /home/airflow/.local/lib/python3.8/site-packages/airflow/example_dags/example_latest_only_with_trigger.py
[2025-07-11T09:38:23.147+0000] {processor.py:830} INFO - Processing file /home/airflow/.local/lib/python3.8/site-packages/airflow/example_dags/example_latest_only_with_trigger.py for tasks to queue
[2025-07-11T09:38:23.150+0000] {logging_mixin.py:188} INFO - [2025-07-11T09:38:23.149+0000] {dagbag.py:538} INFO - Filling up the DagBag from /home/airflow/.local/lib/python3.8/site-packages/airflow/example_dags/example_latest_only_with_trigger.py
[2025-07-11T09:38:23.157+0000] {processor.py:840} INFO - DAG(s) 'latest_only_with_trigger' retrieved from /home/airflow/.local/lib/python3.8/site-packages/airflow/example_dags/example_latest_only_with_trigger.py
[2025-07-11T09:38:23.187+0000] {logging_mixin.py:188} INFO - [2025-07-11T09:38:23.187+0000] {dag.py:3036} INFO - Sync 1 DAGs
[2025-07-11T09:38:23.219+0000] {logging_mixin.py:188} INFO - [2025-07-11T09:38:23.219+0000] {dag.py:3823} INFO - Setting next_dagrun for latest_only_with_trigger to 2025-07-11 04:00:00+00:00, run_after=2025-07-11 08:00:00+00:00
[2025-07-11T09:38:23.250+0000] {processor.py:183} INFO - Processing /home/airflow/.local/lib/python3.8/site-packages/airflow/example_dags/example_latest_only_with_trigger.py took 0.109 seconds
[2025-07-11T09:38:53.639+0000] {processor.py:161} INFO - Started process (PID=557) to work on /home/airflow/.local/lib/python3.8/site-packages/airflow/example_dags/example_latest_only_with_trigger.py
[2025-07-11T09:38:53.641+0000] {processor.py:830} INFO - Processing file /home/airflow/.local/lib/python3.8/site-packages/airflow/example_dags/example_latest_only_with_trigger.py for tasks to queue
[2025-07-11T09:38:53.643+0000] {logging_mixin.py:188} INFO - [2025-07-11T09:38:53.643+0000] {dagbag.py:538} INFO - Filling up the DagBag from /home/airflow/.local/lib/python3.8/site-packages/airflow/example_dags/example_latest_only_with_trigger.py
[2025-07-11T09:38:53.652+0000] {processor.py:840} INFO - DAG(s) 'latest_only_with_trigger' retrieved from /home/airflow/.local/lib/python3.8/site-packages/airflow/example_dags/example_latest_only_with_trigger.py
[2025-07-11T09:38:53.683+0000] {logging_mixin.py:188} INFO - [2025-07-11T09:38:53.683+0000] {dag.py:3036} INFO - Sync 1 DAGs
[2025-07-11T09:38:53.717+0000] {logging_mixin.py:188} INFO - [2025-07-11T09:38:53.717+0000] {dag.py:3823} INFO - Setting next_dagrun for latest_only_with_trigger to 2025-07-11 04:00:00+00:00, run_after=2025-07-11 08:00:00+00:00
[2025-07-11T09:38:53.749+0000] {processor.py:183} INFO - Processing /home/airflow/.local/lib/python3.8/site-packages/airflow/example_dags/example_latest_only_with_trigger.py took 0.114 seconds
[2025-07-11T09:39:23.940+0000] {processor.py:161} INFO - Started process (PID=613) to work on /home/airflow/.local/lib/python3.8/site-packages/airflow/example_dags/example_latest_only_with_trigger.py
[2025-07-11T09:39:23.942+0000] {processor.py:830} INFO - Processing file /home/airflow/.local/lib/python3.8/site-packages/airflow/example_dags/example_latest_only_with_trigger.py for tasks to queue
[2025-07-11T09:39:23.946+0000] {logging_mixin.py:188} INFO - [2025-07-11T09:39:23.946+0000] {dagbag.py:538} INFO - Filling up the DagBag from /home/airflow/.local/lib/python3.8/site-packages/airflow/example_dags/example_latest_only_with_trigger.py
[2025-07-11T09:39:23.955+0000] {processor.py:840} INFO - DAG(s) 'latest_only_with_trigger' retrieved from /home/airflow/.local/lib/python3.8/site-packages/airflow/example_dags/example_latest_only_with_trigger.py
[2025-07-11T09:39:23.988+0000] {logging_mixin.py:188} INFO - [2025-07-11T09:39:23.987+0000] {dag.py:3036} INFO - Sync 1 DAGs
[2025-07-11T09:39:24.021+0000] {logging_mixin.py:188} INFO - [2025-07-11T09:39:24.020+0000] {dag.py:3823} INFO - Setting next_dagrun for latest_only_with_trigger to 2025-07-11 04:00:00+00:00, run_after=2025-07-11 08:00:00+00:00
[2025-07-11T09:39:24.053+0000] {processor.py:183} INFO - Processing /home/airflow/.local/lib/python3.8/site-packages/airflow/example_dags/example_latest_only_with_trigger.py took 0.118 seconds
[2025-07-11T09:39:54.386+0000] {processor.py:161} INFO - Started process (PID=668) to work on /home/airflow/.local/lib/python3.8/site-packages/airflow/example_dags/example_latest_only_with_trigger.py
[2025-07-11T09:39:54.388+0000] {processor.py:830} INFO - Processing file /home/airflow/.local/lib/python3.8/site-packages/airflow/example_dags/example_latest_only_with_trigger.py for tasks to queue
[2025-07-11T09:39:54.391+0000] {logging_mixin.py:188} INFO - [2025-07-11T09:39:54.391+0000] {dagbag.py:538} INFO - Filling up the DagBag from /home/airflow/.local/lib/python3.8/site-packages/airflow/example_dags/example_latest_only_with_trigger.py
[2025-07-11T09:39:54.400+0000] {processor.py:840} INFO - DAG(s) 'latest_only_with_trigger' retrieved from /home/airflow/.local/lib/python3.8/site-packages/airflow/example_dags/example_latest_only_with_trigger.py
[2025-07-11T09:39:54.434+0000] {logging_mixin.py:188} INFO - [2025-07-11T09:39:54.433+0000] {dag.py:3036} INFO - Sync 1 DAGs
[2025-07-11T09:39:54.474+0000] {logging_mixin.py:188} INFO - [2025-07-11T09:39:54.474+0000] {dag.py:3823} INFO - Setting next_dagrun for latest_only_with_trigger to 2025-07-11 04:00:00+00:00, run_after=2025-07-11 08:00:00+00:00
[2025-07-11T09:39:54.510+0000] {processor.py:183} INFO - Processing /home/airflow/.local/lib/python3.8/site-packages/airflow/example_dags/example_latest_only_with_trigger.py took 0.130 seconds
[2025-07-11T09:40:24.784+0000] {processor.py:161} INFO - Started process (PID=723) to work on /home/airflow/.local/lib/python3.8/site-packages/airflow/example_dags/example_latest_only_with_trigger.py
[2025-07-11T09:40:24.786+0000] {processor.py:830} INFO - Processing file /home/airflow/.local/lib/python3.8/site-packages/airflow/example_dags/example_latest_only_with_trigger.py for tasks to queue
[2025-07-11T09:40:24.788+0000] {logging_mixin.py:188} INFO - [2025-07-11T09:40:24.788+0000] {dagbag.py:538} INFO - Filling up the DagBag from /home/airflow/.local/lib/python3.8/site-packages/airflow/example_dags/example_latest_only_with_trigger.py
[2025-07-11T09:40:24.797+0000] {processor.py:840} INFO - DAG(s) 'latest_only_with_trigger' retrieved from /home/airflow/.local/lib/python3.8/site-packages/airflow/example_dags/example_latest_only_with_trigger.py
[2025-07-11T09:40:24.830+0000] {logging_mixin.py:188} INFO - [2025-07-11T09:40:24.830+0000] {dag.py:3036} INFO - Sync 1 DAGs
[2025-07-11T09:40:24.870+0000] {logging_mixin.py:188} INFO - [2025-07-11T09:40:24.869+0000] {dag.py:3823} INFO - Setting next_dagrun for latest_only_with_trigger to 2025-07-11 04:00:00+00:00, run_after=2025-07-11 08:00:00+00:00
[2025-07-11T09:40:24.904+0000] {processor.py:183} INFO - Processing /home/airflow/.local/lib/python3.8/site-packages/airflow/example_dags/example_latest_only_with_trigger.py took 0.124 seconds
[2025-07-11T09:40:55.191+0000] {processor.py:161} INFO - Started process (PID=778) to work on /home/airflow/.local/lib/python3.8/site-packages/airflow/example_dags/example_latest_only_with_trigger.py
[2025-07-11T09:40:55.193+0000] {processor.py:830} INFO - Processing file /home/airflow/.local/lib/python3.8/site-packages/airflow/example_dags/example_latest_only_with_trigger.py for tasks to queue
[2025-07-11T09:40:55.195+0000] {logging_mixin.py:188} INFO - [2025-07-11T09:40:55.194+0000] {dagbag.py:538} INFO - Filling up the DagBag from /home/airflow/.local/lib/python3.8/site-packages/airflow/example_dags/example_latest_only_with_trigger.py
[2025-07-11T09:40:55.202+0000] {processor.py:840} INFO - DAG(s) 'latest_only_with_trigger' retrieved from /home/airflow/.local/lib/python3.8/site-packages/airflow/example_dags/example_latest_only_with_trigger.py
[2025-07-11T09:40:55.230+0000] {logging_mixin.py:188} INFO - [2025-07-11T09:40:55.230+0000] {dag.py:3036} INFO - Sync 1 DAGs
[2025-07-11T09:40:55.260+0000] {logging_mixin.py:188} INFO - [2025-07-11T09:40:55.260+0000] {dag.py:3823} INFO - Setting next_dagrun for latest_only_with_trigger to 2025-07-11 04:00:00+00:00, run_after=2025-07-11 08:00:00+00:00
[2025-07-11T09:40:55.288+0000] {processor.py:183} INFO - Processing /home/airflow/.local/lib/python3.8/site-packages/airflow/example_dags/example_latest_only_with_trigger.py took 0.101 seconds
[2025-07-11T09:41:25.604+0000] {processor.py:161} INFO - Started process (PID=833) to work on /home/airflow/.local/lib/python3.8/site-packages/airflow/example_dags/example_latest_only_with_trigger.py
[2025-07-11T09:41:25.606+0000] {processor.py:830} INFO - Processing file /home/airflow/.local/lib/python3.8/site-packages/airflow/example_dags/example_latest_only_with_trigger.py for tasks to queue
[2025-07-11T09:41:25.608+0000] {logging_mixin.py:188} INFO - [2025-07-11T09:41:25.608+0000] {dagbag.py:538} INFO - Filling up the DagBag from /home/airflow/.local/lib/python3.8/site-packages/airflow/example_dags/example_latest_only_with_trigger.py
[2025-07-11T09:41:25.616+0000] {processor.py:840} INFO - DAG(s) 'latest_only_with_trigger' retrieved from /home/airflow/.local/lib/python3.8/site-packages/airflow/example_dags/example_latest_only_with_trigger.py
[2025-07-11T09:41:25.647+0000] {logging_mixin.py:188} INFO - [2025-07-11T09:41:25.646+0000] {dag.py:3036} INFO - Sync 1 DAGs
[2025-07-11T09:41:25.686+0000] {logging_mixin.py:188} INFO - [2025-07-11T09:41:25.685+0000] {dag.py:3823} INFO - Setting next_dagrun for latest_only_with_trigger to 2025-07-11 04:00:00+00:00, run_after=2025-07-11 08:00:00+00:00
[2025-07-11T09:41:25.719+0000] {processor.py:183} INFO - Processing /home/airflow/.local/lib/python3.8/site-packages/airflow/example_dags/example_latest_only_with_trigger.py took 0.119 seconds
[2025-07-11T09:41:55.995+0000] {processor.py:161} INFO - Started process (PID=888) to work on /home/airflow/.local/lib/python3.8/site-packages/airflow/example_dags/example_latest_only_with_trigger.py
[2025-07-11T09:41:55.997+0000] {processor.py:830} INFO - Processing file /home/airflow/.local/lib/python3.8/site-packages/airflow/example_dags/example_latest_only_with_trigger.py for tasks to queue
[2025-07-11T09:41:56.000+0000] {logging_mixin.py:188} INFO - [2025-07-11T09:41:55.999+0000] {dagbag.py:538} INFO - Filling up the DagBag from /home/airflow/.local/lib/python3.8/site-packages/airflow/example_dags/example_latest_only_with_trigger.py
[2025-07-11T09:41:56.007+0000] {processor.py:840} INFO - DAG(s) 'latest_only_with_trigger' retrieved from /home/airflow/.local/lib/python3.8/site-packages/airflow/example_dags/example_latest_only_with_trigger.py
[2025-07-11T09:41:56.036+0000] {logging_mixin.py:188} INFO - [2025-07-11T09:41:56.036+0000] {dag.py:3036} INFO - Sync 1 DAGs
[2025-07-11T09:41:56.072+0000] {logging_mixin.py:188} INFO - [2025-07-11T09:41:56.072+0000] {dag.py:3823} INFO - Setting next_dagrun for latest_only_with_trigger to 2025-07-11 04:00:00+00:00, run_after=2025-07-11 08:00:00+00:00
[2025-07-11T09:41:56.101+0000] {processor.py:183} INFO - Processing /home/airflow/.local/lib/python3.8/site-packages/airflow/example_dags/example_latest_only_with_trigger.py took 0.111 seconds
[2025-07-11T09:42:26.366+0000] {processor.py:161} INFO - Started process (PID=943) to work on /home/airflow/.local/lib/python3.8/site-packages/airflow/example_dags/example_latest_only_with_trigger.py
[2025-07-11T09:42:26.368+0000] {processor.py:830} INFO - Processing file /home/airflow/.local/lib/python3.8/site-packages/airflow/example_dags/example_latest_only_with_trigger.py for tasks to queue
[2025-07-11T09:42:26.372+0000] {logging_mixin.py:188} INFO - [2025-07-11T09:42:26.371+0000] {dagbag.py:538} INFO - Filling up the DagBag from /home/airflow/.local/lib/python3.8/site-packages/airflow/example_dags/example_latest_only_with_trigger.py
[2025-07-11T09:42:26.380+0000] {processor.py:840} INFO - DAG(s) 'latest_only_with_trigger' retrieved from /home/airflow/.local/lib/python3.8/site-packages/airflow/example_dags/example_latest_only_with_trigger.py
[2025-07-11T09:42:26.414+0000] {logging_mixin.py:188} INFO - [2025-07-11T09:42:26.414+0000] {dag.py:3036} INFO - Sync 1 DAGs
[2025-07-11T09:42:26.455+0000] {logging_mixin.py:188} INFO - [2025-07-11T09:42:26.455+0000] {dag.py:3823} INFO - Setting next_dagrun for latest_only_with_trigger to 2025-07-11 04:00:00+00:00, run_after=2025-07-11 08:00:00+00:00
[2025-07-11T09:42:26.496+0000] {processor.py:183} INFO - Processing /home/airflow/.local/lib/python3.8/site-packages/airflow/example_dags/example_latest_only_with_trigger.py took 0.135 seconds
[2025-07-11T09:42:56.852+0000] {processor.py:161} INFO - Started process (PID=998) to work on /home/airflow/.local/lib/python3.8/site-packages/airflow/example_dags/example_latest_only_with_trigger.py
[2025-07-11T09:42:56.853+0000] {processor.py:830} INFO - Processing file /home/airflow/.local/lib/python3.8/site-packages/airflow/example_dags/example_latest_only_with_trigger.py for tasks to queue
[2025-07-11T09:42:56.856+0000] {logging_mixin.py:188} INFO - [2025-07-11T09:42:56.855+0000] {dagbag.py:538} INFO - Filling up the DagBag from /home/airflow/.local/lib/python3.8/site-packages/airflow/example_dags/example_latest_only_with_trigger.py
[2025-07-11T09:42:56.863+0000] {processor.py:840} INFO - DAG(s) 'latest_only_with_trigger' retrieved from /home/airflow/.local/lib/python3.8/site-packages/airflow/example_dags/example_latest_only_with_trigger.py
[2025-07-11T09:42:56.892+0000] {logging_mixin.py:188} INFO - [2025-07-11T09:42:56.891+0000] {dag.py:3036} INFO - Sync 1 DAGs
[2025-07-11T09:42:56.921+0000] {logging_mixin.py:188} INFO - [2025-07-11T09:42:56.921+0000] {dag.py:3823} INFO - Setting next_dagrun for latest_only_with_trigger to 2025-07-11 04:00:00+00:00, run_after=2025-07-11 08:00:00+00:00
[2025-07-11T09:42:56.949+0000] {processor.py:183} INFO - Processing /home/airflow/.local/lib/python3.8/site-packages/airflow/example_dags/example_latest_only_with_trigger.py took 0.101 seconds
[2025-07-11T09:43:27.206+0000] {processor.py:161} INFO - Started process (PID=1053) to work on /home/airflow/.local/lib/python3.8/site-packages/airflow/example_dags/example_latest_only_with_trigger.py
[2025-07-11T09:43:27.208+0000] {processor.py:830} INFO - Processing file /home/airflow/.local/lib/python3.8/site-packages/airflow/example_dags/example_latest_only_with_trigger.py for tasks to queue
[2025-07-11T09:43:27.210+0000] {logging_mixin.py:188} INFO - [2025-07-11T09:43:27.210+0000] {dagbag.py:538} INFO - Filling up the DagBag from /home/airflow/.local/lib/python3.8/site-packages/airflow/example_dags/example_latest_only_with_trigger.py
[2025-07-11T09:43:27.217+0000] {processor.py:840} INFO - DAG(s) 'latest_only_with_trigger' retrieved from /home/airflow/.local/lib/python3.8/site-packages/airflow/example_dags/example_latest_only_with_trigger.py
[2025-07-11T09:43:27.245+0000] {logging_mixin.py:188} INFO - [2025-07-11T09:43:27.244+0000] {dag.py:3036} INFO - Sync 1 DAGs
[2025-07-11T09:43:27.275+0000] {logging_mixin.py:188} INFO - [2025-07-11T09:43:27.274+0000] {dag.py:3823} INFO - Setting next_dagrun for latest_only_with_trigger to 2025-07-11 04:00:00+00:00, run_after=2025-07-11 08:00:00+00:00
[2025-07-11T09:43:27.305+0000] {processor.py:183} INFO - Processing /home/airflow/.local/lib/python3.8/site-packages/airflow/example_dags/example_latest_only_with_trigger.py took 0.103 seconds
[2025-07-11T09:43:57.523+0000] {processor.py:161} INFO - Started process (PID=1108) to work on /home/airflow/.local/lib/python3.8/site-packages/airflow/example_dags/example_latest_only_with_trigger.py
[2025-07-11T09:43:57.525+0000] {processor.py:830} INFO - Processing file /home/airflow/.local/lib/python3.8/site-packages/airflow/example_dags/example_latest_only_with_trigger.py for tasks to queue
[2025-07-11T09:43:57.527+0000] {logging_mixin.py:188} INFO - [2025-07-11T09:43:57.527+0000] {dagbag.py:538} INFO - Filling up the DagBag from /home/airflow/.local/lib/python3.8/site-packages/airflow/example_dags/example_latest_only_with_trigger.py
[2025-07-11T09:43:57.534+0000] {processor.py:840} INFO - DAG(s) 'latest_only_with_trigger' retrieved from /home/airflow/.local/lib/python3.8/site-packages/airflow/example_dags/example_latest_only_with_trigger.py
[2025-07-11T09:43:57.562+0000] {logging_mixin.py:188} INFO - [2025-07-11T09:43:57.562+0000] {dag.py:3036} INFO - Sync 1 DAGs
[2025-07-11T09:43:57.592+0000] {logging_mixin.py:188} INFO - [2025-07-11T09:43:57.592+0000] {dag.py:3823} INFO - Setting next_dagrun for latest_only_with_trigger to 2025-07-11 04:00:00+00:00, run_after=2025-07-11 08:00:00+00:00
[2025-07-11T09:43:57.621+0000] {processor.py:183} INFO - Processing /home/airflow/.local/lib/python3.8/site-packages/airflow/example_dags/example_latest_only_with_trigger.py took 0.102 seconds
[2025-07-11T09:44:28.006+0000] {processor.py:161} INFO - Started process (PID=1164) to work on /home/airflow/.local/lib/python3.8/site-packages/airflow/example_dags/example_latest_only_with_trigger.py
[2025-07-11T09:44:28.007+0000] {processor.py:830} INFO - Processing file /home/airflow/.local/lib/python3.8/site-packages/airflow/example_dags/example_latest_only_with_trigger.py for tasks to queue
[2025-07-11T09:44:28.010+0000] {logging_mixin.py:188} INFO - [2025-07-11T09:44:28.009+0000] {dagbag.py:538} INFO - Filling up the DagBag from /home/airflow/.local/lib/python3.8/site-packages/airflow/example_dags/example_latest_only_with_trigger.py
[2025-07-11T09:44:28.017+0000] {processor.py:840} INFO - DAG(s) 'latest_only_with_trigger' retrieved from /home/airflow/.local/lib/python3.8/site-packages/airflow/example_dags/example_latest_only_with_trigger.py
[2025-07-11T09:44:28.044+0000] {logging_mixin.py:188} INFO - [2025-07-11T09:44:28.044+0000] {dag.py:3036} INFO - Sync 1 DAGs
[2025-07-11T09:44:28.076+0000] {logging_mixin.py:188} INFO - [2025-07-11T09:44:28.075+0000] {dag.py:3823} INFO - Setting next_dagrun for latest_only_with_trigger to 2025-07-11 04:00:00+00:00, run_after=2025-07-11 08:00:00+00:00
[2025-07-11T09:44:28.105+0000] {processor.py:183} INFO - Processing /home/airflow/.local/lib/python3.8/site-packages/airflow/example_dags/example_latest_only_with_trigger.py took 0.104 seconds
[2025-07-11T09:44:58.524+0000] {processor.py:161} INFO - Started process (PID=1219) to work on /home/airflow/.local/lib/python3.8/site-packages/airflow/example_dags/example_latest_only_with_trigger.py
[2025-07-11T09:44:58.525+0000] {processor.py:830} INFO - Processing file /home/airflow/.local/lib/python3.8/site-packages/airflow/example_dags/example_latest_only_with_trigger.py for tasks to queue
[2025-07-11T09:44:58.528+0000] {logging_mixin.py:188} INFO - [2025-07-11T09:44:58.527+0000] {dagbag.py:538} INFO - Filling up the DagBag from /home/airflow/.local/lib/python3.8/site-packages/airflow/example_dags/example_latest_only_with_trigger.py
[2025-07-11T09:44:58.535+0000] {processor.py:840} INFO - DAG(s) 'latest_only_with_trigger' retrieved from /home/airflow/.local/lib/python3.8/site-packages/airflow/example_dags/example_latest_only_with_trigger.py
[2025-07-11T09:44:58.563+0000] {logging_mixin.py:188} INFO - [2025-07-11T09:44:58.563+0000] {dag.py:3036} INFO - Sync 1 DAGs
[2025-07-11T09:44:58.599+0000] {logging_mixin.py:188} INFO - [2025-07-11T09:44:58.599+0000] {dag.py:3823} INFO - Setting next_dagrun for latest_only_with_trigger to 2025-07-11 04:00:00+00:00, run_after=2025-07-11 08:00:00+00:00
[2025-07-11T09:44:58.628+0000] {processor.py:183} INFO - Processing /home/airflow/.local/lib/python3.8/site-packages/airflow/example_dags/example_latest_only_with_trigger.py took 0.108 seconds
[2025-07-11T09:45:28.927+0000] {processor.py:161} INFO - Started process (PID=1274) to work on /home/airflow/.local/lib/python3.8/site-packages/airflow/example_dags/example_latest_only_with_trigger.py
[2025-07-11T09:45:28.929+0000] {processor.py:830} INFO - Processing file /home/airflow/.local/lib/python3.8/site-packages/airflow/example_dags/example_latest_only_with_trigger.py for tasks to queue
[2025-07-11T09:45:28.932+0000] {logging_mixin.py:188} INFO - [2025-07-11T09:45:28.931+0000] {dagbag.py:538} INFO - Filling up the DagBag from /home/airflow/.local/lib/python3.8/site-packages/airflow/example_dags/example_latest_only_with_trigger.py
[2025-07-11T09:45:28.941+0000] {processor.py:840} INFO - DAG(s) 'latest_only_with_trigger' retrieved from /home/airflow/.local/lib/python3.8/site-packages/airflow/example_dags/example_latest_only_with_trigger.py
[2025-07-11T09:45:28.969+0000] {logging_mixin.py:188} INFO - [2025-07-11T09:45:28.968+0000] {dag.py:3036} INFO - Sync 1 DAGs
[2025-07-11T09:45:29.006+0000] {logging_mixin.py:188} INFO - [2025-07-11T09:45:29.006+0000] {dag.py:3823} INFO - Setting next_dagrun for latest_only_with_trigger to 2025-07-11 04:00:00+00:00, run_after=2025-07-11 08:00:00+00:00
[2025-07-11T09:45:29.036+0000] {processor.py:183} INFO - Processing /home/airflow/.local/lib/python3.8/site-packages/airflow/example_dags/example_latest_only_with_trigger.py took 0.113 seconds
[2025-07-11T09:45:59.197+0000] {processor.py:161} INFO - Started process (PID=1329) to work on /home/airflow/.local/lib/python3.8/site-packages/airflow/example_dags/example_latest_only_with_trigger.py
[2025-07-11T09:45:59.199+0000] {processor.py:830} INFO - Processing file /home/airflow/.local/lib/python3.8/site-packages/airflow/example_dags/example_latest_only_with_trigger.py for tasks to queue
[2025-07-11T09:45:59.205+0000] {logging_mixin.py:188} INFO - [2025-07-11T09:45:59.204+0000] {dagbag.py:538} INFO - Filling up the DagBag from /home/airflow/.local/lib/python3.8/site-packages/airflow/example_dags/example_latest_only_with_trigger.py
[2025-07-11T09:45:59.215+0000] {processor.py:840} INFO - DAG(s) 'latest_only_with_trigger' retrieved from /home/airflow/.local/lib/python3.8/site-packages/airflow/example_dags/example_latest_only_with_trigger.py
[2025-07-11T09:45:59.252+0000] {logging_mixin.py:188} INFO - [2025-07-11T09:45:59.252+0000] {dag.py:3036} INFO - Sync 1 DAGs
[2025-07-11T09:45:59.290+0000] {logging_mixin.py:188} INFO - [2025-07-11T09:45:59.289+0000] {dag.py:3823} INFO - Setting next_dagrun for latest_only_with_trigger to 2025-07-11 04:00:00+00:00, run_after=2025-07-11 08:00:00+00:00
[2025-07-11T09:45:59.324+0000] {processor.py:183} INFO - Processing /home/airflow/.local/lib/python3.8/site-packages/airflow/example_dags/example_latest_only_with_trigger.py took 0.131 seconds
[2025-07-11T09:46:29.626+0000] {processor.py:161} INFO - Started process (PID=1384) to work on /home/airflow/.local/lib/python3.8/site-packages/airflow/example_dags/example_latest_only_with_trigger.py
[2025-07-11T09:46:29.627+0000] {processor.py:830} INFO - Processing file /home/airflow/.local/lib/python3.8/site-packages/airflow/example_dags/example_latest_only_with_trigger.py for tasks to queue
[2025-07-11T09:46:29.630+0000] {logging_mixin.py:188} INFO - [2025-07-11T09:46:29.629+0000] {dagbag.py:538} INFO - Filling up the DagBag from /home/airflow/.local/lib/python3.8/site-packages/airflow/example_dags/example_latest_only_with_trigger.py
[2025-07-11T09:46:29.637+0000] {processor.py:840} INFO - DAG(s) 'latest_only_with_trigger' retrieved from /home/airflow/.local/lib/python3.8/site-packages/airflow/example_dags/example_latest_only_with_trigger.py
[2025-07-11T09:46:29.666+0000] {logging_mixin.py:188} INFO - [2025-07-11T09:46:29.666+0000] {dag.py:3036} INFO - Sync 1 DAGs
[2025-07-11T09:46:29.699+0000] {logging_mixin.py:188} INFO - [2025-07-11T09:46:29.699+0000] {dag.py:3823} INFO - Setting next_dagrun for latest_only_with_trigger to 2025-07-11 04:00:00+00:00, run_after=2025-07-11 08:00:00+00:00
[2025-07-11T09:46:29.732+0000] {processor.py:183} INFO - Processing /home/airflow/.local/lib/python3.8/site-packages/airflow/example_dags/example_latest_only_with_trigger.py took 0.111 seconds
[2025-07-11T09:47:00.177+0000] {processor.py:161} INFO - Started process (PID=1439) to work on /home/airflow/.local/lib/python3.8/site-packages/airflow/example_dags/example_latest_only_with_trigger.py
[2025-07-11T09:47:00.180+0000] {processor.py:830} INFO - Processing file /home/airflow/.local/lib/python3.8/site-packages/airflow/example_dags/example_latest_only_with_trigger.py for tasks to queue
[2025-07-11T09:47:00.185+0000] {logging_mixin.py:188} INFO - [2025-07-11T09:47:00.184+0000] {dagbag.py:538} INFO - Filling up the DagBag from /home/airflow/.local/lib/python3.8/site-packages/airflow/example_dags/example_latest_only_with_trigger.py
[2025-07-11T09:47:00.202+0000] {processor.py:840} INFO - DAG(s) 'latest_only_with_trigger' retrieved from /home/airflow/.local/lib/python3.8/site-packages/airflow/example_dags/example_latest_only_with_trigger.py
[2025-07-11T09:47:00.248+0000] {logging_mixin.py:188} INFO - [2025-07-11T09:47:00.247+0000] {dag.py:3036} INFO - Sync 1 DAGs
[2025-07-11T09:47:00.295+0000] {logging_mixin.py:188} INFO - [2025-07-11T09:47:00.294+0000] {dag.py:3823} INFO - Setting next_dagrun for latest_only_with_trigger to 2025-07-11 04:00:00+00:00, run_after=2025-07-11 08:00:00+00:00
[2025-07-11T09:47:00.338+0000] {processor.py:183} INFO - Processing /home/airflow/.local/lib/python3.8/site-packages/airflow/example_dags/example_latest_only_with_trigger.py took 0.169 seconds
[2025-07-11T09:47:30.694+0000] {processor.py:161} INFO - Started process (PID=1494) to work on /home/airflow/.local/lib/python3.8/site-packages/airflow/example_dags/example_latest_only_with_trigger.py
[2025-07-11T09:47:30.695+0000] {processor.py:830} INFO - Processing file /home/airflow/.local/lib/python3.8/site-packages/airflow/example_dags/example_latest_only_with_trigger.py for tasks to queue
[2025-07-11T09:47:30.697+0000] {logging_mixin.py:188} INFO - [2025-07-11T09:47:30.697+0000] {dagbag.py:538} INFO - Filling up the DagBag from /home/airflow/.local/lib/python3.8/site-packages/airflow/example_dags/example_latest_only_with_trigger.py
[2025-07-11T09:47:30.705+0000] {processor.py:840} INFO - DAG(s) 'latest_only_with_trigger' retrieved from /home/airflow/.local/lib/python3.8/site-packages/airflow/example_dags/example_latest_only_with_trigger.py
[2025-07-11T09:47:30.736+0000] {logging_mixin.py:188} INFO - [2025-07-11T09:47:30.735+0000] {dag.py:3036} INFO - Sync 1 DAGs
[2025-07-11T09:47:30.770+0000] {logging_mixin.py:188} INFO - [2025-07-11T09:47:30.769+0000] {dag.py:3823} INFO - Setting next_dagrun for latest_only_with_trigger to 2025-07-11 04:00:00+00:00, run_after=2025-07-11 08:00:00+00:00
[2025-07-11T09:47:30.803+0000] {processor.py:183} INFO - Processing /home/airflow/.local/lib/python3.8/site-packages/airflow/example_dags/example_latest_only_with_trigger.py took 0.114 seconds
[2025-07-11T09:48:01.522+0000] {processor.py:161} INFO - Started process (PID=1549) to work on /home/airflow/.local/lib/python3.8/site-packages/airflow/example_dags/example_latest_only_with_trigger.py
[2025-07-11T09:48:01.524+0000] {processor.py:830} INFO - Processing file /home/airflow/.local/lib/python3.8/site-packages/airflow/example_dags/example_latest_only_with_trigger.py for tasks to queue
[2025-07-11T09:48:01.526+0000] {logging_mixin.py:188} INFO - [2025-07-11T09:48:01.526+0000] {dagbag.py:538} INFO - Filling up the DagBag from /home/airflow/.local/lib/python3.8/site-packages/airflow/example_dags/example_latest_only_with_trigger.py
[2025-07-11T09:48:01.533+0000] {processor.py:840} INFO - DAG(s) 'latest_only_with_trigger' retrieved from /home/airflow/.local/lib/python3.8/site-packages/airflow/example_dags/example_latest_only_with_trigger.py
[2025-07-11T09:48:01.564+0000] {logging_mixin.py:188} INFO - [2025-07-11T09:48:01.564+0000] {dag.py:3036} INFO - Sync 1 DAGs
[2025-07-11T09:48:01.598+0000] {logging_mixin.py:188} INFO - [2025-07-11T09:48:01.597+0000] {dag.py:3823} INFO - Setting next_dagrun for latest_only_with_trigger to 2025-07-11 04:00:00+00:00, run_after=2025-07-11 08:00:00+00:00
[2025-07-11T09:48:01.635+0000] {processor.py:183} INFO - Processing /home/airflow/.local/lib/python3.8/site-packages/airflow/example_dags/example_latest_only_with_trigger.py took 0.117 seconds
[2025-07-11T09:48:32.027+0000] {processor.py:161} INFO - Started process (PID=1604) to work on /home/airflow/.local/lib/python3.8/site-packages/airflow/example_dags/example_latest_only_with_trigger.py
[2025-07-11T09:48:32.029+0000] {processor.py:830} INFO - Processing file /home/airflow/.local/lib/python3.8/site-packages/airflow/example_dags/example_latest_only_with_trigger.py for tasks to queue
[2025-07-11T09:48:32.031+0000] {logging_mixin.py:188} INFO - [2025-07-11T09:48:32.031+0000] {dagbag.py:538} INFO - Filling up the DagBag from /home/airflow/.local/lib/python3.8/site-packages/airflow/example_dags/example_latest_only_with_trigger.py
[2025-07-11T09:48:32.039+0000] {processor.py:840} INFO - DAG(s) 'latest_only_with_trigger' retrieved from /home/airflow/.local/lib/python3.8/site-packages/airflow/example_dags/example_latest_only_with_trigger.py
[2025-07-11T09:48:32.069+0000] {logging_mixin.py:188} INFO - [2025-07-11T09:48:32.068+0000] {dag.py:3036} INFO - Sync 1 DAGs
[2025-07-11T09:48:32.106+0000] {logging_mixin.py:188} INFO - [2025-07-11T09:48:32.106+0000] {dag.py:3823} INFO - Setting next_dagrun for latest_only_with_trigger to 2025-07-11 04:00:00+00:00, run_after=2025-07-11 08:00:00+00:00
[2025-07-11T09:48:32.141+0000] {processor.py:183} INFO - Processing /home/airflow/.local/lib/python3.8/site-packages/airflow/example_dags/example_latest_only_with_trigger.py took 0.119 seconds
[2025-07-11T09:49:02.589+0000] {processor.py:161} INFO - Started process (PID=1659) to work on /home/airflow/.local/lib/python3.8/site-packages/airflow/example_dags/example_latest_only_with_trigger.py
[2025-07-11T09:49:02.591+0000] {processor.py:830} INFO - Processing file /home/airflow/.local/lib/python3.8/site-packages/airflow/example_dags/example_latest_only_with_trigger.py for tasks to queue
[2025-07-11T09:49:02.593+0000] {logging_mixin.py:188} INFO - [2025-07-11T09:49:02.592+0000] {dagbag.py:538} INFO - Filling up the DagBag from /home/airflow/.local/lib/python3.8/site-packages/airflow/example_dags/example_latest_only_with_trigger.py
[2025-07-11T09:49:02.600+0000] {processor.py:840} INFO - DAG(s) 'latest_only_with_trigger' retrieved from /home/airflow/.local/lib/python3.8/site-packages/airflow/example_dags/example_latest_only_with_trigger.py
[2025-07-11T09:49:02.630+0000] {logging_mixin.py:188} INFO - [2025-07-11T09:49:02.629+0000] {dag.py:3036} INFO - Sync 1 DAGs
[2025-07-11T09:49:02.660+0000] {logging_mixin.py:188} INFO - [2025-07-11T09:49:02.660+0000] {dag.py:3823} INFO - Setting next_dagrun for latest_only_with_trigger to 2025-07-11 04:00:00+00:00, run_after=2025-07-11 08:00:00+00:00
[2025-07-11T09:49:02.690+0000] {processor.py:183} INFO - Processing /home/airflow/.local/lib/python3.8/site-packages/airflow/example_dags/example_latest_only_with_trigger.py took 0.105 seconds
[2025-07-11T09:49:33.010+0000] {processor.py:161} INFO - Started process (PID=1714) to work on /home/airflow/.local/lib/python3.8/site-packages/airflow/example_dags/example_latest_only_with_trigger.py
[2025-07-11T09:49:33.011+0000] {processor.py:830} INFO - Processing file /home/airflow/.local/lib/python3.8/site-packages/airflow/example_dags/example_latest_only_with_trigger.py for tasks to queue
[2025-07-11T09:49:33.014+0000] {logging_mixin.py:188} INFO - [2025-07-11T09:49:33.014+0000] {dagbag.py:538} INFO - Filling up the DagBag from /home/airflow/.local/lib/python3.8/site-packages/airflow/example_dags/example_latest_only_with_trigger.py
[2025-07-11T09:49:33.024+0000] {processor.py:840} INFO - DAG(s) 'latest_only_with_trigger' retrieved from /home/airflow/.local/lib/python3.8/site-packages/airflow/example_dags/example_latest_only_with_trigger.py
[2025-07-11T09:49:33.057+0000] {logging_mixin.py:188} INFO - [2025-07-11T09:49:33.057+0000] {dag.py:3036} INFO - Sync 1 DAGs
[2025-07-11T09:49:33.089+0000] {logging_mixin.py:188} INFO - [2025-07-11T09:49:33.089+0000] {dag.py:3823} INFO - Setting next_dagrun for latest_only_with_trigger to 2025-07-11 04:00:00+00:00, run_after=2025-07-11 08:00:00+00:00
[2025-07-11T09:49:33.124+0000] {processor.py:183} INFO - Processing /home/airflow/.local/lib/python3.8/site-packages/airflow/example_dags/example_latest_only_with_trigger.py took 0.119 seconds
[2025-07-11T09:50:03.832+0000] {processor.py:161} INFO - Started process (PID=1769) to work on /home/airflow/.local/lib/python3.8/site-packages/airflow/example_dags/example_latest_only_with_trigger.py
[2025-07-11T09:50:03.834+0000] {processor.py:830} INFO - Processing file /home/airflow/.local/lib/python3.8/site-packages/airflow/example_dags/example_latest_only_with_trigger.py for tasks to queue
[2025-07-11T09:50:03.836+0000] {logging_mixin.py:188} INFO - [2025-07-11T09:50:03.836+0000] {dagbag.py:538} INFO - Filling up the DagBag from /home/airflow/.local/lib/python3.8/site-packages/airflow/example_dags/example_latest_only_with_trigger.py
[2025-07-11T09:50:03.844+0000] {processor.py:840} INFO - DAG(s) 'latest_only_with_trigger' retrieved from /home/airflow/.local/lib/python3.8/site-packages/airflow/example_dags/example_latest_only_with_trigger.py
[2025-07-11T09:50:03.873+0000] {logging_mixin.py:188} INFO - [2025-07-11T09:50:03.872+0000] {dag.py:3036} INFO - Sync 1 DAGs
[2025-07-11T09:50:03.906+0000] {logging_mixin.py:188} INFO - [2025-07-11T09:50:03.906+0000] {dag.py:3823} INFO - Setting next_dagrun for latest_only_with_trigger to 2025-07-11 04:00:00+00:00, run_after=2025-07-11 08:00:00+00:00
[2025-07-11T09:50:03.939+0000] {processor.py:183} INFO - Processing /home/airflow/.local/lib/python3.8/site-packages/airflow/example_dags/example_latest_only_with_trigger.py took 0.111 seconds
[2025-07-11T09:50:34.844+0000] {processor.py:161} INFO - Started process (PID=1824) to work on /home/airflow/.local/lib/python3.8/site-packages/airflow/example_dags/example_latest_only_with_trigger.py
[2025-07-11T09:50:34.846+0000] {processor.py:830} INFO - Processing file /home/airflow/.local/lib/python3.8/site-packages/airflow/example_dags/example_latest_only_with_trigger.py for tasks to queue
[2025-07-11T09:50:34.848+0000] {logging_mixin.py:188} INFO - [2025-07-11T09:50:34.848+0000] {dagbag.py:538} INFO - Filling up the DagBag from /home/airflow/.local/lib/python3.8/site-packages/airflow/example_dags/example_latest_only_with_trigger.py
[2025-07-11T09:50:34.856+0000] {processor.py:840} INFO - DAG(s) 'latest_only_with_trigger' retrieved from /home/airflow/.local/lib/python3.8/site-packages/airflow/example_dags/example_latest_only_with_trigger.py
[2025-07-11T09:50:34.885+0000] {logging_mixin.py:188} INFO - [2025-07-11T09:50:34.885+0000] {dag.py:3036} INFO - Sync 1 DAGs
[2025-07-11T09:50:34.921+0000] {logging_mixin.py:188} INFO - [2025-07-11T09:50:34.921+0000] {dag.py:3823} INFO - Setting next_dagrun for latest_only_with_trigger to 2025-07-11 04:00:00+00:00, run_after=2025-07-11 08:00:00+00:00
[2025-07-11T09:50:34.952+0000] {processor.py:183} INFO - Processing /home/airflow/.local/lib/python3.8/site-packages/airflow/example_dags/example_latest_only_with_trigger.py took 0.112 seconds
[2025-07-11T09:51:05.259+0000] {processor.py:161} INFO - Started process (PID=1879) to work on /home/airflow/.local/lib/python3.8/site-packages/airflow/example_dags/example_latest_only_with_trigger.py
[2025-07-11T09:51:05.261+0000] {processor.py:830} INFO - Processing file /home/airflow/.local/lib/python3.8/site-packages/airflow/example_dags/example_latest_only_with_trigger.py for tasks to queue
[2025-07-11T09:51:05.264+0000] {logging_mixin.py:188} INFO - [2025-07-11T09:51:05.263+0000] {dagbag.py:538} INFO - Filling up the DagBag from /home/airflow/.local/lib/python3.8/site-packages/airflow/example_dags/example_latest_only_with_trigger.py
[2025-07-11T09:51:05.272+0000] {processor.py:840} INFO - DAG(s) 'latest_only_with_trigger' retrieved from /home/airflow/.local/lib/python3.8/site-packages/airflow/example_dags/example_latest_only_with_trigger.py
[2025-07-11T09:51:05.301+0000] {logging_mixin.py:188} INFO - [2025-07-11T09:51:05.301+0000] {dag.py:3036} INFO - Sync 1 DAGs
[2025-07-11T09:51:05.335+0000] {logging_mixin.py:188} INFO - [2025-07-11T09:51:05.335+0000] {dag.py:3823} INFO - Setting next_dagrun for latest_only_with_trigger to 2025-07-11 04:00:00+00:00, run_after=2025-07-11 08:00:00+00:00
[2025-07-11T09:51:05.369+0000] {processor.py:183} INFO - Processing /home/airflow/.local/lib/python3.8/site-packages/airflow/example_dags/example_latest_only_with_trigger.py took 0.113 seconds
[2025-07-11T09:51:36.023+0000] {processor.py:161} INFO - Started process (PID=1934) to work on /home/airflow/.local/lib/python3.8/site-packages/airflow/example_dags/example_latest_only_with_trigger.py
[2025-07-11T09:51:36.024+0000] {processor.py:830} INFO - Processing file /home/airflow/.local/lib/python3.8/site-packages/airflow/example_dags/example_latest_only_with_trigger.py for tasks to queue
[2025-07-11T09:51:36.027+0000] {logging_mixin.py:188} INFO - [2025-07-11T09:51:36.026+0000] {dagbag.py:538} INFO - Filling up the DagBag from /home/airflow/.local/lib/python3.8/site-packages/airflow/example_dags/example_latest_only_with_trigger.py
[2025-07-11T09:51:36.034+0000] {processor.py:840} INFO - DAG(s) 'latest_only_with_trigger' retrieved from /home/airflow/.local/lib/python3.8/site-packages/airflow/example_dags/example_latest_only_with_trigger.py
[2025-07-11T09:51:36.063+0000] {logging_mixin.py:188} INFO - [2025-07-11T09:51:36.063+0000] {dag.py:3036} INFO - Sync 1 DAGs
[2025-07-11T09:51:36.094+0000] {logging_mixin.py:188} INFO - [2025-07-11T09:51:36.093+0000] {dag.py:3823} INFO - Setting next_dagrun for latest_only_with_trigger to 2025-07-11 04:00:00+00:00, run_after=2025-07-11 08:00:00+00:00
[2025-07-11T09:51:36.124+0000] {processor.py:183} INFO - Processing /home/airflow/.local/lib/python3.8/site-packages/airflow/example_dags/example_latest_only_with_trigger.py took 0.106 seconds
[2025-07-11T09:52:06.652+0000] {processor.py:161} INFO - Started process (PID=1989) to work on /home/airflow/.local/lib/python3.8/site-packages/airflow/example_dags/example_latest_only_with_trigger.py
[2025-07-11T09:52:06.654+0000] {processor.py:830} INFO - Processing file /home/airflow/.local/lib/python3.8/site-packages/airflow/example_dags/example_latest_only_with_trigger.py for tasks to queue
[2025-07-11T09:52:06.657+0000] {logging_mixin.py:188} INFO - [2025-07-11T09:52:06.657+0000] {dagbag.py:538} INFO - Filling up the DagBag from /home/airflow/.local/lib/python3.8/site-packages/airflow/example_dags/example_latest_only_with_trigger.py
[2025-07-11T09:52:06.665+0000] {processor.py:840} INFO - DAG(s) 'latest_only_with_trigger' retrieved from /home/airflow/.local/lib/python3.8/site-packages/airflow/example_dags/example_latest_only_with_trigger.py
[2025-07-11T09:52:06.694+0000] {logging_mixin.py:188} INFO - [2025-07-11T09:52:06.694+0000] {dag.py:3036} INFO - Sync 1 DAGs
[2025-07-11T09:52:06.727+0000] {logging_mixin.py:188} INFO - [2025-07-11T09:52:06.727+0000] {dag.py:3823} INFO - Setting next_dagrun for latest_only_with_trigger to 2025-07-11 04:00:00+00:00, run_after=2025-07-11 08:00:00+00:00
[2025-07-11T09:52:06.760+0000] {processor.py:183} INFO - Processing /home/airflow/.local/lib/python3.8/site-packages/airflow/example_dags/example_latest_only_with_trigger.py took 0.112 seconds
[2025-07-11T09:52:36.855+0000] {processor.py:161} INFO - Started process (PID=2044) to work on /home/airflow/.local/lib/python3.8/site-packages/airflow/example_dags/example_latest_only_with_trigger.py
[2025-07-11T09:52:36.857+0000] {processor.py:830} INFO - Processing file /home/airflow/.local/lib/python3.8/site-packages/airflow/example_dags/example_latest_only_with_trigger.py for tasks to queue
[2025-07-11T09:52:36.863+0000] {logging_mixin.py:188} INFO - [2025-07-11T09:52:36.862+0000] {dagbag.py:538} INFO - Filling up the DagBag from /home/airflow/.local/lib/python3.8/site-packages/airflow/example_dags/example_latest_only_with_trigger.py
[2025-07-11T09:52:36.871+0000] {processor.py:840} INFO - DAG(s) 'latest_only_with_trigger' retrieved from /home/airflow/.local/lib/python3.8/site-packages/airflow/example_dags/example_latest_only_with_trigger.py
[2025-07-11T09:52:36.910+0000] {logging_mixin.py:188} INFO - [2025-07-11T09:52:36.910+0000] {dag.py:3036} INFO - Sync 1 DAGs
[2025-07-11T09:52:36.949+0000] {logging_mixin.py:188} INFO - [2025-07-11T09:52:36.948+0000] {dag.py:3823} INFO - Setting next_dagrun for latest_only_with_trigger to 2025-07-11 04:00:00+00:00, run_after=2025-07-11 08:00:00+00:00
[2025-07-11T09:52:36.983+0000] {processor.py:183} INFO - Processing /home/airflow/.local/lib/python3.8/site-packages/airflow/example_dags/example_latest_only_with_trigger.py took 0.133 seconds
[2025-07-11T09:53:07.413+0000] {processor.py:161} INFO - Started process (PID=2099) to work on /home/airflow/.local/lib/python3.8/site-packages/airflow/example_dags/example_latest_only_with_trigger.py
[2025-07-11T09:53:07.415+0000] {processor.py:830} INFO - Processing file /home/airflow/.local/lib/python3.8/site-packages/airflow/example_dags/example_latest_only_with_trigger.py for tasks to queue
[2025-07-11T09:53:07.418+0000] {logging_mixin.py:188} INFO - [2025-07-11T09:53:07.418+0000] {dagbag.py:538} INFO - Filling up the DagBag from /home/airflow/.local/lib/python3.8/site-packages/airflow/example_dags/example_latest_only_with_trigger.py
[2025-07-11T09:53:07.427+0000] {processor.py:840} INFO - DAG(s) 'latest_only_with_trigger' retrieved from /home/airflow/.local/lib/python3.8/site-packages/airflow/example_dags/example_latest_only_with_trigger.py
[2025-07-11T09:53:07.459+0000] {logging_mixin.py:188} INFO - [2025-07-11T09:53:07.459+0000] {dag.py:3036} INFO - Sync 1 DAGs
[2025-07-11T09:53:07.496+0000] {logging_mixin.py:188} INFO - [2025-07-11T09:53:07.495+0000] {dag.py:3823} INFO - Setting next_dagrun for latest_only_with_trigger to 2025-07-11 04:00:00+00:00, run_after=2025-07-11 08:00:00+00:00
[2025-07-11T09:53:07.528+0000] {processor.py:183} INFO - Processing /home/airflow/.local/lib/python3.8/site-packages/airflow/example_dags/example_latest_only_with_trigger.py took 0.120 seconds
[2025-07-11T09:53:37.992+0000] {processor.py:161} INFO - Started process (PID=2154) to work on /home/airflow/.local/lib/python3.8/site-packages/airflow/example_dags/example_latest_only_with_trigger.py
[2025-07-11T09:53:37.994+0000] {processor.py:830} INFO - Processing file /home/airflow/.local/lib/python3.8/site-packages/airflow/example_dags/example_latest_only_with_trigger.py for tasks to queue
[2025-07-11T09:53:37.997+0000] {logging_mixin.py:188} INFO - [2025-07-11T09:53:37.996+0000] {dagbag.py:538} INFO - Filling up the DagBag from /home/airflow/.local/lib/python3.8/site-packages/airflow/example_dags/example_latest_only_with_trigger.py
[2025-07-11T09:53:38.006+0000] {processor.py:840} INFO - DAG(s) 'latest_only_with_trigger' retrieved from /home/airflow/.local/lib/python3.8/site-packages/airflow/example_dags/example_latest_only_with_trigger.py
[2025-07-11T09:53:38.041+0000] {logging_mixin.py:188} INFO - [2025-07-11T09:53:38.040+0000] {dag.py:3036} INFO - Sync 1 DAGs
[2025-07-11T09:53:38.087+0000] {logging_mixin.py:188} INFO - [2025-07-11T09:53:38.087+0000] {dag.py:3823} INFO - Setting next_dagrun for latest_only_with_trigger to 2025-07-11 04:00:00+00:00, run_after=2025-07-11 08:00:00+00:00
[2025-07-11T09:53:38.128+0000] {processor.py:183} INFO - Processing /home/airflow/.local/lib/python3.8/site-packages/airflow/example_dags/example_latest_only_with_trigger.py took 0.142 seconds
[2025-07-11T09:54:08.575+0000] {processor.py:161} INFO - Started process (PID=2209) to work on /home/airflow/.local/lib/python3.8/site-packages/airflow/example_dags/example_latest_only_with_trigger.py
[2025-07-11T09:54:08.577+0000] {processor.py:830} INFO - Processing file /home/airflow/.local/lib/python3.8/site-packages/airflow/example_dags/example_latest_only_with_trigger.py for tasks to queue
[2025-07-11T09:54:08.580+0000] {logging_mixin.py:188} INFO - [2025-07-11T09:54:08.580+0000] {dagbag.py:538} INFO - Filling up the DagBag from /home/airflow/.local/lib/python3.8/site-packages/airflow/example_dags/example_latest_only_with_trigger.py
[2025-07-11T09:54:08.591+0000] {processor.py:840} INFO - DAG(s) 'latest_only_with_trigger' retrieved from /home/airflow/.local/lib/python3.8/site-packages/airflow/example_dags/example_latest_only_with_trigger.py
[2025-07-11T09:54:08.626+0000] {logging_mixin.py:188} INFO - [2025-07-11T09:54:08.626+0000] {dag.py:3036} INFO - Sync 1 DAGs
[2025-07-11T09:54:08.663+0000] {logging_mixin.py:188} INFO - [2025-07-11T09:54:08.663+0000] {dag.py:3823} INFO - Setting next_dagrun for latest_only_with_trigger to 2025-07-11 04:00:00+00:00, run_after=2025-07-11 08:00:00+00:00
[2025-07-11T09:54:08.698+0000] {processor.py:183} INFO - Processing /home/airflow/.local/lib/python3.8/site-packages/airflow/example_dags/example_latest_only_with_trigger.py took 0.128 seconds
[2025-07-11T09:54:39.417+0000] {processor.py:161} INFO - Started process (PID=2264) to work on /home/airflow/.local/lib/python3.8/site-packages/airflow/example_dags/example_latest_only_with_trigger.py
[2025-07-11T09:54:39.419+0000] {processor.py:830} INFO - Processing file /home/airflow/.local/lib/python3.8/site-packages/airflow/example_dags/example_latest_only_with_trigger.py for tasks to queue
[2025-07-11T09:54:39.421+0000] {logging_mixin.py:188} INFO - [2025-07-11T09:54:39.421+0000] {dagbag.py:538} INFO - Filling up the DagBag from /home/airflow/.local/lib/python3.8/site-packages/airflow/example_dags/example_latest_only_with_trigger.py
[2025-07-11T09:54:39.429+0000] {processor.py:840} INFO - DAG(s) 'latest_only_with_trigger' retrieved from /home/airflow/.local/lib/python3.8/site-packages/airflow/example_dags/example_latest_only_with_trigger.py
[2025-07-11T09:54:39.462+0000] {logging_mixin.py:188} INFO - [2025-07-11T09:54:39.461+0000] {dag.py:3036} INFO - Sync 1 DAGs
[2025-07-11T09:54:39.501+0000] {logging_mixin.py:188} INFO - [2025-07-11T09:54:39.501+0000] {dag.py:3823} INFO - Setting next_dagrun for latest_only_with_trigger to 2025-07-11 04:00:00+00:00, run_after=2025-07-11 08:00:00+00:00
[2025-07-11T09:54:39.540+0000] {processor.py:183} INFO - Processing /home/airflow/.local/lib/python3.8/site-packages/airflow/example_dags/example_latest_only_with_trigger.py took 0.128 seconds
