[2025-07-11T09:24:55.249+0000] {processor.py:161} INFO - Started process (PID=90) to work on /home/airflow/.local/lib/python3.8/site-packages/airflow/example_dags/example_setup_teardown.py
[2025-07-11T09:24:55.251+0000] {processor.py:830} INFO - Processing file /home/airflow/.local/lib/python3.8/site-packages/airflow/example_dags/example_setup_teardown.py for tasks to queue
[2025-07-11T09:24:55.254+0000] {logging_mixin.py:188} INFO - [2025-07-11T09:24:55.253+0000] {dagbag.py:538} INFO - Filling up the DagBag from /home/airflow/.local/lib/python3.8/site-packages/airflow/example_dags/example_setup_teardown.py
[2025-07-11T09:24:55.266+0000] {processor.py:840} INFO - DAG(s) 'example_setup_teardown' retrieved from /home/airflow/.local/lib/python3.8/site-packages/airflow/example_dags/example_setup_teardown.py
[2025-07-11T09:24:55.596+0000] {logging_mixin.py:188} INFO - [2025-07-11T09:24:55.595+0000] {override.py:1769} INFO - Created Permission View: can edit on DAG:example_setup_teardown
[2025-07-11T09:24:55.620+0000] {logging_mixin.py:188} INFO - [2025-07-11T09:24:55.619+0000] {override.py:1769} INFO - Created Permission View: can delete on DAG:example_setup_teardown
[2025-07-11T09:24:55.635+0000] {logging_mixin.py:188} INFO - [2025-07-11T09:24:55.634+0000] {override.py:1769} INFO - Created Permission View: can read on DAG:example_setup_teardown
[2025-07-11T09:24:55.635+0000] {logging_mixin.py:188} INFO - [2025-07-11T09:24:55.635+0000] {dag.py:3036} INFO - Sync 1 DAGs
[2025-07-11T09:24:55.661+0000] {logging_mixin.py:188} INFO - [2025-07-11T09:24:55.660+0000] {dag.py:3058} INFO - Creating ORM DAG for example_setup_teardown
[2025-07-11T09:24:55.680+0000] {logging_mixin.py:188} INFO - [2025-07-11T09:24:55.679+0000] {dag.py:3823} INFO - Setting next_dagrun for example_setup_teardown to 2025-07-10 00:00:00+00:00, run_after=2025-07-11 00:00:00+00:00
[2025-07-11T09:24:55.717+0000] {processor.py:183} INFO - Processing /home/airflow/.local/lib/python3.8/site-packages/airflow/example_dags/example_setup_teardown.py took 0.473 seconds
[2025-07-11T09:25:26.369+0000] {processor.py:161} INFO - Started process (PID=145) to work on /home/airflow/.local/lib/python3.8/site-packages/airflow/example_dags/example_setup_teardown.py
[2025-07-11T09:25:26.371+0000] {processor.py:830} INFO - Processing file /home/airflow/.local/lib/python3.8/site-packages/airflow/example_dags/example_setup_teardown.py for tasks to queue
[2025-07-11T09:25:26.373+0000] {logging_mixin.py:188} INFO - [2025-07-11T09:25:26.373+0000] {dagbag.py:538} INFO - Filling up the DagBag from /home/airflow/.local/lib/python3.8/site-packages/airflow/example_dags/example_setup_teardown.py
[2025-07-11T09:25:26.386+0000] {processor.py:840} INFO - DAG(s) 'example_setup_teardown' retrieved from /home/airflow/.local/lib/python3.8/site-packages/airflow/example_dags/example_setup_teardown.py
[2025-07-11T09:25:26.419+0000] {logging_mixin.py:188} INFO - [2025-07-11T09:25:26.419+0000] {dag.py:3036} INFO - Sync 1 DAGs
[2025-07-11T09:25:26.452+0000] {logging_mixin.py:188} INFO - [2025-07-11T09:25:26.452+0000] {dag.py:3823} INFO - Setting next_dagrun for example_setup_teardown to 2025-07-10 00:00:00+00:00, run_after=2025-07-11 00:00:00+00:00
[2025-07-11T09:25:26.480+0000] {processor.py:183} INFO - Processing /home/airflow/.local/lib/python3.8/site-packages/airflow/example_dags/example_setup_teardown.py took 0.115 seconds
[2025-07-11T09:25:56.862+0000] {processor.py:161} INFO - Started process (PID=200) to work on /home/airflow/.local/lib/python3.8/site-packages/airflow/example_dags/example_setup_teardown.py
[2025-07-11T09:25:56.863+0000] {processor.py:830} INFO - Processing file /home/airflow/.local/lib/python3.8/site-packages/airflow/example_dags/example_setup_teardown.py for tasks to queue
[2025-07-11T09:25:56.865+0000] {logging_mixin.py:188} INFO - [2025-07-11T09:25:56.865+0000] {dagbag.py:538} INFO - Filling up the DagBag from /home/airflow/.local/lib/python3.8/site-packages/airflow/example_dags/example_setup_teardown.py
[2025-07-11T09:25:56.874+0000] {processor.py:840} INFO - DAG(s) 'example_setup_teardown' retrieved from /home/airflow/.local/lib/python3.8/site-packages/airflow/example_dags/example_setup_teardown.py
[2025-07-11T09:25:56.902+0000] {logging_mixin.py:188} INFO - [2025-07-11T09:25:56.902+0000] {dag.py:3036} INFO - Sync 1 DAGs
[2025-07-11T09:25:56.933+0000] {logging_mixin.py:188} INFO - [2025-07-11T09:25:56.933+0000] {dag.py:3823} INFO - Setting next_dagrun for example_setup_teardown to 2025-07-10 00:00:00+00:00, run_after=2025-07-11 00:00:00+00:00
[2025-07-11T09:25:56.966+0000] {processor.py:183} INFO - Processing /home/airflow/.local/lib/python3.8/site-packages/airflow/example_dags/example_setup_teardown.py took 0.109 seconds
[2025-07-11T09:26:27.194+0000] {processor.py:161} INFO - Started process (PID=255) to work on /home/airflow/.local/lib/python3.8/site-packages/airflow/example_dags/example_setup_teardown.py
[2025-07-11T09:26:27.196+0000] {processor.py:830} INFO - Processing file /home/airflow/.local/lib/python3.8/site-packages/airflow/example_dags/example_setup_teardown.py for tasks to queue
[2025-07-11T09:26:27.198+0000] {logging_mixin.py:188} INFO - [2025-07-11T09:26:27.198+0000] {dagbag.py:538} INFO - Filling up the DagBag from /home/airflow/.local/lib/python3.8/site-packages/airflow/example_dags/example_setup_teardown.py
[2025-07-11T09:26:27.210+0000] {processor.py:840} INFO - DAG(s) 'example_setup_teardown' retrieved from /home/airflow/.local/lib/python3.8/site-packages/airflow/example_dags/example_setup_teardown.py
[2025-07-11T09:26:27.244+0000] {logging_mixin.py:188} INFO - [2025-07-11T09:26:27.244+0000] {dag.py:3036} INFO - Sync 1 DAGs
[2025-07-11T09:26:27.277+0000] {logging_mixin.py:188} INFO - [2025-07-11T09:26:27.277+0000] {dag.py:3823} INFO - Setting next_dagrun for example_setup_teardown to 2025-07-10 00:00:00+00:00, run_after=2025-07-11 00:00:00+00:00
[2025-07-11T09:26:27.314+0000] {processor.py:183} INFO - Processing /home/airflow/.local/lib/python3.8/site-packages/airflow/example_dags/example_setup_teardown.py took 0.124 seconds
[2025-07-11T09:26:57.518+0000] {processor.py:161} INFO - Started process (PID=310) to work on /home/airflow/.local/lib/python3.8/site-packages/airflow/example_dags/example_setup_teardown.py
[2025-07-11T09:26:57.520+0000] {processor.py:830} INFO - Processing file /home/airflow/.local/lib/python3.8/site-packages/airflow/example_dags/example_setup_teardown.py for tasks to queue
[2025-07-11T09:26:57.522+0000] {logging_mixin.py:188} INFO - [2025-07-11T09:26:57.522+0000] {dagbag.py:538} INFO - Filling up the DagBag from /home/airflow/.local/lib/python3.8/site-packages/airflow/example_dags/example_setup_teardown.py
[2025-07-11T09:26:57.535+0000] {processor.py:840} INFO - DAG(s) 'example_setup_teardown' retrieved from /home/airflow/.local/lib/python3.8/site-packages/airflow/example_dags/example_setup_teardown.py
[2025-07-11T09:26:57.571+0000] {logging_mixin.py:188} INFO - [2025-07-11T09:26:57.570+0000] {dag.py:3036} INFO - Sync 1 DAGs
[2025-07-11T09:26:57.612+0000] {logging_mixin.py:188} INFO - [2025-07-11T09:26:57.612+0000] {dag.py:3823} INFO - Setting next_dagrun for example_setup_teardown to 2025-07-10 00:00:00+00:00, run_after=2025-07-11 00:00:00+00:00
[2025-07-11T09:26:57.647+0000] {processor.py:183} INFO - Processing /home/airflow/.local/lib/python3.8/site-packages/airflow/example_dags/example_setup_teardown.py took 0.133 seconds
[2025-07-11T09:28:23.501+0000] {processor.py:161} INFO - Started process (PID=91) to work on /home/airflow/.local/lib/python3.8/site-packages/airflow/example_dags/example_setup_teardown.py
[2025-07-11T09:28:23.502+0000] {processor.py:830} INFO - Processing file /home/airflow/.local/lib/python3.8/site-packages/airflow/example_dags/example_setup_teardown.py for tasks to queue
[2025-07-11T09:28:23.505+0000] {logging_mixin.py:188} INFO - [2025-07-11T09:28:23.505+0000] {dagbag.py:538} INFO - Filling up the DagBag from /home/airflow/.local/lib/python3.8/site-packages/airflow/example_dags/example_setup_teardown.py
[2025-07-11T09:28:23.517+0000] {processor.py:840} INFO - DAG(s) 'example_setup_teardown' retrieved from /home/airflow/.local/lib/python3.8/site-packages/airflow/example_dags/example_setup_teardown.py
[2025-07-11T09:28:23.720+0000] {logging_mixin.py:188} INFO - [2025-07-11T09:28:23.720+0000] {override.py:1769} INFO - Created Permission View: can read on DAG:example_setup_teardown
[2025-07-11T09:28:23.744+0000] {logging_mixin.py:188} INFO - [2025-07-11T09:28:23.743+0000] {override.py:1769} INFO - Created Permission View: can delete on DAG:example_setup_teardown
[2025-07-11T09:28:23.764+0000] {logging_mixin.py:188} INFO - [2025-07-11T09:28:23.763+0000] {override.py:1769} INFO - Created Permission View: can edit on DAG:example_setup_teardown
[2025-07-11T09:28:23.764+0000] {logging_mixin.py:188} INFO - [2025-07-11T09:28:23.764+0000] {dag.py:3036} INFO - Sync 1 DAGs
[2025-07-11T09:28:23.786+0000] {logging_mixin.py:188} INFO - [2025-07-11T09:28:23.785+0000] {dag.py:3058} INFO - Creating ORM DAG for example_setup_teardown
[2025-07-11T09:28:23.804+0000] {logging_mixin.py:188} INFO - [2025-07-11T09:28:23.804+0000] {dag.py:3823} INFO - Setting next_dagrun for example_setup_teardown to 2025-07-10 00:00:00+00:00, run_after=2025-07-11 00:00:00+00:00
[2025-07-11T09:28:23.837+0000] {processor.py:183} INFO - Processing /home/airflow/.local/lib/python3.8/site-packages/airflow/example_dags/example_setup_teardown.py took 0.341 seconds
[2025-07-11T09:28:54.141+0000] {processor.py:161} INFO - Started process (PID=146) to work on /home/airflow/.local/lib/python3.8/site-packages/airflow/example_dags/example_setup_teardown.py
[2025-07-11T09:28:54.143+0000] {processor.py:830} INFO - Processing file /home/airflow/.local/lib/python3.8/site-packages/airflow/example_dags/example_setup_teardown.py for tasks to queue
[2025-07-11T09:28:54.146+0000] {logging_mixin.py:188} INFO - [2025-07-11T09:28:54.146+0000] {dagbag.py:538} INFO - Filling up the DagBag from /home/airflow/.local/lib/python3.8/site-packages/airflow/example_dags/example_setup_teardown.py
[2025-07-11T09:28:54.160+0000] {processor.py:840} INFO - DAG(s) 'example_setup_teardown' retrieved from /home/airflow/.local/lib/python3.8/site-packages/airflow/example_dags/example_setup_teardown.py
[2025-07-11T09:28:54.191+0000] {logging_mixin.py:188} INFO - [2025-07-11T09:28:54.191+0000] {dag.py:3036} INFO - Sync 1 DAGs
[2025-07-11T09:28:54.225+0000] {logging_mixin.py:188} INFO - [2025-07-11T09:28:54.225+0000] {dag.py:3823} INFO - Setting next_dagrun for example_setup_teardown to 2025-07-10 00:00:00+00:00, run_after=2025-07-11 00:00:00+00:00
[2025-07-11T09:28:54.271+0000] {processor.py:183} INFO - Processing /home/airflow/.local/lib/python3.8/site-packages/airflow/example_dags/example_setup_teardown.py took 0.136 seconds
[2025-07-11T09:29:24.763+0000] {processor.py:161} INFO - Started process (PID=201) to work on /home/airflow/.local/lib/python3.8/site-packages/airflow/example_dags/example_setup_teardown.py
[2025-07-11T09:29:24.764+0000] {processor.py:830} INFO - Processing file /home/airflow/.local/lib/python3.8/site-packages/airflow/example_dags/example_setup_teardown.py for tasks to queue
[2025-07-11T09:29:24.767+0000] {logging_mixin.py:188} INFO - [2025-07-11T09:29:24.766+0000] {dagbag.py:538} INFO - Filling up the DagBag from /home/airflow/.local/lib/python3.8/site-packages/airflow/example_dags/example_setup_teardown.py
[2025-07-11T09:29:24.776+0000] {processor.py:840} INFO - DAG(s) 'example_setup_teardown' retrieved from /home/airflow/.local/lib/python3.8/site-packages/airflow/example_dags/example_setup_teardown.py
[2025-07-11T09:29:24.805+0000] {logging_mixin.py:188} INFO - [2025-07-11T09:29:24.804+0000] {dag.py:3036} INFO - Sync 1 DAGs
[2025-07-11T09:29:24.837+0000] {logging_mixin.py:188} INFO - [2025-07-11T09:29:24.836+0000] {dag.py:3823} INFO - Setting next_dagrun for example_setup_teardown to 2025-07-10 00:00:00+00:00, run_after=2025-07-11 00:00:00+00:00
[2025-07-11T09:29:24.866+0000] {processor.py:183} INFO - Processing /home/airflow/.local/lib/python3.8/site-packages/airflow/example_dags/example_setup_teardown.py took 0.108 seconds
[2025-07-11T09:29:55.108+0000] {processor.py:161} INFO - Started process (PID=256) to work on /home/airflow/.local/lib/python3.8/site-packages/airflow/example_dags/example_setup_teardown.py
[2025-07-11T09:29:55.110+0000] {processor.py:830} INFO - Processing file /home/airflow/.local/lib/python3.8/site-packages/airflow/example_dags/example_setup_teardown.py for tasks to queue
[2025-07-11T09:29:55.113+0000] {logging_mixin.py:188} INFO - [2025-07-11T09:29:55.112+0000] {dagbag.py:538} INFO - Filling up the DagBag from /home/airflow/.local/lib/python3.8/site-packages/airflow/example_dags/example_setup_teardown.py
[2025-07-11T09:29:55.122+0000] {processor.py:840} INFO - DAG(s) 'example_setup_teardown' retrieved from /home/airflow/.local/lib/python3.8/site-packages/airflow/example_dags/example_setup_teardown.py
[2025-07-11T09:29:55.153+0000] {logging_mixin.py:188} INFO - [2025-07-11T09:29:55.153+0000] {dag.py:3036} INFO - Sync 1 DAGs
[2025-07-11T09:29:55.189+0000] {logging_mixin.py:188} INFO - [2025-07-11T09:29:55.189+0000] {dag.py:3823} INFO - Setting next_dagrun for example_setup_teardown to 2025-07-10 00:00:00+00:00, run_after=2025-07-11 00:00:00+00:00
[2025-07-11T09:29:55.218+0000] {processor.py:183} INFO - Processing /home/airflow/.local/lib/python3.8/site-packages/airflow/example_dags/example_setup_teardown.py took 0.116 seconds
[2025-07-11T09:30:25.457+0000] {processor.py:161} INFO - Started process (PID=311) to work on /home/airflow/.local/lib/python3.8/site-packages/airflow/example_dags/example_setup_teardown.py
[2025-07-11T09:30:25.459+0000] {processor.py:830} INFO - Processing file /home/airflow/.local/lib/python3.8/site-packages/airflow/example_dags/example_setup_teardown.py for tasks to queue
[2025-07-11T09:30:25.462+0000] {logging_mixin.py:188} INFO - [2025-07-11T09:30:25.461+0000] {dagbag.py:538} INFO - Filling up the DagBag from /home/airflow/.local/lib/python3.8/site-packages/airflow/example_dags/example_setup_teardown.py
[2025-07-11T09:30:25.473+0000] {processor.py:840} INFO - DAG(s) 'example_setup_teardown' retrieved from /home/airflow/.local/lib/python3.8/site-packages/airflow/example_dags/example_setup_teardown.py
[2025-07-11T09:30:25.507+0000] {logging_mixin.py:188} INFO - [2025-07-11T09:30:25.506+0000] {dag.py:3036} INFO - Sync 1 DAGs
[2025-07-11T09:30:25.545+0000] {logging_mixin.py:188} INFO - [2025-07-11T09:30:25.544+0000] {dag.py:3823} INFO - Setting next_dagrun for example_setup_teardown to 2025-07-10 00:00:00+00:00, run_after=2025-07-11 00:00:00+00:00
[2025-07-11T09:30:25.583+0000] {processor.py:183} INFO - Processing /home/airflow/.local/lib/python3.8/site-packages/airflow/example_dags/example_setup_teardown.py took 0.130 seconds
[2025-07-11T09:30:56.206+0000] {processor.py:161} INFO - Started process (PID=366) to work on /home/airflow/.local/lib/python3.8/site-packages/airflow/example_dags/example_setup_teardown.py
[2025-07-11T09:30:56.208+0000] {processor.py:830} INFO - Processing file /home/airflow/.local/lib/python3.8/site-packages/airflow/example_dags/example_setup_teardown.py for tasks to queue
[2025-07-11T09:30:56.211+0000] {logging_mixin.py:188} INFO - [2025-07-11T09:30:56.210+0000] {dagbag.py:538} INFO - Filling up the DagBag from /home/airflow/.local/lib/python3.8/site-packages/airflow/example_dags/example_setup_teardown.py
[2025-07-11T09:30:56.221+0000] {processor.py:840} INFO - DAG(s) 'example_setup_teardown' retrieved from /home/airflow/.local/lib/python3.8/site-packages/airflow/example_dags/example_setup_teardown.py
[2025-07-11T09:30:56.249+0000] {logging_mixin.py:188} INFO - [2025-07-11T09:30:56.248+0000] {dag.py:3036} INFO - Sync 1 DAGs
[2025-07-11T09:30:56.280+0000] {logging_mixin.py:188} INFO - [2025-07-11T09:30:56.280+0000] {dag.py:3823} INFO - Setting next_dagrun for example_setup_teardown to 2025-07-10 00:00:00+00:00, run_after=2025-07-11 00:00:00+00:00
[2025-07-11T09:30:56.314+0000] {processor.py:183} INFO - Processing /home/airflow/.local/lib/python3.8/site-packages/airflow/example_dags/example_setup_teardown.py took 0.112 seconds
[2025-07-11T09:31:26.547+0000] {processor.py:161} INFO - Started process (PID=421) to work on /home/airflow/.local/lib/python3.8/site-packages/airflow/example_dags/example_setup_teardown.py
[2025-07-11T09:31:26.548+0000] {processor.py:830} INFO - Processing file /home/airflow/.local/lib/python3.8/site-packages/airflow/example_dags/example_setup_teardown.py for tasks to queue
[2025-07-11T09:31:26.550+0000] {logging_mixin.py:188} INFO - [2025-07-11T09:31:26.550+0000] {dagbag.py:538} INFO - Filling up the DagBag from /home/airflow/.local/lib/python3.8/site-packages/airflow/example_dags/example_setup_teardown.py
[2025-07-11T09:31:26.561+0000] {processor.py:840} INFO - DAG(s) 'example_setup_teardown' retrieved from /home/airflow/.local/lib/python3.8/site-packages/airflow/example_dags/example_setup_teardown.py
[2025-07-11T09:31:26.589+0000] {logging_mixin.py:188} INFO - [2025-07-11T09:31:26.588+0000] {dag.py:3036} INFO - Sync 1 DAGs
[2025-07-11T09:31:26.620+0000] {logging_mixin.py:188} INFO - [2025-07-11T09:31:26.620+0000] {dag.py:3823} INFO - Setting next_dagrun for example_setup_teardown to 2025-07-10 00:00:00+00:00, run_after=2025-07-11 00:00:00+00:00
[2025-07-11T09:31:26.650+0000] {processor.py:183} INFO - Processing /home/airflow/.local/lib/python3.8/site-packages/airflow/example_dags/example_setup_teardown.py took 0.108 seconds
[2025-07-11T09:31:57.530+0000] {processor.py:161} INFO - Started process (PID=476) to work on /home/airflow/.local/lib/python3.8/site-packages/airflow/example_dags/example_setup_teardown.py
[2025-07-11T09:31:57.532+0000] {processor.py:830} INFO - Processing file /home/airflow/.local/lib/python3.8/site-packages/airflow/example_dags/example_setup_teardown.py for tasks to queue
[2025-07-11T09:31:57.535+0000] {logging_mixin.py:188} INFO - [2025-07-11T09:31:57.534+0000] {dagbag.py:538} INFO - Filling up the DagBag from /home/airflow/.local/lib/python3.8/site-packages/airflow/example_dags/example_setup_teardown.py
[2025-07-11T09:31:57.546+0000] {processor.py:840} INFO - DAG(s) 'example_setup_teardown' retrieved from /home/airflow/.local/lib/python3.8/site-packages/airflow/example_dags/example_setup_teardown.py
[2025-07-11T09:31:57.581+0000] {logging_mixin.py:188} INFO - [2025-07-11T09:31:57.581+0000] {dag.py:3036} INFO - Sync 1 DAGs
[2025-07-11T09:31:57.630+0000] {logging_mixin.py:188} INFO - [2025-07-11T09:31:57.630+0000] {dag.py:3823} INFO - Setting next_dagrun for example_setup_teardown to 2025-07-10 00:00:00+00:00, run_after=2025-07-11 00:00:00+00:00
[2025-07-11T09:31:57.683+0000] {processor.py:183} INFO - Processing /home/airflow/.local/lib/python3.8/site-packages/airflow/example_dags/example_setup_teardown.py took 0.158 seconds
[2025-07-11T09:32:28.161+0000] {processor.py:161} INFO - Started process (PID=531) to work on /home/airflow/.local/lib/python3.8/site-packages/airflow/example_dags/example_setup_teardown.py
[2025-07-11T09:32:28.163+0000] {processor.py:830} INFO - Processing file /home/airflow/.local/lib/python3.8/site-packages/airflow/example_dags/example_setup_teardown.py for tasks to queue
[2025-07-11T09:32:28.166+0000] {logging_mixin.py:188} INFO - [2025-07-11T09:32:28.166+0000] {dagbag.py:538} INFO - Filling up the DagBag from /home/airflow/.local/lib/python3.8/site-packages/airflow/example_dags/example_setup_teardown.py
[2025-07-11T09:32:28.177+0000] {processor.py:840} INFO - DAG(s) 'example_setup_teardown' retrieved from /home/airflow/.local/lib/python3.8/site-packages/airflow/example_dags/example_setup_teardown.py
[2025-07-11T09:32:28.205+0000] {logging_mixin.py:188} INFO - [2025-07-11T09:32:28.205+0000] {dag.py:3036} INFO - Sync 1 DAGs
[2025-07-11T09:32:28.238+0000] {logging_mixin.py:188} INFO - [2025-07-11T09:32:28.237+0000] {dag.py:3823} INFO - Setting next_dagrun for example_setup_teardown to 2025-07-10 00:00:00+00:00, run_after=2025-07-11 00:00:00+00:00
[2025-07-11T09:32:28.266+0000] {processor.py:183} INFO - Processing /home/airflow/.local/lib/python3.8/site-packages/airflow/example_dags/example_setup_teardown.py took 0.111 seconds
[2025-07-11T09:32:58.987+0000] {processor.py:161} INFO - Started process (PID=586) to work on /home/airflow/.local/lib/python3.8/site-packages/airflow/example_dags/example_setup_teardown.py
[2025-07-11T09:32:58.988+0000] {processor.py:830} INFO - Processing file /home/airflow/.local/lib/python3.8/site-packages/airflow/example_dags/example_setup_teardown.py for tasks to queue
[2025-07-11T09:32:58.992+0000] {logging_mixin.py:188} INFO - [2025-07-11T09:32:58.991+0000] {dagbag.py:538} INFO - Filling up the DagBag from /home/airflow/.local/lib/python3.8/site-packages/airflow/example_dags/example_setup_teardown.py
[2025-07-11T09:32:59.005+0000] {processor.py:840} INFO - DAG(s) 'example_setup_teardown' retrieved from /home/airflow/.local/lib/python3.8/site-packages/airflow/example_dags/example_setup_teardown.py
[2025-07-11T09:32:59.041+0000] {logging_mixin.py:188} INFO - [2025-07-11T09:32:59.040+0000] {dag.py:3036} INFO - Sync 1 DAGs
[2025-07-11T09:32:59.084+0000] {logging_mixin.py:188} INFO - [2025-07-11T09:32:59.084+0000] {dag.py:3823} INFO - Setting next_dagrun for example_setup_teardown to 2025-07-10 00:00:00+00:00, run_after=2025-07-11 00:00:00+00:00
[2025-07-11T09:32:59.120+0000] {processor.py:183} INFO - Processing /home/airflow/.local/lib/python3.8/site-packages/airflow/example_dags/example_setup_teardown.py took 0.140 seconds
[2025-07-11T09:33:29.310+0000] {processor.py:161} INFO - Started process (PID=641) to work on /home/airflow/.local/lib/python3.8/site-packages/airflow/example_dags/example_setup_teardown.py
[2025-07-11T09:33:29.312+0000] {processor.py:830} INFO - Processing file /home/airflow/.local/lib/python3.8/site-packages/airflow/example_dags/example_setup_teardown.py for tasks to queue
[2025-07-11T09:33:29.315+0000] {logging_mixin.py:188} INFO - [2025-07-11T09:33:29.314+0000] {dagbag.py:538} INFO - Filling up the DagBag from /home/airflow/.local/lib/python3.8/site-packages/airflow/example_dags/example_setup_teardown.py
[2025-07-11T09:33:29.327+0000] {processor.py:840} INFO - DAG(s) 'example_setup_teardown' retrieved from /home/airflow/.local/lib/python3.8/site-packages/airflow/example_dags/example_setup_teardown.py
[2025-07-11T09:33:29.368+0000] {logging_mixin.py:188} INFO - [2025-07-11T09:33:29.368+0000] {dag.py:3036} INFO - Sync 1 DAGs
[2025-07-11T09:33:29.407+0000] {logging_mixin.py:188} INFO - [2025-07-11T09:33:29.407+0000] {dag.py:3823} INFO - Setting next_dagrun for example_setup_teardown to 2025-07-10 00:00:00+00:00, run_after=2025-07-11 00:00:00+00:00
[2025-07-11T09:33:29.441+0000] {processor.py:183} INFO - Processing /home/airflow/.local/lib/python3.8/site-packages/airflow/example_dags/example_setup_teardown.py took 0.136 seconds
[2025-07-11T09:34:44.476+0000] {processor.py:161} INFO - Started process (PID=92) to work on /home/airflow/.local/lib/python3.8/site-packages/airflow/example_dags/example_setup_teardown.py
[2025-07-11T09:34:44.478+0000] {processor.py:830} INFO - Processing file /home/airflow/.local/lib/python3.8/site-packages/airflow/example_dags/example_setup_teardown.py for tasks to queue
[2025-07-11T09:34:44.481+0000] {logging_mixin.py:188} INFO - [2025-07-11T09:34:44.481+0000] {dagbag.py:538} INFO - Filling up the DagBag from /home/airflow/.local/lib/python3.8/site-packages/airflow/example_dags/example_setup_teardown.py
[2025-07-11T09:34:44.495+0000] {processor.py:840} INFO - DAG(s) 'example_setup_teardown' retrieved from /home/airflow/.local/lib/python3.8/site-packages/airflow/example_dags/example_setup_teardown.py
[2025-07-11T09:34:44.765+0000] {logging_mixin.py:188} INFO - [2025-07-11T09:34:44.764+0000] {override.py:1769} INFO - Created Permission View: can edit on DAG:example_setup_teardown
[2025-07-11T09:34:44.807+0000] {logging_mixin.py:188} INFO - [2025-07-11T09:34:44.806+0000] {override.py:1769} INFO - Created Permission View: can delete on DAG:example_setup_teardown
[2025-07-11T09:34:44.849+0000] {logging_mixin.py:188} INFO - [2025-07-11T09:34:44.848+0000] {override.py:1769} INFO - Created Permission View: can read on DAG:example_setup_teardown
[2025-07-11T09:34:44.850+0000] {logging_mixin.py:188} INFO - [2025-07-11T09:34:44.850+0000] {dag.py:3036} INFO - Sync 1 DAGs
[2025-07-11T09:34:44.881+0000] {logging_mixin.py:188} INFO - [2025-07-11T09:34:44.880+0000] {dag.py:3058} INFO - Creating ORM DAG for example_setup_teardown
[2025-07-11T09:34:44.905+0000] {logging_mixin.py:188} INFO - [2025-07-11T09:34:44.905+0000] {dag.py:3823} INFO - Setting next_dagrun for example_setup_teardown to 2025-07-10 00:00:00+00:00, run_after=2025-07-11 00:00:00+00:00
[2025-07-11T09:34:44.951+0000] {processor.py:183} INFO - Processing /home/airflow/.local/lib/python3.8/site-packages/airflow/example_dags/example_setup_teardown.py took 0.483 seconds
[2025-07-11T09:35:15.204+0000] {processor.py:161} INFO - Started process (PID=147) to work on /home/airflow/.local/lib/python3.8/site-packages/airflow/example_dags/example_setup_teardown.py
[2025-07-11T09:35:15.206+0000] {processor.py:830} INFO - Processing file /home/airflow/.local/lib/python3.8/site-packages/airflow/example_dags/example_setup_teardown.py for tasks to queue
[2025-07-11T09:35:15.208+0000] {logging_mixin.py:188} INFO - [2025-07-11T09:35:15.208+0000] {dagbag.py:538} INFO - Filling up the DagBag from /home/airflow/.local/lib/python3.8/site-packages/airflow/example_dags/example_setup_teardown.py
[2025-07-11T09:35:15.218+0000] {processor.py:840} INFO - DAG(s) 'example_setup_teardown' retrieved from /home/airflow/.local/lib/python3.8/site-packages/airflow/example_dags/example_setup_teardown.py
[2025-07-11T09:35:15.246+0000] {logging_mixin.py:188} INFO - [2025-07-11T09:35:15.245+0000] {dag.py:3036} INFO - Sync 1 DAGs
[2025-07-11T09:35:15.281+0000] {logging_mixin.py:188} INFO - [2025-07-11T09:35:15.281+0000] {dag.py:3823} INFO - Setting next_dagrun for example_setup_teardown to 2025-07-10 00:00:00+00:00, run_after=2025-07-11 00:00:00+00:00
[2025-07-11T09:35:15.311+0000] {processor.py:183} INFO - Processing /home/airflow/.local/lib/python3.8/site-packages/airflow/example_dags/example_setup_teardown.py took 0.111 seconds
[2025-07-11T09:35:45.363+0000] {processor.py:161} INFO - Started process (PID=202) to work on /home/airflow/.local/lib/python3.8/site-packages/airflow/example_dags/example_setup_teardown.py
[2025-07-11T09:35:45.364+0000] {processor.py:830} INFO - Processing file /home/airflow/.local/lib/python3.8/site-packages/airflow/example_dags/example_setup_teardown.py for tasks to queue
[2025-07-11T09:35:45.367+0000] {logging_mixin.py:188} INFO - [2025-07-11T09:35:45.366+0000] {dagbag.py:538} INFO - Filling up the DagBag from /home/airflow/.local/lib/python3.8/site-packages/airflow/example_dags/example_setup_teardown.py
[2025-07-11T09:35:45.376+0000] {processor.py:840} INFO - DAG(s) 'example_setup_teardown' retrieved from /home/airflow/.local/lib/python3.8/site-packages/airflow/example_dags/example_setup_teardown.py
[2025-07-11T09:35:45.404+0000] {logging_mixin.py:188} INFO - [2025-07-11T09:35:45.404+0000] {dag.py:3036} INFO - Sync 1 DAGs
[2025-07-11T09:35:45.435+0000] {logging_mixin.py:188} INFO - [2025-07-11T09:35:45.435+0000] {dag.py:3823} INFO - Setting next_dagrun for example_setup_teardown to 2025-07-10 00:00:00+00:00, run_after=2025-07-11 00:00:00+00:00
[2025-07-11T09:35:45.465+0000] {processor.py:183} INFO - Processing /home/airflow/.local/lib/python3.8/site-packages/airflow/example_dags/example_setup_teardown.py took 0.107 seconds
[2025-07-11T09:36:15.993+0000] {processor.py:161} INFO - Started process (PID=257) to work on /home/airflow/.local/lib/python3.8/site-packages/airflow/example_dags/example_setup_teardown.py
[2025-07-11T09:36:15.994+0000] {processor.py:830} INFO - Processing file /home/airflow/.local/lib/python3.8/site-packages/airflow/example_dags/example_setup_teardown.py for tasks to queue
[2025-07-11T09:36:15.997+0000] {logging_mixin.py:188} INFO - [2025-07-11T09:36:15.996+0000] {dagbag.py:538} INFO - Filling up the DagBag from /home/airflow/.local/lib/python3.8/site-packages/airflow/example_dags/example_setup_teardown.py
[2025-07-11T09:36:16.005+0000] {processor.py:840} INFO - DAG(s) 'example_setup_teardown' retrieved from /home/airflow/.local/lib/python3.8/site-packages/airflow/example_dags/example_setup_teardown.py
[2025-07-11T09:36:16.033+0000] {logging_mixin.py:188} INFO - [2025-07-11T09:36:16.032+0000] {dag.py:3036} INFO - Sync 1 DAGs
[2025-07-11T09:36:16.061+0000] {logging_mixin.py:188} INFO - [2025-07-11T09:36:16.061+0000] {dag.py:3823} INFO - Setting next_dagrun for example_setup_teardown to 2025-07-10 00:00:00+00:00, run_after=2025-07-11 00:00:00+00:00
[2025-07-11T09:36:16.089+0000] {processor.py:183} INFO - Processing /home/airflow/.local/lib/python3.8/site-packages/airflow/example_dags/example_setup_teardown.py took 0.100 seconds
[2025-07-11T09:36:46.344+0000] {processor.py:161} INFO - Started process (PID=312) to work on /home/airflow/.local/lib/python3.8/site-packages/airflow/example_dags/example_setup_teardown.py
[2025-07-11T09:36:46.345+0000] {processor.py:830} INFO - Processing file /home/airflow/.local/lib/python3.8/site-packages/airflow/example_dags/example_setup_teardown.py for tasks to queue
[2025-07-11T09:36:46.348+0000] {logging_mixin.py:188} INFO - [2025-07-11T09:36:46.347+0000] {dagbag.py:538} INFO - Filling up the DagBag from /home/airflow/.local/lib/python3.8/site-packages/airflow/example_dags/example_setup_teardown.py
[2025-07-11T09:36:46.357+0000] {processor.py:840} INFO - DAG(s) 'example_setup_teardown' retrieved from /home/airflow/.local/lib/python3.8/site-packages/airflow/example_dags/example_setup_teardown.py
[2025-07-11T09:36:46.382+0000] {logging_mixin.py:188} INFO - [2025-07-11T09:36:46.382+0000] {dag.py:3036} INFO - Sync 1 DAGs
[2025-07-11T09:36:46.411+0000] {logging_mixin.py:188} INFO - [2025-07-11T09:36:46.411+0000] {dag.py:3823} INFO - Setting next_dagrun for example_setup_teardown to 2025-07-10 00:00:00+00:00, run_after=2025-07-11 00:00:00+00:00
[2025-07-11T09:36:46.441+0000] {processor.py:183} INFO - Processing /home/airflow/.local/lib/python3.8/site-packages/airflow/example_dags/example_setup_teardown.py took 0.101 seconds
[2025-07-11T09:37:16.712+0000] {processor.py:161} INFO - Started process (PID=367) to work on /home/airflow/.local/lib/python3.8/site-packages/airflow/example_dags/example_setup_teardown.py
[2025-07-11T09:37:16.714+0000] {processor.py:830} INFO - Processing file /home/airflow/.local/lib/python3.8/site-packages/airflow/example_dags/example_setup_teardown.py for tasks to queue
[2025-07-11T09:37:16.719+0000] {logging_mixin.py:188} INFO - [2025-07-11T09:37:16.718+0000] {dagbag.py:538} INFO - Filling up the DagBag from /home/airflow/.local/lib/python3.8/site-packages/airflow/example_dags/example_setup_teardown.py
[2025-07-11T09:37:16.730+0000] {processor.py:840} INFO - DAG(s) 'example_setup_teardown' retrieved from /home/airflow/.local/lib/python3.8/site-packages/airflow/example_dags/example_setup_teardown.py
[2025-07-11T09:37:16.765+0000] {logging_mixin.py:188} INFO - [2025-07-11T09:37:16.765+0000] {dag.py:3036} INFO - Sync 1 DAGs
[2025-07-11T09:37:16.804+0000] {logging_mixin.py:188} INFO - [2025-07-11T09:37:16.804+0000] {dag.py:3823} INFO - Setting next_dagrun for example_setup_teardown to 2025-07-10 00:00:00+00:00, run_after=2025-07-11 00:00:00+00:00
[2025-07-11T09:37:16.836+0000] {processor.py:183} INFO - Processing /home/airflow/.local/lib/python3.8/site-packages/airflow/example_dags/example_setup_teardown.py took 0.129 seconds
[2025-07-11T09:37:47.127+0000] {processor.py:161} INFO - Started process (PID=422) to work on /home/airflow/.local/lib/python3.8/site-packages/airflow/example_dags/example_setup_teardown.py
[2025-07-11T09:37:47.129+0000] {processor.py:830} INFO - Processing file /home/airflow/.local/lib/python3.8/site-packages/airflow/example_dags/example_setup_teardown.py for tasks to queue
[2025-07-11T09:37:47.131+0000] {logging_mixin.py:188} INFO - [2025-07-11T09:37:47.131+0000] {dagbag.py:538} INFO - Filling up the DagBag from /home/airflow/.local/lib/python3.8/site-packages/airflow/example_dags/example_setup_teardown.py
[2025-07-11T09:37:47.141+0000] {processor.py:840} INFO - DAG(s) 'example_setup_teardown' retrieved from /home/airflow/.local/lib/python3.8/site-packages/airflow/example_dags/example_setup_teardown.py
[2025-07-11T09:37:47.174+0000] {logging_mixin.py:188} INFO - [2025-07-11T09:37:47.174+0000] {dag.py:3036} INFO - Sync 1 DAGs
[2025-07-11T09:37:47.216+0000] {logging_mixin.py:188} INFO - [2025-07-11T09:37:47.215+0000] {dag.py:3823} INFO - Setting next_dagrun for example_setup_teardown to 2025-07-10 00:00:00+00:00, run_after=2025-07-11 00:00:00+00:00
[2025-07-11T09:37:47.258+0000] {processor.py:183} INFO - Processing /home/airflow/.local/lib/python3.8/site-packages/airflow/example_dags/example_setup_teardown.py took 0.137 seconds
[2025-07-11T09:38:17.337+0000] {processor.py:161} INFO - Started process (PID=477) to work on /home/airflow/.local/lib/python3.8/site-packages/airflow/example_dags/example_setup_teardown.py
[2025-07-11T09:38:17.339+0000] {processor.py:830} INFO - Processing file /home/airflow/.local/lib/python3.8/site-packages/airflow/example_dags/example_setup_teardown.py for tasks to queue
[2025-07-11T09:38:17.343+0000] {logging_mixin.py:188} INFO - [2025-07-11T09:38:17.342+0000] {dagbag.py:538} INFO - Filling up the DagBag from /home/airflow/.local/lib/python3.8/site-packages/airflow/example_dags/example_setup_teardown.py
[2025-07-11T09:38:17.354+0000] {processor.py:840} INFO - DAG(s) 'example_setup_teardown' retrieved from /home/airflow/.local/lib/python3.8/site-packages/airflow/example_dags/example_setup_teardown.py
[2025-07-11T09:38:17.385+0000] {logging_mixin.py:188} INFO - [2025-07-11T09:38:17.385+0000] {dag.py:3036} INFO - Sync 1 DAGs
[2025-07-11T09:38:17.422+0000] {logging_mixin.py:188} INFO - [2025-07-11T09:38:17.422+0000] {dag.py:3823} INFO - Setting next_dagrun for example_setup_teardown to 2025-07-10 00:00:00+00:00, run_after=2025-07-11 00:00:00+00:00
[2025-07-11T09:38:17.454+0000] {processor.py:183} INFO - Processing /home/airflow/.local/lib/python3.8/site-packages/airflow/example_dags/example_setup_teardown.py took 0.123 seconds
[2025-07-11T09:38:47.800+0000] {processor.py:161} INFO - Started process (PID=532) to work on /home/airflow/.local/lib/python3.8/site-packages/airflow/example_dags/example_setup_teardown.py
[2025-07-11T09:38:47.801+0000] {processor.py:830} INFO - Processing file /home/airflow/.local/lib/python3.8/site-packages/airflow/example_dags/example_setup_teardown.py for tasks to queue
[2025-07-11T09:38:47.804+0000] {logging_mixin.py:188} INFO - [2025-07-11T09:38:47.803+0000] {dagbag.py:538} INFO - Filling up the DagBag from /home/airflow/.local/lib/python3.8/site-packages/airflow/example_dags/example_setup_teardown.py
[2025-07-11T09:38:47.816+0000] {processor.py:840} INFO - DAG(s) 'example_setup_teardown' retrieved from /home/airflow/.local/lib/python3.8/site-packages/airflow/example_dags/example_setup_teardown.py
[2025-07-11T09:38:47.851+0000] {logging_mixin.py:188} INFO - [2025-07-11T09:38:47.850+0000] {dag.py:3036} INFO - Sync 1 DAGs
[2025-07-11T09:38:47.889+0000] {logging_mixin.py:188} INFO - [2025-07-11T09:38:47.889+0000] {dag.py:3823} INFO - Setting next_dagrun for example_setup_teardown to 2025-07-10 00:00:00+00:00, run_after=2025-07-11 00:00:00+00:00
[2025-07-11T09:38:47.927+0000] {processor.py:183} INFO - Processing /home/airflow/.local/lib/python3.8/site-packages/airflow/example_dags/example_setup_teardown.py took 0.133 seconds
[2025-07-11T09:39:18.150+0000] {processor.py:161} INFO - Started process (PID=588) to work on /home/airflow/.local/lib/python3.8/site-packages/airflow/example_dags/example_setup_teardown.py
[2025-07-11T09:39:18.151+0000] {processor.py:830} INFO - Processing file /home/airflow/.local/lib/python3.8/site-packages/airflow/example_dags/example_setup_teardown.py for tasks to queue
[2025-07-11T09:39:18.154+0000] {logging_mixin.py:188} INFO - [2025-07-11T09:39:18.153+0000] {dagbag.py:538} INFO - Filling up the DagBag from /home/airflow/.local/lib/python3.8/site-packages/airflow/example_dags/example_setup_teardown.py
[2025-07-11T09:39:18.166+0000] {processor.py:840} INFO - DAG(s) 'example_setup_teardown' retrieved from /home/airflow/.local/lib/python3.8/site-packages/airflow/example_dags/example_setup_teardown.py
[2025-07-11T09:39:18.195+0000] {logging_mixin.py:188} INFO - [2025-07-11T09:39:18.194+0000] {dag.py:3036} INFO - Sync 1 DAGs
[2025-07-11T09:39:18.227+0000] {logging_mixin.py:188} INFO - [2025-07-11T09:39:18.226+0000] {dag.py:3823} INFO - Setting next_dagrun for example_setup_teardown to 2025-07-10 00:00:00+00:00, run_after=2025-07-11 00:00:00+00:00
[2025-07-11T09:39:18.259+0000] {processor.py:183} INFO - Processing /home/airflow/.local/lib/python3.8/site-packages/airflow/example_dags/example_setup_teardown.py took 0.114 seconds
[2025-07-11T09:39:48.477+0000] {processor.py:161} INFO - Started process (PID=643) to work on /home/airflow/.local/lib/python3.8/site-packages/airflow/example_dags/example_setup_teardown.py
[2025-07-11T09:39:48.479+0000] {processor.py:830} INFO - Processing file /home/airflow/.local/lib/python3.8/site-packages/airflow/example_dags/example_setup_teardown.py for tasks to queue
[2025-07-11T09:39:48.481+0000] {logging_mixin.py:188} INFO - [2025-07-11T09:39:48.481+0000] {dagbag.py:538} INFO - Filling up the DagBag from /home/airflow/.local/lib/python3.8/site-packages/airflow/example_dags/example_setup_teardown.py
[2025-07-11T09:39:48.493+0000] {processor.py:840} INFO - DAG(s) 'example_setup_teardown' retrieved from /home/airflow/.local/lib/python3.8/site-packages/airflow/example_dags/example_setup_teardown.py
[2025-07-11T09:39:48.524+0000] {logging_mixin.py:188} INFO - [2025-07-11T09:39:48.523+0000] {dag.py:3036} INFO - Sync 1 DAGs
[2025-07-11T09:39:48.554+0000] {logging_mixin.py:188} INFO - [2025-07-11T09:39:48.554+0000] {dag.py:3823} INFO - Setting next_dagrun for example_setup_teardown to 2025-07-10 00:00:00+00:00, run_after=2025-07-11 00:00:00+00:00
[2025-07-11T09:39:48.586+0000] {processor.py:183} INFO - Processing /home/airflow/.local/lib/python3.8/site-packages/airflow/example_dags/example_setup_teardown.py took 0.114 seconds
[2025-07-11T09:40:18.952+0000] {processor.py:161} INFO - Started process (PID=698) to work on /home/airflow/.local/lib/python3.8/site-packages/airflow/example_dags/example_setup_teardown.py
[2025-07-11T09:40:18.958+0000] {processor.py:830} INFO - Processing file /home/airflow/.local/lib/python3.8/site-packages/airflow/example_dags/example_setup_teardown.py for tasks to queue
[2025-07-11T09:40:18.961+0000] {logging_mixin.py:188} INFO - [2025-07-11T09:40:18.961+0000] {dagbag.py:538} INFO - Filling up the DagBag from /home/airflow/.local/lib/python3.8/site-packages/airflow/example_dags/example_setup_teardown.py
[2025-07-11T09:40:18.975+0000] {processor.py:840} INFO - DAG(s) 'example_setup_teardown' retrieved from /home/airflow/.local/lib/python3.8/site-packages/airflow/example_dags/example_setup_teardown.py
[2025-07-11T09:40:19.012+0000] {logging_mixin.py:188} INFO - [2025-07-11T09:40:19.012+0000] {dag.py:3036} INFO - Sync 1 DAGs
[2025-07-11T09:40:19.055+0000] {logging_mixin.py:188} INFO - [2025-07-11T09:40:19.055+0000] {dag.py:3823} INFO - Setting next_dagrun for example_setup_teardown to 2025-07-10 00:00:00+00:00, run_after=2025-07-11 00:00:00+00:00
[2025-07-11T09:40:19.092+0000] {processor.py:183} INFO - Processing /home/airflow/.local/lib/python3.8/site-packages/airflow/example_dags/example_setup_teardown.py took 0.145 seconds
[2025-07-11T09:40:49.391+0000] {processor.py:161} INFO - Started process (PID=753) to work on /home/airflow/.local/lib/python3.8/site-packages/airflow/example_dags/example_setup_teardown.py
[2025-07-11T09:40:49.393+0000] {processor.py:830} INFO - Processing file /home/airflow/.local/lib/python3.8/site-packages/airflow/example_dags/example_setup_teardown.py for tasks to queue
[2025-07-11T09:40:49.395+0000] {logging_mixin.py:188} INFO - [2025-07-11T09:40:49.395+0000] {dagbag.py:538} INFO - Filling up the DagBag from /home/airflow/.local/lib/python3.8/site-packages/airflow/example_dags/example_setup_teardown.py
[2025-07-11T09:40:49.404+0000] {processor.py:840} INFO - DAG(s) 'example_setup_teardown' retrieved from /home/airflow/.local/lib/python3.8/site-packages/airflow/example_dags/example_setup_teardown.py
[2025-07-11T09:40:49.430+0000] {logging_mixin.py:188} INFO - [2025-07-11T09:40:49.430+0000] {dag.py:3036} INFO - Sync 1 DAGs
[2025-07-11T09:40:49.458+0000] {logging_mixin.py:188} INFO - [2025-07-11T09:40:49.458+0000] {dag.py:3823} INFO - Setting next_dagrun for example_setup_teardown to 2025-07-10 00:00:00+00:00, run_after=2025-07-11 00:00:00+00:00
[2025-07-11T09:40:49.483+0000] {processor.py:183} INFO - Processing /home/airflow/.local/lib/python3.8/site-packages/airflow/example_dags/example_setup_teardown.py took 0.096 seconds
[2025-07-11T09:41:19.788+0000] {processor.py:161} INFO - Started process (PID=808) to work on /home/airflow/.local/lib/python3.8/site-packages/airflow/example_dags/example_setup_teardown.py
[2025-07-11T09:41:19.792+0000] {processor.py:830} INFO - Processing file /home/airflow/.local/lib/python3.8/site-packages/airflow/example_dags/example_setup_teardown.py for tasks to queue
[2025-07-11T09:41:19.795+0000] {logging_mixin.py:188} INFO - [2025-07-11T09:41:19.794+0000] {dagbag.py:538} INFO - Filling up the DagBag from /home/airflow/.local/lib/python3.8/site-packages/airflow/example_dags/example_setup_teardown.py
[2025-07-11T09:41:19.804+0000] {processor.py:840} INFO - DAG(s) 'example_setup_teardown' retrieved from /home/airflow/.local/lib/python3.8/site-packages/airflow/example_dags/example_setup_teardown.py
[2025-07-11T09:41:19.834+0000] {logging_mixin.py:188} INFO - [2025-07-11T09:41:19.834+0000] {dag.py:3036} INFO - Sync 1 DAGs
[2025-07-11T09:41:19.868+0000] {logging_mixin.py:188} INFO - [2025-07-11T09:41:19.868+0000] {dag.py:3823} INFO - Setting next_dagrun for example_setup_teardown to 2025-07-10 00:00:00+00:00, run_after=2025-07-11 00:00:00+00:00
[2025-07-11T09:41:19.899+0000] {processor.py:183} INFO - Processing /home/airflow/.local/lib/python3.8/site-packages/airflow/example_dags/example_setup_teardown.py took 0.115 seconds
[2025-07-11T09:41:50.205+0000] {processor.py:161} INFO - Started process (PID=863) to work on /home/airflow/.local/lib/python3.8/site-packages/airflow/example_dags/example_setup_teardown.py
[2025-07-11T09:41:50.206+0000] {processor.py:830} INFO - Processing file /home/airflow/.local/lib/python3.8/site-packages/airflow/example_dags/example_setup_teardown.py for tasks to queue
[2025-07-11T09:41:50.209+0000] {logging_mixin.py:188} INFO - [2025-07-11T09:41:50.208+0000] {dagbag.py:538} INFO - Filling up the DagBag from /home/airflow/.local/lib/python3.8/site-packages/airflow/example_dags/example_setup_teardown.py
[2025-07-11T09:41:50.217+0000] {processor.py:840} INFO - DAG(s) 'example_setup_teardown' retrieved from /home/airflow/.local/lib/python3.8/site-packages/airflow/example_dags/example_setup_teardown.py
[2025-07-11T09:41:50.245+0000] {logging_mixin.py:188} INFO - [2025-07-11T09:41:50.245+0000] {dag.py:3036} INFO - Sync 1 DAGs
[2025-07-11T09:41:50.280+0000] {logging_mixin.py:188} INFO - [2025-07-11T09:41:50.279+0000] {dag.py:3823} INFO - Setting next_dagrun for example_setup_teardown to 2025-07-10 00:00:00+00:00, run_after=2025-07-11 00:00:00+00:00
[2025-07-11T09:41:50.316+0000] {processor.py:183} INFO - Processing /home/airflow/.local/lib/python3.8/site-packages/airflow/example_dags/example_setup_teardown.py took 0.116 seconds
[2025-07-11T09:42:20.554+0000] {processor.py:161} INFO - Started process (PID=918) to work on /home/airflow/.local/lib/python3.8/site-packages/airflow/example_dags/example_setup_teardown.py
[2025-07-11T09:42:20.558+0000] {processor.py:830} INFO - Processing file /home/airflow/.local/lib/python3.8/site-packages/airflow/example_dags/example_setup_teardown.py for tasks to queue
[2025-07-11T09:42:20.560+0000] {logging_mixin.py:188} INFO - [2025-07-11T09:42:20.560+0000] {dagbag.py:538} INFO - Filling up the DagBag from /home/airflow/.local/lib/python3.8/site-packages/airflow/example_dags/example_setup_teardown.py
[2025-07-11T09:42:20.569+0000] {processor.py:840} INFO - DAG(s) 'example_setup_teardown' retrieved from /home/airflow/.local/lib/python3.8/site-packages/airflow/example_dags/example_setup_teardown.py
[2025-07-11T09:42:20.597+0000] {logging_mixin.py:188} INFO - [2025-07-11T09:42:20.597+0000] {dag.py:3036} INFO - Sync 1 DAGs
[2025-07-11T09:42:20.628+0000] {logging_mixin.py:188} INFO - [2025-07-11T09:42:20.628+0000] {dag.py:3823} INFO - Setting next_dagrun for example_setup_teardown to 2025-07-10 00:00:00+00:00, run_after=2025-07-11 00:00:00+00:00
[2025-07-11T09:42:20.656+0000] {processor.py:183} INFO - Processing /home/airflow/.local/lib/python3.8/site-packages/airflow/example_dags/example_setup_teardown.py took 0.107 seconds
[2025-07-11T09:42:51.016+0000] {processor.py:161} INFO - Started process (PID=973) to work on /home/airflow/.local/lib/python3.8/site-packages/airflow/example_dags/example_setup_teardown.py
[2025-07-11T09:42:51.018+0000] {processor.py:830} INFO - Processing file /home/airflow/.local/lib/python3.8/site-packages/airflow/example_dags/example_setup_teardown.py for tasks to queue
[2025-07-11T09:42:51.020+0000] {logging_mixin.py:188} INFO - [2025-07-11T09:42:51.020+0000] {dagbag.py:538} INFO - Filling up the DagBag from /home/airflow/.local/lib/python3.8/site-packages/airflow/example_dags/example_setup_teardown.py
[2025-07-11T09:42:51.030+0000] {processor.py:840} INFO - DAG(s) 'example_setup_teardown' retrieved from /home/airflow/.local/lib/python3.8/site-packages/airflow/example_dags/example_setup_teardown.py
[2025-07-11T09:42:51.060+0000] {logging_mixin.py:188} INFO - [2025-07-11T09:42:51.059+0000] {dag.py:3036} INFO - Sync 1 DAGs
[2025-07-11T09:42:51.096+0000] {logging_mixin.py:188} INFO - [2025-07-11T09:42:51.095+0000] {dag.py:3823} INFO - Setting next_dagrun for example_setup_teardown to 2025-07-10 00:00:00+00:00, run_after=2025-07-11 00:00:00+00:00
[2025-07-11T09:42:51.134+0000] {processor.py:183} INFO - Processing /home/airflow/.local/lib/python3.8/site-packages/airflow/example_dags/example_setup_teardown.py took 0.123 seconds
[2025-07-11T09:43:21.366+0000] {processor.py:161} INFO - Started process (PID=1028) to work on /home/airflow/.local/lib/python3.8/site-packages/airflow/example_dags/example_setup_teardown.py
[2025-07-11T09:43:21.369+0000] {processor.py:830} INFO - Processing file /home/airflow/.local/lib/python3.8/site-packages/airflow/example_dags/example_setup_teardown.py for tasks to queue
[2025-07-11T09:43:21.371+0000] {logging_mixin.py:188} INFO - [2025-07-11T09:43:21.371+0000] {dagbag.py:538} INFO - Filling up the DagBag from /home/airflow/.local/lib/python3.8/site-packages/airflow/example_dags/example_setup_teardown.py
[2025-07-11T09:43:21.382+0000] {processor.py:840} INFO - DAG(s) 'example_setup_teardown' retrieved from /home/airflow/.local/lib/python3.8/site-packages/airflow/example_dags/example_setup_teardown.py
[2025-07-11T09:43:21.409+0000] {logging_mixin.py:188} INFO - [2025-07-11T09:43:21.409+0000] {dag.py:3036} INFO - Sync 1 DAGs
[2025-07-11T09:43:21.443+0000] {logging_mixin.py:188} INFO - [2025-07-11T09:43:21.443+0000] {dag.py:3823} INFO - Setting next_dagrun for example_setup_teardown to 2025-07-10 00:00:00+00:00, run_after=2025-07-11 00:00:00+00:00
[2025-07-11T09:43:21.475+0000] {processor.py:183} INFO - Processing /home/airflow/.local/lib/python3.8/site-packages/airflow/example_dags/example_setup_teardown.py took 0.114 seconds
[2025-07-11T09:43:51.676+0000] {processor.py:161} INFO - Started process (PID=1083) to work on /home/airflow/.local/lib/python3.8/site-packages/airflow/example_dags/example_setup_teardown.py
[2025-07-11T09:43:51.678+0000] {processor.py:830} INFO - Processing file /home/airflow/.local/lib/python3.8/site-packages/airflow/example_dags/example_setup_teardown.py for tasks to queue
[2025-07-11T09:43:51.680+0000] {logging_mixin.py:188} INFO - [2025-07-11T09:43:51.680+0000] {dagbag.py:538} INFO - Filling up the DagBag from /home/airflow/.local/lib/python3.8/site-packages/airflow/example_dags/example_setup_teardown.py
[2025-07-11T09:43:51.689+0000] {processor.py:840} INFO - DAG(s) 'example_setup_teardown' retrieved from /home/airflow/.local/lib/python3.8/site-packages/airflow/example_dags/example_setup_teardown.py
[2025-07-11T09:43:51.716+0000] {logging_mixin.py:188} INFO - [2025-07-11T09:43:51.716+0000] {dag.py:3036} INFO - Sync 1 DAGs
[2025-07-11T09:43:51.763+0000] {logging_mixin.py:188} INFO - [2025-07-11T09:43:51.763+0000] {dag.py:3823} INFO - Setting next_dagrun for example_setup_teardown to 2025-07-10 00:00:00+00:00, run_after=2025-07-11 00:00:00+00:00
[2025-07-11T09:43:51.800+0000] {processor.py:183} INFO - Processing /home/airflow/.local/lib/python3.8/site-packages/airflow/example_dags/example_setup_teardown.py took 0.128 seconds
[2025-07-11T09:44:22.160+0000] {processor.py:161} INFO - Started process (PID=1139) to work on /home/airflow/.local/lib/python3.8/site-packages/airflow/example_dags/example_setup_teardown.py
[2025-07-11T09:44:22.161+0000] {processor.py:830} INFO - Processing file /home/airflow/.local/lib/python3.8/site-packages/airflow/example_dags/example_setup_teardown.py for tasks to queue
[2025-07-11T09:44:22.164+0000] {logging_mixin.py:188} INFO - [2025-07-11T09:44:22.163+0000] {dagbag.py:538} INFO - Filling up the DagBag from /home/airflow/.local/lib/python3.8/site-packages/airflow/example_dags/example_setup_teardown.py
[2025-07-11T09:44:22.173+0000] {processor.py:840} INFO - DAG(s) 'example_setup_teardown' retrieved from /home/airflow/.local/lib/python3.8/site-packages/airflow/example_dags/example_setup_teardown.py
[2025-07-11T09:44:22.200+0000] {logging_mixin.py:188} INFO - [2025-07-11T09:44:22.200+0000] {dag.py:3036} INFO - Sync 1 DAGs
[2025-07-11T09:44:22.231+0000] {logging_mixin.py:188} INFO - [2025-07-11T09:44:22.231+0000] {dag.py:3823} INFO - Setting next_dagrun for example_setup_teardown to 2025-07-10 00:00:00+00:00, run_after=2025-07-11 00:00:00+00:00
[2025-07-11T09:44:22.263+0000] {processor.py:183} INFO - Processing /home/airflow/.local/lib/python3.8/site-packages/airflow/example_dags/example_setup_teardown.py took 0.107 seconds
[2025-07-11T09:44:52.619+0000] {processor.py:161} INFO - Started process (PID=1194) to work on /home/airflow/.local/lib/python3.8/site-packages/airflow/example_dags/example_setup_teardown.py
[2025-07-11T09:44:52.621+0000] {processor.py:830} INFO - Processing file /home/airflow/.local/lib/python3.8/site-packages/airflow/example_dags/example_setup_teardown.py for tasks to queue
[2025-07-11T09:44:52.623+0000] {logging_mixin.py:188} INFO - [2025-07-11T09:44:52.623+0000] {dagbag.py:538} INFO - Filling up the DagBag from /home/airflow/.local/lib/python3.8/site-packages/airflow/example_dags/example_setup_teardown.py
[2025-07-11T09:44:52.634+0000] {processor.py:840} INFO - DAG(s) 'example_setup_teardown' retrieved from /home/airflow/.local/lib/python3.8/site-packages/airflow/example_dags/example_setup_teardown.py
[2025-07-11T09:44:52.662+0000] {logging_mixin.py:188} INFO - [2025-07-11T09:44:52.662+0000] {dag.py:3036} INFO - Sync 1 DAGs
[2025-07-11T09:44:52.692+0000] {logging_mixin.py:188} INFO - [2025-07-11T09:44:52.692+0000] {dag.py:3823} INFO - Setting next_dagrun for example_setup_teardown to 2025-07-10 00:00:00+00:00, run_after=2025-07-11 00:00:00+00:00
[2025-07-11T09:44:52.720+0000] {processor.py:183} INFO - Processing /home/airflow/.local/lib/python3.8/site-packages/airflow/example_dags/example_setup_teardown.py took 0.105 seconds
[2025-07-11T09:45:23.045+0000] {processor.py:161} INFO - Started process (PID=1249) to work on /home/airflow/.local/lib/python3.8/site-packages/airflow/example_dags/example_setup_teardown.py
[2025-07-11T09:45:23.048+0000] {processor.py:830} INFO - Processing file /home/airflow/.local/lib/python3.8/site-packages/airflow/example_dags/example_setup_teardown.py for tasks to queue
[2025-07-11T09:45:23.050+0000] {logging_mixin.py:188} INFO - [2025-07-11T09:45:23.050+0000] {dagbag.py:538} INFO - Filling up the DagBag from /home/airflow/.local/lib/python3.8/site-packages/airflow/example_dags/example_setup_teardown.py
[2025-07-11T09:45:23.061+0000] {processor.py:840} INFO - DAG(s) 'example_setup_teardown' retrieved from /home/airflow/.local/lib/python3.8/site-packages/airflow/example_dags/example_setup_teardown.py
[2025-07-11T09:45:23.093+0000] {logging_mixin.py:188} INFO - [2025-07-11T09:45:23.093+0000] {dag.py:3036} INFO - Sync 1 DAGs
[2025-07-11T09:45:23.124+0000] {logging_mixin.py:188} INFO - [2025-07-11T09:45:23.124+0000] {dag.py:3823} INFO - Setting next_dagrun for example_setup_teardown to 2025-07-10 00:00:00+00:00, run_after=2025-07-11 00:00:00+00:00
[2025-07-11T09:45:23.154+0000] {processor.py:183} INFO - Processing /home/airflow/.local/lib/python3.8/site-packages/airflow/example_dags/example_setup_teardown.py took 0.114 seconds
[2025-07-11T09:45:53.480+0000] {processor.py:161} INFO - Started process (PID=1304) to work on /home/airflow/.local/lib/python3.8/site-packages/airflow/example_dags/example_setup_teardown.py
[2025-07-11T09:45:53.483+0000] {processor.py:830} INFO - Processing file /home/airflow/.local/lib/python3.8/site-packages/airflow/example_dags/example_setup_teardown.py for tasks to queue
[2025-07-11T09:45:53.485+0000] {logging_mixin.py:188} INFO - [2025-07-11T09:45:53.485+0000] {dagbag.py:538} INFO - Filling up the DagBag from /home/airflow/.local/lib/python3.8/site-packages/airflow/example_dags/example_setup_teardown.py
[2025-07-11T09:45:53.495+0000] {processor.py:840} INFO - DAG(s) 'example_setup_teardown' retrieved from /home/airflow/.local/lib/python3.8/site-packages/airflow/example_dags/example_setup_teardown.py
[2025-07-11T09:45:53.522+0000] {logging_mixin.py:188} INFO - [2025-07-11T09:45:53.521+0000] {dag.py:3036} INFO - Sync 1 DAGs
[2025-07-11T09:45:53.553+0000] {logging_mixin.py:188} INFO - [2025-07-11T09:45:53.553+0000] {dag.py:3823} INFO - Setting next_dagrun for example_setup_teardown to 2025-07-10 00:00:00+00:00, run_after=2025-07-11 00:00:00+00:00
[2025-07-11T09:45:53.584+0000] {processor.py:183} INFO - Processing /home/airflow/.local/lib/python3.8/site-packages/airflow/example_dags/example_setup_teardown.py took 0.108 seconds
[2025-07-11T09:46:23.902+0000] {processor.py:161} INFO - Started process (PID=1359) to work on /home/airflow/.local/lib/python3.8/site-packages/airflow/example_dags/example_setup_teardown.py
[2025-07-11T09:46:23.903+0000] {processor.py:830} INFO - Processing file /home/airflow/.local/lib/python3.8/site-packages/airflow/example_dags/example_setup_teardown.py for tasks to queue
[2025-07-11T09:46:23.906+0000] {logging_mixin.py:188} INFO - [2025-07-11T09:46:23.906+0000] {dagbag.py:538} INFO - Filling up the DagBag from /home/airflow/.local/lib/python3.8/site-packages/airflow/example_dags/example_setup_teardown.py
[2025-07-11T09:46:23.915+0000] {processor.py:840} INFO - DAG(s) 'example_setup_teardown' retrieved from /home/airflow/.local/lib/python3.8/site-packages/airflow/example_dags/example_setup_teardown.py
[2025-07-11T09:46:23.942+0000] {logging_mixin.py:188} INFO - [2025-07-11T09:46:23.942+0000] {dag.py:3036} INFO - Sync 1 DAGs
[2025-07-11T09:46:23.972+0000] {logging_mixin.py:188} INFO - [2025-07-11T09:46:23.971+0000] {dag.py:3823} INFO - Setting next_dagrun for example_setup_teardown to 2025-07-10 00:00:00+00:00, run_after=2025-07-11 00:00:00+00:00
[2025-07-11T09:46:23.999+0000] {processor.py:183} INFO - Processing /home/airflow/.local/lib/python3.8/site-packages/airflow/example_dags/example_setup_teardown.py took 0.102 seconds
[2025-07-11T09:46:54.299+0000] {processor.py:161} INFO - Started process (PID=1414) to work on /home/airflow/.local/lib/python3.8/site-packages/airflow/example_dags/example_setup_teardown.py
[2025-07-11T09:46:54.301+0000] {processor.py:830} INFO - Processing file /home/airflow/.local/lib/python3.8/site-packages/airflow/example_dags/example_setup_teardown.py for tasks to queue
[2025-07-11T09:46:54.303+0000] {logging_mixin.py:188} INFO - [2025-07-11T09:46:54.303+0000] {dagbag.py:538} INFO - Filling up the DagBag from /home/airflow/.local/lib/python3.8/site-packages/airflow/example_dags/example_setup_teardown.py
[2025-07-11T09:46:54.312+0000] {processor.py:840} INFO - DAG(s) 'example_setup_teardown' retrieved from /home/airflow/.local/lib/python3.8/site-packages/airflow/example_dags/example_setup_teardown.py
[2025-07-11T09:46:54.342+0000] {logging_mixin.py:188} INFO - [2025-07-11T09:46:54.342+0000] {dag.py:3036} INFO - Sync 1 DAGs
[2025-07-11T09:46:54.377+0000] {logging_mixin.py:188} INFO - [2025-07-11T09:46:54.377+0000] {dag.py:3823} INFO - Setting next_dagrun for example_setup_teardown to 2025-07-10 00:00:00+00:00, run_after=2025-07-11 00:00:00+00:00
[2025-07-11T09:46:54.410+0000] {processor.py:183} INFO - Processing /home/airflow/.local/lib/python3.8/site-packages/airflow/example_dags/example_setup_teardown.py took 0.116 seconds
[2025-07-11T09:47:24.941+0000] {processor.py:161} INFO - Started process (PID=1469) to work on /home/airflow/.local/lib/python3.8/site-packages/airflow/example_dags/example_setup_teardown.py
[2025-07-11T09:47:24.943+0000] {processor.py:830} INFO - Processing file /home/airflow/.local/lib/python3.8/site-packages/airflow/example_dags/example_setup_teardown.py for tasks to queue
[2025-07-11T09:47:24.945+0000] {logging_mixin.py:188} INFO - [2025-07-11T09:47:24.945+0000] {dagbag.py:538} INFO - Filling up the DagBag from /home/airflow/.local/lib/python3.8/site-packages/airflow/example_dags/example_setup_teardown.py
[2025-07-11T09:47:24.923+0000] {processor.py:840} INFO - DAG(s) 'example_setup_teardown' retrieved from /home/airflow/.local/lib/python3.8/site-packages/airflow/example_dags/example_setup_teardown.py
[2025-07-11T09:47:24.952+0000] {logging_mixin.py:188} INFO - [2025-07-11T09:47:24.951+0000] {dag.py:3036} INFO - Sync 1 DAGs
[2025-07-11T09:47:24.984+0000] {logging_mixin.py:188} INFO - [2025-07-11T09:47:24.984+0000] {dag.py:3823} INFO - Setting next_dagrun for example_setup_teardown to 2025-07-10 00:00:00+00:00, run_after=2025-07-11 00:00:00+00:00
[2025-07-11T09:47:25.020+0000] {processor.py:183} INFO - Processing /home/airflow/.local/lib/python3.8/site-packages/airflow/example_dags/example_setup_teardown.py took 0.119 seconds
[2025-07-11T09:47:55.719+0000] {processor.py:161} INFO - Started process (PID=1524) to work on /home/airflow/.local/lib/python3.8/site-packages/airflow/example_dags/example_setup_teardown.py
[2025-07-11T09:47:55.721+0000] {processor.py:830} INFO - Processing file /home/airflow/.local/lib/python3.8/site-packages/airflow/example_dags/example_setup_teardown.py for tasks to queue
[2025-07-11T09:47:55.723+0000] {logging_mixin.py:188} INFO - [2025-07-11T09:47:55.723+0000] {dagbag.py:538} INFO - Filling up the DagBag from /home/airflow/.local/lib/python3.8/site-packages/airflow/example_dags/example_setup_teardown.py
[2025-07-11T09:47:55.732+0000] {processor.py:840} INFO - DAG(s) 'example_setup_teardown' retrieved from /home/airflow/.local/lib/python3.8/site-packages/airflow/example_dags/example_setup_teardown.py
[2025-07-11T09:47:55.760+0000] {logging_mixin.py:188} INFO - [2025-07-11T09:47:55.760+0000] {dag.py:3036} INFO - Sync 1 DAGs
[2025-07-11T09:47:55.793+0000] {logging_mixin.py:188} INFO - [2025-07-11T09:47:55.792+0000] {dag.py:3823} INFO - Setting next_dagrun for example_setup_teardown to 2025-07-10 00:00:00+00:00, run_after=2025-07-11 00:00:00+00:00
[2025-07-11T09:47:55.829+0000] {processor.py:183} INFO - Processing /home/airflow/.local/lib/python3.8/site-packages/airflow/example_dags/example_setup_teardown.py took 0.116 seconds
[2025-07-11T09:48:26.208+0000] {processor.py:161} INFO - Started process (PID=1579) to work on /home/airflow/.local/lib/python3.8/site-packages/airflow/example_dags/example_setup_teardown.py
[2025-07-11T09:48:26.209+0000] {processor.py:830} INFO - Processing file /home/airflow/.local/lib/python3.8/site-packages/airflow/example_dags/example_setup_teardown.py for tasks to queue
[2025-07-11T09:48:26.212+0000] {logging_mixin.py:188} INFO - [2025-07-11T09:48:26.211+0000] {dagbag.py:538} INFO - Filling up the DagBag from /home/airflow/.local/lib/python3.8/site-packages/airflow/example_dags/example_setup_teardown.py
[2025-07-11T09:48:26.220+0000] {processor.py:840} INFO - DAG(s) 'example_setup_teardown' retrieved from /home/airflow/.local/lib/python3.8/site-packages/airflow/example_dags/example_setup_teardown.py
[2025-07-11T09:48:26.249+0000] {logging_mixin.py:188} INFO - [2025-07-11T09:48:26.248+0000] {dag.py:3036} INFO - Sync 1 DAGs
[2025-07-11T09:48:26.280+0000] {logging_mixin.py:188} INFO - [2025-07-11T09:48:26.280+0000] {dag.py:3823} INFO - Setting next_dagrun for example_setup_teardown to 2025-07-10 00:00:00+00:00, run_after=2025-07-11 00:00:00+00:00
[2025-07-11T09:48:26.310+0000] {processor.py:183} INFO - Processing /home/airflow/.local/lib/python3.8/site-packages/airflow/example_dags/example_setup_teardown.py took 0.107 seconds
[2025-07-11T09:48:56.517+0000] {processor.py:161} INFO - Started process (PID=1632) to work on /home/airflow/.local/lib/python3.8/site-packages/airflow/example_dags/example_setup_teardown.py
[2025-07-11T09:48:56.519+0000] {processor.py:830} INFO - Processing file /home/airflow/.local/lib/python3.8/site-packages/airflow/example_dags/example_setup_teardown.py for tasks to queue
[2025-07-11T09:48:56.521+0000] {logging_mixin.py:188} INFO - [2025-07-11T09:48:56.521+0000] {dagbag.py:538} INFO - Filling up the DagBag from /home/airflow/.local/lib/python3.8/site-packages/airflow/example_dags/example_setup_teardown.py
[2025-07-11T09:48:56.533+0000] {processor.py:840} INFO - DAG(s) 'example_setup_teardown' retrieved from /home/airflow/.local/lib/python3.8/site-packages/airflow/example_dags/example_setup_teardown.py
[2025-07-11T09:48:56.564+0000] {logging_mixin.py:188} INFO - [2025-07-11T09:48:56.563+0000] {dag.py:3036} INFO - Sync 1 DAGs
[2025-07-11T09:48:56.596+0000] {logging_mixin.py:188} INFO - [2025-07-11T09:48:56.596+0000] {dag.py:3823} INFO - Setting next_dagrun for example_setup_teardown to 2025-07-10 00:00:00+00:00, run_after=2025-07-11 00:00:00+00:00
[2025-07-11T09:48:56.632+0000] {processor.py:183} INFO - Processing /home/airflow/.local/lib/python3.8/site-packages/airflow/example_dags/example_setup_teardown.py took 0.119 seconds
[2025-07-11T09:49:27.144+0000] {processor.py:161} INFO - Started process (PID=1687) to work on /home/airflow/.local/lib/python3.8/site-packages/airflow/example_dags/example_setup_teardown.py
[2025-07-11T09:49:27.145+0000] {processor.py:830} INFO - Processing file /home/airflow/.local/lib/python3.8/site-packages/airflow/example_dags/example_setup_teardown.py for tasks to queue
[2025-07-11T09:49:27.147+0000] {logging_mixin.py:188} INFO - [2025-07-11T09:49:27.147+0000] {dagbag.py:538} INFO - Filling up the DagBag from /home/airflow/.local/lib/python3.8/site-packages/airflow/example_dags/example_setup_teardown.py
[2025-07-11T09:49:27.157+0000] {processor.py:840} INFO - DAG(s) 'example_setup_teardown' retrieved from /home/airflow/.local/lib/python3.8/site-packages/airflow/example_dags/example_setup_teardown.py
[2025-07-11T09:49:27.187+0000] {logging_mixin.py:188} INFO - [2025-07-11T09:49:27.187+0000] {dag.py:3036} INFO - Sync 1 DAGs
[2025-07-11T09:49:27.222+0000] {logging_mixin.py:188} INFO - [2025-07-11T09:49:27.222+0000] {dag.py:3823} INFO - Setting next_dagrun for example_setup_teardown to 2025-07-10 00:00:00+00:00, run_after=2025-07-11 00:00:00+00:00
[2025-07-11T09:49:27.251+0000] {processor.py:183} INFO - Processing /home/airflow/.local/lib/python3.8/site-packages/airflow/example_dags/example_setup_teardown.py took 0.112 seconds
[2025-07-11T09:49:57.556+0000] {processor.py:161} INFO - Started process (PID=1742) to work on /home/airflow/.local/lib/python3.8/site-packages/airflow/example_dags/example_setup_teardown.py
[2025-07-11T09:49:57.558+0000] {processor.py:830} INFO - Processing file /home/airflow/.local/lib/python3.8/site-packages/airflow/example_dags/example_setup_teardown.py for tasks to queue
[2025-07-11T09:49:57.561+0000] {logging_mixin.py:188} INFO - [2025-07-11T09:49:57.560+0000] {dagbag.py:538} INFO - Filling up the DagBag from /home/airflow/.local/lib/python3.8/site-packages/airflow/example_dags/example_setup_teardown.py
[2025-07-11T09:49:57.569+0000] {processor.py:840} INFO - DAG(s) 'example_setup_teardown' retrieved from /home/airflow/.local/lib/python3.8/site-packages/airflow/example_dags/example_setup_teardown.py
[2025-07-11T09:49:57.597+0000] {logging_mixin.py:188} INFO - [2025-07-11T09:49:57.597+0000] {dag.py:3036} INFO - Sync 1 DAGs
[2025-07-11T09:49:57.629+0000] {logging_mixin.py:188} INFO - [2025-07-11T09:49:57.628+0000] {dag.py:3823} INFO - Setting next_dagrun for example_setup_teardown to 2025-07-10 00:00:00+00:00, run_after=2025-07-11 00:00:00+00:00
[2025-07-11T09:49:57.663+0000] {processor.py:183} INFO - Processing /home/airflow/.local/lib/python3.8/site-packages/airflow/example_dags/example_setup_teardown.py took 0.111 seconds
[2025-07-11T09:50:28.408+0000] {processor.py:161} INFO - Started process (PID=1797) to work on /home/airflow/.local/lib/python3.8/site-packages/airflow/example_dags/example_setup_teardown.py
[2025-07-11T09:50:28.410+0000] {processor.py:830} INFO - Processing file /home/airflow/.local/lib/python3.8/site-packages/airflow/example_dags/example_setup_teardown.py for tasks to queue
[2025-07-11T09:50:28.412+0000] {logging_mixin.py:188} INFO - [2025-07-11T09:50:28.412+0000] {dagbag.py:538} INFO - Filling up the DagBag from /home/airflow/.local/lib/python3.8/site-packages/airflow/example_dags/example_setup_teardown.py
[2025-07-11T09:50:28.421+0000] {processor.py:840} INFO - DAG(s) 'example_setup_teardown' retrieved from /home/airflow/.local/lib/python3.8/site-packages/airflow/example_dags/example_setup_teardown.py
[2025-07-11T09:50:28.448+0000] {logging_mixin.py:188} INFO - [2025-07-11T09:50:28.447+0000] {dag.py:3036} INFO - Sync 1 DAGs
[2025-07-11T09:50:28.478+0000] {logging_mixin.py:188} INFO - [2025-07-11T09:50:28.477+0000] {dag.py:3823} INFO - Setting next_dagrun for example_setup_teardown to 2025-07-10 00:00:00+00:00, run_after=2025-07-11 00:00:00+00:00
[2025-07-11T09:50:28.506+0000] {processor.py:183} INFO - Processing /home/airflow/.local/lib/python3.8/site-packages/airflow/example_dags/example_setup_teardown.py took 0.103 seconds
[2025-07-11T09:50:59.349+0000] {processor.py:161} INFO - Started process (PID=1852) to work on /home/airflow/.local/lib/python3.8/site-packages/airflow/example_dags/example_setup_teardown.py
[2025-07-11T09:50:59.351+0000] {processor.py:830} INFO - Processing file /home/airflow/.local/lib/python3.8/site-packages/airflow/example_dags/example_setup_teardown.py for tasks to queue
[2025-07-11T09:50:59.355+0000] {logging_mixin.py:188} INFO - [2025-07-11T09:50:59.354+0000] {dagbag.py:538} INFO - Filling up the DagBag from /home/airflow/.local/lib/python3.8/site-packages/airflow/example_dags/example_setup_teardown.py
[2025-07-11T09:50:59.365+0000] {processor.py:840} INFO - DAG(s) 'example_setup_teardown' retrieved from /home/airflow/.local/lib/python3.8/site-packages/airflow/example_dags/example_setup_teardown.py
[2025-07-11T09:50:59.402+0000] {logging_mixin.py:188} INFO - [2025-07-11T09:50:59.402+0000] {dag.py:3036} INFO - Sync 1 DAGs
[2025-07-11T09:50:59.457+0000] {logging_mixin.py:188} INFO - [2025-07-11T09:50:59.456+0000] {dag.py:3823} INFO - Setting next_dagrun for example_setup_teardown to 2025-07-10 00:00:00+00:00, run_after=2025-07-11 00:00:00+00:00
[2025-07-11T09:50:59.494+0000] {processor.py:183} INFO - Processing /home/airflow/.local/lib/python3.8/site-packages/airflow/example_dags/example_setup_teardown.py took 0.149 seconds
[2025-07-11T09:51:29.763+0000] {processor.py:161} INFO - Started process (PID=1907) to work on /home/airflow/.local/lib/python3.8/site-packages/airflow/example_dags/example_setup_teardown.py
[2025-07-11T09:51:29.765+0000] {processor.py:830} INFO - Processing file /home/airflow/.local/lib/python3.8/site-packages/airflow/example_dags/example_setup_teardown.py for tasks to queue
[2025-07-11T09:51:29.767+0000] {logging_mixin.py:188} INFO - [2025-07-11T09:51:29.767+0000] {dagbag.py:538} INFO - Filling up the DagBag from /home/airflow/.local/lib/python3.8/site-packages/airflow/example_dags/example_setup_teardown.py
[2025-07-11T09:51:29.777+0000] {processor.py:840} INFO - DAG(s) 'example_setup_teardown' retrieved from /home/airflow/.local/lib/python3.8/site-packages/airflow/example_dags/example_setup_teardown.py
[2025-07-11T09:51:29.805+0000] {logging_mixin.py:188} INFO - [2025-07-11T09:51:29.805+0000] {dag.py:3036} INFO - Sync 1 DAGs
[2025-07-11T09:51:29.839+0000] {logging_mixin.py:188} INFO - [2025-07-11T09:51:29.839+0000] {dag.py:3823} INFO - Setting next_dagrun for example_setup_teardown to 2025-07-10 00:00:00+00:00, run_after=2025-07-11 00:00:00+00:00
[2025-07-11T09:51:29.872+0000] {processor.py:183} INFO - Processing /home/airflow/.local/lib/python3.8/site-packages/airflow/example_dags/example_setup_teardown.py took 0.113 seconds
[2025-07-11T09:52:00.412+0000] {processor.py:161} INFO - Started process (PID=1962) to work on /home/airflow/.local/lib/python3.8/site-packages/airflow/example_dags/example_setup_teardown.py
[2025-07-11T09:52:00.414+0000] {processor.py:830} INFO - Processing file /home/airflow/.local/lib/python3.8/site-packages/airflow/example_dags/example_setup_teardown.py for tasks to queue
[2025-07-11T09:52:00.416+0000] {logging_mixin.py:188} INFO - [2025-07-11T09:52:00.416+0000] {dagbag.py:538} INFO - Filling up the DagBag from /home/airflow/.local/lib/python3.8/site-packages/airflow/example_dags/example_setup_teardown.py
[2025-07-11T09:52:00.426+0000] {processor.py:840} INFO - DAG(s) 'example_setup_teardown' retrieved from /home/airflow/.local/lib/python3.8/site-packages/airflow/example_dags/example_setup_teardown.py
[2025-07-11T09:52:00.455+0000] {logging_mixin.py:188} INFO - [2025-07-11T09:52:00.454+0000] {dag.py:3036} INFO - Sync 1 DAGs
[2025-07-11T09:52:00.486+0000] {logging_mixin.py:188} INFO - [2025-07-11T09:52:00.486+0000] {dag.py:3823} INFO - Setting next_dagrun for example_setup_teardown to 2025-07-10 00:00:00+00:00, run_after=2025-07-11 00:00:00+00:00
[2025-07-11T09:52:00.516+0000] {processor.py:183} INFO - Processing /home/airflow/.local/lib/python3.8/site-packages/airflow/example_dags/example_setup_teardown.py took 0.108 seconds
[2025-07-11T09:52:31.217+0000] {processor.py:161} INFO - Started process (PID=2017) to work on /home/airflow/.local/lib/python3.8/site-packages/airflow/example_dags/example_setup_teardown.py
[2025-07-11T09:52:31.219+0000] {processor.py:830} INFO - Processing file /home/airflow/.local/lib/python3.8/site-packages/airflow/example_dags/example_setup_teardown.py for tasks to queue
[2025-07-11T09:52:31.221+0000] {logging_mixin.py:188} INFO - [2025-07-11T09:52:31.221+0000] {dagbag.py:538} INFO - Filling up the DagBag from /home/airflow/.local/lib/python3.8/site-packages/airflow/example_dags/example_setup_teardown.py
[2025-07-11T09:52:31.231+0000] {processor.py:840} INFO - DAG(s) 'example_setup_teardown' retrieved from /home/airflow/.local/lib/python3.8/site-packages/airflow/example_dags/example_setup_teardown.py
[2025-07-11T09:52:31.260+0000] {logging_mixin.py:188} INFO - [2025-07-11T09:52:31.260+0000] {dag.py:3036} INFO - Sync 1 DAGs
[2025-07-11T09:52:31.291+0000] {logging_mixin.py:188} INFO - [2025-07-11T09:52:31.291+0000] {dag.py:3823} INFO - Setting next_dagrun for example_setup_teardown to 2025-07-10 00:00:00+00:00, run_after=2025-07-11 00:00:00+00:00
[2025-07-11T09:52:31.320+0000] {processor.py:183} INFO - Processing /home/airflow/.local/lib/python3.8/site-packages/airflow/example_dags/example_setup_teardown.py took 0.107 seconds
[2025-07-11T09:53:01.782+0000] {processor.py:161} INFO - Started process (PID=2072) to work on /home/airflow/.local/lib/python3.8/site-packages/airflow/example_dags/example_setup_teardown.py
[2025-07-11T09:53:01.784+0000] {processor.py:830} INFO - Processing file /home/airflow/.local/lib/python3.8/site-packages/airflow/example_dags/example_setup_teardown.py for tasks to queue
[2025-07-11T09:53:01.787+0000] {logging_mixin.py:188} INFO - [2025-07-11T09:53:01.786+0000] {dagbag.py:538} INFO - Filling up the DagBag from /home/airflow/.local/lib/python3.8/site-packages/airflow/example_dags/example_setup_teardown.py
[2025-07-11T09:53:01.799+0000] {processor.py:840} INFO - DAG(s) 'example_setup_teardown' retrieved from /home/airflow/.local/lib/python3.8/site-packages/airflow/example_dags/example_setup_teardown.py
[2025-07-11T09:53:01.833+0000] {logging_mixin.py:188} INFO - [2025-07-11T09:53:01.832+0000] {dag.py:3036} INFO - Sync 1 DAGs
[2025-07-11T09:53:01.865+0000] {logging_mixin.py:188} INFO - [2025-07-11T09:53:01.864+0000] {dag.py:3823} INFO - Setting next_dagrun for example_setup_teardown to 2025-07-10 00:00:00+00:00, run_after=2025-07-11 00:00:00+00:00
[2025-07-11T09:53:01.897+0000] {processor.py:183} INFO - Processing /home/airflow/.local/lib/python3.8/site-packages/airflow/example_dags/example_setup_teardown.py took 0.120 seconds
[2025-07-11T09:53:32.172+0000] {processor.py:161} INFO - Started process (PID=2127) to work on /home/airflow/.local/lib/python3.8/site-packages/airflow/example_dags/example_setup_teardown.py
[2025-07-11T09:53:32.174+0000] {processor.py:830} INFO - Processing file /home/airflow/.local/lib/python3.8/site-packages/airflow/example_dags/example_setup_teardown.py for tasks to queue
[2025-07-11T09:53:32.176+0000] {logging_mixin.py:188} INFO - [2025-07-11T09:53:32.176+0000] {dagbag.py:538} INFO - Filling up the DagBag from /home/airflow/.local/lib/python3.8/site-packages/airflow/example_dags/example_setup_teardown.py
[2025-07-11T09:53:32.187+0000] {processor.py:840} INFO - DAG(s) 'example_setup_teardown' retrieved from /home/airflow/.local/lib/python3.8/site-packages/airflow/example_dags/example_setup_teardown.py
[2025-07-11T09:53:32.217+0000] {logging_mixin.py:188} INFO - [2025-07-11T09:53:32.217+0000] {dag.py:3036} INFO - Sync 1 DAGs
[2025-07-11T09:53:32.252+0000] {logging_mixin.py:188} INFO - [2025-07-11T09:53:32.252+0000] {dag.py:3823} INFO - Setting next_dagrun for example_setup_teardown to 2025-07-10 00:00:00+00:00, run_after=2025-07-11 00:00:00+00:00
[2025-07-11T09:53:32.285+0000] {processor.py:183} INFO - Processing /home/airflow/.local/lib/python3.8/site-packages/airflow/example_dags/example_setup_teardown.py took 0.119 seconds
[2025-07-11T09:54:03.042+0000] {processor.py:161} INFO - Started process (PID=2182) to work on /home/airflow/.local/lib/python3.8/site-packages/airflow/example_dags/example_setup_teardown.py
[2025-07-11T09:54:03.043+0000] {processor.py:830} INFO - Processing file /home/airflow/.local/lib/python3.8/site-packages/airflow/example_dags/example_setup_teardown.py for tasks to queue
[2025-07-11T09:54:03.047+0000] {logging_mixin.py:188} INFO - [2025-07-11T09:54:03.046+0000] {dagbag.py:538} INFO - Filling up the DagBag from /home/airflow/.local/lib/python3.8/site-packages/airflow/example_dags/example_setup_teardown.py
[2025-07-11T09:54:03.057+0000] {processor.py:840} INFO - DAG(s) 'example_setup_teardown' retrieved from /home/airflow/.local/lib/python3.8/site-packages/airflow/example_dags/example_setup_teardown.py
[2025-07-11T09:54:03.088+0000] {logging_mixin.py:188} INFO - [2025-07-11T09:54:03.087+0000] {dag.py:3036} INFO - Sync 1 DAGs
[2025-07-11T09:54:03.301+0000] {logging_mixin.py:188} INFO - [2025-07-11T09:54:03.301+0000] {dag.py:3823} INFO - Setting next_dagrun for example_setup_teardown to 2025-07-10 00:00:00+00:00, run_after=2025-07-11 00:00:00+00:00
[2025-07-11T09:54:03.328+0000] {processor.py:183} INFO - Processing /home/airflow/.local/lib/python3.8/site-packages/airflow/example_dags/example_setup_teardown.py took 0.290 seconds
[2025-07-11T09:54:33.596+0000] {processor.py:161} INFO - Started process (PID=2237) to work on /home/airflow/.local/lib/python3.8/site-packages/airflow/example_dags/example_setup_teardown.py
[2025-07-11T09:54:33.598+0000] {processor.py:830} INFO - Processing file /home/airflow/.local/lib/python3.8/site-packages/airflow/example_dags/example_setup_teardown.py for tasks to queue
[2025-07-11T09:54:33.603+0000] {logging_mixin.py:188} INFO - [2025-07-11T09:54:33.602+0000] {dagbag.py:538} INFO - Filling up the DagBag from /home/airflow/.local/lib/python3.8/site-packages/airflow/example_dags/example_setup_teardown.py
[2025-07-11T09:54:33.616+0000] {processor.py:840} INFO - DAG(s) 'example_setup_teardown' retrieved from /home/airflow/.local/lib/python3.8/site-packages/airflow/example_dags/example_setup_teardown.py
[2025-07-11T09:54:33.651+0000] {logging_mixin.py:188} INFO - [2025-07-11T09:54:33.650+0000] {dag.py:3036} INFO - Sync 1 DAGs
[2025-07-11T09:54:33.694+0000] {logging_mixin.py:188} INFO - [2025-07-11T09:54:33.694+0000] {dag.py:3823} INFO - Setting next_dagrun for example_setup_teardown to 2025-07-10 00:00:00+00:00, run_after=2025-07-11 00:00:00+00:00
[2025-07-11T09:54:33.918+0000] {processor.py:183} INFO - Processing /home/airflow/.local/lib/python3.8/site-packages/airflow/example_dags/example_setup_teardown.py took 0.327 seconds
