[2025-07-11T09:24:57.901+0000] {processor.py:161} INFO - Started process (PID=101) to work on /home/airflow/.local/lib/python3.8/site-packages/airflow/example_dags/example_trigger_controller_dag.py
[2025-07-11T09:24:57.902+0000] {processor.py:830} INFO - Processing file /home/airflow/.local/lib/python3.8/site-packages/airflow/example_dags/example_trigger_controller_dag.py for tasks to queue
[2025-07-11T09:24:57.904+0000] {logging_mixin.py:188} INFO - [2025-07-11T09:24:57.904+0000] {dagbag.py:538} INFO - Filling up the DagBag from /home/airflow/.local/lib/python3.8/site-packages/airflow/example_dags/example_trigger_controller_dag.py
[2025-07-11T09:24:57.911+0000] {processor.py:840} INFO - DAG(s) 'example_trigger_controller_dag' retrieved from /home/airflow/.local/lib/python3.8/site-packages/airflow/example_dags/example_trigger_controller_dag.py
[2025-07-11T09:24:58.105+0000] {logging_mixin.py:188} INFO - [2025-07-11T09:24:58.104+0000] {override.py:1769} INFO - Created Permission View: can edit on DAG:example_trigger_controller_dag
[2025-07-11T09:24:58.128+0000] {logging_mixin.py:188} INFO - [2025-07-11T09:24:58.127+0000] {override.py:1769} INFO - Created Permission View: can delete on DAG:example_trigger_controller_dag
[2025-07-11T09:24:58.144+0000] {logging_mixin.py:188} INFO - [2025-07-11T09:24:58.143+0000] {override.py:1769} INFO - Created Permission View: can read on DAG:example_trigger_controller_dag
[2025-07-11T09:24:58.145+0000] {logging_mixin.py:188} INFO - [2025-07-11T09:24:58.145+0000] {dag.py:3036} INFO - Sync 1 DAGs
[2025-07-11T09:24:58.161+0000] {logging_mixin.py:188} INFO - [2025-07-11T09:24:58.161+0000] {dag.py:3058} INFO - Creating ORM DAG for example_trigger_controller_dag
[2025-07-11T09:24:58.175+0000] {logging_mixin.py:188} INFO - [2025-07-11T09:24:58.175+0000] {dag.py:3823} INFO - Setting next_dagrun for example_trigger_controller_dag to 2021-01-01 00:00:00+00:00, run_after=2021-01-01 00:00:00+00:00
[2025-07-11T09:24:58.208+0000] {processor.py:183} INFO - Processing /home/airflow/.local/lib/python3.8/site-packages/airflow/example_dags/example_trigger_controller_dag.py took 0.311 seconds
[2025-07-11T09:25:28.512+0000] {processor.py:161} INFO - Started process (PID=156) to work on /home/airflow/.local/lib/python3.8/site-packages/airflow/example_dags/example_trigger_controller_dag.py
[2025-07-11T09:25:28.513+0000] {processor.py:830} INFO - Processing file /home/airflow/.local/lib/python3.8/site-packages/airflow/example_dags/example_trigger_controller_dag.py for tasks to queue
[2025-07-11T09:25:28.516+0000] {logging_mixin.py:188} INFO - [2025-07-11T09:25:28.515+0000] {dagbag.py:538} INFO - Filling up the DagBag from /home/airflow/.local/lib/python3.8/site-packages/airflow/example_dags/example_trigger_controller_dag.py
[2025-07-11T09:25:28.522+0000] {processor.py:840} INFO - DAG(s) 'example_trigger_controller_dag' retrieved from /home/airflow/.local/lib/python3.8/site-packages/airflow/example_dags/example_trigger_controller_dag.py
[2025-07-11T09:25:28.555+0000] {logging_mixin.py:188} INFO - [2025-07-11T09:25:28.555+0000] {dag.py:3036} INFO - Sync 1 DAGs
[2025-07-11T09:25:28.596+0000] {logging_mixin.py:188} INFO - [2025-07-11T09:25:28.596+0000] {dag.py:3823} INFO - Setting next_dagrun for example_trigger_controller_dag to 2021-01-01 00:00:00+00:00, run_after=2021-01-01 00:00:00+00:00
[2025-07-11T09:25:28.628+0000] {processor.py:183} INFO - Processing /home/airflow/.local/lib/python3.8/site-packages/airflow/example_dags/example_trigger_controller_dag.py took 0.122 seconds
[2025-07-11T09:25:58.843+0000] {processor.py:161} INFO - Started process (PID=211) to work on /home/airflow/.local/lib/python3.8/site-packages/airflow/example_dags/example_trigger_controller_dag.py
[2025-07-11T09:25:58.845+0000] {processor.py:830} INFO - Processing file /home/airflow/.local/lib/python3.8/site-packages/airflow/example_dags/example_trigger_controller_dag.py for tasks to queue
[2025-07-11T09:25:58.848+0000] {logging_mixin.py:188} INFO - [2025-07-11T09:25:58.847+0000] {dagbag.py:538} INFO - Filling up the DagBag from /home/airflow/.local/lib/python3.8/site-packages/airflow/example_dags/example_trigger_controller_dag.py
[2025-07-11T09:25:58.854+0000] {processor.py:840} INFO - DAG(s) 'example_trigger_controller_dag' retrieved from /home/airflow/.local/lib/python3.8/site-packages/airflow/example_dags/example_trigger_controller_dag.py
[2025-07-11T09:25:58.880+0000] {logging_mixin.py:188} INFO - [2025-07-11T09:25:58.880+0000] {dag.py:3036} INFO - Sync 1 DAGs
[2025-07-11T09:25:58.909+0000] {logging_mixin.py:188} INFO - [2025-07-11T09:25:58.909+0000] {dag.py:3823} INFO - Setting next_dagrun for example_trigger_controller_dag to 2021-01-01 00:00:00+00:00, run_after=2021-01-01 00:00:00+00:00
[2025-07-11T09:25:58.939+0000] {processor.py:183} INFO - Processing /home/airflow/.local/lib/python3.8/site-packages/airflow/example_dags/example_trigger_controller_dag.py took 0.100 seconds
[2025-07-11T09:26:29.235+0000] {processor.py:161} INFO - Started process (PID=266) to work on /home/airflow/.local/lib/python3.8/site-packages/airflow/example_dags/example_trigger_controller_dag.py
[2025-07-11T09:26:29.237+0000] {processor.py:830} INFO - Processing file /home/airflow/.local/lib/python3.8/site-packages/airflow/example_dags/example_trigger_controller_dag.py for tasks to queue
[2025-07-11T09:26:29.240+0000] {logging_mixin.py:188} INFO - [2025-07-11T09:26:29.240+0000] {dagbag.py:538} INFO - Filling up the DagBag from /home/airflow/.local/lib/python3.8/site-packages/airflow/example_dags/example_trigger_controller_dag.py
[2025-07-11T09:26:29.249+0000] {processor.py:840} INFO - DAG(s) 'example_trigger_controller_dag' retrieved from /home/airflow/.local/lib/python3.8/site-packages/airflow/example_dags/example_trigger_controller_dag.py
[2025-07-11T09:26:29.282+0000] {logging_mixin.py:188} INFO - [2025-07-11T09:26:29.282+0000] {dag.py:3036} INFO - Sync 1 DAGs
[2025-07-11T09:26:29.319+0000] {logging_mixin.py:188} INFO - [2025-07-11T09:26:29.318+0000] {dag.py:3823} INFO - Setting next_dagrun for example_trigger_controller_dag to 2021-01-01 00:00:00+00:00, run_after=2021-01-01 00:00:00+00:00
[2025-07-11T09:26:29.350+0000] {processor.py:183} INFO - Processing /home/airflow/.local/lib/python3.8/site-packages/airflow/example_dags/example_trigger_controller_dag.py took 0.120 seconds
[2025-07-11T09:26:59.510+0000] {processor.py:161} INFO - Started process (PID=321) to work on /home/airflow/.local/lib/python3.8/site-packages/airflow/example_dags/example_trigger_controller_dag.py
[2025-07-11T09:26:59.511+0000] {processor.py:830} INFO - Processing file /home/airflow/.local/lib/python3.8/site-packages/airflow/example_dags/example_trigger_controller_dag.py for tasks to queue
[2025-07-11T09:26:59.513+0000] {logging_mixin.py:188} INFO - [2025-07-11T09:26:59.513+0000] {dagbag.py:538} INFO - Filling up the DagBag from /home/airflow/.local/lib/python3.8/site-packages/airflow/example_dags/example_trigger_controller_dag.py
[2025-07-11T09:26:59.519+0000] {processor.py:840} INFO - DAG(s) 'example_trigger_controller_dag' retrieved from /home/airflow/.local/lib/python3.8/site-packages/airflow/example_dags/example_trigger_controller_dag.py
[2025-07-11T09:26:59.550+0000] {logging_mixin.py:188} INFO - [2025-07-11T09:26:59.550+0000] {dag.py:3036} INFO - Sync 1 DAGs
[2025-07-11T09:26:59.584+0000] {logging_mixin.py:188} INFO - [2025-07-11T09:26:59.583+0000] {dag.py:3823} INFO - Setting next_dagrun for example_trigger_controller_dag to 2021-01-01 00:00:00+00:00, run_after=2021-01-01 00:00:00+00:00
[2025-07-11T09:26:59.630+0000] {processor.py:183} INFO - Processing /home/airflow/.local/lib/python3.8/site-packages/airflow/example_dags/example_trigger_controller_dag.py took 0.124 seconds
[2025-07-11T09:28:25.293+0000] {processor.py:161} INFO - Started process (PID=102) to work on /home/airflow/.local/lib/python3.8/site-packages/airflow/example_dags/example_trigger_controller_dag.py
[2025-07-11T09:28:25.294+0000] {processor.py:830} INFO - Processing file /home/airflow/.local/lib/python3.8/site-packages/airflow/example_dags/example_trigger_controller_dag.py for tasks to queue
[2025-07-11T09:28:25.296+0000] {logging_mixin.py:188} INFO - [2025-07-11T09:28:25.296+0000] {dagbag.py:538} INFO - Filling up the DagBag from /home/airflow/.local/lib/python3.8/site-packages/airflow/example_dags/example_trigger_controller_dag.py
[2025-07-11T09:28:25.303+0000] {processor.py:840} INFO - DAG(s) 'example_trigger_controller_dag' retrieved from /home/airflow/.local/lib/python3.8/site-packages/airflow/example_dags/example_trigger_controller_dag.py
[2025-07-11T09:28:25.473+0000] {logging_mixin.py:188} INFO - [2025-07-11T09:28:25.472+0000] {override.py:1769} INFO - Created Permission View: can read on DAG:example_trigger_controller_dag
[2025-07-11T09:28:25.493+0000] {logging_mixin.py:188} INFO - [2025-07-11T09:28:25.492+0000] {override.py:1769} INFO - Created Permission View: can delete on DAG:example_trigger_controller_dag
[2025-07-11T09:28:25.508+0000] {logging_mixin.py:188} INFO - [2025-07-11T09:28:25.507+0000] {override.py:1769} INFO - Created Permission View: can edit on DAG:example_trigger_controller_dag
[2025-07-11T09:28:25.509+0000] {logging_mixin.py:188} INFO - [2025-07-11T09:28:25.508+0000] {dag.py:3036} INFO - Sync 1 DAGs
[2025-07-11T09:28:25.524+0000] {logging_mixin.py:188} INFO - [2025-07-11T09:28:25.524+0000] {dag.py:3058} INFO - Creating ORM DAG for example_trigger_controller_dag
[2025-07-11T09:28:25.537+0000] {logging_mixin.py:188} INFO - [2025-07-11T09:28:25.537+0000] {dag.py:3823} INFO - Setting next_dagrun for example_trigger_controller_dag to 2021-01-01 00:00:00+00:00, run_after=2021-01-01 00:00:00+00:00
[2025-07-11T09:28:25.566+0000] {processor.py:183} INFO - Processing /home/airflow/.local/lib/python3.8/site-packages/airflow/example_dags/example_trigger_controller_dag.py took 0.278 seconds
[2025-07-11T09:28:56.158+0000] {processor.py:161} INFO - Started process (PID=157) to work on /home/airflow/.local/lib/python3.8/site-packages/airflow/example_dags/example_trigger_controller_dag.py
[2025-07-11T09:28:56.161+0000] {processor.py:830} INFO - Processing file /home/airflow/.local/lib/python3.8/site-packages/airflow/example_dags/example_trigger_controller_dag.py for tasks to queue
[2025-07-11T09:28:56.164+0000] {logging_mixin.py:188} INFO - [2025-07-11T09:28:56.164+0000] {dagbag.py:538} INFO - Filling up the DagBag from /home/airflow/.local/lib/python3.8/site-packages/airflow/example_dags/example_trigger_controller_dag.py
[2025-07-11T09:28:56.171+0000] {processor.py:840} INFO - DAG(s) 'example_trigger_controller_dag' retrieved from /home/airflow/.local/lib/python3.8/site-packages/airflow/example_dags/example_trigger_controller_dag.py
[2025-07-11T09:28:56.204+0000] {logging_mixin.py:188} INFO - [2025-07-11T09:28:56.203+0000] {dag.py:3036} INFO - Sync 1 DAGs
[2025-07-11T09:28:56.245+0000] {logging_mixin.py:188} INFO - [2025-07-11T09:28:56.244+0000] {dag.py:3823} INFO - Setting next_dagrun for example_trigger_controller_dag to 2021-01-01 00:00:00+00:00, run_after=2021-01-01 00:00:00+00:00
[2025-07-11T09:28:56.285+0000] {processor.py:183} INFO - Processing /home/airflow/.local/lib/python3.8/site-packages/airflow/example_dags/example_trigger_controller_dag.py took 0.133 seconds
[2025-07-11T09:29:26.558+0000] {processor.py:161} INFO - Started process (PID=212) to work on /home/airflow/.local/lib/python3.8/site-packages/airflow/example_dags/example_trigger_controller_dag.py
[2025-07-11T09:29:26.560+0000] {processor.py:830} INFO - Processing file /home/airflow/.local/lib/python3.8/site-packages/airflow/example_dags/example_trigger_controller_dag.py for tasks to queue
[2025-07-11T09:29:26.562+0000] {logging_mixin.py:188} INFO - [2025-07-11T09:29:26.562+0000] {dagbag.py:538} INFO - Filling up the DagBag from /home/airflow/.local/lib/python3.8/site-packages/airflow/example_dags/example_trigger_controller_dag.py
[2025-07-11T09:29:26.568+0000] {processor.py:840} INFO - DAG(s) 'example_trigger_controller_dag' retrieved from /home/airflow/.local/lib/python3.8/site-packages/airflow/example_dags/example_trigger_controller_dag.py
[2025-07-11T09:29:26.595+0000] {logging_mixin.py:188} INFO - [2025-07-11T09:29:26.595+0000] {dag.py:3036} INFO - Sync 1 DAGs
[2025-07-11T09:29:26.627+0000] {logging_mixin.py:188} INFO - [2025-07-11T09:29:26.626+0000] {dag.py:3823} INFO - Setting next_dagrun for example_trigger_controller_dag to 2021-01-01 00:00:00+00:00, run_after=2021-01-01 00:00:00+00:00
[2025-07-11T09:29:26.664+0000] {processor.py:183} INFO - Processing /home/airflow/.local/lib/python3.8/site-packages/airflow/example_dags/example_trigger_controller_dag.py took 0.111 seconds
[2025-07-11T09:29:56.832+0000] {processor.py:161} INFO - Started process (PID=267) to work on /home/airflow/.local/lib/python3.8/site-packages/airflow/example_dags/example_trigger_controller_dag.py
[2025-07-11T09:29:56.834+0000] {processor.py:830} INFO - Processing file /home/airflow/.local/lib/python3.8/site-packages/airflow/example_dags/example_trigger_controller_dag.py for tasks to queue
[2025-07-11T09:29:56.836+0000] {logging_mixin.py:188} INFO - [2025-07-11T09:29:56.836+0000] {dagbag.py:538} INFO - Filling up the DagBag from /home/airflow/.local/lib/python3.8/site-packages/airflow/example_dags/example_trigger_controller_dag.py
[2025-07-11T09:29:56.842+0000] {processor.py:840} INFO - DAG(s) 'example_trigger_controller_dag' retrieved from /home/airflow/.local/lib/python3.8/site-packages/airflow/example_dags/example_trigger_controller_dag.py
[2025-07-11T09:29:56.869+0000] {logging_mixin.py:188} INFO - [2025-07-11T09:29:56.868+0000] {dag.py:3036} INFO - Sync 1 DAGs
[2025-07-11T09:29:56.899+0000] {logging_mixin.py:188} INFO - [2025-07-11T09:29:56.898+0000] {dag.py:3823} INFO - Setting next_dagrun for example_trigger_controller_dag to 2021-01-01 00:00:00+00:00, run_after=2021-01-01 00:00:00+00:00
[2025-07-11T09:29:56.930+0000] {processor.py:183} INFO - Processing /home/airflow/.local/lib/python3.8/site-packages/airflow/example_dags/example_trigger_controller_dag.py took 0.103 seconds
[2025-07-11T09:30:27.502+0000] {processor.py:161} INFO - Started process (PID=322) to work on /home/airflow/.local/lib/python3.8/site-packages/airflow/example_dags/example_trigger_controller_dag.py
[2025-07-11T09:30:27.505+0000] {processor.py:830} INFO - Processing file /home/airflow/.local/lib/python3.8/site-packages/airflow/example_dags/example_trigger_controller_dag.py for tasks to queue
[2025-07-11T09:30:27.507+0000] {logging_mixin.py:188} INFO - [2025-07-11T09:30:27.507+0000] {dagbag.py:538} INFO - Filling up the DagBag from /home/airflow/.local/lib/python3.8/site-packages/airflow/example_dags/example_trigger_controller_dag.py
[2025-07-11T09:30:27.514+0000] {processor.py:840} INFO - DAG(s) 'example_trigger_controller_dag' retrieved from /home/airflow/.local/lib/python3.8/site-packages/airflow/example_dags/example_trigger_controller_dag.py
[2025-07-11T09:30:27.542+0000] {logging_mixin.py:188} INFO - [2025-07-11T09:30:27.542+0000] {dag.py:3036} INFO - Sync 1 DAGs
[2025-07-11T09:30:27.573+0000] {logging_mixin.py:188} INFO - [2025-07-11T09:30:27.573+0000] {dag.py:3823} INFO - Setting next_dagrun for example_trigger_controller_dag to 2021-01-01 00:00:00+00:00, run_after=2021-01-01 00:00:00+00:00
[2025-07-11T09:30:27.603+0000] {processor.py:183} INFO - Processing /home/airflow/.local/lib/python3.8/site-packages/airflow/example_dags/example_trigger_controller_dag.py took 0.106 seconds
[2025-07-11T09:30:58.354+0000] {processor.py:161} INFO - Started process (PID=377) to work on /home/airflow/.local/lib/python3.8/site-packages/airflow/example_dags/example_trigger_controller_dag.py
[2025-07-11T09:30:58.356+0000] {processor.py:830} INFO - Processing file /home/airflow/.local/lib/python3.8/site-packages/airflow/example_dags/example_trigger_controller_dag.py for tasks to queue
[2025-07-11T09:30:58.358+0000] {logging_mixin.py:188} INFO - [2025-07-11T09:30:58.358+0000] {dagbag.py:538} INFO - Filling up the DagBag from /home/airflow/.local/lib/python3.8/site-packages/airflow/example_dags/example_trigger_controller_dag.py
[2025-07-11T09:30:58.364+0000] {processor.py:840} INFO - DAG(s) 'example_trigger_controller_dag' retrieved from /home/airflow/.local/lib/python3.8/site-packages/airflow/example_dags/example_trigger_controller_dag.py
[2025-07-11T09:30:58.392+0000] {logging_mixin.py:188} INFO - [2025-07-11T09:30:58.391+0000] {dag.py:3036} INFO - Sync 1 DAGs
[2025-07-11T09:30:58.422+0000] {logging_mixin.py:188} INFO - [2025-07-11T09:30:58.422+0000] {dag.py:3823} INFO - Setting next_dagrun for example_trigger_controller_dag to 2021-01-01 00:00:00+00:00, run_after=2021-01-01 00:00:00+00:00
[2025-07-11T09:30:58.449+0000] {processor.py:183} INFO - Processing /home/airflow/.local/lib/python3.8/site-packages/airflow/example_dags/example_trigger_controller_dag.py took 0.100 seconds
[2025-07-11T09:31:28.586+0000] {processor.py:161} INFO - Started process (PID=432) to work on /home/airflow/.local/lib/python3.8/site-packages/airflow/example_dags/example_trigger_controller_dag.py
[2025-07-11T09:31:28.588+0000] {processor.py:830} INFO - Processing file /home/airflow/.local/lib/python3.8/site-packages/airflow/example_dags/example_trigger_controller_dag.py for tasks to queue
[2025-07-11T09:31:28.590+0000] {logging_mixin.py:188} INFO - [2025-07-11T09:31:28.590+0000] {dagbag.py:538} INFO - Filling up the DagBag from /home/airflow/.local/lib/python3.8/site-packages/airflow/example_dags/example_trigger_controller_dag.py
[2025-07-11T09:31:28.596+0000] {processor.py:840} INFO - DAG(s) 'example_trigger_controller_dag' retrieved from /home/airflow/.local/lib/python3.8/site-packages/airflow/example_dags/example_trigger_controller_dag.py
[2025-07-11T09:31:28.625+0000] {logging_mixin.py:188} INFO - [2025-07-11T09:31:28.624+0000] {dag.py:3036} INFO - Sync 1 DAGs
[2025-07-11T09:31:28.663+0000] {logging_mixin.py:188} INFO - [2025-07-11T09:31:28.663+0000] {dag.py:3823} INFO - Setting next_dagrun for example_trigger_controller_dag to 2021-01-01 00:00:00+00:00, run_after=2021-01-01 00:00:00+00:00
[2025-07-11T09:31:28.700+0000] {processor.py:183} INFO - Processing /home/airflow/.local/lib/python3.8/site-packages/airflow/example_dags/example_trigger_controller_dag.py took 0.119 seconds
[2025-07-11T09:31:58.878+0000] {processor.py:161} INFO - Started process (PID=487) to work on /home/airflow/.local/lib/python3.8/site-packages/airflow/example_dags/example_trigger_controller_dag.py
[2025-07-11T09:31:58.880+0000] {processor.py:830} INFO - Processing file /home/airflow/.local/lib/python3.8/site-packages/airflow/example_dags/example_trigger_controller_dag.py for tasks to queue
[2025-07-11T09:31:58.883+0000] {logging_mixin.py:188} INFO - [2025-07-11T09:31:58.883+0000] {dagbag.py:538} INFO - Filling up the DagBag from /home/airflow/.local/lib/python3.8/site-packages/airflow/example_dags/example_trigger_controller_dag.py
[2025-07-11T09:31:58.891+0000] {processor.py:840} INFO - DAG(s) 'example_trigger_controller_dag' retrieved from /home/airflow/.local/lib/python3.8/site-packages/airflow/example_dags/example_trigger_controller_dag.py
[2025-07-11T09:31:58.921+0000] {logging_mixin.py:188} INFO - [2025-07-11T09:31:58.921+0000] {dag.py:3036} INFO - Sync 1 DAGs
[2025-07-11T09:31:58.957+0000] {logging_mixin.py:188} INFO - [2025-07-11T09:31:58.957+0000] {dag.py:3823} INFO - Setting next_dagrun for example_trigger_controller_dag to 2021-01-01 00:00:00+00:00, run_after=2021-01-01 00:00:00+00:00
[2025-07-11T09:31:58.989+0000] {processor.py:183} INFO - Processing /home/airflow/.local/lib/python3.8/site-packages/airflow/example_dags/example_trigger_controller_dag.py took 0.116 seconds
[2025-07-11T09:32:29.278+0000] {processor.py:161} INFO - Started process (PID=542) to work on /home/airflow/.local/lib/python3.8/site-packages/airflow/example_dags/example_trigger_controller_dag.py
[2025-07-11T09:32:29.280+0000] {processor.py:830} INFO - Processing file /home/airflow/.local/lib/python3.8/site-packages/airflow/example_dags/example_trigger_controller_dag.py for tasks to queue
[2025-07-11T09:32:29.283+0000] {logging_mixin.py:188} INFO - [2025-07-11T09:32:29.282+0000] {dagbag.py:538} INFO - Filling up the DagBag from /home/airflow/.local/lib/python3.8/site-packages/airflow/example_dags/example_trigger_controller_dag.py
[2025-07-11T09:32:29.289+0000] {processor.py:840} INFO - DAG(s) 'example_trigger_controller_dag' retrieved from /home/airflow/.local/lib/python3.8/site-packages/airflow/example_dags/example_trigger_controller_dag.py
[2025-07-11T09:32:29.317+0000] {logging_mixin.py:188} INFO - [2025-07-11T09:32:29.316+0000] {dag.py:3036} INFO - Sync 1 DAGs
[2025-07-11T09:32:29.357+0000] {logging_mixin.py:188} INFO - [2025-07-11T09:32:29.356+0000] {dag.py:3823} INFO - Setting next_dagrun for example_trigger_controller_dag to 2021-01-01 00:00:00+00:00, run_after=2021-01-01 00:00:00+00:00
[2025-07-11T09:32:29.395+0000] {processor.py:183} INFO - Processing /home/airflow/.local/lib/python3.8/site-packages/airflow/example_dags/example_trigger_controller_dag.py took 0.121 seconds
[2025-07-11T09:33:00.624+0000] {processor.py:161} INFO - Started process (PID=597) to work on /home/airflow/.local/lib/python3.8/site-packages/airflow/example_dags/example_trigger_controller_dag.py
[2025-07-11T09:33:00.630+0000] {processor.py:830} INFO - Processing file /home/airflow/.local/lib/python3.8/site-packages/airflow/example_dags/example_trigger_controller_dag.py for tasks to queue
[2025-07-11T09:33:00.635+0000] {logging_mixin.py:188} INFO - [2025-07-11T09:33:00.635+0000] {dagbag.py:538} INFO - Filling up the DagBag from /home/airflow/.local/lib/python3.8/site-packages/airflow/example_dags/example_trigger_controller_dag.py
[2025-07-11T09:33:00.645+0000] {processor.py:840} INFO - DAG(s) 'example_trigger_controller_dag' retrieved from /home/airflow/.local/lib/python3.8/site-packages/airflow/example_dags/example_trigger_controller_dag.py
[2025-07-11T09:33:00.677+0000] {logging_mixin.py:188} INFO - [2025-07-11T09:33:00.677+0000] {dag.py:3036} INFO - Sync 1 DAGs
[2025-07-11T09:33:00.728+0000] {logging_mixin.py:188} INFO - [2025-07-11T09:33:00.727+0000] {dag.py:3823} INFO - Setting next_dagrun for example_trigger_controller_dag to 2021-01-01 00:00:00+00:00, run_after=2021-01-01 00:00:00+00:00
[2025-07-11T09:33:00.776+0000] {processor.py:183} INFO - Processing /home/airflow/.local/lib/python3.8/site-packages/airflow/example_dags/example_trigger_controller_dag.py took 0.158 seconds
[2025-07-11T09:33:30.992+0000] {processor.py:161} INFO - Started process (PID=652) to work on /home/airflow/.local/lib/python3.8/site-packages/airflow/example_dags/example_trigger_controller_dag.py
[2025-07-11T09:33:30.994+0000] {processor.py:830} INFO - Processing file /home/airflow/.local/lib/python3.8/site-packages/airflow/example_dags/example_trigger_controller_dag.py for tasks to queue
[2025-07-11T09:33:30.996+0000] {logging_mixin.py:188} INFO - [2025-07-11T09:33:30.996+0000] {dagbag.py:538} INFO - Filling up the DagBag from /home/airflow/.local/lib/python3.8/site-packages/airflow/example_dags/example_trigger_controller_dag.py
[2025-07-11T09:33:31.002+0000] {processor.py:840} INFO - DAG(s) 'example_trigger_controller_dag' retrieved from /home/airflow/.local/lib/python3.8/site-packages/airflow/example_dags/example_trigger_controller_dag.py
[2025-07-11T09:33:31.030+0000] {logging_mixin.py:188} INFO - [2025-07-11T09:33:31.029+0000] {dag.py:3036} INFO - Sync 1 DAGs
[2025-07-11T09:33:31.061+0000] {logging_mixin.py:188} INFO - [2025-07-11T09:33:31.060+0000] {dag.py:3823} INFO - Setting next_dagrun for example_trigger_controller_dag to 2021-01-01 00:00:00+00:00, run_after=2021-01-01 00:00:00+00:00
[2025-07-11T09:33:31.091+0000] {processor.py:183} INFO - Processing /home/airflow/.local/lib/python3.8/site-packages/airflow/example_dags/example_trigger_controller_dag.py took 0.104 seconds
[2025-07-11T09:34:46.944+0000] {processor.py:161} INFO - Started process (PID=103) to work on /home/airflow/.local/lib/python3.8/site-packages/airflow/example_dags/example_trigger_controller_dag.py
[2025-07-11T09:34:46.945+0000] {processor.py:830} INFO - Processing file /home/airflow/.local/lib/python3.8/site-packages/airflow/example_dags/example_trigger_controller_dag.py for tasks to queue
[2025-07-11T09:34:46.949+0000] {logging_mixin.py:188} INFO - [2025-07-11T09:34:46.948+0000] {dagbag.py:538} INFO - Filling up the DagBag from /home/airflow/.local/lib/python3.8/site-packages/airflow/example_dags/example_trigger_controller_dag.py
[2025-07-11T09:34:46.959+0000] {processor.py:840} INFO - DAG(s) 'example_trigger_controller_dag' retrieved from /home/airflow/.local/lib/python3.8/site-packages/airflow/example_dags/example_trigger_controller_dag.py
[2025-07-11T09:34:47.165+0000] {logging_mixin.py:188} INFO - [2025-07-11T09:34:47.164+0000] {override.py:1769} INFO - Created Permission View: can edit on DAG:example_trigger_controller_dag
[2025-07-11T09:34:47.190+0000] {logging_mixin.py:188} INFO - [2025-07-11T09:34:47.190+0000] {override.py:1769} INFO - Created Permission View: can delete on DAG:example_trigger_controller_dag
[2025-07-11T09:34:47.210+0000] {logging_mixin.py:188} INFO - [2025-07-11T09:34:47.209+0000] {override.py:1769} INFO - Created Permission View: can read on DAG:example_trigger_controller_dag
[2025-07-11T09:34:47.211+0000] {logging_mixin.py:188} INFO - [2025-07-11T09:34:47.210+0000] {dag.py:3036} INFO - Sync 1 DAGs
[2025-07-11T09:34:47.231+0000] {logging_mixin.py:188} INFO - [2025-07-11T09:34:47.231+0000] {dag.py:3058} INFO - Creating ORM DAG for example_trigger_controller_dag
[2025-07-11T09:34:47.246+0000] {logging_mixin.py:188} INFO - [2025-07-11T09:34:47.246+0000] {dag.py:3823} INFO - Setting next_dagrun for example_trigger_controller_dag to 2021-01-01 00:00:00+00:00, run_after=2021-01-01 00:00:00+00:00
[2025-07-11T09:34:47.276+0000] {processor.py:183} INFO - Processing /home/airflow/.local/lib/python3.8/site-packages/airflow/example_dags/example_trigger_controller_dag.py took 0.337 seconds
[2025-07-11T09:35:18.105+0000] {processor.py:161} INFO - Started process (PID=158) to work on /home/airflow/.local/lib/python3.8/site-packages/airflow/example_dags/example_trigger_controller_dag.py
[2025-07-11T09:35:18.107+0000] {processor.py:830} INFO - Processing file /home/airflow/.local/lib/python3.8/site-packages/airflow/example_dags/example_trigger_controller_dag.py for tasks to queue
[2025-07-11T09:35:18.110+0000] {logging_mixin.py:188} INFO - [2025-07-11T09:35:18.109+0000] {dagbag.py:538} INFO - Filling up the DagBag from /home/airflow/.local/lib/python3.8/site-packages/airflow/example_dags/example_trigger_controller_dag.py
[2025-07-11T09:35:18.118+0000] {processor.py:840} INFO - DAG(s) 'example_trigger_controller_dag' retrieved from /home/airflow/.local/lib/python3.8/site-packages/airflow/example_dags/example_trigger_controller_dag.py
[2025-07-11T09:35:18.147+0000] {logging_mixin.py:188} INFO - [2025-07-11T09:35:18.147+0000] {dag.py:3036} INFO - Sync 1 DAGs
[2025-07-11T09:35:18.186+0000] {logging_mixin.py:188} INFO - [2025-07-11T09:35:18.185+0000] {dag.py:3823} INFO - Setting next_dagrun for example_trigger_controller_dag to 2021-01-01 00:00:00+00:00, run_after=2021-01-01 00:00:00+00:00
[2025-07-11T09:35:18.217+0000] {processor.py:183} INFO - Processing /home/airflow/.local/lib/python3.8/site-packages/airflow/example_dags/example_trigger_controller_dag.py took 0.116 seconds
[2025-07-11T09:35:48.376+0000] {processor.py:161} INFO - Started process (PID=213) to work on /home/airflow/.local/lib/python3.8/site-packages/airflow/example_dags/example_trigger_controller_dag.py
[2025-07-11T09:35:48.377+0000] {processor.py:830} INFO - Processing file /home/airflow/.local/lib/python3.8/site-packages/airflow/example_dags/example_trigger_controller_dag.py for tasks to queue
[2025-07-11T09:35:48.379+0000] {logging_mixin.py:188} INFO - [2025-07-11T09:35:48.379+0000] {dagbag.py:538} INFO - Filling up the DagBag from /home/airflow/.local/lib/python3.8/site-packages/airflow/example_dags/example_trigger_controller_dag.py
[2025-07-11T09:35:48.385+0000] {processor.py:840} INFO - DAG(s) 'example_trigger_controller_dag' retrieved from /home/airflow/.local/lib/python3.8/site-packages/airflow/example_dags/example_trigger_controller_dag.py
[2025-07-11T09:35:48.416+0000] {logging_mixin.py:188} INFO - [2025-07-11T09:35:48.415+0000] {dag.py:3036} INFO - Sync 1 DAGs
[2025-07-11T09:35:48.448+0000] {logging_mixin.py:188} INFO - [2025-07-11T09:35:48.448+0000] {dag.py:3823} INFO - Setting next_dagrun for example_trigger_controller_dag to 2021-01-01 00:00:00+00:00, run_after=2021-01-01 00:00:00+00:00
[2025-07-11T09:35:48.478+0000] {processor.py:183} INFO - Processing /home/airflow/.local/lib/python3.8/site-packages/airflow/example_dags/example_trigger_controller_dag.py took 0.106 seconds
[2025-07-11T09:36:18.822+0000] {processor.py:161} INFO - Started process (PID=268) to work on /home/airflow/.local/lib/python3.8/site-packages/airflow/example_dags/example_trigger_controller_dag.py
[2025-07-11T09:36:18.823+0000] {processor.py:830} INFO - Processing file /home/airflow/.local/lib/python3.8/site-packages/airflow/example_dags/example_trigger_controller_dag.py for tasks to queue
[2025-07-11T09:36:18.825+0000] {logging_mixin.py:188} INFO - [2025-07-11T09:36:18.825+0000] {dagbag.py:538} INFO - Filling up the DagBag from /home/airflow/.local/lib/python3.8/site-packages/airflow/example_dags/example_trigger_controller_dag.py
[2025-07-11T09:36:18.831+0000] {processor.py:840} INFO - DAG(s) 'example_trigger_controller_dag' retrieved from /home/airflow/.local/lib/python3.8/site-packages/airflow/example_dags/example_trigger_controller_dag.py
[2025-07-11T09:36:18.862+0000] {logging_mixin.py:188} INFO - [2025-07-11T09:36:18.861+0000] {dag.py:3036} INFO - Sync 1 DAGs
[2025-07-11T09:36:18.892+0000] {logging_mixin.py:188} INFO - [2025-07-11T09:36:18.891+0000] {dag.py:3823} INFO - Setting next_dagrun for example_trigger_controller_dag to 2021-01-01 00:00:00+00:00, run_after=2021-01-01 00:00:00+00:00
[2025-07-11T09:36:18.922+0000] {processor.py:183} INFO - Processing /home/airflow/.local/lib/python3.8/site-packages/airflow/example_dags/example_trigger_controller_dag.py took 0.105 seconds
[2025-07-11T09:36:49.169+0000] {processor.py:161} INFO - Started process (PID=323) to work on /home/airflow/.local/lib/python3.8/site-packages/airflow/example_dags/example_trigger_controller_dag.py
[2025-07-11T09:36:49.171+0000] {processor.py:830} INFO - Processing file /home/airflow/.local/lib/python3.8/site-packages/airflow/example_dags/example_trigger_controller_dag.py for tasks to queue
[2025-07-11T09:36:49.173+0000] {logging_mixin.py:188} INFO - [2025-07-11T09:36:49.172+0000] {dagbag.py:538} INFO - Filling up the DagBag from /home/airflow/.local/lib/python3.8/site-packages/airflow/example_dags/example_trigger_controller_dag.py
[2025-07-11T09:36:49.178+0000] {processor.py:840} INFO - DAG(s) 'example_trigger_controller_dag' retrieved from /home/airflow/.local/lib/python3.8/site-packages/airflow/example_dags/example_trigger_controller_dag.py
[2025-07-11T09:36:49.204+0000] {logging_mixin.py:188} INFO - [2025-07-11T09:36:49.204+0000] {dag.py:3036} INFO - Sync 1 DAGs
[2025-07-11T09:36:49.233+0000] {logging_mixin.py:188} INFO - [2025-07-11T09:36:49.233+0000] {dag.py:3823} INFO - Setting next_dagrun for example_trigger_controller_dag to 2021-01-01 00:00:00+00:00, run_after=2021-01-01 00:00:00+00:00
[2025-07-11T09:36:49.263+0000] {processor.py:183} INFO - Processing /home/airflow/.local/lib/python3.8/site-packages/airflow/example_dags/example_trigger_controller_dag.py took 0.098 seconds
[2025-07-11T09:37:19.680+0000] {processor.py:161} INFO - Started process (PID=378) to work on /home/airflow/.local/lib/python3.8/site-packages/airflow/example_dags/example_trigger_controller_dag.py
[2025-07-11T09:37:19.682+0000] {processor.py:830} INFO - Processing file /home/airflow/.local/lib/python3.8/site-packages/airflow/example_dags/example_trigger_controller_dag.py for tasks to queue
[2025-07-11T09:37:19.685+0000] {logging_mixin.py:188} INFO - [2025-07-11T09:37:19.684+0000] {dagbag.py:538} INFO - Filling up the DagBag from /home/airflow/.local/lib/python3.8/site-packages/airflow/example_dags/example_trigger_controller_dag.py
[2025-07-11T09:37:19.692+0000] {processor.py:840} INFO - DAG(s) 'example_trigger_controller_dag' retrieved from /home/airflow/.local/lib/python3.8/site-packages/airflow/example_dags/example_trigger_controller_dag.py
[2025-07-11T09:37:19.723+0000] {logging_mixin.py:188} INFO - [2025-07-11T09:37:19.722+0000] {dag.py:3036} INFO - Sync 1 DAGs
[2025-07-11T09:37:19.768+0000] {logging_mixin.py:188} INFO - [2025-07-11T09:37:19.768+0000] {dag.py:3823} INFO - Setting next_dagrun for example_trigger_controller_dag to 2021-01-01 00:00:00+00:00, run_after=2021-01-01 00:00:00+00:00
[2025-07-11T09:37:19.803+0000] {processor.py:183} INFO - Processing /home/airflow/.local/lib/python3.8/site-packages/airflow/example_dags/example_trigger_controller_dag.py took 0.129 seconds
[2025-07-11T09:37:50.409+0000] {processor.py:161} INFO - Started process (PID=433) to work on /home/airflow/.local/lib/python3.8/site-packages/airflow/example_dags/example_trigger_controller_dag.py
[2025-07-11T09:37:50.412+0000] {processor.py:830} INFO - Processing file /home/airflow/.local/lib/python3.8/site-packages/airflow/example_dags/example_trigger_controller_dag.py for tasks to queue
[2025-07-11T09:37:50.414+0000] {logging_mixin.py:188} INFO - [2025-07-11T09:37:50.414+0000] {dagbag.py:538} INFO - Filling up the DagBag from /home/airflow/.local/lib/python3.8/site-packages/airflow/example_dags/example_trigger_controller_dag.py
[2025-07-11T09:37:50.421+0000] {processor.py:840} INFO - DAG(s) 'example_trigger_controller_dag' retrieved from /home/airflow/.local/lib/python3.8/site-packages/airflow/example_dags/example_trigger_controller_dag.py
[2025-07-11T09:37:50.450+0000] {logging_mixin.py:188} INFO - [2025-07-11T09:37:50.450+0000] {dag.py:3036} INFO - Sync 1 DAGs
[2025-07-11T09:37:50.496+0000] {logging_mixin.py:188} INFO - [2025-07-11T09:37:50.496+0000] {dag.py:3823} INFO - Setting next_dagrun for example_trigger_controller_dag to 2021-01-01 00:00:00+00:00, run_after=2021-01-01 00:00:00+00:00
[2025-07-11T09:37:50.542+0000] {processor.py:183} INFO - Processing /home/airflow/.local/lib/python3.8/site-packages/airflow/example_dags/example_trigger_controller_dag.py took 0.137 seconds
[2025-07-11T09:38:21.110+0000] {processor.py:161} INFO - Started process (PID=488) to work on /home/airflow/.local/lib/python3.8/site-packages/airflow/example_dags/example_trigger_controller_dag.py
[2025-07-11T09:38:21.111+0000] {processor.py:830} INFO - Processing file /home/airflow/.local/lib/python3.8/site-packages/airflow/example_dags/example_trigger_controller_dag.py for tasks to queue
[2025-07-11T09:38:21.113+0000] {logging_mixin.py:188} INFO - [2025-07-11T09:38:21.113+0000] {dagbag.py:538} INFO - Filling up the DagBag from /home/airflow/.local/lib/python3.8/site-packages/airflow/example_dags/example_trigger_controller_dag.py
[2025-07-11T09:38:21.119+0000] {processor.py:840} INFO - DAG(s) 'example_trigger_controller_dag' retrieved from /home/airflow/.local/lib/python3.8/site-packages/airflow/example_dags/example_trigger_controller_dag.py
[2025-07-11T09:38:21.146+0000] {logging_mixin.py:188} INFO - [2025-07-11T09:38:21.145+0000] {dag.py:3036} INFO - Sync 1 DAGs
[2025-07-11T09:38:21.174+0000] {logging_mixin.py:188} INFO - [2025-07-11T09:38:21.174+0000] {dag.py:3823} INFO - Setting next_dagrun for example_trigger_controller_dag to 2021-01-01 00:00:00+00:00, run_after=2021-01-01 00:00:00+00:00
[2025-07-11T09:38:21.202+0000] {processor.py:183} INFO - Processing /home/airflow/.local/lib/python3.8/site-packages/airflow/example_dags/example_trigger_controller_dag.py took 0.097 seconds
[2025-07-11T09:38:51.616+0000] {processor.py:161} INFO - Started process (PID=543) to work on /home/airflow/.local/lib/python3.8/site-packages/airflow/example_dags/example_trigger_controller_dag.py
[2025-07-11T09:38:51.618+0000] {processor.py:830} INFO - Processing file /home/airflow/.local/lib/python3.8/site-packages/airflow/example_dags/example_trigger_controller_dag.py for tasks to queue
[2025-07-11T09:38:51.620+0000] {logging_mixin.py:188} INFO - [2025-07-11T09:38:51.620+0000] {dagbag.py:538} INFO - Filling up the DagBag from /home/airflow/.local/lib/python3.8/site-packages/airflow/example_dags/example_trigger_controller_dag.py
[2025-07-11T09:38:51.627+0000] {processor.py:840} INFO - DAG(s) 'example_trigger_controller_dag' retrieved from /home/airflow/.local/lib/python3.8/site-packages/airflow/example_dags/example_trigger_controller_dag.py
[2025-07-11T09:38:51.655+0000] {logging_mixin.py:188} INFO - [2025-07-11T09:38:51.655+0000] {dag.py:3036} INFO - Sync 1 DAGs
[2025-07-11T09:38:51.685+0000] {logging_mixin.py:188} INFO - [2025-07-11T09:38:51.685+0000] {dag.py:3823} INFO - Setting next_dagrun for example_trigger_controller_dag to 2021-01-01 00:00:00+00:00, run_after=2021-01-01 00:00:00+00:00
[2025-07-11T09:38:51.717+0000] {processor.py:183} INFO - Processing /home/airflow/.local/lib/python3.8/site-packages/airflow/example_dags/example_trigger_controller_dag.py took 0.105 seconds
[2025-07-11T09:39:21.914+0000] {processor.py:161} INFO - Started process (PID=599) to work on /home/airflow/.local/lib/python3.8/site-packages/airflow/example_dags/example_trigger_controller_dag.py
[2025-07-11T09:39:21.915+0000] {processor.py:830} INFO - Processing file /home/airflow/.local/lib/python3.8/site-packages/airflow/example_dags/example_trigger_controller_dag.py for tasks to queue
[2025-07-11T09:39:21.918+0000] {logging_mixin.py:188} INFO - [2025-07-11T09:39:21.918+0000] {dagbag.py:538} INFO - Filling up the DagBag from /home/airflow/.local/lib/python3.8/site-packages/airflow/example_dags/example_trigger_controller_dag.py
[2025-07-11T09:39:21.926+0000] {processor.py:840} INFO - DAG(s) 'example_trigger_controller_dag' retrieved from /home/airflow/.local/lib/python3.8/site-packages/airflow/example_dags/example_trigger_controller_dag.py
[2025-07-11T09:39:21.954+0000] {logging_mixin.py:188} INFO - [2025-07-11T09:39:21.953+0000] {dag.py:3036} INFO - Sync 1 DAGs
[2025-07-11T09:39:21.986+0000] {logging_mixin.py:188} INFO - [2025-07-11T09:39:21.986+0000] {dag.py:3823} INFO - Setting next_dagrun for example_trigger_controller_dag to 2021-01-01 00:00:00+00:00, run_after=2021-01-01 00:00:00+00:00
[2025-07-11T09:39:22.016+0000] {processor.py:183} INFO - Processing /home/airflow/.local/lib/python3.8/site-packages/airflow/example_dags/example_trigger_controller_dag.py took 0.106 seconds
[2025-07-11T09:39:52.323+0000] {processor.py:161} INFO - Started process (PID=654) to work on /home/airflow/.local/lib/python3.8/site-packages/airflow/example_dags/example_trigger_controller_dag.py
[2025-07-11T09:39:52.324+0000] {processor.py:830} INFO - Processing file /home/airflow/.local/lib/python3.8/site-packages/airflow/example_dags/example_trigger_controller_dag.py for tasks to queue
[2025-07-11T09:39:52.327+0000] {logging_mixin.py:188} INFO - [2025-07-11T09:39:52.326+0000] {dagbag.py:538} INFO - Filling up the DagBag from /home/airflow/.local/lib/python3.8/site-packages/airflow/example_dags/example_trigger_controller_dag.py
[2025-07-11T09:39:52.333+0000] {processor.py:840} INFO - DAG(s) 'example_trigger_controller_dag' retrieved from /home/airflow/.local/lib/python3.8/site-packages/airflow/example_dags/example_trigger_controller_dag.py
[2025-07-11T09:39:52.359+0000] {logging_mixin.py:188} INFO - [2025-07-11T09:39:52.359+0000] {dag.py:3036} INFO - Sync 1 DAGs
[2025-07-11T09:39:52.388+0000] {logging_mixin.py:188} INFO - [2025-07-11T09:39:52.388+0000] {dag.py:3823} INFO - Setting next_dagrun for example_trigger_controller_dag to 2021-01-01 00:00:00+00:00, run_after=2021-01-01 00:00:00+00:00
[2025-07-11T09:39:52.417+0000] {processor.py:183} INFO - Processing /home/airflow/.local/lib/python3.8/site-packages/airflow/example_dags/example_trigger_controller_dag.py took 0.098 seconds
[2025-07-11T09:40:22.754+0000] {processor.py:161} INFO - Started process (PID=709) to work on /home/airflow/.local/lib/python3.8/site-packages/airflow/example_dags/example_trigger_controller_dag.py
[2025-07-11T09:40:22.756+0000] {processor.py:830} INFO - Processing file /home/airflow/.local/lib/python3.8/site-packages/airflow/example_dags/example_trigger_controller_dag.py for tasks to queue
[2025-07-11T09:40:22.759+0000] {logging_mixin.py:188} INFO - [2025-07-11T09:40:22.758+0000] {dagbag.py:538} INFO - Filling up the DagBag from /home/airflow/.local/lib/python3.8/site-packages/airflow/example_dags/example_trigger_controller_dag.py
[2025-07-11T09:40:22.765+0000] {processor.py:840} INFO - DAG(s) 'example_trigger_controller_dag' retrieved from /home/airflow/.local/lib/python3.8/site-packages/airflow/example_dags/example_trigger_controller_dag.py
[2025-07-11T09:40:22.793+0000] {logging_mixin.py:188} INFO - [2025-07-11T09:40:22.793+0000] {dag.py:3036} INFO - Sync 1 DAGs
[2025-07-11T09:40:22.829+0000] {logging_mixin.py:188} INFO - [2025-07-11T09:40:22.829+0000] {dag.py:3823} INFO - Setting next_dagrun for example_trigger_controller_dag to 2021-01-01 00:00:00+00:00, run_after=2021-01-01 00:00:00+00:00
[2025-07-11T09:40:22.857+0000] {processor.py:183} INFO - Processing /home/airflow/.local/lib/python3.8/site-packages/airflow/example_dags/example_trigger_controller_dag.py took 0.107 seconds
[2025-07-11T09:40:53.139+0000] {processor.py:161} INFO - Started process (PID=764) to work on /home/airflow/.local/lib/python3.8/site-packages/airflow/example_dags/example_trigger_controller_dag.py
[2025-07-11T09:40:53.140+0000] {processor.py:830} INFO - Processing file /home/airflow/.local/lib/python3.8/site-packages/airflow/example_dags/example_trigger_controller_dag.py for tasks to queue
[2025-07-11T09:40:53.143+0000] {logging_mixin.py:188} INFO - [2025-07-11T09:40:53.142+0000] {dagbag.py:538} INFO - Filling up the DagBag from /home/airflow/.local/lib/python3.8/site-packages/airflow/example_dags/example_trigger_controller_dag.py
[2025-07-11T09:40:53.148+0000] {processor.py:840} INFO - DAG(s) 'example_trigger_controller_dag' retrieved from /home/airflow/.local/lib/python3.8/site-packages/airflow/example_dags/example_trigger_controller_dag.py
[2025-07-11T09:40:53.177+0000] {logging_mixin.py:188} INFO - [2025-07-11T09:40:53.177+0000] {dag.py:3036} INFO - Sync 1 DAGs
[2025-07-11T09:40:53.214+0000] {logging_mixin.py:188} INFO - [2025-07-11T09:40:53.213+0000] {dag.py:3823} INFO - Setting next_dagrun for example_trigger_controller_dag to 2021-01-01 00:00:00+00:00, run_after=2021-01-01 00:00:00+00:00
[2025-07-11T09:40:53.252+0000] {processor.py:183} INFO - Processing /home/airflow/.local/lib/python3.8/site-packages/airflow/example_dags/example_trigger_controller_dag.py took 0.117 seconds
[2025-07-11T09:41:23.614+0000] {processor.py:161} INFO - Started process (PID=819) to work on /home/airflow/.local/lib/python3.8/site-packages/airflow/example_dags/example_trigger_controller_dag.py
[2025-07-11T09:41:23.616+0000] {processor.py:830} INFO - Processing file /home/airflow/.local/lib/python3.8/site-packages/airflow/example_dags/example_trigger_controller_dag.py for tasks to queue
[2025-07-11T09:41:23.619+0000] {logging_mixin.py:188} INFO - [2025-07-11T09:41:23.619+0000] {dagbag.py:538} INFO - Filling up the DagBag from /home/airflow/.local/lib/python3.8/site-packages/airflow/example_dags/example_trigger_controller_dag.py
[2025-07-11T09:41:23.626+0000] {processor.py:840} INFO - DAG(s) 'example_trigger_controller_dag' retrieved from /home/airflow/.local/lib/python3.8/site-packages/airflow/example_dags/example_trigger_controller_dag.py
[2025-07-11T09:41:23.659+0000] {logging_mixin.py:188} INFO - [2025-07-11T09:41:23.659+0000] {dag.py:3036} INFO - Sync 1 DAGs
[2025-07-11T09:41:23.692+0000] {logging_mixin.py:188} INFO - [2025-07-11T09:41:23.692+0000] {dag.py:3823} INFO - Setting next_dagrun for example_trigger_controller_dag to 2021-01-01 00:00:00+00:00, run_after=2021-01-01 00:00:00+00:00
[2025-07-11T09:41:23.723+0000] {processor.py:183} INFO - Processing /home/airflow/.local/lib/python3.8/site-packages/airflow/example_dags/example_trigger_controller_dag.py took 0.115 seconds
[2025-07-11T09:41:53.989+0000] {processor.py:161} INFO - Started process (PID=874) to work on /home/airflow/.local/lib/python3.8/site-packages/airflow/example_dags/example_trigger_controller_dag.py
[2025-07-11T09:41:53.991+0000] {processor.py:830} INFO - Processing file /home/airflow/.local/lib/python3.8/site-packages/airflow/example_dags/example_trigger_controller_dag.py for tasks to queue
[2025-07-11T09:41:53.993+0000] {logging_mixin.py:188} INFO - [2025-07-11T09:41:53.993+0000] {dagbag.py:538} INFO - Filling up the DagBag from /home/airflow/.local/lib/python3.8/site-packages/airflow/example_dags/example_trigger_controller_dag.py
[2025-07-11T09:41:54.000+0000] {processor.py:840} INFO - DAG(s) 'example_trigger_controller_dag' retrieved from /home/airflow/.local/lib/python3.8/site-packages/airflow/example_dags/example_trigger_controller_dag.py
[2025-07-11T09:41:54.032+0000] {logging_mixin.py:188} INFO - [2025-07-11T09:41:54.031+0000] {dag.py:3036} INFO - Sync 1 DAGs
[2025-07-11T09:41:54.065+0000] {logging_mixin.py:188} INFO - [2025-07-11T09:41:54.065+0000] {dag.py:3823} INFO - Setting next_dagrun for example_trigger_controller_dag to 2021-01-01 00:00:00+00:00, run_after=2021-01-01 00:00:00+00:00
[2025-07-11T09:41:54.096+0000] {processor.py:183} INFO - Processing /home/airflow/.local/lib/python3.8/site-packages/airflow/example_dags/example_trigger_controller_dag.py took 0.112 seconds
[2025-07-11T09:42:24.364+0000] {processor.py:161} INFO - Started process (PID=929) to work on /home/airflow/.local/lib/python3.8/site-packages/airflow/example_dags/example_trigger_controller_dag.py
[2025-07-11T09:42:24.366+0000] {processor.py:830} INFO - Processing file /home/airflow/.local/lib/python3.8/site-packages/airflow/example_dags/example_trigger_controller_dag.py for tasks to queue
[2025-07-11T09:42:24.368+0000] {logging_mixin.py:188} INFO - [2025-07-11T09:42:24.367+0000] {dagbag.py:538} INFO - Filling up the DagBag from /home/airflow/.local/lib/python3.8/site-packages/airflow/example_dags/example_trigger_controller_dag.py
[2025-07-11T09:42:24.374+0000] {processor.py:840} INFO - DAG(s) 'example_trigger_controller_dag' retrieved from /home/airflow/.local/lib/python3.8/site-packages/airflow/example_dags/example_trigger_controller_dag.py
[2025-07-11T09:42:24.403+0000] {logging_mixin.py:188} INFO - [2025-07-11T09:42:24.402+0000] {dag.py:3036} INFO - Sync 1 DAGs
[2025-07-11T09:42:24.437+0000] {logging_mixin.py:188} INFO - [2025-07-11T09:42:24.437+0000] {dag.py:3823} INFO - Setting next_dagrun for example_trigger_controller_dag to 2021-01-01 00:00:00+00:00, run_after=2021-01-01 00:00:00+00:00
[2025-07-11T09:42:24.468+0000] {processor.py:183} INFO - Processing /home/airflow/.local/lib/python3.8/site-packages/airflow/example_dags/example_trigger_controller_dag.py took 0.109 seconds
[2025-07-11T09:42:54.725+0000] {processor.py:161} INFO - Started process (PID=984) to work on /home/airflow/.local/lib/python3.8/site-packages/airflow/example_dags/example_trigger_controller_dag.py
[2025-07-11T09:42:54.727+0000] {processor.py:830} INFO - Processing file /home/airflow/.local/lib/python3.8/site-packages/airflow/example_dags/example_trigger_controller_dag.py for tasks to queue
[2025-07-11T09:42:54.729+0000] {logging_mixin.py:188} INFO - [2025-07-11T09:42:54.729+0000] {dagbag.py:538} INFO - Filling up the DagBag from /home/airflow/.local/lib/python3.8/site-packages/airflow/example_dags/example_trigger_controller_dag.py
[2025-07-11T09:42:54.736+0000] {processor.py:840} INFO - DAG(s) 'example_trigger_controller_dag' retrieved from /home/airflow/.local/lib/python3.8/site-packages/airflow/example_dags/example_trigger_controller_dag.py
[2025-07-11T09:42:54.769+0000] {logging_mixin.py:188} INFO - [2025-07-11T09:42:54.768+0000] {dag.py:3036} INFO - Sync 1 DAGs
[2025-07-11T09:42:54.804+0000] {logging_mixin.py:188} INFO - [2025-07-11T09:42:54.804+0000] {dag.py:3823} INFO - Setting next_dagrun for example_trigger_controller_dag to 2021-01-01 00:00:00+00:00, run_after=2021-01-01 00:00:00+00:00
[2025-07-11T09:42:54.837+0000] {processor.py:183} INFO - Processing /home/airflow/.local/lib/python3.8/site-packages/airflow/example_dags/example_trigger_controller_dag.py took 0.117 seconds
[2025-07-11T09:43:25.194+0000] {processor.py:161} INFO - Started process (PID=1039) to work on /home/airflow/.local/lib/python3.8/site-packages/airflow/example_dags/example_trigger_controller_dag.py
[2025-07-11T09:43:25.196+0000] {processor.py:830} INFO - Processing file /home/airflow/.local/lib/python3.8/site-packages/airflow/example_dags/example_trigger_controller_dag.py for tasks to queue
[2025-07-11T09:43:25.199+0000] {logging_mixin.py:188} INFO - [2025-07-11T09:43:25.198+0000] {dagbag.py:538} INFO - Filling up the DagBag from /home/airflow/.local/lib/python3.8/site-packages/airflow/example_dags/example_trigger_controller_dag.py
[2025-07-11T09:43:25.204+0000] {processor.py:840} INFO - DAG(s) 'example_trigger_controller_dag' retrieved from /home/airflow/.local/lib/python3.8/site-packages/airflow/example_dags/example_trigger_controller_dag.py
[2025-07-11T09:43:25.233+0000] {logging_mixin.py:188} INFO - [2025-07-11T09:43:25.232+0000] {dag.py:3036} INFO - Sync 1 DAGs
[2025-07-11T09:43:25.268+0000] {logging_mixin.py:188} INFO - [2025-07-11T09:43:25.267+0000] {dag.py:3823} INFO - Setting next_dagrun for example_trigger_controller_dag to 2021-01-01 00:00:00+00:00, run_after=2021-01-01 00:00:00+00:00
[2025-07-11T09:43:25.301+0000] {processor.py:183} INFO - Processing /home/airflow/.local/lib/python3.8/site-packages/airflow/example_dags/example_trigger_controller_dag.py took 0.111 seconds
[2025-07-11T09:43:55.529+0000] {processor.py:161} INFO - Started process (PID=1094) to work on /home/airflow/.local/lib/python3.8/site-packages/airflow/example_dags/example_trigger_controller_dag.py
[2025-07-11T09:43:55.530+0000] {processor.py:830} INFO - Processing file /home/airflow/.local/lib/python3.8/site-packages/airflow/example_dags/example_trigger_controller_dag.py for tasks to queue
[2025-07-11T09:43:55.533+0000] {logging_mixin.py:188} INFO - [2025-07-11T09:43:55.532+0000] {dagbag.py:538} INFO - Filling up the DagBag from /home/airflow/.local/lib/python3.8/site-packages/airflow/example_dags/example_trigger_controller_dag.py
[2025-07-11T09:43:55.539+0000] {processor.py:840} INFO - DAG(s) 'example_trigger_controller_dag' retrieved from /home/airflow/.local/lib/python3.8/site-packages/airflow/example_dags/example_trigger_controller_dag.py
[2025-07-11T09:43:55.567+0000] {logging_mixin.py:188} INFO - [2025-07-11T09:43:55.566+0000] {dag.py:3036} INFO - Sync 1 DAGs
[2025-07-11T09:43:55.597+0000] {logging_mixin.py:188} INFO - [2025-07-11T09:43:55.597+0000] {dag.py:3823} INFO - Setting next_dagrun for example_trigger_controller_dag to 2021-01-01 00:00:00+00:00, run_after=2021-01-01 00:00:00+00:00
[2025-07-11T09:43:55.629+0000] {processor.py:183} INFO - Processing /home/airflow/.local/lib/python3.8/site-packages/airflow/example_dags/example_trigger_controller_dag.py took 0.105 seconds
[2025-07-11T09:44:26.026+0000] {processor.py:161} INFO - Started process (PID=1150) to work on /home/airflow/.local/lib/python3.8/site-packages/airflow/example_dags/example_trigger_controller_dag.py
[2025-07-11T09:44:26.027+0000] {processor.py:830} INFO - Processing file /home/airflow/.local/lib/python3.8/site-packages/airflow/example_dags/example_trigger_controller_dag.py for tasks to queue
[2025-07-11T09:44:26.029+0000] {logging_mixin.py:188} INFO - [2025-07-11T09:44:26.029+0000] {dagbag.py:538} INFO - Filling up the DagBag from /home/airflow/.local/lib/python3.8/site-packages/airflow/example_dags/example_trigger_controller_dag.py
[2025-07-11T09:44:26.035+0000] {processor.py:840} INFO - DAG(s) 'example_trigger_controller_dag' retrieved from /home/airflow/.local/lib/python3.8/site-packages/airflow/example_dags/example_trigger_controller_dag.py
[2025-07-11T09:44:26.061+0000] {logging_mixin.py:188} INFO - [2025-07-11T09:44:26.061+0000] {dag.py:3036} INFO - Sync 1 DAGs
[2025-07-11T09:44:26.089+0000] {logging_mixin.py:188} INFO - [2025-07-11T09:44:26.089+0000] {dag.py:3823} INFO - Setting next_dagrun for example_trigger_controller_dag to 2021-01-01 00:00:00+00:00, run_after=2021-01-01 00:00:00+00:00
[2025-07-11T09:44:26.117+0000] {processor.py:183} INFO - Processing /home/airflow/.local/lib/python3.8/site-packages/airflow/example_dags/example_trigger_controller_dag.py took 0.095 seconds
[2025-07-11T09:44:56.475+0000] {processor.py:161} INFO - Started process (PID=1205) to work on /home/airflow/.local/lib/python3.8/site-packages/airflow/example_dags/example_trigger_controller_dag.py
[2025-07-11T09:44:56.476+0000] {processor.py:830} INFO - Processing file /home/airflow/.local/lib/python3.8/site-packages/airflow/example_dags/example_trigger_controller_dag.py for tasks to queue
[2025-07-11T09:44:56.480+0000] {logging_mixin.py:188} INFO - [2025-07-11T09:44:56.479+0000] {dagbag.py:538} INFO - Filling up the DagBag from /home/airflow/.local/lib/python3.8/site-packages/airflow/example_dags/example_trigger_controller_dag.py
[2025-07-11T09:44:56.486+0000] {processor.py:840} INFO - DAG(s) 'example_trigger_controller_dag' retrieved from /home/airflow/.local/lib/python3.8/site-packages/airflow/example_dags/example_trigger_controller_dag.py
[2025-07-11T09:44:56.516+0000] {logging_mixin.py:188} INFO - [2025-07-11T09:44:56.515+0000] {dag.py:3036} INFO - Sync 1 DAGs
[2025-07-11T09:44:56.565+0000] {logging_mixin.py:188} INFO - [2025-07-11T09:44:56.564+0000] {dag.py:3823} INFO - Setting next_dagrun for example_trigger_controller_dag to 2021-01-01 00:00:00+00:00, run_after=2021-01-01 00:00:00+00:00
[2025-07-11T09:44:56.607+0000] {processor.py:183} INFO - Processing /home/airflow/.local/lib/python3.8/site-packages/airflow/example_dags/example_trigger_controller_dag.py took 0.137 seconds
[2025-07-11T09:45:26.847+0000] {processor.py:161} INFO - Started process (PID=1260) to work on /home/airflow/.local/lib/python3.8/site-packages/airflow/example_dags/example_trigger_controller_dag.py
[2025-07-11T09:45:26.849+0000] {processor.py:830} INFO - Processing file /home/airflow/.local/lib/python3.8/site-packages/airflow/example_dags/example_trigger_controller_dag.py for tasks to queue
[2025-07-11T09:45:26.851+0000] {logging_mixin.py:188} INFO - [2025-07-11T09:45:26.851+0000] {dagbag.py:538} INFO - Filling up the DagBag from /home/airflow/.local/lib/python3.8/site-packages/airflow/example_dags/example_trigger_controller_dag.py
[2025-07-11T09:45:26.857+0000] {processor.py:840} INFO - DAG(s) 'example_trigger_controller_dag' retrieved from /home/airflow/.local/lib/python3.8/site-packages/airflow/example_dags/example_trigger_controller_dag.py
[2025-07-11T09:45:26.884+0000] {logging_mixin.py:188} INFO - [2025-07-11T09:45:26.883+0000] {dag.py:3036} INFO - Sync 1 DAGs
[2025-07-11T09:45:26.915+0000] {logging_mixin.py:188} INFO - [2025-07-11T09:45:26.915+0000] {dag.py:3823} INFO - Setting next_dagrun for example_trigger_controller_dag to 2021-01-01 00:00:00+00:00, run_after=2021-01-01 00:00:00+00:00
[2025-07-11T09:45:26.946+0000] {processor.py:183} INFO - Processing /home/airflow/.local/lib/python3.8/site-packages/airflow/example_dags/example_trigger_controller_dag.py took 0.103 seconds
[2025-07-11T09:45:57.210+0000] {processor.py:161} INFO - Started process (PID=1315) to work on /home/airflow/.local/lib/python3.8/site-packages/airflow/example_dags/example_trigger_controller_dag.py
[2025-07-11T09:45:57.211+0000] {processor.py:830} INFO - Processing file /home/airflow/.local/lib/python3.8/site-packages/airflow/example_dags/example_trigger_controller_dag.py for tasks to queue
[2025-07-11T09:45:57.214+0000] {logging_mixin.py:188} INFO - [2025-07-11T09:45:57.214+0000] {dagbag.py:538} INFO - Filling up the DagBag from /home/airflow/.local/lib/python3.8/site-packages/airflow/example_dags/example_trigger_controller_dag.py
[2025-07-11T09:45:57.220+0000] {processor.py:840} INFO - DAG(s) 'example_trigger_controller_dag' retrieved from /home/airflow/.local/lib/python3.8/site-packages/airflow/example_dags/example_trigger_controller_dag.py
[2025-07-11T09:45:57.245+0000] {logging_mixin.py:188} INFO - [2025-07-11T09:45:57.245+0000] {dag.py:3036} INFO - Sync 1 DAGs
[2025-07-11T09:45:57.275+0000] {logging_mixin.py:188} INFO - [2025-07-11T09:45:57.275+0000] {dag.py:3823} INFO - Setting next_dagrun for example_trigger_controller_dag to 2021-01-01 00:00:00+00:00, run_after=2021-01-01 00:00:00+00:00
[2025-07-11T09:45:57.305+0000] {processor.py:183} INFO - Processing /home/airflow/.local/lib/python3.8/site-packages/airflow/example_dags/example_trigger_controller_dag.py took 0.098 seconds
[2025-07-11T09:46:27.618+0000] {processor.py:161} INFO - Started process (PID=1370) to work on /home/airflow/.local/lib/python3.8/site-packages/airflow/example_dags/example_trigger_controller_dag.py
[2025-07-11T09:46:27.620+0000] {processor.py:830} INFO - Processing file /home/airflow/.local/lib/python3.8/site-packages/airflow/example_dags/example_trigger_controller_dag.py for tasks to queue
[2025-07-11T09:46:27.624+0000] {logging_mixin.py:188} INFO - [2025-07-11T09:46:27.623+0000] {dagbag.py:538} INFO - Filling up the DagBag from /home/airflow/.local/lib/python3.8/site-packages/airflow/example_dags/example_trigger_controller_dag.py
[2025-07-11T09:46:27.631+0000] {processor.py:840} INFO - DAG(s) 'example_trigger_controller_dag' retrieved from /home/airflow/.local/lib/python3.8/site-packages/airflow/example_dags/example_trigger_controller_dag.py
[2025-07-11T09:46:27.662+0000] {logging_mixin.py:188} INFO - [2025-07-11T09:46:27.662+0000] {dag.py:3036} INFO - Sync 1 DAGs
[2025-07-11T09:46:27.699+0000] {logging_mixin.py:188} INFO - [2025-07-11T09:46:27.698+0000] {dag.py:3823} INFO - Setting next_dagrun for example_trigger_controller_dag to 2021-01-01 00:00:00+00:00, run_after=2021-01-01 00:00:00+00:00
[2025-07-11T09:46:27.733+0000] {processor.py:183} INFO - Processing /home/airflow/.local/lib/python3.8/site-packages/airflow/example_dags/example_trigger_controller_dag.py took 0.120 seconds
[2025-07-11T09:46:58.102+0000] {processor.py:161} INFO - Started process (PID=1425) to work on /home/airflow/.local/lib/python3.8/site-packages/airflow/example_dags/example_trigger_controller_dag.py
[2025-07-11T09:46:58.103+0000] {processor.py:830} INFO - Processing file /home/airflow/.local/lib/python3.8/site-packages/airflow/example_dags/example_trigger_controller_dag.py for tasks to queue
[2025-07-11T09:46:58.106+0000] {logging_mixin.py:188} INFO - [2025-07-11T09:46:58.105+0000] {dagbag.py:538} INFO - Filling up the DagBag from /home/airflow/.local/lib/python3.8/site-packages/airflow/example_dags/example_trigger_controller_dag.py
[2025-07-11T09:46:58.111+0000] {processor.py:840} INFO - DAG(s) 'example_trigger_controller_dag' retrieved from /home/airflow/.local/lib/python3.8/site-packages/airflow/example_dags/example_trigger_controller_dag.py
[2025-07-11T09:46:58.139+0000] {logging_mixin.py:188} INFO - [2025-07-11T09:46:58.138+0000] {dag.py:3036} INFO - Sync 1 DAGs
[2025-07-11T09:46:58.176+0000] {logging_mixin.py:188} INFO - [2025-07-11T09:46:58.176+0000] {dag.py:3823} INFO - Setting next_dagrun for example_trigger_controller_dag to 2021-01-01 00:00:00+00:00, run_after=2021-01-01 00:00:00+00:00
[2025-07-11T09:46:58.213+0000] {processor.py:183} INFO - Processing /home/airflow/.local/lib/python3.8/site-packages/airflow/example_dags/example_trigger_controller_dag.py took 0.116 seconds
[2025-07-11T09:47:28.627+0000] {processor.py:161} INFO - Started process (PID=1480) to work on /home/airflow/.local/lib/python3.8/site-packages/airflow/example_dags/example_trigger_controller_dag.py
[2025-07-11T09:47:28.629+0000] {processor.py:830} INFO - Processing file /home/airflow/.local/lib/python3.8/site-packages/airflow/example_dags/example_trigger_controller_dag.py for tasks to queue
[2025-07-11T09:47:28.631+0000] {logging_mixin.py:188} INFO - [2025-07-11T09:47:28.631+0000] {dagbag.py:538} INFO - Filling up the DagBag from /home/airflow/.local/lib/python3.8/site-packages/airflow/example_dags/example_trigger_controller_dag.py
[2025-07-11T09:47:28.637+0000] {processor.py:840} INFO - DAG(s) 'example_trigger_controller_dag' retrieved from /home/airflow/.local/lib/python3.8/site-packages/airflow/example_dags/example_trigger_controller_dag.py
[2025-07-11T09:47:28.667+0000] {logging_mixin.py:188} INFO - [2025-07-11T09:47:28.667+0000] {dag.py:3036} INFO - Sync 1 DAGs
[2025-07-11T09:47:28.707+0000] {logging_mixin.py:188} INFO - [2025-07-11T09:47:28.707+0000] {dag.py:3823} INFO - Setting next_dagrun for example_trigger_controller_dag to 2021-01-01 00:00:00+00:00, run_after=2021-01-01 00:00:00+00:00
[2025-07-11T09:47:28.735+0000] {processor.py:183} INFO - Processing /home/airflow/.local/lib/python3.8/site-packages/airflow/example_dags/example_trigger_controller_dag.py took 0.112 seconds
[2025-07-11T09:47:59.480+0000] {processor.py:161} INFO - Started process (PID=1535) to work on /home/airflow/.local/lib/python3.8/site-packages/airflow/example_dags/example_trigger_controller_dag.py
[2025-07-11T09:47:59.482+0000] {processor.py:830} INFO - Processing file /home/airflow/.local/lib/python3.8/site-packages/airflow/example_dags/example_trigger_controller_dag.py for tasks to queue
[2025-07-11T09:47:59.484+0000] {logging_mixin.py:188} INFO - [2025-07-11T09:47:59.484+0000] {dagbag.py:538} INFO - Filling up the DagBag from /home/airflow/.local/lib/python3.8/site-packages/airflow/example_dags/example_trigger_controller_dag.py
[2025-07-11T09:47:59.492+0000] {processor.py:840} INFO - DAG(s) 'example_trigger_controller_dag' retrieved from /home/airflow/.local/lib/python3.8/site-packages/airflow/example_dags/example_trigger_controller_dag.py
[2025-07-11T09:47:59.529+0000] {logging_mixin.py:188} INFO - [2025-07-11T09:47:59.528+0000] {dag.py:3036} INFO - Sync 1 DAGs
[2025-07-11T09:47:59.566+0000] {logging_mixin.py:188} INFO - [2025-07-11T09:47:59.566+0000] {dag.py:3823} INFO - Setting next_dagrun for example_trigger_controller_dag to 2021-01-01 00:00:00+00:00, run_after=2021-01-01 00:00:00+00:00
[2025-07-11T09:47:59.601+0000] {processor.py:183} INFO - Processing /home/airflow/.local/lib/python3.8/site-packages/airflow/example_dags/example_trigger_controller_dag.py took 0.128 seconds
[2025-07-11T09:48:29.958+0000] {processor.py:161} INFO - Started process (PID=1590) to work on /home/airflow/.local/lib/python3.8/site-packages/airflow/example_dags/example_trigger_controller_dag.py
[2025-07-11T09:48:29.960+0000] {processor.py:830} INFO - Processing file /home/airflow/.local/lib/python3.8/site-packages/airflow/example_dags/example_trigger_controller_dag.py for tasks to queue
[2025-07-11T09:48:29.962+0000] {logging_mixin.py:188} INFO - [2025-07-11T09:48:29.962+0000] {dagbag.py:538} INFO - Filling up the DagBag from /home/airflow/.local/lib/python3.8/site-packages/airflow/example_dags/example_trigger_controller_dag.py
[2025-07-11T09:48:29.968+0000] {processor.py:840} INFO - DAG(s) 'example_trigger_controller_dag' retrieved from /home/airflow/.local/lib/python3.8/site-packages/airflow/example_dags/example_trigger_controller_dag.py
[2025-07-11T09:48:29.994+0000] {logging_mixin.py:188} INFO - [2025-07-11T09:48:29.993+0000] {dag.py:3036} INFO - Sync 1 DAGs
[2025-07-11T09:48:30.022+0000] {logging_mixin.py:188} INFO - [2025-07-11T09:48:30.021+0000] {dag.py:3823} INFO - Setting next_dagrun for example_trigger_controller_dag to 2021-01-01 00:00:00+00:00, run_after=2021-01-01 00:00:00+00:00
[2025-07-11T09:48:30.050+0000] {processor.py:183} INFO - Processing /home/airflow/.local/lib/python3.8/site-packages/airflow/example_dags/example_trigger_controller_dag.py took 0.095 seconds
[2025-07-11T09:49:00.376+0000] {processor.py:161} INFO - Started process (PID=1645) to work on /home/airflow/.local/lib/python3.8/site-packages/airflow/example_dags/example_trigger_controller_dag.py
[2025-07-11T09:49:00.377+0000] {processor.py:830} INFO - Processing file /home/airflow/.local/lib/python3.8/site-packages/airflow/example_dags/example_trigger_controller_dag.py for tasks to queue
[2025-07-11T09:49:00.380+0000] {logging_mixin.py:188} INFO - [2025-07-11T09:49:00.379+0000] {dagbag.py:538} INFO - Filling up the DagBag from /home/airflow/.local/lib/python3.8/site-packages/airflow/example_dags/example_trigger_controller_dag.py
[2025-07-11T09:49:00.385+0000] {processor.py:840} INFO - DAG(s) 'example_trigger_controller_dag' retrieved from /home/airflow/.local/lib/python3.8/site-packages/airflow/example_dags/example_trigger_controller_dag.py
[2025-07-11T09:49:00.412+0000] {logging_mixin.py:188} INFO - [2025-07-11T09:49:00.412+0000] {dag.py:3036} INFO - Sync 1 DAGs
[2025-07-11T09:49:00.442+0000] {logging_mixin.py:188} INFO - [2025-07-11T09:49:00.441+0000] {dag.py:3823} INFO - Setting next_dagrun for example_trigger_controller_dag to 2021-01-01 00:00:00+00:00, run_after=2021-01-01 00:00:00+00:00
[2025-07-11T09:49:00.471+0000] {processor.py:183} INFO - Processing /home/airflow/.local/lib/python3.8/site-packages/airflow/example_dags/example_trigger_controller_dag.py took 0.100 seconds
[2025-07-11T09:49:30.913+0000] {processor.py:161} INFO - Started process (PID=1700) to work on /home/airflow/.local/lib/python3.8/site-packages/airflow/example_dags/example_trigger_controller_dag.py
[2025-07-11T09:49:30.915+0000] {processor.py:830} INFO - Processing file /home/airflow/.local/lib/python3.8/site-packages/airflow/example_dags/example_trigger_controller_dag.py for tasks to queue
[2025-07-11T09:49:30.917+0000] {logging_mixin.py:188} INFO - [2025-07-11T09:49:30.917+0000] {dagbag.py:538} INFO - Filling up the DagBag from /home/airflow/.local/lib/python3.8/site-packages/airflow/example_dags/example_trigger_controller_dag.py
[2025-07-11T09:49:30.924+0000] {processor.py:840} INFO - DAG(s) 'example_trigger_controller_dag' retrieved from /home/airflow/.local/lib/python3.8/site-packages/airflow/example_dags/example_trigger_controller_dag.py
[2025-07-11T09:49:30.955+0000] {logging_mixin.py:188} INFO - [2025-07-11T09:49:30.954+0000] {dag.py:3036} INFO - Sync 1 DAGs
[2025-07-11T09:49:30.989+0000] {logging_mixin.py:188} INFO - [2025-07-11T09:49:30.988+0000] {dag.py:3823} INFO - Setting next_dagrun for example_trigger_controller_dag to 2021-01-01 00:00:00+00:00, run_after=2021-01-01 00:00:00+00:00
[2025-07-11T09:49:31.021+0000] {processor.py:183} INFO - Processing /home/airflow/.local/lib/python3.8/site-packages/airflow/example_dags/example_trigger_controller_dag.py took 0.112 seconds
[2025-07-11T09:50:01.843+0000] {processor.py:161} INFO - Started process (PID=1755) to work on /home/airflow/.local/lib/python3.8/site-packages/airflow/example_dags/example_trigger_controller_dag.py
[2025-07-11T09:50:01.844+0000] {processor.py:830} INFO - Processing file /home/airflow/.local/lib/python3.8/site-packages/airflow/example_dags/example_trigger_controller_dag.py for tasks to queue
[2025-07-11T09:50:01.847+0000] {logging_mixin.py:188} INFO - [2025-07-11T09:50:01.846+0000] {dagbag.py:538} INFO - Filling up the DagBag from /home/airflow/.local/lib/python3.8/site-packages/airflow/example_dags/example_trigger_controller_dag.py
[2025-07-11T09:50:01.853+0000] {processor.py:840} INFO - DAG(s) 'example_trigger_controller_dag' retrieved from /home/airflow/.local/lib/python3.8/site-packages/airflow/example_dags/example_trigger_controller_dag.py
[2025-07-11T09:50:01.886+0000] {logging_mixin.py:188} INFO - [2025-07-11T09:50:01.885+0000] {dag.py:3036} INFO - Sync 1 DAGs
[2025-07-11T09:50:01.920+0000] {logging_mixin.py:188} INFO - [2025-07-11T09:50:01.920+0000] {dag.py:3823} INFO - Setting next_dagrun for example_trigger_controller_dag to 2021-01-01 00:00:00+00:00, run_after=2021-01-01 00:00:00+00:00
[2025-07-11T09:50:01.957+0000] {processor.py:183} INFO - Processing /home/airflow/.local/lib/python3.8/site-packages/airflow/example_dags/example_trigger_controller_dag.py took 0.119 seconds
[2025-07-11T09:50:32.620+0000] {processor.py:161} INFO - Started process (PID=1810) to work on /home/airflow/.local/lib/python3.8/site-packages/airflow/example_dags/example_trigger_controller_dag.py
[2025-07-11T09:50:32.622+0000] {processor.py:830} INFO - Processing file /home/airflow/.local/lib/python3.8/site-packages/airflow/example_dags/example_trigger_controller_dag.py for tasks to queue
[2025-07-11T09:50:32.624+0000] {logging_mixin.py:188} INFO - [2025-07-11T09:50:32.624+0000] {dagbag.py:538} INFO - Filling up the DagBag from /home/airflow/.local/lib/python3.8/site-packages/airflow/example_dags/example_trigger_controller_dag.py
[2025-07-11T09:50:32.631+0000] {processor.py:840} INFO - DAG(s) 'example_trigger_controller_dag' retrieved from /home/airflow/.local/lib/python3.8/site-packages/airflow/example_dags/example_trigger_controller_dag.py
[2025-07-11T09:50:32.659+0000] {logging_mixin.py:188} INFO - [2025-07-11T09:50:32.659+0000] {dag.py:3036} INFO - Sync 1 DAGs
[2025-07-11T09:50:32.693+0000] {logging_mixin.py:188} INFO - [2025-07-11T09:50:32.692+0000] {dag.py:3823} INFO - Setting next_dagrun for example_trigger_controller_dag to 2021-01-01 00:00:00+00:00, run_after=2021-01-01 00:00:00+00:00
[2025-07-11T09:50:32.724+0000] {processor.py:183} INFO - Processing /home/airflow/.local/lib/python3.8/site-packages/airflow/example_dags/example_trigger_controller_dag.py took 0.108 seconds
[2025-07-11T09:51:03.185+0000] {processor.py:161} INFO - Started process (PID=1865) to work on /home/airflow/.local/lib/python3.8/site-packages/airflow/example_dags/example_trigger_controller_dag.py
[2025-07-11T09:51:03.186+0000] {processor.py:830} INFO - Processing file /home/airflow/.local/lib/python3.8/site-packages/airflow/example_dags/example_trigger_controller_dag.py for tasks to queue
[2025-07-11T09:51:03.189+0000] {logging_mixin.py:188} INFO - [2025-07-11T09:51:03.188+0000] {dagbag.py:538} INFO - Filling up the DagBag from /home/airflow/.local/lib/python3.8/site-packages/airflow/example_dags/example_trigger_controller_dag.py
[2025-07-11T09:51:03.195+0000] {processor.py:840} INFO - DAG(s) 'example_trigger_controller_dag' retrieved from /home/airflow/.local/lib/python3.8/site-packages/airflow/example_dags/example_trigger_controller_dag.py
[2025-07-11T09:51:03.223+0000] {logging_mixin.py:188} INFO - [2025-07-11T09:51:03.222+0000] {dag.py:3036} INFO - Sync 1 DAGs
[2025-07-11T09:51:03.257+0000] {logging_mixin.py:188} INFO - [2025-07-11T09:51:03.256+0000] {dag.py:3823} INFO - Setting next_dagrun for example_trigger_controller_dag to 2021-01-01 00:00:00+00:00, run_after=2021-01-01 00:00:00+00:00
[2025-07-11T09:51:03.289+0000] {processor.py:183} INFO - Processing /home/airflow/.local/lib/python3.8/site-packages/airflow/example_dags/example_trigger_controller_dag.py took 0.109 seconds
[2025-07-11T09:51:34.021+0000] {processor.py:161} INFO - Started process (PID=1920) to work on /home/airflow/.local/lib/python3.8/site-packages/airflow/example_dags/example_trigger_controller_dag.py
[2025-07-11T09:51:34.023+0000] {processor.py:830} INFO - Processing file /home/airflow/.local/lib/python3.8/site-packages/airflow/example_dags/example_trigger_controller_dag.py for tasks to queue
[2025-07-11T09:51:34.025+0000] {logging_mixin.py:188} INFO - [2025-07-11T09:51:34.024+0000] {dagbag.py:538} INFO - Filling up the DagBag from /home/airflow/.local/lib/python3.8/site-packages/airflow/example_dags/example_trigger_controller_dag.py
[2025-07-11T09:51:34.030+0000] {processor.py:840} INFO - DAG(s) 'example_trigger_controller_dag' retrieved from /home/airflow/.local/lib/python3.8/site-packages/airflow/example_dags/example_trigger_controller_dag.py
[2025-07-11T09:51:34.056+0000] {logging_mixin.py:188} INFO - [2025-07-11T09:51:34.056+0000] {dag.py:3036} INFO - Sync 1 DAGs
[2025-07-11T09:51:34.086+0000] {logging_mixin.py:188} INFO - [2025-07-11T09:51:34.086+0000] {dag.py:3823} INFO - Setting next_dagrun for example_trigger_controller_dag to 2021-01-01 00:00:00+00:00, run_after=2021-01-01 00:00:00+00:00
[2025-07-11T09:51:34.115+0000] {processor.py:183} INFO - Processing /home/airflow/.local/lib/python3.8/site-packages/airflow/example_dags/example_trigger_controller_dag.py took 0.098 seconds
[2025-07-11T09:52:04.434+0000] {processor.py:161} INFO - Started process (PID=1975) to work on /home/airflow/.local/lib/python3.8/site-packages/airflow/example_dags/example_trigger_controller_dag.py
[2025-07-11T09:52:04.435+0000] {processor.py:830} INFO - Processing file /home/airflow/.local/lib/python3.8/site-packages/airflow/example_dags/example_trigger_controller_dag.py for tasks to queue
[2025-07-11T09:52:04.438+0000] {logging_mixin.py:188} INFO - [2025-07-11T09:52:04.437+0000] {dagbag.py:538} INFO - Filling up the DagBag from /home/airflow/.local/lib/python3.8/site-packages/airflow/example_dags/example_trigger_controller_dag.py
[2025-07-11T09:52:04.444+0000] {processor.py:840} INFO - DAG(s) 'example_trigger_controller_dag' retrieved from /home/airflow/.local/lib/python3.8/site-packages/airflow/example_dags/example_trigger_controller_dag.py
[2025-07-11T09:52:04.470+0000] {logging_mixin.py:188} INFO - [2025-07-11T09:52:04.470+0000] {dag.py:3036} INFO - Sync 1 DAGs
[2025-07-11T09:52:04.499+0000] {logging_mixin.py:188} INFO - [2025-07-11T09:52:04.499+0000] {dag.py:3823} INFO - Setting next_dagrun for example_trigger_controller_dag to 2021-01-01 00:00:00+00:00, run_after=2021-01-01 00:00:00+00:00
[2025-07-11T09:52:04.530+0000] {processor.py:183} INFO - Processing /home/airflow/.local/lib/python3.8/site-packages/airflow/example_dags/example_trigger_controller_dag.py took 0.101 seconds
[2025-07-11T09:52:34.725+0000] {processor.py:161} INFO - Started process (PID=2030) to work on /home/airflow/.local/lib/python3.8/site-packages/airflow/example_dags/example_trigger_controller_dag.py
[2025-07-11T09:52:34.726+0000] {processor.py:830} INFO - Processing file /home/airflow/.local/lib/python3.8/site-packages/airflow/example_dags/example_trigger_controller_dag.py for tasks to queue
[2025-07-11T09:52:34.728+0000] {logging_mixin.py:188} INFO - [2025-07-11T09:52:34.728+0000] {dagbag.py:538} INFO - Filling up the DagBag from /home/airflow/.local/lib/python3.8/site-packages/airflow/example_dags/example_trigger_controller_dag.py
[2025-07-11T09:52:34.734+0000] {processor.py:840} INFO - DAG(s) 'example_trigger_controller_dag' retrieved from /home/airflow/.local/lib/python3.8/site-packages/airflow/example_dags/example_trigger_controller_dag.py
[2025-07-11T09:52:34.761+0000] {logging_mixin.py:188} INFO - [2025-07-11T09:52:34.760+0000] {dag.py:3036} INFO - Sync 1 DAGs
[2025-07-11T09:52:34.795+0000] {logging_mixin.py:188} INFO - [2025-07-11T09:52:34.794+0000] {dag.py:3823} INFO - Setting next_dagrun for example_trigger_controller_dag to 2021-01-01 00:00:00+00:00, run_after=2021-01-01 00:00:00+00:00
[2025-07-11T09:52:34.824+0000] {processor.py:183} INFO - Processing /home/airflow/.local/lib/python3.8/site-packages/airflow/example_dags/example_trigger_controller_dag.py took 0.104 seconds
[2025-07-11T09:53:05.328+0000] {processor.py:161} INFO - Started process (PID=2085) to work on /home/airflow/.local/lib/python3.8/site-packages/airflow/example_dags/example_trigger_controller_dag.py
[2025-07-11T09:53:05.330+0000] {processor.py:830} INFO - Processing file /home/airflow/.local/lib/python3.8/site-packages/airflow/example_dags/example_trigger_controller_dag.py for tasks to queue
[2025-07-11T09:53:05.333+0000] {logging_mixin.py:188} INFO - [2025-07-11T09:53:05.333+0000] {dagbag.py:538} INFO - Filling up the DagBag from /home/airflow/.local/lib/python3.8/site-packages/airflow/example_dags/example_trigger_controller_dag.py
[2025-07-11T09:53:05.341+0000] {processor.py:840} INFO - DAG(s) 'example_trigger_controller_dag' retrieved from /home/airflow/.local/lib/python3.8/site-packages/airflow/example_dags/example_trigger_controller_dag.py
[2025-07-11T09:53:05.368+0000] {logging_mixin.py:188} INFO - [2025-07-11T09:53:05.368+0000] {dag.py:3036} INFO - Sync 1 DAGs
[2025-07-11T09:53:05.401+0000] {logging_mixin.py:188} INFO - [2025-07-11T09:53:05.400+0000] {dag.py:3823} INFO - Setting next_dagrun for example_trigger_controller_dag to 2021-01-01 00:00:00+00:00, run_after=2021-01-01 00:00:00+00:00
[2025-07-11T09:53:05.429+0000] {processor.py:183} INFO - Processing /home/airflow/.local/lib/python3.8/site-packages/airflow/example_dags/example_trigger_controller_dag.py took 0.106 seconds
[2025-07-11T09:53:35.540+0000] {processor.py:161} INFO - Started process (PID=2138) to work on /home/airflow/.local/lib/python3.8/site-packages/airflow/example_dags/example_trigger_controller_dag.py
[2025-07-11T09:53:35.541+0000] {processor.py:830} INFO - Processing file /home/airflow/.local/lib/python3.8/site-packages/airflow/example_dags/example_trigger_controller_dag.py for tasks to queue
[2025-07-11T09:53:35.544+0000] {logging_mixin.py:188} INFO - [2025-07-11T09:53:35.543+0000] {dagbag.py:538} INFO - Filling up the DagBag from /home/airflow/.local/lib/python3.8/site-packages/airflow/example_dags/example_trigger_controller_dag.py
[2025-07-11T09:53:35.551+0000] {processor.py:840} INFO - DAG(s) 'example_trigger_controller_dag' retrieved from /home/airflow/.local/lib/python3.8/site-packages/airflow/example_dags/example_trigger_controller_dag.py
[2025-07-11T09:53:35.581+0000] {logging_mixin.py:188} INFO - [2025-07-11T09:53:35.581+0000] {dag.py:3036} INFO - Sync 1 DAGs
[2025-07-11T09:53:35.613+0000] {logging_mixin.py:188} INFO - [2025-07-11T09:53:35.613+0000] {dag.py:3823} INFO - Setting next_dagrun for example_trigger_controller_dag to 2021-01-01 00:00:00+00:00, run_after=2021-01-01 00:00:00+00:00
[2025-07-11T09:53:35.648+0000] {processor.py:183} INFO - Processing /home/airflow/.local/lib/python3.8/site-packages/airflow/example_dags/example_trigger_controller_dag.py took 0.113 seconds
[2025-07-11T09:54:06.224+0000] {processor.py:161} INFO - Started process (PID=2192) to work on /home/airflow/.local/lib/python3.8/site-packages/airflow/example_dags/example_trigger_controller_dag.py
[2025-07-11T09:54:06.226+0000] {processor.py:830} INFO - Processing file /home/airflow/.local/lib/python3.8/site-packages/airflow/example_dags/example_trigger_controller_dag.py for tasks to queue
[2025-07-11T09:54:06.229+0000] {logging_mixin.py:188} INFO - [2025-07-11T09:54:06.229+0000] {dagbag.py:538} INFO - Filling up the DagBag from /home/airflow/.local/lib/python3.8/site-packages/airflow/example_dags/example_trigger_controller_dag.py
[2025-07-11T09:54:06.238+0000] {processor.py:840} INFO - DAG(s) 'example_trigger_controller_dag' retrieved from /home/airflow/.local/lib/python3.8/site-packages/airflow/example_dags/example_trigger_controller_dag.py
[2025-07-11T09:54:06.273+0000] {logging_mixin.py:188} INFO - [2025-07-11T09:54:06.273+0000] {dag.py:3036} INFO - Sync 1 DAGs
[2025-07-11T09:54:06.315+0000] {logging_mixin.py:188} INFO - [2025-07-11T09:54:06.314+0000] {dag.py:3823} INFO - Setting next_dagrun for example_trigger_controller_dag to 2021-01-01 00:00:00+00:00, run_after=2021-01-01 00:00:00+00:00
[2025-07-11T09:54:06.348+0000] {processor.py:183} INFO - Processing /home/airflow/.local/lib/python3.8/site-packages/airflow/example_dags/example_trigger_controller_dag.py took 0.129 seconds
[2025-07-11T09:54:37.351+0000] {processor.py:161} INFO - Started process (PID=2247) to work on /home/airflow/.local/lib/python3.8/site-packages/airflow/example_dags/example_trigger_controller_dag.py
[2025-07-11T09:54:37.353+0000] {processor.py:830} INFO - Processing file /home/airflow/.local/lib/python3.8/site-packages/airflow/example_dags/example_trigger_controller_dag.py for tasks to queue
[2025-07-11T09:54:37.357+0000] {logging_mixin.py:188} INFO - [2025-07-11T09:54:37.356+0000] {dagbag.py:538} INFO - Filling up the DagBag from /home/airflow/.local/lib/python3.8/site-packages/airflow/example_dags/example_trigger_controller_dag.py
[2025-07-11T09:54:37.365+0000] {processor.py:840} INFO - DAG(s) 'example_trigger_controller_dag' retrieved from /home/airflow/.local/lib/python3.8/site-packages/airflow/example_dags/example_trigger_controller_dag.py
[2025-07-11T09:54:37.398+0000] {logging_mixin.py:188} INFO - [2025-07-11T09:54:37.397+0000] {dag.py:3036} INFO - Sync 1 DAGs
[2025-07-11T09:54:37.623+0000] {logging_mixin.py:188} INFO - [2025-07-11T09:54:37.622+0000] {dag.py:3823} INFO - Setting next_dagrun for example_trigger_controller_dag to 2021-01-01 00:00:00+00:00, run_after=2021-01-01 00:00:00+00:00
[2025-07-11T09:54:37.653+0000] {processor.py:183} INFO - Processing /home/airflow/.local/lib/python3.8/site-packages/airflow/example_dags/example_trigger_controller_dag.py took 0.306 seconds
