[2025-07-11T09:24:58.237+0000] {processor.py:161} INFO - Started process (PID=103) to work on /home/airflow/.local/lib/python3.8/site-packages/airflow/example_dags/example_short_circuit_operator.py
[2025-07-11T09:24:58.238+0000] {processor.py:830} INFO - Processing file /home/airflow/.local/lib/python3.8/site-packages/airflow/example_dags/example_short_circuit_operator.py for tasks to queue
[2025-07-11T09:24:58.240+0000] {logging_mixin.py:188} INFO - [2025-07-11T09:24:58.240+0000] {dagbag.py:538} INFO - Filling up the DagBag from /home/airflow/.local/lib/python3.8/site-packages/airflow/example_dags/example_short_circuit_operator.py
[2025-07-11T09:24:58.252+0000] {processor.py:840} INFO - DAG(s) 'example_short_circuit_operator' retrieved from /home/airflow/.local/lib/python3.8/site-packages/airflow/example_dags/example_short_circuit_operator.py
[2025-07-11T09:24:58.465+0000] {logging_mixin.py:188} INFO - [2025-07-11T09:24:58.464+0000] {override.py:1769} INFO - Created Permission View: can edit on DAG:example_short_circuit_operator
[2025-07-11T09:24:58.488+0000] {logging_mixin.py:188} INFO - [2025-07-11T09:24:58.487+0000] {override.py:1769} INFO - Created Permission View: can delete on DAG:example_short_circuit_operator
[2025-07-11T09:24:58.503+0000] {logging_mixin.py:188} INFO - [2025-07-11T09:24:58.503+0000] {override.py:1769} INFO - Created Permission View: can read on DAG:example_short_circuit_operator
[2025-07-11T09:24:58.504+0000] {logging_mixin.py:188} INFO - [2025-07-11T09:24:58.504+0000] {dag.py:3036} INFO - Sync 1 DAGs
[2025-07-11T09:24:58.526+0000] {logging_mixin.py:188} INFO - [2025-07-11T09:24:58.525+0000] {dag.py:3058} INFO - Creating ORM DAG for example_short_circuit_operator
[2025-07-11T09:24:58.543+0000] {logging_mixin.py:188} INFO - [2025-07-11T09:24:58.543+0000] {dag.py:3823} INFO - Setting next_dagrun for example_short_circuit_operator to 2025-07-10 00:00:00+00:00, run_after=2025-07-11 00:00:00+00:00
[2025-07-11T09:24:58.574+0000] {processor.py:183} INFO - Processing /home/airflow/.local/lib/python3.8/site-packages/airflow/example_dags/example_short_circuit_operator.py took 0.342 seconds
[2025-07-11T09:25:28.697+0000] {processor.py:161} INFO - Started process (PID=158) to work on /home/airflow/.local/lib/python3.8/site-packages/airflow/example_dags/example_short_circuit_operator.py
[2025-07-11T09:25:28.699+0000] {processor.py:830} INFO - Processing file /home/airflow/.local/lib/python3.8/site-packages/airflow/example_dags/example_short_circuit_operator.py for tasks to queue
[2025-07-11T09:25:28.703+0000] {logging_mixin.py:188} INFO - [2025-07-11T09:25:28.702+0000] {dagbag.py:538} INFO - Filling up the DagBag from /home/airflow/.local/lib/python3.8/site-packages/airflow/example_dags/example_short_circuit_operator.py
[2025-07-11T09:25:28.719+0000] {processor.py:840} INFO - DAG(s) 'example_short_circuit_operator' retrieved from /home/airflow/.local/lib/python3.8/site-packages/airflow/example_dags/example_short_circuit_operator.py
[2025-07-11T09:25:28.754+0000] {logging_mixin.py:188} INFO - [2025-07-11T09:25:28.753+0000] {dag.py:3036} INFO - Sync 1 DAGs
[2025-07-11T09:25:28.788+0000] {logging_mixin.py:188} INFO - [2025-07-11T09:25:28.788+0000] {dag.py:3823} INFO - Setting next_dagrun for example_short_circuit_operator to 2025-07-10 00:00:00+00:00, run_after=2025-07-11 00:00:00+00:00
[2025-07-11T09:25:28.817+0000] {processor.py:183} INFO - Processing /home/airflow/.local/lib/python3.8/site-packages/airflow/example_dags/example_short_circuit_operator.py took 0.125 seconds
[2025-07-11T09:25:59.010+0000] {processor.py:161} INFO - Started process (PID=213) to work on /home/airflow/.local/lib/python3.8/site-packages/airflow/example_dags/example_short_circuit_operator.py
[2025-07-11T09:25:59.011+0000] {processor.py:830} INFO - Processing file /home/airflow/.local/lib/python3.8/site-packages/airflow/example_dags/example_short_circuit_operator.py for tasks to queue
[2025-07-11T09:25:59.013+0000] {logging_mixin.py:188} INFO - [2025-07-11T09:25:59.013+0000] {dagbag.py:538} INFO - Filling up the DagBag from /home/airflow/.local/lib/python3.8/site-packages/airflow/example_dags/example_short_circuit_operator.py
[2025-07-11T09:25:59.023+0000] {processor.py:840} INFO - DAG(s) 'example_short_circuit_operator' retrieved from /home/airflow/.local/lib/python3.8/site-packages/airflow/example_dags/example_short_circuit_operator.py
[2025-07-11T09:25:59.055+0000] {logging_mixin.py:188} INFO - [2025-07-11T09:25:59.054+0000] {dag.py:3036} INFO - Sync 1 DAGs
[2025-07-11T09:25:59.085+0000] {logging_mixin.py:188} INFO - [2025-07-11T09:25:59.084+0000] {dag.py:3823} INFO - Setting next_dagrun for example_short_circuit_operator to 2025-07-10 00:00:00+00:00, run_after=2025-07-11 00:00:00+00:00
[2025-07-11T09:25:59.113+0000] {processor.py:183} INFO - Processing /home/airflow/.local/lib/python3.8/site-packages/airflow/example_dags/example_short_circuit_operator.py took 0.107 seconds
[2025-07-11T09:26:29.433+0000] {processor.py:161} INFO - Started process (PID=268) to work on /home/airflow/.local/lib/python3.8/site-packages/airflow/example_dags/example_short_circuit_operator.py
[2025-07-11T09:26:29.434+0000] {processor.py:830} INFO - Processing file /home/airflow/.local/lib/python3.8/site-packages/airflow/example_dags/example_short_circuit_operator.py for tasks to queue
[2025-07-11T09:26:29.437+0000] {logging_mixin.py:188} INFO - [2025-07-11T09:26:29.436+0000] {dagbag.py:538} INFO - Filling up the DagBag from /home/airflow/.local/lib/python3.8/site-packages/airflow/example_dags/example_short_circuit_operator.py
[2025-07-11T09:26:29.447+0000] {processor.py:840} INFO - DAG(s) 'example_short_circuit_operator' retrieved from /home/airflow/.local/lib/python3.8/site-packages/airflow/example_dags/example_short_circuit_operator.py
[2025-07-11T09:26:29.486+0000] {logging_mixin.py:188} INFO - [2025-07-11T09:26:29.486+0000] {dag.py:3036} INFO - Sync 1 DAGs
[2025-07-11T09:26:29.521+0000] {logging_mixin.py:188} INFO - [2025-07-11T09:26:29.520+0000] {dag.py:3823} INFO - Setting next_dagrun for example_short_circuit_operator to 2025-07-10 00:00:00+00:00, run_after=2025-07-11 00:00:00+00:00
[2025-07-11T09:26:29.552+0000] {processor.py:183} INFO - Processing /home/airflow/.local/lib/python3.8/site-packages/airflow/example_dags/example_short_circuit_operator.py took 0.123 seconds
[2025-07-11T09:26:59.731+0000] {processor.py:161} INFO - Started process (PID=323) to work on /home/airflow/.local/lib/python3.8/site-packages/airflow/example_dags/example_short_circuit_operator.py
[2025-07-11T09:26:59.732+0000] {processor.py:830} INFO - Processing file /home/airflow/.local/lib/python3.8/site-packages/airflow/example_dags/example_short_circuit_operator.py for tasks to queue
[2025-07-11T09:26:59.735+0000] {logging_mixin.py:188} INFO - [2025-07-11T09:26:59.734+0000] {dagbag.py:538} INFO - Filling up the DagBag from /home/airflow/.local/lib/python3.8/site-packages/airflow/example_dags/example_short_circuit_operator.py
[2025-07-11T09:26:59.746+0000] {processor.py:840} INFO - DAG(s) 'example_short_circuit_operator' retrieved from /home/airflow/.local/lib/python3.8/site-packages/airflow/example_dags/example_short_circuit_operator.py
[2025-07-11T09:26:59.783+0000] {logging_mixin.py:188} INFO - [2025-07-11T09:26:59.783+0000] {dag.py:3036} INFO - Sync 1 DAGs
[2025-07-11T09:26:59.815+0000] {logging_mixin.py:188} INFO - [2025-07-11T09:26:59.814+0000] {dag.py:3823} INFO - Setting next_dagrun for example_short_circuit_operator to 2025-07-10 00:00:00+00:00, run_after=2025-07-11 00:00:00+00:00
[2025-07-11T09:26:59.848+0000] {processor.py:183} INFO - Processing /home/airflow/.local/lib/python3.8/site-packages/airflow/example_dags/example_short_circuit_operator.py took 0.123 seconds
[2025-07-11T09:28:25.610+0000] {processor.py:161} INFO - Started process (PID=104) to work on /home/airflow/.local/lib/python3.8/site-packages/airflow/example_dags/example_short_circuit_operator.py
[2025-07-11T09:28:25.612+0000] {processor.py:830} INFO - Processing file /home/airflow/.local/lib/python3.8/site-packages/airflow/example_dags/example_short_circuit_operator.py for tasks to queue
[2025-07-11T09:28:25.614+0000] {logging_mixin.py:188} INFO - [2025-07-11T09:28:25.614+0000] {dagbag.py:538} INFO - Filling up the DagBag from /home/airflow/.local/lib/python3.8/site-packages/airflow/example_dags/example_short_circuit_operator.py
[2025-07-11T09:28:25.629+0000] {processor.py:840} INFO - DAG(s) 'example_short_circuit_operator' retrieved from /home/airflow/.local/lib/python3.8/site-packages/airflow/example_dags/example_short_circuit_operator.py
[2025-07-11T09:28:25.829+0000] {logging_mixin.py:188} INFO - [2025-07-11T09:28:25.828+0000] {override.py:1769} INFO - Created Permission View: can read on DAG:example_short_circuit_operator
[2025-07-11T09:28:25.860+0000] {logging_mixin.py:188} INFO - [2025-07-11T09:28:25.859+0000] {override.py:1769} INFO - Created Permission View: can delete on DAG:example_short_circuit_operator
[2025-07-11T09:28:25.881+0000] {logging_mixin.py:188} INFO - [2025-07-11T09:28:25.881+0000] {override.py:1769} INFO - Created Permission View: can edit on DAG:example_short_circuit_operator
[2025-07-11T09:28:25.882+0000] {logging_mixin.py:188} INFO - [2025-07-11T09:28:25.882+0000] {dag.py:3036} INFO - Sync 1 DAGs
[2025-07-11T09:28:25.902+0000] {logging_mixin.py:188} INFO - [2025-07-11T09:28:25.901+0000] {dag.py:3058} INFO - Creating ORM DAG for example_short_circuit_operator
[2025-07-11T09:28:25.918+0000] {logging_mixin.py:188} INFO - [2025-07-11T09:28:25.917+0000] {dag.py:3823} INFO - Setting next_dagrun for example_short_circuit_operator to 2025-07-10 00:00:00+00:00, run_after=2025-07-11 00:00:00+00:00
[2025-07-11T09:28:25.951+0000] {processor.py:183} INFO - Processing /home/airflow/.local/lib/python3.8/site-packages/airflow/example_dags/example_short_circuit_operator.py took 0.345 seconds
[2025-07-11T09:28:56.385+0000] {processor.py:161} INFO - Started process (PID=159) to work on /home/airflow/.local/lib/python3.8/site-packages/airflow/example_dags/example_short_circuit_operator.py
[2025-07-11T09:28:56.387+0000] {processor.py:830} INFO - Processing file /home/airflow/.local/lib/python3.8/site-packages/airflow/example_dags/example_short_circuit_operator.py for tasks to queue
[2025-07-11T09:28:56.391+0000] {logging_mixin.py:188} INFO - [2025-07-11T09:28:56.390+0000] {dagbag.py:538} INFO - Filling up the DagBag from /home/airflow/.local/lib/python3.8/site-packages/airflow/example_dags/example_short_circuit_operator.py
[2025-07-11T09:28:56.404+0000] {processor.py:840} INFO - DAG(s) 'example_short_circuit_operator' retrieved from /home/airflow/.local/lib/python3.8/site-packages/airflow/example_dags/example_short_circuit_operator.py
[2025-07-11T09:28:56.447+0000] {logging_mixin.py:188} INFO - [2025-07-11T09:28:56.447+0000] {dag.py:3036} INFO - Sync 1 DAGs
[2025-07-11T09:28:56.492+0000] {logging_mixin.py:188} INFO - [2025-07-11T09:28:56.491+0000] {dag.py:3823} INFO - Setting next_dagrun for example_short_circuit_operator to 2025-07-10 00:00:00+00:00, run_after=2025-07-11 00:00:00+00:00
[2025-07-11T09:28:56.527+0000] {processor.py:183} INFO - Processing /home/airflow/.local/lib/python3.8/site-packages/airflow/example_dags/example_short_circuit_operator.py took 0.148 seconds
[2025-07-11T09:29:26.751+0000] {processor.py:161} INFO - Started process (PID=214) to work on /home/airflow/.local/lib/python3.8/site-packages/airflow/example_dags/example_short_circuit_operator.py
[2025-07-11T09:29:26.753+0000] {processor.py:830} INFO - Processing file /home/airflow/.local/lib/python3.8/site-packages/airflow/example_dags/example_short_circuit_operator.py for tasks to queue
[2025-07-11T09:29:26.755+0000] {logging_mixin.py:188} INFO - [2025-07-11T09:29:26.755+0000] {dagbag.py:538} INFO - Filling up the DagBag from /home/airflow/.local/lib/python3.8/site-packages/airflow/example_dags/example_short_circuit_operator.py
[2025-07-11T09:29:26.768+0000] {processor.py:840} INFO - DAG(s) 'example_short_circuit_operator' retrieved from /home/airflow/.local/lib/python3.8/site-packages/airflow/example_dags/example_short_circuit_operator.py
[2025-07-11T09:29:26.820+0000] {logging_mixin.py:188} INFO - [2025-07-11T09:29:26.819+0000] {dag.py:3036} INFO - Sync 1 DAGs
[2025-07-11T09:29:26.877+0000] {logging_mixin.py:188} INFO - [2025-07-11T09:29:26.876+0000] {dag.py:3823} INFO - Setting next_dagrun for example_short_circuit_operator to 2025-07-10 00:00:00+00:00, run_after=2025-07-11 00:00:00+00:00
[2025-07-11T09:29:26.918+0000] {processor.py:183} INFO - Processing /home/airflow/.local/lib/python3.8/site-packages/airflow/example_dags/example_short_circuit_operator.py took 0.173 seconds
[2025-07-11T09:29:56.991+0000] {processor.py:161} INFO - Started process (PID=269) to work on /home/airflow/.local/lib/python3.8/site-packages/airflow/example_dags/example_short_circuit_operator.py
[2025-07-11T09:29:56.994+0000] {processor.py:830} INFO - Processing file /home/airflow/.local/lib/python3.8/site-packages/airflow/example_dags/example_short_circuit_operator.py for tasks to queue
[2025-07-11T09:29:56.996+0000] {logging_mixin.py:188} INFO - [2025-07-11T09:29:56.996+0000] {dagbag.py:538} INFO - Filling up the DagBag from /home/airflow/.local/lib/python3.8/site-packages/airflow/example_dags/example_short_circuit_operator.py
[2025-07-11T09:29:57.006+0000] {processor.py:840} INFO - DAG(s) 'example_short_circuit_operator' retrieved from /home/airflow/.local/lib/python3.8/site-packages/airflow/example_dags/example_short_circuit_operator.py
[2025-07-11T09:29:57.039+0000] {logging_mixin.py:188} INFO - [2025-07-11T09:29:57.038+0000] {dag.py:3036} INFO - Sync 1 DAGs
[2025-07-11T09:29:57.074+0000] {logging_mixin.py:188} INFO - [2025-07-11T09:29:57.073+0000] {dag.py:3823} INFO - Setting next_dagrun for example_short_circuit_operator to 2025-07-10 00:00:00+00:00, run_after=2025-07-11 00:00:00+00:00
[2025-07-11T09:29:57.108+0000] {processor.py:183} INFO - Processing /home/airflow/.local/lib/python3.8/site-packages/airflow/example_dags/example_short_circuit_operator.py took 0.121 seconds
[2025-07-11T09:30:27.675+0000] {processor.py:161} INFO - Started process (PID=324) to work on /home/airflow/.local/lib/python3.8/site-packages/airflow/example_dags/example_short_circuit_operator.py
[2025-07-11T09:30:27.678+0000] {processor.py:830} INFO - Processing file /home/airflow/.local/lib/python3.8/site-packages/airflow/example_dags/example_short_circuit_operator.py for tasks to queue
[2025-07-11T09:30:27.681+0000] {logging_mixin.py:188} INFO - [2025-07-11T09:30:27.681+0000] {dagbag.py:538} INFO - Filling up the DagBag from /home/airflow/.local/lib/python3.8/site-packages/airflow/example_dags/example_short_circuit_operator.py
[2025-07-11T09:30:27.694+0000] {processor.py:840} INFO - DAG(s) 'example_short_circuit_operator' retrieved from /home/airflow/.local/lib/python3.8/site-packages/airflow/example_dags/example_short_circuit_operator.py
[2025-07-11T09:30:27.736+0000] {logging_mixin.py:188} INFO - [2025-07-11T09:30:27.736+0000] {dag.py:3036} INFO - Sync 1 DAGs
[2025-07-11T09:30:27.781+0000] {logging_mixin.py:188} INFO - [2025-07-11T09:30:27.781+0000] {dag.py:3823} INFO - Setting next_dagrun for example_short_circuit_operator to 2025-07-10 00:00:00+00:00, run_after=2025-07-11 00:00:00+00:00
[2025-07-11T09:30:27.819+0000] {processor.py:183} INFO - Processing /home/airflow/.local/lib/python3.8/site-packages/airflow/example_dags/example_short_circuit_operator.py took 0.150 seconds
[2025-07-11T09:30:58.489+0000] {processor.py:161} INFO - Started process (PID=379) to work on /home/airflow/.local/lib/python3.8/site-packages/airflow/example_dags/example_short_circuit_operator.py
[2025-07-11T09:30:58.491+0000] {processor.py:830} INFO - Processing file /home/airflow/.local/lib/python3.8/site-packages/airflow/example_dags/example_short_circuit_operator.py for tasks to queue
[2025-07-11T09:30:58.494+0000] {logging_mixin.py:188} INFO - [2025-07-11T09:30:58.494+0000] {dagbag.py:538} INFO - Filling up the DagBag from /home/airflow/.local/lib/python3.8/site-packages/airflow/example_dags/example_short_circuit_operator.py
[2025-07-11T09:30:58.507+0000] {processor.py:840} INFO - DAG(s) 'example_short_circuit_operator' retrieved from /home/airflow/.local/lib/python3.8/site-packages/airflow/example_dags/example_short_circuit_operator.py
[2025-07-11T09:30:58.543+0000] {logging_mixin.py:188} INFO - [2025-07-11T09:30:58.542+0000] {dag.py:3036} INFO - Sync 1 DAGs
[2025-07-11T09:30:58.578+0000] {logging_mixin.py:188} INFO - [2025-07-11T09:30:58.578+0000] {dag.py:3823} INFO - Setting next_dagrun for example_short_circuit_operator to 2025-07-10 00:00:00+00:00, run_after=2025-07-11 00:00:00+00:00
[2025-07-11T09:30:58.617+0000] {processor.py:183} INFO - Processing /home/airflow/.local/lib/python3.8/site-packages/airflow/example_dags/example_short_circuit_operator.py took 0.134 seconds
[2025-07-11T09:31:28.745+0000] {processor.py:161} INFO - Started process (PID=434) to work on /home/airflow/.local/lib/python3.8/site-packages/airflow/example_dags/example_short_circuit_operator.py
[2025-07-11T09:31:28.747+0000] {processor.py:830} INFO - Processing file /home/airflow/.local/lib/python3.8/site-packages/airflow/example_dags/example_short_circuit_operator.py for tasks to queue
[2025-07-11T09:31:28.750+0000] {logging_mixin.py:188} INFO - [2025-07-11T09:31:28.750+0000] {dagbag.py:538} INFO - Filling up the DagBag from /home/airflow/.local/lib/python3.8/site-packages/airflow/example_dags/example_short_circuit_operator.py
[2025-07-11T09:31:28.761+0000] {processor.py:840} INFO - DAG(s) 'example_short_circuit_operator' retrieved from /home/airflow/.local/lib/python3.8/site-packages/airflow/example_dags/example_short_circuit_operator.py
[2025-07-11T09:31:28.794+0000] {logging_mixin.py:188} INFO - [2025-07-11T09:31:28.793+0000] {dag.py:3036} INFO - Sync 1 DAGs
[2025-07-11T09:31:28.827+0000] {logging_mixin.py:188} INFO - [2025-07-11T09:31:28.827+0000] {dag.py:3823} INFO - Setting next_dagrun for example_short_circuit_operator to 2025-07-10 00:00:00+00:00, run_after=2025-07-11 00:00:00+00:00
[2025-07-11T09:31:28.857+0000] {processor.py:183} INFO - Processing /home/airflow/.local/lib/python3.8/site-packages/airflow/example_dags/example_short_circuit_operator.py took 0.118 seconds
[2025-07-11T09:31:59.016+0000] {processor.py:161} INFO - Started process (PID=489) to work on /home/airflow/.local/lib/python3.8/site-packages/airflow/example_dags/example_short_circuit_operator.py
[2025-07-11T09:31:59.018+0000] {processor.py:830} INFO - Processing file /home/airflow/.local/lib/python3.8/site-packages/airflow/example_dags/example_short_circuit_operator.py for tasks to queue
[2025-07-11T09:31:59.020+0000] {logging_mixin.py:188} INFO - [2025-07-11T09:31:59.020+0000] {dagbag.py:538} INFO - Filling up the DagBag from /home/airflow/.local/lib/python3.8/site-packages/airflow/example_dags/example_short_circuit_operator.py
[2025-07-11T09:31:59.031+0000] {processor.py:840} INFO - DAG(s) 'example_short_circuit_operator' retrieved from /home/airflow/.local/lib/python3.8/site-packages/airflow/example_dags/example_short_circuit_operator.py
[2025-07-11T09:31:59.064+0000] {logging_mixin.py:188} INFO - [2025-07-11T09:31:59.064+0000] {dag.py:3036} INFO - Sync 1 DAGs
[2025-07-11T09:31:59.098+0000] {logging_mixin.py:188} INFO - [2025-07-11T09:31:59.097+0000] {dag.py:3823} INFO - Setting next_dagrun for example_short_circuit_operator to 2025-07-10 00:00:00+00:00, run_after=2025-07-11 00:00:00+00:00
[2025-07-11T09:31:59.131+0000] {processor.py:183} INFO - Processing /home/airflow/.local/lib/python3.8/site-packages/airflow/example_dags/example_short_circuit_operator.py took 0.119 seconds
[2025-07-11T09:32:29.429+0000] {processor.py:161} INFO - Started process (PID=544) to work on /home/airflow/.local/lib/python3.8/site-packages/airflow/example_dags/example_short_circuit_operator.py
[2025-07-11T09:32:29.430+0000] {processor.py:830} INFO - Processing file /home/airflow/.local/lib/python3.8/site-packages/airflow/example_dags/example_short_circuit_operator.py for tasks to queue
[2025-07-11T09:32:29.433+0000] {logging_mixin.py:188} INFO - [2025-07-11T09:32:29.433+0000] {dagbag.py:538} INFO - Filling up the DagBag from /home/airflow/.local/lib/python3.8/site-packages/airflow/example_dags/example_short_circuit_operator.py
[2025-07-11T09:32:29.444+0000] {processor.py:840} INFO - DAG(s) 'example_short_circuit_operator' retrieved from /home/airflow/.local/lib/python3.8/site-packages/airflow/example_dags/example_short_circuit_operator.py
[2025-07-11T09:32:29.486+0000] {logging_mixin.py:188} INFO - [2025-07-11T09:32:29.485+0000] {dag.py:3036} INFO - Sync 1 DAGs
[2025-07-11T09:32:29.520+0000] {logging_mixin.py:188} INFO - [2025-07-11T09:32:29.519+0000] {dag.py:3823} INFO - Setting next_dagrun for example_short_circuit_operator to 2025-07-10 00:00:00+00:00, run_after=2025-07-11 00:00:00+00:00
[2025-07-11T09:32:29.554+0000] {processor.py:183} INFO - Processing /home/airflow/.local/lib/python3.8/site-packages/airflow/example_dags/example_short_circuit_operator.py took 0.130 seconds
[2025-07-11T09:33:00.820+0000] {processor.py:161} INFO - Started process (PID=599) to work on /home/airflow/.local/lib/python3.8/site-packages/airflow/example_dags/example_short_circuit_operator.py
[2025-07-11T09:33:00.822+0000] {processor.py:830} INFO - Processing file /home/airflow/.local/lib/python3.8/site-packages/airflow/example_dags/example_short_circuit_operator.py for tasks to queue
[2025-07-11T09:33:00.826+0000] {logging_mixin.py:188} INFO - [2025-07-11T09:33:00.825+0000] {dagbag.py:538} INFO - Filling up the DagBag from /home/airflow/.local/lib/python3.8/site-packages/airflow/example_dags/example_short_circuit_operator.py
[2025-07-11T09:33:00.839+0000] {processor.py:840} INFO - DAG(s) 'example_short_circuit_operator' retrieved from /home/airflow/.local/lib/python3.8/site-packages/airflow/example_dags/example_short_circuit_operator.py
[2025-07-11T09:33:00.881+0000] {logging_mixin.py:188} INFO - [2025-07-11T09:33:00.881+0000] {dag.py:3036} INFO - Sync 1 DAGs
[2025-07-11T09:33:00.920+0000] {logging_mixin.py:188} INFO - [2025-07-11T09:33:00.920+0000] {dag.py:3823} INFO - Setting next_dagrun for example_short_circuit_operator to 2025-07-10 00:00:00+00:00, run_after=2025-07-11 00:00:00+00:00
[2025-07-11T09:33:00.957+0000] {processor.py:183} INFO - Processing /home/airflow/.local/lib/python3.8/site-packages/airflow/example_dags/example_short_circuit_operator.py took 0.143 seconds
[2025-07-11T09:33:31.120+0000] {processor.py:161} INFO - Started process (PID=654) to work on /home/airflow/.local/lib/python3.8/site-packages/airflow/example_dags/example_short_circuit_operator.py
[2025-07-11T09:33:31.121+0000] {processor.py:830} INFO - Processing file /home/airflow/.local/lib/python3.8/site-packages/airflow/example_dags/example_short_circuit_operator.py for tasks to queue
[2025-07-11T09:33:31.123+0000] {logging_mixin.py:188} INFO - [2025-07-11T09:33:31.123+0000] {dagbag.py:538} INFO - Filling up the DagBag from /home/airflow/.local/lib/python3.8/site-packages/airflow/example_dags/example_short_circuit_operator.py
[2025-07-11T09:33:31.134+0000] {processor.py:840} INFO - DAG(s) 'example_short_circuit_operator' retrieved from /home/airflow/.local/lib/python3.8/site-packages/airflow/example_dags/example_short_circuit_operator.py
[2025-07-11T09:33:31.169+0000] {logging_mixin.py:188} INFO - [2025-07-11T09:33:31.168+0000] {dag.py:3036} INFO - Sync 1 DAGs
[2025-07-11T09:33:31.202+0000] {logging_mixin.py:188} INFO - [2025-07-11T09:33:31.202+0000] {dag.py:3823} INFO - Setting next_dagrun for example_short_circuit_operator to 2025-07-10 00:00:00+00:00, run_after=2025-07-11 00:00:00+00:00
[2025-07-11T09:33:31.232+0000] {processor.py:183} INFO - Processing /home/airflow/.local/lib/python3.8/site-packages/airflow/example_dags/example_short_circuit_operator.py took 0.117 seconds
[2025-07-11T09:34:47.307+0000] {processor.py:161} INFO - Started process (PID=105) to work on /home/airflow/.local/lib/python3.8/site-packages/airflow/example_dags/example_short_circuit_operator.py
[2025-07-11T09:34:47.308+0000] {processor.py:830} INFO - Processing file /home/airflow/.local/lib/python3.8/site-packages/airflow/example_dags/example_short_circuit_operator.py for tasks to queue
[2025-07-11T09:34:47.311+0000] {logging_mixin.py:188} INFO - [2025-07-11T09:34:47.311+0000] {dagbag.py:538} INFO - Filling up the DagBag from /home/airflow/.local/lib/python3.8/site-packages/airflow/example_dags/example_short_circuit_operator.py
[2025-07-11T09:34:47.323+0000] {processor.py:840} INFO - DAG(s) 'example_short_circuit_operator' retrieved from /home/airflow/.local/lib/python3.8/site-packages/airflow/example_dags/example_short_circuit_operator.py
[2025-07-11T09:34:47.485+0000] {logging_mixin.py:188} INFO - [2025-07-11T09:34:47.485+0000] {override.py:1769} INFO - Created Permission View: can edit on DAG:example_short_circuit_operator
[2025-07-11T09:34:47.504+0000] {logging_mixin.py:188} INFO - [2025-07-11T09:34:47.504+0000] {override.py:1769} INFO - Created Permission View: can delete on DAG:example_short_circuit_operator
[2025-07-11T09:34:47.518+0000] {logging_mixin.py:188} INFO - [2025-07-11T09:34:47.517+0000] {override.py:1769} INFO - Created Permission View: can read on DAG:example_short_circuit_operator
[2025-07-11T09:34:47.519+0000] {logging_mixin.py:188} INFO - [2025-07-11T09:34:47.518+0000] {dag.py:3036} INFO - Sync 1 DAGs
[2025-07-11T09:34:47.536+0000] {logging_mixin.py:188} INFO - [2025-07-11T09:34:47.535+0000] {dag.py:3058} INFO - Creating ORM DAG for example_short_circuit_operator
[2025-07-11T09:34:47.551+0000] {logging_mixin.py:188} INFO - [2025-07-11T09:34:47.551+0000] {dag.py:3823} INFO - Setting next_dagrun for example_short_circuit_operator to 2025-07-10 00:00:00+00:00, run_after=2025-07-11 00:00:00+00:00
[2025-07-11T09:34:47.585+0000] {processor.py:183} INFO - Processing /home/airflow/.local/lib/python3.8/site-packages/airflow/example_dags/example_short_circuit_operator.py took 0.283 seconds
[2025-07-11T09:35:18.335+0000] {processor.py:161} INFO - Started process (PID=160) to work on /home/airflow/.local/lib/python3.8/site-packages/airflow/example_dags/example_short_circuit_operator.py
[2025-07-11T09:35:18.337+0000] {processor.py:830} INFO - Processing file /home/airflow/.local/lib/python3.8/site-packages/airflow/example_dags/example_short_circuit_operator.py for tasks to queue
[2025-07-11T09:35:18.341+0000] {logging_mixin.py:188} INFO - [2025-07-11T09:35:18.340+0000] {dagbag.py:538} INFO - Filling up the DagBag from /home/airflow/.local/lib/python3.8/site-packages/airflow/example_dags/example_short_circuit_operator.py
[2025-07-11T09:35:18.356+0000] {processor.py:840} INFO - DAG(s) 'example_short_circuit_operator' retrieved from /home/airflow/.local/lib/python3.8/site-packages/airflow/example_dags/example_short_circuit_operator.py
[2025-07-11T09:35:18.394+0000] {logging_mixin.py:188} INFO - [2025-07-11T09:35:18.393+0000] {dag.py:3036} INFO - Sync 1 DAGs
[2025-07-11T09:35:18.430+0000] {logging_mixin.py:188} INFO - [2025-07-11T09:35:18.430+0000] {dag.py:3823} INFO - Setting next_dagrun for example_short_circuit_operator to 2025-07-10 00:00:00+00:00, run_after=2025-07-11 00:00:00+00:00
[2025-07-11T09:35:18.468+0000] {processor.py:183} INFO - Processing /home/airflow/.local/lib/python3.8/site-packages/airflow/example_dags/example_short_circuit_operator.py took 0.140 seconds
[2025-07-11T09:35:48.562+0000] {processor.py:161} INFO - Started process (PID=215) to work on /home/airflow/.local/lib/python3.8/site-packages/airflow/example_dags/example_short_circuit_operator.py
[2025-07-11T09:35:48.564+0000] {processor.py:830} INFO - Processing file /home/airflow/.local/lib/python3.8/site-packages/airflow/example_dags/example_short_circuit_operator.py for tasks to queue
[2025-07-11T09:35:48.566+0000] {logging_mixin.py:188} INFO - [2025-07-11T09:35:48.566+0000] {dagbag.py:538} INFO - Filling up the DagBag from /home/airflow/.local/lib/python3.8/site-packages/airflow/example_dags/example_short_circuit_operator.py
[2025-07-11T09:35:48.576+0000] {processor.py:840} INFO - DAG(s) 'example_short_circuit_operator' retrieved from /home/airflow/.local/lib/python3.8/site-packages/airflow/example_dags/example_short_circuit_operator.py
[2025-07-11T09:35:48.609+0000] {logging_mixin.py:188} INFO - [2025-07-11T09:35:48.608+0000] {dag.py:3036} INFO - Sync 1 DAGs
[2025-07-11T09:35:48.641+0000] {logging_mixin.py:188} INFO - [2025-07-11T09:35:48.640+0000] {dag.py:3823} INFO - Setting next_dagrun for example_short_circuit_operator to 2025-07-10 00:00:00+00:00, run_after=2025-07-11 00:00:00+00:00
[2025-07-11T09:35:48.671+0000] {processor.py:183} INFO - Processing /home/airflow/.local/lib/python3.8/site-packages/airflow/example_dags/example_short_circuit_operator.py took 0.113 seconds
[2025-07-11T09:36:19.009+0000] {processor.py:161} INFO - Started process (PID=270) to work on /home/airflow/.local/lib/python3.8/site-packages/airflow/example_dags/example_short_circuit_operator.py
[2025-07-11T09:36:19.011+0000] {processor.py:830} INFO - Processing file /home/airflow/.local/lib/python3.8/site-packages/airflow/example_dags/example_short_circuit_operator.py for tasks to queue
[2025-07-11T09:36:19.015+0000] {logging_mixin.py:188} INFO - [2025-07-11T09:36:19.014+0000] {dagbag.py:538} INFO - Filling up the DagBag from /home/airflow/.local/lib/python3.8/site-packages/airflow/example_dags/example_short_circuit_operator.py
[2025-07-11T09:36:19.026+0000] {processor.py:840} INFO - DAG(s) 'example_short_circuit_operator' retrieved from /home/airflow/.local/lib/python3.8/site-packages/airflow/example_dags/example_short_circuit_operator.py
[2025-07-11T09:36:19.058+0000] {logging_mixin.py:188} INFO - [2025-07-11T09:36:19.058+0000] {dag.py:3036} INFO - Sync 1 DAGs
[2025-07-11T09:36:19.092+0000] {logging_mixin.py:188} INFO - [2025-07-11T09:36:19.092+0000] {dag.py:3823} INFO - Setting next_dagrun for example_short_circuit_operator to 2025-07-10 00:00:00+00:00, run_after=2025-07-11 00:00:00+00:00
[2025-07-11T09:36:19.123+0000] {processor.py:183} INFO - Processing /home/airflow/.local/lib/python3.8/site-packages/airflow/example_dags/example_short_circuit_operator.py took 0.119 seconds
[2025-07-11T09:36:49.340+0000] {processor.py:161} INFO - Started process (PID=325) to work on /home/airflow/.local/lib/python3.8/site-packages/airflow/example_dags/example_short_circuit_operator.py
[2025-07-11T09:36:49.343+0000] {processor.py:830} INFO - Processing file /home/airflow/.local/lib/python3.8/site-packages/airflow/example_dags/example_short_circuit_operator.py for tasks to queue
[2025-07-11T09:36:49.345+0000] {logging_mixin.py:188} INFO - [2025-07-11T09:36:49.345+0000] {dagbag.py:538} INFO - Filling up the DagBag from /home/airflow/.local/lib/python3.8/site-packages/airflow/example_dags/example_short_circuit_operator.py
[2025-07-11T09:36:49.356+0000] {processor.py:840} INFO - DAG(s) 'example_short_circuit_operator' retrieved from /home/airflow/.local/lib/python3.8/site-packages/airflow/example_dags/example_short_circuit_operator.py
[2025-07-11T09:36:49.387+0000] {logging_mixin.py:188} INFO - [2025-07-11T09:36:49.387+0000] {dag.py:3036} INFO - Sync 1 DAGs
[2025-07-11T09:36:49.417+0000] {logging_mixin.py:188} INFO - [2025-07-11T09:36:49.417+0000] {dag.py:3823} INFO - Setting next_dagrun for example_short_circuit_operator to 2025-07-10 00:00:00+00:00, run_after=2025-07-11 00:00:00+00:00
[2025-07-11T09:36:49.447+0000] {processor.py:183} INFO - Processing /home/airflow/.local/lib/python3.8/site-packages/airflow/example_dags/example_short_circuit_operator.py took 0.111 seconds
[2025-07-11T09:37:19.880+0000] {processor.py:161} INFO - Started process (PID=380) to work on /home/airflow/.local/lib/python3.8/site-packages/airflow/example_dags/example_short_circuit_operator.py
[2025-07-11T09:37:19.882+0000] {processor.py:830} INFO - Processing file /home/airflow/.local/lib/python3.8/site-packages/airflow/example_dags/example_short_circuit_operator.py for tasks to queue
[2025-07-11T09:37:19.885+0000] {logging_mixin.py:188} INFO - [2025-07-11T09:37:19.884+0000] {dagbag.py:538} INFO - Filling up the DagBag from /home/airflow/.local/lib/python3.8/site-packages/airflow/example_dags/example_short_circuit_operator.py
[2025-07-11T09:37:19.895+0000] {processor.py:840} INFO - DAG(s) 'example_short_circuit_operator' retrieved from /home/airflow/.local/lib/python3.8/site-packages/airflow/example_dags/example_short_circuit_operator.py
[2025-07-11T09:37:19.932+0000] {logging_mixin.py:188} INFO - [2025-07-11T09:37:19.931+0000] {dag.py:3036} INFO - Sync 1 DAGs
[2025-07-11T09:37:19.969+0000] {logging_mixin.py:188} INFO - [2025-07-11T09:37:19.968+0000] {dag.py:3823} INFO - Setting next_dagrun for example_short_circuit_operator to 2025-07-10 00:00:00+00:00, run_after=2025-07-11 00:00:00+00:00
[2025-07-11T09:37:20.003+0000] {processor.py:183} INFO - Processing /home/airflow/.local/lib/python3.8/site-packages/airflow/example_dags/example_short_circuit_operator.py took 0.129 seconds
[2025-07-11T09:37:50.656+0000] {processor.py:161} INFO - Started process (PID=435) to work on /home/airflow/.local/lib/python3.8/site-packages/airflow/example_dags/example_short_circuit_operator.py
[2025-07-11T09:37:50.658+0000] {processor.py:830} INFO - Processing file /home/airflow/.local/lib/python3.8/site-packages/airflow/example_dags/example_short_circuit_operator.py for tasks to queue
[2025-07-11T09:37:50.661+0000] {logging_mixin.py:188} INFO - [2025-07-11T09:37:50.661+0000] {dagbag.py:538} INFO - Filling up the DagBag from /home/airflow/.local/lib/python3.8/site-packages/airflow/example_dags/example_short_circuit_operator.py
[2025-07-11T09:37:50.675+0000] {processor.py:840} INFO - DAG(s) 'example_short_circuit_operator' retrieved from /home/airflow/.local/lib/python3.8/site-packages/airflow/example_dags/example_short_circuit_operator.py
[2025-07-11T09:37:50.736+0000] {logging_mixin.py:188} INFO - [2025-07-11T09:37:50.736+0000] {dag.py:3036} INFO - Sync 1 DAGs
[2025-07-11T09:37:50.794+0000] {logging_mixin.py:188} INFO - [2025-07-11T09:37:50.794+0000] {dag.py:3823} INFO - Setting next_dagrun for example_short_circuit_operator to 2025-07-10 00:00:00+00:00, run_after=2025-07-11 00:00:00+00:00
[2025-07-11T09:37:50.847+0000] {processor.py:183} INFO - Processing /home/airflow/.local/lib/python3.8/site-packages/airflow/example_dags/example_short_circuit_operator.py took 0.199 seconds
[2025-07-11T09:38:21.297+0000] {processor.py:161} INFO - Started process (PID=490) to work on /home/airflow/.local/lib/python3.8/site-packages/airflow/example_dags/example_short_circuit_operator.py
[2025-07-11T09:38:21.298+0000] {processor.py:830} INFO - Processing file /home/airflow/.local/lib/python3.8/site-packages/airflow/example_dags/example_short_circuit_operator.py for tasks to queue
[2025-07-11T09:38:21.301+0000] {logging_mixin.py:188} INFO - [2025-07-11T09:38:21.300+0000] {dagbag.py:538} INFO - Filling up the DagBag from /home/airflow/.local/lib/python3.8/site-packages/airflow/example_dags/example_short_circuit_operator.py
[2025-07-11T09:38:21.311+0000] {processor.py:840} INFO - DAG(s) 'example_short_circuit_operator' retrieved from /home/airflow/.local/lib/python3.8/site-packages/airflow/example_dags/example_short_circuit_operator.py
[2025-07-11T09:38:21.342+0000] {logging_mixin.py:188} INFO - [2025-07-11T09:38:21.342+0000] {dag.py:3036} INFO - Sync 1 DAGs
[2025-07-11T09:38:21.373+0000] {logging_mixin.py:188} INFO - [2025-07-11T09:38:21.372+0000] {dag.py:3823} INFO - Setting next_dagrun for example_short_circuit_operator to 2025-07-10 00:00:00+00:00, run_after=2025-07-11 00:00:00+00:00
[2025-07-11T09:38:21.403+0000] {processor.py:183} INFO - Processing /home/airflow/.local/lib/python3.8/site-packages/airflow/example_dags/example_short_circuit_operator.py took 0.110 seconds
[2025-07-11T09:38:51.794+0000] {processor.py:161} INFO - Started process (PID=545) to work on /home/airflow/.local/lib/python3.8/site-packages/airflow/example_dags/example_short_circuit_operator.py
[2025-07-11T09:38:51.796+0000] {processor.py:830} INFO - Processing file /home/airflow/.local/lib/python3.8/site-packages/airflow/example_dags/example_short_circuit_operator.py for tasks to queue
[2025-07-11T09:38:51.798+0000] {logging_mixin.py:188} INFO - [2025-07-11T09:38:51.797+0000] {dagbag.py:538} INFO - Filling up the DagBag from /home/airflow/.local/lib/python3.8/site-packages/airflow/example_dags/example_short_circuit_operator.py
[2025-07-11T09:38:51.808+0000] {processor.py:840} INFO - DAG(s) 'example_short_circuit_operator' retrieved from /home/airflow/.local/lib/python3.8/site-packages/airflow/example_dags/example_short_circuit_operator.py
[2025-07-11T09:38:51.842+0000] {logging_mixin.py:188} INFO - [2025-07-11T09:38:51.841+0000] {dag.py:3036} INFO - Sync 1 DAGs
[2025-07-11T09:38:51.876+0000] {logging_mixin.py:188} INFO - [2025-07-11T09:38:51.876+0000] {dag.py:3823} INFO - Setting next_dagrun for example_short_circuit_operator to 2025-07-10 00:00:00+00:00, run_after=2025-07-11 00:00:00+00:00
[2025-07-11T09:38:51.907+0000] {processor.py:183} INFO - Processing /home/airflow/.local/lib/python3.8/site-packages/airflow/example_dags/example_short_circuit_operator.py took 0.118 seconds
[2025-07-11T09:39:22.091+0000] {processor.py:161} INFO - Started process (PID=601) to work on /home/airflow/.local/lib/python3.8/site-packages/airflow/example_dags/example_short_circuit_operator.py
[2025-07-11T09:39:22.093+0000] {processor.py:830} INFO - Processing file /home/airflow/.local/lib/python3.8/site-packages/airflow/example_dags/example_short_circuit_operator.py for tasks to queue
[2025-07-11T09:39:22.095+0000] {logging_mixin.py:188} INFO - [2025-07-11T09:39:22.095+0000] {dagbag.py:538} INFO - Filling up the DagBag from /home/airflow/.local/lib/python3.8/site-packages/airflow/example_dags/example_short_circuit_operator.py
[2025-07-11T09:39:22.105+0000] {processor.py:840} INFO - DAG(s) 'example_short_circuit_operator' retrieved from /home/airflow/.local/lib/python3.8/site-packages/airflow/example_dags/example_short_circuit_operator.py
[2025-07-11T09:39:22.137+0000] {logging_mixin.py:188} INFO - [2025-07-11T09:39:22.137+0000] {dag.py:3036} INFO - Sync 1 DAGs
[2025-07-11T09:39:22.167+0000] {logging_mixin.py:188} INFO - [2025-07-11T09:39:22.167+0000] {dag.py:3823} INFO - Setting next_dagrun for example_short_circuit_operator to 2025-07-10 00:00:00+00:00, run_after=2025-07-11 00:00:00+00:00
[2025-07-11T09:39:22.196+0000] {processor.py:183} INFO - Processing /home/airflow/.local/lib/python3.8/site-packages/airflow/example_dags/example_short_circuit_operator.py took 0.109 seconds
[2025-07-11T09:39:52.494+0000] {processor.py:161} INFO - Started process (PID=656) to work on /home/airflow/.local/lib/python3.8/site-packages/airflow/example_dags/example_short_circuit_operator.py
[2025-07-11T09:39:52.496+0000] {processor.py:830} INFO - Processing file /home/airflow/.local/lib/python3.8/site-packages/airflow/example_dags/example_short_circuit_operator.py for tasks to queue
[2025-07-11T09:39:52.498+0000] {logging_mixin.py:188} INFO - [2025-07-11T09:39:52.498+0000] {dagbag.py:538} INFO - Filling up the DagBag from /home/airflow/.local/lib/python3.8/site-packages/airflow/example_dags/example_short_circuit_operator.py
[2025-07-11T09:39:52.508+0000] {processor.py:840} INFO - DAG(s) 'example_short_circuit_operator' retrieved from /home/airflow/.local/lib/python3.8/site-packages/airflow/example_dags/example_short_circuit_operator.py
[2025-07-11T09:39:52.540+0000] {logging_mixin.py:188} INFO - [2025-07-11T09:39:52.539+0000] {dag.py:3036} INFO - Sync 1 DAGs
[2025-07-11T09:39:52.572+0000] {logging_mixin.py:188} INFO - [2025-07-11T09:39:52.571+0000] {dag.py:3823} INFO - Setting next_dagrun for example_short_circuit_operator to 2025-07-10 00:00:00+00:00, run_after=2025-07-11 00:00:00+00:00
[2025-07-11T09:39:52.602+0000] {processor.py:183} INFO - Processing /home/airflow/.local/lib/python3.8/site-packages/airflow/example_dags/example_short_circuit_operator.py took 0.112 seconds
[2025-07-11T09:40:22.940+0000] {processor.py:161} INFO - Started process (PID=711) to work on /home/airflow/.local/lib/python3.8/site-packages/airflow/example_dags/example_short_circuit_operator.py
[2025-07-11T09:40:22.941+0000] {processor.py:830} INFO - Processing file /home/airflow/.local/lib/python3.8/site-packages/airflow/example_dags/example_short_circuit_operator.py for tasks to queue
[2025-07-11T09:40:22.944+0000] {logging_mixin.py:188} INFO - [2025-07-11T09:40:22.943+0000] {dagbag.py:538} INFO - Filling up the DagBag from /home/airflow/.local/lib/python3.8/site-packages/airflow/example_dags/example_short_circuit_operator.py
[2025-07-11T09:40:22.954+0000] {processor.py:840} INFO - DAG(s) 'example_short_circuit_operator' retrieved from /home/airflow/.local/lib/python3.8/site-packages/airflow/example_dags/example_short_circuit_operator.py
[2025-07-11T09:40:22.986+0000] {logging_mixin.py:188} INFO - [2025-07-11T09:40:22.986+0000] {dag.py:3036} INFO - Sync 1 DAGs
[2025-07-11T09:40:23.019+0000] {logging_mixin.py:188} INFO - [2025-07-11T09:40:23.019+0000] {dag.py:3823} INFO - Setting next_dagrun for example_short_circuit_operator to 2025-07-10 00:00:00+00:00, run_after=2025-07-11 00:00:00+00:00
[2025-07-11T09:40:23.053+0000] {processor.py:183} INFO - Processing /home/airflow/.local/lib/python3.8/site-packages/airflow/example_dags/example_short_circuit_operator.py took 0.118 seconds
[2025-07-11T09:40:53.336+0000] {processor.py:161} INFO - Started process (PID=766) to work on /home/airflow/.local/lib/python3.8/site-packages/airflow/example_dags/example_short_circuit_operator.py
[2025-07-11T09:40:53.338+0000] {processor.py:830} INFO - Processing file /home/airflow/.local/lib/python3.8/site-packages/airflow/example_dags/example_short_circuit_operator.py for tasks to queue
[2025-07-11T09:40:53.341+0000] {logging_mixin.py:188} INFO - [2025-07-11T09:40:53.341+0000] {dagbag.py:538} INFO - Filling up the DagBag from /home/airflow/.local/lib/python3.8/site-packages/airflow/example_dags/example_short_circuit_operator.py
[2025-07-11T09:40:53.351+0000] {processor.py:840} INFO - DAG(s) 'example_short_circuit_operator' retrieved from /home/airflow/.local/lib/python3.8/site-packages/airflow/example_dags/example_short_circuit_operator.py
[2025-07-11T09:40:53.386+0000] {logging_mixin.py:188} INFO - [2025-07-11T09:40:53.385+0000] {dag.py:3036} INFO - Sync 1 DAGs
[2025-07-11T09:40:53.424+0000] {logging_mixin.py:188} INFO - [2025-07-11T09:40:53.423+0000] {dag.py:3823} INFO - Setting next_dagrun for example_short_circuit_operator to 2025-07-10 00:00:00+00:00, run_after=2025-07-11 00:00:00+00:00
[2025-07-11T09:40:53.457+0000] {processor.py:183} INFO - Processing /home/airflow/.local/lib/python3.8/site-packages/airflow/example_dags/example_short_circuit_operator.py took 0.126 seconds
[2025-07-11T09:41:23.803+0000] {processor.py:161} INFO - Started process (PID=821) to work on /home/airflow/.local/lib/python3.8/site-packages/airflow/example_dags/example_short_circuit_operator.py
[2025-07-11T09:41:23.805+0000] {processor.py:830} INFO - Processing file /home/airflow/.local/lib/python3.8/site-packages/airflow/example_dags/example_short_circuit_operator.py for tasks to queue
[2025-07-11T09:41:23.809+0000] {logging_mixin.py:188} INFO - [2025-07-11T09:41:23.808+0000] {dagbag.py:538} INFO - Filling up the DagBag from /home/airflow/.local/lib/python3.8/site-packages/airflow/example_dags/example_short_circuit_operator.py
[2025-07-11T09:41:23.821+0000] {processor.py:840} INFO - DAG(s) 'example_short_circuit_operator' retrieved from /home/airflow/.local/lib/python3.8/site-packages/airflow/example_dags/example_short_circuit_operator.py
[2025-07-11T09:41:23.857+0000] {logging_mixin.py:188} INFO - [2025-07-11T09:41:23.857+0000] {dag.py:3036} INFO - Sync 1 DAGs
[2025-07-11T09:41:23.894+0000] {logging_mixin.py:188} INFO - [2025-07-11T09:41:23.893+0000] {dag.py:3823} INFO - Setting next_dagrun for example_short_circuit_operator to 2025-07-10 00:00:00+00:00, run_after=2025-07-11 00:00:00+00:00
[2025-07-11T09:41:23.928+0000] {processor.py:183} INFO - Processing /home/airflow/.local/lib/python3.8/site-packages/airflow/example_dags/example_short_circuit_operator.py took 0.130 seconds
[2025-07-11T09:41:54.183+0000] {processor.py:161} INFO - Started process (PID=876) to work on /home/airflow/.local/lib/python3.8/site-packages/airflow/example_dags/example_short_circuit_operator.py
[2025-07-11T09:41:54.185+0000] {processor.py:830} INFO - Processing file /home/airflow/.local/lib/python3.8/site-packages/airflow/example_dags/example_short_circuit_operator.py for tasks to queue
[2025-07-11T09:41:54.189+0000] {logging_mixin.py:188} INFO - [2025-07-11T09:41:54.188+0000] {dagbag.py:538} INFO - Filling up the DagBag from /home/airflow/.local/lib/python3.8/site-packages/airflow/example_dags/example_short_circuit_operator.py
[2025-07-11T09:41:54.205+0000] {processor.py:840} INFO - DAG(s) 'example_short_circuit_operator' retrieved from /home/airflow/.local/lib/python3.8/site-packages/airflow/example_dags/example_short_circuit_operator.py
[2025-07-11T09:41:54.245+0000] {logging_mixin.py:188} INFO - [2025-07-11T09:41:54.245+0000] {dag.py:3036} INFO - Sync 1 DAGs
[2025-07-11T09:41:54.283+0000] {logging_mixin.py:188} INFO - [2025-07-11T09:41:54.282+0000] {dag.py:3823} INFO - Setting next_dagrun for example_short_circuit_operator to 2025-07-10 00:00:00+00:00, run_after=2025-07-11 00:00:00+00:00
[2025-07-11T09:41:54.321+0000] {processor.py:183} INFO - Processing /home/airflow/.local/lib/python3.8/site-packages/airflow/example_dags/example_short_circuit_operator.py took 0.144 seconds
[2025-07-11T09:42:24.556+0000] {processor.py:161} INFO - Started process (PID=931) to work on /home/airflow/.local/lib/python3.8/site-packages/airflow/example_dags/example_short_circuit_operator.py
[2025-07-11T09:42:24.558+0000] {processor.py:830} INFO - Processing file /home/airflow/.local/lib/python3.8/site-packages/airflow/example_dags/example_short_circuit_operator.py for tasks to queue
[2025-07-11T09:42:24.560+0000] {logging_mixin.py:188} INFO - [2025-07-11T09:42:24.560+0000] {dagbag.py:538} INFO - Filling up the DagBag from /home/airflow/.local/lib/python3.8/site-packages/airflow/example_dags/example_short_circuit_operator.py
[2025-07-11T09:42:24.571+0000] {processor.py:840} INFO - DAG(s) 'example_short_circuit_operator' retrieved from /home/airflow/.local/lib/python3.8/site-packages/airflow/example_dags/example_short_circuit_operator.py
[2025-07-11T09:42:24.607+0000] {logging_mixin.py:188} INFO - [2025-07-11T09:42:24.606+0000] {dag.py:3036} INFO - Sync 1 DAGs
[2025-07-11T09:42:24.644+0000] {logging_mixin.py:188} INFO - [2025-07-11T09:42:24.644+0000] {dag.py:3823} INFO - Setting next_dagrun for example_short_circuit_operator to 2025-07-10 00:00:00+00:00, run_after=2025-07-11 00:00:00+00:00
[2025-07-11T09:42:24.677+0000] {processor.py:183} INFO - Processing /home/airflow/.local/lib/python3.8/site-packages/airflow/example_dags/example_short_circuit_operator.py took 0.126 seconds
[2025-07-11T09:42:54.916+0000] {processor.py:161} INFO - Started process (PID=986) to work on /home/airflow/.local/lib/python3.8/site-packages/airflow/example_dags/example_short_circuit_operator.py
[2025-07-11T09:42:54.918+0000] {processor.py:830} INFO - Processing file /home/airflow/.local/lib/python3.8/site-packages/airflow/example_dags/example_short_circuit_operator.py for tasks to queue
[2025-07-11T09:42:54.920+0000] {logging_mixin.py:188} INFO - [2025-07-11T09:42:54.920+0000] {dagbag.py:538} INFO - Filling up the DagBag from /home/airflow/.local/lib/python3.8/site-packages/airflow/example_dags/example_short_circuit_operator.py
[2025-07-11T09:42:54.931+0000] {processor.py:840} INFO - DAG(s) 'example_short_circuit_operator' retrieved from /home/airflow/.local/lib/python3.8/site-packages/airflow/example_dags/example_short_circuit_operator.py
[2025-07-11T09:42:54.968+0000] {logging_mixin.py:188} INFO - [2025-07-11T09:42:54.968+0000] {dag.py:3036} INFO - Sync 1 DAGs
[2025-07-11T09:42:55.006+0000] {logging_mixin.py:188} INFO - [2025-07-11T09:42:55.006+0000] {dag.py:3823} INFO - Setting next_dagrun for example_short_circuit_operator to 2025-07-10 00:00:00+00:00, run_after=2025-07-11 00:00:00+00:00
[2025-07-11T09:42:55.038+0000] {processor.py:183} INFO - Processing /home/airflow/.local/lib/python3.8/site-packages/airflow/example_dags/example_short_circuit_operator.py took 0.127 seconds
[2025-07-11T09:43:25.399+0000] {processor.py:161} INFO - Started process (PID=1041) to work on /home/airflow/.local/lib/python3.8/site-packages/airflow/example_dags/example_short_circuit_operator.py
[2025-07-11T09:43:25.401+0000] {processor.py:830} INFO - Processing file /home/airflow/.local/lib/python3.8/site-packages/airflow/example_dags/example_short_circuit_operator.py for tasks to queue
[2025-07-11T09:43:25.404+0000] {logging_mixin.py:188} INFO - [2025-07-11T09:43:25.403+0000] {dagbag.py:538} INFO - Filling up the DagBag from /home/airflow/.local/lib/python3.8/site-packages/airflow/example_dags/example_short_circuit_operator.py
[2025-07-11T09:43:25.416+0000] {processor.py:840} INFO - DAG(s) 'example_short_circuit_operator' retrieved from /home/airflow/.local/lib/python3.8/site-packages/airflow/example_dags/example_short_circuit_operator.py
[2025-07-11T09:43:25.452+0000] {logging_mixin.py:188} INFO - [2025-07-11T09:43:25.452+0000] {dag.py:3036} INFO - Sync 1 DAGs
[2025-07-11T09:43:25.486+0000] {logging_mixin.py:188} INFO - [2025-07-11T09:43:25.486+0000] {dag.py:3823} INFO - Setting next_dagrun for example_short_circuit_operator to 2025-07-10 00:00:00+00:00, run_after=2025-07-11 00:00:00+00:00
[2025-07-11T09:43:25.516+0000] {processor.py:183} INFO - Processing /home/airflow/.local/lib/python3.8/site-packages/airflow/example_dags/example_short_circuit_operator.py took 0.123 seconds
[2025-07-11T09:43:55.724+0000] {processor.py:161} INFO - Started process (PID=1096) to work on /home/airflow/.local/lib/python3.8/site-packages/airflow/example_dags/example_short_circuit_operator.py
[2025-07-11T09:43:55.726+0000] {processor.py:830} INFO - Processing file /home/airflow/.local/lib/python3.8/site-packages/airflow/example_dags/example_short_circuit_operator.py for tasks to queue
[2025-07-11T09:43:55.728+0000] {logging_mixin.py:188} INFO - [2025-07-11T09:43:55.728+0000] {dagbag.py:538} INFO - Filling up the DagBag from /home/airflow/.local/lib/python3.8/site-packages/airflow/example_dags/example_short_circuit_operator.py
[2025-07-11T09:43:55.738+0000] {processor.py:840} INFO - DAG(s) 'example_short_circuit_operator' retrieved from /home/airflow/.local/lib/python3.8/site-packages/airflow/example_dags/example_short_circuit_operator.py
[2025-07-11T09:43:55.770+0000] {logging_mixin.py:188} INFO - [2025-07-11T09:43:55.770+0000] {dag.py:3036} INFO - Sync 1 DAGs
[2025-07-11T09:43:55.802+0000] {logging_mixin.py:188} INFO - [2025-07-11T09:43:55.802+0000] {dag.py:3823} INFO - Setting next_dagrun for example_short_circuit_operator to 2025-07-10 00:00:00+00:00, run_after=2025-07-11 00:00:00+00:00
[2025-07-11T09:43:55.832+0000] {processor.py:183} INFO - Processing /home/airflow/.local/lib/python3.8/site-packages/airflow/example_dags/example_short_circuit_operator.py took 0.113 seconds
[2025-07-11T09:44:26.200+0000] {processor.py:161} INFO - Started process (PID=1152) to work on /home/airflow/.local/lib/python3.8/site-packages/airflow/example_dags/example_short_circuit_operator.py
[2025-07-11T09:44:26.202+0000] {processor.py:830} INFO - Processing file /home/airflow/.local/lib/python3.8/site-packages/airflow/example_dags/example_short_circuit_operator.py for tasks to queue
[2025-07-11T09:44:26.204+0000] {logging_mixin.py:188} INFO - [2025-07-11T09:44:26.204+0000] {dagbag.py:538} INFO - Filling up the DagBag from /home/airflow/.local/lib/python3.8/site-packages/airflow/example_dags/example_short_circuit_operator.py
[2025-07-11T09:44:26.215+0000] {processor.py:840} INFO - DAG(s) 'example_short_circuit_operator' retrieved from /home/airflow/.local/lib/python3.8/site-packages/airflow/example_dags/example_short_circuit_operator.py
[2025-07-11T09:44:26.247+0000] {logging_mixin.py:188} INFO - [2025-07-11T09:44:26.247+0000] {dag.py:3036} INFO - Sync 1 DAGs
[2025-07-11T09:44:26.279+0000] {logging_mixin.py:188} INFO - [2025-07-11T09:44:26.278+0000] {dag.py:3823} INFO - Setting next_dagrun for example_short_circuit_operator to 2025-07-10 00:00:00+00:00, run_after=2025-07-11 00:00:00+00:00
[2025-07-11T09:44:26.309+0000] {processor.py:183} INFO - Processing /home/airflow/.local/lib/python3.8/site-packages/airflow/example_dags/example_short_circuit_operator.py took 0.113 seconds
[2025-07-11T09:44:56.706+0000] {processor.py:161} INFO - Started process (PID=1207) to work on /home/airflow/.local/lib/python3.8/site-packages/airflow/example_dags/example_short_circuit_operator.py
[2025-07-11T09:44:56.708+0000] {processor.py:830} INFO - Processing file /home/airflow/.local/lib/python3.8/site-packages/airflow/example_dags/example_short_circuit_operator.py for tasks to queue
[2025-07-11T09:44:56.711+0000] {logging_mixin.py:188} INFO - [2025-07-11T09:44:56.711+0000] {dagbag.py:538} INFO - Filling up the DagBag from /home/airflow/.local/lib/python3.8/site-packages/airflow/example_dags/example_short_circuit_operator.py
[2025-07-11T09:44:56.722+0000] {processor.py:840} INFO - DAG(s) 'example_short_circuit_operator' retrieved from /home/airflow/.local/lib/python3.8/site-packages/airflow/example_dags/example_short_circuit_operator.py
[2025-07-11T09:44:56.755+0000] {logging_mixin.py:188} INFO - [2025-07-11T09:44:56.755+0000] {dag.py:3036} INFO - Sync 1 DAGs
[2025-07-11T09:44:56.789+0000] {logging_mixin.py:188} INFO - [2025-07-11T09:44:56.789+0000] {dag.py:3823} INFO - Setting next_dagrun for example_short_circuit_operator to 2025-07-10 00:00:00+00:00, run_after=2025-07-11 00:00:00+00:00
[2025-07-11T09:44:56.819+0000] {processor.py:183} INFO - Processing /home/airflow/.local/lib/python3.8/site-packages/airflow/example_dags/example_short_circuit_operator.py took 0.120 seconds
[2025-07-11T09:45:27.057+0000] {processor.py:161} INFO - Started process (PID=1262) to work on /home/airflow/.local/lib/python3.8/site-packages/airflow/example_dags/example_short_circuit_operator.py
[2025-07-11T09:45:27.059+0000] {processor.py:830} INFO - Processing file /home/airflow/.local/lib/python3.8/site-packages/airflow/example_dags/example_short_circuit_operator.py for tasks to queue
[2025-07-11T09:45:27.061+0000] {logging_mixin.py:188} INFO - [2025-07-11T09:45:27.061+0000] {dagbag.py:538} INFO - Filling up the DagBag from /home/airflow/.local/lib/python3.8/site-packages/airflow/example_dags/example_short_circuit_operator.py
[2025-07-11T09:45:27.074+0000] {processor.py:840} INFO - DAG(s) 'example_short_circuit_operator' retrieved from /home/airflow/.local/lib/python3.8/site-packages/airflow/example_dags/example_short_circuit_operator.py
[2025-07-11T09:45:27.111+0000] {logging_mixin.py:188} INFO - [2025-07-11T09:45:27.110+0000] {dag.py:3036} INFO - Sync 1 DAGs
[2025-07-11T09:45:27.146+0000] {logging_mixin.py:188} INFO - [2025-07-11T09:45:27.146+0000] {dag.py:3823} INFO - Setting next_dagrun for example_short_circuit_operator to 2025-07-10 00:00:00+00:00, run_after=2025-07-11 00:00:00+00:00
[2025-07-11T09:45:27.180+0000] {processor.py:183} INFO - Processing /home/airflow/.local/lib/python3.8/site-packages/airflow/example_dags/example_short_circuit_operator.py took 0.129 seconds
[2025-07-11T09:45:57.391+0000] {processor.py:161} INFO - Started process (PID=1317) to work on /home/airflow/.local/lib/python3.8/site-packages/airflow/example_dags/example_short_circuit_operator.py
[2025-07-11T09:45:57.393+0000] {processor.py:830} INFO - Processing file /home/airflow/.local/lib/python3.8/site-packages/airflow/example_dags/example_short_circuit_operator.py for tasks to queue
[2025-07-11T09:45:57.395+0000] {logging_mixin.py:188} INFO - [2025-07-11T09:45:57.395+0000] {dagbag.py:538} INFO - Filling up the DagBag from /home/airflow/.local/lib/python3.8/site-packages/airflow/example_dags/example_short_circuit_operator.py
[2025-07-11T09:45:57.405+0000] {processor.py:840} INFO - DAG(s) 'example_short_circuit_operator' retrieved from /home/airflow/.local/lib/python3.8/site-packages/airflow/example_dags/example_short_circuit_operator.py
[2025-07-11T09:45:57.440+0000] {logging_mixin.py:188} INFO - [2025-07-11T09:45:57.440+0000] {dag.py:3036} INFO - Sync 1 DAGs
[2025-07-11T09:45:57.474+0000] {logging_mixin.py:188} INFO - [2025-07-11T09:45:57.474+0000] {dag.py:3823} INFO - Setting next_dagrun for example_short_circuit_operator to 2025-07-10 00:00:00+00:00, run_after=2025-07-11 00:00:00+00:00
[2025-07-11T09:45:57.504+0000] {processor.py:183} INFO - Processing /home/airflow/.local/lib/python3.8/site-packages/airflow/example_dags/example_short_circuit_operator.py took 0.117 seconds
[2025-07-11T09:46:27.819+0000] {processor.py:161} INFO - Started process (PID=1372) to work on /home/airflow/.local/lib/python3.8/site-packages/airflow/example_dags/example_short_circuit_operator.py
[2025-07-11T09:46:27.821+0000] {processor.py:830} INFO - Processing file /home/airflow/.local/lib/python3.8/site-packages/airflow/example_dags/example_short_circuit_operator.py for tasks to queue
[2025-07-11T09:46:27.824+0000] {logging_mixin.py:188} INFO - [2025-07-11T09:46:27.823+0000] {dagbag.py:538} INFO - Filling up the DagBag from /home/airflow/.local/lib/python3.8/site-packages/airflow/example_dags/example_short_circuit_operator.py
[2025-07-11T09:46:27.835+0000] {processor.py:840} INFO - DAG(s) 'example_short_circuit_operator' retrieved from /home/airflow/.local/lib/python3.8/site-packages/airflow/example_dags/example_short_circuit_operator.py
[2025-07-11T09:46:27.870+0000] {logging_mixin.py:188} INFO - [2025-07-11T09:46:27.869+0000] {dag.py:3036} INFO - Sync 1 DAGs
[2025-07-11T09:46:27.908+0000] {logging_mixin.py:188} INFO - [2025-07-11T09:46:27.908+0000] {dag.py:3823} INFO - Setting next_dagrun for example_short_circuit_operator to 2025-07-10 00:00:00+00:00, run_after=2025-07-11 00:00:00+00:00
[2025-07-11T09:46:27.936+0000] {processor.py:183} INFO - Processing /home/airflow/.local/lib/python3.8/site-packages/airflow/example_dags/example_short_circuit_operator.py took 0.122 seconds
[2025-07-11T09:46:58.311+0000] {processor.py:161} INFO - Started process (PID=1427) to work on /home/airflow/.local/lib/python3.8/site-packages/airflow/example_dags/example_short_circuit_operator.py
[2025-07-11T09:46:58.313+0000] {processor.py:830} INFO - Processing file /home/airflow/.local/lib/python3.8/site-packages/airflow/example_dags/example_short_circuit_operator.py for tasks to queue
[2025-07-11T09:46:58.315+0000] {logging_mixin.py:188} INFO - [2025-07-11T09:46:58.315+0000] {dagbag.py:538} INFO - Filling up the DagBag from /home/airflow/.local/lib/python3.8/site-packages/airflow/example_dags/example_short_circuit_operator.py
[2025-07-11T09:46:58.326+0000] {processor.py:840} INFO - DAG(s) 'example_short_circuit_operator' retrieved from /home/airflow/.local/lib/python3.8/site-packages/airflow/example_dags/example_short_circuit_operator.py
[2025-07-11T09:46:58.358+0000] {logging_mixin.py:188} INFO - [2025-07-11T09:46:58.358+0000] {dag.py:3036} INFO - Sync 1 DAGs
[2025-07-11T09:46:58.395+0000] {logging_mixin.py:188} INFO - [2025-07-11T09:46:58.395+0000] {dag.py:3823} INFO - Setting next_dagrun for example_short_circuit_operator to 2025-07-10 00:00:00+00:00, run_after=2025-07-11 00:00:00+00:00
[2025-07-11T09:46:58.424+0000] {processor.py:183} INFO - Processing /home/airflow/.local/lib/python3.8/site-packages/airflow/example_dags/example_short_circuit_operator.py took 0.118 seconds
[2025-07-11T09:47:28.846+0000] {processor.py:161} INFO - Started process (PID=1482) to work on /home/airflow/.local/lib/python3.8/site-packages/airflow/example_dags/example_short_circuit_operator.py
[2025-07-11T09:47:28.848+0000] {processor.py:830} INFO - Processing file /home/airflow/.local/lib/python3.8/site-packages/airflow/example_dags/example_short_circuit_operator.py for tasks to queue
[2025-07-11T09:47:28.851+0000] {logging_mixin.py:188} INFO - [2025-07-11T09:47:28.851+0000] {dagbag.py:538} INFO - Filling up the DagBag from /home/airflow/.local/lib/python3.8/site-packages/airflow/example_dags/example_short_circuit_operator.py
[2025-07-11T09:47:28.866+0000] {processor.py:840} INFO - DAG(s) 'example_short_circuit_operator' retrieved from /home/airflow/.local/lib/python3.8/site-packages/airflow/example_dags/example_short_circuit_operator.py
[2025-07-11T09:47:28.909+0000] {logging_mixin.py:188} INFO - [2025-07-11T09:47:28.908+0000] {dag.py:3036} INFO - Sync 1 DAGs
[2025-07-11T09:47:28.948+0000] {logging_mixin.py:188} INFO - [2025-07-11T09:47:28.948+0000] {dag.py:3823} INFO - Setting next_dagrun for example_short_circuit_operator to 2025-07-10 00:00:00+00:00, run_after=2025-07-11 00:00:00+00:00
[2025-07-11T09:47:28.986+0000] {processor.py:183} INFO - Processing /home/airflow/.local/lib/python3.8/site-packages/airflow/example_dags/example_short_circuit_operator.py took 0.147 seconds
[2025-07-11T09:47:59.680+0000] {processor.py:161} INFO - Started process (PID=1537) to work on /home/airflow/.local/lib/python3.8/site-packages/airflow/example_dags/example_short_circuit_operator.py
[2025-07-11T09:47:59.682+0000] {processor.py:830} INFO - Processing file /home/airflow/.local/lib/python3.8/site-packages/airflow/example_dags/example_short_circuit_operator.py for tasks to queue
[2025-07-11T09:47:59.684+0000] {logging_mixin.py:188} INFO - [2025-07-11T09:47:59.684+0000] {dagbag.py:538} INFO - Filling up the DagBag from /home/airflow/.local/lib/python3.8/site-packages/airflow/example_dags/example_short_circuit_operator.py
[2025-07-11T09:47:59.695+0000] {processor.py:840} INFO - DAG(s) 'example_short_circuit_operator' retrieved from /home/airflow/.local/lib/python3.8/site-packages/airflow/example_dags/example_short_circuit_operator.py
[2025-07-11T09:47:59.726+0000] {logging_mixin.py:188} INFO - [2025-07-11T09:47:59.726+0000] {dag.py:3036} INFO - Sync 1 DAGs
[2025-07-11T09:47:59.755+0000] {logging_mixin.py:188} INFO - [2025-07-11T09:47:59.755+0000] {dag.py:3823} INFO - Setting next_dagrun for example_short_circuit_operator to 2025-07-10 00:00:00+00:00, run_after=2025-07-11 00:00:00+00:00
[2025-07-11T09:47:59.786+0000] {processor.py:183} INFO - Processing /home/airflow/.local/lib/python3.8/site-packages/airflow/example_dags/example_short_circuit_operator.py took 0.110 seconds
[2025-07-11T09:48:30.135+0000] {processor.py:161} INFO - Started process (PID=1592) to work on /home/airflow/.local/lib/python3.8/site-packages/airflow/example_dags/example_short_circuit_operator.py
[2025-07-11T09:48:30.137+0000] {processor.py:830} INFO - Processing file /home/airflow/.local/lib/python3.8/site-packages/airflow/example_dags/example_short_circuit_operator.py for tasks to queue
[2025-07-11T09:48:30.139+0000] {logging_mixin.py:188} INFO - [2025-07-11T09:48:30.139+0000] {dagbag.py:538} INFO - Filling up the DagBag from /home/airflow/.local/lib/python3.8/site-packages/airflow/example_dags/example_short_circuit_operator.py
[2025-07-11T09:48:30.149+0000] {processor.py:840} INFO - DAG(s) 'example_short_circuit_operator' retrieved from /home/airflow/.local/lib/python3.8/site-packages/airflow/example_dags/example_short_circuit_operator.py
[2025-07-11T09:48:30.180+0000] {logging_mixin.py:188} INFO - [2025-07-11T09:48:30.180+0000] {dag.py:3036} INFO - Sync 1 DAGs
[2025-07-11T09:48:30.217+0000] {logging_mixin.py:188} INFO - [2025-07-11T09:48:30.216+0000] {dag.py:3823} INFO - Setting next_dagrun for example_short_circuit_operator to 2025-07-10 00:00:00+00:00, run_after=2025-07-11 00:00:00+00:00
[2025-07-11T09:48:30.261+0000] {processor.py:183} INFO - Processing /home/airflow/.local/lib/python3.8/site-packages/airflow/example_dags/example_short_circuit_operator.py took 0.130 seconds
[2025-07-11T09:49:00.551+0000] {processor.py:161} INFO - Started process (PID=1647) to work on /home/airflow/.local/lib/python3.8/site-packages/airflow/example_dags/example_short_circuit_operator.py
[2025-07-11T09:49:00.552+0000] {processor.py:830} INFO - Processing file /home/airflow/.local/lib/python3.8/site-packages/airflow/example_dags/example_short_circuit_operator.py for tasks to queue
[2025-07-11T09:49:00.555+0000] {logging_mixin.py:188} INFO - [2025-07-11T09:49:00.554+0000] {dagbag.py:538} INFO - Filling up the DagBag from /home/airflow/.local/lib/python3.8/site-packages/airflow/example_dags/example_short_circuit_operator.py
[2025-07-11T09:49:00.565+0000] {processor.py:840} INFO - DAG(s) 'example_short_circuit_operator' retrieved from /home/airflow/.local/lib/python3.8/site-packages/airflow/example_dags/example_short_circuit_operator.py
[2025-07-11T09:49:00.605+0000] {logging_mixin.py:188} INFO - [2025-07-11T09:49:00.604+0000] {dag.py:3036} INFO - Sync 1 DAGs
[2025-07-11T09:49:00.640+0000] {logging_mixin.py:188} INFO - [2025-07-11T09:49:00.639+0000] {dag.py:3823} INFO - Setting next_dagrun for example_short_circuit_operator to 2025-07-10 00:00:00+00:00, run_after=2025-07-11 00:00:00+00:00
[2025-07-11T09:49:00.673+0000] {processor.py:183} INFO - Processing /home/airflow/.local/lib/python3.8/site-packages/airflow/example_dags/example_short_circuit_operator.py took 0.127 seconds
[2025-07-11T09:49:31.105+0000] {processor.py:161} INFO - Started process (PID=1702) to work on /home/airflow/.local/lib/python3.8/site-packages/airflow/example_dags/example_short_circuit_operator.py
[2025-07-11T09:49:31.107+0000] {processor.py:830} INFO - Processing file /home/airflow/.local/lib/python3.8/site-packages/airflow/example_dags/example_short_circuit_operator.py for tasks to queue
[2025-07-11T09:49:31.109+0000] {logging_mixin.py:188} INFO - [2025-07-11T09:49:31.109+0000] {dagbag.py:538} INFO - Filling up the DagBag from /home/airflow/.local/lib/python3.8/site-packages/airflow/example_dags/example_short_circuit_operator.py
[2025-07-11T09:49:31.120+0000] {processor.py:840} INFO - DAG(s) 'example_short_circuit_operator' retrieved from /home/airflow/.local/lib/python3.8/site-packages/airflow/example_dags/example_short_circuit_operator.py
[2025-07-11T09:49:31.156+0000] {logging_mixin.py:188} INFO - [2025-07-11T09:49:31.156+0000] {dag.py:3036} INFO - Sync 1 DAGs
[2025-07-11T09:49:31.195+0000] {logging_mixin.py:188} INFO - [2025-07-11T09:49:31.194+0000] {dag.py:3823} INFO - Setting next_dagrun for example_short_circuit_operator to 2025-07-10 00:00:00+00:00, run_after=2025-07-11 00:00:00+00:00
[2025-07-11T09:49:31.230+0000] {processor.py:183} INFO - Processing /home/airflow/.local/lib/python3.8/site-packages/airflow/example_dags/example_short_circuit_operator.py took 0.130 seconds
[2025-07-11T09:50:02.035+0000] {processor.py:161} INFO - Started process (PID=1757) to work on /home/airflow/.local/lib/python3.8/site-packages/airflow/example_dags/example_short_circuit_operator.py
[2025-07-11T09:50:02.037+0000] {processor.py:830} INFO - Processing file /home/airflow/.local/lib/python3.8/site-packages/airflow/example_dags/example_short_circuit_operator.py for tasks to queue
[2025-07-11T09:50:02.039+0000] {logging_mixin.py:188} INFO - [2025-07-11T09:50:02.039+0000] {dagbag.py:538} INFO - Filling up the DagBag from /home/airflow/.local/lib/python3.8/site-packages/airflow/example_dags/example_short_circuit_operator.py
[2025-07-11T09:50:02.049+0000] {processor.py:840} INFO - DAG(s) 'example_short_circuit_operator' retrieved from /home/airflow/.local/lib/python3.8/site-packages/airflow/example_dags/example_short_circuit_operator.py
[2025-07-11T09:50:02.082+0000] {logging_mixin.py:188} INFO - [2025-07-11T09:50:02.081+0000] {dag.py:3036} INFO - Sync 1 DAGs
[2025-07-11T09:50:02.114+0000] {logging_mixin.py:188} INFO - [2025-07-11T09:50:02.114+0000] {dag.py:3823} INFO - Setting next_dagrun for example_short_circuit_operator to 2025-07-10 00:00:00+00:00, run_after=2025-07-11 00:00:00+00:00
[2025-07-11T09:50:02.145+0000] {processor.py:183} INFO - Processing /home/airflow/.local/lib/python3.8/site-packages/airflow/example_dags/example_short_circuit_operator.py took 0.114 seconds
[2025-07-11T09:50:32.810+0000] {processor.py:161} INFO - Started process (PID=1812) to work on /home/airflow/.local/lib/python3.8/site-packages/airflow/example_dags/example_short_circuit_operator.py
[2025-07-11T09:50:32.812+0000] {processor.py:830} INFO - Processing file /home/airflow/.local/lib/python3.8/site-packages/airflow/example_dags/example_short_circuit_operator.py for tasks to queue
[2025-07-11T09:50:32.814+0000] {logging_mixin.py:188} INFO - [2025-07-11T09:50:32.814+0000] {dagbag.py:538} INFO - Filling up the DagBag from /home/airflow/.local/lib/python3.8/site-packages/airflow/example_dags/example_short_circuit_operator.py
[2025-07-11T09:50:32.825+0000] {processor.py:840} INFO - DAG(s) 'example_short_circuit_operator' retrieved from /home/airflow/.local/lib/python3.8/site-packages/airflow/example_dags/example_short_circuit_operator.py
[2025-07-11T09:50:32.858+0000] {logging_mixin.py:188} INFO - [2025-07-11T09:50:32.858+0000] {dag.py:3036} INFO - Sync 1 DAGs
[2025-07-11T09:50:32.890+0000] {logging_mixin.py:188} INFO - [2025-07-11T09:50:32.889+0000] {dag.py:3823} INFO - Setting next_dagrun for example_short_circuit_operator to 2025-07-10 00:00:00+00:00, run_after=2025-07-11 00:00:00+00:00
[2025-07-11T09:50:32.921+0000] {processor.py:183} INFO - Processing /home/airflow/.local/lib/python3.8/site-packages/airflow/example_dags/example_short_circuit_operator.py took 0.115 seconds
[2025-07-11T09:51:03.383+0000] {processor.py:161} INFO - Started process (PID=1867) to work on /home/airflow/.local/lib/python3.8/site-packages/airflow/example_dags/example_short_circuit_operator.py
[2025-07-11T09:51:03.385+0000] {processor.py:830} INFO - Processing file /home/airflow/.local/lib/python3.8/site-packages/airflow/example_dags/example_short_circuit_operator.py for tasks to queue
[2025-07-11T09:51:03.387+0000] {logging_mixin.py:188} INFO - [2025-07-11T09:51:03.387+0000] {dagbag.py:538} INFO - Filling up the DagBag from /home/airflow/.local/lib/python3.8/site-packages/airflow/example_dags/example_short_circuit_operator.py
[2025-07-11T09:51:03.398+0000] {processor.py:840} INFO - DAG(s) 'example_short_circuit_operator' retrieved from /home/airflow/.local/lib/python3.8/site-packages/airflow/example_dags/example_short_circuit_operator.py
[2025-07-11T09:51:03.434+0000] {logging_mixin.py:188} INFO - [2025-07-11T09:51:03.434+0000] {dag.py:3036} INFO - Sync 1 DAGs
[2025-07-11T09:51:03.467+0000] {logging_mixin.py:188} INFO - [2025-07-11T09:51:03.467+0000] {dag.py:3823} INFO - Setting next_dagrun for example_short_circuit_operator to 2025-07-10 00:00:00+00:00, run_after=2025-07-11 00:00:00+00:00
[2025-07-11T09:51:03.497+0000] {processor.py:183} INFO - Processing /home/airflow/.local/lib/python3.8/site-packages/airflow/example_dags/example_short_circuit_operator.py took 0.118 seconds
[2025-07-11T09:51:34.213+0000] {processor.py:161} INFO - Started process (PID=1922) to work on /home/airflow/.local/lib/python3.8/site-packages/airflow/example_dags/example_short_circuit_operator.py
[2025-07-11T09:51:34.215+0000] {processor.py:830} INFO - Processing file /home/airflow/.local/lib/python3.8/site-packages/airflow/example_dags/example_short_circuit_operator.py for tasks to queue
[2025-07-11T09:51:34.217+0000] {logging_mixin.py:188} INFO - [2025-07-11T09:51:34.217+0000] {dagbag.py:538} INFO - Filling up the DagBag from /home/airflow/.local/lib/python3.8/site-packages/airflow/example_dags/example_short_circuit_operator.py
[2025-07-11T09:51:34.228+0000] {processor.py:840} INFO - DAG(s) 'example_short_circuit_operator' retrieved from /home/airflow/.local/lib/python3.8/site-packages/airflow/example_dags/example_short_circuit_operator.py
[2025-07-11T09:51:34.261+0000] {logging_mixin.py:188} INFO - [2025-07-11T09:51:34.260+0000] {dag.py:3036} INFO - Sync 1 DAGs
[2025-07-11T09:51:34.297+0000] {logging_mixin.py:188} INFO - [2025-07-11T09:51:34.296+0000] {dag.py:3823} INFO - Setting next_dagrun for example_short_circuit_operator to 2025-07-10 00:00:00+00:00, run_after=2025-07-11 00:00:00+00:00
[2025-07-11T09:51:34.333+0000] {processor.py:183} INFO - Processing /home/airflow/.local/lib/python3.8/site-packages/airflow/example_dags/example_short_circuit_operator.py took 0.125 seconds
[2025-07-11T09:52:04.616+0000] {processor.py:161} INFO - Started process (PID=1977) to work on /home/airflow/.local/lib/python3.8/site-packages/airflow/example_dags/example_short_circuit_operator.py
[2025-07-11T09:52:04.618+0000] {processor.py:830} INFO - Processing file /home/airflow/.local/lib/python3.8/site-packages/airflow/example_dags/example_short_circuit_operator.py for tasks to queue
[2025-07-11T09:52:04.620+0000] {logging_mixin.py:188} INFO - [2025-07-11T09:52:04.620+0000] {dagbag.py:538} INFO - Filling up the DagBag from /home/airflow/.local/lib/python3.8/site-packages/airflow/example_dags/example_short_circuit_operator.py
[2025-07-11T09:52:04.633+0000] {processor.py:840} INFO - DAG(s) 'example_short_circuit_operator' retrieved from /home/airflow/.local/lib/python3.8/site-packages/airflow/example_dags/example_short_circuit_operator.py
[2025-07-11T09:52:04.666+0000] {logging_mixin.py:188} INFO - [2025-07-11T09:52:04.665+0000] {dag.py:3036} INFO - Sync 1 DAGs
[2025-07-11T09:52:04.697+0000] {logging_mixin.py:188} INFO - [2025-07-11T09:52:04.696+0000] {dag.py:3823} INFO - Setting next_dagrun for example_short_circuit_operator to 2025-07-10 00:00:00+00:00, run_after=2025-07-11 00:00:00+00:00
[2025-07-11T09:52:04.729+0000] {processor.py:183} INFO - Processing /home/airflow/.local/lib/python3.8/site-packages/airflow/example_dags/example_short_circuit_operator.py took 0.118 seconds
[2025-07-11T09:52:34.897+0000] {processor.py:161} INFO - Started process (PID=2032) to work on /home/airflow/.local/lib/python3.8/site-packages/airflow/example_dags/example_short_circuit_operator.py
[2025-07-11T09:52:34.899+0000] {processor.py:830} INFO - Processing file /home/airflow/.local/lib/python3.8/site-packages/airflow/example_dags/example_short_circuit_operator.py for tasks to queue
[2025-07-11T09:52:34.901+0000] {logging_mixin.py:188} INFO - [2025-07-11T09:52:34.901+0000] {dagbag.py:538} INFO - Filling up the DagBag from /home/airflow/.local/lib/python3.8/site-packages/airflow/example_dags/example_short_circuit_operator.py
[2025-07-11T09:52:34.911+0000] {processor.py:840} INFO - DAG(s) 'example_short_circuit_operator' retrieved from /home/airflow/.local/lib/python3.8/site-packages/airflow/example_dags/example_short_circuit_operator.py
[2025-07-11T09:52:34.945+0000] {logging_mixin.py:188} INFO - [2025-07-11T09:52:34.944+0000] {dag.py:3036} INFO - Sync 1 DAGs
[2025-07-11T09:52:34.979+0000] {logging_mixin.py:188} INFO - [2025-07-11T09:52:34.979+0000] {dag.py:3823} INFO - Setting next_dagrun for example_short_circuit_operator to 2025-07-10 00:00:00+00:00, run_after=2025-07-11 00:00:00+00:00
[2025-07-11T09:52:35.013+0000] {processor.py:183} INFO - Processing /home/airflow/.local/lib/python3.8/site-packages/airflow/example_dags/example_short_circuit_operator.py took 0.121 seconds
[2025-07-11T09:53:05.512+0000] {processor.py:161} INFO - Started process (PID=2087) to work on /home/airflow/.local/lib/python3.8/site-packages/airflow/example_dags/example_short_circuit_operator.py
[2025-07-11T09:53:05.513+0000] {processor.py:830} INFO - Processing file /home/airflow/.local/lib/python3.8/site-packages/airflow/example_dags/example_short_circuit_operator.py for tasks to queue
[2025-07-11T09:53:05.515+0000] {logging_mixin.py:188} INFO - [2025-07-11T09:53:05.515+0000] {dagbag.py:538} INFO - Filling up the DagBag from /home/airflow/.local/lib/python3.8/site-packages/airflow/example_dags/example_short_circuit_operator.py
[2025-07-11T09:53:05.526+0000] {processor.py:840} INFO - DAG(s) 'example_short_circuit_operator' retrieved from /home/airflow/.local/lib/python3.8/site-packages/airflow/example_dags/example_short_circuit_operator.py
[2025-07-11T09:53:05.559+0000] {logging_mixin.py:188} INFO - [2025-07-11T09:53:05.559+0000] {dag.py:3036} INFO - Sync 1 DAGs
[2025-07-11T09:53:05.590+0000] {logging_mixin.py:188} INFO - [2025-07-11T09:53:05.589+0000] {dag.py:3823} INFO - Setting next_dagrun for example_short_circuit_operator to 2025-07-10 00:00:00+00:00, run_after=2025-07-11 00:00:00+00:00
[2025-07-11T09:53:05.617+0000] {processor.py:183} INFO - Processing /home/airflow/.local/lib/python3.8/site-packages/airflow/example_dags/example_short_circuit_operator.py took 0.110 seconds
[2025-07-11T09:53:35.930+0000] {processor.py:161} INFO - Started process (PID=2142) to work on /home/airflow/.local/lib/python3.8/site-packages/airflow/example_dags/example_short_circuit_operator.py
[2025-07-11T09:53:35.932+0000] {processor.py:830} INFO - Processing file /home/airflow/.local/lib/python3.8/site-packages/airflow/example_dags/example_short_circuit_operator.py for tasks to queue
[2025-07-11T09:53:35.937+0000] {logging_mixin.py:188} INFO - [2025-07-11T09:53:35.937+0000] {dagbag.py:538} INFO - Filling up the DagBag from /home/airflow/.local/lib/python3.8/site-packages/airflow/example_dags/example_short_circuit_operator.py
[2025-07-11T09:53:35.950+0000] {processor.py:840} INFO - DAG(s) 'example_short_circuit_operator' retrieved from /home/airflow/.local/lib/python3.8/site-packages/airflow/example_dags/example_short_circuit_operator.py
[2025-07-11T09:53:35.991+0000] {logging_mixin.py:188} INFO - [2025-07-11T09:53:35.990+0000] {dag.py:3036} INFO - Sync 1 DAGs
[2025-07-11T09:53:36.022+0000] {logging_mixin.py:188} INFO - [2025-07-11T09:53:36.022+0000] {dag.py:3823} INFO - Setting next_dagrun for example_short_circuit_operator to 2025-07-10 00:00:00+00:00, run_after=2025-07-11 00:00:00+00:00
[2025-07-11T09:53:36.054+0000] {processor.py:183} INFO - Processing /home/airflow/.local/lib/python3.8/site-packages/airflow/example_dags/example_short_circuit_operator.py took 0.130 seconds
[2025-07-11T09:54:06.522+0000] {processor.py:161} INFO - Started process (PID=2195) to work on /home/airflow/.local/lib/python3.8/site-packages/airflow/example_dags/example_short_circuit_operator.py
[2025-07-11T09:54:06.524+0000] {processor.py:830} INFO - Processing file /home/airflow/.local/lib/python3.8/site-packages/airflow/example_dags/example_short_circuit_operator.py for tasks to queue
[2025-07-11T09:54:06.526+0000] {logging_mixin.py:188} INFO - [2025-07-11T09:54:06.526+0000] {dagbag.py:538} INFO - Filling up the DagBag from /home/airflow/.local/lib/python3.8/site-packages/airflow/example_dags/example_short_circuit_operator.py
[2025-07-11T09:54:06.539+0000] {processor.py:840} INFO - DAG(s) 'example_short_circuit_operator' retrieved from /home/airflow/.local/lib/python3.8/site-packages/airflow/example_dags/example_short_circuit_operator.py
[2025-07-11T09:54:06.572+0000] {logging_mixin.py:188} INFO - [2025-07-11T09:54:06.572+0000] {dag.py:3036} INFO - Sync 1 DAGs
[2025-07-11T09:54:06.603+0000] {logging_mixin.py:188} INFO - [2025-07-11T09:54:06.603+0000] {dag.py:3823} INFO - Setting next_dagrun for example_short_circuit_operator to 2025-07-10 00:00:00+00:00, run_after=2025-07-11 00:00:00+00:00
[2025-07-11T09:54:06.636+0000] {processor.py:183} INFO - Processing /home/airflow/.local/lib/python3.8/site-packages/airflow/example_dags/example_short_circuit_operator.py took 0.118 seconds
[2025-07-11T09:54:37.839+0000] {processor.py:161} INFO - Started process (PID=2250) to work on /home/airflow/.local/lib/python3.8/site-packages/airflow/example_dags/example_short_circuit_operator.py
[2025-07-11T09:54:37.841+0000] {processor.py:830} INFO - Processing file /home/airflow/.local/lib/python3.8/site-packages/airflow/example_dags/example_short_circuit_operator.py for tasks to queue
[2025-07-11T09:54:37.844+0000] {logging_mixin.py:188} INFO - [2025-07-11T09:54:37.843+0000] {dagbag.py:538} INFO - Filling up the DagBag from /home/airflow/.local/lib/python3.8/site-packages/airflow/example_dags/example_short_circuit_operator.py
[2025-07-11T09:54:37.857+0000] {processor.py:840} INFO - DAG(s) 'example_short_circuit_operator' retrieved from /home/airflow/.local/lib/python3.8/site-packages/airflow/example_dags/example_short_circuit_operator.py
[2025-07-11T09:54:37.898+0000] {logging_mixin.py:188} INFO - [2025-07-11T09:54:37.897+0000] {dag.py:3036} INFO - Sync 1 DAGs
[2025-07-11T09:54:37.931+0000] {logging_mixin.py:188} INFO - [2025-07-11T09:54:37.931+0000] {dag.py:3823} INFO - Setting next_dagrun for example_short_circuit_operator to 2025-07-10 00:00:00+00:00, run_after=2025-07-11 00:00:00+00:00
[2025-07-11T09:54:37.967+0000] {processor.py:183} INFO - Processing /home/airflow/.local/lib/python3.8/site-packages/airflow/example_dags/example_short_circuit_operator.py took 0.133 seconds
