[2025-07-11T09:24:57.730+0000] {processor.py:161} INFO - Started process (PID=100) to work on /home/airflow/.local/lib/python3.8/site-packages/airflow/example_dags/example_params_ui_tutorial.py
[2025-07-11T09:24:57.731+0000] {processor.py:830} INFO - Processing file /home/airflow/.local/lib/python3.8/site-packages/airflow/example_dags/example_params_ui_tutorial.py for tasks to queue
[2025-07-11T09:24:57.733+0000] {logging_mixin.py:188} INFO - [2025-07-11T09:24:57.733+0000] {dagbag.py:538} INFO - Filling up the DagBag from /home/airflow/.local/lib/python3.8/site-packages/airflow/example_dags/example_params_ui_tutorial.py
[2025-07-11T09:24:57.757+0000] {processor.py:840} INFO - DAG(s) 'example_params_ui_tutorial' retrieved from /home/airflow/.local/lib/python3.8/site-packages/airflow/example_dags/example_params_ui_tutorial.py
[2025-07-11T09:24:58.017+0000] {logging_mixin.py:188} INFO - [2025-07-11T09:24:58.015+0000] {override.py:1769} INFO - Created Permission View: can edit on DAG:example_params_ui_tutorial
[2025-07-11T09:24:58.039+0000] {logging_mixin.py:188} INFO - [2025-07-11T09:24:58.039+0000] {override.py:1769} INFO - Created Permission View: can delete on DAG:example_params_ui_tutorial
[2025-07-11T09:24:58.055+0000] {logging_mixin.py:188} INFO - [2025-07-11T09:24:58.054+0000] {override.py:1769} INFO - Created Permission View: can read on DAG:example_params_ui_tutorial
[2025-07-11T09:24:58.056+0000] {logging_mixin.py:188} INFO - [2025-07-11T09:24:58.055+0000] {dag.py:3036} INFO - Sync 1 DAGs
[2025-07-11T09:24:58.081+0000] {logging_mixin.py:188} INFO - [2025-07-11T09:24:58.080+0000] {dag.py:3058} INFO - Creating ORM DAG for example_params_ui_tutorial
[2025-07-11T09:24:58.081+0000] {logging_mixin.py:188} INFO - [2025-07-11T09:24:58.081+0000] {dag.py:3823} INFO - Setting next_dagrun for example_params_ui_tutorial to None, run_after=None
[2025-07-11T09:24:58.112+0000] {processor.py:183} INFO - Processing /home/airflow/.local/lib/python3.8/site-packages/airflow/example_dags/example_params_ui_tutorial.py took 0.387 seconds
[2025-07-11T09:25:28.503+0000] {processor.py:161} INFO - Started process (PID=155) to work on /home/airflow/.local/lib/python3.8/site-packages/airflow/example_dags/example_params_ui_tutorial.py
[2025-07-11T09:25:28.505+0000] {processor.py:830} INFO - Processing file /home/airflow/.local/lib/python3.8/site-packages/airflow/example_dags/example_params_ui_tutorial.py for tasks to queue
[2025-07-11T09:25:28.508+0000] {logging_mixin.py:188} INFO - [2025-07-11T09:25:28.507+0000] {dagbag.py:538} INFO - Filling up the DagBag from /home/airflow/.local/lib/python3.8/site-packages/airflow/example_dags/example_params_ui_tutorial.py
[2025-07-11T09:25:28.523+0000] {processor.py:840} INFO - DAG(s) 'example_params_ui_tutorial' retrieved from /home/airflow/.local/lib/python3.8/site-packages/airflow/example_dags/example_params_ui_tutorial.py
[2025-07-11T09:25:28.613+0000] {logging_mixin.py:188} INFO - [2025-07-11T09:25:28.613+0000] {dag.py:3036} INFO - Sync 1 DAGs
[2025-07-11T09:25:28.631+0000] {logging_mixin.py:188} INFO - [2025-07-11T09:25:28.631+0000] {dag.py:3823} INFO - Setting next_dagrun for example_params_ui_tutorial to None, run_after=None
[2025-07-11T09:25:28.664+0000] {processor.py:183} INFO - Processing /home/airflow/.local/lib/python3.8/site-packages/airflow/example_dags/example_params_ui_tutorial.py took 0.166 seconds
[2025-07-11T09:25:58.828+0000] {processor.py:161} INFO - Started process (PID=210) to work on /home/airflow/.local/lib/python3.8/site-packages/airflow/example_dags/example_params_ui_tutorial.py
[2025-07-11T09:25:58.830+0000] {processor.py:830} INFO - Processing file /home/airflow/.local/lib/python3.8/site-packages/airflow/example_dags/example_params_ui_tutorial.py for tasks to queue
[2025-07-11T09:25:58.833+0000] {logging_mixin.py:188} INFO - [2025-07-11T09:25:58.832+0000] {dagbag.py:538} INFO - Filling up the DagBag from /home/airflow/.local/lib/python3.8/site-packages/airflow/example_dags/example_params_ui_tutorial.py
[2025-07-11T09:25:58.849+0000] {processor.py:840} INFO - DAG(s) 'example_params_ui_tutorial' retrieved from /home/airflow/.local/lib/python3.8/site-packages/airflow/example_dags/example_params_ui_tutorial.py
[2025-07-11T09:25:58.933+0000] {logging_mixin.py:188} INFO - [2025-07-11T09:25:58.933+0000] {dag.py:3036} INFO - Sync 1 DAGs
[2025-07-11T09:25:58.952+0000] {logging_mixin.py:188} INFO - [2025-07-11T09:25:58.952+0000] {dag.py:3823} INFO - Setting next_dagrun for example_params_ui_tutorial to None, run_after=None
[2025-07-11T09:25:58.983+0000] {processor.py:183} INFO - Processing /home/airflow/.local/lib/python3.8/site-packages/airflow/example_dags/example_params_ui_tutorial.py took 0.159 seconds
[2025-07-11T09:26:29.226+0000] {processor.py:161} INFO - Started process (PID=265) to work on /home/airflow/.local/lib/python3.8/site-packages/airflow/example_dags/example_params_ui_tutorial.py
[2025-07-11T09:26:29.228+0000] {processor.py:830} INFO - Processing file /home/airflow/.local/lib/python3.8/site-packages/airflow/example_dags/example_params_ui_tutorial.py for tasks to queue
[2025-07-11T09:26:29.230+0000] {logging_mixin.py:188} INFO - [2025-07-11T09:26:29.230+0000] {dagbag.py:538} INFO - Filling up the DagBag from /home/airflow/.local/lib/python3.8/site-packages/airflow/example_dags/example_params_ui_tutorial.py
[2025-07-11T09:26:29.249+0000] {processor.py:840} INFO - DAG(s) 'example_params_ui_tutorial' retrieved from /home/airflow/.local/lib/python3.8/site-packages/airflow/example_dags/example_params_ui_tutorial.py
[2025-07-11T09:26:29.352+0000] {logging_mixin.py:188} INFO - [2025-07-11T09:26:29.352+0000] {dag.py:3036} INFO - Sync 1 DAGs
[2025-07-11T09:26:29.371+0000] {logging_mixin.py:188} INFO - [2025-07-11T09:26:29.370+0000] {dag.py:3823} INFO - Setting next_dagrun for example_params_ui_tutorial to None, run_after=None
[2025-07-11T09:26:29.405+0000] {processor.py:183} INFO - Processing /home/airflow/.local/lib/python3.8/site-packages/airflow/example_dags/example_params_ui_tutorial.py took 0.184 seconds
[2025-07-11T09:26:59.501+0000] {processor.py:161} INFO - Started process (PID=320) to work on /home/airflow/.local/lib/python3.8/site-packages/airflow/example_dags/example_params_ui_tutorial.py
[2025-07-11T09:26:59.503+0000] {processor.py:830} INFO - Processing file /home/airflow/.local/lib/python3.8/site-packages/airflow/example_dags/example_params_ui_tutorial.py for tasks to queue
[2025-07-11T09:26:59.505+0000] {logging_mixin.py:188} INFO - [2025-07-11T09:26:59.505+0000] {dagbag.py:538} INFO - Filling up the DagBag from /home/airflow/.local/lib/python3.8/site-packages/airflow/example_dags/example_params_ui_tutorial.py
[2025-07-11T09:26:59.521+0000] {processor.py:840} INFO - DAG(s) 'example_params_ui_tutorial' retrieved from /home/airflow/.local/lib/python3.8/site-packages/airflow/example_dags/example_params_ui_tutorial.py
[2025-07-11T09:26:59.619+0000] {logging_mixin.py:188} INFO - [2025-07-11T09:26:59.619+0000] {dag.py:3036} INFO - Sync 1 DAGs
[2025-07-11T09:26:59.648+0000] {logging_mixin.py:188} INFO - [2025-07-11T09:26:59.647+0000] {dag.py:3823} INFO - Setting next_dagrun for example_params_ui_tutorial to None, run_after=None
[2025-07-11T09:26:59.695+0000] {processor.py:183} INFO - Processing /home/airflow/.local/lib/python3.8/site-packages/airflow/example_dags/example_params_ui_tutorial.py took 0.199 seconds
[2025-07-11T09:28:25.233+0000] {processor.py:161} INFO - Started process (PID=101) to work on /home/airflow/.local/lib/python3.8/site-packages/airflow/example_dags/example_params_ui_tutorial.py
[2025-07-11T09:28:25.235+0000] {processor.py:830} INFO - Processing file /home/airflow/.local/lib/python3.8/site-packages/airflow/example_dags/example_params_ui_tutorial.py for tasks to queue
[2025-07-11T09:28:25.237+0000] {logging_mixin.py:188} INFO - [2025-07-11T09:28:25.236+0000] {dagbag.py:538} INFO - Filling up the DagBag from /home/airflow/.local/lib/python3.8/site-packages/airflow/example_dags/example_params_ui_tutorial.py
[2025-07-11T09:28:25.254+0000] {processor.py:840} INFO - DAG(s) 'example_params_ui_tutorial' retrieved from /home/airflow/.local/lib/python3.8/site-packages/airflow/example_dags/example_params_ui_tutorial.py
[2025-07-11T09:28:25.500+0000] {logging_mixin.py:188} INFO - [2025-07-11T09:28:25.499+0000] {override.py:1769} INFO - Created Permission View: can read on DAG:example_params_ui_tutorial
[2025-07-11T09:28:25.519+0000] {logging_mixin.py:188} INFO - [2025-07-11T09:28:25.519+0000] {override.py:1769} INFO - Created Permission View: can delete on DAG:example_params_ui_tutorial
[2025-07-11T09:28:25.535+0000] {logging_mixin.py:188} INFO - [2025-07-11T09:28:25.535+0000] {override.py:1769} INFO - Created Permission View: can edit on DAG:example_params_ui_tutorial
[2025-07-11T09:28:25.536+0000] {logging_mixin.py:188} INFO - [2025-07-11T09:28:25.536+0000] {dag.py:3036} INFO - Sync 1 DAGs
[2025-07-11T09:28:25.550+0000] {logging_mixin.py:188} INFO - [2025-07-11T09:28:25.550+0000] {dag.py:3058} INFO - Creating ORM DAG for example_params_ui_tutorial
[2025-07-11T09:28:25.551+0000] {logging_mixin.py:188} INFO - [2025-07-11T09:28:25.551+0000] {dag.py:3823} INFO - Setting next_dagrun for example_params_ui_tutorial to None, run_after=None
[2025-07-11T09:28:25.581+0000] {processor.py:183} INFO - Processing /home/airflow/.local/lib/python3.8/site-packages/airflow/example_dags/example_params_ui_tutorial.py took 0.353 seconds
[2025-07-11T09:28:56.140+0000] {processor.py:161} INFO - Started process (PID=156) to work on /home/airflow/.local/lib/python3.8/site-packages/airflow/example_dags/example_params_ui_tutorial.py
[2025-07-11T09:28:56.141+0000] {processor.py:830} INFO - Processing file /home/airflow/.local/lib/python3.8/site-packages/airflow/example_dags/example_params_ui_tutorial.py for tasks to queue
[2025-07-11T09:28:56.144+0000] {logging_mixin.py:188} INFO - [2025-07-11T09:28:56.143+0000] {dagbag.py:538} INFO - Filling up the DagBag from /home/airflow/.local/lib/python3.8/site-packages/airflow/example_dags/example_params_ui_tutorial.py
[2025-07-11T09:28:56.164+0000] {processor.py:840} INFO - DAG(s) 'example_params_ui_tutorial' retrieved from /home/airflow/.local/lib/python3.8/site-packages/airflow/example_dags/example_params_ui_tutorial.py
[2025-07-11T09:28:56.278+0000] {logging_mixin.py:188} INFO - [2025-07-11T09:28:56.277+0000] {dag.py:3036} INFO - Sync 1 DAGs
[2025-07-11T09:28:56.303+0000] {logging_mixin.py:188} INFO - [2025-07-11T09:28:56.303+0000] {dag.py:3823} INFO - Setting next_dagrun for example_params_ui_tutorial to None, run_after=None
[2025-07-11T09:28:56.347+0000] {processor.py:183} INFO - Processing /home/airflow/.local/lib/python3.8/site-packages/airflow/example_dags/example_params_ui_tutorial.py took 0.212 seconds
[2025-07-11T09:29:26.532+0000] {processor.py:161} INFO - Started process (PID=211) to work on /home/airflow/.local/lib/python3.8/site-packages/airflow/example_dags/example_params_ui_tutorial.py
[2025-07-11T09:29:26.534+0000] {processor.py:830} INFO - Processing file /home/airflow/.local/lib/python3.8/site-packages/airflow/example_dags/example_params_ui_tutorial.py for tasks to queue
[2025-07-11T09:29:26.536+0000] {logging_mixin.py:188} INFO - [2025-07-11T09:29:26.536+0000] {dagbag.py:538} INFO - Filling up the DagBag from /home/airflow/.local/lib/python3.8/site-packages/airflow/example_dags/example_params_ui_tutorial.py
[2025-07-11T09:29:26.552+0000] {processor.py:840} INFO - DAG(s) 'example_params_ui_tutorial' retrieved from /home/airflow/.local/lib/python3.8/site-packages/airflow/example_dags/example_params_ui_tutorial.py
[2025-07-11T09:29:26.652+0000] {logging_mixin.py:188} INFO - [2025-07-11T09:29:26.651+0000] {dag.py:3036} INFO - Sync 1 DAGs
[2025-07-11T09:29:26.674+0000] {logging_mixin.py:188} INFO - [2025-07-11T09:29:26.674+0000] {dag.py:3823} INFO - Setting next_dagrun for example_params_ui_tutorial to None, run_after=None
[2025-07-11T09:29:26.711+0000] {processor.py:183} INFO - Processing /home/airflow/.local/lib/python3.8/site-packages/airflow/example_dags/example_params_ui_tutorial.py took 0.184 seconds
[2025-07-11T09:29:56.806+0000] {processor.py:161} INFO - Started process (PID=266) to work on /home/airflow/.local/lib/python3.8/site-packages/airflow/example_dags/example_params_ui_tutorial.py
[2025-07-11T09:29:56.808+0000] {processor.py:830} INFO - Processing file /home/airflow/.local/lib/python3.8/site-packages/airflow/example_dags/example_params_ui_tutorial.py for tasks to queue
[2025-07-11T09:29:56.810+0000] {logging_mixin.py:188} INFO - [2025-07-11T09:29:56.810+0000] {dagbag.py:538} INFO - Filling up the DagBag from /home/airflow/.local/lib/python3.8/site-packages/airflow/example_dags/example_params_ui_tutorial.py
[2025-07-11T09:29:56.826+0000] {processor.py:840} INFO - DAG(s) 'example_params_ui_tutorial' retrieved from /home/airflow/.local/lib/python3.8/site-packages/airflow/example_dags/example_params_ui_tutorial.py
[2025-07-11T09:29:56.911+0000] {logging_mixin.py:188} INFO - [2025-07-11T09:29:56.911+0000] {dag.py:3036} INFO - Sync 1 DAGs
[2025-07-11T09:29:56.929+0000] {logging_mixin.py:188} INFO - [2025-07-11T09:29:56.928+0000] {dag.py:3823} INFO - Setting next_dagrun for example_params_ui_tutorial to None, run_after=None
[2025-07-11T09:29:56.962+0000] {processor.py:183} INFO - Processing /home/airflow/.local/lib/python3.8/site-packages/airflow/example_dags/example_params_ui_tutorial.py took 0.161 seconds
[2025-07-11T09:30:27.482+0000] {processor.py:161} INFO - Started process (PID=321) to work on /home/airflow/.local/lib/python3.8/site-packages/airflow/example_dags/example_params_ui_tutorial.py
[2025-07-11T09:30:27.485+0000] {processor.py:830} INFO - Processing file /home/airflow/.local/lib/python3.8/site-packages/airflow/example_dags/example_params_ui_tutorial.py for tasks to queue
[2025-07-11T09:30:27.487+0000] {logging_mixin.py:188} INFO - [2025-07-11T09:30:27.487+0000] {dagbag.py:538} INFO - Filling up the DagBag from /home/airflow/.local/lib/python3.8/site-packages/airflow/example_dags/example_params_ui_tutorial.py
[2025-07-11T09:30:27.505+0000] {processor.py:840} INFO - DAG(s) 'example_params_ui_tutorial' retrieved from /home/airflow/.local/lib/python3.8/site-packages/airflow/example_dags/example_params_ui_tutorial.py
[2025-07-11T09:30:27.591+0000] {logging_mixin.py:188} INFO - [2025-07-11T09:30:27.591+0000] {dag.py:3036} INFO - Sync 1 DAGs
[2025-07-11T09:30:27.609+0000] {logging_mixin.py:188} INFO - [2025-07-11T09:30:27.609+0000] {dag.py:3823} INFO - Setting next_dagrun for example_params_ui_tutorial to None, run_after=None
[2025-07-11T09:30:27.643+0000] {processor.py:183} INFO - Processing /home/airflow/.local/lib/python3.8/site-packages/airflow/example_dags/example_params_ui_tutorial.py took 0.165 seconds
[2025-07-11T09:30:58.159+0000] {processor.py:161} INFO - Started process (PID=376) to work on /home/airflow/.local/lib/python3.8/site-packages/airflow/example_dags/example_params_ui_tutorial.py
[2025-07-11T09:30:58.161+0000] {processor.py:830} INFO - Processing file /home/airflow/.local/lib/python3.8/site-packages/airflow/example_dags/example_params_ui_tutorial.py for tasks to queue
[2025-07-11T09:30:58.163+0000] {logging_mixin.py:188} INFO - [2025-07-11T09:30:58.163+0000] {dagbag.py:538} INFO - Filling up the DagBag from /home/airflow/.local/lib/python3.8/site-packages/airflow/example_dags/example_params_ui_tutorial.py
[2025-07-11T09:30:58.187+0000] {processor.py:840} INFO - DAG(s) 'example_params_ui_tutorial' retrieved from /home/airflow/.local/lib/python3.8/site-packages/airflow/example_dags/example_params_ui_tutorial.py
[2025-07-11T09:30:58.282+0000] {logging_mixin.py:188} INFO - [2025-07-11T09:30:58.281+0000] {dag.py:3036} INFO - Sync 1 DAGs
[2025-07-11T09:30:58.300+0000] {logging_mixin.py:188} INFO - [2025-07-11T09:30:58.300+0000] {dag.py:3823} INFO - Setting next_dagrun for example_params_ui_tutorial to None, run_after=None
[2025-07-11T09:30:58.328+0000] {processor.py:183} INFO - Processing /home/airflow/.local/lib/python3.8/site-packages/airflow/example_dags/example_params_ui_tutorial.py took 0.174 seconds
[2025-07-11T09:31:28.404+0000] {processor.py:161} INFO - Started process (PID=431) to work on /home/airflow/.local/lib/python3.8/site-packages/airflow/example_dags/example_params_ui_tutorial.py
[2025-07-11T09:31:28.406+0000] {processor.py:830} INFO - Processing file /home/airflow/.local/lib/python3.8/site-packages/airflow/example_dags/example_params_ui_tutorial.py for tasks to queue
[2025-07-11T09:31:28.408+0000] {logging_mixin.py:188} INFO - [2025-07-11T09:31:28.408+0000] {dagbag.py:538} INFO - Filling up the DagBag from /home/airflow/.local/lib/python3.8/site-packages/airflow/example_dags/example_params_ui_tutorial.py
[2025-07-11T09:31:28.425+0000] {processor.py:840} INFO - DAG(s) 'example_params_ui_tutorial' retrieved from /home/airflow/.local/lib/python3.8/site-packages/airflow/example_dags/example_params_ui_tutorial.py
[2025-07-11T09:31:28.511+0000] {logging_mixin.py:188} INFO - [2025-07-11T09:31:28.510+0000] {dag.py:3036} INFO - Sync 1 DAGs
[2025-07-11T09:31:28.528+0000] {logging_mixin.py:188} INFO - [2025-07-11T09:31:28.527+0000] {dag.py:3823} INFO - Setting next_dagrun for example_params_ui_tutorial to None, run_after=None
[2025-07-11T09:31:28.559+0000] {processor.py:183} INFO - Processing /home/airflow/.local/lib/python3.8/site-packages/airflow/example_dags/example_params_ui_tutorial.py took 0.159 seconds
[2025-07-11T09:31:58.661+0000] {processor.py:161} INFO - Started process (PID=486) to work on /home/airflow/.local/lib/python3.8/site-packages/airflow/example_dags/example_params_ui_tutorial.py
[2025-07-11T09:31:58.663+0000] {processor.py:830} INFO - Processing file /home/airflow/.local/lib/python3.8/site-packages/airflow/example_dags/example_params_ui_tutorial.py for tasks to queue
[2025-07-11T09:31:58.667+0000] {logging_mixin.py:188} INFO - [2025-07-11T09:31:58.666+0000] {dagbag.py:538} INFO - Filling up the DagBag from /home/airflow/.local/lib/python3.8/site-packages/airflow/example_dags/example_params_ui_tutorial.py
[2025-07-11T09:31:58.688+0000] {processor.py:840} INFO - DAG(s) 'example_params_ui_tutorial' retrieved from /home/airflow/.local/lib/python3.8/site-packages/airflow/example_dags/example_params_ui_tutorial.py
[2025-07-11T09:31:58.795+0000] {logging_mixin.py:188} INFO - [2025-07-11T09:31:58.795+0000] {dag.py:3036} INFO - Sync 1 DAGs
[2025-07-11T09:31:58.819+0000] {logging_mixin.py:188} INFO - [2025-07-11T09:31:58.818+0000] {dag.py:3823} INFO - Setting next_dagrun for example_params_ui_tutorial to None, run_after=None
[2025-07-11T09:31:58.850+0000] {processor.py:183} INFO - Processing /home/airflow/.local/lib/python3.8/site-packages/airflow/example_dags/example_params_ui_tutorial.py took 0.194 seconds
[2025-07-11T09:32:29.152+0000] {processor.py:161} INFO - Started process (PID=541) to work on /home/airflow/.local/lib/python3.8/site-packages/airflow/example_dags/example_params_ui_tutorial.py
[2025-07-11T09:32:29.154+0000] {processor.py:830} INFO - Processing file /home/airflow/.local/lib/python3.8/site-packages/airflow/example_dags/example_params_ui_tutorial.py for tasks to queue
[2025-07-11T09:32:29.157+0000] {logging_mixin.py:188} INFO - [2025-07-11T09:32:29.156+0000] {dagbag.py:538} INFO - Filling up the DagBag from /home/airflow/.local/lib/python3.8/site-packages/airflow/example_dags/example_params_ui_tutorial.py
[2025-07-11T09:32:29.174+0000] {processor.py:840} INFO - DAG(s) 'example_params_ui_tutorial' retrieved from /home/airflow/.local/lib/python3.8/site-packages/airflow/example_dags/example_params_ui_tutorial.py
[2025-07-11T09:32:29.262+0000] {logging_mixin.py:188} INFO - [2025-07-11T09:32:29.261+0000] {dag.py:3036} INFO - Sync 1 DAGs
[2025-07-11T09:32:29.280+0000] {logging_mixin.py:188} INFO - [2025-07-11T09:32:29.279+0000] {dag.py:3823} INFO - Setting next_dagrun for example_params_ui_tutorial to None, run_after=None
[2025-07-11T09:32:29.313+0000] {processor.py:183} INFO - Processing /home/airflow/.local/lib/python3.8/site-packages/airflow/example_dags/example_params_ui_tutorial.py took 0.165 seconds
[2025-07-11T09:33:00.428+0000] {processor.py:161} INFO - Started process (PID=596) to work on /home/airflow/.local/lib/python3.8/site-packages/airflow/example_dags/example_params_ui_tutorial.py
[2025-07-11T09:33:00.437+0000] {processor.py:830} INFO - Processing file /home/airflow/.local/lib/python3.8/site-packages/airflow/example_dags/example_params_ui_tutorial.py for tasks to queue
[2025-07-11T09:33:00.441+0000] {logging_mixin.py:188} INFO - [2025-07-11T09:33:00.440+0000] {dagbag.py:538} INFO - Filling up the DagBag from /home/airflow/.local/lib/python3.8/site-packages/airflow/example_dags/example_params_ui_tutorial.py
[2025-07-11T09:33:00.474+0000] {processor.py:840} INFO - DAG(s) 'example_params_ui_tutorial' retrieved from /home/airflow/.local/lib/python3.8/site-packages/airflow/example_dags/example_params_ui_tutorial.py
[2025-07-11T09:33:00.611+0000] {logging_mixin.py:188} INFO - [2025-07-11T09:33:00.611+0000] {dag.py:3036} INFO - Sync 1 DAGs
[2025-07-11T09:33:00.635+0000] {logging_mixin.py:188} INFO - [2025-07-11T09:33:00.635+0000] {dag.py:3823} INFO - Setting next_dagrun for example_params_ui_tutorial to None, run_after=None
[2025-07-11T09:33:00.672+0000] {processor.py:183} INFO - Processing /home/airflow/.local/lib/python3.8/site-packages/airflow/example_dags/example_params_ui_tutorial.py took 0.261 seconds
[2025-07-11T09:33:30.802+0000] {processor.py:161} INFO - Started process (PID=651) to work on /home/airflow/.local/lib/python3.8/site-packages/airflow/example_dags/example_params_ui_tutorial.py
[2025-07-11T09:33:30.804+0000] {processor.py:830} INFO - Processing file /home/airflow/.local/lib/python3.8/site-packages/airflow/example_dags/example_params_ui_tutorial.py for tasks to queue
[2025-07-11T09:33:30.807+0000] {logging_mixin.py:188} INFO - [2025-07-11T09:33:30.806+0000] {dagbag.py:538} INFO - Filling up the DagBag from /home/airflow/.local/lib/python3.8/site-packages/airflow/example_dags/example_params_ui_tutorial.py
[2025-07-11T09:33:30.824+0000] {processor.py:840} INFO - DAG(s) 'example_params_ui_tutorial' retrieved from /home/airflow/.local/lib/python3.8/site-packages/airflow/example_dags/example_params_ui_tutorial.py
[2025-07-11T09:33:30.915+0000] {logging_mixin.py:188} INFO - [2025-07-11T09:33:30.914+0000] {dag.py:3036} INFO - Sync 1 DAGs
[2025-07-11T09:33:30.934+0000] {logging_mixin.py:188} INFO - [2025-07-11T09:33:30.934+0000] {dag.py:3823} INFO - Setting next_dagrun for example_params_ui_tutorial to None, run_after=None
[2025-07-11T09:33:30.966+0000] {processor.py:183} INFO - Processing /home/airflow/.local/lib/python3.8/site-packages/airflow/example_dags/example_params_ui_tutorial.py took 0.168 seconds
[2025-07-11T09:34:46.810+0000] {processor.py:161} INFO - Started process (PID=102) to work on /home/airflow/.local/lib/python3.8/site-packages/airflow/example_dags/example_params_ui_tutorial.py
[2025-07-11T09:34:46.812+0000] {processor.py:830} INFO - Processing file /home/airflow/.local/lib/python3.8/site-packages/airflow/example_dags/example_params_ui_tutorial.py for tasks to queue
[2025-07-11T09:34:46.815+0000] {logging_mixin.py:188} INFO - [2025-07-11T09:34:46.814+0000] {dagbag.py:538} INFO - Filling up the DagBag from /home/airflow/.local/lib/python3.8/site-packages/airflow/example_dags/example_params_ui_tutorial.py
[2025-07-11T09:34:46.835+0000] {processor.py:840} INFO - DAG(s) 'example_params_ui_tutorial' retrieved from /home/airflow/.local/lib/python3.8/site-packages/airflow/example_dags/example_params_ui_tutorial.py
[2025-07-11T09:34:47.112+0000] {logging_mixin.py:188} INFO - [2025-07-11T09:34:47.110+0000] {override.py:1769} INFO - Created Permission View: can edit on DAG:example_params_ui_tutorial
[2025-07-11T09:34:47.140+0000] {logging_mixin.py:188} INFO - [2025-07-11T09:34:47.140+0000] {override.py:1769} INFO - Created Permission View: can delete on DAG:example_params_ui_tutorial
[2025-07-11T09:34:47.160+0000] {logging_mixin.py:188} INFO - [2025-07-11T09:34:47.159+0000] {override.py:1769} INFO - Created Permission View: can read on DAG:example_params_ui_tutorial
[2025-07-11T09:34:47.160+0000] {logging_mixin.py:188} INFO - [2025-07-11T09:34:47.160+0000] {dag.py:3036} INFO - Sync 1 DAGs
[2025-07-11T09:34:47.182+0000] {logging_mixin.py:188} INFO - [2025-07-11T09:34:47.182+0000] {dag.py:3058} INFO - Creating ORM DAG for example_params_ui_tutorial
[2025-07-11T09:34:47.183+0000] {logging_mixin.py:188} INFO - [2025-07-11T09:34:47.183+0000] {dag.py:3823} INFO - Setting next_dagrun for example_params_ui_tutorial to None, run_after=None
[2025-07-11T09:34:47.222+0000] {processor.py:183} INFO - Processing /home/airflow/.local/lib/python3.8/site-packages/airflow/example_dags/example_params_ui_tutorial.py took 0.419 seconds
[2025-07-11T09:35:18.095+0000] {processor.py:161} INFO - Started process (PID=157) to work on /home/airflow/.local/lib/python3.8/site-packages/airflow/example_dags/example_params_ui_tutorial.py
[2025-07-11T09:35:18.096+0000] {processor.py:830} INFO - Processing file /home/airflow/.local/lib/python3.8/site-packages/airflow/example_dags/example_params_ui_tutorial.py for tasks to queue
[2025-07-11T09:35:18.101+0000] {logging_mixin.py:188} INFO - [2025-07-11T09:35:18.100+0000] {dagbag.py:538} INFO - Filling up the DagBag from /home/airflow/.local/lib/python3.8/site-packages/airflow/example_dags/example_params_ui_tutorial.py
[2025-07-11T09:35:18.118+0000] {processor.py:840} INFO - DAG(s) 'example_params_ui_tutorial' retrieved from /home/airflow/.local/lib/python3.8/site-packages/airflow/example_dags/example_params_ui_tutorial.py
[2025-07-11T09:35:18.222+0000] {logging_mixin.py:188} INFO - [2025-07-11T09:35:18.221+0000] {dag.py:3036} INFO - Sync 1 DAGs
[2025-07-11T09:35:18.254+0000] {logging_mixin.py:188} INFO - [2025-07-11T09:35:18.253+0000] {dag.py:3823} INFO - Setting next_dagrun for example_params_ui_tutorial to None, run_after=None
[2025-07-11T09:35:18.295+0000] {processor.py:183} INFO - Processing /home/airflow/.local/lib/python3.8/site-packages/airflow/example_dags/example_params_ui_tutorial.py took 0.205 seconds
[2025-07-11T09:35:48.365+0000] {processor.py:161} INFO - Started process (PID=212) to work on /home/airflow/.local/lib/python3.8/site-packages/airflow/example_dags/example_params_ui_tutorial.py
[2025-07-11T09:35:48.367+0000] {processor.py:830} INFO - Processing file /home/airflow/.local/lib/python3.8/site-packages/airflow/example_dags/example_params_ui_tutorial.py for tasks to queue
[2025-07-11T09:35:48.370+0000] {logging_mixin.py:188} INFO - [2025-07-11T09:35:48.369+0000] {dagbag.py:538} INFO - Filling up the DagBag from /home/airflow/.local/lib/python3.8/site-packages/airflow/example_dags/example_params_ui_tutorial.py
[2025-07-11T09:35:48.390+0000] {processor.py:840} INFO - DAG(s) 'example_params_ui_tutorial' retrieved from /home/airflow/.local/lib/python3.8/site-packages/airflow/example_dags/example_params_ui_tutorial.py
[2025-07-11T09:35:48.483+0000] {logging_mixin.py:188} INFO - [2025-07-11T09:35:48.482+0000] {dag.py:3036} INFO - Sync 1 DAGs
[2025-07-11T09:35:48.504+0000] {logging_mixin.py:188} INFO - [2025-07-11T09:35:48.503+0000] {dag.py:3823} INFO - Setting next_dagrun for example_params_ui_tutorial to None, run_after=None
[2025-07-11T09:35:48.535+0000] {processor.py:183} INFO - Processing /home/airflow/.local/lib/python3.8/site-packages/airflow/example_dags/example_params_ui_tutorial.py took 0.174 seconds
[2025-07-11T09:36:18.813+0000] {processor.py:161} INFO - Started process (PID=267) to work on /home/airflow/.local/lib/python3.8/site-packages/airflow/example_dags/example_params_ui_tutorial.py
[2025-07-11T09:36:18.815+0000] {processor.py:830} INFO - Processing file /home/airflow/.local/lib/python3.8/site-packages/airflow/example_dags/example_params_ui_tutorial.py for tasks to queue
[2025-07-11T09:36:18.818+0000] {logging_mixin.py:188} INFO - [2025-07-11T09:36:18.817+0000] {dagbag.py:538} INFO - Filling up the DagBag from /home/airflow/.local/lib/python3.8/site-packages/airflow/example_dags/example_params_ui_tutorial.py
[2025-07-11T09:36:18.833+0000] {processor.py:840} INFO - DAG(s) 'example_params_ui_tutorial' retrieved from /home/airflow/.local/lib/python3.8/site-packages/airflow/example_dags/example_params_ui_tutorial.py
[2025-07-11T09:36:18.923+0000] {logging_mixin.py:188} INFO - [2025-07-11T09:36:18.922+0000] {dag.py:3036} INFO - Sync 1 DAGs
[2025-07-11T09:36:18.943+0000] {logging_mixin.py:188} INFO - [2025-07-11T09:36:18.942+0000] {dag.py:3823} INFO - Setting next_dagrun for example_params_ui_tutorial to None, run_after=None
[2025-07-11T09:36:18.979+0000] {processor.py:183} INFO - Processing /home/airflow/.local/lib/python3.8/site-packages/airflow/example_dags/example_params_ui_tutorial.py took 0.169 seconds
[2025-07-11T09:36:49.162+0000] {processor.py:161} INFO - Started process (PID=322) to work on /home/airflow/.local/lib/python3.8/site-packages/airflow/example_dags/example_params_ui_tutorial.py
[2025-07-11T09:36:49.164+0000] {processor.py:830} INFO - Processing file /home/airflow/.local/lib/python3.8/site-packages/airflow/example_dags/example_params_ui_tutorial.py for tasks to queue
[2025-07-11T09:36:49.167+0000] {logging_mixin.py:188} INFO - [2025-07-11T09:36:49.166+0000] {dagbag.py:538} INFO - Filling up the DagBag from /home/airflow/.local/lib/python3.8/site-packages/airflow/example_dags/example_params_ui_tutorial.py
[2025-07-11T09:36:49.181+0000] {processor.py:840} INFO - DAG(s) 'example_params_ui_tutorial' retrieved from /home/airflow/.local/lib/python3.8/site-packages/airflow/example_dags/example_params_ui_tutorial.py
[2025-07-11T09:36:49.267+0000] {logging_mixin.py:188} INFO - [2025-07-11T09:36:49.267+0000] {dag.py:3036} INFO - Sync 1 DAGs
[2025-07-11T09:36:49.284+0000] {logging_mixin.py:188} INFO - [2025-07-11T09:36:49.283+0000] {dag.py:3823} INFO - Setting next_dagrun for example_params_ui_tutorial to None, run_after=None
[2025-07-11T09:36:49.314+0000] {processor.py:183} INFO - Processing /home/airflow/.local/lib/python3.8/site-packages/airflow/example_dags/example_params_ui_tutorial.py took 0.156 seconds
[2025-07-11T09:37:19.669+0000] {processor.py:161} INFO - Started process (PID=377) to work on /home/airflow/.local/lib/python3.8/site-packages/airflow/example_dags/example_params_ui_tutorial.py
[2025-07-11T09:37:19.672+0000] {processor.py:830} INFO - Processing file /home/airflow/.local/lib/python3.8/site-packages/airflow/example_dags/example_params_ui_tutorial.py for tasks to queue
[2025-07-11T09:37:19.675+0000] {logging_mixin.py:188} INFO - [2025-07-11T09:37:19.674+0000] {dagbag.py:538} INFO - Filling up the DagBag from /home/airflow/.local/lib/python3.8/site-packages/airflow/example_dags/example_params_ui_tutorial.py
[2025-07-11T09:37:19.694+0000] {processor.py:840} INFO - DAG(s) 'example_params_ui_tutorial' retrieved from /home/airflow/.local/lib/python3.8/site-packages/airflow/example_dags/example_params_ui_tutorial.py
[2025-07-11T09:37:19.795+0000] {logging_mixin.py:188} INFO - [2025-07-11T09:37:19.795+0000] {dag.py:3036} INFO - Sync 1 DAGs
[2025-07-11T09:37:19.813+0000] {logging_mixin.py:188} INFO - [2025-07-11T09:37:19.813+0000] {dag.py:3823} INFO - Setting next_dagrun for example_params_ui_tutorial to None, run_after=None
[2025-07-11T09:37:19.842+0000] {processor.py:183} INFO - Processing /home/airflow/.local/lib/python3.8/site-packages/airflow/example_dags/example_params_ui_tutorial.py took 0.178 seconds
[2025-07-11T09:37:50.401+0000] {processor.py:161} INFO - Started process (PID=432) to work on /home/airflow/.local/lib/python3.8/site-packages/airflow/example_dags/example_params_ui_tutorial.py
[2025-07-11T09:37:50.404+0000] {processor.py:830} INFO - Processing file /home/airflow/.local/lib/python3.8/site-packages/airflow/example_dags/example_params_ui_tutorial.py for tasks to queue
[2025-07-11T09:37:50.406+0000] {logging_mixin.py:188} INFO - [2025-07-11T09:37:50.406+0000] {dagbag.py:538} INFO - Filling up the DagBag from /home/airflow/.local/lib/python3.8/site-packages/airflow/example_dags/example_params_ui_tutorial.py
[2025-07-11T09:37:50.423+0000] {processor.py:840} INFO - DAG(s) 'example_params_ui_tutorial' retrieved from /home/airflow/.local/lib/python3.8/site-packages/airflow/example_dags/example_params_ui_tutorial.py
[2025-07-11T09:37:50.543+0000] {logging_mixin.py:188} INFO - [2025-07-11T09:37:50.542+0000] {dag.py:3036} INFO - Sync 1 DAGs
[2025-07-11T09:37:50.564+0000] {logging_mixin.py:188} INFO - [2025-07-11T09:37:50.563+0000] {dag.py:3823} INFO - Setting next_dagrun for example_params_ui_tutorial to None, run_after=None
[2025-07-11T09:37:50.614+0000] {processor.py:183} INFO - Processing /home/airflow/.local/lib/python3.8/site-packages/airflow/example_dags/example_params_ui_tutorial.py took 0.217 seconds
[2025-07-11T09:38:21.102+0000] {processor.py:161} INFO - Started process (PID=487) to work on /home/airflow/.local/lib/python3.8/site-packages/airflow/example_dags/example_params_ui_tutorial.py
[2025-07-11T09:38:21.105+0000] {processor.py:830} INFO - Processing file /home/airflow/.local/lib/python3.8/site-packages/airflow/example_dags/example_params_ui_tutorial.py for tasks to queue
[2025-07-11T09:38:21.107+0000] {logging_mixin.py:188} INFO - [2025-07-11T09:38:21.106+0000] {dagbag.py:538} INFO - Filling up the DagBag from /home/airflow/.local/lib/python3.8/site-packages/airflow/example_dags/example_params_ui_tutorial.py
[2025-07-11T09:38:21.123+0000] {processor.py:840} INFO - DAG(s) 'example_params_ui_tutorial' retrieved from /home/airflow/.local/lib/python3.8/site-packages/airflow/example_dags/example_params_ui_tutorial.py
[2025-07-11T09:38:21.218+0000] {logging_mixin.py:188} INFO - [2025-07-11T09:38:21.218+0000] {dag.py:3036} INFO - Sync 1 DAGs
[2025-07-11T09:38:21.237+0000] {logging_mixin.py:188} INFO - [2025-07-11T09:38:21.237+0000] {dag.py:3823} INFO - Setting next_dagrun for example_params_ui_tutorial to None, run_after=None
[2025-07-11T09:38:21.268+0000] {processor.py:183} INFO - Processing /home/airflow/.local/lib/python3.8/site-packages/airflow/example_dags/example_params_ui_tutorial.py took 0.170 seconds
[2025-07-11T09:38:51.608+0000] {processor.py:161} INFO - Started process (PID=542) to work on /home/airflow/.local/lib/python3.8/site-packages/airflow/example_dags/example_params_ui_tutorial.py
[2025-07-11T09:38:51.610+0000] {processor.py:830} INFO - Processing file /home/airflow/.local/lib/python3.8/site-packages/airflow/example_dags/example_params_ui_tutorial.py for tasks to queue
[2025-07-11T09:38:51.612+0000] {logging_mixin.py:188} INFO - [2025-07-11T09:38:51.612+0000] {dagbag.py:538} INFO - Filling up the DagBag from /home/airflow/.local/lib/python3.8/site-packages/airflow/example_dags/example_params_ui_tutorial.py
[2025-07-11T09:38:51.628+0000] {processor.py:840} INFO - DAG(s) 'example_params_ui_tutorial' retrieved from /home/airflow/.local/lib/python3.8/site-packages/airflow/example_dags/example_params_ui_tutorial.py
[2025-07-11T09:38:51.717+0000] {logging_mixin.py:188} INFO - [2025-07-11T09:38:51.716+0000] {dag.py:3036} INFO - Sync 1 DAGs
[2025-07-11T09:38:51.733+0000] {logging_mixin.py:188} INFO - [2025-07-11T09:38:51.733+0000] {dag.py:3823} INFO - Setting next_dagrun for example_params_ui_tutorial to None, run_after=None
[2025-07-11T09:38:51.766+0000] {processor.py:183} INFO - Processing /home/airflow/.local/lib/python3.8/site-packages/airflow/example_dags/example_params_ui_tutorial.py took 0.162 seconds
[2025-07-11T09:39:21.904+0000] {processor.py:161} INFO - Started process (PID=598) to work on /home/airflow/.local/lib/python3.8/site-packages/airflow/example_dags/example_params_ui_tutorial.py
[2025-07-11T09:39:21.906+0000] {processor.py:830} INFO - Processing file /home/airflow/.local/lib/python3.8/site-packages/airflow/example_dags/example_params_ui_tutorial.py for tasks to queue
[2025-07-11T09:39:21.908+0000] {logging_mixin.py:188} INFO - [2025-07-11T09:39:21.908+0000] {dagbag.py:538} INFO - Filling up the DagBag from /home/airflow/.local/lib/python3.8/site-packages/airflow/example_dags/example_params_ui_tutorial.py
[2025-07-11T09:39:21.924+0000] {processor.py:840} INFO - DAG(s) 'example_params_ui_tutorial' retrieved from /home/airflow/.local/lib/python3.8/site-packages/airflow/example_dags/example_params_ui_tutorial.py
[2025-07-11T09:39:22.018+0000] {logging_mixin.py:188} INFO - [2025-07-11T09:39:22.017+0000] {dag.py:3036} INFO - Sync 1 DAGs
[2025-07-11T09:39:22.035+0000] {logging_mixin.py:188} INFO - [2025-07-11T09:39:22.035+0000] {dag.py:3823} INFO - Setting next_dagrun for example_params_ui_tutorial to None, run_after=None
[2025-07-11T09:39:22.064+0000] {processor.py:183} INFO - Processing /home/airflow/.local/lib/python3.8/site-packages/airflow/example_dags/example_params_ui_tutorial.py took 0.163 seconds
[2025-07-11T09:39:52.315+0000] {processor.py:161} INFO - Started process (PID=653) to work on /home/airflow/.local/lib/python3.8/site-packages/airflow/example_dags/example_params_ui_tutorial.py
[2025-07-11T09:39:52.317+0000] {processor.py:830} INFO - Processing file /home/airflow/.local/lib/python3.8/site-packages/airflow/example_dags/example_params_ui_tutorial.py for tasks to queue
[2025-07-11T09:39:52.320+0000] {logging_mixin.py:188} INFO - [2025-07-11T09:39:52.319+0000] {dagbag.py:538} INFO - Filling up the DagBag from /home/airflow/.local/lib/python3.8/site-packages/airflow/example_dags/example_params_ui_tutorial.py
[2025-07-11T09:39:52.338+0000] {processor.py:840} INFO - DAG(s) 'example_params_ui_tutorial' retrieved from /home/airflow/.local/lib/python3.8/site-packages/airflow/example_dags/example_params_ui_tutorial.py
[2025-07-11T09:39:52.423+0000] {logging_mixin.py:188} INFO - [2025-07-11T09:39:52.422+0000] {dag.py:3036} INFO - Sync 1 DAGs
[2025-07-11T09:39:52.439+0000] {logging_mixin.py:188} INFO - [2025-07-11T09:39:52.439+0000] {dag.py:3823} INFO - Setting next_dagrun for example_params_ui_tutorial to None, run_after=None
[2025-07-11T09:39:52.467+0000] {processor.py:183} INFO - Processing /home/airflow/.local/lib/python3.8/site-packages/airflow/example_dags/example_params_ui_tutorial.py took 0.156 seconds
[2025-07-11T09:40:22.747+0000] {processor.py:161} INFO - Started process (PID=708) to work on /home/airflow/.local/lib/python3.8/site-packages/airflow/example_dags/example_params_ui_tutorial.py
[2025-07-11T09:40:22.748+0000] {processor.py:830} INFO - Processing file /home/airflow/.local/lib/python3.8/site-packages/airflow/example_dags/example_params_ui_tutorial.py for tasks to queue
[2025-07-11T09:40:22.751+0000] {logging_mixin.py:188} INFO - [2025-07-11T09:40:22.750+0000] {dagbag.py:538} INFO - Filling up the DagBag from /home/airflow/.local/lib/python3.8/site-packages/airflow/example_dags/example_params_ui_tutorial.py
[2025-07-11T09:40:22.768+0000] {processor.py:840} INFO - DAG(s) 'example_params_ui_tutorial' retrieved from /home/airflow/.local/lib/python3.8/site-packages/airflow/example_dags/example_params_ui_tutorial.py
[2025-07-11T09:40:22.862+0000] {logging_mixin.py:188} INFO - [2025-07-11T09:40:22.862+0000] {dag.py:3036} INFO - Sync 1 DAGs
[2025-07-11T09:40:22.880+0000] {logging_mixin.py:188} INFO - [2025-07-11T09:40:22.880+0000] {dag.py:3823} INFO - Setting next_dagrun for example_params_ui_tutorial to None, run_after=None
[2025-07-11T09:40:22.912+0000] {processor.py:183} INFO - Processing /home/airflow/.local/lib/python3.8/site-packages/airflow/example_dags/example_params_ui_tutorial.py took 0.171 seconds
[2025-07-11T09:40:53.130+0000] {processor.py:161} INFO - Started process (PID=763) to work on /home/airflow/.local/lib/python3.8/site-packages/airflow/example_dags/example_params_ui_tutorial.py
[2025-07-11T09:40:53.131+0000] {processor.py:830} INFO - Processing file /home/airflow/.local/lib/python3.8/site-packages/airflow/example_dags/example_params_ui_tutorial.py for tasks to queue
[2025-07-11T09:40:53.134+0000] {logging_mixin.py:188} INFO - [2025-07-11T09:40:53.133+0000] {dagbag.py:538} INFO - Filling up the DagBag from /home/airflow/.local/lib/python3.8/site-packages/airflow/example_dags/example_params_ui_tutorial.py
[2025-07-11T09:40:53.152+0000] {processor.py:840} INFO - DAG(s) 'example_params_ui_tutorial' retrieved from /home/airflow/.local/lib/python3.8/site-packages/airflow/example_dags/example_params_ui_tutorial.py
[2025-07-11T09:40:53.254+0000] {logging_mixin.py:188} INFO - [2025-07-11T09:40:53.254+0000] {dag.py:3036} INFO - Sync 1 DAGs
[2025-07-11T09:40:53.274+0000] {logging_mixin.py:188} INFO - [2025-07-11T09:40:53.274+0000] {dag.py:3823} INFO - Setting next_dagrun for example_params_ui_tutorial to None, run_after=None
[2025-07-11T09:40:53.308+0000] {processor.py:183} INFO - Processing /home/airflow/.local/lib/python3.8/site-packages/airflow/example_dags/example_params_ui_tutorial.py took 0.182 seconds
[2025-07-11T09:41:23.603+0000] {processor.py:161} INFO - Started process (PID=818) to work on /home/airflow/.local/lib/python3.8/site-packages/airflow/example_dags/example_params_ui_tutorial.py
[2025-07-11T09:41:23.605+0000] {processor.py:830} INFO - Processing file /home/airflow/.local/lib/python3.8/site-packages/airflow/example_dags/example_params_ui_tutorial.py for tasks to queue
[2025-07-11T09:41:23.607+0000] {logging_mixin.py:188} INFO - [2025-07-11T09:41:23.607+0000] {dagbag.py:538} INFO - Filling up the DagBag from /home/airflow/.local/lib/python3.8/site-packages/airflow/example_dags/example_params_ui_tutorial.py
[2025-07-11T09:41:23.626+0000] {processor.py:840} INFO - DAG(s) 'example_params_ui_tutorial' retrieved from /home/airflow/.local/lib/python3.8/site-packages/airflow/example_dags/example_params_ui_tutorial.py
[2025-07-11T09:41:23.720+0000] {logging_mixin.py:188} INFO - [2025-07-11T09:41:23.720+0000] {dag.py:3036} INFO - Sync 1 DAGs
[2025-07-11T09:41:23.738+0000] {logging_mixin.py:188} INFO - [2025-07-11T09:41:23.738+0000] {dag.py:3823} INFO - Setting next_dagrun for example_params_ui_tutorial to None, run_after=None
[2025-07-11T09:41:23.773+0000] {processor.py:183} INFO - Processing /home/airflow/.local/lib/python3.8/site-packages/airflow/example_dags/example_params_ui_tutorial.py took 0.175 seconds
[2025-07-11T09:41:53.980+0000] {processor.py:161} INFO - Started process (PID=873) to work on /home/airflow/.local/lib/python3.8/site-packages/airflow/example_dags/example_params_ui_tutorial.py
[2025-07-11T09:41:53.982+0000] {processor.py:830} INFO - Processing file /home/airflow/.local/lib/python3.8/site-packages/airflow/example_dags/example_params_ui_tutorial.py for tasks to queue
[2025-07-11T09:41:53.985+0000] {logging_mixin.py:188} INFO - [2025-07-11T09:41:53.984+0000] {dagbag.py:538} INFO - Filling up the DagBag from /home/airflow/.local/lib/python3.8/site-packages/airflow/example_dags/example_params_ui_tutorial.py
[2025-07-11T09:41:54.002+0000] {processor.py:840} INFO - DAG(s) 'example_params_ui_tutorial' retrieved from /home/airflow/.local/lib/python3.8/site-packages/airflow/example_dags/example_params_ui_tutorial.py
[2025-07-11T09:41:54.097+0000] {logging_mixin.py:188} INFO - [2025-07-11T09:41:54.096+0000] {dag.py:3036} INFO - Sync 1 DAGs
[2025-07-11T09:41:54.117+0000] {logging_mixin.py:188} INFO - [2025-07-11T09:41:54.117+0000] {dag.py:3823} INFO - Setting next_dagrun for example_params_ui_tutorial to None, run_after=None
[2025-07-11T09:41:54.150+0000] {processor.py:183} INFO - Processing /home/airflow/.local/lib/python3.8/site-packages/airflow/example_dags/example_params_ui_tutorial.py took 0.174 seconds
[2025-07-11T09:42:24.356+0000] {processor.py:161} INFO - Started process (PID=928) to work on /home/airflow/.local/lib/python3.8/site-packages/airflow/example_dags/example_params_ui_tutorial.py
[2025-07-11T09:42:24.357+0000] {processor.py:830} INFO - Processing file /home/airflow/.local/lib/python3.8/site-packages/airflow/example_dags/example_params_ui_tutorial.py for tasks to queue
[2025-07-11T09:42:24.360+0000] {logging_mixin.py:188} INFO - [2025-07-11T09:42:24.359+0000] {dagbag.py:538} INFO - Filling up the DagBag from /home/airflow/.local/lib/python3.8/site-packages/airflow/example_dags/example_params_ui_tutorial.py
[2025-07-11T09:42:24.380+0000] {processor.py:840} INFO - DAG(s) 'example_params_ui_tutorial' retrieved from /home/airflow/.local/lib/python3.8/site-packages/airflow/example_dags/example_params_ui_tutorial.py
[2025-07-11T09:42:24.475+0000] {logging_mixin.py:188} INFO - [2025-07-11T09:42:24.474+0000] {dag.py:3036} INFO - Sync 1 DAGs
[2025-07-11T09:42:24.494+0000] {logging_mixin.py:188} INFO - [2025-07-11T09:42:24.493+0000] {dag.py:3823} INFO - Setting next_dagrun for example_params_ui_tutorial to None, run_after=None
[2025-07-11T09:42:24.526+0000] {processor.py:183} INFO - Processing /home/airflow/.local/lib/python3.8/site-packages/airflow/example_dags/example_params_ui_tutorial.py took 0.175 seconds
[2025-07-11T09:42:54.718+0000] {processor.py:161} INFO - Started process (PID=983) to work on /home/airflow/.local/lib/python3.8/site-packages/airflow/example_dags/example_params_ui_tutorial.py
[2025-07-11T09:42:54.720+0000] {processor.py:830} INFO - Processing file /home/airflow/.local/lib/python3.8/site-packages/airflow/example_dags/example_params_ui_tutorial.py for tasks to queue
[2025-07-11T09:42:54.722+0000] {logging_mixin.py:188} INFO - [2025-07-11T09:42:54.721+0000] {dagbag.py:538} INFO - Filling up the DagBag from /home/airflow/.local/lib/python3.8/site-packages/airflow/example_dags/example_params_ui_tutorial.py
[2025-07-11T09:42:54.738+0000] {processor.py:840} INFO - DAG(s) 'example_params_ui_tutorial' retrieved from /home/airflow/.local/lib/python3.8/site-packages/airflow/example_dags/example_params_ui_tutorial.py
[2025-07-11T09:42:54.832+0000] {logging_mixin.py:188} INFO - [2025-07-11T09:42:54.832+0000] {dag.py:3036} INFO - Sync 1 DAGs
[2025-07-11T09:42:54.851+0000] {logging_mixin.py:188} INFO - [2025-07-11T09:42:54.851+0000] {dag.py:3823} INFO - Setting next_dagrun for example_params_ui_tutorial to None, run_after=None
[2025-07-11T09:42:54.887+0000] {processor.py:183} INFO - Processing /home/airflow/.local/lib/python3.8/site-packages/airflow/example_dags/example_params_ui_tutorial.py took 0.174 seconds
[2025-07-11T09:43:25.222+0000] {processor.py:161} INFO - Started process (PID=1038) to work on /home/airflow/.local/lib/python3.8/site-packages/airflow/example_dags/example_params_ui_tutorial.py
[2025-07-11T09:43:25.224+0000] {processor.py:830} INFO - Processing file /home/airflow/.local/lib/python3.8/site-packages/airflow/example_dags/example_params_ui_tutorial.py for tasks to queue
[2025-07-11T09:43:25.226+0000] {logging_mixin.py:188} INFO - [2025-07-11T09:43:25.226+0000] {dagbag.py:538} INFO - Filling up the DagBag from /home/airflow/.local/lib/python3.8/site-packages/airflow/example_dags/example_params_ui_tutorial.py
[2025-07-11T09:43:25.208+0000] {processor.py:840} INFO - DAG(s) 'example_params_ui_tutorial' retrieved from /home/airflow/.local/lib/python3.8/site-packages/airflow/example_dags/example_params_ui_tutorial.py
[2025-07-11T09:43:25.305+0000] {logging_mixin.py:188} INFO - [2025-07-11T09:43:25.304+0000] {dag.py:3036} INFO - Sync 1 DAGs
[2025-07-11T09:43:25.326+0000] {logging_mixin.py:188} INFO - [2025-07-11T09:43:25.326+0000] {dag.py:3823} INFO - Setting next_dagrun for example_params_ui_tutorial to None, run_after=None
[2025-07-11T09:43:25.364+0000] {processor.py:183} INFO - Processing /home/airflow/.local/lib/python3.8/site-packages/airflow/example_dags/example_params_ui_tutorial.py took 0.183 seconds
[2025-07-11T09:43:55.520+0000] {processor.py:161} INFO - Started process (PID=1093) to work on /home/airflow/.local/lib/python3.8/site-packages/airflow/example_dags/example_params_ui_tutorial.py
[2025-07-11T09:43:55.522+0000] {processor.py:830} INFO - Processing file /home/airflow/.local/lib/python3.8/site-packages/airflow/example_dags/example_params_ui_tutorial.py for tasks to queue
[2025-07-11T09:43:55.524+0000] {logging_mixin.py:188} INFO - [2025-07-11T09:43:55.524+0000] {dagbag.py:538} INFO - Filling up the DagBag from /home/airflow/.local/lib/python3.8/site-packages/airflow/example_dags/example_params_ui_tutorial.py
[2025-07-11T09:43:55.541+0000] {processor.py:840} INFO - DAG(s) 'example_params_ui_tutorial' retrieved from /home/airflow/.local/lib/python3.8/site-packages/airflow/example_dags/example_params_ui_tutorial.py
[2025-07-11T09:43:55.639+0000] {logging_mixin.py:188} INFO - [2025-07-11T09:43:55.638+0000] {dag.py:3036} INFO - Sync 1 DAGs
[2025-07-11T09:43:55.658+0000] {logging_mixin.py:188} INFO - [2025-07-11T09:43:55.658+0000] {dag.py:3823} INFO - Setting next_dagrun for example_params_ui_tutorial to None, run_after=None
[2025-07-11T09:43:55.692+0000] {processor.py:183} INFO - Processing /home/airflow/.local/lib/python3.8/site-packages/airflow/example_dags/example_params_ui_tutorial.py took 0.176 seconds
[2025-07-11T09:44:26.018+0000] {processor.py:161} INFO - Started process (PID=1149) to work on /home/airflow/.local/lib/python3.8/site-packages/airflow/example_dags/example_params_ui_tutorial.py
[2025-07-11T09:44:26.020+0000] {processor.py:830} INFO - Processing file /home/airflow/.local/lib/python3.8/site-packages/airflow/example_dags/example_params_ui_tutorial.py for tasks to queue
[2025-07-11T09:44:26.022+0000] {logging_mixin.py:188} INFO - [2025-07-11T09:44:26.022+0000] {dagbag.py:538} INFO - Filling up the DagBag from /home/airflow/.local/lib/python3.8/site-packages/airflow/example_dags/example_params_ui_tutorial.py
[2025-07-11T09:44:26.038+0000] {processor.py:840} INFO - DAG(s) 'example_params_ui_tutorial' retrieved from /home/airflow/.local/lib/python3.8/site-packages/airflow/example_dags/example_params_ui_tutorial.py
[2025-07-11T09:44:26.123+0000] {logging_mixin.py:188} INFO - [2025-07-11T09:44:26.123+0000] {dag.py:3036} INFO - Sync 1 DAGs
[2025-07-11T09:44:26.139+0000] {logging_mixin.py:188} INFO - [2025-07-11T09:44:26.139+0000] {dag.py:3823} INFO - Setting next_dagrun for example_params_ui_tutorial to None, run_after=None
[2025-07-11T09:44:26.173+0000] {processor.py:183} INFO - Processing /home/airflow/.local/lib/python3.8/site-packages/airflow/example_dags/example_params_ui_tutorial.py took 0.159 seconds
[2025-07-11T09:44:56.466+0000] {processor.py:161} INFO - Started process (PID=1204) to work on /home/airflow/.local/lib/python3.8/site-packages/airflow/example_dags/example_params_ui_tutorial.py
[2025-07-11T09:44:56.468+0000] {processor.py:830} INFO - Processing file /home/airflow/.local/lib/python3.8/site-packages/airflow/example_dags/example_params_ui_tutorial.py for tasks to queue
[2025-07-11T09:44:56.470+0000] {logging_mixin.py:188} INFO - [2025-07-11T09:44:56.470+0000] {dagbag.py:538} INFO - Filling up the DagBag from /home/airflow/.local/lib/python3.8/site-packages/airflow/example_dags/example_params_ui_tutorial.py
[2025-07-11T09:44:56.487+0000] {processor.py:840} INFO - DAG(s) 'example_params_ui_tutorial' retrieved from /home/airflow/.local/lib/python3.8/site-packages/airflow/example_dags/example_params_ui_tutorial.py
[2025-07-11T09:44:56.611+0000] {logging_mixin.py:188} INFO - [2025-07-11T09:44:56.610+0000] {dag.py:3036} INFO - Sync 1 DAGs
[2025-07-11T09:44:56.636+0000] {logging_mixin.py:188} INFO - [2025-07-11T09:44:56.636+0000] {dag.py:3823} INFO - Setting next_dagrun for example_params_ui_tutorial to None, run_after=None
[2025-07-11T09:44:56.674+0000] {processor.py:183} INFO - Processing /home/airflow/.local/lib/python3.8/site-packages/airflow/example_dags/example_params_ui_tutorial.py took 0.213 seconds
[2025-07-11T09:45:26.839+0000] {processor.py:161} INFO - Started process (PID=1259) to work on /home/airflow/.local/lib/python3.8/site-packages/airflow/example_dags/example_params_ui_tutorial.py
[2025-07-11T09:45:26.841+0000] {processor.py:830} INFO - Processing file /home/airflow/.local/lib/python3.8/site-packages/airflow/example_dags/example_params_ui_tutorial.py for tasks to queue
[2025-07-11T09:45:26.843+0000] {logging_mixin.py:188} INFO - [2025-07-11T09:45:26.843+0000] {dagbag.py:538} INFO - Filling up the DagBag from /home/airflow/.local/lib/python3.8/site-packages/airflow/example_dags/example_params_ui_tutorial.py
[2025-07-11T09:45:26.859+0000] {processor.py:840} INFO - DAG(s) 'example_params_ui_tutorial' retrieved from /home/airflow/.local/lib/python3.8/site-packages/airflow/example_dags/example_params_ui_tutorial.py
[2025-07-11T09:45:26.968+0000] {logging_mixin.py:188} INFO - [2025-07-11T09:45:26.967+0000] {dag.py:3036} INFO - Sync 1 DAGs
[2025-07-11T09:45:26.986+0000] {logging_mixin.py:188} INFO - [2025-07-11T09:45:26.986+0000] {dag.py:3823} INFO - Setting next_dagrun for example_params_ui_tutorial to None, run_after=None
[2025-07-11T09:45:27.023+0000] {processor.py:183} INFO - Processing /home/airflow/.local/lib/python3.8/site-packages/airflow/example_dags/example_params_ui_tutorial.py took 0.188 seconds
[2025-07-11T09:45:57.203+0000] {processor.py:161} INFO - Started process (PID=1314) to work on /home/airflow/.local/lib/python3.8/site-packages/airflow/example_dags/example_params_ui_tutorial.py
[2025-07-11T09:45:57.205+0000] {processor.py:830} INFO - Processing file /home/airflow/.local/lib/python3.8/site-packages/airflow/example_dags/example_params_ui_tutorial.py for tasks to queue
[2025-07-11T09:45:57.207+0000] {logging_mixin.py:188} INFO - [2025-07-11T09:45:57.207+0000] {dagbag.py:538} INFO - Filling up the DagBag from /home/airflow/.local/lib/python3.8/site-packages/airflow/example_dags/example_params_ui_tutorial.py
[2025-07-11T09:45:57.223+0000] {processor.py:840} INFO - DAG(s) 'example_params_ui_tutorial' retrieved from /home/airflow/.local/lib/python3.8/site-packages/airflow/example_dags/example_params_ui_tutorial.py
[2025-07-11T09:45:57.315+0000] {logging_mixin.py:188} INFO - [2025-07-11T09:45:57.314+0000] {dag.py:3036} INFO - Sync 1 DAGs
[2025-07-11T09:45:57.332+0000] {logging_mixin.py:188} INFO - [2025-07-11T09:45:57.332+0000] {dag.py:3823} INFO - Setting next_dagrun for example_params_ui_tutorial to None, run_after=None
[2025-07-11T09:45:57.362+0000] {processor.py:183} INFO - Processing /home/airflow/.local/lib/python3.8/site-packages/airflow/example_dags/example_params_ui_tutorial.py took 0.164 seconds
[2025-07-11T09:46:27.609+0000] {processor.py:161} INFO - Started process (PID=1369) to work on /home/airflow/.local/lib/python3.8/site-packages/airflow/example_dags/example_params_ui_tutorial.py
[2025-07-11T09:46:27.611+0000] {processor.py:830} INFO - Processing file /home/airflow/.local/lib/python3.8/site-packages/airflow/example_dags/example_params_ui_tutorial.py for tasks to queue
[2025-07-11T09:46:27.615+0000] {logging_mixin.py:188} INFO - [2025-07-11T09:46:27.614+0000] {dagbag.py:538} INFO - Filling up the DagBag from /home/airflow/.local/lib/python3.8/site-packages/airflow/example_dags/example_params_ui_tutorial.py
[2025-07-11T09:46:27.635+0000] {processor.py:840} INFO - DAG(s) 'example_params_ui_tutorial' retrieved from /home/airflow/.local/lib/python3.8/site-packages/airflow/example_dags/example_params_ui_tutorial.py
[2025-07-11T09:46:27.740+0000] {logging_mixin.py:188} INFO - [2025-07-11T09:46:27.740+0000] {dag.py:3036} INFO - Sync 1 DAGs
[2025-07-11T09:46:27.758+0000] {logging_mixin.py:188} INFO - [2025-07-11T09:46:27.757+0000] {dag.py:3823} INFO - Setting next_dagrun for example_params_ui_tutorial to None, run_after=None
[2025-07-11T09:46:27.789+0000] {processor.py:183} INFO - Processing /home/airflow/.local/lib/python3.8/site-packages/airflow/example_dags/example_params_ui_tutorial.py took 0.187 seconds
[2025-07-11T09:46:58.094+0000] {processor.py:161} INFO - Started process (PID=1424) to work on /home/airflow/.local/lib/python3.8/site-packages/airflow/example_dags/example_params_ui_tutorial.py
[2025-07-11T09:46:58.096+0000] {processor.py:830} INFO - Processing file /home/airflow/.local/lib/python3.8/site-packages/airflow/example_dags/example_params_ui_tutorial.py for tasks to queue
[2025-07-11T09:46:58.098+0000] {logging_mixin.py:188} INFO - [2025-07-11T09:46:58.098+0000] {dagbag.py:538} INFO - Filling up the DagBag from /home/airflow/.local/lib/python3.8/site-packages/airflow/example_dags/example_params_ui_tutorial.py
[2025-07-11T09:46:58.114+0000] {processor.py:840} INFO - DAG(s) 'example_params_ui_tutorial' retrieved from /home/airflow/.local/lib/python3.8/site-packages/airflow/example_dags/example_params_ui_tutorial.py
[2025-07-11T09:46:58.216+0000] {logging_mixin.py:188} INFO - [2025-07-11T09:46:58.216+0000] {dag.py:3036} INFO - Sync 1 DAGs
[2025-07-11T09:46:58.241+0000] {logging_mixin.py:188} INFO - [2025-07-11T09:46:58.240+0000] {dag.py:3823} INFO - Setting next_dagrun for example_params_ui_tutorial to None, run_after=None
[2025-07-11T09:46:58.276+0000] {processor.py:183} INFO - Processing /home/airflow/.local/lib/python3.8/site-packages/airflow/example_dags/example_params_ui_tutorial.py took 0.187 seconds
[2025-07-11T09:47:28.619+0000] {processor.py:161} INFO - Started process (PID=1479) to work on /home/airflow/.local/lib/python3.8/site-packages/airflow/example_dags/example_params_ui_tutorial.py
[2025-07-11T09:47:28.621+0000] {processor.py:830} INFO - Processing file /home/airflow/.local/lib/python3.8/site-packages/airflow/example_dags/example_params_ui_tutorial.py for tasks to queue
[2025-07-11T09:47:28.623+0000] {logging_mixin.py:188} INFO - [2025-07-11T09:47:28.623+0000] {dagbag.py:538} INFO - Filling up the DagBag from /home/airflow/.local/lib/python3.8/site-packages/airflow/example_dags/example_params_ui_tutorial.py
[2025-07-11T09:47:28.639+0000] {processor.py:840} INFO - DAG(s) 'example_params_ui_tutorial' retrieved from /home/airflow/.local/lib/python3.8/site-packages/airflow/example_dags/example_params_ui_tutorial.py
[2025-07-11T09:47:28.744+0000] {logging_mixin.py:188} INFO - [2025-07-11T09:47:28.744+0000] {dag.py:3036} INFO - Sync 1 DAGs
[2025-07-11T09:47:28.764+0000] {logging_mixin.py:188} INFO - [2025-07-11T09:47:28.763+0000] {dag.py:3823} INFO - Setting next_dagrun for example_params_ui_tutorial to None, run_after=None
[2025-07-11T09:47:28.805+0000] {processor.py:183} INFO - Processing /home/airflow/.local/lib/python3.8/site-packages/airflow/example_dags/example_params_ui_tutorial.py took 0.190 seconds
[2025-07-11T09:47:59.467+0000] {processor.py:161} INFO - Started process (PID=1534) to work on /home/airflow/.local/lib/python3.8/site-packages/airflow/example_dags/example_params_ui_tutorial.py
[2025-07-11T09:47:59.469+0000] {processor.py:830} INFO - Processing file /home/airflow/.local/lib/python3.8/site-packages/airflow/example_dags/example_params_ui_tutorial.py for tasks to queue
[2025-07-11T09:47:59.475+0000] {logging_mixin.py:188} INFO - [2025-07-11T09:47:59.475+0000] {dagbag.py:538} INFO - Filling up the DagBag from /home/airflow/.local/lib/python3.8/site-packages/airflow/example_dags/example_params_ui_tutorial.py
[2025-07-11T09:47:59.502+0000] {processor.py:840} INFO - DAG(s) 'example_params_ui_tutorial' retrieved from /home/airflow/.local/lib/python3.8/site-packages/airflow/example_dags/example_params_ui_tutorial.py
[2025-07-11T09:47:59.610+0000] {logging_mixin.py:188} INFO - [2025-07-11T09:47:59.610+0000] {dag.py:3036} INFO - Sync 1 DAGs
[2025-07-11T09:47:59.627+0000] {logging_mixin.py:188} INFO - [2025-07-11T09:47:59.627+0000] {dag.py:3823} INFO - Setting next_dagrun for example_params_ui_tutorial to None, run_after=None
[2025-07-11T09:47:59.654+0000] {processor.py:183} INFO - Processing /home/airflow/.local/lib/python3.8/site-packages/airflow/example_dags/example_params_ui_tutorial.py took 0.192 seconds
[2025-07-11T09:48:29.951+0000] {processor.py:161} INFO - Started process (PID=1589) to work on /home/airflow/.local/lib/python3.8/site-packages/airflow/example_dags/example_params_ui_tutorial.py
[2025-07-11T09:48:29.952+0000] {processor.py:830} INFO - Processing file /home/airflow/.local/lib/python3.8/site-packages/airflow/example_dags/example_params_ui_tutorial.py for tasks to queue
[2025-07-11T09:48:29.955+0000] {logging_mixin.py:188} INFO - [2025-07-11T09:48:29.954+0000] {dagbag.py:538} INFO - Filling up the DagBag from /home/airflow/.local/lib/python3.8/site-packages/airflow/example_dags/example_params_ui_tutorial.py
[2025-07-11T09:48:29.970+0000] {processor.py:840} INFO - DAG(s) 'example_params_ui_tutorial' retrieved from /home/airflow/.local/lib/python3.8/site-packages/airflow/example_dags/example_params_ui_tutorial.py
[2025-07-11T09:48:30.064+0000] {logging_mixin.py:188} INFO - [2025-07-11T09:48:30.064+0000] {dag.py:3036} INFO - Sync 1 DAGs
[2025-07-11T09:48:30.081+0000] {logging_mixin.py:188} INFO - [2025-07-11T09:48:30.080+0000] {dag.py:3823} INFO - Setting next_dagrun for example_params_ui_tutorial to None, run_after=None
[2025-07-11T09:48:30.109+0000] {processor.py:183} INFO - Processing /home/airflow/.local/lib/python3.8/site-packages/airflow/example_dags/example_params_ui_tutorial.py took 0.162 seconds
[2025-07-11T09:49:00.366+0000] {processor.py:161} INFO - Started process (PID=1644) to work on /home/airflow/.local/lib/python3.8/site-packages/airflow/example_dags/example_params_ui_tutorial.py
[2025-07-11T09:49:00.368+0000] {processor.py:830} INFO - Processing file /home/airflow/.local/lib/python3.8/site-packages/airflow/example_dags/example_params_ui_tutorial.py for tasks to queue
[2025-07-11T09:49:00.370+0000] {logging_mixin.py:188} INFO - [2025-07-11T09:49:00.370+0000] {dagbag.py:538} INFO - Filling up the DagBag from /home/airflow/.local/lib/python3.8/site-packages/airflow/example_dags/example_params_ui_tutorial.py
[2025-07-11T09:49:00.387+0000] {processor.py:840} INFO - DAG(s) 'example_params_ui_tutorial' retrieved from /home/airflow/.local/lib/python3.8/site-packages/airflow/example_dags/example_params_ui_tutorial.py
[2025-07-11T09:49:00.472+0000] {logging_mixin.py:188} INFO - [2025-07-11T09:49:00.471+0000] {dag.py:3036} INFO - Sync 1 DAGs
[2025-07-11T09:49:00.490+0000] {logging_mixin.py:188} INFO - [2025-07-11T09:49:00.490+0000] {dag.py:3823} INFO - Setting next_dagrun for example_params_ui_tutorial to None, run_after=None
[2025-07-11T09:49:00.523+0000] {processor.py:183} INFO - Processing /home/airflow/.local/lib/python3.8/site-packages/airflow/example_dags/example_params_ui_tutorial.py took 0.161 seconds
[2025-07-11T09:49:30.905+0000] {processor.py:161} INFO - Started process (PID=1699) to work on /home/airflow/.local/lib/python3.8/site-packages/airflow/example_dags/example_params_ui_tutorial.py
[2025-07-11T09:49:30.907+0000] {processor.py:830} INFO - Processing file /home/airflow/.local/lib/python3.8/site-packages/airflow/example_dags/example_params_ui_tutorial.py for tasks to queue
[2025-07-11T09:49:30.909+0000] {logging_mixin.py:188} INFO - [2025-07-11T09:49:30.909+0000] {dagbag.py:538} INFO - Filling up the DagBag from /home/airflow/.local/lib/python3.8/site-packages/airflow/example_dags/example_params_ui_tutorial.py
[2025-07-11T09:49:30.928+0000] {processor.py:840} INFO - DAG(s) 'example_params_ui_tutorial' retrieved from /home/airflow/.local/lib/python3.8/site-packages/airflow/example_dags/example_params_ui_tutorial.py
[2025-07-11T09:49:31.024+0000] {logging_mixin.py:188} INFO - [2025-07-11T09:49:31.023+0000] {dag.py:3036} INFO - Sync 1 DAGs
[2025-07-11T09:49:31.042+0000] {logging_mixin.py:188} INFO - [2025-07-11T09:49:31.042+0000] {dag.py:3823} INFO - Setting next_dagrun for example_params_ui_tutorial to None, run_after=None
[2025-07-11T09:49:31.075+0000] {processor.py:183} INFO - Processing /home/airflow/.local/lib/python3.8/site-packages/airflow/example_dags/example_params_ui_tutorial.py took 0.175 seconds
[2025-07-11T09:50:01.833+0000] {processor.py:161} INFO - Started process (PID=1754) to work on /home/airflow/.local/lib/python3.8/site-packages/airflow/example_dags/example_params_ui_tutorial.py
[2025-07-11T09:50:01.835+0000] {processor.py:830} INFO - Processing file /home/airflow/.local/lib/python3.8/site-packages/airflow/example_dags/example_params_ui_tutorial.py for tasks to queue
[2025-07-11T09:50:01.838+0000] {logging_mixin.py:188} INFO - [2025-07-11T09:50:01.837+0000] {dagbag.py:538} INFO - Filling up the DagBag from /home/airflow/.local/lib/python3.8/site-packages/airflow/example_dags/example_params_ui_tutorial.py
[2025-07-11T09:50:01.855+0000] {processor.py:840} INFO - DAG(s) 'example_params_ui_tutorial' retrieved from /home/airflow/.local/lib/python3.8/site-packages/airflow/example_dags/example_params_ui_tutorial.py
[2025-07-11T09:50:01.952+0000] {logging_mixin.py:188} INFO - [2025-07-11T09:50:01.951+0000] {dag.py:3036} INFO - Sync 1 DAGs
[2025-07-11T09:50:01.973+0000] {logging_mixin.py:188} INFO - [2025-07-11T09:50:01.973+0000] {dag.py:3823} INFO - Setting next_dagrun for example_params_ui_tutorial to None, run_after=None
[2025-07-11T09:50:02.005+0000] {processor.py:183} INFO - Processing /home/airflow/.local/lib/python3.8/site-packages/airflow/example_dags/example_params_ui_tutorial.py took 0.176 seconds
[2025-07-11T09:50:32.612+0000] {processor.py:161} INFO - Started process (PID=1809) to work on /home/airflow/.local/lib/python3.8/site-packages/airflow/example_dags/example_params_ui_tutorial.py
[2025-07-11T09:50:32.614+0000] {processor.py:830} INFO - Processing file /home/airflow/.local/lib/python3.8/site-packages/airflow/example_dags/example_params_ui_tutorial.py for tasks to queue
[2025-07-11T09:50:32.616+0000] {logging_mixin.py:188} INFO - [2025-07-11T09:50:32.616+0000] {dagbag.py:538} INFO - Filling up the DagBag from /home/airflow/.local/lib/python3.8/site-packages/airflow/example_dags/example_params_ui_tutorial.py
[2025-07-11T09:50:32.633+0000] {processor.py:840} INFO - DAG(s) 'example_params_ui_tutorial' retrieved from /home/airflow/.local/lib/python3.8/site-packages/airflow/example_dags/example_params_ui_tutorial.py
[2025-07-11T09:50:32.729+0000] {logging_mixin.py:188} INFO - [2025-07-11T09:50:32.728+0000] {dag.py:3036} INFO - Sync 1 DAGs
[2025-07-11T09:50:32.747+0000] {logging_mixin.py:188} INFO - [2025-07-11T09:50:32.747+0000] {dag.py:3823} INFO - Setting next_dagrun for example_params_ui_tutorial to None, run_after=None
[2025-07-11T09:50:32.777+0000] {processor.py:183} INFO - Processing /home/airflow/.local/lib/python3.8/site-packages/airflow/example_dags/example_params_ui_tutorial.py took 0.169 seconds
[2025-07-11T09:51:03.178+0000] {processor.py:161} INFO - Started process (PID=1864) to work on /home/airflow/.local/lib/python3.8/site-packages/airflow/example_dags/example_params_ui_tutorial.py
[2025-07-11T09:51:03.180+0000] {processor.py:830} INFO - Processing file /home/airflow/.local/lib/python3.8/site-packages/airflow/example_dags/example_params_ui_tutorial.py for tasks to queue
[2025-07-11T09:51:03.182+0000] {logging_mixin.py:188} INFO - [2025-07-11T09:51:03.182+0000] {dagbag.py:538} INFO - Filling up the DagBag from /home/airflow/.local/lib/python3.8/site-packages/airflow/example_dags/example_params_ui_tutorial.py
[2025-07-11T09:51:03.199+0000] {processor.py:840} INFO - DAG(s) 'example_params_ui_tutorial' retrieved from /home/airflow/.local/lib/python3.8/site-packages/airflow/example_dags/example_params_ui_tutorial.py
[2025-07-11T09:51:03.300+0000] {logging_mixin.py:188} INFO - [2025-07-11T09:51:03.299+0000] {dag.py:3036} INFO - Sync 1 DAGs
[2025-07-11T09:51:03.320+0000] {logging_mixin.py:188} INFO - [2025-07-11T09:51:03.320+0000] {dag.py:3823} INFO - Setting next_dagrun for example_params_ui_tutorial to None, run_after=None
[2025-07-11T09:51:03.354+0000] {processor.py:183} INFO - Processing /home/airflow/.local/lib/python3.8/site-packages/airflow/example_dags/example_params_ui_tutorial.py took 0.181 seconds
[2025-07-11T09:51:34.014+0000] {processor.py:161} INFO - Started process (PID=1919) to work on /home/airflow/.local/lib/python3.8/site-packages/airflow/example_dags/example_params_ui_tutorial.py
[2025-07-11T09:51:34.015+0000] {processor.py:830} INFO - Processing file /home/airflow/.local/lib/python3.8/site-packages/airflow/example_dags/example_params_ui_tutorial.py for tasks to queue
[2025-07-11T09:51:34.018+0000] {logging_mixin.py:188} INFO - [2025-07-11T09:51:34.017+0000] {dagbag.py:538} INFO - Filling up the DagBag from /home/airflow/.local/lib/python3.8/site-packages/airflow/example_dags/example_params_ui_tutorial.py
[2025-07-11T09:51:34.038+0000] {processor.py:840} INFO - DAG(s) 'example_params_ui_tutorial' retrieved from /home/airflow/.local/lib/python3.8/site-packages/airflow/example_dags/example_params_ui_tutorial.py
[2025-07-11T09:51:34.139+0000] {logging_mixin.py:188} INFO - [2025-07-11T09:51:34.139+0000] {dag.py:3036} INFO - Sync 1 DAGs
[2025-07-11T09:51:34.157+0000] {logging_mixin.py:188} INFO - [2025-07-11T09:51:34.156+0000] {dag.py:3823} INFO - Setting next_dagrun for example_params_ui_tutorial to None, run_after=None
[2025-07-11T09:51:34.186+0000] {processor.py:183} INFO - Processing /home/airflow/.local/lib/python3.8/site-packages/airflow/example_dags/example_params_ui_tutorial.py took 0.176 seconds
[2025-07-11T09:52:04.426+0000] {processor.py:161} INFO - Started process (PID=1974) to work on /home/airflow/.local/lib/python3.8/site-packages/airflow/example_dags/example_params_ui_tutorial.py
[2025-07-11T09:52:04.428+0000] {processor.py:830} INFO - Processing file /home/airflow/.local/lib/python3.8/site-packages/airflow/example_dags/example_params_ui_tutorial.py for tasks to queue
[2025-07-11T09:52:04.430+0000] {logging_mixin.py:188} INFO - [2025-07-11T09:52:04.429+0000] {dagbag.py:538} INFO - Filling up the DagBag from /home/airflow/.local/lib/python3.8/site-packages/airflow/example_dags/example_params_ui_tutorial.py
[2025-07-11T09:52:04.447+0000] {processor.py:840} INFO - DAG(s) 'example_params_ui_tutorial' retrieved from /home/airflow/.local/lib/python3.8/site-packages/airflow/example_dags/example_params_ui_tutorial.py
[2025-07-11T09:52:04.541+0000] {logging_mixin.py:188} INFO - [2025-07-11T09:52:04.540+0000] {dag.py:3036} INFO - Sync 1 DAGs
[2025-07-11T09:52:04.557+0000] {logging_mixin.py:188} INFO - [2025-07-11T09:52:04.557+0000] {dag.py:3823} INFO - Setting next_dagrun for example_params_ui_tutorial to None, run_after=None
[2025-07-11T09:52:04.588+0000] {processor.py:183} INFO - Processing /home/airflow/.local/lib/python3.8/site-packages/airflow/example_dags/example_params_ui_tutorial.py took 0.166 seconds
[2025-07-11T09:52:34.717+0000] {processor.py:161} INFO - Started process (PID=2029) to work on /home/airflow/.local/lib/python3.8/site-packages/airflow/example_dags/example_params_ui_tutorial.py
[2025-07-11T09:52:34.719+0000] {processor.py:830} INFO - Processing file /home/airflow/.local/lib/python3.8/site-packages/airflow/example_dags/example_params_ui_tutorial.py for tasks to queue
[2025-07-11T09:52:34.721+0000] {logging_mixin.py:188} INFO - [2025-07-11T09:52:34.721+0000] {dagbag.py:538} INFO - Filling up the DagBag from /home/airflow/.local/lib/python3.8/site-packages/airflow/example_dags/example_params_ui_tutorial.py
[2025-07-11T09:52:34.737+0000] {processor.py:840} INFO - DAG(s) 'example_params_ui_tutorial' retrieved from /home/airflow/.local/lib/python3.8/site-packages/airflow/example_dags/example_params_ui_tutorial.py
[2025-07-11T09:52:34.822+0000] {logging_mixin.py:188} INFO - [2025-07-11T09:52:34.822+0000] {dag.py:3036} INFO - Sync 1 DAGs
[2025-07-11T09:52:34.839+0000] {logging_mixin.py:188} INFO - [2025-07-11T09:52:34.839+0000] {dag.py:3823} INFO - Setting next_dagrun for example_params_ui_tutorial to None, run_after=None
[2025-07-11T09:52:34.869+0000] {processor.py:183} INFO - Processing /home/airflow/.local/lib/python3.8/site-packages/airflow/example_dags/example_params_ui_tutorial.py took 0.156 seconds
[2025-07-11T09:53:05.319+0000] {processor.py:161} INFO - Started process (PID=2084) to work on /home/airflow/.local/lib/python3.8/site-packages/airflow/example_dags/example_params_ui_tutorial.py
[2025-07-11T09:53:05.321+0000] {processor.py:830} INFO - Processing file /home/airflow/.local/lib/python3.8/site-packages/airflow/example_dags/example_params_ui_tutorial.py for tasks to queue
[2025-07-11T09:53:05.323+0000] {logging_mixin.py:188} INFO - [2025-07-11T09:53:05.323+0000] {dagbag.py:538} INFO - Filling up the DagBag from /home/airflow/.local/lib/python3.8/site-packages/airflow/example_dags/example_params_ui_tutorial.py
[2025-07-11T09:53:05.342+0000] {processor.py:840} INFO - DAG(s) 'example_params_ui_tutorial' retrieved from /home/airflow/.local/lib/python3.8/site-packages/airflow/example_dags/example_params_ui_tutorial.py
[2025-07-11T09:53:05.431+0000] {logging_mixin.py:188} INFO - [2025-07-11T09:53:05.430+0000] {dag.py:3036} INFO - Sync 1 DAGs
[2025-07-11T09:53:05.452+0000] {logging_mixin.py:188} INFO - [2025-07-11T09:53:05.451+0000] {dag.py:3823} INFO - Setting next_dagrun for example_params_ui_tutorial to None, run_after=None
[2025-07-11T09:53:05.484+0000] {processor.py:183} INFO - Processing /home/airflow/.local/lib/python3.8/site-packages/airflow/example_dags/example_params_ui_tutorial.py took 0.169 seconds
[2025-07-11T09:53:35.530+0000] {processor.py:161} INFO - Started process (PID=2137) to work on /home/airflow/.local/lib/python3.8/site-packages/airflow/example_dags/example_params_ui_tutorial.py
[2025-07-11T09:53:35.534+0000] {processor.py:830} INFO - Processing file /home/airflow/.local/lib/python3.8/site-packages/airflow/example_dags/example_params_ui_tutorial.py for tasks to queue
[2025-07-11T09:53:35.537+0000] {logging_mixin.py:188} INFO - [2025-07-11T09:53:35.536+0000] {dagbag.py:538} INFO - Filling up the DagBag from /home/airflow/.local/lib/python3.8/site-packages/airflow/example_dags/example_params_ui_tutorial.py
[2025-07-11T09:53:35.553+0000] {processor.py:840} INFO - DAG(s) 'example_params_ui_tutorial' retrieved from /home/airflow/.local/lib/python3.8/site-packages/airflow/example_dags/example_params_ui_tutorial.py
[2025-07-11T09:53:35.651+0000] {logging_mixin.py:188} INFO - [2025-07-11T09:53:35.650+0000] {dag.py:3036} INFO - Sync 1 DAGs
[2025-07-11T09:53:35.674+0000] {logging_mixin.py:188} INFO - [2025-07-11T09:53:35.674+0000] {dag.py:3823} INFO - Setting next_dagrun for example_params_ui_tutorial to None, run_after=None
[2025-07-11T09:53:35.714+0000] {processor.py:183} INFO - Processing /home/airflow/.local/lib/python3.8/site-packages/airflow/example_dags/example_params_ui_tutorial.py took 0.189 seconds
[2025-07-11T09:54:06.342+0000] {processor.py:161} INFO - Started process (PID=2193) to work on /home/airflow/.local/lib/python3.8/site-packages/airflow/example_dags/example_params_ui_tutorial.py
[2025-07-11T09:54:06.344+0000] {processor.py:830} INFO - Processing file /home/airflow/.local/lib/python3.8/site-packages/airflow/example_dags/example_params_ui_tutorial.py for tasks to queue
[2025-07-11T09:54:06.347+0000] {logging_mixin.py:188} INFO - [2025-07-11T09:54:06.347+0000] {dagbag.py:538} INFO - Filling up the DagBag from /home/airflow/.local/lib/python3.8/site-packages/airflow/example_dags/example_params_ui_tutorial.py
[2025-07-11T09:54:06.365+0000] {processor.py:840} INFO - DAG(s) 'example_params_ui_tutorial' retrieved from /home/airflow/.local/lib/python3.8/site-packages/airflow/example_dags/example_params_ui_tutorial.py
[2025-07-11T09:54:06.475+0000] {logging_mixin.py:188} INFO - [2025-07-11T09:54:06.475+0000] {dag.py:3036} INFO - Sync 1 DAGs
[2025-07-11T09:54:06.492+0000] {logging_mixin.py:188} INFO - [2025-07-11T09:54:06.492+0000] {dag.py:3823} INFO - Setting next_dagrun for example_params_ui_tutorial to None, run_after=None
[2025-07-11T09:54:06.525+0000] {processor.py:183} INFO - Processing /home/airflow/.local/lib/python3.8/site-packages/airflow/example_dags/example_params_ui_tutorial.py took 0.189 seconds
[2025-07-11T09:54:37.618+0000] {processor.py:161} INFO - Started process (PID=2248) to work on /home/airflow/.local/lib/python3.8/site-packages/airflow/example_dags/example_params_ui_tutorial.py
[2025-07-11T09:54:37.619+0000] {processor.py:830} INFO - Processing file /home/airflow/.local/lib/python3.8/site-packages/airflow/example_dags/example_params_ui_tutorial.py for tasks to queue
[2025-07-11T09:54:37.623+0000] {logging_mixin.py:188} INFO - [2025-07-11T09:54:37.622+0000] {dagbag.py:538} INFO - Filling up the DagBag from /home/airflow/.local/lib/python3.8/site-packages/airflow/example_dags/example_params_ui_tutorial.py
[2025-07-11T09:54:37.641+0000] {processor.py:840} INFO - DAG(s) 'example_params_ui_tutorial' retrieved from /home/airflow/.local/lib/python3.8/site-packages/airflow/example_dags/example_params_ui_tutorial.py
[2025-07-11T09:54:37.750+0000] {logging_mixin.py:188} INFO - [2025-07-11T09:54:37.749+0000] {dag.py:3036} INFO - Sync 1 DAGs
[2025-07-11T09:54:37.772+0000] {logging_mixin.py:188} INFO - [2025-07-11T09:54:37.772+0000] {dag.py:3823} INFO - Setting next_dagrun for example_params_ui_tutorial to None, run_after=None
[2025-07-11T09:54:37.808+0000] {processor.py:183} INFO - Processing /home/airflow/.local/lib/python3.8/site-packages/airflow/example_dags/example_params_ui_tutorial.py took 0.195 seconds
