[2025-07-11T09:24:59.718+0000] {processor.py:161} INFO - Started process (PID=110) to work on /home/airflow/.local/lib/python3.8/site-packages/airflow/example_dags/example_sensor_decorator.py
[2025-07-11T09:24:59.719+0000] {processor.py:830} INFO - Processing file /home/airflow/.local/lib/python3.8/site-packages/airflow/example_dags/example_sensor_decorator.py for tasks to queue
[2025-07-11T09:24:59.722+0000] {logging_mixin.py:188} INFO - [2025-07-11T09:24:59.721+0000] {dagbag.py:538} INFO - Filling up the DagBag from /home/airflow/.local/lib/python3.8/site-packages/airflow/example_dags/example_sensor_decorator.py
[2025-07-11T09:24:59.735+0000] {processor.py:840} INFO - DAG(s) 'example_sensor_decorator' retrieved from /home/airflow/.local/lib/python3.8/site-packages/airflow/example_dags/example_sensor_decorator.py
[2025-07-11T09:24:59.904+0000] {logging_mixin.py:188} INFO - [2025-07-11T09:24:59.903+0000] {override.py:1769} INFO - Created Permission View: can edit on DAG:example_sensor_decorator
[2025-07-11T09:24:59.925+0000] {logging_mixin.py:188} INFO - [2025-07-11T09:24:59.925+0000] {override.py:1769} INFO - Created Permission View: can delete on DAG:example_sensor_decorator
[2025-07-11T09:24:59.941+0000] {logging_mixin.py:188} INFO - [2025-07-11T09:24:59.940+0000] {override.py:1769} INFO - Created Permission View: can read on DAG:example_sensor_decorator
[2025-07-11T09:24:59.941+0000] {logging_mixin.py:188} INFO - [2025-07-11T09:24:59.941+0000] {dag.py:3036} INFO - Sync 1 DAGs
[2025-07-11T09:24:59.959+0000] {logging_mixin.py:188} INFO - [2025-07-11T09:24:59.959+0000] {dag.py:3058} INFO - Creating ORM DAG for example_sensor_decorator
[2025-07-11T09:24:59.961+0000] {logging_mixin.py:188} INFO - [2025-07-11T09:24:59.960+0000] {dag.py:3823} INFO - Setting next_dagrun for example_sensor_decorator to None, run_after=None
[2025-07-11T09:24:59.996+0000] {processor.py:183} INFO - Processing /home/airflow/.local/lib/python3.8/site-packages/airflow/example_dags/example_sensor_decorator.py took 0.283 seconds
[2025-07-11T09:25:30.265+0000] {processor.py:161} INFO - Started process (PID=165) to work on /home/airflow/.local/lib/python3.8/site-packages/airflow/example_dags/example_sensor_decorator.py
[2025-07-11T09:25:30.267+0000] {processor.py:830} INFO - Processing file /home/airflow/.local/lib/python3.8/site-packages/airflow/example_dags/example_sensor_decorator.py for tasks to queue
[2025-07-11T09:25:30.270+0000] {logging_mixin.py:188} INFO - [2025-07-11T09:25:30.269+0000] {dagbag.py:538} INFO - Filling up the DagBag from /home/airflow/.local/lib/python3.8/site-packages/airflow/example_dags/example_sensor_decorator.py
[2025-07-11T09:25:30.278+0000] {processor.py:840} INFO - DAG(s) 'example_sensor_decorator' retrieved from /home/airflow/.local/lib/python3.8/site-packages/airflow/example_dags/example_sensor_decorator.py
[2025-07-11T09:25:30.305+0000] {logging_mixin.py:188} INFO - [2025-07-11T09:25:30.305+0000] {dag.py:3036} INFO - Sync 1 DAGs
[2025-07-11T09:25:30.322+0000] {logging_mixin.py:188} INFO - [2025-07-11T09:25:30.322+0000] {dag.py:3823} INFO - Setting next_dagrun for example_sensor_decorator to None, run_after=None
[2025-07-11T09:25:30.350+0000] {processor.py:183} INFO - Processing /home/airflow/.local/lib/python3.8/site-packages/airflow/example_dags/example_sensor_decorator.py took 0.089 seconds
[2025-07-11T09:26:00.551+0000] {processor.py:161} INFO - Started process (PID=220) to work on /home/airflow/.local/lib/python3.8/site-packages/airflow/example_dags/example_sensor_decorator.py
[2025-07-11T09:26:00.553+0000] {processor.py:830} INFO - Processing file /home/airflow/.local/lib/python3.8/site-packages/airflow/example_dags/example_sensor_decorator.py for tasks to queue
[2025-07-11T09:26:00.555+0000] {logging_mixin.py:188} INFO - [2025-07-11T09:26:00.555+0000] {dagbag.py:538} INFO - Filling up the DagBag from /home/airflow/.local/lib/python3.8/site-packages/airflow/example_dags/example_sensor_decorator.py
[2025-07-11T09:26:00.564+0000] {processor.py:840} INFO - DAG(s) 'example_sensor_decorator' retrieved from /home/airflow/.local/lib/python3.8/site-packages/airflow/example_dags/example_sensor_decorator.py
[2025-07-11T09:26:00.594+0000] {logging_mixin.py:188} INFO - [2025-07-11T09:26:00.594+0000] {dag.py:3036} INFO - Sync 1 DAGs
[2025-07-11T09:26:00.612+0000] {logging_mixin.py:188} INFO - [2025-07-11T09:26:00.611+0000] {dag.py:3823} INFO - Setting next_dagrun for example_sensor_decorator to None, run_after=None
[2025-07-11T09:26:00.648+0000] {processor.py:183} INFO - Processing /home/airflow/.local/lib/python3.8/site-packages/airflow/example_dags/example_sensor_decorator.py took 0.101 seconds
[2025-07-11T09:26:30.997+0000] {processor.py:161} INFO - Started process (PID=275) to work on /home/airflow/.local/lib/python3.8/site-packages/airflow/example_dags/example_sensor_decorator.py
[2025-07-11T09:26:30.998+0000] {processor.py:830} INFO - Processing file /home/airflow/.local/lib/python3.8/site-packages/airflow/example_dags/example_sensor_decorator.py for tasks to queue
[2025-07-11T09:26:31.001+0000] {logging_mixin.py:188} INFO - [2025-07-11T09:26:31.000+0000] {dagbag.py:538} INFO - Filling up the DagBag from /home/airflow/.local/lib/python3.8/site-packages/airflow/example_dags/example_sensor_decorator.py
[2025-07-11T09:26:31.009+0000] {processor.py:840} INFO - DAG(s) 'example_sensor_decorator' retrieved from /home/airflow/.local/lib/python3.8/site-packages/airflow/example_dags/example_sensor_decorator.py
[2025-07-11T09:26:31.038+0000] {logging_mixin.py:188} INFO - [2025-07-11T09:26:31.037+0000] {dag.py:3036} INFO - Sync 1 DAGs
[2025-07-11T09:26:31.056+0000] {logging_mixin.py:188} INFO - [2025-07-11T09:26:31.056+0000] {dag.py:3823} INFO - Setting next_dagrun for example_sensor_decorator to None, run_after=None
[2025-07-11T09:26:31.089+0000] {processor.py:183} INFO - Processing /home/airflow/.local/lib/python3.8/site-packages/airflow/example_dags/example_sensor_decorator.py took 0.096 seconds
[2025-07-11T09:27:01.379+0000] {processor.py:161} INFO - Started process (PID=330) to work on /home/airflow/.local/lib/python3.8/site-packages/airflow/example_dags/example_sensor_decorator.py
[2025-07-11T09:27:01.381+0000] {processor.py:830} INFO - Processing file /home/airflow/.local/lib/python3.8/site-packages/airflow/example_dags/example_sensor_decorator.py for tasks to queue
[2025-07-11T09:27:01.383+0000] {logging_mixin.py:188} INFO - [2025-07-11T09:27:01.383+0000] {dagbag.py:538} INFO - Filling up the DagBag from /home/airflow/.local/lib/python3.8/site-packages/airflow/example_dags/example_sensor_decorator.py
[2025-07-11T09:27:01.393+0000] {processor.py:840} INFO - DAG(s) 'example_sensor_decorator' retrieved from /home/airflow/.local/lib/python3.8/site-packages/airflow/example_dags/example_sensor_decorator.py
[2025-07-11T09:27:01.422+0000] {logging_mixin.py:188} INFO - [2025-07-11T09:27:01.422+0000] {dag.py:3036} INFO - Sync 1 DAGs
[2025-07-11T09:27:01.446+0000] {logging_mixin.py:188} INFO - [2025-07-11T09:27:01.446+0000] {dag.py:3823} INFO - Setting next_dagrun for example_sensor_decorator to None, run_after=None
[2025-07-11T09:27:01.479+0000] {processor.py:183} INFO - Processing /home/airflow/.local/lib/python3.8/site-packages/airflow/example_dags/example_sensor_decorator.py took 0.104 seconds
[2025-07-11T09:28:26.998+0000] {processor.py:161} INFO - Started process (PID=111) to work on /home/airflow/.local/lib/python3.8/site-packages/airflow/example_dags/example_sensor_decorator.py
[2025-07-11T09:28:26.999+0000] {processor.py:830} INFO - Processing file /home/airflow/.local/lib/python3.8/site-packages/airflow/example_dags/example_sensor_decorator.py for tasks to queue
[2025-07-11T09:28:27.001+0000] {logging_mixin.py:188} INFO - [2025-07-11T09:28:27.001+0000] {dagbag.py:538} INFO - Filling up the DagBag from /home/airflow/.local/lib/python3.8/site-packages/airflow/example_dags/example_sensor_decorator.py
[2025-07-11T09:28:27.010+0000] {processor.py:840} INFO - DAG(s) 'example_sensor_decorator' retrieved from /home/airflow/.local/lib/python3.8/site-packages/airflow/example_dags/example_sensor_decorator.py
[2025-07-11T09:28:27.164+0000] {logging_mixin.py:188} INFO - [2025-07-11T09:28:27.163+0000] {override.py:1769} INFO - Created Permission View: can read on DAG:example_sensor_decorator
[2025-07-11T09:28:27.181+0000] {logging_mixin.py:188} INFO - [2025-07-11T09:28:27.180+0000] {override.py:1769} INFO - Created Permission View: can delete on DAG:example_sensor_decorator
[2025-07-11T09:28:27.193+0000] {logging_mixin.py:188} INFO - [2025-07-11T09:28:27.192+0000] {override.py:1769} INFO - Created Permission View: can edit on DAG:example_sensor_decorator
[2025-07-11T09:28:27.193+0000] {logging_mixin.py:188} INFO - [2025-07-11T09:28:27.193+0000] {dag.py:3036} INFO - Sync 1 DAGs
[2025-07-11T09:28:27.212+0000] {logging_mixin.py:188} INFO - [2025-07-11T09:28:27.212+0000] {dag.py:3058} INFO - Creating ORM DAG for example_sensor_decorator
[2025-07-11T09:28:27.213+0000] {logging_mixin.py:188} INFO - [2025-07-11T09:28:27.213+0000] {dag.py:3823} INFO - Setting next_dagrun for example_sensor_decorator to None, run_after=None
[2025-07-11T09:28:27.240+0000] {processor.py:183} INFO - Processing /home/airflow/.local/lib/python3.8/site-packages/airflow/example_dags/example_sensor_decorator.py took 0.247 seconds
[2025-07-11T09:28:57.954+0000] {processor.py:161} INFO - Started process (PID=166) to work on /home/airflow/.local/lib/python3.8/site-packages/airflow/example_dags/example_sensor_decorator.py
[2025-07-11T09:28:57.957+0000] {processor.py:830} INFO - Processing file /home/airflow/.local/lib/python3.8/site-packages/airflow/example_dags/example_sensor_decorator.py for tasks to queue
[2025-07-11T09:28:57.959+0000] {logging_mixin.py:188} INFO - [2025-07-11T09:28:57.959+0000] {dagbag.py:538} INFO - Filling up the DagBag from /home/airflow/.local/lib/python3.8/site-packages/airflow/example_dags/example_sensor_decorator.py
[2025-07-11T09:28:57.970+0000] {processor.py:840} INFO - DAG(s) 'example_sensor_decorator' retrieved from /home/airflow/.local/lib/python3.8/site-packages/airflow/example_dags/example_sensor_decorator.py
[2025-07-11T09:28:58.001+0000] {logging_mixin.py:188} INFO - [2025-07-11T09:28:58.000+0000] {dag.py:3036} INFO - Sync 1 DAGs
[2025-07-11T09:28:58.021+0000] {logging_mixin.py:188} INFO - [2025-07-11T09:28:58.021+0000] {dag.py:3823} INFO - Setting next_dagrun for example_sensor_decorator to None, run_after=None
[2025-07-11T09:28:58.053+0000] {processor.py:183} INFO - Processing /home/airflow/.local/lib/python3.8/site-packages/airflow/example_dags/example_sensor_decorator.py took 0.104 seconds
[2025-07-11T09:29:28.300+0000] {processor.py:161} INFO - Started process (PID=221) to work on /home/airflow/.local/lib/python3.8/site-packages/airflow/example_dags/example_sensor_decorator.py
[2025-07-11T09:29:28.303+0000] {processor.py:830} INFO - Processing file /home/airflow/.local/lib/python3.8/site-packages/airflow/example_dags/example_sensor_decorator.py for tasks to queue
[2025-07-11T09:29:28.306+0000] {logging_mixin.py:188} INFO - [2025-07-11T09:29:28.305+0000] {dagbag.py:538} INFO - Filling up the DagBag from /home/airflow/.local/lib/python3.8/site-packages/airflow/example_dags/example_sensor_decorator.py
[2025-07-11T09:29:28.316+0000] {processor.py:840} INFO - DAG(s) 'example_sensor_decorator' retrieved from /home/airflow/.local/lib/python3.8/site-packages/airflow/example_dags/example_sensor_decorator.py
[2025-07-11T09:29:28.349+0000] {logging_mixin.py:188} INFO - [2025-07-11T09:29:28.348+0000] {dag.py:3036} INFO - Sync 1 DAGs
[2025-07-11T09:29:28.366+0000] {logging_mixin.py:188} INFO - [2025-07-11T09:29:28.365+0000] {dag.py:3823} INFO - Setting next_dagrun for example_sensor_decorator to None, run_after=None
[2025-07-11T09:29:28.398+0000] {processor.py:183} INFO - Processing /home/airflow/.local/lib/python3.8/site-packages/airflow/example_dags/example_sensor_decorator.py took 0.104 seconds
[2025-07-11T09:29:58.480+0000] {processor.py:161} INFO - Started process (PID=276) to work on /home/airflow/.local/lib/python3.8/site-packages/airflow/example_dags/example_sensor_decorator.py
[2025-07-11T09:29:58.483+0000] {processor.py:830} INFO - Processing file /home/airflow/.local/lib/python3.8/site-packages/airflow/example_dags/example_sensor_decorator.py for tasks to queue
[2025-07-11T09:29:58.486+0000] {logging_mixin.py:188} INFO - [2025-07-11T09:29:58.485+0000] {dagbag.py:538} INFO - Filling up the DagBag from /home/airflow/.local/lib/python3.8/site-packages/airflow/example_dags/example_sensor_decorator.py
[2025-07-11T09:29:58.495+0000] {processor.py:840} INFO - DAG(s) 'example_sensor_decorator' retrieved from /home/airflow/.local/lib/python3.8/site-packages/airflow/example_dags/example_sensor_decorator.py
[2025-07-11T09:29:58.522+0000] {logging_mixin.py:188} INFO - [2025-07-11T09:29:58.521+0000] {dag.py:3036} INFO - Sync 1 DAGs
[2025-07-11T09:29:58.545+0000] {logging_mixin.py:188} INFO - [2025-07-11T09:29:58.545+0000] {dag.py:3823} INFO - Setting next_dagrun for example_sensor_decorator to None, run_after=None
[2025-07-11T09:29:58.581+0000] {processor.py:183} INFO - Processing /home/airflow/.local/lib/python3.8/site-packages/airflow/example_dags/example_sensor_decorator.py took 0.106 seconds
[2025-07-11T09:30:29.352+0000] {processor.py:161} INFO - Started process (PID=331) to work on /home/airflow/.local/lib/python3.8/site-packages/airflow/example_dags/example_sensor_decorator.py
[2025-07-11T09:30:29.355+0000] {processor.py:830} INFO - Processing file /home/airflow/.local/lib/python3.8/site-packages/airflow/example_dags/example_sensor_decorator.py for tasks to queue
[2025-07-11T09:30:29.358+0000] {logging_mixin.py:188} INFO - [2025-07-11T09:30:29.358+0000] {dagbag.py:538} INFO - Filling up the DagBag from /home/airflow/.local/lib/python3.8/site-packages/airflow/example_dags/example_sensor_decorator.py
[2025-07-11T09:30:29.370+0000] {processor.py:840} INFO - DAG(s) 'example_sensor_decorator' retrieved from /home/airflow/.local/lib/python3.8/site-packages/airflow/example_dags/example_sensor_decorator.py
[2025-07-11T09:30:29.404+0000] {logging_mixin.py:188} INFO - [2025-07-11T09:30:29.403+0000] {dag.py:3036} INFO - Sync 1 DAGs
[2025-07-11T09:30:29.426+0000] {logging_mixin.py:188} INFO - [2025-07-11T09:30:29.426+0000] {dag.py:3823} INFO - Setting next_dagrun for example_sensor_decorator to None, run_after=None
[2025-07-11T09:30:29.468+0000] {processor.py:183} INFO - Processing /home/airflow/.local/lib/python3.8/site-packages/airflow/example_dags/example_sensor_decorator.py took 0.122 seconds
[2025-07-11T09:31:00.004+0000] {processor.py:161} INFO - Started process (PID=386) to work on /home/airflow/.local/lib/python3.8/site-packages/airflow/example_dags/example_sensor_decorator.py
[2025-07-11T09:31:00.005+0000] {processor.py:830} INFO - Processing file /home/airflow/.local/lib/python3.8/site-packages/airflow/example_dags/example_sensor_decorator.py for tasks to queue
[2025-07-11T09:31:00.008+0000] {logging_mixin.py:188} INFO - [2025-07-11T09:31:00.007+0000] {dagbag.py:538} INFO - Filling up the DagBag from /home/airflow/.local/lib/python3.8/site-packages/airflow/example_dags/example_sensor_decorator.py
[2025-07-11T09:31:00.017+0000] {processor.py:840} INFO - DAG(s) 'example_sensor_decorator' retrieved from /home/airflow/.local/lib/python3.8/site-packages/airflow/example_dags/example_sensor_decorator.py
[2025-07-11T09:31:00.046+0000] {logging_mixin.py:188} INFO - [2025-07-11T09:31:00.046+0000] {dag.py:3036} INFO - Sync 1 DAGs
[2025-07-11T09:31:00.064+0000] {logging_mixin.py:188} INFO - [2025-07-11T09:31:00.064+0000] {dag.py:3823} INFO - Setting next_dagrun for example_sensor_decorator to None, run_after=None
[2025-07-11T09:31:00.092+0000] {processor.py:183} INFO - Processing /home/airflow/.local/lib/python3.8/site-packages/airflow/example_dags/example_sensor_decorator.py took 0.093 seconds
[2025-07-11T09:31:30.248+0000] {processor.py:161} INFO - Started process (PID=441) to work on /home/airflow/.local/lib/python3.8/site-packages/airflow/example_dags/example_sensor_decorator.py
[2025-07-11T09:31:30.250+0000] {processor.py:830} INFO - Processing file /home/airflow/.local/lib/python3.8/site-packages/airflow/example_dags/example_sensor_decorator.py for tasks to queue
[2025-07-11T09:31:30.254+0000] {logging_mixin.py:188} INFO - [2025-07-11T09:31:30.253+0000] {dagbag.py:538} INFO - Filling up the DagBag from /home/airflow/.local/lib/python3.8/site-packages/airflow/example_dags/example_sensor_decorator.py
[2025-07-11T09:31:30.264+0000] {processor.py:840} INFO - DAG(s) 'example_sensor_decorator' retrieved from /home/airflow/.local/lib/python3.8/site-packages/airflow/example_dags/example_sensor_decorator.py
[2025-07-11T09:31:30.295+0000] {logging_mixin.py:188} INFO - [2025-07-11T09:31:30.295+0000] {dag.py:3036} INFO - Sync 1 DAGs
[2025-07-11T09:31:30.315+0000] {logging_mixin.py:188} INFO - [2025-07-11T09:31:30.315+0000] {dag.py:3823} INFO - Setting next_dagrun for example_sensor_decorator to None, run_after=None
[2025-07-11T09:31:30.350+0000] {processor.py:183} INFO - Processing /home/airflow/.local/lib/python3.8/site-packages/airflow/example_dags/example_sensor_decorator.py took 0.107 seconds
[2025-07-11T09:32:00.540+0000] {processor.py:161} INFO - Started process (PID=496) to work on /home/airflow/.local/lib/python3.8/site-packages/airflow/example_dags/example_sensor_decorator.py
[2025-07-11T09:32:00.541+0000] {processor.py:830} INFO - Processing file /home/airflow/.local/lib/python3.8/site-packages/airflow/example_dags/example_sensor_decorator.py for tasks to queue
[2025-07-11T09:32:00.544+0000] {logging_mixin.py:188} INFO - [2025-07-11T09:32:00.543+0000] {dagbag.py:538} INFO - Filling up the DagBag from /home/airflow/.local/lib/python3.8/site-packages/airflow/example_dags/example_sensor_decorator.py
[2025-07-11T09:32:00.552+0000] {processor.py:840} INFO - DAG(s) 'example_sensor_decorator' retrieved from /home/airflow/.local/lib/python3.8/site-packages/airflow/example_dags/example_sensor_decorator.py
[2025-07-11T09:32:00.580+0000] {logging_mixin.py:188} INFO - [2025-07-11T09:32:00.580+0000] {dag.py:3036} INFO - Sync 1 DAGs
[2025-07-11T09:32:00.598+0000] {logging_mixin.py:188} INFO - [2025-07-11T09:32:00.598+0000] {dag.py:3823} INFO - Setting next_dagrun for example_sensor_decorator to None, run_after=None
[2025-07-11T09:32:00.630+0000] {processor.py:183} INFO - Processing /home/airflow/.local/lib/python3.8/site-packages/airflow/example_dags/example_sensor_decorator.py took 0.095 seconds
[2025-07-11T09:32:30.983+0000] {processor.py:161} INFO - Started process (PID=551) to work on /home/airflow/.local/lib/python3.8/site-packages/airflow/example_dags/example_sensor_decorator.py
[2025-07-11T09:32:30.985+0000] {processor.py:830} INFO - Processing file /home/airflow/.local/lib/python3.8/site-packages/airflow/example_dags/example_sensor_decorator.py for tasks to queue
[2025-07-11T09:32:30.987+0000] {logging_mixin.py:188} INFO - [2025-07-11T09:32:30.987+0000] {dagbag.py:538} INFO - Filling up the DagBag from /home/airflow/.local/lib/python3.8/site-packages/airflow/example_dags/example_sensor_decorator.py
[2025-07-11T09:32:30.996+0000] {processor.py:840} INFO - DAG(s) 'example_sensor_decorator' retrieved from /home/airflow/.local/lib/python3.8/site-packages/airflow/example_dags/example_sensor_decorator.py
[2025-07-11T09:32:31.025+0000] {logging_mixin.py:188} INFO - [2025-07-11T09:32:31.024+0000] {dag.py:3036} INFO - Sync 1 DAGs
[2025-07-11T09:32:31.045+0000] {logging_mixin.py:188} INFO - [2025-07-11T09:32:31.044+0000] {dag.py:3823} INFO - Setting next_dagrun for example_sensor_decorator to None, run_after=None
[2025-07-11T09:32:31.084+0000] {processor.py:183} INFO - Processing /home/airflow/.local/lib/python3.8/site-packages/airflow/example_dags/example_sensor_decorator.py took 0.105 seconds
[2025-07-11T09:33:01.460+0000] {processor.py:161} INFO - Started process (PID=606) to work on /home/airflow/.local/lib/python3.8/site-packages/airflow/example_dags/example_sensor_decorator.py
[2025-07-11T09:33:01.462+0000] {processor.py:830} INFO - Processing file /home/airflow/.local/lib/python3.8/site-packages/airflow/example_dags/example_sensor_decorator.py for tasks to queue
[2025-07-11T09:33:01.465+0000] {logging_mixin.py:188} INFO - [2025-07-11T09:33:01.464+0000] {dagbag.py:538} INFO - Filling up the DagBag from /home/airflow/.local/lib/python3.8/site-packages/airflow/example_dags/example_sensor_decorator.py
[2025-07-11T09:33:01.474+0000] {processor.py:840} INFO - DAG(s) 'example_sensor_decorator' retrieved from /home/airflow/.local/lib/python3.8/site-packages/airflow/example_dags/example_sensor_decorator.py
[2025-07-11T09:33:01.507+0000] {logging_mixin.py:188} INFO - [2025-07-11T09:33:01.507+0000] {dag.py:3036} INFO - Sync 1 DAGs
[2025-07-11T09:33:01.525+0000] {logging_mixin.py:188} INFO - [2025-07-11T09:33:01.525+0000] {dag.py:3823} INFO - Setting next_dagrun for example_sensor_decorator to None, run_after=None
[2025-07-11T09:33:01.553+0000] {processor.py:183} INFO - Processing /home/airflow/.local/lib/python3.8/site-packages/airflow/example_dags/example_sensor_decorator.py took 0.100 seconds
[2025-07-11T09:33:31.765+0000] {processor.py:161} INFO - Started process (PID=661) to work on /home/airflow/.local/lib/python3.8/site-packages/airflow/example_dags/example_sensor_decorator.py
[2025-07-11T09:33:31.767+0000] {processor.py:830} INFO - Processing file /home/airflow/.local/lib/python3.8/site-packages/airflow/example_dags/example_sensor_decorator.py for tasks to queue
[2025-07-11T09:33:31.769+0000] {logging_mixin.py:188} INFO - [2025-07-11T09:33:31.769+0000] {dagbag.py:538} INFO - Filling up the DagBag from /home/airflow/.local/lib/python3.8/site-packages/airflow/example_dags/example_sensor_decorator.py
[2025-07-11T09:33:31.778+0000] {processor.py:840} INFO - DAG(s) 'example_sensor_decorator' retrieved from /home/airflow/.local/lib/python3.8/site-packages/airflow/example_dags/example_sensor_decorator.py
[2025-07-11T09:33:31.806+0000] {logging_mixin.py:188} INFO - [2025-07-11T09:33:31.806+0000] {dag.py:3036} INFO - Sync 1 DAGs
[2025-07-11T09:33:31.827+0000] {logging_mixin.py:188} INFO - [2025-07-11T09:33:31.826+0000] {dag.py:3823} INFO - Setting next_dagrun for example_sensor_decorator to None, run_after=None
[2025-07-11T09:33:31.861+0000] {processor.py:183} INFO - Processing /home/airflow/.local/lib/python3.8/site-packages/airflow/example_dags/example_sensor_decorator.py took 0.101 seconds
[2025-07-11T09:34:49.249+0000] {processor.py:161} INFO - Started process (PID=112) to work on /home/airflow/.local/lib/python3.8/site-packages/airflow/example_dags/example_sensor_decorator.py
[2025-07-11T09:34:49.251+0000] {processor.py:830} INFO - Processing file /home/airflow/.local/lib/python3.8/site-packages/airflow/example_dags/example_sensor_decorator.py for tasks to queue
[2025-07-11T09:34:49.253+0000] {logging_mixin.py:188} INFO - [2025-07-11T09:34:49.253+0000] {dagbag.py:538} INFO - Filling up the DagBag from /home/airflow/.local/lib/python3.8/site-packages/airflow/example_dags/example_sensor_decorator.py
[2025-07-11T09:34:49.262+0000] {processor.py:840} INFO - DAG(s) 'example_sensor_decorator' retrieved from /home/airflow/.local/lib/python3.8/site-packages/airflow/example_dags/example_sensor_decorator.py
[2025-07-11T09:34:49.410+0000] {logging_mixin.py:188} INFO - [2025-07-11T09:34:49.409+0000] {override.py:1769} INFO - Created Permission View: can edit on DAG:example_sensor_decorator
[2025-07-11T09:34:49.428+0000] {logging_mixin.py:188} INFO - [2025-07-11T09:34:49.428+0000] {override.py:1769} INFO - Created Permission View: can delete on DAG:example_sensor_decorator
[2025-07-11T09:34:49.441+0000] {logging_mixin.py:188} INFO - [2025-07-11T09:34:49.441+0000] {override.py:1769} INFO - Created Permission View: can read on DAG:example_sensor_decorator
[2025-07-11T09:34:49.442+0000] {logging_mixin.py:188} INFO - [2025-07-11T09:34:49.442+0000] {dag.py:3036} INFO - Sync 1 DAGs
[2025-07-11T09:34:49.458+0000] {logging_mixin.py:188} INFO - [2025-07-11T09:34:49.458+0000] {dag.py:3058} INFO - Creating ORM DAG for example_sensor_decorator
[2025-07-11T09:34:49.459+0000] {logging_mixin.py:188} INFO - [2025-07-11T09:34:49.459+0000] {dag.py:3823} INFO - Setting next_dagrun for example_sensor_decorator to None, run_after=None
[2025-07-11T09:34:49.487+0000] {processor.py:183} INFO - Processing /home/airflow/.local/lib/python3.8/site-packages/airflow/example_dags/example_sensor_decorator.py took 0.242 seconds
[2025-07-11T09:35:19.952+0000] {processor.py:161} INFO - Started process (PID=167) to work on /home/airflow/.local/lib/python3.8/site-packages/airflow/example_dags/example_sensor_decorator.py
[2025-07-11T09:35:19.954+0000] {processor.py:830} INFO - Processing file /home/airflow/.local/lib/python3.8/site-packages/airflow/example_dags/example_sensor_decorator.py for tasks to queue
[2025-07-11T09:35:19.956+0000] {logging_mixin.py:188} INFO - [2025-07-11T09:35:19.955+0000] {dagbag.py:538} INFO - Filling up the DagBag from /home/airflow/.local/lib/python3.8/site-packages/airflow/example_dags/example_sensor_decorator.py
[2025-07-11T09:35:19.968+0000] {processor.py:840} INFO - DAG(s) 'example_sensor_decorator' retrieved from /home/airflow/.local/lib/python3.8/site-packages/airflow/example_dags/example_sensor_decorator.py
[2025-07-11T09:35:19.996+0000] {logging_mixin.py:188} INFO - [2025-07-11T09:35:19.995+0000] {dag.py:3036} INFO - Sync 1 DAGs
[2025-07-11T09:35:20.015+0000] {logging_mixin.py:188} INFO - [2025-07-11T09:35:20.014+0000] {dag.py:3823} INFO - Setting next_dagrun for example_sensor_decorator to None, run_after=None
[2025-07-11T09:35:20.050+0000] {processor.py:183} INFO - Processing /home/airflow/.local/lib/python3.8/site-packages/airflow/example_dags/example_sensor_decorator.py took 0.103 seconds
[2025-07-11T09:35:50.177+0000] {processor.py:161} INFO - Started process (PID=222) to work on /home/airflow/.local/lib/python3.8/site-packages/airflow/example_dags/example_sensor_decorator.py
[2025-07-11T09:35:50.178+0000] {processor.py:830} INFO - Processing file /home/airflow/.local/lib/python3.8/site-packages/airflow/example_dags/example_sensor_decorator.py for tasks to queue
[2025-07-11T09:35:50.180+0000] {logging_mixin.py:188} INFO - [2025-07-11T09:35:50.180+0000] {dagbag.py:538} INFO - Filling up the DagBag from /home/airflow/.local/lib/python3.8/site-packages/airflow/example_dags/example_sensor_decorator.py
[2025-07-11T09:35:50.189+0000] {processor.py:840} INFO - DAG(s) 'example_sensor_decorator' retrieved from /home/airflow/.local/lib/python3.8/site-packages/airflow/example_dags/example_sensor_decorator.py
[2025-07-11T09:35:50.218+0000] {logging_mixin.py:188} INFO - [2025-07-11T09:35:50.217+0000] {dag.py:3036} INFO - Sync 1 DAGs
[2025-07-11T09:35:50.238+0000] {logging_mixin.py:188} INFO - [2025-07-11T09:35:50.237+0000] {dag.py:3823} INFO - Setting next_dagrun for example_sensor_decorator to None, run_after=None
[2025-07-11T09:35:50.272+0000] {processor.py:183} INFO - Processing /home/airflow/.local/lib/python3.8/site-packages/airflow/example_dags/example_sensor_decorator.py took 0.099 seconds
[2025-07-11T09:36:20.474+0000] {processor.py:161} INFO - Started process (PID=277) to work on /home/airflow/.local/lib/python3.8/site-packages/airflow/example_dags/example_sensor_decorator.py
[2025-07-11T09:36:20.476+0000] {processor.py:830} INFO - Processing file /home/airflow/.local/lib/python3.8/site-packages/airflow/example_dags/example_sensor_decorator.py for tasks to queue
[2025-07-11T09:36:20.478+0000] {logging_mixin.py:188} INFO - [2025-07-11T09:36:20.478+0000] {dagbag.py:538} INFO - Filling up the DagBag from /home/airflow/.local/lib/python3.8/site-packages/airflow/example_dags/example_sensor_decorator.py
[2025-07-11T09:36:20.486+0000] {processor.py:840} INFO - DAG(s) 'example_sensor_decorator' retrieved from /home/airflow/.local/lib/python3.8/site-packages/airflow/example_dags/example_sensor_decorator.py
[2025-07-11T09:36:20.512+0000] {logging_mixin.py:188} INFO - [2025-07-11T09:36:20.512+0000] {dag.py:3036} INFO - Sync 1 DAGs
[2025-07-11T09:36:20.530+0000] {logging_mixin.py:188} INFO - [2025-07-11T09:36:20.530+0000] {dag.py:3823} INFO - Setting next_dagrun for example_sensor_decorator to None, run_after=None
[2025-07-11T09:36:20.558+0000] {processor.py:183} INFO - Processing /home/airflow/.local/lib/python3.8/site-packages/airflow/example_dags/example_sensor_decorator.py took 0.089 seconds
[2025-07-11T09:36:50.789+0000] {processor.py:161} INFO - Started process (PID=332) to work on /home/airflow/.local/lib/python3.8/site-packages/airflow/example_dags/example_sensor_decorator.py
[2025-07-11T09:36:50.791+0000] {processor.py:830} INFO - Processing file /home/airflow/.local/lib/python3.8/site-packages/airflow/example_dags/example_sensor_decorator.py for tasks to queue
[2025-07-11T09:36:50.793+0000] {logging_mixin.py:188} INFO - [2025-07-11T09:36:50.792+0000] {dagbag.py:538} INFO - Filling up the DagBag from /home/airflow/.local/lib/python3.8/site-packages/airflow/example_dags/example_sensor_decorator.py
[2025-07-11T09:36:50.802+0000] {processor.py:840} INFO - DAG(s) 'example_sensor_decorator' retrieved from /home/airflow/.local/lib/python3.8/site-packages/airflow/example_dags/example_sensor_decorator.py
[2025-07-11T09:36:50.829+0000] {logging_mixin.py:188} INFO - [2025-07-11T09:36:50.829+0000] {dag.py:3036} INFO - Sync 1 DAGs
[2025-07-11T09:36:50.846+0000] {logging_mixin.py:188} INFO - [2025-07-11T09:36:50.845+0000] {dag.py:3823} INFO - Setting next_dagrun for example_sensor_decorator to None, run_after=None
[2025-07-11T09:36:50.875+0000] {processor.py:183} INFO - Processing /home/airflow/.local/lib/python3.8/site-packages/airflow/example_dags/example_sensor_decorator.py took 0.090 seconds
[2025-07-11T09:37:21.387+0000] {processor.py:161} INFO - Started process (PID=387) to work on /home/airflow/.local/lib/python3.8/site-packages/airflow/example_dags/example_sensor_decorator.py
[2025-07-11T09:37:21.389+0000] {processor.py:830} INFO - Processing file /home/airflow/.local/lib/python3.8/site-packages/airflow/example_dags/example_sensor_decorator.py for tasks to queue
[2025-07-11T09:37:21.391+0000] {logging_mixin.py:188} INFO - [2025-07-11T09:37:21.391+0000] {dagbag.py:538} INFO - Filling up the DagBag from /home/airflow/.local/lib/python3.8/site-packages/airflow/example_dags/example_sensor_decorator.py
[2025-07-11T09:37:21.399+0000] {processor.py:840} INFO - DAG(s) 'example_sensor_decorator' retrieved from /home/airflow/.local/lib/python3.8/site-packages/airflow/example_dags/example_sensor_decorator.py
[2025-07-11T09:37:21.429+0000] {logging_mixin.py:188} INFO - [2025-07-11T09:37:21.429+0000] {dag.py:3036} INFO - Sync 1 DAGs
[2025-07-11T09:37:21.447+0000] {logging_mixin.py:188} INFO - [2025-07-11T09:37:21.447+0000] {dag.py:3823} INFO - Setting next_dagrun for example_sensor_decorator to None, run_after=None
[2025-07-11T09:37:21.483+0000] {processor.py:183} INFO - Processing /home/airflow/.local/lib/python3.8/site-packages/airflow/example_dags/example_sensor_decorator.py took 0.101 seconds
[2025-07-11T09:37:52.297+0000] {processor.py:161} INFO - Started process (PID=442) to work on /home/airflow/.local/lib/python3.8/site-packages/airflow/example_dags/example_sensor_decorator.py
[2025-07-11T09:37:52.298+0000] {processor.py:830} INFO - Processing file /home/airflow/.local/lib/python3.8/site-packages/airflow/example_dags/example_sensor_decorator.py for tasks to queue
[2025-07-11T09:37:52.301+0000] {logging_mixin.py:188} INFO - [2025-07-11T09:37:52.300+0000] {dagbag.py:538} INFO - Filling up the DagBag from /home/airflow/.local/lib/python3.8/site-packages/airflow/example_dags/example_sensor_decorator.py
[2025-07-11T09:37:52.309+0000] {processor.py:840} INFO - DAG(s) 'example_sensor_decorator' retrieved from /home/airflow/.local/lib/python3.8/site-packages/airflow/example_dags/example_sensor_decorator.py
[2025-07-11T09:37:52.337+0000] {logging_mixin.py:188} INFO - [2025-07-11T09:37:52.337+0000] {dag.py:3036} INFO - Sync 1 DAGs
[2025-07-11T09:37:52.355+0000] {logging_mixin.py:188} INFO - [2025-07-11T09:37:52.354+0000] {dag.py:3823} INFO - Setting next_dagrun for example_sensor_decorator to None, run_after=None
[2025-07-11T09:37:52.386+0000] {processor.py:183} INFO - Processing /home/airflow/.local/lib/python3.8/site-packages/airflow/example_dags/example_sensor_decorator.py took 0.094 seconds
[2025-07-11T09:38:22.750+0000] {processor.py:161} INFO - Started process (PID=497) to work on /home/airflow/.local/lib/python3.8/site-packages/airflow/example_dags/example_sensor_decorator.py
[2025-07-11T09:38:22.751+0000] {processor.py:830} INFO - Processing file /home/airflow/.local/lib/python3.8/site-packages/airflow/example_dags/example_sensor_decorator.py for tasks to queue
[2025-07-11T09:38:22.753+0000] {logging_mixin.py:188} INFO - [2025-07-11T09:38:22.753+0000] {dagbag.py:538} INFO - Filling up the DagBag from /home/airflow/.local/lib/python3.8/site-packages/airflow/example_dags/example_sensor_decorator.py
[2025-07-11T09:38:22.762+0000] {processor.py:840} INFO - DAG(s) 'example_sensor_decorator' retrieved from /home/airflow/.local/lib/python3.8/site-packages/airflow/example_dags/example_sensor_decorator.py
[2025-07-11T09:38:22.787+0000] {logging_mixin.py:188} INFO - [2025-07-11T09:38:22.787+0000] {dag.py:3036} INFO - Sync 1 DAGs
[2025-07-11T09:38:22.804+0000] {logging_mixin.py:188} INFO - [2025-07-11T09:38:22.804+0000] {dag.py:3823} INFO - Setting next_dagrun for example_sensor_decorator to None, run_after=None
[2025-07-11T09:38:22.836+0000] {processor.py:183} INFO - Processing /home/airflow/.local/lib/python3.8/site-packages/airflow/example_dags/example_sensor_decorator.py took 0.090 seconds
[2025-07-11T09:38:53.297+0000] {processor.py:161} INFO - Started process (PID=552) to work on /home/airflow/.local/lib/python3.8/site-packages/airflow/example_dags/example_sensor_decorator.py
[2025-07-11T09:38:53.299+0000] {processor.py:830} INFO - Processing file /home/airflow/.local/lib/python3.8/site-packages/airflow/example_dags/example_sensor_decorator.py for tasks to queue
[2025-07-11T09:38:53.302+0000] {logging_mixin.py:188} INFO - [2025-07-11T09:38:53.301+0000] {dagbag.py:538} INFO - Filling up the DagBag from /home/airflow/.local/lib/python3.8/site-packages/airflow/example_dags/example_sensor_decorator.py
[2025-07-11T09:38:53.310+0000] {processor.py:840} INFO - DAG(s) 'example_sensor_decorator' retrieved from /home/airflow/.local/lib/python3.8/site-packages/airflow/example_dags/example_sensor_decorator.py
[2025-07-11T09:38:53.343+0000] {logging_mixin.py:188} INFO - [2025-07-11T09:38:53.342+0000] {dag.py:3036} INFO - Sync 1 DAGs
[2025-07-11T09:38:53.361+0000] {logging_mixin.py:188} INFO - [2025-07-11T09:38:53.361+0000] {dag.py:3823} INFO - Setting next_dagrun for example_sensor_decorator to None, run_after=None
[2025-07-11T09:38:53.393+0000] {processor.py:183} INFO - Processing /home/airflow/.local/lib/python3.8/site-packages/airflow/example_dags/example_sensor_decorator.py took 0.100 seconds
[2025-07-11T09:39:23.586+0000] {processor.py:161} INFO - Started process (PID=608) to work on /home/airflow/.local/lib/python3.8/site-packages/airflow/example_dags/example_sensor_decorator.py
[2025-07-11T09:39:23.587+0000] {processor.py:830} INFO - Processing file /home/airflow/.local/lib/python3.8/site-packages/airflow/example_dags/example_sensor_decorator.py for tasks to queue
[2025-07-11T09:39:23.589+0000] {logging_mixin.py:188} INFO - [2025-07-11T09:39:23.589+0000] {dagbag.py:538} INFO - Filling up the DagBag from /home/airflow/.local/lib/python3.8/site-packages/airflow/example_dags/example_sensor_decorator.py
[2025-07-11T09:39:23.598+0000] {processor.py:840} INFO - DAG(s) 'example_sensor_decorator' retrieved from /home/airflow/.local/lib/python3.8/site-packages/airflow/example_dags/example_sensor_decorator.py
[2025-07-11T09:39:23.629+0000] {logging_mixin.py:188} INFO - [2025-07-11T09:39:23.629+0000] {dag.py:3036} INFO - Sync 1 DAGs
[2025-07-11T09:39:23.649+0000] {logging_mixin.py:188} INFO - [2025-07-11T09:39:23.648+0000] {dag.py:3823} INFO - Setting next_dagrun for example_sensor_decorator to None, run_after=None
[2025-07-11T09:39:23.684+0000] {processor.py:183} INFO - Processing /home/airflow/.local/lib/python3.8/site-packages/airflow/example_dags/example_sensor_decorator.py took 0.102 seconds
[2025-07-11T09:39:54.038+0000] {processor.py:161} INFO - Started process (PID=663) to work on /home/airflow/.local/lib/python3.8/site-packages/airflow/example_dags/example_sensor_decorator.py
[2025-07-11T09:39:54.039+0000] {processor.py:830} INFO - Processing file /home/airflow/.local/lib/python3.8/site-packages/airflow/example_dags/example_sensor_decorator.py for tasks to queue
[2025-07-11T09:39:54.042+0000] {logging_mixin.py:188} INFO - [2025-07-11T09:39:54.041+0000] {dagbag.py:538} INFO - Filling up the DagBag from /home/airflow/.local/lib/python3.8/site-packages/airflow/example_dags/example_sensor_decorator.py
[2025-07-11T09:39:54.051+0000] {processor.py:840} INFO - DAG(s) 'example_sensor_decorator' retrieved from /home/airflow/.local/lib/python3.8/site-packages/airflow/example_dags/example_sensor_decorator.py
[2025-07-11T09:39:54.079+0000] {logging_mixin.py:188} INFO - [2025-07-11T09:39:54.079+0000] {dag.py:3036} INFO - Sync 1 DAGs
[2025-07-11T09:39:54.098+0000] {logging_mixin.py:188} INFO - [2025-07-11T09:39:54.098+0000] {dag.py:3823} INFO - Setting next_dagrun for example_sensor_decorator to None, run_after=None
[2025-07-11T09:39:54.130+0000] {processor.py:183} INFO - Processing /home/airflow/.local/lib/python3.8/site-packages/airflow/example_dags/example_sensor_decorator.py took 0.097 seconds
[2025-07-11T09:40:24.453+0000] {processor.py:161} INFO - Started process (PID=718) to work on /home/airflow/.local/lib/python3.8/site-packages/airflow/example_dags/example_sensor_decorator.py
[2025-07-11T09:40:24.455+0000] {processor.py:830} INFO - Processing file /home/airflow/.local/lib/python3.8/site-packages/airflow/example_dags/example_sensor_decorator.py for tasks to queue
[2025-07-11T09:40:24.458+0000] {logging_mixin.py:188} INFO - [2025-07-11T09:40:24.457+0000] {dagbag.py:538} INFO - Filling up the DagBag from /home/airflow/.local/lib/python3.8/site-packages/airflow/example_dags/example_sensor_decorator.py
[2025-07-11T09:40:24.467+0000] {processor.py:840} INFO - DAG(s) 'example_sensor_decorator' retrieved from /home/airflow/.local/lib/python3.8/site-packages/airflow/example_dags/example_sensor_decorator.py
[2025-07-11T09:40:24.497+0000] {logging_mixin.py:188} INFO - [2025-07-11T09:40:24.497+0000] {dag.py:3036} INFO - Sync 1 DAGs
[2025-07-11T09:40:24.515+0000] {logging_mixin.py:188} INFO - [2025-07-11T09:40:24.515+0000] {dag.py:3823} INFO - Setting next_dagrun for example_sensor_decorator to None, run_after=None
[2025-07-11T09:40:24.546+0000] {processor.py:183} INFO - Processing /home/airflow/.local/lib/python3.8/site-packages/airflow/example_dags/example_sensor_decorator.py took 0.098 seconds
[2025-07-11T09:40:54.857+0000] {processor.py:161} INFO - Started process (PID=773) to work on /home/airflow/.local/lib/python3.8/site-packages/airflow/example_dags/example_sensor_decorator.py
[2025-07-11T09:40:54.859+0000] {processor.py:830} INFO - Processing file /home/airflow/.local/lib/python3.8/site-packages/airflow/example_dags/example_sensor_decorator.py for tasks to queue
[2025-07-11T09:40:54.861+0000] {logging_mixin.py:188} INFO - [2025-07-11T09:40:54.861+0000] {dagbag.py:538} INFO - Filling up the DagBag from /home/airflow/.local/lib/python3.8/site-packages/airflow/example_dags/example_sensor_decorator.py
[2025-07-11T09:40:54.870+0000] {processor.py:840} INFO - DAG(s) 'example_sensor_decorator' retrieved from /home/airflow/.local/lib/python3.8/site-packages/airflow/example_dags/example_sensor_decorator.py
[2025-07-11T09:40:54.899+0000] {logging_mixin.py:188} INFO - [2025-07-11T09:40:54.899+0000] {dag.py:3036} INFO - Sync 1 DAGs
[2025-07-11T09:40:54.919+0000] {logging_mixin.py:188} INFO - [2025-07-11T09:40:54.918+0000] {dag.py:3823} INFO - Setting next_dagrun for example_sensor_decorator to None, run_after=None
[2025-07-11T09:40:54.955+0000] {processor.py:183} INFO - Processing /home/airflow/.local/lib/python3.8/site-packages/airflow/example_dags/example_sensor_decorator.py took 0.103 seconds
[2025-07-11T09:41:25.317+0000] {processor.py:161} INFO - Started process (PID=828) to work on /home/airflow/.local/lib/python3.8/site-packages/airflow/example_dags/example_sensor_decorator.py
[2025-07-11T09:41:25.319+0000] {processor.py:830} INFO - Processing file /home/airflow/.local/lib/python3.8/site-packages/airflow/example_dags/example_sensor_decorator.py for tasks to queue
[2025-07-11T09:41:25.322+0000] {logging_mixin.py:188} INFO - [2025-07-11T09:41:25.321+0000] {dagbag.py:538} INFO - Filling up the DagBag from /home/airflow/.local/lib/python3.8/site-packages/airflow/example_dags/example_sensor_decorator.py
[2025-07-11T09:41:25.333+0000] {processor.py:840} INFO - DAG(s) 'example_sensor_decorator' retrieved from /home/airflow/.local/lib/python3.8/site-packages/airflow/example_dags/example_sensor_decorator.py
[2025-07-11T09:41:25.365+0000] {logging_mixin.py:188} INFO - [2025-07-11T09:41:25.364+0000] {dag.py:3036} INFO - Sync 1 DAGs
[2025-07-11T09:41:25.345+0000] {logging_mixin.py:188} INFO - [2025-07-11T09:41:25.344+0000] {dag.py:3823} INFO - Setting next_dagrun for example_sensor_decorator to None, run_after=None
[2025-07-11T09:41:25.377+0000] {processor.py:183} INFO - Processing /home/airflow/.local/lib/python3.8/site-packages/airflow/example_dags/example_sensor_decorator.py took 0.104 seconds
[2025-07-11T09:41:55.649+0000] {processor.py:161} INFO - Started process (PID=883) to work on /home/airflow/.local/lib/python3.8/site-packages/airflow/example_dags/example_sensor_decorator.py
[2025-07-11T09:41:55.650+0000] {processor.py:830} INFO - Processing file /home/airflow/.local/lib/python3.8/site-packages/airflow/example_dags/example_sensor_decorator.py for tasks to queue
[2025-07-11T09:41:55.654+0000] {logging_mixin.py:188} INFO - [2025-07-11T09:41:55.653+0000] {dagbag.py:538} INFO - Filling up the DagBag from /home/airflow/.local/lib/python3.8/site-packages/airflow/example_dags/example_sensor_decorator.py
[2025-07-11T09:41:55.665+0000] {processor.py:840} INFO - DAG(s) 'example_sensor_decorator' retrieved from /home/airflow/.local/lib/python3.8/site-packages/airflow/example_dags/example_sensor_decorator.py
[2025-07-11T09:41:55.693+0000] {logging_mixin.py:188} INFO - [2025-07-11T09:41:55.693+0000] {dag.py:3036} INFO - Sync 1 DAGs
[2025-07-11T09:41:55.718+0000] {logging_mixin.py:188} INFO - [2025-07-11T09:41:55.718+0000] {dag.py:3823} INFO - Setting next_dagrun for example_sensor_decorator to None, run_after=None
[2025-07-11T09:41:55.751+0000] {processor.py:183} INFO - Processing /home/airflow/.local/lib/python3.8/site-packages/airflow/example_dags/example_sensor_decorator.py took 0.107 seconds
[2025-07-11T09:42:26.011+0000] {processor.py:161} INFO - Started process (PID=938) to work on /home/airflow/.local/lib/python3.8/site-packages/airflow/example_dags/example_sensor_decorator.py
[2025-07-11T09:42:26.013+0000] {processor.py:830} INFO - Processing file /home/airflow/.local/lib/python3.8/site-packages/airflow/example_dags/example_sensor_decorator.py for tasks to queue
[2025-07-11T09:42:26.015+0000] {logging_mixin.py:188} INFO - [2025-07-11T09:42:26.015+0000] {dagbag.py:538} INFO - Filling up the DagBag from /home/airflow/.local/lib/python3.8/site-packages/airflow/example_dags/example_sensor_decorator.py
[2025-07-11T09:42:26.024+0000] {processor.py:840} INFO - DAG(s) 'example_sensor_decorator' retrieved from /home/airflow/.local/lib/python3.8/site-packages/airflow/example_dags/example_sensor_decorator.py
[2025-07-11T09:42:26.057+0000] {logging_mixin.py:188} INFO - [2025-07-11T09:42:26.057+0000] {dag.py:3036} INFO - Sync 1 DAGs
[2025-07-11T09:42:26.082+0000] {logging_mixin.py:188} INFO - [2025-07-11T09:42:26.082+0000] {dag.py:3823} INFO - Setting next_dagrun for example_sensor_decorator to None, run_after=None
[2025-07-11T09:42:26.119+0000] {processor.py:183} INFO - Processing /home/airflow/.local/lib/python3.8/site-packages/airflow/example_dags/example_sensor_decorator.py took 0.112 seconds
[2025-07-11T09:42:56.376+0000] {processor.py:161} INFO - Started process (PID=993) to work on /home/airflow/.local/lib/python3.8/site-packages/airflow/example_dags/example_sensor_decorator.py
[2025-07-11T09:42:56.379+0000] {processor.py:830} INFO - Processing file /home/airflow/.local/lib/python3.8/site-packages/airflow/example_dags/example_sensor_decorator.py for tasks to queue
[2025-07-11T09:42:56.382+0000] {logging_mixin.py:188} INFO - [2025-07-11T09:42:56.381+0000] {dagbag.py:538} INFO - Filling up the DagBag from /home/airflow/.local/lib/python3.8/site-packages/airflow/example_dags/example_sensor_decorator.py
[2025-07-11T09:42:56.394+0000] {processor.py:840} INFO - DAG(s) 'example_sensor_decorator' retrieved from /home/airflow/.local/lib/python3.8/site-packages/airflow/example_dags/example_sensor_decorator.py
[2025-07-11T09:42:56.441+0000] {logging_mixin.py:188} INFO - [2025-07-11T09:42:56.441+0000] {dag.py:3036} INFO - Sync 1 DAGs
[2025-07-11T09:42:56.476+0000] {logging_mixin.py:188} INFO - [2025-07-11T09:42:56.476+0000] {dag.py:3823} INFO - Setting next_dagrun for example_sensor_decorator to None, run_after=None
[2025-07-11T09:42:56.540+0000] {processor.py:183} INFO - Processing /home/airflow/.local/lib/python3.8/site-packages/airflow/example_dags/example_sensor_decorator.py took 0.169 seconds
[2025-07-11T09:43:26.879+0000] {processor.py:161} INFO - Started process (PID=1048) to work on /home/airflow/.local/lib/python3.8/site-packages/airflow/example_dags/example_sensor_decorator.py
[2025-07-11T09:43:26.881+0000] {processor.py:830} INFO - Processing file /home/airflow/.local/lib/python3.8/site-packages/airflow/example_dags/example_sensor_decorator.py for tasks to queue
[2025-07-11T09:43:26.884+0000] {logging_mixin.py:188} INFO - [2025-07-11T09:43:26.884+0000] {dagbag.py:538} INFO - Filling up the DagBag from /home/airflow/.local/lib/python3.8/site-packages/airflow/example_dags/example_sensor_decorator.py
[2025-07-11T09:43:26.893+0000] {processor.py:840} INFO - DAG(s) 'example_sensor_decorator' retrieved from /home/airflow/.local/lib/python3.8/site-packages/airflow/example_dags/example_sensor_decorator.py
[2025-07-11T09:43:26.923+0000] {logging_mixin.py:188} INFO - [2025-07-11T09:43:26.923+0000] {dag.py:3036} INFO - Sync 1 DAGs
[2025-07-11T09:43:26.944+0000] {logging_mixin.py:188} INFO - [2025-07-11T09:43:26.944+0000] {dag.py:3823} INFO - Setting next_dagrun for example_sensor_decorator to None, run_after=None
[2025-07-11T09:43:26.976+0000] {processor.py:183} INFO - Processing /home/airflow/.local/lib/python3.8/site-packages/airflow/example_dags/example_sensor_decorator.py took 0.102 seconds
[2025-07-11T09:43:57.178+0000] {processor.py:161} INFO - Started process (PID=1103) to work on /home/airflow/.local/lib/python3.8/site-packages/airflow/example_dags/example_sensor_decorator.py
[2025-07-11T09:43:57.179+0000] {processor.py:830} INFO - Processing file /home/airflow/.local/lib/python3.8/site-packages/airflow/example_dags/example_sensor_decorator.py for tasks to queue
[2025-07-11T09:43:57.181+0000] {logging_mixin.py:188} INFO - [2025-07-11T09:43:57.181+0000] {dagbag.py:538} INFO - Filling up the DagBag from /home/airflow/.local/lib/python3.8/site-packages/airflow/example_dags/example_sensor_decorator.py
[2025-07-11T09:43:57.190+0000] {processor.py:840} INFO - DAG(s) 'example_sensor_decorator' retrieved from /home/airflow/.local/lib/python3.8/site-packages/airflow/example_dags/example_sensor_decorator.py
[2025-07-11T09:43:57.218+0000] {logging_mixin.py:188} INFO - [2025-07-11T09:43:57.217+0000] {dag.py:3036} INFO - Sync 1 DAGs
[2025-07-11T09:43:57.235+0000] {logging_mixin.py:188} INFO - [2025-07-11T09:43:57.234+0000] {dag.py:3823} INFO - Setting next_dagrun for example_sensor_decorator to None, run_after=None
[2025-07-11T09:43:57.266+0000] {processor.py:183} INFO - Processing /home/airflow/.local/lib/python3.8/site-packages/airflow/example_dags/example_sensor_decorator.py took 0.092 seconds
[2025-07-11T09:44:27.657+0000] {processor.py:161} INFO - Started process (PID=1159) to work on /home/airflow/.local/lib/python3.8/site-packages/airflow/example_dags/example_sensor_decorator.py
[2025-07-11T09:44:27.658+0000] {processor.py:830} INFO - Processing file /home/airflow/.local/lib/python3.8/site-packages/airflow/example_dags/example_sensor_decorator.py for tasks to queue
[2025-07-11T09:44:27.660+0000] {logging_mixin.py:188} INFO - [2025-07-11T09:44:27.660+0000] {dagbag.py:538} INFO - Filling up the DagBag from /home/airflow/.local/lib/python3.8/site-packages/airflow/example_dags/example_sensor_decorator.py
[2025-07-11T09:44:27.668+0000] {processor.py:840} INFO - DAG(s) 'example_sensor_decorator' retrieved from /home/airflow/.local/lib/python3.8/site-packages/airflow/example_dags/example_sensor_decorator.py
[2025-07-11T09:44:27.694+0000] {logging_mixin.py:188} INFO - [2025-07-11T09:44:27.694+0000] {dag.py:3036} INFO - Sync 1 DAGs
[2025-07-11T09:44:27.712+0000] {logging_mixin.py:188} INFO - [2025-07-11T09:44:27.711+0000] {dag.py:3823} INFO - Setting next_dagrun for example_sensor_decorator to None, run_after=None
[2025-07-11T09:44:27.740+0000] {processor.py:183} INFO - Processing /home/airflow/.local/lib/python3.8/site-packages/airflow/example_dags/example_sensor_decorator.py took 0.087 seconds
[2025-07-11T09:44:58.173+0000] {processor.py:161} INFO - Started process (PID=1214) to work on /home/airflow/.local/lib/python3.8/site-packages/airflow/example_dags/example_sensor_decorator.py
[2025-07-11T09:44:58.176+0000] {processor.py:830} INFO - Processing file /home/airflow/.local/lib/python3.8/site-packages/airflow/example_dags/example_sensor_decorator.py for tasks to queue
[2025-07-11T09:44:58.178+0000] {logging_mixin.py:188} INFO - [2025-07-11T09:44:58.178+0000] {dagbag.py:538} INFO - Filling up the DagBag from /home/airflow/.local/lib/python3.8/site-packages/airflow/example_dags/example_sensor_decorator.py
[2025-07-11T09:44:58.186+0000] {processor.py:840} INFO - DAG(s) 'example_sensor_decorator' retrieved from /home/airflow/.local/lib/python3.8/site-packages/airflow/example_dags/example_sensor_decorator.py
[2025-07-11T09:44:58.212+0000] {logging_mixin.py:188} INFO - [2025-07-11T09:44:58.211+0000] {dag.py:3036} INFO - Sync 1 DAGs
[2025-07-11T09:44:58.227+0000] {logging_mixin.py:188} INFO - [2025-07-11T09:44:58.227+0000] {dag.py:3823} INFO - Setting next_dagrun for example_sensor_decorator to None, run_after=None
[2025-07-11T09:44:58.255+0000] {processor.py:183} INFO - Processing /home/airflow/.local/lib/python3.8/site-packages/airflow/example_dags/example_sensor_decorator.py took 0.086 seconds
[2025-07-11T09:45:28.574+0000] {processor.py:161} INFO - Started process (PID=1269) to work on /home/airflow/.local/lib/python3.8/site-packages/airflow/example_dags/example_sensor_decorator.py
[2025-07-11T09:45:28.576+0000] {processor.py:830} INFO - Processing file /home/airflow/.local/lib/python3.8/site-packages/airflow/example_dags/example_sensor_decorator.py for tasks to queue
[2025-07-11T09:45:28.579+0000] {logging_mixin.py:188} INFO - [2025-07-11T09:45:28.578+0000] {dagbag.py:538} INFO - Filling up the DagBag from /home/airflow/.local/lib/python3.8/site-packages/airflow/example_dags/example_sensor_decorator.py
[2025-07-11T09:45:28.589+0000] {processor.py:840} INFO - DAG(s) 'example_sensor_decorator' retrieved from /home/airflow/.local/lib/python3.8/site-packages/airflow/example_dags/example_sensor_decorator.py
[2025-07-11T09:45:28.618+0000] {logging_mixin.py:188} INFO - [2025-07-11T09:45:28.618+0000] {dag.py:3036} INFO - Sync 1 DAGs
[2025-07-11T09:45:28.635+0000] {logging_mixin.py:188} INFO - [2025-07-11T09:45:28.635+0000] {dag.py:3823} INFO - Setting next_dagrun for example_sensor_decorator to None, run_after=None
[2025-07-11T09:45:28.665+0000] {processor.py:183} INFO - Processing /home/airflow/.local/lib/python3.8/site-packages/airflow/example_dags/example_sensor_decorator.py took 0.095 seconds
[2025-07-11T09:45:58.869+0000] {processor.py:161} INFO - Started process (PID=1324) to work on /home/airflow/.local/lib/python3.8/site-packages/airflow/example_dags/example_sensor_decorator.py
[2025-07-11T09:45:58.871+0000] {processor.py:830} INFO - Processing file /home/airflow/.local/lib/python3.8/site-packages/airflow/example_dags/example_sensor_decorator.py for tasks to queue
[2025-07-11T09:45:58.873+0000] {logging_mixin.py:188} INFO - [2025-07-11T09:45:58.873+0000] {dagbag.py:538} INFO - Filling up the DagBag from /home/airflow/.local/lib/python3.8/site-packages/airflow/example_dags/example_sensor_decorator.py
[2025-07-11T09:45:58.883+0000] {processor.py:840} INFO - DAG(s) 'example_sensor_decorator' retrieved from /home/airflow/.local/lib/python3.8/site-packages/airflow/example_dags/example_sensor_decorator.py
[2025-07-11T09:45:58.909+0000] {logging_mixin.py:188} INFO - [2025-07-11T09:45:58.909+0000] {dag.py:3036} INFO - Sync 1 DAGs
[2025-07-11T09:45:58.927+0000] {logging_mixin.py:188} INFO - [2025-07-11T09:45:58.927+0000] {dag.py:3823} INFO - Setting next_dagrun for example_sensor_decorator to None, run_after=None
[2025-07-11T09:45:58.956+0000] {processor.py:183} INFO - Processing /home/airflow/.local/lib/python3.8/site-packages/airflow/example_dags/example_sensor_decorator.py took 0.092 seconds
[2025-07-11T09:46:29.315+0000] {processor.py:161} INFO - Started process (PID=1379) to work on /home/airflow/.local/lib/python3.8/site-packages/airflow/example_dags/example_sensor_decorator.py
[2025-07-11T09:46:29.317+0000] {processor.py:830} INFO - Processing file /home/airflow/.local/lib/python3.8/site-packages/airflow/example_dags/example_sensor_decorator.py for tasks to queue
[2025-07-11T09:46:29.319+0000] {logging_mixin.py:188} INFO - [2025-07-11T09:46:29.319+0000] {dagbag.py:538} INFO - Filling up the DagBag from /home/airflow/.local/lib/python3.8/site-packages/airflow/example_dags/example_sensor_decorator.py
[2025-07-11T09:46:29.327+0000] {processor.py:840} INFO - DAG(s) 'example_sensor_decorator' retrieved from /home/airflow/.local/lib/python3.8/site-packages/airflow/example_dags/example_sensor_decorator.py
[2025-07-11T09:46:29.358+0000] {logging_mixin.py:188} INFO - [2025-07-11T09:46:29.357+0000] {dag.py:3036} INFO - Sync 1 DAGs
[2025-07-11T09:46:29.380+0000] {logging_mixin.py:188} INFO - [2025-07-11T09:46:29.380+0000] {dag.py:3823} INFO - Setting next_dagrun for example_sensor_decorator to None, run_after=None
[2025-07-11T09:46:29.411+0000] {processor.py:183} INFO - Processing /home/airflow/.local/lib/python3.8/site-packages/airflow/example_dags/example_sensor_decorator.py took 0.100 seconds
[2025-07-11T09:46:59.805+0000] {processor.py:161} INFO - Started process (PID=1434) to work on /home/airflow/.local/lib/python3.8/site-packages/airflow/example_dags/example_sensor_decorator.py
[2025-07-11T09:46:59.807+0000] {processor.py:830} INFO - Processing file /home/airflow/.local/lib/python3.8/site-packages/airflow/example_dags/example_sensor_decorator.py for tasks to queue
[2025-07-11T09:46:59.810+0000] {logging_mixin.py:188} INFO - [2025-07-11T09:46:59.809+0000] {dagbag.py:538} INFO - Filling up the DagBag from /home/airflow/.local/lib/python3.8/site-packages/airflow/example_dags/example_sensor_decorator.py
[2025-07-11T09:46:59.819+0000] {processor.py:840} INFO - DAG(s) 'example_sensor_decorator' retrieved from /home/airflow/.local/lib/python3.8/site-packages/airflow/example_dags/example_sensor_decorator.py
[2025-07-11T09:46:59.846+0000] {logging_mixin.py:188} INFO - [2025-07-11T09:46:59.846+0000] {dag.py:3036} INFO - Sync 1 DAGs
[2025-07-11T09:46:59.863+0000] {logging_mixin.py:188} INFO - [2025-07-11T09:46:59.863+0000] {dag.py:3823} INFO - Setting next_dagrun for example_sensor_decorator to None, run_after=None
[2025-07-11T09:46:59.892+0000] {processor.py:183} INFO - Processing /home/airflow/.local/lib/python3.8/site-packages/airflow/example_dags/example_sensor_decorator.py took 0.091 seconds
[2025-07-11T09:47:30.356+0000] {processor.py:161} INFO - Started process (PID=1489) to work on /home/airflow/.local/lib/python3.8/site-packages/airflow/example_dags/example_sensor_decorator.py
[2025-07-11T09:47:30.357+0000] {processor.py:830} INFO - Processing file /home/airflow/.local/lib/python3.8/site-packages/airflow/example_dags/example_sensor_decorator.py for tasks to queue
[2025-07-11T09:47:30.359+0000] {logging_mixin.py:188} INFO - [2025-07-11T09:47:30.359+0000] {dagbag.py:538} INFO - Filling up the DagBag from /home/airflow/.local/lib/python3.8/site-packages/airflow/example_dags/example_sensor_decorator.py
[2025-07-11T09:47:30.367+0000] {processor.py:840} INFO - DAG(s) 'example_sensor_decorator' retrieved from /home/airflow/.local/lib/python3.8/site-packages/airflow/example_dags/example_sensor_decorator.py
[2025-07-11T09:47:30.394+0000] {logging_mixin.py:188} INFO - [2025-07-11T09:47:30.393+0000] {dag.py:3036} INFO - Sync 1 DAGs
[2025-07-11T09:47:30.412+0000] {logging_mixin.py:188} INFO - [2025-07-11T09:47:30.412+0000] {dag.py:3823} INFO - Setting next_dagrun for example_sensor_decorator to None, run_after=None
[2025-07-11T09:47:30.445+0000] {processor.py:183} INFO - Processing /home/airflow/.local/lib/python3.8/site-packages/airflow/example_dags/example_sensor_decorator.py took 0.093 seconds
[2025-07-11T09:48:01.168+0000] {processor.py:161} INFO - Started process (PID=1544) to work on /home/airflow/.local/lib/python3.8/site-packages/airflow/example_dags/example_sensor_decorator.py
[2025-07-11T09:48:01.170+0000] {processor.py:830} INFO - Processing file /home/airflow/.local/lib/python3.8/site-packages/airflow/example_dags/example_sensor_decorator.py for tasks to queue
[2025-07-11T09:48:01.173+0000] {logging_mixin.py:188} INFO - [2025-07-11T09:48:01.173+0000] {dagbag.py:538} INFO - Filling up the DagBag from /home/airflow/.local/lib/python3.8/site-packages/airflow/example_dags/example_sensor_decorator.py
[2025-07-11T09:48:01.184+0000] {processor.py:840} INFO - DAG(s) 'example_sensor_decorator' retrieved from /home/airflow/.local/lib/python3.8/site-packages/airflow/example_dags/example_sensor_decorator.py
[2025-07-11T09:48:01.219+0000] {logging_mixin.py:188} INFO - [2025-07-11T09:48:01.218+0000] {dag.py:3036} INFO - Sync 1 DAGs
[2025-07-11T09:48:01.246+0000] {logging_mixin.py:188} INFO - [2025-07-11T09:48:01.246+0000] {dag.py:3823} INFO - Setting next_dagrun for example_sensor_decorator to None, run_after=None
[2025-07-11T09:48:01.289+0000] {processor.py:183} INFO - Processing /home/airflow/.local/lib/python3.8/site-packages/airflow/example_dags/example_sensor_decorator.py took 0.126 seconds
[2025-07-11T09:48:31.673+0000] {processor.py:161} INFO - Started process (PID=1599) to work on /home/airflow/.local/lib/python3.8/site-packages/airflow/example_dags/example_sensor_decorator.py
[2025-07-11T09:48:31.676+0000] {processor.py:830} INFO - Processing file /home/airflow/.local/lib/python3.8/site-packages/airflow/example_dags/example_sensor_decorator.py for tasks to queue
[2025-07-11T09:48:31.678+0000] {logging_mixin.py:188} INFO - [2025-07-11T09:48:31.677+0000] {dagbag.py:538} INFO - Filling up the DagBag from /home/airflow/.local/lib/python3.8/site-packages/airflow/example_dags/example_sensor_decorator.py
[2025-07-11T09:48:31.687+0000] {processor.py:840} INFO - DAG(s) 'example_sensor_decorator' retrieved from /home/airflow/.local/lib/python3.8/site-packages/airflow/example_dags/example_sensor_decorator.py
[2025-07-11T09:48:31.715+0000] {logging_mixin.py:188} INFO - [2025-07-11T09:48:31.714+0000] {dag.py:3036} INFO - Sync 1 DAGs
[2025-07-11T09:48:31.732+0000] {logging_mixin.py:188} INFO - [2025-07-11T09:48:31.731+0000] {dag.py:3823} INFO - Setting next_dagrun for example_sensor_decorator to None, run_after=None
[2025-07-11T09:48:31.763+0000] {processor.py:183} INFO - Processing /home/airflow/.local/lib/python3.8/site-packages/airflow/example_dags/example_sensor_decorator.py took 0.094 seconds
[2025-07-11T09:49:02.064+0000] {processor.py:161} INFO - Started process (PID=1654) to work on /home/airflow/.local/lib/python3.8/site-packages/airflow/example_dags/example_sensor_decorator.py
[2025-07-11T09:49:02.065+0000] {processor.py:830} INFO - Processing file /home/airflow/.local/lib/python3.8/site-packages/airflow/example_dags/example_sensor_decorator.py for tasks to queue
[2025-07-11T09:49:02.068+0000] {logging_mixin.py:188} INFO - [2025-07-11T09:49:02.067+0000] {dagbag.py:538} INFO - Filling up the DagBag from /home/airflow/.local/lib/python3.8/site-packages/airflow/example_dags/example_sensor_decorator.py
[2025-07-11T09:49:02.076+0000] {processor.py:840} INFO - DAG(s) 'example_sensor_decorator' retrieved from /home/airflow/.local/lib/python3.8/site-packages/airflow/example_dags/example_sensor_decorator.py
[2025-07-11T09:49:02.104+0000] {logging_mixin.py:188} INFO - [2025-07-11T09:49:02.103+0000] {dag.py:3036} INFO - Sync 1 DAGs
[2025-07-11T09:49:02.123+0000] {logging_mixin.py:188} INFO - [2025-07-11T09:49:02.122+0000] {dag.py:3823} INFO - Setting next_dagrun for example_sensor_decorator to None, run_after=None
[2025-07-11T09:49:02.152+0000] {processor.py:183} INFO - Processing /home/airflow/.local/lib/python3.8/site-packages/airflow/example_dags/example_sensor_decorator.py took 0.093 seconds
[2025-07-11T09:49:32.644+0000] {processor.py:161} INFO - Started process (PID=1709) to work on /home/airflow/.local/lib/python3.8/site-packages/airflow/example_dags/example_sensor_decorator.py
[2025-07-11T09:49:32.647+0000] {processor.py:830} INFO - Processing file /home/airflow/.local/lib/python3.8/site-packages/airflow/example_dags/example_sensor_decorator.py for tasks to queue
[2025-07-11T09:49:32.649+0000] {logging_mixin.py:188} INFO - [2025-07-11T09:49:32.648+0000] {dagbag.py:538} INFO - Filling up the DagBag from /home/airflow/.local/lib/python3.8/site-packages/airflow/example_dags/example_sensor_decorator.py
[2025-07-11T09:49:32.658+0000] {processor.py:840} INFO - DAG(s) 'example_sensor_decorator' retrieved from /home/airflow/.local/lib/python3.8/site-packages/airflow/example_dags/example_sensor_decorator.py
[2025-07-11T09:49:32.690+0000] {logging_mixin.py:188} INFO - [2025-07-11T09:49:32.689+0000] {dag.py:3036} INFO - Sync 1 DAGs
[2025-07-11T09:49:32.708+0000] {logging_mixin.py:188} INFO - [2025-07-11T09:49:32.708+0000] {dag.py:3823} INFO - Setting next_dagrun for example_sensor_decorator to None, run_after=None
[2025-07-11T09:49:32.741+0000] {processor.py:183} INFO - Processing /home/airflow/.local/lib/python3.8/site-packages/airflow/example_dags/example_sensor_decorator.py took 0.102 seconds
[2025-07-11T09:50:03.511+0000] {processor.py:161} INFO - Started process (PID=1764) to work on /home/airflow/.local/lib/python3.8/site-packages/airflow/example_dags/example_sensor_decorator.py
[2025-07-11T09:50:03.512+0000] {processor.py:830} INFO - Processing file /home/airflow/.local/lib/python3.8/site-packages/airflow/example_dags/example_sensor_decorator.py for tasks to queue
[2025-07-11T09:50:03.515+0000] {logging_mixin.py:188} INFO - [2025-07-11T09:50:03.514+0000] {dagbag.py:538} INFO - Filling up the DagBag from /home/airflow/.local/lib/python3.8/site-packages/airflow/example_dags/example_sensor_decorator.py
[2025-07-11T09:50:03.523+0000] {processor.py:840} INFO - DAG(s) 'example_sensor_decorator' retrieved from /home/airflow/.local/lib/python3.8/site-packages/airflow/example_dags/example_sensor_decorator.py
[2025-07-11T09:50:03.550+0000] {logging_mixin.py:188} INFO - [2025-07-11T09:50:03.549+0000] {dag.py:3036} INFO - Sync 1 DAGs
[2025-07-11T09:50:03.569+0000] {logging_mixin.py:188} INFO - [2025-07-11T09:50:03.569+0000] {dag.py:3823} INFO - Setting next_dagrun for example_sensor_decorator to None, run_after=None
[2025-07-11T09:50:03.598+0000] {processor.py:183} INFO - Processing /home/airflow/.local/lib/python3.8/site-packages/airflow/example_dags/example_sensor_decorator.py took 0.091 seconds
[2025-07-11T09:50:34.346+0000] {processor.py:161} INFO - Started process (PID=1819) to work on /home/airflow/.local/lib/python3.8/site-packages/airflow/example_dags/example_sensor_decorator.py
[2025-07-11T09:50:34.347+0000] {processor.py:830} INFO - Processing file /home/airflow/.local/lib/python3.8/site-packages/airflow/example_dags/example_sensor_decorator.py for tasks to queue
[2025-07-11T09:50:34.350+0000] {logging_mixin.py:188} INFO - [2025-07-11T09:50:34.349+0000] {dagbag.py:538} INFO - Filling up the DagBag from /home/airflow/.local/lib/python3.8/site-packages/airflow/example_dags/example_sensor_decorator.py
[2025-07-11T09:50:34.359+0000] {processor.py:840} INFO - DAG(s) 'example_sensor_decorator' retrieved from /home/airflow/.local/lib/python3.8/site-packages/airflow/example_dags/example_sensor_decorator.py
[2025-07-11T09:50:34.387+0000] {logging_mixin.py:188} INFO - [2025-07-11T09:50:34.387+0000] {dag.py:3036} INFO - Sync 1 DAGs
[2025-07-11T09:50:34.406+0000] {logging_mixin.py:188} INFO - [2025-07-11T09:50:34.406+0000] {dag.py:3823} INFO - Setting next_dagrun for example_sensor_decorator to None, run_after=None
[2025-07-11T09:50:34.436+0000] {processor.py:183} INFO - Processing /home/airflow/.local/lib/python3.8/site-packages/airflow/example_dags/example_sensor_decorator.py took 0.095 seconds
[2025-07-11T09:51:04.901+0000] {processor.py:161} INFO - Started process (PID=1874) to work on /home/airflow/.local/lib/python3.8/site-packages/airflow/example_dags/example_sensor_decorator.py
[2025-07-11T09:51:04.903+0000] {processor.py:830} INFO - Processing file /home/airflow/.local/lib/python3.8/site-packages/airflow/example_dags/example_sensor_decorator.py for tasks to queue
[2025-07-11T09:51:04.905+0000] {logging_mixin.py:188} INFO - [2025-07-11T09:51:04.905+0000] {dagbag.py:538} INFO - Filling up the DagBag from /home/airflow/.local/lib/python3.8/site-packages/airflow/example_dags/example_sensor_decorator.py
[2025-07-11T09:51:04.914+0000] {processor.py:840} INFO - DAG(s) 'example_sensor_decorator' retrieved from /home/airflow/.local/lib/python3.8/site-packages/airflow/example_dags/example_sensor_decorator.py
[2025-07-11T09:51:04.947+0000] {logging_mixin.py:188} INFO - [2025-07-11T09:51:04.946+0000] {dag.py:3036} INFO - Sync 1 DAGs
[2025-07-11T09:51:04.969+0000] {logging_mixin.py:188} INFO - [2025-07-11T09:51:04.969+0000] {dag.py:3823} INFO - Setting next_dagrun for example_sensor_decorator to None, run_after=None
[2025-07-11T09:51:05.009+0000] {processor.py:183} INFO - Processing /home/airflow/.local/lib/python3.8/site-packages/airflow/example_dags/example_sensor_decorator.py took 0.113 seconds
[2025-07-11T09:51:35.704+0000] {processor.py:161} INFO - Started process (PID=1929) to work on /home/airflow/.local/lib/python3.8/site-packages/airflow/example_dags/example_sensor_decorator.py
[2025-07-11T09:51:35.706+0000] {processor.py:830} INFO - Processing file /home/airflow/.local/lib/python3.8/site-packages/airflow/example_dags/example_sensor_decorator.py for tasks to queue
[2025-07-11T09:51:35.709+0000] {logging_mixin.py:188} INFO - [2025-07-11T09:51:35.709+0000] {dagbag.py:538} INFO - Filling up the DagBag from /home/airflow/.local/lib/python3.8/site-packages/airflow/example_dags/example_sensor_decorator.py
[2025-07-11T09:51:35.720+0000] {processor.py:840} INFO - DAG(s) 'example_sensor_decorator' retrieved from /home/airflow/.local/lib/python3.8/site-packages/airflow/example_dags/example_sensor_decorator.py
[2025-07-11T09:51:35.752+0000] {logging_mixin.py:188} INFO - [2025-07-11T09:51:35.752+0000] {dag.py:3036} INFO - Sync 1 DAGs
[2025-07-11T09:51:35.772+0000] {logging_mixin.py:188} INFO - [2025-07-11T09:51:35.771+0000] {dag.py:3823} INFO - Setting next_dagrun for example_sensor_decorator to None, run_after=None
[2025-07-11T09:51:35.804+0000] {processor.py:183} INFO - Processing /home/airflow/.local/lib/python3.8/site-packages/airflow/example_dags/example_sensor_decorator.py took 0.104 seconds
[2025-07-11T09:52:06.175+0000] {processor.py:161} INFO - Started process (PID=1984) to work on /home/airflow/.local/lib/python3.8/site-packages/airflow/example_dags/example_sensor_decorator.py
[2025-07-11T09:52:06.177+0000] {processor.py:830} INFO - Processing file /home/airflow/.local/lib/python3.8/site-packages/airflow/example_dags/example_sensor_decorator.py for tasks to queue
[2025-07-11T09:52:06.179+0000] {logging_mixin.py:188} INFO - [2025-07-11T09:52:06.179+0000] {dagbag.py:538} INFO - Filling up the DagBag from /home/airflow/.local/lib/python3.8/site-packages/airflow/example_dags/example_sensor_decorator.py
[2025-07-11T09:52:06.188+0000] {processor.py:840} INFO - DAG(s) 'example_sensor_decorator' retrieved from /home/airflow/.local/lib/python3.8/site-packages/airflow/example_dags/example_sensor_decorator.py
[2025-07-11T09:52:06.216+0000] {logging_mixin.py:188} INFO - [2025-07-11T09:52:06.216+0000] {dag.py:3036} INFO - Sync 1 DAGs
[2025-07-11T09:52:06.233+0000] {logging_mixin.py:188} INFO - [2025-07-11T09:52:06.233+0000] {dag.py:3823} INFO - Setting next_dagrun for example_sensor_decorator to None, run_after=None
[2025-07-11T09:52:06.263+0000] {processor.py:183} INFO - Processing /home/airflow/.local/lib/python3.8/site-packages/airflow/example_dags/example_sensor_decorator.py took 0.092 seconds
[2025-07-11T09:52:36.338+0000] {processor.py:161} INFO - Started process (PID=2039) to work on /home/airflow/.local/lib/python3.8/site-packages/airflow/example_dags/example_sensor_decorator.py
[2025-07-11T09:52:36.340+0000] {processor.py:830} INFO - Processing file /home/airflow/.local/lib/python3.8/site-packages/airflow/example_dags/example_sensor_decorator.py for tasks to queue
[2025-07-11T09:52:36.342+0000] {logging_mixin.py:188} INFO - [2025-07-11T09:52:36.342+0000] {dagbag.py:538} INFO - Filling up the DagBag from /home/airflow/.local/lib/python3.8/site-packages/airflow/example_dags/example_sensor_decorator.py
[2025-07-11T09:52:36.350+0000] {processor.py:840} INFO - DAG(s) 'example_sensor_decorator' retrieved from /home/airflow/.local/lib/python3.8/site-packages/airflow/example_dags/example_sensor_decorator.py
[2025-07-11T09:52:36.376+0000] {logging_mixin.py:188} INFO - [2025-07-11T09:52:36.375+0000] {dag.py:3036} INFO - Sync 1 DAGs
[2025-07-11T09:52:36.393+0000] {logging_mixin.py:188} INFO - [2025-07-11T09:52:36.392+0000] {dag.py:3823} INFO - Setting next_dagrun for example_sensor_decorator to None, run_after=None
[2025-07-11T09:52:36.422+0000] {processor.py:183} INFO - Processing /home/airflow/.local/lib/python3.8/site-packages/airflow/example_dags/example_sensor_decorator.py took 0.088 seconds
[2025-07-11T09:53:07.052+0000] {processor.py:161} INFO - Started process (PID=2094) to work on /home/airflow/.local/lib/python3.8/site-packages/airflow/example_dags/example_sensor_decorator.py
[2025-07-11T09:53:07.054+0000] {processor.py:830} INFO - Processing file /home/airflow/.local/lib/python3.8/site-packages/airflow/example_dags/example_sensor_decorator.py for tasks to queue
[2025-07-11T09:53:07.056+0000] {logging_mixin.py:188} INFO - [2025-07-11T09:53:07.056+0000] {dagbag.py:538} INFO - Filling up the DagBag from /home/airflow/.local/lib/python3.8/site-packages/airflow/example_dags/example_sensor_decorator.py
[2025-07-11T09:53:07.066+0000] {processor.py:840} INFO - DAG(s) 'example_sensor_decorator' retrieved from /home/airflow/.local/lib/python3.8/site-packages/airflow/example_dags/example_sensor_decorator.py
[2025-07-11T09:53:07.097+0000] {logging_mixin.py:188} INFO - [2025-07-11T09:53:07.096+0000] {dag.py:3036} INFO - Sync 1 DAGs
[2025-07-11T09:53:07.117+0000] {logging_mixin.py:188} INFO - [2025-07-11T09:53:07.116+0000] {dag.py:3823} INFO - Setting next_dagrun for example_sensor_decorator to None, run_after=None
[2025-07-11T09:53:07.153+0000] {processor.py:183} INFO - Processing /home/airflow/.local/lib/python3.8/site-packages/airflow/example_dags/example_sensor_decorator.py took 0.105 seconds
[2025-07-11T09:53:37.616+0000] {processor.py:161} INFO - Started process (PID=2149) to work on /home/airflow/.local/lib/python3.8/site-packages/airflow/example_dags/example_sensor_decorator.py
[2025-07-11T09:53:37.618+0000] {processor.py:830} INFO - Processing file /home/airflow/.local/lib/python3.8/site-packages/airflow/example_dags/example_sensor_decorator.py for tasks to queue
[2025-07-11T09:53:37.621+0000] {logging_mixin.py:188} INFO - [2025-07-11T09:53:37.620+0000] {dagbag.py:538} INFO - Filling up the DagBag from /home/airflow/.local/lib/python3.8/site-packages/airflow/example_dags/example_sensor_decorator.py
[2025-07-11T09:53:37.629+0000] {processor.py:840} INFO - DAG(s) 'example_sensor_decorator' retrieved from /home/airflow/.local/lib/python3.8/site-packages/airflow/example_dags/example_sensor_decorator.py
[2025-07-11T09:53:37.660+0000] {logging_mixin.py:188} INFO - [2025-07-11T09:53:37.660+0000] {dag.py:3036} INFO - Sync 1 DAGs
[2025-07-11T09:53:37.681+0000] {logging_mixin.py:188} INFO - [2025-07-11T09:53:37.681+0000] {dag.py:3823} INFO - Setting next_dagrun for example_sensor_decorator to None, run_after=None
[2025-07-11T09:53:37.712+0000] {processor.py:183} INFO - Processing /home/airflow/.local/lib/python3.8/site-packages/airflow/example_dags/example_sensor_decorator.py took 0.101 seconds
[2025-07-11T09:54:08.155+0000] {processor.py:161} INFO - Started process (PID=2204) to work on /home/airflow/.local/lib/python3.8/site-packages/airflow/example_dags/example_sensor_decorator.py
[2025-07-11T09:54:08.157+0000] {processor.py:830} INFO - Processing file /home/airflow/.local/lib/python3.8/site-packages/airflow/example_dags/example_sensor_decorator.py for tasks to queue
[2025-07-11T09:54:08.159+0000] {logging_mixin.py:188} INFO - [2025-07-11T09:54:08.159+0000] {dagbag.py:538} INFO - Filling up the DagBag from /home/airflow/.local/lib/python3.8/site-packages/airflow/example_dags/example_sensor_decorator.py
[2025-07-11T09:54:08.168+0000] {processor.py:840} INFO - DAG(s) 'example_sensor_decorator' retrieved from /home/airflow/.local/lib/python3.8/site-packages/airflow/example_dags/example_sensor_decorator.py
[2025-07-11T09:54:08.200+0000] {logging_mixin.py:188} INFO - [2025-07-11T09:54:08.200+0000] {dag.py:3036} INFO - Sync 1 DAGs
[2025-07-11T09:54:08.224+0000] {logging_mixin.py:188} INFO - [2025-07-11T09:54:08.223+0000] {dag.py:3823} INFO - Setting next_dagrun for example_sensor_decorator to None, run_after=None
[2025-07-11T09:54:08.261+0000] {processor.py:183} INFO - Processing /home/airflow/.local/lib/python3.8/site-packages/airflow/example_dags/example_sensor_decorator.py took 0.111 seconds
[2025-07-11T09:54:38.950+0000] {processor.py:161} INFO - Started process (PID=2259) to work on /home/airflow/.local/lib/python3.8/site-packages/airflow/example_dags/example_sensor_decorator.py
[2025-07-11T09:54:38.952+0000] {processor.py:830} INFO - Processing file /home/airflow/.local/lib/python3.8/site-packages/airflow/example_dags/example_sensor_decorator.py for tasks to queue
[2025-07-11T09:54:38.954+0000] {logging_mixin.py:188} INFO - [2025-07-11T09:54:38.954+0000] {dagbag.py:538} INFO - Filling up the DagBag from /home/airflow/.local/lib/python3.8/site-packages/airflow/example_dags/example_sensor_decorator.py
[2025-07-11T09:54:38.964+0000] {processor.py:840} INFO - DAG(s) 'example_sensor_decorator' retrieved from /home/airflow/.local/lib/python3.8/site-packages/airflow/example_dags/example_sensor_decorator.py
[2025-07-11T09:54:38.995+0000] {logging_mixin.py:188} INFO - [2025-07-11T09:54:38.995+0000] {dag.py:3036} INFO - Sync 1 DAGs
[2025-07-11T09:54:39.014+0000] {logging_mixin.py:188} INFO - [2025-07-11T09:54:39.013+0000] {dag.py:3823} INFO - Setting next_dagrun for example_sensor_decorator to None, run_after=None
[2025-07-11T09:54:39.048+0000] {processor.py:183} INFO - Processing /home/airflow/.local/lib/python3.8/site-packages/airflow/example_dags/example_sensor_decorator.py took 0.102 seconds
