[2025-07-11T09:24:58.952+0000] {processor.py:161} INFO - Started process (PID=106) to work on /home/airflow/.local/lib/python3.8/site-packages/airflow/example_dags/example_branch_operator.py
[2025-07-11T09:24:58.953+0000] {processor.py:830} INFO - Processing file /home/airflow/.local/lib/python3.8/site-packages/airflow/example_dags/example_branch_operator.py for tasks to queue
[2025-07-11T09:24:58.956+0000] {logging_mixin.py:188} INFO - [2025-07-11T09:24:58.955+0000] {dagbag.py:538} INFO - Filling up the DagBag from /home/airflow/.local/lib/python3.8/site-packages/airflow/example_dags/example_branch_operator.py
[2025-07-11T09:24:58.990+0000] {processor.py:840} INFO - DAG(s) 'example_branch_operator' retrieved from /home/airflow/.local/lib/python3.8/site-packages/airflow/example_dags/example_branch_operator.py
[2025-07-11T09:24:59.193+0000] {logging_mixin.py:188} INFO - [2025-07-11T09:24:59.191+0000] {override.py:1769} INFO - Created Permission View: can edit on DAG:example_branch_operator
[2025-07-11T09:24:59.211+0000] {logging_mixin.py:188} INFO - [2025-07-11T09:24:59.210+0000] {override.py:1769} INFO - Created Permission View: can delete on DAG:example_branch_operator
[2025-07-11T09:24:59.228+0000] {logging_mixin.py:188} INFO - [2025-07-11T09:24:59.227+0000] {override.py:1769} INFO - Created Permission View: can read on DAG:example_branch_operator
[2025-07-11T09:24:59.229+0000] {logging_mixin.py:188} INFO - [2025-07-11T09:24:59.228+0000] {dag.py:3036} INFO - Sync 1 DAGs
[2025-07-11T09:24:59.249+0000] {logging_mixin.py:188} INFO - [2025-07-11T09:24:59.249+0000] {dag.py:3058} INFO - Creating ORM DAG for example_branch_operator
[2025-07-11T09:24:59.272+0000] {logging_mixin.py:188} INFO - [2025-07-11T09:24:59.272+0000] {dag.py:3823} INFO - Setting next_dagrun for example_branch_operator to 2025-07-10 00:00:00+00:00, run_after=2025-07-11 00:00:00+00:00
[2025-07-11T09:24:59.313+0000] {processor.py:183} INFO - Processing /home/airflow/.local/lib/python3.8/site-packages/airflow/example_dags/example_branch_operator.py took 0.366 seconds
[2025-07-11T09:25:29.956+0000] {processor.py:161} INFO - Started process (PID=161) to work on /home/airflow/.local/lib/python3.8/site-packages/airflow/example_dags/example_branch_operator.py
[2025-07-11T09:25:29.958+0000] {processor.py:830} INFO - Processing file /home/airflow/.local/lib/python3.8/site-packages/airflow/example_dags/example_branch_operator.py for tasks to queue
[2025-07-11T09:25:29.960+0000] {logging_mixin.py:188} INFO - [2025-07-11T09:25:29.960+0000] {dagbag.py:538} INFO - Filling up the DagBag from /home/airflow/.local/lib/python3.8/site-packages/airflow/example_dags/example_branch_operator.py
[2025-07-11T09:25:29.988+0000] {processor.py:840} INFO - DAG(s) 'example_branch_operator' retrieved from /home/airflow/.local/lib/python3.8/site-packages/airflow/example_dags/example_branch_operator.py
[2025-07-11T09:25:30.026+0000] {logging_mixin.py:188} INFO - [2025-07-11T09:25:30.025+0000] {dag.py:3036} INFO - Sync 1 DAGs
[2025-07-11T09:25:30.061+0000] {logging_mixin.py:188} INFO - [2025-07-11T09:25:30.060+0000] {dag.py:3823} INFO - Setting next_dagrun for example_branch_operator to 2025-07-10 00:00:00+00:00, run_after=2025-07-11 00:00:00+00:00
[2025-07-11T09:25:30.092+0000] {processor.py:183} INFO - Processing /home/airflow/.local/lib/python3.8/site-packages/airflow/example_dags/example_branch_operator.py took 0.143 seconds
[2025-07-11T09:26:00.240+0000] {processor.py:161} INFO - Started process (PID=216) to work on /home/airflow/.local/lib/python3.8/site-packages/airflow/example_dags/example_branch_operator.py
[2025-07-11T09:26:00.242+0000] {processor.py:830} INFO - Processing file /home/airflow/.local/lib/python3.8/site-packages/airflow/example_dags/example_branch_operator.py for tasks to queue
[2025-07-11T09:26:00.245+0000] {logging_mixin.py:188} INFO - [2025-07-11T09:26:00.245+0000] {dagbag.py:538} INFO - Filling up the DagBag from /home/airflow/.local/lib/python3.8/site-packages/airflow/example_dags/example_branch_operator.py
[2025-07-11T09:26:00.276+0000] {processor.py:840} INFO - DAG(s) 'example_branch_operator' retrieved from /home/airflow/.local/lib/python3.8/site-packages/airflow/example_dags/example_branch_operator.py
[2025-07-11T09:26:00.318+0000] {logging_mixin.py:188} INFO - [2025-07-11T09:26:00.317+0000] {dag.py:3036} INFO - Sync 1 DAGs
[2025-07-11T09:26:00.361+0000] {logging_mixin.py:188} INFO - [2025-07-11T09:26:00.360+0000] {dag.py:3823} INFO - Setting next_dagrun for example_branch_operator to 2025-07-10 00:00:00+00:00, run_after=2025-07-11 00:00:00+00:00
[2025-07-11T09:26:00.391+0000] {processor.py:183} INFO - Processing /home/airflow/.local/lib/python3.8/site-packages/airflow/example_dags/example_branch_operator.py took 0.156 seconds
[2025-07-11T09:26:30.699+0000] {processor.py:161} INFO - Started process (PID=271) to work on /home/airflow/.local/lib/python3.8/site-packages/airflow/example_dags/example_branch_operator.py
[2025-07-11T09:26:30.701+0000] {processor.py:830} INFO - Processing file /home/airflow/.local/lib/python3.8/site-packages/airflow/example_dags/example_branch_operator.py for tasks to queue
[2025-07-11T09:26:30.703+0000] {logging_mixin.py:188} INFO - [2025-07-11T09:26:30.703+0000] {dagbag.py:538} INFO - Filling up the DagBag from /home/airflow/.local/lib/python3.8/site-packages/airflow/example_dags/example_branch_operator.py
[2025-07-11T09:26:30.730+0000] {processor.py:840} INFO - DAG(s) 'example_branch_operator' retrieved from /home/airflow/.local/lib/python3.8/site-packages/airflow/example_dags/example_branch_operator.py
[2025-07-11T09:26:30.771+0000] {logging_mixin.py:188} INFO - [2025-07-11T09:26:30.771+0000] {dag.py:3036} INFO - Sync 1 DAGs
[2025-07-11T09:26:30.808+0000] {logging_mixin.py:188} INFO - [2025-07-11T09:26:30.808+0000] {dag.py:3823} INFO - Setting next_dagrun for example_branch_operator to 2025-07-10 00:00:00+00:00, run_after=2025-07-11 00:00:00+00:00
[2025-07-11T09:26:30.838+0000] {processor.py:183} INFO - Processing /home/airflow/.local/lib/python3.8/site-packages/airflow/example_dags/example_branch_operator.py took 0.144 seconds
[2025-07-11T09:27:01.026+0000] {processor.py:161} INFO - Started process (PID=326) to work on /home/airflow/.local/lib/python3.8/site-packages/airflow/example_dags/example_branch_operator.py
[2025-07-11T09:27:01.028+0000] {processor.py:830} INFO - Processing file /home/airflow/.local/lib/python3.8/site-packages/airflow/example_dags/example_branch_operator.py for tasks to queue
[2025-07-11T09:27:01.031+0000] {logging_mixin.py:188} INFO - [2025-07-11T09:27:01.030+0000] {dagbag.py:538} INFO - Filling up the DagBag from /home/airflow/.local/lib/python3.8/site-packages/airflow/example_dags/example_branch_operator.py
[2025-07-11T09:27:01.059+0000] {processor.py:840} INFO - DAG(s) 'example_branch_operator' retrieved from /home/airflow/.local/lib/python3.8/site-packages/airflow/example_dags/example_branch_operator.py
[2025-07-11T09:27:01.103+0000] {logging_mixin.py:188} INFO - [2025-07-11T09:27:01.103+0000] {dag.py:3036} INFO - Sync 1 DAGs
[2025-07-11T09:27:01.145+0000] {logging_mixin.py:188} INFO - [2025-07-11T09:27:01.144+0000] {dag.py:3823} INFO - Setting next_dagrun for example_branch_operator to 2025-07-10 00:00:00+00:00, run_after=2025-07-11 00:00:00+00:00
[2025-07-11T09:27:01.184+0000] {processor.py:183} INFO - Processing /home/airflow/.local/lib/python3.8/site-packages/airflow/example_dags/example_branch_operator.py took 0.163 seconds
[2025-07-11T09:28:26.291+0000] {processor.py:161} INFO - Started process (PID=107) to work on /home/airflow/.local/lib/python3.8/site-packages/airflow/example_dags/example_branch_operator.py
[2025-07-11T09:28:26.292+0000] {processor.py:830} INFO - Processing file /home/airflow/.local/lib/python3.8/site-packages/airflow/example_dags/example_branch_operator.py for tasks to queue
[2025-07-11T09:28:26.295+0000] {logging_mixin.py:188} INFO - [2025-07-11T09:28:26.295+0000] {dagbag.py:538} INFO - Filling up the DagBag from /home/airflow/.local/lib/python3.8/site-packages/airflow/example_dags/example_branch_operator.py
[2025-07-11T09:28:26.328+0000] {processor.py:840} INFO - DAG(s) 'example_branch_operator' retrieved from /home/airflow/.local/lib/python3.8/site-packages/airflow/example_dags/example_branch_operator.py
[2025-07-11T09:28:26.511+0000] {logging_mixin.py:188} INFO - [2025-07-11T09:28:26.510+0000] {override.py:1769} INFO - Created Permission View: can read on DAG:example_branch_operator
[2025-07-11T09:28:26.531+0000] {logging_mixin.py:188} INFO - [2025-07-11T09:28:26.530+0000] {override.py:1769} INFO - Created Permission View: can delete on DAG:example_branch_operator
[2025-07-11T09:28:26.547+0000] {logging_mixin.py:188} INFO - [2025-07-11T09:28:26.547+0000] {override.py:1769} INFO - Created Permission View: can edit on DAG:example_branch_operator
[2025-07-11T09:28:26.548+0000] {logging_mixin.py:188} INFO - [2025-07-11T09:28:26.548+0000] {dag.py:3036} INFO - Sync 1 DAGs
[2025-07-11T09:28:26.564+0000] {logging_mixin.py:188} INFO - [2025-07-11T09:28:26.564+0000] {dag.py:3058} INFO - Creating ORM DAG for example_branch_operator
[2025-07-11T09:28:26.584+0000] {logging_mixin.py:188} INFO - [2025-07-11T09:28:26.584+0000] {dag.py:3823} INFO - Setting next_dagrun for example_branch_operator to 2025-07-10 00:00:00+00:00, run_after=2025-07-11 00:00:00+00:00
[2025-07-11T09:28:26.620+0000] {processor.py:183} INFO - Processing /home/airflow/.local/lib/python3.8/site-packages/airflow/example_dags/example_branch_operator.py took 0.334 seconds
[2025-07-11T09:28:56.717+0000] {processor.py:161} INFO - Started process (PID=162) to work on /home/airflow/.local/lib/python3.8/site-packages/airflow/example_dags/example_branch_operator.py
[2025-07-11T09:28:56.725+0000] {processor.py:830} INFO - Processing file /home/airflow/.local/lib/python3.8/site-packages/airflow/example_dags/example_branch_operator.py for tasks to queue
[2025-07-11T09:28:56.730+0000] {logging_mixin.py:188} INFO - [2025-07-11T09:28:56.730+0000] {dagbag.py:538} INFO - Filling up the DagBag from /home/airflow/.local/lib/python3.8/site-packages/airflow/example_dags/example_branch_operator.py
[2025-07-11T09:28:56.762+0000] {processor.py:840} INFO - DAG(s) 'example_branch_operator' retrieved from /home/airflow/.local/lib/python3.8/site-packages/airflow/example_dags/example_branch_operator.py
[2025-07-11T09:28:56.806+0000] {logging_mixin.py:188} INFO - [2025-07-11T09:28:56.806+0000] {dag.py:3036} INFO - Sync 1 DAGs
[2025-07-11T09:28:56.849+0000] {logging_mixin.py:188} INFO - [2025-07-11T09:28:56.848+0000] {dag.py:3823} INFO - Setting next_dagrun for example_branch_operator to 2025-07-10 00:00:00+00:00, run_after=2025-07-11 00:00:00+00:00
[2025-07-11T09:28:56.885+0000] {processor.py:183} INFO - Processing /home/airflow/.local/lib/python3.8/site-packages/airflow/example_dags/example_branch_operator.py took 0.175 seconds
[2025-07-11T09:29:27.082+0000] {processor.py:161} INFO - Started process (PID=217) to work on /home/airflow/.local/lib/python3.8/site-packages/airflow/example_dags/example_branch_operator.py
[2025-07-11T09:29:27.083+0000] {processor.py:830} INFO - Processing file /home/airflow/.local/lib/python3.8/site-packages/airflow/example_dags/example_branch_operator.py for tasks to queue
[2025-07-11T09:29:27.085+0000] {logging_mixin.py:188} INFO - [2025-07-11T09:29:27.085+0000] {dagbag.py:538} INFO - Filling up the DagBag from /home/airflow/.local/lib/python3.8/site-packages/airflow/example_dags/example_branch_operator.py
[2025-07-11T09:29:27.108+0000] {processor.py:840} INFO - DAG(s) 'example_branch_operator' retrieved from /home/airflow/.local/lib/python3.8/site-packages/airflow/example_dags/example_branch_operator.py
[2025-07-11T09:29:27.145+0000] {logging_mixin.py:188} INFO - [2025-07-11T09:29:27.144+0000] {dag.py:3036} INFO - Sync 1 DAGs
[2025-07-11T09:29:27.178+0000] {logging_mixin.py:188} INFO - [2025-07-11T09:29:27.177+0000] {dag.py:3823} INFO - Setting next_dagrun for example_branch_operator to 2025-07-10 00:00:00+00:00, run_after=2025-07-11 00:00:00+00:00
[2025-07-11T09:29:27.210+0000] {processor.py:183} INFO - Processing /home/airflow/.local/lib/python3.8/site-packages/airflow/example_dags/example_branch_operator.py took 0.133 seconds
[2025-07-11T09:29:57.279+0000] {processor.py:161} INFO - Started process (PID=272) to work on /home/airflow/.local/lib/python3.8/site-packages/airflow/example_dags/example_branch_operator.py
[2025-07-11T09:29:57.280+0000] {processor.py:830} INFO - Processing file /home/airflow/.local/lib/python3.8/site-packages/airflow/example_dags/example_branch_operator.py for tasks to queue
[2025-07-11T09:29:57.282+0000] {logging_mixin.py:188} INFO - [2025-07-11T09:29:57.282+0000] {dagbag.py:538} INFO - Filling up the DagBag from /home/airflow/.local/lib/python3.8/site-packages/airflow/example_dags/example_branch_operator.py
[2025-07-11T09:29:57.306+0000] {processor.py:840} INFO - DAG(s) 'example_branch_operator' retrieved from /home/airflow/.local/lib/python3.8/site-packages/airflow/example_dags/example_branch_operator.py
[2025-07-11T09:29:57.343+0000] {logging_mixin.py:188} INFO - [2025-07-11T09:29:57.342+0000] {dag.py:3036} INFO - Sync 1 DAGs
[2025-07-11T09:29:57.373+0000] {logging_mixin.py:188} INFO - [2025-07-11T09:29:57.372+0000] {dag.py:3823} INFO - Setting next_dagrun for example_branch_operator to 2025-07-10 00:00:00+00:00, run_after=2025-07-11 00:00:00+00:00
[2025-07-11T09:29:57.400+0000] {processor.py:183} INFO - Processing /home/airflow/.local/lib/python3.8/site-packages/airflow/example_dags/example_branch_operator.py took 0.126 seconds
[2025-07-11T09:30:28.010+0000] {processor.py:161} INFO - Started process (PID=327) to work on /home/airflow/.local/lib/python3.8/site-packages/airflow/example_dags/example_branch_operator.py
[2025-07-11T09:30:28.012+0000] {processor.py:830} INFO - Processing file /home/airflow/.local/lib/python3.8/site-packages/airflow/example_dags/example_branch_operator.py for tasks to queue
[2025-07-11T09:30:28.015+0000] {logging_mixin.py:188} INFO - [2025-07-11T09:30:28.014+0000] {dagbag.py:538} INFO - Filling up the DagBag from /home/airflow/.local/lib/python3.8/site-packages/airflow/example_dags/example_branch_operator.py
[2025-07-11T09:30:28.044+0000] {processor.py:840} INFO - DAG(s) 'example_branch_operator' retrieved from /home/airflow/.local/lib/python3.8/site-packages/airflow/example_dags/example_branch_operator.py
[2025-07-11T09:30:28.083+0000] {logging_mixin.py:188} INFO - [2025-07-11T09:30:28.083+0000] {dag.py:3036} INFO - Sync 1 DAGs
[2025-07-11T09:30:28.122+0000] {logging_mixin.py:188} INFO - [2025-07-11T09:30:28.122+0000] {dag.py:3823} INFO - Setting next_dagrun for example_branch_operator to 2025-07-10 00:00:00+00:00, run_after=2025-07-11 00:00:00+00:00
[2025-07-11T09:30:28.150+0000] {processor.py:183} INFO - Processing /home/airflow/.local/lib/python3.8/site-packages/airflow/example_dags/example_branch_operator.py took 0.145 seconds
[2025-07-11T09:30:58.793+0000] {processor.py:161} INFO - Started process (PID=382) to work on /home/airflow/.local/lib/python3.8/site-packages/airflow/example_dags/example_branch_operator.py
[2025-07-11T09:30:58.795+0000] {processor.py:830} INFO - Processing file /home/airflow/.local/lib/python3.8/site-packages/airflow/example_dags/example_branch_operator.py for tasks to queue
[2025-07-11T09:30:58.797+0000] {logging_mixin.py:188} INFO - [2025-07-11T09:30:58.797+0000] {dagbag.py:538} INFO - Filling up the DagBag from /home/airflow/.local/lib/python3.8/site-packages/airflow/example_dags/example_branch_operator.py
[2025-07-11T09:30:58.822+0000] {processor.py:840} INFO - DAG(s) 'example_branch_operator' retrieved from /home/airflow/.local/lib/python3.8/site-packages/airflow/example_dags/example_branch_operator.py
[2025-07-11T09:30:58.861+0000] {logging_mixin.py:188} INFO - [2025-07-11T09:30:58.861+0000] {dag.py:3036} INFO - Sync 1 DAGs
[2025-07-11T09:30:58.895+0000] {logging_mixin.py:188} INFO - [2025-07-11T09:30:58.894+0000] {dag.py:3823} INFO - Setting next_dagrun for example_branch_operator to 2025-07-10 00:00:00+00:00, run_after=2025-07-11 00:00:00+00:00
[2025-07-11T09:30:58.924+0000] {processor.py:183} INFO - Processing /home/airflow/.local/lib/python3.8/site-packages/airflow/example_dags/example_branch_operator.py took 0.135 seconds
[2025-07-11T09:31:29.016+0000] {processor.py:161} INFO - Started process (PID=437) to work on /home/airflow/.local/lib/python3.8/site-packages/airflow/example_dags/example_branch_operator.py
[2025-07-11T09:31:29.018+0000] {processor.py:830} INFO - Processing file /home/airflow/.local/lib/python3.8/site-packages/airflow/example_dags/example_branch_operator.py for tasks to queue
[2025-07-11T09:31:29.020+0000] {logging_mixin.py:188} INFO - [2025-07-11T09:31:29.020+0000] {dagbag.py:538} INFO - Filling up the DagBag from /home/airflow/.local/lib/python3.8/site-packages/airflow/example_dags/example_branch_operator.py
[2025-07-11T09:31:29.044+0000] {processor.py:840} INFO - DAG(s) 'example_branch_operator' retrieved from /home/airflow/.local/lib/python3.8/site-packages/airflow/example_dags/example_branch_operator.py
[2025-07-11T09:31:29.081+0000] {logging_mixin.py:188} INFO - [2025-07-11T09:31:29.081+0000] {dag.py:3036} INFO - Sync 1 DAGs
[2025-07-11T09:31:29.113+0000] {logging_mixin.py:188} INFO - [2025-07-11T09:31:29.113+0000] {dag.py:3823} INFO - Setting next_dagrun for example_branch_operator to 2025-07-10 00:00:00+00:00, run_after=2025-07-11 00:00:00+00:00
[2025-07-11T09:31:29.145+0000] {processor.py:183} INFO - Processing /home/airflow/.local/lib/python3.8/site-packages/airflow/example_dags/example_branch_operator.py took 0.133 seconds
[2025-07-11T09:31:59.332+0000] {processor.py:161} INFO - Started process (PID=492) to work on /home/airflow/.local/lib/python3.8/site-packages/airflow/example_dags/example_branch_operator.py
[2025-07-11T09:31:59.334+0000] {processor.py:830} INFO - Processing file /home/airflow/.local/lib/python3.8/site-packages/airflow/example_dags/example_branch_operator.py for tasks to queue
[2025-07-11T09:31:59.337+0000] {logging_mixin.py:188} INFO - [2025-07-11T09:31:59.336+0000] {dagbag.py:538} INFO - Filling up the DagBag from /home/airflow/.local/lib/python3.8/site-packages/airflow/example_dags/example_branch_operator.py
[2025-07-11T09:31:59.366+0000] {processor.py:840} INFO - DAG(s) 'example_branch_operator' retrieved from /home/airflow/.local/lib/python3.8/site-packages/airflow/example_dags/example_branch_operator.py
[2025-07-11T09:31:59.416+0000] {logging_mixin.py:188} INFO - [2025-07-11T09:31:59.415+0000] {dag.py:3036} INFO - Sync 1 DAGs
[2025-07-11T09:31:59.464+0000] {logging_mixin.py:188} INFO - [2025-07-11T09:31:59.464+0000] {dag.py:3823} INFO - Setting next_dagrun for example_branch_operator to 2025-07-10 00:00:00+00:00, run_after=2025-07-11 00:00:00+00:00
[2025-07-11T09:31:59.495+0000] {processor.py:183} INFO - Processing /home/airflow/.local/lib/python3.8/site-packages/airflow/example_dags/example_branch_operator.py took 0.170 seconds
[2025-07-11T09:32:29.655+0000] {processor.py:161} INFO - Started process (PID=547) to work on /home/airflow/.local/lib/python3.8/site-packages/airflow/example_dags/example_branch_operator.py
[2025-07-11T09:32:29.657+0000] {processor.py:830} INFO - Processing file /home/airflow/.local/lib/python3.8/site-packages/airflow/example_dags/example_branch_operator.py for tasks to queue
[2025-07-11T09:32:29.659+0000] {logging_mixin.py:188} INFO - [2025-07-11T09:32:29.659+0000] {dagbag.py:538} INFO - Filling up the DagBag from /home/airflow/.local/lib/python3.8/site-packages/airflow/example_dags/example_branch_operator.py
[2025-07-11T09:32:29.687+0000] {processor.py:840} INFO - DAG(s) 'example_branch_operator' retrieved from /home/airflow/.local/lib/python3.8/site-packages/airflow/example_dags/example_branch_operator.py
[2025-07-11T09:32:29.732+0000] {logging_mixin.py:188} INFO - [2025-07-11T09:32:29.731+0000] {dag.py:3036} INFO - Sync 1 DAGs
[2025-07-11T09:32:29.775+0000] {logging_mixin.py:188} INFO - [2025-07-11T09:32:29.774+0000] {dag.py:3823} INFO - Setting next_dagrun for example_branch_operator to 2025-07-10 00:00:00+00:00, run_after=2025-07-11 00:00:00+00:00
[2025-07-11T09:32:29.814+0000] {processor.py:183} INFO - Processing /home/airflow/.local/lib/python3.8/site-packages/airflow/example_dags/example_branch_operator.py took 0.165 seconds
[2025-07-11T09:33:01.089+0000] {processor.py:161} INFO - Started process (PID=602) to work on /home/airflow/.local/lib/python3.8/site-packages/airflow/example_dags/example_branch_operator.py
[2025-07-11T09:33:01.091+0000] {processor.py:830} INFO - Processing file /home/airflow/.local/lib/python3.8/site-packages/airflow/example_dags/example_branch_operator.py for tasks to queue
[2025-07-11T09:33:01.094+0000] {logging_mixin.py:188} INFO - [2025-07-11T09:33:01.094+0000] {dagbag.py:538} INFO - Filling up the DagBag from /home/airflow/.local/lib/python3.8/site-packages/airflow/example_dags/example_branch_operator.py
[2025-07-11T09:33:01.127+0000] {processor.py:840} INFO - DAG(s) 'example_branch_operator' retrieved from /home/airflow/.local/lib/python3.8/site-packages/airflow/example_dags/example_branch_operator.py
[2025-07-11T09:33:01.173+0000] {logging_mixin.py:188} INFO - [2025-07-11T09:33:01.172+0000] {dag.py:3036} INFO - Sync 1 DAGs
[2025-07-11T09:33:01.217+0000] {logging_mixin.py:188} INFO - [2025-07-11T09:33:01.217+0000] {dag.py:3823} INFO - Setting next_dagrun for example_branch_operator to 2025-07-10 00:00:00+00:00, run_after=2025-07-11 00:00:00+00:00
[2025-07-11T09:33:01.260+0000] {processor.py:183} INFO - Processing /home/airflow/.local/lib/python3.8/site-packages/airflow/example_dags/example_branch_operator.py took 0.176 seconds
[2025-07-11T09:33:31.317+0000] {processor.py:161} INFO - Started process (PID=657) to work on /home/airflow/.local/lib/python3.8/site-packages/airflow/example_dags/example_branch_operator.py
[2025-07-11T09:33:31.319+0000] {processor.py:830} INFO - Processing file /home/airflow/.local/lib/python3.8/site-packages/airflow/example_dags/example_branch_operator.py for tasks to queue
[2025-07-11T09:33:31.321+0000] {logging_mixin.py:188} INFO - [2025-07-11T09:33:31.321+0000] {dagbag.py:538} INFO - Filling up the DagBag from /home/airflow/.local/lib/python3.8/site-packages/airflow/example_dags/example_branch_operator.py
[2025-07-11T09:33:31.350+0000] {processor.py:840} INFO - DAG(s) 'example_branch_operator' retrieved from /home/airflow/.local/lib/python3.8/site-packages/airflow/example_dags/example_branch_operator.py
[2025-07-11T09:33:31.395+0000] {logging_mixin.py:188} INFO - [2025-07-11T09:33:31.395+0000] {dag.py:3036} INFO - Sync 1 DAGs
[2025-07-11T09:33:31.430+0000] {logging_mixin.py:188} INFO - [2025-07-11T09:33:31.430+0000] {dag.py:3823} INFO - Setting next_dagrun for example_branch_operator to 2025-07-10 00:00:00+00:00, run_after=2025-07-11 00:00:00+00:00
[2025-07-11T09:33:31.460+0000] {processor.py:183} INFO - Processing /home/airflow/.local/lib/python3.8/site-packages/airflow/example_dags/example_branch_operator.py took 0.147 seconds
[2025-07-11T09:34:48.117+0000] {processor.py:161} INFO - Started process (PID=108) to work on /home/airflow/.local/lib/python3.8/site-packages/airflow/example_dags/example_branch_operator.py
[2025-07-11T09:34:48.119+0000] {processor.py:830} INFO - Processing file /home/airflow/.local/lib/python3.8/site-packages/airflow/example_dags/example_branch_operator.py for tasks to queue
[2025-07-11T09:34:48.123+0000] {logging_mixin.py:188} INFO - [2025-07-11T09:34:48.122+0000] {dagbag.py:538} INFO - Filling up the DagBag from /home/airflow/.local/lib/python3.8/site-packages/airflow/example_dags/example_branch_operator.py
[2025-07-11T09:34:48.163+0000] {processor.py:840} INFO - DAG(s) 'example_branch_operator' retrieved from /home/airflow/.local/lib/python3.8/site-packages/airflow/example_dags/example_branch_operator.py
[2025-07-11T09:34:48.419+0000] {logging_mixin.py:188} INFO - [2025-07-11T09:34:48.418+0000] {override.py:1769} INFO - Created Permission View: can edit on DAG:example_branch_operator
[2025-07-11T09:34:48.442+0000] {logging_mixin.py:188} INFO - [2025-07-11T09:34:48.442+0000] {override.py:1769} INFO - Created Permission View: can delete on DAG:example_branch_operator
[2025-07-11T09:34:48.459+0000] {logging_mixin.py:188} INFO - [2025-07-11T09:34:48.458+0000] {override.py:1769} INFO - Created Permission View: can read on DAG:example_branch_operator
[2025-07-11T09:34:48.460+0000] {logging_mixin.py:188} INFO - [2025-07-11T09:34:48.459+0000] {dag.py:3036} INFO - Sync 1 DAGs
[2025-07-11T09:34:48.484+0000] {logging_mixin.py:188} INFO - [2025-07-11T09:34:48.484+0000] {dag.py:3058} INFO - Creating ORM DAG for example_branch_operator
[2025-07-11T09:34:48.504+0000] {logging_mixin.py:188} INFO - [2025-07-11T09:34:48.503+0000] {dag.py:3823} INFO - Setting next_dagrun for example_branch_operator to 2025-07-10 00:00:00+00:00, run_after=2025-07-11 00:00:00+00:00
[2025-07-11T09:34:48.536+0000] {processor.py:183} INFO - Processing /home/airflow/.local/lib/python3.8/site-packages/airflow/example_dags/example_branch_operator.py took 0.426 seconds
[2025-07-11T09:35:18.632+0000] {processor.py:161} INFO - Started process (PID=163) to work on /home/airflow/.local/lib/python3.8/site-packages/airflow/example_dags/example_branch_operator.py
[2025-07-11T09:35:18.634+0000] {processor.py:830} INFO - Processing file /home/airflow/.local/lib/python3.8/site-packages/airflow/example_dags/example_branch_operator.py for tasks to queue
[2025-07-11T09:35:18.636+0000] {logging_mixin.py:188} INFO - [2025-07-11T09:35:18.636+0000] {dagbag.py:538} INFO - Filling up the DagBag from /home/airflow/.local/lib/python3.8/site-packages/airflow/example_dags/example_branch_operator.py
[2025-07-11T09:35:18.665+0000] {processor.py:840} INFO - DAG(s) 'example_branch_operator' retrieved from /home/airflow/.local/lib/python3.8/site-packages/airflow/example_dags/example_branch_operator.py
[2025-07-11T09:35:18.705+0000] {logging_mixin.py:188} INFO - [2025-07-11T09:35:18.704+0000] {dag.py:3036} INFO - Sync 1 DAGs
[2025-07-11T09:35:18.743+0000] {logging_mixin.py:188} INFO - [2025-07-11T09:35:18.743+0000] {dag.py:3823} INFO - Setting next_dagrun for example_branch_operator to 2025-07-10 00:00:00+00:00, run_after=2025-07-11 00:00:00+00:00
[2025-07-11T09:35:18.786+0000] {processor.py:183} INFO - Processing /home/airflow/.local/lib/python3.8/site-packages/airflow/example_dags/example_branch_operator.py took 0.158 seconds
[2025-07-11T09:35:48.960+0000] {processor.py:161} INFO - Started process (PID=218) to work on /home/airflow/.local/lib/python3.8/site-packages/airflow/example_dags/example_branch_operator.py
[2025-07-11T09:35:48.964+0000] {processor.py:830} INFO - Processing file /home/airflow/.local/lib/python3.8/site-packages/airflow/example_dags/example_branch_operator.py for tasks to queue
[2025-07-11T09:35:48.967+0000] {logging_mixin.py:188} INFO - [2025-07-11T09:35:48.967+0000] {dagbag.py:538} INFO - Filling up the DagBag from /home/airflow/.local/lib/python3.8/site-packages/airflow/example_dags/example_branch_operator.py
[2025-07-11T09:35:49.005+0000] {processor.py:840} INFO - DAG(s) 'example_branch_operator' retrieved from /home/airflow/.local/lib/python3.8/site-packages/airflow/example_dags/example_branch_operator.py
[2025-07-11T09:35:49.055+0000] {logging_mixin.py:188} INFO - [2025-07-11T09:35:49.055+0000] {dag.py:3036} INFO - Sync 1 DAGs
[2025-07-11T09:35:49.089+0000] {logging_mixin.py:188} INFO - [2025-07-11T09:35:49.089+0000] {dag.py:3823} INFO - Setting next_dagrun for example_branch_operator to 2025-07-10 00:00:00+00:00, run_after=2025-07-11 00:00:00+00:00
[2025-07-11T09:35:49.118+0000] {processor.py:183} INFO - Processing /home/airflow/.local/lib/python3.8/site-packages/airflow/example_dags/example_branch_operator.py took 0.163 seconds
[2025-07-11T09:36:19.249+0000] {processor.py:161} INFO - Started process (PID=273) to work on /home/airflow/.local/lib/python3.8/site-packages/airflow/example_dags/example_branch_operator.py
[2025-07-11T09:36:19.251+0000] {processor.py:830} INFO - Processing file /home/airflow/.local/lib/python3.8/site-packages/airflow/example_dags/example_branch_operator.py for tasks to queue
[2025-07-11T09:36:19.253+0000] {logging_mixin.py:188} INFO - [2025-07-11T09:36:19.253+0000] {dagbag.py:538} INFO - Filling up the DagBag from /home/airflow/.local/lib/python3.8/site-packages/airflow/example_dags/example_branch_operator.py
[2025-07-11T09:36:19.277+0000] {processor.py:840} INFO - DAG(s) 'example_branch_operator' retrieved from /home/airflow/.local/lib/python3.8/site-packages/airflow/example_dags/example_branch_operator.py
[2025-07-11T09:36:19.312+0000] {logging_mixin.py:188} INFO - [2025-07-11T09:36:19.311+0000] {dag.py:3036} INFO - Sync 1 DAGs
[2025-07-11T09:36:19.343+0000] {logging_mixin.py:188} INFO - [2025-07-11T09:36:19.343+0000] {dag.py:3823} INFO - Setting next_dagrun for example_branch_operator to 2025-07-10 00:00:00+00:00, run_after=2025-07-11 00:00:00+00:00
[2025-07-11T09:36:19.372+0000] {processor.py:183} INFO - Processing /home/airflow/.local/lib/python3.8/site-packages/airflow/example_dags/example_branch_operator.py took 0.128 seconds
[2025-07-11T09:36:49.570+0000] {processor.py:161} INFO - Started process (PID=328) to work on /home/airflow/.local/lib/python3.8/site-packages/airflow/example_dags/example_branch_operator.py
[2025-07-11T09:36:49.572+0000] {processor.py:830} INFO - Processing file /home/airflow/.local/lib/python3.8/site-packages/airflow/example_dags/example_branch_operator.py for tasks to queue
[2025-07-11T09:36:49.574+0000] {logging_mixin.py:188} INFO - [2025-07-11T09:36:49.574+0000] {dagbag.py:538} INFO - Filling up the DagBag from /home/airflow/.local/lib/python3.8/site-packages/airflow/example_dags/example_branch_operator.py
[2025-07-11T09:36:49.602+0000] {processor.py:840} INFO - DAG(s) 'example_branch_operator' retrieved from /home/airflow/.local/lib/python3.8/site-packages/airflow/example_dags/example_branch_operator.py
[2025-07-11T09:36:49.641+0000] {logging_mixin.py:188} INFO - [2025-07-11T09:36:49.641+0000] {dag.py:3036} INFO - Sync 1 DAGs
[2025-07-11T09:36:49.670+0000] {logging_mixin.py:188} INFO - [2025-07-11T09:36:49.670+0000] {dag.py:3823} INFO - Setting next_dagrun for example_branch_operator to 2025-07-10 00:00:00+00:00, run_after=2025-07-11 00:00:00+00:00
[2025-07-11T09:36:49.696+0000] {processor.py:183} INFO - Processing /home/airflow/.local/lib/python3.8/site-packages/airflow/example_dags/example_branch_operator.py took 0.131 seconds
[2025-07-11T09:37:20.178+0000] {processor.py:161} INFO - Started process (PID=383) to work on /home/airflow/.local/lib/python3.8/site-packages/airflow/example_dags/example_branch_operator.py
[2025-07-11T09:37:20.179+0000] {processor.py:830} INFO - Processing file /home/airflow/.local/lib/python3.8/site-packages/airflow/example_dags/example_branch_operator.py for tasks to queue
[2025-07-11T09:37:20.182+0000] {logging_mixin.py:188} INFO - [2025-07-11T09:37:20.181+0000] {dagbag.py:538} INFO - Filling up the DagBag from /home/airflow/.local/lib/python3.8/site-packages/airflow/example_dags/example_branch_operator.py
[2025-07-11T09:37:20.206+0000] {processor.py:840} INFO - DAG(s) 'example_branch_operator' retrieved from /home/airflow/.local/lib/python3.8/site-packages/airflow/example_dags/example_branch_operator.py
[2025-07-11T09:37:20.244+0000] {logging_mixin.py:188} INFO - [2025-07-11T09:37:20.244+0000] {dag.py:3036} INFO - Sync 1 DAGs
[2025-07-11T09:37:20.282+0000] {logging_mixin.py:188} INFO - [2025-07-11T09:37:20.281+0000] {dag.py:3823} INFO - Setting next_dagrun for example_branch_operator to 2025-07-10 00:00:00+00:00, run_after=2025-07-11 00:00:00+00:00
[2025-07-11T09:37:20.314+0000] {processor.py:183} INFO - Processing /home/airflow/.local/lib/python3.8/site-packages/airflow/example_dags/example_branch_operator.py took 0.140 seconds
[2025-07-11T09:37:51.028+0000] {processor.py:161} INFO - Started process (PID=438) to work on /home/airflow/.local/lib/python3.8/site-packages/airflow/example_dags/example_branch_operator.py
[2025-07-11T09:37:51.030+0000] {processor.py:830} INFO - Processing file /home/airflow/.local/lib/python3.8/site-packages/airflow/example_dags/example_branch_operator.py for tasks to queue
[2025-07-11T09:37:51.033+0000] {logging_mixin.py:188} INFO - [2025-07-11T09:37:51.033+0000] {dagbag.py:538} INFO - Filling up the DagBag from /home/airflow/.local/lib/python3.8/site-packages/airflow/example_dags/example_branch_operator.py
[2025-07-11T09:37:51.066+0000] {processor.py:840} INFO - DAG(s) 'example_branch_operator' retrieved from /home/airflow/.local/lib/python3.8/site-packages/airflow/example_dags/example_branch_operator.py
[2025-07-11T09:37:51.120+0000] {logging_mixin.py:188} INFO - [2025-07-11T09:37:51.120+0000] {dag.py:3036} INFO - Sync 1 DAGs
[2025-07-11T09:37:51.181+0000] {logging_mixin.py:188} INFO - [2025-07-11T09:37:51.180+0000] {dag.py:3823} INFO - Setting next_dagrun for example_branch_operator to 2025-07-10 00:00:00+00:00, run_after=2025-07-11 00:00:00+00:00
[2025-07-11T09:37:51.227+0000] {processor.py:183} INFO - Processing /home/airflow/.local/lib/python3.8/site-packages/airflow/example_dags/example_branch_operator.py took 0.205 seconds
[2025-07-11T09:38:21.523+0000] {processor.py:161} INFO - Started process (PID=493) to work on /home/airflow/.local/lib/python3.8/site-packages/airflow/example_dags/example_branch_operator.py
[2025-07-11T09:38:21.525+0000] {processor.py:830} INFO - Processing file /home/airflow/.local/lib/python3.8/site-packages/airflow/example_dags/example_branch_operator.py for tasks to queue
[2025-07-11T09:38:21.527+0000] {logging_mixin.py:188} INFO - [2025-07-11T09:38:21.527+0000] {dagbag.py:538} INFO - Filling up the DagBag from /home/airflow/.local/lib/python3.8/site-packages/airflow/example_dags/example_branch_operator.py
[2025-07-11T09:38:21.552+0000] {processor.py:840} INFO - DAG(s) 'example_branch_operator' retrieved from /home/airflow/.local/lib/python3.8/site-packages/airflow/example_dags/example_branch_operator.py
[2025-07-11T09:38:21.589+0000] {logging_mixin.py:188} INFO - [2025-07-11T09:38:21.589+0000] {dag.py:3036} INFO - Sync 1 DAGs
[2025-07-11T09:38:21.623+0000] {logging_mixin.py:188} INFO - [2025-07-11T09:38:21.622+0000] {dag.py:3823} INFO - Setting next_dagrun for example_branch_operator to 2025-07-10 00:00:00+00:00, run_after=2025-07-11 00:00:00+00:00
[2025-07-11T09:38:21.657+0000] {processor.py:183} INFO - Processing /home/airflow/.local/lib/python3.8/site-packages/airflow/example_dags/example_branch_operator.py took 0.138 seconds
[2025-07-11T09:38:52.056+0000] {processor.py:161} INFO - Started process (PID=548) to work on /home/airflow/.local/lib/python3.8/site-packages/airflow/example_dags/example_branch_operator.py
[2025-07-11T09:38:52.058+0000] {processor.py:830} INFO - Processing file /home/airflow/.local/lib/python3.8/site-packages/airflow/example_dags/example_branch_operator.py for tasks to queue
[2025-07-11T09:38:52.062+0000] {logging_mixin.py:188} INFO - [2025-07-11T09:38:52.061+0000] {dagbag.py:538} INFO - Filling up the DagBag from /home/airflow/.local/lib/python3.8/site-packages/airflow/example_dags/example_branch_operator.py
[2025-07-11T09:38:52.089+0000] {processor.py:840} INFO - DAG(s) 'example_branch_operator' retrieved from /home/airflow/.local/lib/python3.8/site-packages/airflow/example_dags/example_branch_operator.py
[2025-07-11T09:38:52.127+0000] {logging_mixin.py:188} INFO - [2025-07-11T09:38:52.126+0000] {dag.py:3036} INFO - Sync 1 DAGs
[2025-07-11T09:38:52.166+0000] {logging_mixin.py:188} INFO - [2025-07-11T09:38:52.166+0000] {dag.py:3823} INFO - Setting next_dagrun for example_branch_operator to 2025-07-10 00:00:00+00:00, run_after=2025-07-11 00:00:00+00:00
[2025-07-11T09:38:52.198+0000] {processor.py:183} INFO - Processing /home/airflow/.local/lib/python3.8/site-packages/airflow/example_dags/example_branch_operator.py took 0.147 seconds
[2025-07-11T09:39:22.326+0000] {processor.py:161} INFO - Started process (PID=604) to work on /home/airflow/.local/lib/python3.8/site-packages/airflow/example_dags/example_branch_operator.py
[2025-07-11T09:39:22.327+0000] {processor.py:830} INFO - Processing file /home/airflow/.local/lib/python3.8/site-packages/airflow/example_dags/example_branch_operator.py for tasks to queue
[2025-07-11T09:39:22.330+0000] {logging_mixin.py:188} INFO - [2025-07-11T09:39:22.329+0000] {dagbag.py:538} INFO - Filling up the DagBag from /home/airflow/.local/lib/python3.8/site-packages/airflow/example_dags/example_branch_operator.py
[2025-07-11T09:39:22.353+0000] {processor.py:840} INFO - DAG(s) 'example_branch_operator' retrieved from /home/airflow/.local/lib/python3.8/site-packages/airflow/example_dags/example_branch_operator.py
[2025-07-11T09:39:22.390+0000] {logging_mixin.py:188} INFO - [2025-07-11T09:39:22.389+0000] {dag.py:3036} INFO - Sync 1 DAGs
[2025-07-11T09:39:22.427+0000] {logging_mixin.py:188} INFO - [2025-07-11T09:39:22.427+0000] {dag.py:3823} INFO - Setting next_dagrun for example_branch_operator to 2025-07-10 00:00:00+00:00, run_after=2025-07-11 00:00:00+00:00
[2025-07-11T09:39:22.458+0000] {processor.py:183} INFO - Processing /home/airflow/.local/lib/python3.8/site-packages/airflow/example_dags/example_branch_operator.py took 0.136 seconds
[2025-07-11T09:39:52.730+0000] {processor.py:161} INFO - Started process (PID=659) to work on /home/airflow/.local/lib/python3.8/site-packages/airflow/example_dags/example_branch_operator.py
[2025-07-11T09:39:52.732+0000] {processor.py:830} INFO - Processing file /home/airflow/.local/lib/python3.8/site-packages/airflow/example_dags/example_branch_operator.py for tasks to queue
[2025-07-11T09:39:52.735+0000] {logging_mixin.py:188} INFO - [2025-07-11T09:39:52.734+0000] {dagbag.py:538} INFO - Filling up the DagBag from /home/airflow/.local/lib/python3.8/site-packages/airflow/example_dags/example_branch_operator.py
[2025-07-11T09:39:52.763+0000] {processor.py:840} INFO - DAG(s) 'example_branch_operator' retrieved from /home/airflow/.local/lib/python3.8/site-packages/airflow/example_dags/example_branch_operator.py
[2025-07-11T09:39:52.804+0000] {logging_mixin.py:188} INFO - [2025-07-11T09:39:52.804+0000] {dag.py:3036} INFO - Sync 1 DAGs
[2025-07-11T09:39:52.841+0000] {logging_mixin.py:188} INFO - [2025-07-11T09:39:52.841+0000] {dag.py:3823} INFO - Setting next_dagrun for example_branch_operator to 2025-07-10 00:00:00+00:00, run_after=2025-07-11 00:00:00+00:00
[2025-07-11T09:39:52.872+0000] {processor.py:183} INFO - Processing /home/airflow/.local/lib/python3.8/site-packages/airflow/example_dags/example_branch_operator.py took 0.148 seconds
[2025-07-11T09:40:23.204+0000] {processor.py:161} INFO - Started process (PID=714) to work on /home/airflow/.local/lib/python3.8/site-packages/airflow/example_dags/example_branch_operator.py
[2025-07-11T09:40:23.206+0000] {processor.py:830} INFO - Processing file /home/airflow/.local/lib/python3.8/site-packages/airflow/example_dags/example_branch_operator.py for tasks to queue
[2025-07-11T09:40:23.208+0000] {logging_mixin.py:188} INFO - [2025-07-11T09:40:23.208+0000] {dagbag.py:538} INFO - Filling up the DagBag from /home/airflow/.local/lib/python3.8/site-packages/airflow/example_dags/example_branch_operator.py
[2025-07-11T09:40:23.236+0000] {processor.py:840} INFO - DAG(s) 'example_branch_operator' retrieved from /home/airflow/.local/lib/python3.8/site-packages/airflow/example_dags/example_branch_operator.py
[2025-07-11T09:40:23.275+0000] {logging_mixin.py:188} INFO - [2025-07-11T09:40:23.274+0000] {dag.py:3036} INFO - Sync 1 DAGs
[2025-07-11T09:40:23.307+0000] {logging_mixin.py:188} INFO - [2025-07-11T09:40:23.307+0000] {dag.py:3823} INFO - Setting next_dagrun for example_branch_operator to 2025-07-10 00:00:00+00:00, run_after=2025-07-11 00:00:00+00:00
[2025-07-11T09:40:23.339+0000] {processor.py:183} INFO - Processing /home/airflow/.local/lib/python3.8/site-packages/airflow/example_dags/example_branch_operator.py took 0.139 seconds
[2025-07-11T09:40:53.595+0000] {processor.py:161} INFO - Started process (PID=769) to work on /home/airflow/.local/lib/python3.8/site-packages/airflow/example_dags/example_branch_operator.py
[2025-07-11T09:40:53.597+0000] {processor.py:830} INFO - Processing file /home/airflow/.local/lib/python3.8/site-packages/airflow/example_dags/example_branch_operator.py for tasks to queue
[2025-07-11T09:40:53.599+0000] {logging_mixin.py:188} INFO - [2025-07-11T09:40:53.599+0000] {dagbag.py:538} INFO - Filling up the DagBag from /home/airflow/.local/lib/python3.8/site-packages/airflow/example_dags/example_branch_operator.py
[2025-07-11T09:40:53.624+0000] {processor.py:840} INFO - DAG(s) 'example_branch_operator' retrieved from /home/airflow/.local/lib/python3.8/site-packages/airflow/example_dags/example_branch_operator.py
[2025-07-11T09:40:53.662+0000] {logging_mixin.py:188} INFO - [2025-07-11T09:40:53.661+0000] {dag.py:3036} INFO - Sync 1 DAGs
[2025-07-11T09:40:53.695+0000] {logging_mixin.py:188} INFO - [2025-07-11T09:40:53.695+0000] {dag.py:3823} INFO - Setting next_dagrun for example_branch_operator to 2025-07-10 00:00:00+00:00, run_after=2025-07-11 00:00:00+00:00
[2025-07-11T09:40:53.726+0000] {processor.py:183} INFO - Processing /home/airflow/.local/lib/python3.8/site-packages/airflow/example_dags/example_branch_operator.py took 0.135 seconds
[2025-07-11T09:41:24.077+0000] {processor.py:161} INFO - Started process (PID=824) to work on /home/airflow/.local/lib/python3.8/site-packages/airflow/example_dags/example_branch_operator.py
[2025-07-11T09:41:24.078+0000] {processor.py:830} INFO - Processing file /home/airflow/.local/lib/python3.8/site-packages/airflow/example_dags/example_branch_operator.py for tasks to queue
[2025-07-11T09:41:24.081+0000] {logging_mixin.py:188} INFO - [2025-07-11T09:41:24.080+0000] {dagbag.py:538} INFO - Filling up the DagBag from /home/airflow/.local/lib/python3.8/site-packages/airflow/example_dags/example_branch_operator.py
[2025-07-11T09:41:24.106+0000] {processor.py:840} INFO - DAG(s) 'example_branch_operator' retrieved from /home/airflow/.local/lib/python3.8/site-packages/airflow/example_dags/example_branch_operator.py
[2025-07-11T09:41:24.144+0000] {logging_mixin.py:188} INFO - [2025-07-11T09:41:24.144+0000] {dag.py:3036} INFO - Sync 1 DAGs
[2025-07-11T09:41:24.176+0000] {logging_mixin.py:188} INFO - [2025-07-11T09:41:24.176+0000] {dag.py:3823} INFO - Setting next_dagrun for example_branch_operator to 2025-07-10 00:00:00+00:00, run_after=2025-07-11 00:00:00+00:00
[2025-07-11T09:41:24.209+0000] {processor.py:183} INFO - Processing /home/airflow/.local/lib/python3.8/site-packages/airflow/example_dags/example_branch_operator.py took 0.136 seconds
[2025-07-11T09:41:54.474+0000] {processor.py:161} INFO - Started process (PID=879) to work on /home/airflow/.local/lib/python3.8/site-packages/airflow/example_dags/example_branch_operator.py
[2025-07-11T09:41:54.476+0000] {processor.py:830} INFO - Processing file /home/airflow/.local/lib/python3.8/site-packages/airflow/example_dags/example_branch_operator.py for tasks to queue
[2025-07-11T09:41:54.479+0000] {logging_mixin.py:188} INFO - [2025-07-11T09:41:54.478+0000] {dagbag.py:538} INFO - Filling up the DagBag from /home/airflow/.local/lib/python3.8/site-packages/airflow/example_dags/example_branch_operator.py
[2025-07-11T09:41:54.505+0000] {processor.py:840} INFO - DAG(s) 'example_branch_operator' retrieved from /home/airflow/.local/lib/python3.8/site-packages/airflow/example_dags/example_branch_operator.py
[2025-07-11T09:41:54.544+0000] {logging_mixin.py:188} INFO - [2025-07-11T09:41:54.544+0000] {dag.py:3036} INFO - Sync 1 DAGs
[2025-07-11T09:41:54.579+0000] {logging_mixin.py:188} INFO - [2025-07-11T09:41:54.578+0000] {dag.py:3823} INFO - Setting next_dagrun for example_branch_operator to 2025-07-10 00:00:00+00:00, run_after=2025-07-11 00:00:00+00:00
[2025-07-11T09:41:54.610+0000] {processor.py:183} INFO - Processing /home/airflow/.local/lib/python3.8/site-packages/airflow/example_dags/example_branch_operator.py took 0.140 seconds
[2025-07-11T09:42:24.810+0000] {processor.py:161} INFO - Started process (PID=934) to work on /home/airflow/.local/lib/python3.8/site-packages/airflow/example_dags/example_branch_operator.py
[2025-07-11T09:42:24.811+0000] {processor.py:830} INFO - Processing file /home/airflow/.local/lib/python3.8/site-packages/airflow/example_dags/example_branch_operator.py for tasks to queue
[2025-07-11T09:42:24.814+0000] {logging_mixin.py:188} INFO - [2025-07-11T09:42:24.813+0000] {dagbag.py:538} INFO - Filling up the DagBag from /home/airflow/.local/lib/python3.8/site-packages/airflow/example_dags/example_branch_operator.py
[2025-07-11T09:42:24.839+0000] {processor.py:840} INFO - DAG(s) 'example_branch_operator' retrieved from /home/airflow/.local/lib/python3.8/site-packages/airflow/example_dags/example_branch_operator.py
[2025-07-11T09:42:24.878+0000] {logging_mixin.py:188} INFO - [2025-07-11T09:42:24.878+0000] {dag.py:3036} INFO - Sync 1 DAGs
[2025-07-11T09:42:24.911+0000] {logging_mixin.py:188} INFO - [2025-07-11T09:42:24.910+0000] {dag.py:3823} INFO - Setting next_dagrun for example_branch_operator to 2025-07-10 00:00:00+00:00, run_after=2025-07-11 00:00:00+00:00
[2025-07-11T09:42:24.940+0000] {processor.py:183} INFO - Processing /home/airflow/.local/lib/python3.8/site-packages/airflow/example_dags/example_branch_operator.py took 0.135 seconds
[2025-07-11T09:42:55.187+0000] {processor.py:161} INFO - Started process (PID=989) to work on /home/airflow/.local/lib/python3.8/site-packages/airflow/example_dags/example_branch_operator.py
[2025-07-11T09:42:55.189+0000] {processor.py:830} INFO - Processing file /home/airflow/.local/lib/python3.8/site-packages/airflow/example_dags/example_branch_operator.py for tasks to queue
[2025-07-11T09:42:55.192+0000] {logging_mixin.py:188} INFO - [2025-07-11T09:42:55.191+0000] {dagbag.py:538} INFO - Filling up the DagBag from /home/airflow/.local/lib/python3.8/site-packages/airflow/example_dags/example_branch_operator.py
[2025-07-11T09:42:55.216+0000] {processor.py:840} INFO - DAG(s) 'example_branch_operator' retrieved from /home/airflow/.local/lib/python3.8/site-packages/airflow/example_dags/example_branch_operator.py
[2025-07-11T09:42:55.255+0000] {logging_mixin.py:188} INFO - [2025-07-11T09:42:55.254+0000] {dag.py:3036} INFO - Sync 1 DAGs
[2025-07-11T09:42:55.247+0000] {logging_mixin.py:188} INFO - [2025-07-11T09:42:55.246+0000] {dag.py:3823} INFO - Setting next_dagrun for example_branch_operator to 2025-07-10 00:00:00+00:00, run_after=2025-07-11 00:00:00+00:00
[2025-07-11T09:42:55.277+0000] {processor.py:183} INFO - Processing /home/airflow/.local/lib/python3.8/site-packages/airflow/example_dags/example_branch_operator.py took 0.137 seconds
[2025-07-11T09:43:25.644+0000] {processor.py:161} INFO - Started process (PID=1044) to work on /home/airflow/.local/lib/python3.8/site-packages/airflow/example_dags/example_branch_operator.py
[2025-07-11T09:43:25.646+0000] {processor.py:830} INFO - Processing file /home/airflow/.local/lib/python3.8/site-packages/airflow/example_dags/example_branch_operator.py for tasks to queue
[2025-07-11T09:43:25.648+0000] {logging_mixin.py:188} INFO - [2025-07-11T09:43:25.648+0000] {dagbag.py:538} INFO - Filling up the DagBag from /home/airflow/.local/lib/python3.8/site-packages/airflow/example_dags/example_branch_operator.py
[2025-07-11T09:43:25.674+0000] {processor.py:840} INFO - DAG(s) 'example_branch_operator' retrieved from /home/airflow/.local/lib/python3.8/site-packages/airflow/example_dags/example_branch_operator.py
[2025-07-11T09:43:25.713+0000] {logging_mixin.py:188} INFO - [2025-07-11T09:43:25.712+0000] {dag.py:3036} INFO - Sync 1 DAGs
[2025-07-11T09:43:25.743+0000] {logging_mixin.py:188} INFO - [2025-07-11T09:43:25.743+0000] {dag.py:3823} INFO - Setting next_dagrun for example_branch_operator to 2025-07-10 00:00:00+00:00, run_after=2025-07-11 00:00:00+00:00
[2025-07-11T09:43:25.771+0000] {processor.py:183} INFO - Processing /home/airflow/.local/lib/python3.8/site-packages/airflow/example_dags/example_branch_operator.py took 0.131 seconds
[2025-07-11T09:43:55.954+0000] {processor.py:161} INFO - Started process (PID=1099) to work on /home/airflow/.local/lib/python3.8/site-packages/airflow/example_dags/example_branch_operator.py
[2025-07-11T09:43:55.956+0000] {processor.py:830} INFO - Processing file /home/airflow/.local/lib/python3.8/site-packages/airflow/example_dags/example_branch_operator.py for tasks to queue
[2025-07-11T09:43:55.958+0000] {logging_mixin.py:188} INFO - [2025-07-11T09:43:55.958+0000] {dagbag.py:538} INFO - Filling up the DagBag from /home/airflow/.local/lib/python3.8/site-packages/airflow/example_dags/example_branch_operator.py
[2025-07-11T09:43:55.981+0000] {processor.py:840} INFO - DAG(s) 'example_branch_operator' retrieved from /home/airflow/.local/lib/python3.8/site-packages/airflow/example_dags/example_branch_operator.py
[2025-07-11T09:43:56.017+0000] {logging_mixin.py:188} INFO - [2025-07-11T09:43:56.016+0000] {dag.py:3036} INFO - Sync 1 DAGs
[2025-07-11T09:43:56.047+0000] {logging_mixin.py:188} INFO - [2025-07-11T09:43:56.047+0000] {dag.py:3823} INFO - Setting next_dagrun for example_branch_operator to 2025-07-10 00:00:00+00:00, run_after=2025-07-11 00:00:00+00:00
[2025-07-11T09:43:56.075+0000] {processor.py:183} INFO - Processing /home/airflow/.local/lib/python3.8/site-packages/airflow/example_dags/example_branch_operator.py took 0.125 seconds
[2025-07-11T09:44:26.434+0000] {processor.py:161} INFO - Started process (PID=1155) to work on /home/airflow/.local/lib/python3.8/site-packages/airflow/example_dags/example_branch_operator.py
[2025-07-11T09:44:26.436+0000] {processor.py:830} INFO - Processing file /home/airflow/.local/lib/python3.8/site-packages/airflow/example_dags/example_branch_operator.py for tasks to queue
[2025-07-11T09:44:26.438+0000] {logging_mixin.py:188} INFO - [2025-07-11T09:44:26.438+0000] {dagbag.py:538} INFO - Filling up the DagBag from /home/airflow/.local/lib/python3.8/site-packages/airflow/example_dags/example_branch_operator.py
[2025-07-11T09:44:26.468+0000] {processor.py:840} INFO - DAG(s) 'example_branch_operator' retrieved from /home/airflow/.local/lib/python3.8/site-packages/airflow/example_dags/example_branch_operator.py
[2025-07-11T09:44:26.507+0000] {logging_mixin.py:188} INFO - [2025-07-11T09:44:26.507+0000] {dag.py:3036} INFO - Sync 1 DAGs
[2025-07-11T09:44:26.552+0000] {logging_mixin.py:188} INFO - [2025-07-11T09:44:26.552+0000] {dag.py:3823} INFO - Setting next_dagrun for example_branch_operator to 2025-07-10 00:00:00+00:00, run_after=2025-07-11 00:00:00+00:00
[2025-07-11T09:44:26.591+0000] {processor.py:183} INFO - Processing /home/airflow/.local/lib/python3.8/site-packages/airflow/example_dags/example_branch_operator.py took 0.162 seconds
[2025-07-11T09:44:56.954+0000] {processor.py:161} INFO - Started process (PID=1210) to work on /home/airflow/.local/lib/python3.8/site-packages/airflow/example_dags/example_branch_operator.py
[2025-07-11T09:44:56.955+0000] {processor.py:830} INFO - Processing file /home/airflow/.local/lib/python3.8/site-packages/airflow/example_dags/example_branch_operator.py for tasks to queue
[2025-07-11T09:44:56.958+0000] {logging_mixin.py:188} INFO - [2025-07-11T09:44:56.957+0000] {dagbag.py:538} INFO - Filling up the DagBag from /home/airflow/.local/lib/python3.8/site-packages/airflow/example_dags/example_branch_operator.py
[2025-07-11T09:44:56.985+0000] {processor.py:840} INFO - DAG(s) 'example_branch_operator' retrieved from /home/airflow/.local/lib/python3.8/site-packages/airflow/example_dags/example_branch_operator.py
[2025-07-11T09:44:57.023+0000] {logging_mixin.py:188} INFO - [2025-07-11T09:44:57.022+0000] {dag.py:3036} INFO - Sync 1 DAGs
[2025-07-11T09:44:57.056+0000] {logging_mixin.py:188} INFO - [2025-07-11T09:44:57.056+0000] {dag.py:3823} INFO - Setting next_dagrun for example_branch_operator to 2025-07-10 00:00:00+00:00, run_after=2025-07-11 00:00:00+00:00
[2025-07-11T09:44:57.084+0000] {processor.py:183} INFO - Processing /home/airflow/.local/lib/python3.8/site-packages/airflow/example_dags/example_branch_operator.py took 0.135 seconds
[2025-07-11T09:45:27.317+0000] {processor.py:161} INFO - Started process (PID=1265) to work on /home/airflow/.local/lib/python3.8/site-packages/airflow/example_dags/example_branch_operator.py
[2025-07-11T09:45:27.319+0000] {processor.py:830} INFO - Processing file /home/airflow/.local/lib/python3.8/site-packages/airflow/example_dags/example_branch_operator.py for tasks to queue
[2025-07-11T09:45:27.322+0000] {logging_mixin.py:188} INFO - [2025-07-11T09:45:27.321+0000] {dagbag.py:538} INFO - Filling up the DagBag from /home/airflow/.local/lib/python3.8/site-packages/airflow/example_dags/example_branch_operator.py
[2025-07-11T09:45:27.353+0000] {processor.py:840} INFO - DAG(s) 'example_branch_operator' retrieved from /home/airflow/.local/lib/python3.8/site-packages/airflow/example_dags/example_branch_operator.py
[2025-07-11T09:45:27.394+0000] {logging_mixin.py:188} INFO - [2025-07-11T09:45:27.394+0000] {dag.py:3036} INFO - Sync 1 DAGs
[2025-07-11T09:45:27.434+0000] {logging_mixin.py:188} INFO - [2025-07-11T09:45:27.433+0000] {dag.py:3823} INFO - Setting next_dagrun for example_branch_operator to 2025-07-10 00:00:00+00:00, run_after=2025-07-11 00:00:00+00:00
[2025-07-11T09:45:27.473+0000] {processor.py:183} INFO - Processing /home/airflow/.local/lib/python3.8/site-packages/airflow/example_dags/example_branch_operator.py took 0.162 seconds
[2025-07-11T09:45:57.628+0000] {processor.py:161} INFO - Started process (PID=1320) to work on /home/airflow/.local/lib/python3.8/site-packages/airflow/example_dags/example_branch_operator.py
[2025-07-11T09:45:57.629+0000] {processor.py:830} INFO - Processing file /home/airflow/.local/lib/python3.8/site-packages/airflow/example_dags/example_branch_operator.py for tasks to queue
[2025-07-11T09:45:57.632+0000] {logging_mixin.py:188} INFO - [2025-07-11T09:45:57.631+0000] {dagbag.py:538} INFO - Filling up the DagBag from /home/airflow/.local/lib/python3.8/site-packages/airflow/example_dags/example_branch_operator.py
[2025-07-11T09:45:57.658+0000] {processor.py:840} INFO - DAG(s) 'example_branch_operator' retrieved from /home/airflow/.local/lib/python3.8/site-packages/airflow/example_dags/example_branch_operator.py
[2025-07-11T09:45:57.694+0000] {logging_mixin.py:188} INFO - [2025-07-11T09:45:57.694+0000] {dag.py:3036} INFO - Sync 1 DAGs
[2025-07-11T09:45:57.727+0000] {logging_mixin.py:188} INFO - [2025-07-11T09:45:57.727+0000] {dag.py:3823} INFO - Setting next_dagrun for example_branch_operator to 2025-07-10 00:00:00+00:00, run_after=2025-07-11 00:00:00+00:00
[2025-07-11T09:45:57.756+0000] {processor.py:183} INFO - Processing /home/airflow/.local/lib/python3.8/site-packages/airflow/example_dags/example_branch_operator.py took 0.133 seconds
[2025-07-11T09:46:28.074+0000] {processor.py:161} INFO - Started process (PID=1375) to work on /home/airflow/.local/lib/python3.8/site-packages/airflow/example_dags/example_branch_operator.py
[2025-07-11T09:46:28.076+0000] {processor.py:830} INFO - Processing file /home/airflow/.local/lib/python3.8/site-packages/airflow/example_dags/example_branch_operator.py for tasks to queue
[2025-07-11T09:46:28.079+0000] {logging_mixin.py:188} INFO - [2025-07-11T09:46:28.078+0000] {dagbag.py:538} INFO - Filling up the DagBag from /home/airflow/.local/lib/python3.8/site-packages/airflow/example_dags/example_branch_operator.py
[2025-07-11T09:46:28.103+0000] {processor.py:840} INFO - DAG(s) 'example_branch_operator' retrieved from /home/airflow/.local/lib/python3.8/site-packages/airflow/example_dags/example_branch_operator.py
[2025-07-11T09:46:28.140+0000] {logging_mixin.py:188} INFO - [2025-07-11T09:46:28.140+0000] {dag.py:3036} INFO - Sync 1 DAGs
[2025-07-11T09:46:28.171+0000] {logging_mixin.py:188} INFO - [2025-07-11T09:46:28.171+0000] {dag.py:3823} INFO - Setting next_dagrun for example_branch_operator to 2025-07-10 00:00:00+00:00, run_after=2025-07-11 00:00:00+00:00
[2025-07-11T09:46:28.199+0000] {processor.py:183} INFO - Processing /home/airflow/.local/lib/python3.8/site-packages/airflow/example_dags/example_branch_operator.py took 0.130 seconds
[2025-07-11T09:46:58.546+0000] {processor.py:161} INFO - Started process (PID=1430) to work on /home/airflow/.local/lib/python3.8/site-packages/airflow/example_dags/example_branch_operator.py
[2025-07-11T09:46:58.547+0000] {processor.py:830} INFO - Processing file /home/airflow/.local/lib/python3.8/site-packages/airflow/example_dags/example_branch_operator.py for tasks to queue
[2025-07-11T09:46:58.550+0000] {logging_mixin.py:188} INFO - [2025-07-11T09:46:58.549+0000] {dagbag.py:538} INFO - Filling up the DagBag from /home/airflow/.local/lib/python3.8/site-packages/airflow/example_dags/example_branch_operator.py
[2025-07-11T09:46:58.574+0000] {processor.py:840} INFO - DAG(s) 'example_branch_operator' retrieved from /home/airflow/.local/lib/python3.8/site-packages/airflow/example_dags/example_branch_operator.py
[2025-07-11T09:46:58.613+0000] {logging_mixin.py:188} INFO - [2025-07-11T09:46:58.612+0000] {dag.py:3036} INFO - Sync 1 DAGs
[2025-07-11T09:46:58.644+0000] {logging_mixin.py:188} INFO - [2025-07-11T09:46:58.643+0000] {dag.py:3823} INFO - Setting next_dagrun for example_branch_operator to 2025-07-10 00:00:00+00:00, run_after=2025-07-11 00:00:00+00:00
[2025-07-11T09:46:58.673+0000] {processor.py:183} INFO - Processing /home/airflow/.local/lib/python3.8/site-packages/airflow/example_dags/example_branch_operator.py took 0.131 seconds
[2025-07-11T09:47:29.119+0000] {processor.py:161} INFO - Started process (PID=1485) to work on /home/airflow/.local/lib/python3.8/site-packages/airflow/example_dags/example_branch_operator.py
[2025-07-11T09:47:29.122+0000] {processor.py:830} INFO - Processing file /home/airflow/.local/lib/python3.8/site-packages/airflow/example_dags/example_branch_operator.py for tasks to queue
[2025-07-11T09:47:29.124+0000] {logging_mixin.py:188} INFO - [2025-07-11T09:47:29.124+0000] {dagbag.py:538} INFO - Filling up the DagBag from /home/airflow/.local/lib/python3.8/site-packages/airflow/example_dags/example_branch_operator.py
[2025-07-11T09:47:29.148+0000] {processor.py:840} INFO - DAG(s) 'example_branch_operator' retrieved from /home/airflow/.local/lib/python3.8/site-packages/airflow/example_dags/example_branch_operator.py
[2025-07-11T09:47:29.185+0000] {logging_mixin.py:188} INFO - [2025-07-11T09:47:29.185+0000] {dag.py:3036} INFO - Sync 1 DAGs
[2025-07-11T09:47:29.225+0000] {logging_mixin.py:188} INFO - [2025-07-11T09:47:29.224+0000] {dag.py:3823} INFO - Setting next_dagrun for example_branch_operator to 2025-07-10 00:00:00+00:00, run_after=2025-07-11 00:00:00+00:00
[2025-07-11T09:47:29.257+0000] {processor.py:183} INFO - Processing /home/airflow/.local/lib/python3.8/site-packages/airflow/example_dags/example_branch_operator.py took 0.142 seconds
[2025-07-11T09:47:59.913+0000] {processor.py:161} INFO - Started process (PID=1540) to work on /home/airflow/.local/lib/python3.8/site-packages/airflow/example_dags/example_branch_operator.py
[2025-07-11T09:47:59.914+0000] {processor.py:830} INFO - Processing file /home/airflow/.local/lib/python3.8/site-packages/airflow/example_dags/example_branch_operator.py for tasks to queue
[2025-07-11T09:47:59.916+0000] {logging_mixin.py:188} INFO - [2025-07-11T09:47:59.916+0000] {dagbag.py:538} INFO - Filling up the DagBag from /home/airflow/.local/lib/python3.8/site-packages/airflow/example_dags/example_branch_operator.py
[2025-07-11T09:47:59.941+0000] {processor.py:840} INFO - DAG(s) 'example_branch_operator' retrieved from /home/airflow/.local/lib/python3.8/site-packages/airflow/example_dags/example_branch_operator.py
[2025-07-11T09:47:59.978+0000] {logging_mixin.py:188} INFO - [2025-07-11T09:47:59.978+0000] {dag.py:3036} INFO - Sync 1 DAGs
[2025-07-11T09:48:00.016+0000] {logging_mixin.py:188} INFO - [2025-07-11T09:48:00.015+0000] {dag.py:3823} INFO - Setting next_dagrun for example_branch_operator to 2025-07-10 00:00:00+00:00, run_after=2025-07-11 00:00:00+00:00
[2025-07-11T09:48:00.048+0000] {processor.py:183} INFO - Processing /home/airflow/.local/lib/python3.8/site-packages/airflow/example_dags/example_branch_operator.py took 0.140 seconds
[2025-07-11T09:48:30.426+0000] {processor.py:161} INFO - Started process (PID=1595) to work on /home/airflow/.local/lib/python3.8/site-packages/airflow/example_dags/example_branch_operator.py
[2025-07-11T09:48:30.428+0000] {processor.py:830} INFO - Processing file /home/airflow/.local/lib/python3.8/site-packages/airflow/example_dags/example_branch_operator.py for tasks to queue
[2025-07-11T09:48:30.430+0000] {logging_mixin.py:188} INFO - [2025-07-11T09:48:30.430+0000] {dagbag.py:538} INFO - Filling up the DagBag from /home/airflow/.local/lib/python3.8/site-packages/airflow/example_dags/example_branch_operator.py
[2025-07-11T09:48:30.462+0000] {processor.py:840} INFO - DAG(s) 'example_branch_operator' retrieved from /home/airflow/.local/lib/python3.8/site-packages/airflow/example_dags/example_branch_operator.py
[2025-07-11T09:48:30.507+0000] {logging_mixin.py:188} INFO - [2025-07-11T09:48:30.507+0000] {dag.py:3036} INFO - Sync 1 DAGs
[2025-07-11T09:48:30.548+0000] {logging_mixin.py:188} INFO - [2025-07-11T09:48:30.547+0000] {dag.py:3823} INFO - Setting next_dagrun for example_branch_operator to 2025-07-10 00:00:00+00:00, run_after=2025-07-11 00:00:00+00:00
[2025-07-11T09:48:30.579+0000] {processor.py:183} INFO - Processing /home/airflow/.local/lib/python3.8/site-packages/airflow/example_dags/example_branch_operator.py took 0.158 seconds
[2025-07-11T09:49:00.814+0000] {processor.py:161} INFO - Started process (PID=1650) to work on /home/airflow/.local/lib/python3.8/site-packages/airflow/example_dags/example_branch_operator.py
[2025-07-11T09:49:00.815+0000] {processor.py:830} INFO - Processing file /home/airflow/.local/lib/python3.8/site-packages/airflow/example_dags/example_branch_operator.py for tasks to queue
[2025-07-11T09:49:00.818+0000] {logging_mixin.py:188} INFO - [2025-07-11T09:49:00.817+0000] {dagbag.py:538} INFO - Filling up the DagBag from /home/airflow/.local/lib/python3.8/site-packages/airflow/example_dags/example_branch_operator.py
[2025-07-11T09:49:00.847+0000] {processor.py:840} INFO - DAG(s) 'example_branch_operator' retrieved from /home/airflow/.local/lib/python3.8/site-packages/airflow/example_dags/example_branch_operator.py
[2025-07-11T09:49:00.888+0000] {logging_mixin.py:188} INFO - [2025-07-11T09:49:00.888+0000] {dag.py:3036} INFO - Sync 1 DAGs
[2025-07-11T09:49:00.932+0000] {logging_mixin.py:188} INFO - [2025-07-11T09:49:00.931+0000] {dag.py:3823} INFO - Setting next_dagrun for example_branch_operator to 2025-07-10 00:00:00+00:00, run_after=2025-07-11 00:00:00+00:00
[2025-07-11T09:49:00.963+0000] {processor.py:183} INFO - Processing /home/airflow/.local/lib/python3.8/site-packages/airflow/example_dags/example_branch_operator.py took 0.154 seconds
[2025-07-11T09:49:31.386+0000] {processor.py:161} INFO - Started process (PID=1705) to work on /home/airflow/.local/lib/python3.8/site-packages/airflow/example_dags/example_branch_operator.py
[2025-07-11T09:49:31.388+0000] {processor.py:830} INFO - Processing file /home/airflow/.local/lib/python3.8/site-packages/airflow/example_dags/example_branch_operator.py for tasks to queue
[2025-07-11T09:49:31.391+0000] {logging_mixin.py:188} INFO - [2025-07-11T09:49:31.390+0000] {dagbag.py:538} INFO - Filling up the DagBag from /home/airflow/.local/lib/python3.8/site-packages/airflow/example_dags/example_branch_operator.py
[2025-07-11T09:49:31.418+0000] {processor.py:840} INFO - DAG(s) 'example_branch_operator' retrieved from /home/airflow/.local/lib/python3.8/site-packages/airflow/example_dags/example_branch_operator.py
[2025-07-11T09:49:31.463+0000] {logging_mixin.py:188} INFO - [2025-07-11T09:49:31.463+0000] {dag.py:3036} INFO - Sync 1 DAGs
[2025-07-11T09:49:31.506+0000] {logging_mixin.py:188} INFO - [2025-07-11T09:49:31.505+0000] {dag.py:3823} INFO - Setting next_dagrun for example_branch_operator to 2025-07-10 00:00:00+00:00, run_after=2025-07-11 00:00:00+00:00
[2025-07-11T09:49:31.537+0000] {processor.py:183} INFO - Processing /home/airflow/.local/lib/python3.8/site-packages/airflow/example_dags/example_branch_operator.py took 0.156 seconds
[2025-07-11T09:50:02.294+0000] {processor.py:161} INFO - Started process (PID=1760) to work on /home/airflow/.local/lib/python3.8/site-packages/airflow/example_dags/example_branch_operator.py
[2025-07-11T09:50:02.296+0000] {processor.py:830} INFO - Processing file /home/airflow/.local/lib/python3.8/site-packages/airflow/example_dags/example_branch_operator.py for tasks to queue
[2025-07-11T09:50:02.298+0000] {logging_mixin.py:188} INFO - [2025-07-11T09:50:02.298+0000] {dagbag.py:538} INFO - Filling up the DagBag from /home/airflow/.local/lib/python3.8/site-packages/airflow/example_dags/example_branch_operator.py
[2025-07-11T09:50:02.327+0000] {processor.py:840} INFO - DAG(s) 'example_branch_operator' retrieved from /home/airflow/.local/lib/python3.8/site-packages/airflow/example_dags/example_branch_operator.py
[2025-07-11T09:50:02.365+0000] {logging_mixin.py:188} INFO - [2025-07-11T09:50:02.364+0000] {dag.py:3036} INFO - Sync 1 DAGs
[2025-07-11T09:50:02.400+0000] {logging_mixin.py:188} INFO - [2025-07-11T09:50:02.399+0000] {dag.py:3823} INFO - Setting next_dagrun for example_branch_operator to 2025-07-10 00:00:00+00:00, run_after=2025-07-11 00:00:00+00:00
[2025-07-11T09:50:02.431+0000] {processor.py:183} INFO - Processing /home/airflow/.local/lib/python3.8/site-packages/airflow/example_dags/example_branch_operator.py took 0.142 seconds
[2025-07-11T09:50:33.111+0000] {processor.py:161} INFO - Started process (PID=1815) to work on /home/airflow/.local/lib/python3.8/site-packages/airflow/example_dags/example_branch_operator.py
[2025-07-11T09:50:33.112+0000] {processor.py:830} INFO - Processing file /home/airflow/.local/lib/python3.8/site-packages/airflow/example_dags/example_branch_operator.py for tasks to queue
[2025-07-11T09:50:33.115+0000] {logging_mixin.py:188} INFO - [2025-07-11T09:50:33.114+0000] {dagbag.py:538} INFO - Filling up the DagBag from /home/airflow/.local/lib/python3.8/site-packages/airflow/example_dags/example_branch_operator.py
[2025-07-11T09:50:33.138+0000] {processor.py:840} INFO - DAG(s) 'example_branch_operator' retrieved from /home/airflow/.local/lib/python3.8/site-packages/airflow/example_dags/example_branch_operator.py
[2025-07-11T09:50:33.179+0000] {logging_mixin.py:188} INFO - [2025-07-11T09:50:33.179+0000] {dag.py:3036} INFO - Sync 1 DAGs
[2025-07-11T09:50:33.215+0000] {logging_mixin.py:188} INFO - [2025-07-11T09:50:33.215+0000] {dag.py:3823} INFO - Setting next_dagrun for example_branch_operator to 2025-07-10 00:00:00+00:00, run_after=2025-07-11 00:00:00+00:00
[2025-07-11T09:50:33.248+0000] {processor.py:183} INFO - Processing /home/airflow/.local/lib/python3.8/site-packages/airflow/example_dags/example_branch_operator.py took 0.141 seconds
[2025-07-11T09:51:03.622+0000] {processor.py:161} INFO - Started process (PID=1870) to work on /home/airflow/.local/lib/python3.8/site-packages/airflow/example_dags/example_branch_operator.py
[2025-07-11T09:51:03.624+0000] {processor.py:830} INFO - Processing file /home/airflow/.local/lib/python3.8/site-packages/airflow/example_dags/example_branch_operator.py for tasks to queue
[2025-07-11T09:51:03.627+0000] {logging_mixin.py:188} INFO - [2025-07-11T09:51:03.627+0000] {dagbag.py:538} INFO - Filling up the DagBag from /home/airflow/.local/lib/python3.8/site-packages/airflow/example_dags/example_branch_operator.py
[2025-07-11T09:51:03.654+0000] {processor.py:840} INFO - DAG(s) 'example_branch_operator' retrieved from /home/airflow/.local/lib/python3.8/site-packages/airflow/example_dags/example_branch_operator.py
[2025-07-11T09:51:03.698+0000] {logging_mixin.py:188} INFO - [2025-07-11T09:51:03.697+0000] {dag.py:3036} INFO - Sync 1 DAGs
[2025-07-11T09:51:03.739+0000] {logging_mixin.py:188} INFO - [2025-07-11T09:51:03.739+0000] {dag.py:3823} INFO - Setting next_dagrun for example_branch_operator to 2025-07-10 00:00:00+00:00, run_after=2025-07-11 00:00:00+00:00
[2025-07-11T09:51:03.772+0000] {processor.py:183} INFO - Processing /home/airflow/.local/lib/python3.8/site-packages/airflow/example_dags/example_branch_operator.py took 0.154 seconds
[2025-07-11T09:51:34.461+0000] {processor.py:161} INFO - Started process (PID=1925) to work on /home/airflow/.local/lib/python3.8/site-packages/airflow/example_dags/example_branch_operator.py
[2025-07-11T09:51:34.465+0000] {processor.py:830} INFO - Processing file /home/airflow/.local/lib/python3.8/site-packages/airflow/example_dags/example_branch_operator.py for tasks to queue
[2025-07-11T09:51:34.468+0000] {logging_mixin.py:188} INFO - [2025-07-11T09:51:34.467+0000] {dagbag.py:538} INFO - Filling up the DagBag from /home/airflow/.local/lib/python3.8/site-packages/airflow/example_dags/example_branch_operator.py
[2025-07-11T09:51:34.492+0000] {processor.py:840} INFO - DAG(s) 'example_branch_operator' retrieved from /home/airflow/.local/lib/python3.8/site-packages/airflow/example_dags/example_branch_operator.py
[2025-07-11T09:51:34.527+0000] {logging_mixin.py:188} INFO - [2025-07-11T09:51:34.527+0000] {dag.py:3036} INFO - Sync 1 DAGs
[2025-07-11T09:51:34.559+0000] {logging_mixin.py:188} INFO - [2025-07-11T09:51:34.558+0000] {dag.py:3823} INFO - Setting next_dagrun for example_branch_operator to 2025-07-10 00:00:00+00:00, run_after=2025-07-11 00:00:00+00:00
[2025-07-11T09:51:34.586+0000] {processor.py:183} INFO - Processing /home/airflow/.local/lib/python3.8/site-packages/airflow/example_dags/example_branch_operator.py took 0.130 seconds
[2025-07-11T09:52:04.864+0000] {processor.py:161} INFO - Started process (PID=1980) to work on /home/airflow/.local/lib/python3.8/site-packages/airflow/example_dags/example_branch_operator.py
[2025-07-11T09:52:04.865+0000] {processor.py:830} INFO - Processing file /home/airflow/.local/lib/python3.8/site-packages/airflow/example_dags/example_branch_operator.py for tasks to queue
[2025-07-11T09:52:04.868+0000] {logging_mixin.py:188} INFO - [2025-07-11T09:52:04.868+0000] {dagbag.py:538} INFO - Filling up the DagBag from /home/airflow/.local/lib/python3.8/site-packages/airflow/example_dags/example_branch_operator.py
[2025-07-11T09:52:04.897+0000] {processor.py:840} INFO - DAG(s) 'example_branch_operator' retrieved from /home/airflow/.local/lib/python3.8/site-packages/airflow/example_dags/example_branch_operator.py
[2025-07-11T09:52:04.936+0000] {logging_mixin.py:188} INFO - [2025-07-11T09:52:04.936+0000] {dag.py:3036} INFO - Sync 1 DAGs
[2025-07-11T09:52:04.970+0000] {logging_mixin.py:188} INFO - [2025-07-11T09:52:04.970+0000] {dag.py:3823} INFO - Setting next_dagrun for example_branch_operator to 2025-07-10 00:00:00+00:00, run_after=2025-07-11 00:00:00+00:00
[2025-07-11T09:52:05.002+0000] {processor.py:183} INFO - Processing /home/airflow/.local/lib/python3.8/site-packages/airflow/example_dags/example_branch_operator.py took 0.143 seconds
[2025-07-11T09:52:35.159+0000] {processor.py:161} INFO - Started process (PID=2035) to work on /home/airflow/.local/lib/python3.8/site-packages/airflow/example_dags/example_branch_operator.py
[2025-07-11T09:52:35.161+0000] {processor.py:830} INFO - Processing file /home/airflow/.local/lib/python3.8/site-packages/airflow/example_dags/example_branch_operator.py for tasks to queue
[2025-07-11T09:52:35.164+0000] {logging_mixin.py:188} INFO - [2025-07-11T09:52:35.163+0000] {dagbag.py:538} INFO - Filling up the DagBag from /home/airflow/.local/lib/python3.8/site-packages/airflow/example_dags/example_branch_operator.py
[2025-07-11T09:52:35.190+0000] {processor.py:840} INFO - DAG(s) 'example_branch_operator' retrieved from /home/airflow/.local/lib/python3.8/site-packages/airflow/example_dags/example_branch_operator.py
[2025-07-11T09:52:35.227+0000] {logging_mixin.py:188} INFO - [2025-07-11T09:52:35.227+0000] {dag.py:3036} INFO - Sync 1 DAGs
[2025-07-11T09:52:35.261+0000] {logging_mixin.py:188} INFO - [2025-07-11T09:52:35.260+0000] {dag.py:3823} INFO - Setting next_dagrun for example_branch_operator to 2025-07-10 00:00:00+00:00, run_after=2025-07-11 00:00:00+00:00
[2025-07-11T09:52:35.292+0000] {processor.py:183} INFO - Processing /home/airflow/.local/lib/python3.8/site-packages/airflow/example_dags/example_branch_operator.py took 0.137 seconds
[2025-07-11T09:53:05.764+0000] {processor.py:161} INFO - Started process (PID=2090) to work on /home/airflow/.local/lib/python3.8/site-packages/airflow/example_dags/example_branch_operator.py
[2025-07-11T09:53:05.766+0000] {processor.py:830} INFO - Processing file /home/airflow/.local/lib/python3.8/site-packages/airflow/example_dags/example_branch_operator.py for tasks to queue
[2025-07-11T09:53:05.768+0000] {logging_mixin.py:188} INFO - [2025-07-11T09:53:05.768+0000] {dagbag.py:538} INFO - Filling up the DagBag from /home/airflow/.local/lib/python3.8/site-packages/airflow/example_dags/example_branch_operator.py
[2025-07-11T09:53:05.791+0000] {processor.py:840} INFO - DAG(s) 'example_branch_operator' retrieved from /home/airflow/.local/lib/python3.8/site-packages/airflow/example_dags/example_branch_operator.py
[2025-07-11T09:53:05.828+0000] {logging_mixin.py:188} INFO - [2025-07-11T09:53:05.828+0000] {dag.py:3036} INFO - Sync 1 DAGs
[2025-07-11T09:53:05.860+0000] {logging_mixin.py:188} INFO - [2025-07-11T09:53:05.859+0000] {dag.py:3823} INFO - Setting next_dagrun for example_branch_operator to 2025-07-10 00:00:00+00:00, run_after=2025-07-11 00:00:00+00:00
[2025-07-11T09:53:05.888+0000] {processor.py:183} INFO - Processing /home/airflow/.local/lib/python3.8/site-packages/airflow/example_dags/example_branch_operator.py took 0.129 seconds
[2025-07-11T09:53:36.379+0000] {processor.py:161} INFO - Started process (PID=2145) to work on /home/airflow/.local/lib/python3.8/site-packages/airflow/example_dags/example_branch_operator.py
[2025-07-11T09:53:36.381+0000] {processor.py:830} INFO - Processing file /home/airflow/.local/lib/python3.8/site-packages/airflow/example_dags/example_branch_operator.py for tasks to queue
[2025-07-11T09:53:36.383+0000] {logging_mixin.py:188} INFO - [2025-07-11T09:53:36.383+0000] {dagbag.py:538} INFO - Filling up the DagBag from /home/airflow/.local/lib/python3.8/site-packages/airflow/example_dags/example_branch_operator.py
[2025-07-11T09:53:36.407+0000] {processor.py:840} INFO - DAG(s) 'example_branch_operator' retrieved from /home/airflow/.local/lib/python3.8/site-packages/airflow/example_dags/example_branch_operator.py
[2025-07-11T09:53:36.443+0000] {logging_mixin.py:188} INFO - [2025-07-11T09:53:36.443+0000] {dag.py:3036} INFO - Sync 1 DAGs
[2025-07-11T09:53:36.476+0000] {logging_mixin.py:188} INFO - [2025-07-11T09:53:36.475+0000] {dag.py:3823} INFO - Setting next_dagrun for example_branch_operator to 2025-07-10 00:00:00+00:00, run_after=2025-07-11 00:00:00+00:00
[2025-07-11T09:53:36.507+0000] {processor.py:183} INFO - Processing /home/airflow/.local/lib/python3.8/site-packages/airflow/example_dags/example_branch_operator.py took 0.132 seconds
[2025-07-11T09:54:06.727+0000] {processor.py:161} INFO - Started process (PID=2198) to work on /home/airflow/.local/lib/python3.8/site-packages/airflow/example_dags/example_branch_operator.py
[2025-07-11T09:54:06.729+0000] {processor.py:830} INFO - Processing file /home/airflow/.local/lib/python3.8/site-packages/airflow/example_dags/example_branch_operator.py for tasks to queue
[2025-07-11T09:54:06.731+0000] {logging_mixin.py:188} INFO - [2025-07-11T09:54:06.730+0000] {dagbag.py:538} INFO - Filling up the DagBag from /home/airflow/.local/lib/python3.8/site-packages/airflow/example_dags/example_branch_operator.py
[2025-07-11T09:54:06.756+0000] {processor.py:840} INFO - DAG(s) 'example_branch_operator' retrieved from /home/airflow/.local/lib/python3.8/site-packages/airflow/example_dags/example_branch_operator.py
[2025-07-11T09:54:06.806+0000] {logging_mixin.py:188} INFO - [2025-07-11T09:54:06.805+0000] {dag.py:3036} INFO - Sync 1 DAGs
[2025-07-11T09:54:06.854+0000] {logging_mixin.py:188} INFO - [2025-07-11T09:54:06.854+0000] {dag.py:3823} INFO - Setting next_dagrun for example_branch_operator to 2025-07-10 00:00:00+00:00, run_after=2025-07-11 00:00:00+00:00
[2025-07-11T09:54:06.902+0000] {processor.py:183} INFO - Processing /home/airflow/.local/lib/python3.8/site-packages/airflow/example_dags/example_branch_operator.py took 0.180 seconds
[2025-07-11T09:54:38.174+0000] {processor.py:161} INFO - Started process (PID=2253) to work on /home/airflow/.local/lib/python3.8/site-packages/airflow/example_dags/example_branch_operator.py
[2025-07-11T09:54:38.177+0000] {processor.py:830} INFO - Processing file /home/airflow/.local/lib/python3.8/site-packages/airflow/example_dags/example_branch_operator.py for tasks to queue
[2025-07-11T09:54:38.180+0000] {logging_mixin.py:188} INFO - [2025-07-11T09:54:38.179+0000] {dagbag.py:538} INFO - Filling up the DagBag from /home/airflow/.local/lib/python3.8/site-packages/airflow/example_dags/example_branch_operator.py
[2025-07-11T09:54:38.213+0000] {processor.py:840} INFO - DAG(s) 'example_branch_operator' retrieved from /home/airflow/.local/lib/python3.8/site-packages/airflow/example_dags/example_branch_operator.py
[2025-07-11T09:54:38.280+0000] {logging_mixin.py:188} INFO - [2025-07-11T09:54:38.279+0000] {dag.py:3036} INFO - Sync 1 DAGs
[2025-07-11T09:54:38.344+0000] {logging_mixin.py:188} INFO - [2025-07-11T09:54:38.343+0000] {dag.py:3823} INFO - Setting next_dagrun for example_branch_operator to 2025-07-10 00:00:00+00:00, run_after=2025-07-11 00:00:00+00:00
[2025-07-11T09:54:38.389+0000] {processor.py:183} INFO - Processing /home/airflow/.local/lib/python3.8/site-packages/airflow/example_dags/example_branch_operator.py took 0.220 seconds
