[2025-07-11T09:24:58.610+0000] {processor.py:161} INFO - Started process (PID=105) to work on /home/airflow/.local/lib/python3.8/site-packages/airflow/example_dags/example_xcom.py
[2025-07-11T09:24:58.612+0000] {processor.py:830} INFO - Processing file /home/airflow/.local/lib/python3.8/site-packages/airflow/example_dags/example_xcom.py for tasks to queue
[2025-07-11T09:24:58.616+0000] {logging_mixin.py:188} INFO - [2025-07-11T09:24:58.615+0000] {dagbag.py:538} INFO - Filling up the DagBag from /home/airflow/.local/lib/python3.8/site-packages/airflow/example_dags/example_xcom.py
[2025-07-11T09:24:58.631+0000] {processor.py:840} INFO - DAG(s) 'example_xcom' retrieved from /home/airflow/.local/lib/python3.8/site-packages/airflow/example_dags/example_xcom.py
[2025-07-11T09:24:58.836+0000] {logging_mixin.py:188} INFO - [2025-07-11T09:24:58.835+0000] {override.py:1769} INFO - Created Permission View: can edit on DAG:example_xcom
[2025-07-11T09:24:58.866+0000] {logging_mixin.py:188} INFO - [2025-07-11T09:24:58.866+0000] {override.py:1769} INFO - Created Permission View: can delete on DAG:example_xcom
[2025-07-11T09:24:58.883+0000] {logging_mixin.py:188} INFO - [2025-07-11T09:24:58.882+0000] {override.py:1769} INFO - Created Permission View: can read on DAG:example_xcom
[2025-07-11T09:24:58.883+0000] {logging_mixin.py:188} INFO - [2025-07-11T09:24:58.883+0000] {dag.py:3036} INFO - Sync 1 DAGs
[2025-07-11T09:24:58.906+0000] {logging_mixin.py:188} INFO - [2025-07-11T09:24:58.906+0000] {dag.py:3058} INFO - Creating ORM DAG for example_xcom
[2025-07-11T09:24:58.926+0000] {logging_mixin.py:188} INFO - [2025-07-11T09:24:58.925+0000] {dag.py:3823} INFO - Setting next_dagrun for example_xcom to 2021-01-01 00:00:00+00:00, run_after=2021-01-01 00:00:00+00:00
[2025-07-11T09:24:58.964+0000] {processor.py:183} INFO - Processing /home/airflow/.local/lib/python3.8/site-packages/airflow/example_dags/example_xcom.py took 0.359 seconds
[2025-07-11T09:25:29.810+0000] {processor.py:161} INFO - Started process (PID=160) to work on /home/airflow/.local/lib/python3.8/site-packages/airflow/example_dags/example_xcom.py
[2025-07-11T09:25:29.812+0000] {processor.py:830} INFO - Processing file /home/airflow/.local/lib/python3.8/site-packages/airflow/example_dags/example_xcom.py for tasks to queue
[2025-07-11T09:25:29.816+0000] {logging_mixin.py:188} INFO - [2025-07-11T09:25:29.815+0000] {dagbag.py:538} INFO - Filling up the DagBag from /home/airflow/.local/lib/python3.8/site-packages/airflow/example_dags/example_xcom.py
[2025-07-11T09:25:29.829+0000] {processor.py:840} INFO - DAG(s) 'example_xcom' retrieved from /home/airflow/.local/lib/python3.8/site-packages/airflow/example_dags/example_xcom.py
[2025-07-11T09:25:29.860+0000] {logging_mixin.py:188} INFO - [2025-07-11T09:25:29.860+0000] {dag.py:3036} INFO - Sync 1 DAGs
[2025-07-11T09:25:29.893+0000] {logging_mixin.py:188} INFO - [2025-07-11T09:25:29.892+0000] {dag.py:3823} INFO - Setting next_dagrun for example_xcom to 2021-01-01 00:00:00+00:00, run_after=2021-01-01 00:00:00+00:00
[2025-07-11T09:25:29.926+0000] {processor.py:183} INFO - Processing /home/airflow/.local/lib/python3.8/site-packages/airflow/example_dags/example_xcom.py took 0.122 seconds
[2025-07-11T09:26:00.103+0000] {processor.py:161} INFO - Started process (PID=215) to work on /home/airflow/.local/lib/python3.8/site-packages/airflow/example_dags/example_xcom.py
[2025-07-11T09:26:00.105+0000] {processor.py:830} INFO - Processing file /home/airflow/.local/lib/python3.8/site-packages/airflow/example_dags/example_xcom.py for tasks to queue
[2025-07-11T09:26:00.107+0000] {logging_mixin.py:188} INFO - [2025-07-11T09:26:00.107+0000] {dagbag.py:538} INFO - Filling up the DagBag from /home/airflow/.local/lib/python3.8/site-packages/airflow/example_dags/example_xcom.py
[2025-07-11T09:26:00.117+0000] {processor.py:840} INFO - DAG(s) 'example_xcom' retrieved from /home/airflow/.local/lib/python3.8/site-packages/airflow/example_dags/example_xcom.py
[2025-07-11T09:26:00.147+0000] {logging_mixin.py:188} INFO - [2025-07-11T09:26:00.146+0000] {dag.py:3036} INFO - Sync 1 DAGs
[2025-07-11T09:26:00.181+0000] {logging_mixin.py:188} INFO - [2025-07-11T09:26:00.180+0000] {dag.py:3823} INFO - Setting next_dagrun for example_xcom to 2021-01-01 00:00:00+00:00, run_after=2021-01-01 00:00:00+00:00
[2025-07-11T09:26:00.213+0000] {processor.py:183} INFO - Processing /home/airflow/.local/lib/python3.8/site-packages/airflow/example_dags/example_xcom.py took 0.114 seconds
[2025-07-11T09:26:30.532+0000] {processor.py:161} INFO - Started process (PID=270) to work on /home/airflow/.local/lib/python3.8/site-packages/airflow/example_dags/example_xcom.py
[2025-07-11T09:26:30.534+0000] {processor.py:830} INFO - Processing file /home/airflow/.local/lib/python3.8/site-packages/airflow/example_dags/example_xcom.py for tasks to queue
[2025-07-11T09:26:30.538+0000] {logging_mixin.py:188} INFO - [2025-07-11T09:26:30.537+0000] {dagbag.py:538} INFO - Filling up the DagBag from /home/airflow/.local/lib/python3.8/site-packages/airflow/example_dags/example_xcom.py
[2025-07-11T09:26:30.553+0000] {processor.py:840} INFO - DAG(s) 'example_xcom' retrieved from /home/airflow/.local/lib/python3.8/site-packages/airflow/example_dags/example_xcom.py
[2025-07-11T09:26:30.593+0000] {logging_mixin.py:188} INFO - [2025-07-11T09:26:30.593+0000] {dag.py:3036} INFO - Sync 1 DAGs
[2025-07-11T09:26:30.634+0000] {logging_mixin.py:188} INFO - [2025-07-11T09:26:30.634+0000] {dag.py:3823} INFO - Setting next_dagrun for example_xcom to 2021-01-01 00:00:00+00:00, run_after=2021-01-01 00:00:00+00:00
[2025-07-11T09:26:30.671+0000] {processor.py:183} INFO - Processing /home/airflow/.local/lib/python3.8/site-packages/airflow/example_dags/example_xcom.py took 0.144 seconds
[2025-07-11T09:27:00.839+0000] {processor.py:161} INFO - Started process (PID=325) to work on /home/airflow/.local/lib/python3.8/site-packages/airflow/example_dags/example_xcom.py
[2025-07-11T09:27:00.840+0000] {processor.py:830} INFO - Processing file /home/airflow/.local/lib/python3.8/site-packages/airflow/example_dags/example_xcom.py for tasks to queue
[2025-07-11T09:27:00.844+0000] {logging_mixin.py:188} INFO - [2025-07-11T09:27:00.843+0000] {dagbag.py:538} INFO - Filling up the DagBag from /home/airflow/.local/lib/python3.8/site-packages/airflow/example_dags/example_xcom.py
[2025-07-11T09:27:00.858+0000] {processor.py:840} INFO - DAG(s) 'example_xcom' retrieved from /home/airflow/.local/lib/python3.8/site-packages/airflow/example_dags/example_xcom.py
[2025-07-11T09:27:00.896+0000] {logging_mixin.py:188} INFO - [2025-07-11T09:27:00.896+0000] {dag.py:3036} INFO - Sync 1 DAGs
[2025-07-11T09:27:00.941+0000] {logging_mixin.py:188} INFO - [2025-07-11T09:27:00.940+0000] {dag.py:3823} INFO - Setting next_dagrun for example_xcom to 2021-01-01 00:00:00+00:00, run_after=2021-01-01 00:00:00+00:00
[2025-07-11T09:27:00.990+0000] {processor.py:183} INFO - Processing /home/airflow/.local/lib/python3.8/site-packages/airflow/example_dags/example_xcom.py took 0.157 seconds
[2025-07-11T09:28:25.996+0000] {processor.py:161} INFO - Started process (PID=106) to work on /home/airflow/.local/lib/python3.8/site-packages/airflow/example_dags/example_xcom.py
[2025-07-11T09:28:25.998+0000] {processor.py:830} INFO - Processing file /home/airflow/.local/lib/python3.8/site-packages/airflow/example_dags/example_xcom.py for tasks to queue
[2025-07-11T09:28:26.001+0000] {logging_mixin.py:188} INFO - [2025-07-11T09:28:26.000+0000] {dagbag.py:538} INFO - Filling up the DagBag from /home/airflow/.local/lib/python3.8/site-packages/airflow/example_dags/example_xcom.py
[2025-07-11T09:28:26.011+0000] {processor.py:840} INFO - DAG(s) 'example_xcom' retrieved from /home/airflow/.local/lib/python3.8/site-packages/airflow/example_dags/example_xcom.py
[2025-07-11T09:28:26.157+0000] {logging_mixin.py:188} INFO - [2025-07-11T09:28:26.156+0000] {override.py:1769} INFO - Created Permission View: can read on DAG:example_xcom
[2025-07-11T09:28:26.185+0000] {logging_mixin.py:188} INFO - [2025-07-11T09:28:26.184+0000] {override.py:1769} INFO - Created Permission View: can delete on DAG:example_xcom
[2025-07-11T09:28:26.206+0000] {logging_mixin.py:188} INFO - [2025-07-11T09:28:26.206+0000] {override.py:1769} INFO - Created Permission View: can edit on DAG:example_xcom
[2025-07-11T09:28:26.207+0000] {logging_mixin.py:188} INFO - [2025-07-11T09:28:26.206+0000] {dag.py:3036} INFO - Sync 1 DAGs
[2025-07-11T09:28:26.221+0000] {logging_mixin.py:188} INFO - [2025-07-11T09:28:26.221+0000] {dag.py:3058} INFO - Creating ORM DAG for example_xcom
[2025-07-11T09:28:26.234+0000] {logging_mixin.py:188} INFO - [2025-07-11T09:28:26.234+0000] {dag.py:3823} INFO - Setting next_dagrun for example_xcom to 2021-01-01 00:00:00+00:00, run_after=2021-01-01 00:00:00+00:00
[2025-07-11T09:28:26.262+0000] {processor.py:183} INFO - Processing /home/airflow/.local/lib/python3.8/site-packages/airflow/example_dags/example_xcom.py took 0.298 seconds
[2025-07-11T09:28:56.564+0000] {processor.py:161} INFO - Started process (PID=161) to work on /home/airflow/.local/lib/python3.8/site-packages/airflow/example_dags/example_xcom.py
[2025-07-11T09:28:56.567+0000] {processor.py:830} INFO - Processing file /home/airflow/.local/lib/python3.8/site-packages/airflow/example_dags/example_xcom.py for tasks to queue
[2025-07-11T09:28:56.570+0000] {logging_mixin.py:188} INFO - [2025-07-11T09:28:56.570+0000] {dagbag.py:538} INFO - Filling up the DagBag from /home/airflow/.local/lib/python3.8/site-packages/airflow/example_dags/example_xcom.py
[2025-07-11T09:28:56.583+0000] {processor.py:840} INFO - DAG(s) 'example_xcom' retrieved from /home/airflow/.local/lib/python3.8/site-packages/airflow/example_dags/example_xcom.py
[2025-07-11T09:28:56.619+0000] {logging_mixin.py:188} INFO - [2025-07-11T09:28:56.618+0000] {dag.py:3036} INFO - Sync 1 DAGs
[2025-07-11T09:28:56.660+0000] {logging_mixin.py:188} INFO - [2025-07-11T09:28:56.659+0000] {dag.py:3823} INFO - Setting next_dagrun for example_xcom to 2021-01-01 00:00:00+00:00, run_after=2021-01-01 00:00:00+00:00
[2025-07-11T09:28:56.698+0000] {processor.py:183} INFO - Processing /home/airflow/.local/lib/python3.8/site-packages/airflow/example_dags/example_xcom.py took 0.140 seconds
[2025-07-11T09:29:26.957+0000] {processor.py:161} INFO - Started process (PID=216) to work on /home/airflow/.local/lib/python3.8/site-packages/airflow/example_dags/example_xcom.py
[2025-07-11T09:29:26.959+0000] {processor.py:830} INFO - Processing file /home/airflow/.local/lib/python3.8/site-packages/airflow/example_dags/example_xcom.py for tasks to queue
[2025-07-11T09:29:26.964+0000] {logging_mixin.py:188} INFO - [2025-07-11T09:29:26.963+0000] {dagbag.py:538} INFO - Filling up the DagBag from /home/airflow/.local/lib/python3.8/site-packages/airflow/example_dags/example_xcom.py
[2025-07-11T09:29:26.979+0000] {processor.py:840} INFO - DAG(s) 'example_xcom' retrieved from /home/airflow/.local/lib/python3.8/site-packages/airflow/example_dags/example_xcom.py
[2025-07-11T09:29:27.010+0000] {logging_mixin.py:188} INFO - [2025-07-11T09:29:27.010+0000] {dag.py:3036} INFO - Sync 1 DAGs
[2025-07-11T09:29:27.039+0000] {logging_mixin.py:188} INFO - [2025-07-11T09:29:27.039+0000] {dag.py:3823} INFO - Setting next_dagrun for example_xcom to 2021-01-01 00:00:00+00:00, run_after=2021-01-01 00:00:00+00:00
[2025-07-11T09:29:27.068+0000] {processor.py:183} INFO - Processing /home/airflow/.local/lib/python3.8/site-packages/airflow/example_dags/example_xcom.py took 0.118 seconds
[2025-07-11T09:29:57.142+0000] {processor.py:161} INFO - Started process (PID=271) to work on /home/airflow/.local/lib/python3.8/site-packages/airflow/example_dags/example_xcom.py
[2025-07-11T09:29:57.143+0000] {processor.py:830} INFO - Processing file /home/airflow/.local/lib/python3.8/site-packages/airflow/example_dags/example_xcom.py for tasks to queue
[2025-07-11T09:29:57.146+0000] {logging_mixin.py:188} INFO - [2025-07-11T09:29:57.146+0000] {dagbag.py:538} INFO - Filling up the DagBag from /home/airflow/.local/lib/python3.8/site-packages/airflow/example_dags/example_xcom.py
[2025-07-11T09:29:57.159+0000] {processor.py:840} INFO - DAG(s) 'example_xcom' retrieved from /home/airflow/.local/lib/python3.8/site-packages/airflow/example_dags/example_xcom.py
[2025-07-11T09:29:57.195+0000] {logging_mixin.py:188} INFO - [2025-07-11T09:29:57.194+0000] {dag.py:3036} INFO - Sync 1 DAGs
[2025-07-11T09:29:57.233+0000] {logging_mixin.py:188} INFO - [2025-07-11T09:29:57.232+0000] {dag.py:3823} INFO - Setting next_dagrun for example_xcom to 2021-01-01 00:00:00+00:00, run_after=2021-01-01 00:00:00+00:00
[2025-07-11T09:29:57.265+0000] {processor.py:183} INFO - Processing /home/airflow/.local/lib/python3.8/site-packages/airflow/example_dags/example_xcom.py took 0.128 seconds
[2025-07-11T09:30:27.853+0000] {processor.py:161} INFO - Started process (PID=326) to work on /home/airflow/.local/lib/python3.8/site-packages/airflow/example_dags/example_xcom.py
[2025-07-11T09:30:27.856+0000] {processor.py:830} INFO - Processing file /home/airflow/.local/lib/python3.8/site-packages/airflow/example_dags/example_xcom.py for tasks to queue
[2025-07-11T09:30:27.859+0000] {logging_mixin.py:188} INFO - [2025-07-11T09:30:27.859+0000] {dagbag.py:538} INFO - Filling up the DagBag from /home/airflow/.local/lib/python3.8/site-packages/airflow/example_dags/example_xcom.py
[2025-07-11T09:30:27.873+0000] {processor.py:840} INFO - DAG(s) 'example_xcom' retrieved from /home/airflow/.local/lib/python3.8/site-packages/airflow/example_dags/example_xcom.py
[2025-07-11T09:30:27.912+0000] {logging_mixin.py:188} INFO - [2025-07-11T09:30:27.911+0000] {dag.py:3036} INFO - Sync 1 DAGs
[2025-07-11T09:30:27.952+0000] {logging_mixin.py:188} INFO - [2025-07-11T09:30:27.952+0000] {dag.py:3823} INFO - Setting next_dagrun for example_xcom to 2021-01-01 00:00:00+00:00, run_after=2021-01-01 00:00:00+00:00
[2025-07-11T09:30:27.988+0000] {processor.py:183} INFO - Processing /home/airflow/.local/lib/python3.8/site-packages/airflow/example_dags/example_xcom.py took 0.140 seconds
[2025-07-11T09:30:58.650+0000] {processor.py:161} INFO - Started process (PID=381) to work on /home/airflow/.local/lib/python3.8/site-packages/airflow/example_dags/example_xcom.py
[2025-07-11T09:30:58.652+0000] {processor.py:830} INFO - Processing file /home/airflow/.local/lib/python3.8/site-packages/airflow/example_dags/example_xcom.py for tasks to queue
[2025-07-11T09:30:58.654+0000] {logging_mixin.py:188} INFO - [2025-07-11T09:30:58.654+0000] {dagbag.py:538} INFO - Filling up the DagBag from /home/airflow/.local/lib/python3.8/site-packages/airflow/example_dags/example_xcom.py
[2025-07-11T09:30:58.665+0000] {processor.py:840} INFO - DAG(s) 'example_xcom' retrieved from /home/airflow/.local/lib/python3.8/site-packages/airflow/example_dags/example_xcom.py
[2025-07-11T09:30:58.698+0000] {logging_mixin.py:188} INFO - [2025-07-11T09:30:58.697+0000] {dag.py:3036} INFO - Sync 1 DAGs
[2025-07-11T09:30:58.734+0000] {logging_mixin.py:188} INFO - [2025-07-11T09:30:58.733+0000] {dag.py:3823} INFO - Setting next_dagrun for example_xcom to 2021-01-01 00:00:00+00:00, run_after=2021-01-01 00:00:00+00:00
[2025-07-11T09:30:58.767+0000] {processor.py:183} INFO - Processing /home/airflow/.local/lib/python3.8/site-packages/airflow/example_dags/example_xcom.py took 0.122 seconds
[2025-07-11T09:31:28.886+0000] {processor.py:161} INFO - Started process (PID=436) to work on /home/airflow/.local/lib/python3.8/site-packages/airflow/example_dags/example_xcom.py
[2025-07-11T09:31:28.887+0000] {processor.py:830} INFO - Processing file /home/airflow/.local/lib/python3.8/site-packages/airflow/example_dags/example_xcom.py for tasks to queue
[2025-07-11T09:31:28.890+0000] {logging_mixin.py:188} INFO - [2025-07-11T09:31:28.889+0000] {dagbag.py:538} INFO - Filling up the DagBag from /home/airflow/.local/lib/python3.8/site-packages/airflow/example_dags/example_xcom.py
[2025-07-11T09:31:28.899+0000] {processor.py:840} INFO - DAG(s) 'example_xcom' retrieved from /home/airflow/.local/lib/python3.8/site-packages/airflow/example_dags/example_xcom.py
[2025-07-11T09:31:28.929+0000] {logging_mixin.py:188} INFO - [2025-07-11T09:31:28.929+0000] {dag.py:3036} INFO - Sync 1 DAGs
[2025-07-11T09:31:28.959+0000] {logging_mixin.py:188} INFO - [2025-07-11T09:31:28.959+0000] {dag.py:3823} INFO - Setting next_dagrun for example_xcom to 2021-01-01 00:00:00+00:00, run_after=2021-01-01 00:00:00+00:00
[2025-07-11T09:31:28.988+0000] {processor.py:183} INFO - Processing /home/airflow/.local/lib/python3.8/site-packages/airflow/example_dags/example_xcom.py took 0.107 seconds
[2025-07-11T09:31:59.158+0000] {processor.py:161} INFO - Started process (PID=490) to work on /home/airflow/.local/lib/python3.8/site-packages/airflow/example_dags/example_xcom.py
[2025-07-11T09:31:59.160+0000] {processor.py:830} INFO - Processing file /home/airflow/.local/lib/python3.8/site-packages/airflow/example_dags/example_xcom.py for tasks to queue
[2025-07-11T09:31:59.162+0000] {logging_mixin.py:188} INFO - [2025-07-11T09:31:59.162+0000] {dagbag.py:538} INFO - Filling up the DagBag from /home/airflow/.local/lib/python3.8/site-packages/airflow/example_dags/example_xcom.py
[2025-07-11T09:31:59.173+0000] {processor.py:840} INFO - DAG(s) 'example_xcom' retrieved from /home/airflow/.local/lib/python3.8/site-packages/airflow/example_dags/example_xcom.py
[2025-07-11T09:31:59.209+0000] {logging_mixin.py:188} INFO - [2025-07-11T09:31:59.209+0000] {dag.py:3036} INFO - Sync 1 DAGs
[2025-07-11T09:31:59.248+0000] {logging_mixin.py:188} INFO - [2025-07-11T09:31:59.247+0000] {dag.py:3823} INFO - Setting next_dagrun for example_xcom to 2021-01-01 00:00:00+00:00, run_after=2021-01-01 00:00:00+00:00
[2025-07-11T09:31:59.283+0000] {processor.py:183} INFO - Processing /home/airflow/.local/lib/python3.8/site-packages/airflow/example_dags/example_xcom.py took 0.129 seconds
[2025-07-11T09:32:29.501+0000] {processor.py:161} INFO - Started process (PID=545) to work on /home/airflow/.local/lib/python3.8/site-packages/airflow/example_dags/example_xcom.py
[2025-07-11T09:32:29.503+0000] {processor.py:830} INFO - Processing file /home/airflow/.local/lib/python3.8/site-packages/airflow/example_dags/example_xcom.py for tasks to queue
[2025-07-11T09:32:29.506+0000] {logging_mixin.py:188} INFO - [2025-07-11T09:32:29.506+0000] {dagbag.py:538} INFO - Filling up the DagBag from /home/airflow/.local/lib/python3.8/site-packages/airflow/example_dags/example_xcom.py
[2025-07-11T09:32:29.518+0000] {processor.py:840} INFO - DAG(s) 'example_xcom' retrieved from /home/airflow/.local/lib/python3.8/site-packages/airflow/example_dags/example_xcom.py
[2025-07-11T09:32:29.552+0000] {logging_mixin.py:188} INFO - [2025-07-11T09:32:29.551+0000] {dag.py:3036} INFO - Sync 1 DAGs
[2025-07-11T09:32:29.588+0000] {logging_mixin.py:188} INFO - [2025-07-11T09:32:29.588+0000] {dag.py:3823} INFO - Setting next_dagrun for example_xcom to 2021-01-01 00:00:00+00:00, run_after=2021-01-01 00:00:00+00:00
[2025-07-11T09:32:29.620+0000] {processor.py:183} INFO - Processing /home/airflow/.local/lib/python3.8/site-packages/airflow/example_dags/example_xcom.py took 0.124 seconds
[2025-07-11T09:33:00.993+0000] {processor.py:161} INFO - Started process (PID=601) to work on /home/airflow/.local/lib/python3.8/site-packages/airflow/example_dags/example_xcom.py
[2025-07-11T09:33:00.995+0000] {processor.py:830} INFO - Processing file /home/airflow/.local/lib/python3.8/site-packages/airflow/example_dags/example_xcom.py for tasks to queue
[2025-07-11T09:33:00.999+0000] {logging_mixin.py:188} INFO - [2025-07-11T09:33:00.998+0000] {dagbag.py:538} INFO - Filling up the DagBag from /home/airflow/.local/lib/python3.8/site-packages/airflow/example_dags/example_xcom.py
[2025-07-11T09:33:01.011+0000] {processor.py:840} INFO - DAG(s) 'example_xcom' retrieved from /home/airflow/.local/lib/python3.8/site-packages/airflow/example_dags/example_xcom.py
[2025-07-11T09:33:01.047+0000] {logging_mixin.py:188} INFO - [2025-07-11T09:33:01.046+0000] {dag.py:3036} INFO - Sync 1 DAGs
[2025-07-11T09:33:01.085+0000] {logging_mixin.py:188} INFO - [2025-07-11T09:33:01.085+0000] {dag.py:3823} INFO - Setting next_dagrun for example_xcom to 2021-01-01 00:00:00+00:00, run_after=2021-01-01 00:00:00+00:00
[2025-07-11T09:33:01.122+0000] {processor.py:183} INFO - Processing /home/airflow/.local/lib/python3.8/site-packages/airflow/example_dags/example_xcom.py took 0.134 seconds
[2025-07-11T09:33:31.263+0000] {processor.py:161} INFO - Started process (PID=656) to work on /home/airflow/.local/lib/python3.8/site-packages/airflow/example_dags/example_xcom.py
[2025-07-11T09:33:31.265+0000] {processor.py:830} INFO - Processing file /home/airflow/.local/lib/python3.8/site-packages/airflow/example_dags/example_xcom.py for tasks to queue
[2025-07-11T09:33:31.268+0000] {logging_mixin.py:188} INFO - [2025-07-11T09:33:31.267+0000] {dagbag.py:538} INFO - Filling up the DagBag from /home/airflow/.local/lib/python3.8/site-packages/airflow/example_dags/example_xcom.py
[2025-07-11T09:33:31.278+0000] {processor.py:840} INFO - DAG(s) 'example_xcom' retrieved from /home/airflow/.local/lib/python3.8/site-packages/airflow/example_dags/example_xcom.py
[2025-07-11T09:33:31.306+0000] {logging_mixin.py:188} INFO - [2025-07-11T09:33:31.306+0000] {dag.py:3036} INFO - Sync 1 DAGs
[2025-07-11T09:33:31.337+0000] {logging_mixin.py:188} INFO - [2025-07-11T09:33:31.336+0000] {dag.py:3823} INFO - Setting next_dagrun for example_xcom to 2021-01-01 00:00:00+00:00, run_after=2021-01-01 00:00:00+00:00
[2025-07-11T09:33:31.378+0000] {processor.py:183} INFO - Processing /home/airflow/.local/lib/python3.8/site-packages/airflow/example_dags/example_xcom.py took 0.121 seconds
[2025-07-11T09:34:48.105+0000] {processor.py:161} INFO - Started process (PID=107) to work on /home/airflow/.local/lib/python3.8/site-packages/airflow/example_dags/example_xcom.py
[2025-07-11T09:34:48.108+0000] {processor.py:830} INFO - Processing file /home/airflow/.local/lib/python3.8/site-packages/airflow/example_dags/example_xcom.py for tasks to queue
[2025-07-11T09:34:48.111+0000] {logging_mixin.py:188} INFO - [2025-07-11T09:34:48.110+0000] {dagbag.py:538} INFO - Filling up the DagBag from /home/airflow/.local/lib/python3.8/site-packages/airflow/example_dags/example_xcom.py
[2025-07-11T09:34:48.126+0000] {processor.py:840} INFO - DAG(s) 'example_xcom' retrieved from /home/airflow/.local/lib/python3.8/site-packages/airflow/example_dags/example_xcom.py
[2025-07-11T09:34:48.376+0000] {logging_mixin.py:188} INFO - [2025-07-11T09:34:48.374+0000] {override.py:1769} INFO - Created Permission View: can edit on DAG:example_xcom
[2025-07-11T09:34:48.400+0000] {logging_mixin.py:188} INFO - [2025-07-11T09:34:48.399+0000] {override.py:1769} INFO - Created Permission View: can delete on DAG:example_xcom
[2025-07-11T09:34:48.414+0000] {logging_mixin.py:188} INFO - [2025-07-11T09:34:48.414+0000] {override.py:1769} INFO - Created Permission View: can read on DAG:example_xcom
[2025-07-11T09:34:48.415+0000] {logging_mixin.py:188} INFO - [2025-07-11T09:34:48.415+0000] {dag.py:3036} INFO - Sync 1 DAGs
[2025-07-11T09:34:48.439+0000] {logging_mixin.py:188} INFO - [2025-07-11T09:34:48.439+0000] {dag.py:3058} INFO - Creating ORM DAG for example_xcom
[2025-07-11T09:34:48.458+0000] {logging_mixin.py:188} INFO - [2025-07-11T09:34:48.457+0000] {dag.py:3823} INFO - Setting next_dagrun for example_xcom to 2021-01-01 00:00:00+00:00, run_after=2021-01-01 00:00:00+00:00
[2025-07-11T09:34:48.495+0000] {processor.py:183} INFO - Processing /home/airflow/.local/lib/python3.8/site-packages/airflow/example_dags/example_xcom.py took 0.397 seconds
[2025-07-11T09:35:18.623+0000] {processor.py:161} INFO - Started process (PID=162) to work on /home/airflow/.local/lib/python3.8/site-packages/airflow/example_dags/example_xcom.py
[2025-07-11T09:35:18.625+0000] {processor.py:830} INFO - Processing file /home/airflow/.local/lib/python3.8/site-packages/airflow/example_dags/example_xcom.py for tasks to queue
[2025-07-11T09:35:18.628+0000] {logging_mixin.py:188} INFO - [2025-07-11T09:35:18.627+0000] {dagbag.py:538} INFO - Filling up the DagBag from /home/airflow/.local/lib/python3.8/site-packages/airflow/example_dags/example_xcom.py
[2025-07-11T09:35:18.638+0000] {processor.py:840} INFO - DAG(s) 'example_xcom' retrieved from /home/airflow/.local/lib/python3.8/site-packages/airflow/example_dags/example_xcom.py
[2025-07-11T09:35:18.666+0000] {logging_mixin.py:188} INFO - [2025-07-11T09:35:18.666+0000] {dag.py:3036} INFO - Sync 1 DAGs
[2025-07-11T09:35:18.696+0000] {logging_mixin.py:188} INFO - [2025-07-11T09:35:18.695+0000] {dag.py:3823} INFO - Setting next_dagrun for example_xcom to 2021-01-01 00:00:00+00:00, run_after=2021-01-01 00:00:00+00:00
[2025-07-11T09:35:18.726+0000] {processor.py:183} INFO - Processing /home/airflow/.local/lib/python3.8/site-packages/airflow/example_dags/example_xcom.py took 0.108 seconds
[2025-07-11T09:35:48.803+0000] {processor.py:161} INFO - Started process (PID=217) to work on /home/airflow/.local/lib/python3.8/site-packages/airflow/example_dags/example_xcom.py
[2025-07-11T09:35:48.804+0000] {processor.py:830} INFO - Processing file /home/airflow/.local/lib/python3.8/site-packages/airflow/example_dags/example_xcom.py for tasks to queue
[2025-07-11T09:35:48.807+0000] {logging_mixin.py:188} INFO - [2025-07-11T09:35:48.806+0000] {dagbag.py:538} INFO - Filling up the DagBag from /home/airflow/.local/lib/python3.8/site-packages/airflow/example_dags/example_xcom.py
[2025-07-11T09:35:48.817+0000] {processor.py:840} INFO - DAG(s) 'example_xcom' retrieved from /home/airflow/.local/lib/python3.8/site-packages/airflow/example_dags/example_xcom.py
[2025-07-11T09:35:48.851+0000] {logging_mixin.py:188} INFO - [2025-07-11T09:35:48.851+0000] {dag.py:3036} INFO - Sync 1 DAGs
[2025-07-11T09:35:48.892+0000] {logging_mixin.py:188} INFO - [2025-07-11T09:35:48.892+0000] {dag.py:3823} INFO - Setting next_dagrun for example_xcom to 2021-01-01 00:00:00+00:00, run_after=2021-01-01 00:00:00+00:00
[2025-07-11T09:35:48.929+0000] {processor.py:183} INFO - Processing /home/airflow/.local/lib/python3.8/site-packages/airflow/example_dags/example_xcom.py took 0.132 seconds
[2025-07-11T09:36:19.150+0000] {processor.py:161} INFO - Started process (PID=272) to work on /home/airflow/.local/lib/python3.8/site-packages/airflow/example_dags/example_xcom.py
[2025-07-11T09:36:19.151+0000] {processor.py:830} INFO - Processing file /home/airflow/.local/lib/python3.8/site-packages/airflow/example_dags/example_xcom.py for tasks to queue
[2025-07-11T09:36:19.154+0000] {logging_mixin.py:188} INFO - [2025-07-11T09:36:19.153+0000] {dagbag.py:538} INFO - Filling up the DagBag from /home/airflow/.local/lib/python3.8/site-packages/airflow/example_dags/example_xcom.py
[2025-07-11T09:36:19.163+0000] {processor.py:840} INFO - DAG(s) 'example_xcom' retrieved from /home/airflow/.local/lib/python3.8/site-packages/airflow/example_dags/example_xcom.py
[2025-07-11T09:36:19.190+0000] {logging_mixin.py:188} INFO - [2025-07-11T09:36:19.189+0000] {dag.py:3036} INFO - Sync 1 DAGs
[2025-07-11T09:36:19.219+0000] {logging_mixin.py:188} INFO - [2025-07-11T09:36:19.219+0000] {dag.py:3823} INFO - Setting next_dagrun for example_xcom to 2021-01-01 00:00:00+00:00, run_after=2021-01-01 00:00:00+00:00
[2025-07-11T09:36:19.249+0000] {processor.py:183} INFO - Processing /home/airflow/.local/lib/python3.8/site-packages/airflow/example_dags/example_xcom.py took 0.103 seconds
[2025-07-11T09:36:49.473+0000] {processor.py:161} INFO - Started process (PID=327) to work on /home/airflow/.local/lib/python3.8/site-packages/airflow/example_dags/example_xcom.py
[2025-07-11T09:36:49.475+0000] {processor.py:830} INFO - Processing file /home/airflow/.local/lib/python3.8/site-packages/airflow/example_dags/example_xcom.py for tasks to queue
[2025-07-11T09:36:49.478+0000] {logging_mixin.py:188} INFO - [2025-07-11T09:36:49.477+0000] {dagbag.py:538} INFO - Filling up the DagBag from /home/airflow/.local/lib/python3.8/site-packages/airflow/example_dags/example_xcom.py
[2025-07-11T09:36:49.488+0000] {processor.py:840} INFO - DAG(s) 'example_xcom' retrieved from /home/airflow/.local/lib/python3.8/site-packages/airflow/example_dags/example_xcom.py
[2025-07-11T09:36:49.517+0000] {logging_mixin.py:188} INFO - [2025-07-11T09:36:49.517+0000] {dag.py:3036} INFO - Sync 1 DAGs
[2025-07-11T09:36:49.546+0000] {logging_mixin.py:188} INFO - [2025-07-11T09:36:49.546+0000] {dag.py:3823} INFO - Setting next_dagrun for example_xcom to 2021-01-01 00:00:00+00:00, run_after=2021-01-01 00:00:00+00:00
[2025-07-11T09:36:49.575+0000] {processor.py:183} INFO - Processing /home/airflow/.local/lib/python3.8/site-packages/airflow/example_dags/example_xcom.py took 0.106 seconds
[2025-07-11T09:37:20.034+0000] {processor.py:161} INFO - Started process (PID=382) to work on /home/airflow/.local/lib/python3.8/site-packages/airflow/example_dags/example_xcom.py
[2025-07-11T09:37:20.036+0000] {processor.py:830} INFO - Processing file /home/airflow/.local/lib/python3.8/site-packages/airflow/example_dags/example_xcom.py for tasks to queue
[2025-07-11T09:37:20.038+0000] {logging_mixin.py:188} INFO - [2025-07-11T09:37:20.038+0000] {dagbag.py:538} INFO - Filling up the DagBag from /home/airflow/.local/lib/python3.8/site-packages/airflow/example_dags/example_xcom.py
[2025-07-11T09:37:20.049+0000] {processor.py:840} INFO - DAG(s) 'example_xcom' retrieved from /home/airflow/.local/lib/python3.8/site-packages/airflow/example_dags/example_xcom.py
[2025-07-11T09:37:20.084+0000] {logging_mixin.py:188} INFO - [2025-07-11T09:37:20.083+0000] {dag.py:3036} INFO - Sync 1 DAGs
[2025-07-11T09:37:20.120+0000] {logging_mixin.py:188} INFO - [2025-07-11T09:37:20.120+0000] {dag.py:3823} INFO - Setting next_dagrun for example_xcom to 2021-01-01 00:00:00+00:00, run_after=2021-01-01 00:00:00+00:00
[2025-07-11T09:37:20.152+0000] {processor.py:183} INFO - Processing /home/airflow/.local/lib/python3.8/site-packages/airflow/example_dags/example_xcom.py took 0.123 seconds
[2025-07-11T09:37:50.889+0000] {processor.py:161} INFO - Started process (PID=437) to work on /home/airflow/.local/lib/python3.8/site-packages/airflow/example_dags/example_xcom.py
[2025-07-11T09:37:50.892+0000] {processor.py:830} INFO - Processing file /home/airflow/.local/lib/python3.8/site-packages/airflow/example_dags/example_xcom.py for tasks to queue
[2025-07-11T09:37:50.895+0000] {logging_mixin.py:188} INFO - [2025-07-11T09:37:50.894+0000] {dagbag.py:538} INFO - Filling up the DagBag from /home/airflow/.local/lib/python3.8/site-packages/airflow/example_dags/example_xcom.py
[2025-07-11T09:37:50.909+0000] {processor.py:840} INFO - DAG(s) 'example_xcom' retrieved from /home/airflow/.local/lib/python3.8/site-packages/airflow/example_dags/example_xcom.py
[2025-07-11T09:37:50.949+0000] {logging_mixin.py:188} INFO - [2025-07-11T09:37:50.948+0000] {dag.py:3036} INFO - Sync 1 DAGs
[2025-07-11T09:37:50.990+0000] {logging_mixin.py:188} INFO - [2025-07-11T09:37:50.990+0000] {dag.py:3823} INFO - Setting next_dagrun for example_xcom to 2021-01-01 00:00:00+00:00, run_after=2021-01-01 00:00:00+00:00
[2025-07-11T09:37:51.033+0000] {processor.py:183} INFO - Processing /home/airflow/.local/lib/python3.8/site-packages/airflow/example_dags/example_xcom.py took 0.149 seconds
[2025-07-11T09:38:21.430+0000] {processor.py:161} INFO - Started process (PID=492) to work on /home/airflow/.local/lib/python3.8/site-packages/airflow/example_dags/example_xcom.py
[2025-07-11T09:38:21.432+0000] {processor.py:830} INFO - Processing file /home/airflow/.local/lib/python3.8/site-packages/airflow/example_dags/example_xcom.py for tasks to queue
[2025-07-11T09:38:21.434+0000] {logging_mixin.py:188} INFO - [2025-07-11T09:38:21.433+0000] {dagbag.py:538} INFO - Filling up the DagBag from /home/airflow/.local/lib/python3.8/site-packages/airflow/example_dags/example_xcom.py
[2025-07-11T09:38:21.444+0000] {processor.py:840} INFO - DAG(s) 'example_xcom' retrieved from /home/airflow/.local/lib/python3.8/site-packages/airflow/example_dags/example_xcom.py
[2025-07-11T09:38:21.473+0000] {logging_mixin.py:188} INFO - [2025-07-11T09:38:21.472+0000] {dag.py:3036} INFO - Sync 1 DAGs
[2025-07-11T09:38:21.502+0000] {logging_mixin.py:188} INFO - [2025-07-11T09:38:21.502+0000] {dag.py:3823} INFO - Setting next_dagrun for example_xcom to 2021-01-01 00:00:00+00:00, run_after=2021-01-01 00:00:00+00:00
[2025-07-11T09:38:21.531+0000] {processor.py:183} INFO - Processing /home/airflow/.local/lib/python3.8/site-packages/airflow/example_dags/example_xcom.py took 0.106 seconds
[2025-07-11T09:38:51.938+0000] {processor.py:161} INFO - Started process (PID=547) to work on /home/airflow/.local/lib/python3.8/site-packages/airflow/example_dags/example_xcom.py
[2025-07-11T09:38:51.940+0000] {processor.py:830} INFO - Processing file /home/airflow/.local/lib/python3.8/site-packages/airflow/example_dags/example_xcom.py for tasks to queue
[2025-07-11T09:38:51.942+0000] {logging_mixin.py:188} INFO - [2025-07-11T09:38:51.942+0000] {dagbag.py:538} INFO - Filling up the DagBag from /home/airflow/.local/lib/python3.8/site-packages/airflow/example_dags/example_xcom.py
[2025-07-11T09:38:51.953+0000] {processor.py:840} INFO - DAG(s) 'example_xcom' retrieved from /home/airflow/.local/lib/python3.8/site-packages/airflow/example_dags/example_xcom.py
[2025-07-11T09:38:51.983+0000] {logging_mixin.py:188} INFO - [2025-07-11T09:38:51.983+0000] {dag.py:3036} INFO - Sync 1 DAGs
[2025-07-11T09:38:52.016+0000] {logging_mixin.py:188} INFO - [2025-07-11T09:38:52.015+0000] {dag.py:3823} INFO - Setting next_dagrun for example_xcom to 2021-01-01 00:00:00+00:00, run_after=2021-01-01 00:00:00+00:00
[2025-07-11T09:38:52.053+0000] {processor.py:183} INFO - Processing /home/airflow/.local/lib/python3.8/site-packages/airflow/example_dags/example_xcom.py took 0.120 seconds
[2025-07-11T09:39:22.223+0000] {processor.py:161} INFO - Started process (PID=603) to work on /home/airflow/.local/lib/python3.8/site-packages/airflow/example_dags/example_xcom.py
[2025-07-11T09:39:22.224+0000] {processor.py:830} INFO - Processing file /home/airflow/.local/lib/python3.8/site-packages/airflow/example_dags/example_xcom.py for tasks to queue
[2025-07-11T09:39:22.227+0000] {logging_mixin.py:188} INFO - [2025-07-11T09:39:22.226+0000] {dagbag.py:538} INFO - Filling up the DagBag from /home/airflow/.local/lib/python3.8/site-packages/airflow/example_dags/example_xcom.py
[2025-07-11T09:39:22.236+0000] {processor.py:840} INFO - DAG(s) 'example_xcom' retrieved from /home/airflow/.local/lib/python3.8/site-packages/airflow/example_dags/example_xcom.py
[2025-07-11T09:39:22.265+0000] {logging_mixin.py:188} INFO - [2025-07-11T09:39:22.264+0000] {dag.py:3036} INFO - Sync 1 DAGs
[2025-07-11T09:39:22.294+0000] {logging_mixin.py:188} INFO - [2025-07-11T09:39:22.294+0000] {dag.py:3823} INFO - Setting next_dagrun for example_xcom to 2021-01-01 00:00:00+00:00, run_after=2021-01-01 00:00:00+00:00
[2025-07-11T09:39:22.323+0000] {processor.py:183} INFO - Processing /home/airflow/.local/lib/python3.8/site-packages/airflow/example_dags/example_xcom.py took 0.105 seconds
[2025-07-11T09:39:52.629+0000] {processor.py:161} INFO - Started process (PID=658) to work on /home/airflow/.local/lib/python3.8/site-packages/airflow/example_dags/example_xcom.py
[2025-07-11T09:39:52.630+0000] {processor.py:830} INFO - Processing file /home/airflow/.local/lib/python3.8/site-packages/airflow/example_dags/example_xcom.py for tasks to queue
[2025-07-11T09:39:52.633+0000] {logging_mixin.py:188} INFO - [2025-07-11T09:39:52.632+0000] {dagbag.py:538} INFO - Filling up the DagBag from /home/airflow/.local/lib/python3.8/site-packages/airflow/example_dags/example_xcom.py
[2025-07-11T09:39:52.643+0000] {processor.py:840} INFO - DAG(s) 'example_xcom' retrieved from /home/airflow/.local/lib/python3.8/site-packages/airflow/example_dags/example_xcom.py
[2025-07-11T09:39:52.673+0000] {logging_mixin.py:188} INFO - [2025-07-11T09:39:52.673+0000] {dag.py:3036} INFO - Sync 1 DAGs
[2025-07-11T09:39:52.712+0000] {logging_mixin.py:188} INFO - [2025-07-11T09:39:52.711+0000] {dag.py:3823} INFO - Setting next_dagrun for example_xcom to 2021-01-01 00:00:00+00:00, run_after=2021-01-01 00:00:00+00:00
[2025-07-11T09:39:52.748+0000] {processor.py:183} INFO - Processing /home/airflow/.local/lib/python3.8/site-packages/airflow/example_dags/example_xcom.py took 0.123 seconds
[2025-07-11T09:40:23.089+0000] {processor.py:161} INFO - Started process (PID=713) to work on /home/airflow/.local/lib/python3.8/site-packages/airflow/example_dags/example_xcom.py
[2025-07-11T09:40:23.091+0000] {processor.py:830} INFO - Processing file /home/airflow/.local/lib/python3.8/site-packages/airflow/example_dags/example_xcom.py for tasks to queue
[2025-07-11T09:40:23.094+0000] {logging_mixin.py:188} INFO - [2025-07-11T09:40:23.094+0000] {dagbag.py:538} INFO - Filling up the DagBag from /home/airflow/.local/lib/python3.8/site-packages/airflow/example_dags/example_xcom.py
[2025-07-11T09:40:23.106+0000] {processor.py:840} INFO - DAG(s) 'example_xcom' retrieved from /home/airflow/.local/lib/python3.8/site-packages/airflow/example_dags/example_xcom.py
[2025-07-11T09:40:23.136+0000] {logging_mixin.py:188} INFO - [2025-07-11T09:40:23.136+0000] {dag.py:3036} INFO - Sync 1 DAGs
[2025-07-11T09:40:23.169+0000] {logging_mixin.py:188} INFO - [2025-07-11T09:40:23.169+0000] {dag.py:3823} INFO - Setting next_dagrun for example_xcom to 2021-01-01 00:00:00+00:00, run_after=2021-01-01 00:00:00+00:00
[2025-07-11T09:40:23.203+0000] {processor.py:183} INFO - Processing /home/airflow/.local/lib/python3.8/site-packages/airflow/example_dags/example_xcom.py took 0.120 seconds
[2025-07-11T09:40:53.491+0000] {processor.py:161} INFO - Started process (PID=768) to work on /home/airflow/.local/lib/python3.8/site-packages/airflow/example_dags/example_xcom.py
[2025-07-11T09:40:53.492+0000] {processor.py:830} INFO - Processing file /home/airflow/.local/lib/python3.8/site-packages/airflow/example_dags/example_xcom.py for tasks to queue
[2025-07-11T09:40:53.495+0000] {logging_mixin.py:188} INFO - [2025-07-11T09:40:53.495+0000] {dagbag.py:538} INFO - Filling up the DagBag from /home/airflow/.local/lib/python3.8/site-packages/airflow/example_dags/example_xcom.py
[2025-07-11T09:40:53.507+0000] {processor.py:840} INFO - DAG(s) 'example_xcom' retrieved from /home/airflow/.local/lib/python3.8/site-packages/airflow/example_dags/example_xcom.py
[2025-07-11T09:40:53.536+0000] {logging_mixin.py:188} INFO - [2025-07-11T09:40:53.536+0000] {dag.py:3036} INFO - Sync 1 DAGs
[2025-07-11T09:40:53.568+0000] {logging_mixin.py:188} INFO - [2025-07-11T09:40:53.568+0000] {dag.py:3823} INFO - Setting next_dagrun for example_xcom to 2021-01-01 00:00:00+00:00, run_after=2021-01-01 00:00:00+00:00
[2025-07-11T09:40:53.600+0000] {processor.py:183} INFO - Processing /home/airflow/.local/lib/python3.8/site-packages/airflow/example_dags/example_xcom.py took 0.115 seconds
[2025-07-11T09:41:23.960+0000] {processor.py:161} INFO - Started process (PID=823) to work on /home/airflow/.local/lib/python3.8/site-packages/airflow/example_dags/example_xcom.py
[2025-07-11T09:41:23.962+0000] {processor.py:830} INFO - Processing file /home/airflow/.local/lib/python3.8/site-packages/airflow/example_dags/example_xcom.py for tasks to queue
[2025-07-11T09:41:23.964+0000] {logging_mixin.py:188} INFO - [2025-07-11T09:41:23.964+0000] {dagbag.py:538} INFO - Filling up the DagBag from /home/airflow/.local/lib/python3.8/site-packages/airflow/example_dags/example_xcom.py
[2025-07-11T09:41:23.975+0000] {processor.py:840} INFO - DAG(s) 'example_xcom' retrieved from /home/airflow/.local/lib/python3.8/site-packages/airflow/example_dags/example_xcom.py
[2025-07-11T09:41:24.006+0000] {logging_mixin.py:188} INFO - [2025-07-11T09:41:24.006+0000] {dag.py:3036} INFO - Sync 1 DAGs
[2025-07-11T09:41:24.040+0000] {logging_mixin.py:188} INFO - [2025-07-11T09:41:24.040+0000] {dag.py:3823} INFO - Setting next_dagrun for example_xcom to 2021-01-01 00:00:00+00:00, run_after=2021-01-01 00:00:00+00:00
[2025-07-11T09:41:24.071+0000] {processor.py:183} INFO - Processing /home/airflow/.local/lib/python3.8/site-packages/airflow/example_dags/example_xcom.py took 0.116 seconds
[2025-07-11T09:41:54.351+0000] {processor.py:161} INFO - Started process (PID=878) to work on /home/airflow/.local/lib/python3.8/site-packages/airflow/example_dags/example_xcom.py
[2025-07-11T09:41:54.353+0000] {processor.py:830} INFO - Processing file /home/airflow/.local/lib/python3.8/site-packages/airflow/example_dags/example_xcom.py for tasks to queue
[2025-07-11T09:41:54.356+0000] {logging_mixin.py:188} INFO - [2025-07-11T09:41:54.355+0000] {dagbag.py:538} INFO - Filling up the DagBag from /home/airflow/.local/lib/python3.8/site-packages/airflow/example_dags/example_xcom.py
[2025-07-11T09:41:54.368+0000] {processor.py:840} INFO - DAG(s) 'example_xcom' retrieved from /home/airflow/.local/lib/python3.8/site-packages/airflow/example_dags/example_xcom.py
[2025-07-11T09:41:54.398+0000] {logging_mixin.py:188} INFO - [2025-07-11T09:41:54.398+0000] {dag.py:3036} INFO - Sync 1 DAGs
[2025-07-11T09:41:54.429+0000] {logging_mixin.py:188} INFO - [2025-07-11T09:41:54.429+0000] {dag.py:3823} INFO - Setting next_dagrun for example_xcom to 2021-01-01 00:00:00+00:00, run_after=2021-01-01 00:00:00+00:00
[2025-07-11T09:41:54.461+0000] {processor.py:183} INFO - Processing /home/airflow/.local/lib/python3.8/site-packages/airflow/example_dags/example_xcom.py took 0.115 seconds
[2025-07-11T09:42:24.712+0000] {processor.py:161} INFO - Started process (PID=933) to work on /home/airflow/.local/lib/python3.8/site-packages/airflow/example_dags/example_xcom.py
[2025-07-11T09:42:24.714+0000] {processor.py:830} INFO - Processing file /home/airflow/.local/lib/python3.8/site-packages/airflow/example_dags/example_xcom.py for tasks to queue
[2025-07-11T09:42:24.716+0000] {logging_mixin.py:188} INFO - [2025-07-11T09:42:24.715+0000] {dagbag.py:538} INFO - Filling up the DagBag from /home/airflow/.local/lib/python3.8/site-packages/airflow/example_dags/example_xcom.py
[2025-07-11T09:42:24.726+0000] {processor.py:840} INFO - DAG(s) 'example_xcom' retrieved from /home/airflow/.local/lib/python3.8/site-packages/airflow/example_dags/example_xcom.py
[2025-07-11T09:42:24.758+0000] {logging_mixin.py:188} INFO - [2025-07-11T09:42:24.758+0000] {dag.py:3036} INFO - Sync 1 DAGs
[2025-07-11T09:42:24.790+0000] {logging_mixin.py:188} INFO - [2025-07-11T09:42:24.789+0000] {dag.py:3823} INFO - Setting next_dagrun for example_xcom to 2021-01-01 00:00:00+00:00, run_after=2021-01-01 00:00:00+00:00
[2025-07-11T09:42:24.819+0000] {processor.py:183} INFO - Processing /home/airflow/.local/lib/python3.8/site-packages/airflow/example_dags/example_xcom.py took 0.112 seconds
[2025-07-11T09:42:55.069+0000] {processor.py:161} INFO - Started process (PID=988) to work on /home/airflow/.local/lib/python3.8/site-packages/airflow/example_dags/example_xcom.py
[2025-07-11T09:42:55.071+0000] {processor.py:830} INFO - Processing file /home/airflow/.local/lib/python3.8/site-packages/airflow/example_dags/example_xcom.py for tasks to queue
[2025-07-11T09:42:55.073+0000] {logging_mixin.py:188} INFO - [2025-07-11T09:42:55.073+0000] {dagbag.py:538} INFO - Filling up the DagBag from /home/airflow/.local/lib/python3.8/site-packages/airflow/example_dags/example_xcom.py
[2025-07-11T09:42:55.084+0000] {processor.py:840} INFO - DAG(s) 'example_xcom' retrieved from /home/airflow/.local/lib/python3.8/site-packages/airflow/example_dags/example_xcom.py
[2025-07-11T09:42:55.116+0000] {logging_mixin.py:188} INFO - [2025-07-11T09:42:55.116+0000] {dag.py:3036} INFO - Sync 1 DAGs
[2025-07-11T09:42:55.150+0000] {logging_mixin.py:188} INFO - [2025-07-11T09:42:55.149+0000] {dag.py:3823} INFO - Setting next_dagrun for example_xcom to 2021-01-01 00:00:00+00:00, run_after=2021-01-01 00:00:00+00:00
[2025-07-11T09:42:55.182+0000] {processor.py:183} INFO - Processing /home/airflow/.local/lib/python3.8/site-packages/airflow/example_dags/example_xcom.py took 0.117 seconds
[2025-07-11T09:43:25.545+0000] {processor.py:161} INFO - Started process (PID=1043) to work on /home/airflow/.local/lib/python3.8/site-packages/airflow/example_dags/example_xcom.py
[2025-07-11T09:43:25.547+0000] {processor.py:830} INFO - Processing file /home/airflow/.local/lib/python3.8/site-packages/airflow/example_dags/example_xcom.py for tasks to queue
[2025-07-11T09:43:25.549+0000] {logging_mixin.py:188} INFO - [2025-07-11T09:43:25.549+0000] {dagbag.py:538} INFO - Filling up the DagBag from /home/airflow/.local/lib/python3.8/site-packages/airflow/example_dags/example_xcom.py
[2025-07-11T09:43:25.560+0000] {processor.py:840} INFO - DAG(s) 'example_xcom' retrieved from /home/airflow/.local/lib/python3.8/site-packages/airflow/example_dags/example_xcom.py
[2025-07-11T09:43:25.588+0000] {logging_mixin.py:188} INFO - [2025-07-11T09:43:25.588+0000] {dag.py:3036} INFO - Sync 1 DAGs
[2025-07-11T09:43:25.618+0000] {logging_mixin.py:188} INFO - [2025-07-11T09:43:25.618+0000] {dag.py:3823} INFO - Setting next_dagrun for example_xcom to 2021-01-01 00:00:00+00:00, run_after=2021-01-01 00:00:00+00:00
[2025-07-11T09:43:25.646+0000] {processor.py:183} INFO - Processing /home/airflow/.local/lib/python3.8/site-packages/airflow/example_dags/example_xcom.py took 0.107 seconds
[2025-07-11T09:43:55.860+0000] {processor.py:161} INFO - Started process (PID=1098) to work on /home/airflow/.local/lib/python3.8/site-packages/airflow/example_dags/example_xcom.py
[2025-07-11T09:43:55.861+0000] {processor.py:830} INFO - Processing file /home/airflow/.local/lib/python3.8/site-packages/airflow/example_dags/example_xcom.py for tasks to queue
[2025-07-11T09:43:55.863+0000] {logging_mixin.py:188} INFO - [2025-07-11T09:43:55.863+0000] {dagbag.py:538} INFO - Filling up the DagBag from /home/airflow/.local/lib/python3.8/site-packages/airflow/example_dags/example_xcom.py
[2025-07-11T09:43:55.874+0000] {processor.py:840} INFO - DAG(s) 'example_xcom' retrieved from /home/airflow/.local/lib/python3.8/site-packages/airflow/example_dags/example_xcom.py
[2025-07-11T09:43:55.902+0000] {logging_mixin.py:188} INFO - [2025-07-11T09:43:55.902+0000] {dag.py:3036} INFO - Sync 1 DAGs
[2025-07-11T09:43:55.931+0000] {logging_mixin.py:188} INFO - [2025-07-11T09:43:55.931+0000] {dag.py:3823} INFO - Setting next_dagrun for example_xcom to 2021-01-01 00:00:00+00:00, run_after=2021-01-01 00:00:00+00:00
[2025-07-11T09:43:55.958+0000] {processor.py:183} INFO - Processing /home/airflow/.local/lib/python3.8/site-packages/airflow/example_dags/example_xcom.py took 0.103 seconds
[2025-07-11T09:44:26.336+0000] {processor.py:161} INFO - Started process (PID=1154) to work on /home/airflow/.local/lib/python3.8/site-packages/airflow/example_dags/example_xcom.py
[2025-07-11T09:44:26.337+0000] {processor.py:830} INFO - Processing file /home/airflow/.local/lib/python3.8/site-packages/airflow/example_dags/example_xcom.py for tasks to queue
[2025-07-11T09:44:26.339+0000] {logging_mixin.py:188} INFO - [2025-07-11T09:44:26.339+0000] {dagbag.py:538} INFO - Filling up the DagBag from /home/airflow/.local/lib/python3.8/site-packages/airflow/example_dags/example_xcom.py
[2025-07-11T09:44:26.349+0000] {processor.py:840} INFO - DAG(s) 'example_xcom' retrieved from /home/airflow/.local/lib/python3.8/site-packages/airflow/example_dags/example_xcom.py
[2025-07-11T09:44:26.378+0000] {logging_mixin.py:188} INFO - [2025-07-11T09:44:26.377+0000] {dag.py:3036} INFO - Sync 1 DAGs
[2025-07-11T09:44:26.407+0000] {logging_mixin.py:188} INFO - [2025-07-11T09:44:26.407+0000] {dag.py:3823} INFO - Setting next_dagrun for example_xcom to 2021-01-01 00:00:00+00:00, run_after=2021-01-01 00:00:00+00:00
[2025-07-11T09:44:26.439+0000] {processor.py:183} INFO - Processing /home/airflow/.local/lib/python3.8/site-packages/airflow/example_dags/example_xcom.py took 0.108 seconds
[2025-07-11T09:44:56.847+0000] {processor.py:161} INFO - Started process (PID=1209) to work on /home/airflow/.local/lib/python3.8/site-packages/airflow/example_dags/example_xcom.py
[2025-07-11T09:44:56.849+0000] {processor.py:830} INFO - Processing file /home/airflow/.local/lib/python3.8/site-packages/airflow/example_dags/example_xcom.py for tasks to queue
[2025-07-11T09:44:56.851+0000] {logging_mixin.py:188} INFO - [2025-07-11T09:44:56.851+0000] {dagbag.py:538} INFO - Filling up the DagBag from /home/airflow/.local/lib/python3.8/site-packages/airflow/example_dags/example_xcom.py
[2025-07-11T09:44:56.861+0000] {processor.py:840} INFO - DAG(s) 'example_xcom' retrieved from /home/airflow/.local/lib/python3.8/site-packages/airflow/example_dags/example_xcom.py
[2025-07-11T09:44:56.889+0000] {logging_mixin.py:188} INFO - [2025-07-11T09:44:56.889+0000] {dag.py:3036} INFO - Sync 1 DAGs
[2025-07-11T09:44:56.919+0000] {logging_mixin.py:188} INFO - [2025-07-11T09:44:56.918+0000] {dag.py:3823} INFO - Setting next_dagrun for example_xcom to 2021-01-01 00:00:00+00:00, run_after=2021-01-01 00:00:00+00:00
[2025-07-11T09:44:56.951+0000] {processor.py:183} INFO - Processing /home/airflow/.local/lib/python3.8/site-packages/airflow/example_dags/example_xcom.py took 0.108 seconds
[2025-07-11T09:45:27.214+0000] {processor.py:161} INFO - Started process (PID=1264) to work on /home/airflow/.local/lib/python3.8/site-packages/airflow/example_dags/example_xcom.py
[2025-07-11T09:45:27.216+0000] {processor.py:830} INFO - Processing file /home/airflow/.local/lib/python3.8/site-packages/airflow/example_dags/example_xcom.py for tasks to queue
[2025-07-11T09:45:27.218+0000] {logging_mixin.py:188} INFO - [2025-07-11T09:45:27.218+0000] {dagbag.py:538} INFO - Filling up the DagBag from /home/airflow/.local/lib/python3.8/site-packages/airflow/example_dags/example_xcom.py
[2025-07-11T09:45:27.229+0000] {processor.py:840} INFO - DAG(s) 'example_xcom' retrieved from /home/airflow/.local/lib/python3.8/site-packages/airflow/example_dags/example_xcom.py
[2025-07-11T09:45:27.263+0000] {logging_mixin.py:188} INFO - [2025-07-11T09:45:27.263+0000] {dag.py:3036} INFO - Sync 1 DAGs
[2025-07-11T09:45:27.302+0000] {logging_mixin.py:188} INFO - [2025-07-11T09:45:27.301+0000] {dag.py:3823} INFO - Setting next_dagrun for example_xcom to 2021-01-01 00:00:00+00:00, run_after=2021-01-01 00:00:00+00:00
[2025-07-11T09:45:27.340+0000] {processor.py:183} INFO - Processing /home/airflow/.local/lib/python3.8/site-packages/airflow/example_dags/example_xcom.py took 0.130 seconds
[2025-07-11T09:45:57.531+0000] {processor.py:161} INFO - Started process (PID=1319) to work on /home/airflow/.local/lib/python3.8/site-packages/airflow/example_dags/example_xcom.py
[2025-07-11T09:45:57.533+0000] {processor.py:830} INFO - Processing file /home/airflow/.local/lib/python3.8/site-packages/airflow/example_dags/example_xcom.py for tasks to queue
[2025-07-11T09:45:57.535+0000] {logging_mixin.py:188} INFO - [2025-07-11T09:45:57.535+0000] {dagbag.py:538} INFO - Filling up the DagBag from /home/airflow/.local/lib/python3.8/site-packages/airflow/example_dags/example_xcom.py
[2025-07-11T09:45:57.546+0000] {processor.py:840} INFO - DAG(s) 'example_xcom' retrieved from /home/airflow/.local/lib/python3.8/site-packages/airflow/example_dags/example_xcom.py
[2025-07-11T09:45:57.574+0000] {logging_mixin.py:188} INFO - [2025-07-11T09:45:57.574+0000] {dag.py:3036} INFO - Sync 1 DAGs
[2025-07-11T09:45:57.609+0000] {logging_mixin.py:188} INFO - [2025-07-11T09:45:57.609+0000] {dag.py:3823} INFO - Setting next_dagrun for example_xcom to 2021-01-01 00:00:00+00:00, run_after=2021-01-01 00:00:00+00:00
[2025-07-11T09:45:57.641+0000] {processor.py:183} INFO - Processing /home/airflow/.local/lib/python3.8/site-packages/airflow/example_dags/example_xcom.py took 0.114 seconds
[2025-07-11T09:46:27.966+0000] {processor.py:161} INFO - Started process (PID=1374) to work on /home/airflow/.local/lib/python3.8/site-packages/airflow/example_dags/example_xcom.py
[2025-07-11T09:46:27.968+0000] {processor.py:830} INFO - Processing file /home/airflow/.local/lib/python3.8/site-packages/airflow/example_dags/example_xcom.py for tasks to queue
[2025-07-11T09:46:27.970+0000] {logging_mixin.py:188} INFO - [2025-07-11T09:46:27.970+0000] {dagbag.py:538} INFO - Filling up the DagBag from /home/airflow/.local/lib/python3.8/site-packages/airflow/example_dags/example_xcom.py
[2025-07-11T09:46:27.982+0000] {processor.py:840} INFO - DAG(s) 'example_xcom' retrieved from /home/airflow/.local/lib/python3.8/site-packages/airflow/example_dags/example_xcom.py
[2025-07-11T09:46:28.012+0000] {logging_mixin.py:188} INFO - [2025-07-11T09:46:28.012+0000] {dag.py:3036} INFO - Sync 1 DAGs
[2025-07-11T09:46:28.042+0000] {logging_mixin.py:188} INFO - [2025-07-11T09:46:28.041+0000] {dag.py:3823} INFO - Setting next_dagrun for example_xcom to 2021-01-01 00:00:00+00:00, run_after=2021-01-01 00:00:00+00:00
[2025-07-11T09:46:28.072+0000] {processor.py:183} INFO - Processing /home/airflow/.local/lib/python3.8/site-packages/airflow/example_dags/example_xcom.py took 0.110 seconds
[2025-07-11T09:46:58.452+0000] {processor.py:161} INFO - Started process (PID=1429) to work on /home/airflow/.local/lib/python3.8/site-packages/airflow/example_dags/example_xcom.py
[2025-07-11T09:46:58.454+0000] {processor.py:830} INFO - Processing file /home/airflow/.local/lib/python3.8/site-packages/airflow/example_dags/example_xcom.py for tasks to queue
[2025-07-11T09:46:58.456+0000] {logging_mixin.py:188} INFO - [2025-07-11T09:46:58.456+0000] {dagbag.py:538} INFO - Filling up the DagBag from /home/airflow/.local/lib/python3.8/site-packages/airflow/example_dags/example_xcom.py
[2025-07-11T09:46:58.466+0000] {processor.py:840} INFO - DAG(s) 'example_xcom' retrieved from /home/airflow/.local/lib/python3.8/site-packages/airflow/example_dags/example_xcom.py
[2025-07-11T09:46:58.498+0000] {logging_mixin.py:188} INFO - [2025-07-11T09:46:58.497+0000] {dag.py:3036} INFO - Sync 1 DAGs
[2025-07-11T09:46:58.528+0000] {logging_mixin.py:188} INFO - [2025-07-11T09:46:58.527+0000] {dag.py:3823} INFO - Setting next_dagrun for example_xcom to 2021-01-01 00:00:00+00:00, run_after=2021-01-01 00:00:00+00:00
[2025-07-11T09:46:58.558+0000] {processor.py:183} INFO - Processing /home/airflow/.local/lib/python3.8/site-packages/airflow/example_dags/example_xcom.py took 0.110 seconds
[2025-07-11T09:47:29.021+0000] {processor.py:161} INFO - Started process (PID=1484) to work on /home/airflow/.local/lib/python3.8/site-packages/airflow/example_dags/example_xcom.py
[2025-07-11T09:47:29.024+0000] {processor.py:830} INFO - Processing file /home/airflow/.local/lib/python3.8/site-packages/airflow/example_dags/example_xcom.py for tasks to queue
[2025-07-11T09:47:29.027+0000] {logging_mixin.py:188} INFO - [2025-07-11T09:47:29.027+0000] {dagbag.py:538} INFO - Filling up the DagBag from /home/airflow/.local/lib/python3.8/site-packages/airflow/example_dags/example_xcom.py
[2025-07-11T09:47:29.041+0000] {processor.py:840} INFO - DAG(s) 'example_xcom' retrieved from /home/airflow/.local/lib/python3.8/site-packages/airflow/example_dags/example_xcom.py
[2025-07-11T09:47:29.074+0000] {logging_mixin.py:188} INFO - [2025-07-11T09:47:29.074+0000] {dag.py:3036} INFO - Sync 1 DAGs
[2025-07-11T09:47:29.105+0000] {logging_mixin.py:188} INFO - [2025-07-11T09:47:29.105+0000] {dag.py:3823} INFO - Setting next_dagrun for example_xcom to 2021-01-01 00:00:00+00:00, run_after=2021-01-01 00:00:00+00:00
[2025-07-11T09:47:29.134+0000] {processor.py:183} INFO - Processing /home/airflow/.local/lib/python3.8/site-packages/airflow/example_dags/example_xcom.py took 0.118 seconds
[2025-07-11T09:47:59.815+0000] {processor.py:161} INFO - Started process (PID=1539) to work on /home/airflow/.local/lib/python3.8/site-packages/airflow/example_dags/example_xcom.py
[2025-07-11T09:47:59.816+0000] {processor.py:830} INFO - Processing file /home/airflow/.local/lib/python3.8/site-packages/airflow/example_dags/example_xcom.py for tasks to queue
[2025-07-11T09:47:59.819+0000] {logging_mixin.py:188} INFO - [2025-07-11T09:47:59.818+0000] {dagbag.py:538} INFO - Filling up the DagBag from /home/airflow/.local/lib/python3.8/site-packages/airflow/example_dags/example_xcom.py
[2025-07-11T09:47:59.830+0000] {processor.py:840} INFO - DAG(s) 'example_xcom' retrieved from /home/airflow/.local/lib/python3.8/site-packages/airflow/example_dags/example_xcom.py
[2025-07-11T09:47:59.858+0000] {logging_mixin.py:188} INFO - [2025-07-11T09:47:59.857+0000] {dag.py:3036} INFO - Sync 1 DAGs
[2025-07-11T09:47:59.887+0000] {logging_mixin.py:188} INFO - [2025-07-11T09:47:59.886+0000] {dag.py:3823} INFO - Setting next_dagrun for example_xcom to 2021-01-01 00:00:00+00:00, run_after=2021-01-01 00:00:00+00:00
[2025-07-11T09:47:59.916+0000] {processor.py:183} INFO - Processing /home/airflow/.local/lib/python3.8/site-packages/airflow/example_dags/example_xcom.py took 0.105 seconds
[2025-07-11T09:48:30.299+0000] {processor.py:161} INFO - Started process (PID=1594) to work on /home/airflow/.local/lib/python3.8/site-packages/airflow/example_dags/example_xcom.py
[2025-07-11T09:48:30.302+0000] {processor.py:830} INFO - Processing file /home/airflow/.local/lib/python3.8/site-packages/airflow/example_dags/example_xcom.py for tasks to queue
[2025-07-11T09:48:30.305+0000] {logging_mixin.py:188} INFO - [2025-07-11T09:48:30.305+0000] {dagbag.py:538} INFO - Filling up the DagBag from /home/airflow/.local/lib/python3.8/site-packages/airflow/example_dags/example_xcom.py
[2025-07-11T09:48:30.321+0000] {processor.py:840} INFO - DAG(s) 'example_xcom' retrieved from /home/airflow/.local/lib/python3.8/site-packages/airflow/example_dags/example_xcom.py
[2025-07-11T09:48:30.360+0000] {logging_mixin.py:188} INFO - [2025-07-11T09:48:30.360+0000] {dag.py:3036} INFO - Sync 1 DAGs
[2025-07-11T09:48:30.399+0000] {logging_mixin.py:188} INFO - [2025-07-11T09:48:30.399+0000] {dag.py:3823} INFO - Setting next_dagrun for example_xcom to 2021-01-01 00:00:00+00:00, run_after=2021-01-01 00:00:00+00:00
[2025-07-11T09:48:30.436+0000] {processor.py:183} INFO - Processing /home/airflow/.local/lib/python3.8/site-packages/airflow/example_dags/example_xcom.py took 0.143 seconds
[2025-07-11T09:49:00.706+0000] {processor.py:161} INFO - Started process (PID=1649) to work on /home/airflow/.local/lib/python3.8/site-packages/airflow/example_dags/example_xcom.py
[2025-07-11T09:49:00.708+0000] {processor.py:830} INFO - Processing file /home/airflow/.local/lib/python3.8/site-packages/airflow/example_dags/example_xcom.py for tasks to queue
[2025-07-11T09:49:00.711+0000] {logging_mixin.py:188} INFO - [2025-07-11T09:49:00.710+0000] {dagbag.py:538} INFO - Filling up the DagBag from /home/airflow/.local/lib/python3.8/site-packages/airflow/example_dags/example_xcom.py
[2025-07-11T09:49:00.723+0000] {processor.py:840} INFO - DAG(s) 'example_xcom' retrieved from /home/airflow/.local/lib/python3.8/site-packages/airflow/example_dags/example_xcom.py
[2025-07-11T09:49:00.755+0000] {logging_mixin.py:188} INFO - [2025-07-11T09:49:00.754+0000] {dag.py:3036} INFO - Sync 1 DAGs
[2025-07-11T09:49:00.786+0000] {logging_mixin.py:188} INFO - [2025-07-11T09:49:00.785+0000] {dag.py:3823} INFO - Setting next_dagrun for example_xcom to 2021-01-01 00:00:00+00:00, run_after=2021-01-01 00:00:00+00:00
[2025-07-11T09:49:00.819+0000] {processor.py:183} INFO - Processing /home/airflow/.local/lib/python3.8/site-packages/airflow/example_dags/example_xcom.py took 0.118 seconds
[2025-07-11T09:49:31.263+0000] {processor.py:161} INFO - Started process (PID=1704) to work on /home/airflow/.local/lib/python3.8/site-packages/airflow/example_dags/example_xcom.py
[2025-07-11T09:49:31.265+0000] {processor.py:830} INFO - Processing file /home/airflow/.local/lib/python3.8/site-packages/airflow/example_dags/example_xcom.py for tasks to queue
[2025-07-11T09:49:31.267+0000] {logging_mixin.py:188} INFO - [2025-07-11T09:49:31.267+0000] {dagbag.py:538} INFO - Filling up the DagBag from /home/airflow/.local/lib/python3.8/site-packages/airflow/example_dags/example_xcom.py
[2025-07-11T09:49:31.281+0000] {processor.py:840} INFO - DAG(s) 'example_xcom' retrieved from /home/airflow/.local/lib/python3.8/site-packages/airflow/example_dags/example_xcom.py
[2025-07-11T09:49:31.317+0000] {logging_mixin.py:188} INFO - [2025-07-11T09:49:31.317+0000] {dag.py:3036} INFO - Sync 1 DAGs
[2025-07-11T09:49:31.358+0000] {logging_mixin.py:188} INFO - [2025-07-11T09:49:31.358+0000] {dag.py:3823} INFO - Setting next_dagrun for example_xcom to 2021-01-01 00:00:00+00:00, run_after=2021-01-01 00:00:00+00:00
[2025-07-11T09:49:31.396+0000] {processor.py:183} INFO - Processing /home/airflow/.local/lib/python3.8/site-packages/airflow/example_dags/example_xcom.py took 0.139 seconds
[2025-07-11T09:50:02.176+0000] {processor.py:161} INFO - Started process (PID=1759) to work on /home/airflow/.local/lib/python3.8/site-packages/airflow/example_dags/example_xcom.py
[2025-07-11T09:50:02.177+0000] {processor.py:830} INFO - Processing file /home/airflow/.local/lib/python3.8/site-packages/airflow/example_dags/example_xcom.py for tasks to queue
[2025-07-11T09:50:02.180+0000] {logging_mixin.py:188} INFO - [2025-07-11T09:50:02.179+0000] {dagbag.py:538} INFO - Filling up the DagBag from /home/airflow/.local/lib/python3.8/site-packages/airflow/example_dags/example_xcom.py
[2025-07-11T09:50:02.190+0000] {processor.py:840} INFO - DAG(s) 'example_xcom' retrieved from /home/airflow/.local/lib/python3.8/site-packages/airflow/example_dags/example_xcom.py
[2025-07-11T09:50:02.223+0000] {logging_mixin.py:188} INFO - [2025-07-11T09:50:02.223+0000] {dag.py:3036} INFO - Sync 1 DAGs
[2025-07-11T09:50:02.258+0000] {logging_mixin.py:188} INFO - [2025-07-11T09:50:02.257+0000] {dag.py:3823} INFO - Setting next_dagrun for example_xcom to 2021-01-01 00:00:00+00:00, run_after=2021-01-01 00:00:00+00:00
[2025-07-11T09:50:02.289+0000] {processor.py:183} INFO - Processing /home/airflow/.local/lib/python3.8/site-packages/airflow/example_dags/example_xcom.py took 0.118 seconds
[2025-07-11T09:50:32.967+0000] {processor.py:161} INFO - Started process (PID=1814) to work on /home/airflow/.local/lib/python3.8/site-packages/airflow/example_dags/example_xcom.py
[2025-07-11T09:50:32.969+0000] {processor.py:830} INFO - Processing file /home/airflow/.local/lib/python3.8/site-packages/airflow/example_dags/example_xcom.py for tasks to queue
[2025-07-11T09:50:32.973+0000] {logging_mixin.py:188} INFO - [2025-07-11T09:50:32.973+0000] {dagbag.py:538} INFO - Filling up the DagBag from /home/airflow/.local/lib/python3.8/site-packages/airflow/example_dags/example_xcom.py
[2025-07-11T09:50:32.986+0000] {processor.py:840} INFO - DAG(s) 'example_xcom' retrieved from /home/airflow/.local/lib/python3.8/site-packages/airflow/example_dags/example_xcom.py
[2025-07-11T09:50:33.019+0000] {logging_mixin.py:188} INFO - [2025-07-11T09:50:33.018+0000] {dag.py:3036} INFO - Sync 1 DAGs
[2025-07-11T09:50:33.056+0000] {logging_mixin.py:188} INFO - [2025-07-11T09:50:33.055+0000] {dag.py:3823} INFO - Setting next_dagrun for example_xcom to 2021-01-01 00:00:00+00:00, run_after=2021-01-01 00:00:00+00:00
[2025-07-11T09:50:33.085+0000] {processor.py:183} INFO - Processing /home/airflow/.local/lib/python3.8/site-packages/airflow/example_dags/example_xcom.py took 0.126 seconds
[2025-07-11T09:51:03.526+0000] {processor.py:161} INFO - Started process (PID=1869) to work on /home/airflow/.local/lib/python3.8/site-packages/airflow/example_dags/example_xcom.py
[2025-07-11T09:51:03.528+0000] {processor.py:830} INFO - Processing file /home/airflow/.local/lib/python3.8/site-packages/airflow/example_dags/example_xcom.py for tasks to queue
[2025-07-11T09:51:03.530+0000] {logging_mixin.py:188} INFO - [2025-07-11T09:51:03.530+0000] {dagbag.py:538} INFO - Filling up the DagBag from /home/airflow/.local/lib/python3.8/site-packages/airflow/example_dags/example_xcom.py
[2025-07-11T09:51:03.540+0000] {processor.py:840} INFO - DAG(s) 'example_xcom' retrieved from /home/airflow/.local/lib/python3.8/site-packages/airflow/example_dags/example_xcom.py
[2025-07-11T09:51:03.573+0000] {logging_mixin.py:188} INFO - [2025-07-11T09:51:03.572+0000] {dag.py:3036} INFO - Sync 1 DAGs
[2025-07-11T09:51:03.611+0000] {logging_mixin.py:188} INFO - [2025-07-11T09:51:03.610+0000] {dag.py:3823} INFO - Setting next_dagrun for example_xcom to 2021-01-01 00:00:00+00:00, run_after=2021-01-01 00:00:00+00:00
[2025-07-11T09:51:03.644+0000] {processor.py:183} INFO - Processing /home/airflow/.local/lib/python3.8/site-packages/airflow/example_dags/example_xcom.py took 0.122 seconds
[2025-07-11T09:51:34.365+0000] {processor.py:161} INFO - Started process (PID=1924) to work on /home/airflow/.local/lib/python3.8/site-packages/airflow/example_dags/example_xcom.py
[2025-07-11T09:51:34.366+0000] {processor.py:830} INFO - Processing file /home/airflow/.local/lib/python3.8/site-packages/airflow/example_dags/example_xcom.py for tasks to queue
[2025-07-11T09:51:34.369+0000] {logging_mixin.py:188} INFO - [2025-07-11T09:51:34.368+0000] {dagbag.py:538} INFO - Filling up the DagBag from /home/airflow/.local/lib/python3.8/site-packages/airflow/example_dags/example_xcom.py
[2025-07-11T09:51:34.380+0000] {processor.py:840} INFO - DAG(s) 'example_xcom' retrieved from /home/airflow/.local/lib/python3.8/site-packages/airflow/example_dags/example_xcom.py
[2025-07-11T09:51:34.410+0000] {logging_mixin.py:188} INFO - [2025-07-11T09:51:34.409+0000] {dag.py:3036} INFO - Sync 1 DAGs
[2025-07-11T09:51:34.445+0000] {logging_mixin.py:188} INFO - [2025-07-11T09:51:34.445+0000] {dag.py:3823} INFO - Setting next_dagrun for example_xcom to 2021-01-01 00:00:00+00:00, run_after=2021-01-01 00:00:00+00:00
[2025-07-11T09:51:34.477+0000] {processor.py:183} INFO - Processing /home/airflow/.local/lib/python3.8/site-packages/airflow/example_dags/example_xcom.py took 0.117 seconds
[2025-07-11T09:52:04.758+0000] {processor.py:161} INFO - Started process (PID=1979) to work on /home/airflow/.local/lib/python3.8/site-packages/airflow/example_dags/example_xcom.py
[2025-07-11T09:52:04.759+0000] {processor.py:830} INFO - Processing file /home/airflow/.local/lib/python3.8/site-packages/airflow/example_dags/example_xcom.py for tasks to queue
[2025-07-11T09:52:04.762+0000] {logging_mixin.py:188} INFO - [2025-07-11T09:52:04.761+0000] {dagbag.py:538} INFO - Filling up the DagBag from /home/airflow/.local/lib/python3.8/site-packages/airflow/example_dags/example_xcom.py
[2025-07-11T09:52:04.772+0000] {processor.py:840} INFO - DAG(s) 'example_xcom' retrieved from /home/airflow/.local/lib/python3.8/site-packages/airflow/example_dags/example_xcom.py
[2025-07-11T09:52:04.803+0000] {logging_mixin.py:188} INFO - [2025-07-11T09:52:04.803+0000] {dag.py:3036} INFO - Sync 1 DAGs
[2025-07-11T09:52:04.834+0000] {logging_mixin.py:188} INFO - [2025-07-11T09:52:04.834+0000] {dag.py:3823} INFO - Setting next_dagrun for example_xcom to 2021-01-01 00:00:00+00:00, run_after=2021-01-01 00:00:00+00:00
[2025-07-11T09:52:04.866+0000] {processor.py:183} INFO - Processing /home/airflow/.local/lib/python3.8/site-packages/airflow/example_dags/example_xcom.py took 0.113 seconds
[2025-07-11T09:52:35.046+0000] {processor.py:161} INFO - Started process (PID=2034) to work on /home/airflow/.local/lib/python3.8/site-packages/airflow/example_dags/example_xcom.py
[2025-07-11T09:52:35.048+0000] {processor.py:830} INFO - Processing file /home/airflow/.local/lib/python3.8/site-packages/airflow/example_dags/example_xcom.py for tasks to queue
[2025-07-11T09:52:35.050+0000] {logging_mixin.py:188} INFO - [2025-07-11T09:52:35.050+0000] {dagbag.py:538} INFO - Filling up the DagBag from /home/airflow/.local/lib/python3.8/site-packages/airflow/example_dags/example_xcom.py
[2025-07-11T09:52:35.064+0000] {processor.py:840} INFO - DAG(s) 'example_xcom' retrieved from /home/airflow/.local/lib/python3.8/site-packages/airflow/example_dags/example_xcom.py
[2025-07-11T09:52:35.097+0000] {logging_mixin.py:188} INFO - [2025-07-11T09:52:35.097+0000] {dag.py:3036} INFO - Sync 1 DAGs
[2025-07-11T09:52:35.132+0000] {logging_mixin.py:188} INFO - [2025-07-11T09:52:35.132+0000] {dag.py:3823} INFO - Setting next_dagrun for example_xcom to 2021-01-01 00:00:00+00:00, run_after=2021-01-01 00:00:00+00:00
[2025-07-11T09:52:35.165+0000] {processor.py:183} INFO - Processing /home/airflow/.local/lib/python3.8/site-packages/airflow/example_dags/example_xcom.py took 0.123 seconds
[2025-07-11T09:53:05.647+0000] {processor.py:161} INFO - Started process (PID=2089) to work on /home/airflow/.local/lib/python3.8/site-packages/airflow/example_dags/example_xcom.py
[2025-07-11T09:53:05.648+0000] {processor.py:830} INFO - Processing file /home/airflow/.local/lib/python3.8/site-packages/airflow/example_dags/example_xcom.py for tasks to queue
[2025-07-11T09:53:05.651+0000] {logging_mixin.py:188} INFO - [2025-07-11T09:53:05.650+0000] {dagbag.py:538} INFO - Filling up the DagBag from /home/airflow/.local/lib/python3.8/site-packages/airflow/example_dags/example_xcom.py
[2025-07-11T09:53:05.661+0000] {processor.py:840} INFO - DAG(s) 'example_xcom' retrieved from /home/airflow/.local/lib/python3.8/site-packages/airflow/example_dags/example_xcom.py
[2025-07-11T09:53:05.693+0000] {logging_mixin.py:188} INFO - [2025-07-11T09:53:05.692+0000] {dag.py:3036} INFO - Sync 1 DAGs
[2025-07-11T09:53:05.726+0000] {logging_mixin.py:188} INFO - [2025-07-11T09:53:05.725+0000] {dag.py:3823} INFO - Setting next_dagrun for example_xcom to 2021-01-01 00:00:00+00:00, run_after=2021-01-01 00:00:00+00:00
[2025-07-11T09:53:05.756+0000] {processor.py:183} INFO - Processing /home/airflow/.local/lib/python3.8/site-packages/airflow/example_dags/example_xcom.py took 0.114 seconds
[2025-07-11T09:53:36.263+0000] {processor.py:161} INFO - Started process (PID=2144) to work on /home/airflow/.local/lib/python3.8/site-packages/airflow/example_dags/example_xcom.py
[2025-07-11T09:53:36.264+0000] {processor.py:830} INFO - Processing file /home/airflow/.local/lib/python3.8/site-packages/airflow/example_dags/example_xcom.py for tasks to queue
[2025-07-11T09:53:36.267+0000] {logging_mixin.py:188} INFO - [2025-07-11T09:53:36.266+0000] {dagbag.py:538} INFO - Filling up the DagBag from /home/airflow/.local/lib/python3.8/site-packages/airflow/example_dags/example_xcom.py
[2025-07-11T09:53:36.278+0000] {processor.py:840} INFO - DAG(s) 'example_xcom' retrieved from /home/airflow/.local/lib/python3.8/site-packages/airflow/example_dags/example_xcom.py
[2025-07-11T09:53:36.309+0000] {logging_mixin.py:188} INFO - [2025-07-11T09:53:36.308+0000] {dag.py:3036} INFO - Sync 1 DAGs
[2025-07-11T09:53:36.342+0000] {logging_mixin.py:188} INFO - [2025-07-11T09:53:36.342+0000] {dag.py:3823} INFO - Setting next_dagrun for example_xcom to 2021-01-01 00:00:00+00:00, run_after=2021-01-01 00:00:00+00:00
[2025-07-11T09:53:36.374+0000] {processor.py:183} INFO - Processing /home/airflow/.local/lib/python3.8/site-packages/airflow/example_dags/example_xcom.py took 0.116 seconds
[2025-07-11T09:54:06.663+0000] {processor.py:161} INFO - Started process (PID=2197) to work on /home/airflow/.local/lib/python3.8/site-packages/airflow/example_dags/example_xcom.py
[2025-07-11T09:54:06.665+0000] {processor.py:830} INFO - Processing file /home/airflow/.local/lib/python3.8/site-packages/airflow/example_dags/example_xcom.py for tasks to queue
[2025-07-11T09:54:06.668+0000] {logging_mixin.py:188} INFO - [2025-07-11T09:54:06.667+0000] {dagbag.py:538} INFO - Filling up the DagBag from /home/airflow/.local/lib/python3.8/site-packages/airflow/example_dags/example_xcom.py
[2025-07-11T09:54:06.680+0000] {processor.py:840} INFO - DAG(s) 'example_xcom' retrieved from /home/airflow/.local/lib/python3.8/site-packages/airflow/example_dags/example_xcom.py
[2025-07-11T09:54:06.709+0000] {logging_mixin.py:188} INFO - [2025-07-11T09:54:06.709+0000] {dag.py:3036} INFO - Sync 1 DAGs
[2025-07-11T09:54:06.739+0000] {logging_mixin.py:188} INFO - [2025-07-11T09:54:06.738+0000] {dag.py:3823} INFO - Setting next_dagrun for example_xcom to 2021-01-01 00:00:00+00:00, run_after=2021-01-01 00:00:00+00:00
[2025-07-11T09:54:06.777+0000] {processor.py:183} INFO - Processing /home/airflow/.local/lib/python3.8/site-packages/airflow/example_dags/example_xcom.py took 0.118 seconds
[2025-07-11T09:54:38.008+0000] {processor.py:161} INFO - Started process (PID=2252) to work on /home/airflow/.local/lib/python3.8/site-packages/airflow/example_dags/example_xcom.py
[2025-07-11T09:54:38.010+0000] {processor.py:830} INFO - Processing file /home/airflow/.local/lib/python3.8/site-packages/airflow/example_dags/example_xcom.py for tasks to queue
[2025-07-11T09:54:38.013+0000] {logging_mixin.py:188} INFO - [2025-07-11T09:54:38.012+0000] {dagbag.py:538} INFO - Filling up the DagBag from /home/airflow/.local/lib/python3.8/site-packages/airflow/example_dags/example_xcom.py
[2025-07-11T09:54:38.025+0000] {processor.py:840} INFO - DAG(s) 'example_xcom' retrieved from /home/airflow/.local/lib/python3.8/site-packages/airflow/example_dags/example_xcom.py
[2025-07-11T09:54:38.058+0000] {logging_mixin.py:188} INFO - [2025-07-11T09:54:38.057+0000] {dag.py:3036} INFO - Sync 1 DAGs
[2025-07-11T09:54:38.102+0000] {logging_mixin.py:188} INFO - [2025-07-11T09:54:38.101+0000] {dag.py:3823} INFO - Setting next_dagrun for example_xcom to 2021-01-01 00:00:00+00:00, run_after=2021-01-01 00:00:00+00:00
[2025-07-11T09:54:38.139+0000] {processor.py:183} INFO - Processing /home/airflow/.local/lib/python3.8/site-packages/airflow/example_dags/example_xcom.py took 0.137 seconds
