[2025-07-11T09:24:56.875+0000] {processor.py:161} INFO - Started process (PID=96) to work on /home/airflow/.local/lib/python3.8/site-packages/airflow/example_dags/example_params_trigger_ui.py
[2025-07-11T09:24:56.876+0000] {processor.py:830} INFO - Processing file /home/airflow/.local/lib/python3.8/site-packages/airflow/example_dags/example_params_trigger_ui.py for tasks to queue
[2025-07-11T09:24:56.878+0000] {logging_mixin.py:188} INFO - [2025-07-11T09:24:56.878+0000] {dagbag.py:538} INFO - Filling up the DagBag from /home/airflow/.local/lib/python3.8/site-packages/airflow/example_dags/example_params_trigger_ui.py
[2025-07-11T09:24:56.941+0000] {processor.py:840} INFO - DAG(s) 'example_params_trigger_ui' retrieved from /home/airflow/.local/lib/python3.8/site-packages/airflow/example_dags/example_params_trigger_ui.py
[2025-07-11T09:24:57.258+0000] {logging_mixin.py:188} INFO - [2025-07-11T09:24:57.257+0000] {override.py:1769} INFO - Created Permission View: can edit on DAG:example_params_trigger_ui
[2025-07-11T09:24:57.281+0000] {logging_mixin.py:188} INFO - [2025-07-11T09:24:57.280+0000] {override.py:1769} INFO - Created Permission View: can delete on DAG:example_params_trigger_ui
[2025-07-11T09:24:57.295+0000] {logging_mixin.py:188} INFO - [2025-07-11T09:24:57.295+0000] {override.py:1769} INFO - Created Permission View: can read on DAG:example_params_trigger_ui
[2025-07-11T09:24:57.296+0000] {logging_mixin.py:188} INFO - [2025-07-11T09:24:57.296+0000] {dag.py:3036} INFO - Sync 1 DAGs
[2025-07-11T09:24:57.320+0000] {logging_mixin.py:188} INFO - [2025-07-11T09:24:57.319+0000] {dag.py:3058} INFO - Creating ORM DAG for example_params_trigger_ui
[2025-07-11T09:24:57.321+0000] {logging_mixin.py:188} INFO - [2025-07-11T09:24:57.321+0000] {dag.py:3823} INFO - Setting next_dagrun for example_params_trigger_ui to None, run_after=None
[2025-07-11T09:24:57.357+0000] {processor.py:183} INFO - Processing /home/airflow/.local/lib/python3.8/site-packages/airflow/example_dags/example_params_trigger_ui.py took 0.489 seconds
[2025-07-11T09:25:27.906+0000] {processor.py:161} INFO - Started process (PID=151) to work on /home/airflow/.local/lib/python3.8/site-packages/airflow/example_dags/example_params_trigger_ui.py
[2025-07-11T09:25:27.908+0000] {processor.py:830} INFO - Processing file /home/airflow/.local/lib/python3.8/site-packages/airflow/example_dags/example_params_trigger_ui.py for tasks to queue
[2025-07-11T09:25:27.910+0000] {logging_mixin.py:188} INFO - [2025-07-11T09:25:27.910+0000] {dagbag.py:538} INFO - Filling up the DagBag from /home/airflow/.local/lib/python3.8/site-packages/airflow/example_dags/example_params_trigger_ui.py
[2025-07-11T09:25:27.928+0000] {processor.py:840} INFO - DAG(s) 'example_params_trigger_ui' retrieved from /home/airflow/.local/lib/python3.8/site-packages/airflow/example_dags/example_params_trigger_ui.py
[2025-07-11T09:25:28.000+0000] {logging_mixin.py:188} INFO - [2025-07-11T09:25:27.999+0000] {dag.py:3036} INFO - Sync 1 DAGs
[2025-07-11T09:25:28.016+0000] {logging_mixin.py:188} INFO - [2025-07-11T09:25:28.015+0000] {dag.py:3823} INFO - Setting next_dagrun for example_params_trigger_ui to None, run_after=None
[2025-07-11T09:25:28.044+0000] {processor.py:183} INFO - Processing /home/airflow/.local/lib/python3.8/site-packages/airflow/example_dags/example_params_trigger_ui.py took 0.142 seconds
[2025-07-11T09:25:58.383+0000] {processor.py:161} INFO - Started process (PID=206) to work on /home/airflow/.local/lib/python3.8/site-packages/airflow/example_dags/example_params_trigger_ui.py
[2025-07-11T09:25:58.384+0000] {processor.py:830} INFO - Processing file /home/airflow/.local/lib/python3.8/site-packages/airflow/example_dags/example_params_trigger_ui.py for tasks to queue
[2025-07-11T09:25:58.387+0000] {logging_mixin.py:188} INFO - [2025-07-11T09:25:58.386+0000] {dagbag.py:538} INFO - Filling up the DagBag from /home/airflow/.local/lib/python3.8/site-packages/airflow/example_dags/example_params_trigger_ui.py
[2025-07-11T09:25:58.405+0000] {processor.py:840} INFO - DAG(s) 'example_params_trigger_ui' retrieved from /home/airflow/.local/lib/python3.8/site-packages/airflow/example_dags/example_params_trigger_ui.py
[2025-07-11T09:25:58.480+0000] {logging_mixin.py:188} INFO - [2025-07-11T09:25:58.480+0000] {dag.py:3036} INFO - Sync 1 DAGs
[2025-07-11T09:25:58.497+0000] {logging_mixin.py:188} INFO - [2025-07-11T09:25:58.497+0000] {dag.py:3823} INFO - Setting next_dagrun for example_params_trigger_ui to None, run_after=None
[2025-07-11T09:25:58.528+0000] {processor.py:183} INFO - Processing /home/airflow/.local/lib/python3.8/site-packages/airflow/example_dags/example_params_trigger_ui.py took 0.150 seconds
[2025-07-11T09:26:28.734+0000] {processor.py:161} INFO - Started process (PID=261) to work on /home/airflow/.local/lib/python3.8/site-packages/airflow/example_dags/example_params_trigger_ui.py
[2025-07-11T09:26:28.736+0000] {processor.py:830} INFO - Processing file /home/airflow/.local/lib/python3.8/site-packages/airflow/example_dags/example_params_trigger_ui.py for tasks to queue
[2025-07-11T09:26:28.738+0000] {logging_mixin.py:188} INFO - [2025-07-11T09:26:28.738+0000] {dagbag.py:538} INFO - Filling up the DagBag from /home/airflow/.local/lib/python3.8/site-packages/airflow/example_dags/example_params_trigger_ui.py
[2025-07-11T09:26:28.762+0000] {processor.py:840} INFO - DAG(s) 'example_params_trigger_ui' retrieved from /home/airflow/.local/lib/python3.8/site-packages/airflow/example_dags/example_params_trigger_ui.py
[2025-07-11T09:26:28.843+0000] {logging_mixin.py:188} INFO - [2025-07-11T09:26:28.842+0000] {dag.py:3036} INFO - Sync 1 DAGs
[2025-07-11T09:26:28.863+0000] {logging_mixin.py:188} INFO - [2025-07-11T09:26:28.863+0000] {dag.py:3823} INFO - Setting next_dagrun for example_params_trigger_ui to None, run_after=None
[2025-07-11T09:26:28.896+0000] {processor.py:183} INFO - Processing /home/airflow/.local/lib/python3.8/site-packages/airflow/example_dags/example_params_trigger_ui.py took 0.167 seconds
[2025-07-11T09:26:58.995+0000] {processor.py:161} INFO - Started process (PID=316) to work on /home/airflow/.local/lib/python3.8/site-packages/airflow/example_dags/example_params_trigger_ui.py
[2025-07-11T09:26:58.997+0000] {processor.py:830} INFO - Processing file /home/airflow/.local/lib/python3.8/site-packages/airflow/example_dags/example_params_trigger_ui.py for tasks to queue
[2025-07-11T09:26:59.000+0000] {logging_mixin.py:188} INFO - [2025-07-11T09:26:59.000+0000] {dagbag.py:538} INFO - Filling up the DagBag from /home/airflow/.local/lib/python3.8/site-packages/airflow/example_dags/example_params_trigger_ui.py
[2025-07-11T09:26:59.027+0000] {processor.py:840} INFO - DAG(s) 'example_params_trigger_ui' retrieved from /home/airflow/.local/lib/python3.8/site-packages/airflow/example_dags/example_params_trigger_ui.py
[2025-07-11T09:26:59.121+0000] {logging_mixin.py:188} INFO - [2025-07-11T09:26:59.120+0000] {dag.py:3036} INFO - Sync 1 DAGs
[2025-07-11T09:26:59.144+0000] {logging_mixin.py:188} INFO - [2025-07-11T09:26:59.144+0000] {dag.py:3823} INFO - Setting next_dagrun for example_params_trigger_ui to None, run_after=None
[2025-07-11T09:26:59.178+0000] {processor.py:183} INFO - Processing /home/airflow/.local/lib/python3.8/site-packages/airflow/example_dags/example_params_trigger_ui.py took 0.188 seconds
[2025-07-11T09:28:24.551+0000] {processor.py:161} INFO - Started process (PID=97) to work on /home/airflow/.local/lib/python3.8/site-packages/airflow/example_dags/example_params_trigger_ui.py
[2025-07-11T09:28:24.553+0000] {processor.py:830} INFO - Processing file /home/airflow/.local/lib/python3.8/site-packages/airflow/example_dags/example_params_trigger_ui.py for tasks to queue
[2025-07-11T09:28:24.555+0000] {logging_mixin.py:188} INFO - [2025-07-11T09:28:24.555+0000] {dagbag.py:538} INFO - Filling up the DagBag from /home/airflow/.local/lib/python3.8/site-packages/airflow/example_dags/example_params_trigger_ui.py
[2025-07-11T09:28:24.578+0000] {processor.py:840} INFO - DAG(s) 'example_params_trigger_ui' retrieved from /home/airflow/.local/lib/python3.8/site-packages/airflow/example_dags/example_params_trigger_ui.py
[2025-07-11T09:28:24.797+0000] {logging_mixin.py:188} INFO - [2025-07-11T09:28:24.796+0000] {override.py:1769} INFO - Created Permission View: can read on DAG:example_params_trigger_ui
[2025-07-11T09:28:24.827+0000] {logging_mixin.py:188} INFO - [2025-07-11T09:28:24.826+0000] {override.py:1769} INFO - Created Permission View: can delete on DAG:example_params_trigger_ui
[2025-07-11T09:28:24.844+0000] {logging_mixin.py:188} INFO - [2025-07-11T09:28:24.844+0000] {override.py:1769} INFO - Created Permission View: can edit on DAG:example_params_trigger_ui
[2025-07-11T09:28:24.845+0000] {logging_mixin.py:188} INFO - [2025-07-11T09:28:24.845+0000] {dag.py:3036} INFO - Sync 1 DAGs
[2025-07-11T09:28:24.860+0000] {logging_mixin.py:188} INFO - [2025-07-11T09:28:24.859+0000] {dag.py:3058} INFO - Creating ORM DAG for example_params_trigger_ui
[2025-07-11T09:28:24.861+0000] {logging_mixin.py:188} INFO - [2025-07-11T09:28:24.860+0000] {dag.py:3823} INFO - Setting next_dagrun for example_params_trigger_ui to None, run_after=None
[2025-07-11T09:28:24.890+0000] {processor.py:183} INFO - Processing /home/airflow/.local/lib/python3.8/site-packages/airflow/example_dags/example_params_trigger_ui.py took 0.344 seconds
[2025-07-11T09:28:55.838+0000] {processor.py:161} INFO - Started process (PID=152) to work on /home/airflow/.local/lib/python3.8/site-packages/airflow/example_dags/example_params_trigger_ui.py
[2025-07-11T09:28:55.840+0000] {processor.py:830} INFO - Processing file /home/airflow/.local/lib/python3.8/site-packages/airflow/example_dags/example_params_trigger_ui.py for tasks to queue
[2025-07-11T09:28:55.843+0000] {logging_mixin.py:188} INFO - [2025-07-11T09:28:55.843+0000] {dagbag.py:538} INFO - Filling up the DagBag from /home/airflow/.local/lib/python3.8/site-packages/airflow/example_dags/example_params_trigger_ui.py
[2025-07-11T09:28:55.862+0000] {processor.py:840} INFO - DAG(s) 'example_params_trigger_ui' retrieved from /home/airflow/.local/lib/python3.8/site-packages/airflow/example_dags/example_params_trigger_ui.py
[2025-07-11T09:28:55.944+0000] {logging_mixin.py:188} INFO - [2025-07-11T09:28:55.943+0000] {dag.py:3036} INFO - Sync 1 DAGs
[2025-07-11T09:28:55.961+0000] {logging_mixin.py:188} INFO - [2025-07-11T09:28:55.961+0000] {dag.py:3823} INFO - Setting next_dagrun for example_params_trigger_ui to None, run_after=None
[2025-07-11T09:28:56.002+0000] {processor.py:183} INFO - Processing /home/airflow/.local/lib/python3.8/site-packages/airflow/example_dags/example_params_trigger_ui.py took 0.169 seconds
[2025-07-11T09:29:26.246+0000] {processor.py:161} INFO - Started process (PID=207) to work on /home/airflow/.local/lib/python3.8/site-packages/airflow/example_dags/example_params_trigger_ui.py
[2025-07-11T09:29:26.248+0000] {processor.py:830} INFO - Processing file /home/airflow/.local/lib/python3.8/site-packages/airflow/example_dags/example_params_trigger_ui.py for tasks to queue
[2025-07-11T09:29:26.251+0000] {logging_mixin.py:188} INFO - [2025-07-11T09:29:26.250+0000] {dagbag.py:538} INFO - Filling up the DagBag from /home/airflow/.local/lib/python3.8/site-packages/airflow/example_dags/example_params_trigger_ui.py
[2025-07-11T09:29:26.272+0000] {processor.py:840} INFO - DAG(s) 'example_params_trigger_ui' retrieved from /home/airflow/.local/lib/python3.8/site-packages/airflow/example_dags/example_params_trigger_ui.py
[2025-07-11T09:29:26.349+0000] {logging_mixin.py:188} INFO - [2025-07-11T09:29:26.348+0000] {dag.py:3036} INFO - Sync 1 DAGs
[2025-07-11T09:29:26.365+0000] {logging_mixin.py:188} INFO - [2025-07-11T09:29:26.365+0000] {dag.py:3823} INFO - Setting next_dagrun for example_params_trigger_ui to None, run_after=None
[2025-07-11T09:29:26.396+0000] {processor.py:183} INFO - Processing /home/airflow/.local/lib/python3.8/site-packages/airflow/example_dags/example_params_trigger_ui.py took 0.154 seconds
[2025-07-11T09:29:56.498+0000] {processor.py:161} INFO - Started process (PID=262) to work on /home/airflow/.local/lib/python3.8/site-packages/airflow/example_dags/example_params_trigger_ui.py
[2025-07-11T09:29:56.501+0000] {processor.py:830} INFO - Processing file /home/airflow/.local/lib/python3.8/site-packages/airflow/example_dags/example_params_trigger_ui.py for tasks to queue
[2025-07-11T09:29:56.503+0000] {logging_mixin.py:188} INFO - [2025-07-11T09:29:56.503+0000] {dagbag.py:538} INFO - Filling up the DagBag from /home/airflow/.local/lib/python3.8/site-packages/airflow/example_dags/example_params_trigger_ui.py
[2025-07-11T09:29:56.526+0000] {processor.py:840} INFO - DAG(s) 'example_params_trigger_ui' retrieved from /home/airflow/.local/lib/python3.8/site-packages/airflow/example_dags/example_params_trigger_ui.py
[2025-07-11T09:29:56.607+0000] {logging_mixin.py:188} INFO - [2025-07-11T09:29:56.607+0000] {dag.py:3036} INFO - Sync 1 DAGs
[2025-07-11T09:29:56.628+0000] {logging_mixin.py:188} INFO - [2025-07-11T09:29:56.628+0000] {dag.py:3823} INFO - Setting next_dagrun for example_params_trigger_ui to None, run_after=None
[2025-07-11T09:29:56.662+0000] {processor.py:183} INFO - Processing /home/airflow/.local/lib/python3.8/site-packages/airflow/example_dags/example_params_trigger_ui.py took 0.168 seconds
[2025-07-11T09:30:27.162+0000] {processor.py:161} INFO - Started process (PID=317) to work on /home/airflow/.local/lib/python3.8/site-packages/airflow/example_dags/example_params_trigger_ui.py
[2025-07-11T09:30:27.164+0000] {processor.py:830} INFO - Processing file /home/airflow/.local/lib/python3.8/site-packages/airflow/example_dags/example_params_trigger_ui.py for tasks to queue
[2025-07-11T09:30:27.167+0000] {logging_mixin.py:188} INFO - [2025-07-11T09:30:27.166+0000] {dagbag.py:538} INFO - Filling up the DagBag from /home/airflow/.local/lib/python3.8/site-packages/airflow/example_dags/example_params_trigger_ui.py
[2025-07-11T09:30:27.187+0000] {processor.py:840} INFO - DAG(s) 'example_params_trigger_ui' retrieved from /home/airflow/.local/lib/python3.8/site-packages/airflow/example_dags/example_params_trigger_ui.py
[2025-07-11T09:30:27.275+0000] {logging_mixin.py:188} INFO - [2025-07-11T09:30:27.275+0000] {dag.py:3036} INFO - Sync 1 DAGs
[2025-07-11T09:30:27.295+0000] {logging_mixin.py:188} INFO - [2025-07-11T09:30:27.294+0000] {dag.py:3823} INFO - Setting next_dagrun for example_params_trigger_ui to None, run_after=None
[2025-07-11T09:30:27.326+0000] {processor.py:183} INFO - Processing /home/airflow/.local/lib/python3.8/site-packages/airflow/example_dags/example_params_trigger_ui.py took 0.169 seconds
[2025-07-11T09:30:57.755+0000] {processor.py:161} INFO - Started process (PID=372) to work on /home/airflow/.local/lib/python3.8/site-packages/airflow/example_dags/example_params_trigger_ui.py
[2025-07-11T09:30:57.757+0000] {processor.py:830} INFO - Processing file /home/airflow/.local/lib/python3.8/site-packages/airflow/example_dags/example_params_trigger_ui.py for tasks to queue
[2025-07-11T09:30:57.760+0000] {logging_mixin.py:188} INFO - [2025-07-11T09:30:57.759+0000] {dagbag.py:538} INFO - Filling up the DagBag from /home/airflow/.local/lib/python3.8/site-packages/airflow/example_dags/example_params_trigger_ui.py
[2025-07-11T09:30:57.787+0000] {processor.py:840} INFO - DAG(s) 'example_params_trigger_ui' retrieved from /home/airflow/.local/lib/python3.8/site-packages/airflow/example_dags/example_params_trigger_ui.py
[2025-07-11T09:30:57.894+0000] {logging_mixin.py:188} INFO - [2025-07-11T09:30:57.894+0000] {dag.py:3036} INFO - Sync 1 DAGs
[2025-07-11T09:30:57.915+0000] {logging_mixin.py:188} INFO - [2025-07-11T09:30:57.915+0000] {dag.py:3823} INFO - Setting next_dagrun for example_params_trigger_ui to None, run_after=None
[2025-07-11T09:30:57.953+0000] {processor.py:183} INFO - Processing /home/airflow/.local/lib/python3.8/site-packages/airflow/example_dags/example_params_trigger_ui.py took 0.204 seconds
[2025-07-11T09:31:28.083+0000] {processor.py:161} INFO - Started process (PID=427) to work on /home/airflow/.local/lib/python3.8/site-packages/airflow/example_dags/example_params_trigger_ui.py
[2025-07-11T09:31:28.084+0000] {processor.py:830} INFO - Processing file /home/airflow/.local/lib/python3.8/site-packages/airflow/example_dags/example_params_trigger_ui.py for tasks to queue
[2025-07-11T09:31:28.087+0000] {logging_mixin.py:188} INFO - [2025-07-11T09:31:28.086+0000] {dagbag.py:538} INFO - Filling up the DagBag from /home/airflow/.local/lib/python3.8/site-packages/airflow/example_dags/example_params_trigger_ui.py
[2025-07-11T09:31:28.105+0000] {processor.py:840} INFO - DAG(s) 'example_params_trigger_ui' retrieved from /home/airflow/.local/lib/python3.8/site-packages/airflow/example_dags/example_params_trigger_ui.py
[2025-07-11T09:31:28.184+0000] {logging_mixin.py:188} INFO - [2025-07-11T09:31:28.183+0000] {dag.py:3036} INFO - Sync 1 DAGs
[2025-07-11T09:31:28.203+0000] {logging_mixin.py:188} INFO - [2025-07-11T09:31:28.203+0000] {dag.py:3823} INFO - Setting next_dagrun for example_params_trigger_ui to None, run_after=None
[2025-07-11T09:31:28.234+0000] {processor.py:183} INFO - Processing /home/airflow/.local/lib/python3.8/site-packages/airflow/example_dags/example_params_trigger_ui.py took 0.156 seconds
[2025-07-11T09:31:58.309+0000] {processor.py:161} INFO - Started process (PID=482) to work on /home/airflow/.local/lib/python3.8/site-packages/airflow/example_dags/example_params_trigger_ui.py
[2025-07-11T09:31:58.314+0000] {processor.py:830} INFO - Processing file /home/airflow/.local/lib/python3.8/site-packages/airflow/example_dags/example_params_trigger_ui.py for tasks to queue
[2025-07-11T09:31:58.317+0000] {logging_mixin.py:188} INFO - [2025-07-11T09:31:58.316+0000] {dagbag.py:538} INFO - Filling up the DagBag from /home/airflow/.local/lib/python3.8/site-packages/airflow/example_dags/example_params_trigger_ui.py
[2025-07-11T09:31:58.342+0000] {processor.py:840} INFO - DAG(s) 'example_params_trigger_ui' retrieved from /home/airflow/.local/lib/python3.8/site-packages/airflow/example_dags/example_params_trigger_ui.py
[2025-07-11T09:31:58.438+0000] {logging_mixin.py:188} INFO - [2025-07-11T09:31:58.438+0000] {dag.py:3036} INFO - Sync 1 DAGs
[2025-07-11T09:31:58.460+0000] {logging_mixin.py:188} INFO - [2025-07-11T09:31:58.460+0000] {dag.py:3823} INFO - Setting next_dagrun for example_params_trigger_ui to None, run_after=None
[2025-07-11T09:31:58.497+0000] {processor.py:183} INFO - Processing /home/airflow/.local/lib/python3.8/site-packages/airflow/example_dags/example_params_trigger_ui.py took 0.193 seconds
[2025-07-11T09:32:28.804+0000] {processor.py:161} INFO - Started process (PID=537) to work on /home/airflow/.local/lib/python3.8/site-packages/airflow/example_dags/example_params_trigger_ui.py
[2025-07-11T09:32:28.806+0000] {processor.py:830} INFO - Processing file /home/airflow/.local/lib/python3.8/site-packages/airflow/example_dags/example_params_trigger_ui.py for tasks to queue
[2025-07-11T09:32:28.809+0000] {logging_mixin.py:188} INFO - [2025-07-11T09:32:28.808+0000] {dagbag.py:538} INFO - Filling up the DagBag from /home/airflow/.local/lib/python3.8/site-packages/airflow/example_dags/example_params_trigger_ui.py
[2025-07-11T09:32:28.829+0000] {processor.py:840} INFO - DAG(s) 'example_params_trigger_ui' retrieved from /home/airflow/.local/lib/python3.8/site-packages/airflow/example_dags/example_params_trigger_ui.py
[2025-07-11T09:32:28.919+0000] {logging_mixin.py:188} INFO - [2025-07-11T09:32:28.918+0000] {dag.py:3036} INFO - Sync 1 DAGs
[2025-07-11T09:32:28.937+0000] {logging_mixin.py:188} INFO - [2025-07-11T09:32:28.937+0000] {dag.py:3823} INFO - Setting next_dagrun for example_params_trigger_ui to None, run_after=None
[2025-07-11T09:32:28.972+0000] {processor.py:183} INFO - Processing /home/airflow/.local/lib/python3.8/site-packages/airflow/example_dags/example_params_trigger_ui.py took 0.173 seconds
[2025-07-11T09:32:59.735+0000] {processor.py:161} INFO - Started process (PID=592) to work on /home/airflow/.local/lib/python3.8/site-packages/airflow/example_dags/example_params_trigger_ui.py
[2025-07-11T09:32:59.738+0000] {processor.py:830} INFO - Processing file /home/airflow/.local/lib/python3.8/site-packages/airflow/example_dags/example_params_trigger_ui.py for tasks to queue
[2025-07-11T09:32:59.743+0000] {logging_mixin.py:188} INFO - [2025-07-11T09:32:59.742+0000] {dagbag.py:538} INFO - Filling up the DagBag from /home/airflow/.local/lib/python3.8/site-packages/airflow/example_dags/example_params_trigger_ui.py
[2025-07-11T09:32:59.777+0000] {processor.py:840} INFO - DAG(s) 'example_params_trigger_ui' retrieved from /home/airflow/.local/lib/python3.8/site-packages/airflow/example_dags/example_params_trigger_ui.py
[2025-07-11T09:32:59.945+0000] {logging_mixin.py:188} INFO - [2025-07-11T09:32:59.944+0000] {dag.py:3036} INFO - Sync 1 DAGs
[2025-07-11T09:32:59.987+0000] {logging_mixin.py:188} INFO - [2025-07-11T09:32:59.986+0000] {dag.py:3823} INFO - Setting next_dagrun for example_params_trigger_ui to None, run_after=None
[2025-07-11T09:33:00.084+0000] {processor.py:183} INFO - Processing /home/airflow/.local/lib/python3.8/site-packages/airflow/example_dags/example_params_trigger_ui.py took 0.355 seconds
[2025-07-11T09:33:30.131+0000] {processor.py:161} INFO - Started process (PID=647) to work on /home/airflow/.local/lib/python3.8/site-packages/airflow/example_dags/example_params_trigger_ui.py
[2025-07-11T09:33:30.132+0000] {processor.py:830} INFO - Processing file /home/airflow/.local/lib/python3.8/site-packages/airflow/example_dags/example_params_trigger_ui.py for tasks to queue
[2025-07-11T09:33:30.134+0000] {logging_mixin.py:188} INFO - [2025-07-11T09:33:30.134+0000] {dagbag.py:538} INFO - Filling up the DagBag from /home/airflow/.local/lib/python3.8/site-packages/airflow/example_dags/example_params_trigger_ui.py
[2025-07-11T09:33:30.157+0000] {processor.py:840} INFO - DAG(s) 'example_params_trigger_ui' retrieved from /home/airflow/.local/lib/python3.8/site-packages/airflow/example_dags/example_params_trigger_ui.py
[2025-07-11T09:33:30.245+0000] {logging_mixin.py:188} INFO - [2025-07-11T09:33:30.245+0000] {dag.py:3036} INFO - Sync 1 DAGs
[2025-07-11T09:33:30.268+0000] {logging_mixin.py:188} INFO - [2025-07-11T09:33:30.268+0000] {dag.py:3823} INFO - Setting next_dagrun for example_params_trigger_ui to None, run_after=None
[2025-07-11T09:33:30.321+0000] {processor.py:183} INFO - Processing /home/airflow/.local/lib/python3.8/site-packages/airflow/example_dags/example_params_trigger_ui.py took 0.195 seconds
[2025-07-11T09:34:45.925+0000] {processor.py:161} INFO - Started process (PID=98) to work on /home/airflow/.local/lib/python3.8/site-packages/airflow/example_dags/example_params_trigger_ui.py
[2025-07-11T09:34:45.927+0000] {processor.py:830} INFO - Processing file /home/airflow/.local/lib/python3.8/site-packages/airflow/example_dags/example_params_trigger_ui.py for tasks to queue
[2025-07-11T09:34:45.930+0000] {logging_mixin.py:188} INFO - [2025-07-11T09:34:45.930+0000] {dagbag.py:538} INFO - Filling up the DagBag from /home/airflow/.local/lib/python3.8/site-packages/airflow/example_dags/example_params_trigger_ui.py
[2025-07-11T09:34:45.959+0000] {processor.py:840} INFO - DAG(s) 'example_params_trigger_ui' retrieved from /home/airflow/.local/lib/python3.8/site-packages/airflow/example_dags/example_params_trigger_ui.py
[2025-07-11T09:34:46.274+0000] {logging_mixin.py:188} INFO - [2025-07-11T09:34:46.273+0000] {override.py:1769} INFO - Created Permission View: can edit on DAG:example_params_trigger_ui
[2025-07-11T09:34:46.300+0000] {logging_mixin.py:188} INFO - [2025-07-11T09:34:46.300+0000] {override.py:1769} INFO - Created Permission View: can delete on DAG:example_params_trigger_ui
[2025-07-11T09:34:46.318+0000] {logging_mixin.py:188} INFO - [2025-07-11T09:34:46.317+0000] {override.py:1769} INFO - Created Permission View: can read on DAG:example_params_trigger_ui
[2025-07-11T09:34:46.318+0000] {logging_mixin.py:188} INFO - [2025-07-11T09:34:46.318+0000] {dag.py:3036} INFO - Sync 1 DAGs
[2025-07-11T09:34:46.341+0000] {logging_mixin.py:188} INFO - [2025-07-11T09:34:46.340+0000] {dag.py:3058} INFO - Creating ORM DAG for example_params_trigger_ui
[2025-07-11T09:34:46.342+0000] {logging_mixin.py:188} INFO - [2025-07-11T09:34:46.342+0000] {dag.py:3823} INFO - Setting next_dagrun for example_params_trigger_ui to None, run_after=None
[2025-07-11T09:34:46.383+0000] {processor.py:183} INFO - Processing /home/airflow/.local/lib/python3.8/site-packages/airflow/example_dags/example_params_trigger_ui.py took 0.463 seconds
[2025-07-11T09:35:16.694+0000] {processor.py:161} INFO - Started process (PID=153) to work on /home/airflow/.local/lib/python3.8/site-packages/airflow/example_dags/example_params_trigger_ui.py
[2025-07-11T09:35:16.696+0000] {processor.py:830} INFO - Processing file /home/airflow/.local/lib/python3.8/site-packages/airflow/example_dags/example_params_trigger_ui.py for tasks to queue
[2025-07-11T09:35:16.700+0000] {logging_mixin.py:188} INFO - [2025-07-11T09:35:16.699+0000] {dagbag.py:538} INFO - Filling up the DagBag from /home/airflow/.local/lib/python3.8/site-packages/airflow/example_dags/example_params_trigger_ui.py
[2025-07-11T09:35:16.727+0000] {processor.py:840} INFO - DAG(s) 'example_params_trigger_ui' retrieved from /home/airflow/.local/lib/python3.8/site-packages/airflow/example_dags/example_params_trigger_ui.py
[2025-07-11T09:35:16.832+0000] {logging_mixin.py:188} INFO - [2025-07-11T09:35:16.831+0000] {dag.py:3036} INFO - Sync 1 DAGs
[2025-07-11T09:35:16.858+0000] {logging_mixin.py:188} INFO - [2025-07-11T09:35:16.857+0000] {dag.py:3823} INFO - Setting next_dagrun for example_params_trigger_ui to None, run_after=None
[2025-07-11T09:35:16.894+0000] {processor.py:183} INFO - Processing /home/airflow/.local/lib/python3.8/site-packages/airflow/example_dags/example_params_trigger_ui.py took 0.205 seconds
[2025-07-11T09:35:47.044+0000] {processor.py:161} INFO - Started process (PID=208) to work on /home/airflow/.local/lib/python3.8/site-packages/airflow/example_dags/example_params_trigger_ui.py
[2025-07-11T09:35:47.046+0000] {processor.py:830} INFO - Processing file /home/airflow/.local/lib/python3.8/site-packages/airflow/example_dags/example_params_trigger_ui.py for tasks to queue
[2025-07-11T09:35:47.049+0000] {logging_mixin.py:188} INFO - [2025-07-11T09:35:47.049+0000] {dagbag.py:538} INFO - Filling up the DagBag from /home/airflow/.local/lib/python3.8/site-packages/airflow/example_dags/example_params_trigger_ui.py
[2025-07-11T09:35:47.070+0000] {processor.py:840} INFO - DAG(s) 'example_params_trigger_ui' retrieved from /home/airflow/.local/lib/python3.8/site-packages/airflow/example_dags/example_params_trigger_ui.py
[2025-07-11T09:35:47.153+0000] {logging_mixin.py:188} INFO - [2025-07-11T09:35:47.153+0000] {dag.py:3036} INFO - Sync 1 DAGs
[2025-07-11T09:35:47.175+0000] {logging_mixin.py:188} INFO - [2025-07-11T09:35:47.175+0000] {dag.py:3823} INFO - Setting next_dagrun for example_params_trigger_ui to None, run_after=None
[2025-07-11T09:35:47.209+0000] {processor.py:183} INFO - Processing /home/airflow/.local/lib/python3.8/site-packages/airflow/example_dags/example_params_trigger_ui.py took 0.169 seconds
[2025-07-11T09:36:17.457+0000] {processor.py:161} INFO - Started process (PID=263) to work on /home/airflow/.local/lib/python3.8/site-packages/airflow/example_dags/example_params_trigger_ui.py
[2025-07-11T09:36:17.458+0000] {processor.py:830} INFO - Processing file /home/airflow/.local/lib/python3.8/site-packages/airflow/example_dags/example_params_trigger_ui.py for tasks to queue
[2025-07-11T09:36:17.460+0000] {logging_mixin.py:188} INFO - [2025-07-11T09:36:17.460+0000] {dagbag.py:538} INFO - Filling up the DagBag from /home/airflow/.local/lib/python3.8/site-packages/airflow/example_dags/example_params_trigger_ui.py
[2025-07-11T09:36:17.481+0000] {processor.py:840} INFO - DAG(s) 'example_params_trigger_ui' retrieved from /home/airflow/.local/lib/python3.8/site-packages/airflow/example_dags/example_params_trigger_ui.py
[2025-07-11T09:36:17.575+0000] {logging_mixin.py:188} INFO - [2025-07-11T09:36:17.574+0000] {dag.py:3036} INFO - Sync 1 DAGs
[2025-07-11T09:36:17.592+0000] {logging_mixin.py:188} INFO - [2025-07-11T09:36:17.592+0000] {dag.py:3823} INFO - Setting next_dagrun for example_params_trigger_ui to None, run_after=None
[2025-07-11T09:36:17.624+0000] {processor.py:183} INFO - Processing /home/airflow/.local/lib/python3.8/site-packages/airflow/example_dags/example_params_trigger_ui.py took 0.172 seconds
[2025-07-11T09:36:47.802+0000] {processor.py:161} INFO - Started process (PID=318) to work on /home/airflow/.local/lib/python3.8/site-packages/airflow/example_dags/example_params_trigger_ui.py
[2025-07-11T09:36:47.804+0000] {processor.py:830} INFO - Processing file /home/airflow/.local/lib/python3.8/site-packages/airflow/example_dags/example_params_trigger_ui.py for tasks to queue
[2025-07-11T09:36:47.807+0000] {logging_mixin.py:188} INFO - [2025-07-11T09:36:47.807+0000] {dagbag.py:538} INFO - Filling up the DagBag from /home/airflow/.local/lib/python3.8/site-packages/airflow/example_dags/example_params_trigger_ui.py
[2025-07-11T09:36:47.828+0000] {processor.py:840} INFO - DAG(s) 'example_params_trigger_ui' retrieved from /home/airflow/.local/lib/python3.8/site-packages/airflow/example_dags/example_params_trigger_ui.py
[2025-07-11T09:36:47.912+0000] {logging_mixin.py:188} INFO - [2025-07-11T09:36:47.912+0000] {dag.py:3036} INFO - Sync 1 DAGs
[2025-07-11T09:36:47.933+0000] {logging_mixin.py:188} INFO - [2025-07-11T09:36:47.932+0000] {dag.py:3823} INFO - Setting next_dagrun for example_params_trigger_ui to None, run_after=None
[2025-07-11T09:36:47.971+0000] {processor.py:183} INFO - Processing /home/airflow/.local/lib/python3.8/site-packages/airflow/example_dags/example_params_trigger_ui.py took 0.173 seconds
[2025-07-11T09:37:18.235+0000] {processor.py:161} INFO - Started process (PID=373) to work on /home/airflow/.local/lib/python3.8/site-packages/airflow/example_dags/example_params_trigger_ui.py
[2025-07-11T09:37:18.237+0000] {processor.py:830} INFO - Processing file /home/airflow/.local/lib/python3.8/site-packages/airflow/example_dags/example_params_trigger_ui.py for tasks to queue
[2025-07-11T09:37:18.240+0000] {logging_mixin.py:188} INFO - [2025-07-11T09:37:18.240+0000] {dagbag.py:538} INFO - Filling up the DagBag from /home/airflow/.local/lib/python3.8/site-packages/airflow/example_dags/example_params_trigger_ui.py
[2025-07-11T09:37:18.265+0000] {processor.py:840} INFO - DAG(s) 'example_params_trigger_ui' retrieved from /home/airflow/.local/lib/python3.8/site-packages/airflow/example_dags/example_params_trigger_ui.py
[2025-07-11T09:37:18.382+0000] {logging_mixin.py:188} INFO - [2025-07-11T09:37:18.382+0000] {dag.py:3036} INFO - Sync 1 DAGs
[2025-07-11T09:37:18.406+0000] {logging_mixin.py:188} INFO - [2025-07-11T09:37:18.406+0000] {dag.py:3823} INFO - Setting next_dagrun for example_params_trigger_ui to None, run_after=None
[2025-07-11T09:37:18.448+0000] {processor.py:183} INFO - Processing /home/airflow/.local/lib/python3.8/site-packages/airflow/example_dags/example_params_trigger_ui.py took 0.222 seconds
[2025-07-11T09:37:48.750+0000] {processor.py:161} INFO - Started process (PID=428) to work on /home/airflow/.local/lib/python3.8/site-packages/airflow/example_dags/example_params_trigger_ui.py
[2025-07-11T09:37:48.754+0000] {processor.py:830} INFO - Processing file /home/airflow/.local/lib/python3.8/site-packages/airflow/example_dags/example_params_trigger_ui.py for tasks to queue
[2025-07-11T09:37:48.758+0000] {logging_mixin.py:188} INFO - [2025-07-11T09:37:48.757+0000] {dagbag.py:538} INFO - Filling up the DagBag from /home/airflow/.local/lib/python3.8/site-packages/airflow/example_dags/example_params_trigger_ui.py
[2025-07-11T09:37:48.803+0000] {processor.py:840} INFO - DAG(s) 'example_params_trigger_ui' retrieved from /home/airflow/.local/lib/python3.8/site-packages/airflow/example_dags/example_params_trigger_ui.py
[2025-07-11T09:37:49.037+0000] {logging_mixin.py:188} INFO - [2025-07-11T09:37:49.036+0000] {dag.py:3036} INFO - Sync 1 DAGs
[2025-07-11T09:37:49.093+0000] {logging_mixin.py:188} INFO - [2025-07-11T09:37:49.093+0000] {dag.py:3823} INFO - Setting next_dagrun for example_params_trigger_ui to None, run_after=None
[2025-07-11T09:37:49.162+0000] {processor.py:183} INFO - Processing /home/airflow/.local/lib/python3.8/site-packages/airflow/example_dags/example_params_trigger_ui.py took 0.423 seconds
[2025-07-11T09:38:19.790+0000] {processor.py:161} INFO - Started process (PID=483) to work on /home/airflow/.local/lib/python3.8/site-packages/airflow/example_dags/example_params_trigger_ui.py
[2025-07-11T09:38:19.792+0000] {processor.py:830} INFO - Processing file /home/airflow/.local/lib/python3.8/site-packages/airflow/example_dags/example_params_trigger_ui.py for tasks to queue
[2025-07-11T09:38:19.794+0000] {logging_mixin.py:188} INFO - [2025-07-11T09:38:19.794+0000] {dagbag.py:538} INFO - Filling up the DagBag from /home/airflow/.local/lib/python3.8/site-packages/airflow/example_dags/example_params_trigger_ui.py
[2025-07-11T09:38:19.815+0000] {processor.py:840} INFO - DAG(s) 'example_params_trigger_ui' retrieved from /home/airflow/.local/lib/python3.8/site-packages/airflow/example_dags/example_params_trigger_ui.py
[2025-07-11T09:38:19.891+0000] {logging_mixin.py:188} INFO - [2025-07-11T09:38:19.891+0000] {dag.py:3036} INFO - Sync 1 DAGs
[2025-07-11T09:38:19.908+0000] {logging_mixin.py:188} INFO - [2025-07-11T09:38:19.908+0000] {dag.py:3823} INFO - Setting next_dagrun for example_params_trigger_ui to None, run_after=None
[2025-07-11T09:38:19.937+0000] {processor.py:183} INFO - Processing /home/airflow/.local/lib/python3.8/site-packages/airflow/example_dags/example_params_trigger_ui.py took 0.151 seconds
[2025-07-11T09:38:50.288+0000] {processor.py:161} INFO - Started process (PID=538) to work on /home/airflow/.local/lib/python3.8/site-packages/airflow/example_dags/example_params_trigger_ui.py
[2025-07-11T09:38:50.290+0000] {processor.py:830} INFO - Processing file /home/airflow/.local/lib/python3.8/site-packages/airflow/example_dags/example_params_trigger_ui.py for tasks to queue
[2025-07-11T09:38:50.293+0000] {logging_mixin.py:188} INFO - [2025-07-11T09:38:50.292+0000] {dagbag.py:538} INFO - Filling up the DagBag from /home/airflow/.local/lib/python3.8/site-packages/airflow/example_dags/example_params_trigger_ui.py
[2025-07-11T09:38:50.312+0000] {processor.py:840} INFO - DAG(s) 'example_params_trigger_ui' retrieved from /home/airflow/.local/lib/python3.8/site-packages/airflow/example_dags/example_params_trigger_ui.py
[2025-07-11T09:38:50.389+0000] {logging_mixin.py:188} INFO - [2025-07-11T09:38:50.389+0000] {dag.py:3036} INFO - Sync 1 DAGs
[2025-07-11T09:38:50.406+0000] {logging_mixin.py:188} INFO - [2025-07-11T09:38:50.406+0000] {dag.py:3823} INFO - Setting next_dagrun for example_params_trigger_ui to None, run_after=None
[2025-07-11T09:38:50.436+0000] {processor.py:183} INFO - Processing /home/airflow/.local/lib/python3.8/site-packages/airflow/example_dags/example_params_trigger_ui.py took 0.153 seconds
[2025-07-11T09:39:20.592+0000] {processor.py:161} INFO - Started process (PID=594) to work on /home/airflow/.local/lib/python3.8/site-packages/airflow/example_dags/example_params_trigger_ui.py
[2025-07-11T09:39:20.594+0000] {processor.py:830} INFO - Processing file /home/airflow/.local/lib/python3.8/site-packages/airflow/example_dags/example_params_trigger_ui.py for tasks to queue
[2025-07-11T09:39:20.596+0000] {logging_mixin.py:188} INFO - [2025-07-11T09:39:20.596+0000] {dagbag.py:538} INFO - Filling up the DagBag from /home/airflow/.local/lib/python3.8/site-packages/airflow/example_dags/example_params_trigger_ui.py
[2025-07-11T09:39:20.615+0000] {processor.py:840} INFO - DAG(s) 'example_params_trigger_ui' retrieved from /home/airflow/.local/lib/python3.8/site-packages/airflow/example_dags/example_params_trigger_ui.py
[2025-07-11T09:39:20.690+0000] {logging_mixin.py:188} INFO - [2025-07-11T09:39:20.690+0000] {dag.py:3036} INFO - Sync 1 DAGs
[2025-07-11T09:39:20.706+0000] {logging_mixin.py:188} INFO - [2025-07-11T09:39:20.706+0000] {dag.py:3823} INFO - Setting next_dagrun for example_params_trigger_ui to None, run_after=None
[2025-07-11T09:39:20.734+0000] {processor.py:183} INFO - Processing /home/airflow/.local/lib/python3.8/site-packages/airflow/example_dags/example_params_trigger_ui.py took 0.146 seconds
[2025-07-11T09:39:51.012+0000] {processor.py:161} INFO - Started process (PID=649) to work on /home/airflow/.local/lib/python3.8/site-packages/airflow/example_dags/example_params_trigger_ui.py
[2025-07-11T09:39:51.014+0000] {processor.py:830} INFO - Processing file /home/airflow/.local/lib/python3.8/site-packages/airflow/example_dags/example_params_trigger_ui.py for tasks to queue
[2025-07-11T09:39:51.016+0000] {logging_mixin.py:188} INFO - [2025-07-11T09:39:51.016+0000] {dagbag.py:538} INFO - Filling up the DagBag from /home/airflow/.local/lib/python3.8/site-packages/airflow/example_dags/example_params_trigger_ui.py
[2025-07-11T09:39:51.038+0000] {processor.py:840} INFO - DAG(s) 'example_params_trigger_ui' retrieved from /home/airflow/.local/lib/python3.8/site-packages/airflow/example_dags/example_params_trigger_ui.py
[2025-07-11T09:39:51.116+0000] {logging_mixin.py:188} INFO - [2025-07-11T09:39:51.116+0000] {dag.py:3036} INFO - Sync 1 DAGs
[2025-07-11T09:39:51.134+0000] {logging_mixin.py:188} INFO - [2025-07-11T09:39:51.134+0000] {dag.py:3823} INFO - Setting next_dagrun for example_params_trigger_ui to None, run_after=None
[2025-07-11T09:39:51.164+0000] {processor.py:183} INFO - Processing /home/airflow/.local/lib/python3.8/site-packages/airflow/example_dags/example_params_trigger_ui.py took 0.156 seconds
[2025-07-11T09:40:21.415+0000] {processor.py:161} INFO - Started process (PID=704) to work on /home/airflow/.local/lib/python3.8/site-packages/airflow/example_dags/example_params_trigger_ui.py
[2025-07-11T09:40:21.416+0000] {processor.py:830} INFO - Processing file /home/airflow/.local/lib/python3.8/site-packages/airflow/example_dags/example_params_trigger_ui.py for tasks to queue
[2025-07-11T09:40:21.419+0000] {logging_mixin.py:188} INFO - [2025-07-11T09:40:21.418+0000] {dagbag.py:538} INFO - Filling up the DagBag from /home/airflow/.local/lib/python3.8/site-packages/airflow/example_dags/example_params_trigger_ui.py
[2025-07-11T09:40:21.441+0000] {processor.py:840} INFO - DAG(s) 'example_params_trigger_ui' retrieved from /home/airflow/.local/lib/python3.8/site-packages/airflow/example_dags/example_params_trigger_ui.py
[2025-07-11T09:40:21.521+0000] {logging_mixin.py:188} INFO - [2025-07-11T09:40:21.521+0000] {dag.py:3036} INFO - Sync 1 DAGs
[2025-07-11T09:40:21.541+0000] {logging_mixin.py:188} INFO - [2025-07-11T09:40:21.541+0000] {dag.py:3823} INFO - Setting next_dagrun for example_params_trigger_ui to None, run_after=None
[2025-07-11T09:40:21.571+0000] {processor.py:183} INFO - Processing /home/airflow/.local/lib/python3.8/site-packages/airflow/example_dags/example_params_trigger_ui.py took 0.160 seconds
[2025-07-11T09:40:51.798+0000] {processor.py:161} INFO - Started process (PID=759) to work on /home/airflow/.local/lib/python3.8/site-packages/airflow/example_dags/example_params_trigger_ui.py
[2025-07-11T09:40:51.800+0000] {processor.py:830} INFO - Processing file /home/airflow/.local/lib/python3.8/site-packages/airflow/example_dags/example_params_trigger_ui.py for tasks to queue
[2025-07-11T09:40:51.803+0000] {logging_mixin.py:188} INFO - [2025-07-11T09:40:51.802+0000] {dagbag.py:538} INFO - Filling up the DagBag from /home/airflow/.local/lib/python3.8/site-packages/airflow/example_dags/example_params_trigger_ui.py
[2025-07-11T09:40:51.824+0000] {processor.py:840} INFO - DAG(s) 'example_params_trigger_ui' retrieved from /home/airflow/.local/lib/python3.8/site-packages/airflow/example_dags/example_params_trigger_ui.py
[2025-07-11T09:40:51.906+0000] {logging_mixin.py:188} INFO - [2025-07-11T09:40:51.905+0000] {dag.py:3036} INFO - Sync 1 DAGs
[2025-07-11T09:40:51.924+0000] {logging_mixin.py:188} INFO - [2025-07-11T09:40:51.923+0000] {dag.py:3823} INFO - Setting next_dagrun for example_params_trigger_ui to None, run_after=None
[2025-07-11T09:40:51.954+0000] {processor.py:183} INFO - Processing /home/airflow/.local/lib/python3.8/site-packages/airflow/example_dags/example_params_trigger_ui.py took 0.160 seconds
[2025-07-11T09:41:22.238+0000] {processor.py:161} INFO - Started process (PID=814) to work on /home/airflow/.local/lib/python3.8/site-packages/airflow/example_dags/example_params_trigger_ui.py
[2025-07-11T09:41:22.240+0000] {processor.py:830} INFO - Processing file /home/airflow/.local/lib/python3.8/site-packages/airflow/example_dags/example_params_trigger_ui.py for tasks to queue
[2025-07-11T09:41:22.244+0000] {logging_mixin.py:188} INFO - [2025-07-11T09:41:22.243+0000] {dagbag.py:538} INFO - Filling up the DagBag from /home/airflow/.local/lib/python3.8/site-packages/airflow/example_dags/example_params_trigger_ui.py
[2025-07-11T09:41:22.263+0000] {processor.py:840} INFO - DAG(s) 'example_params_trigger_ui' retrieved from /home/airflow/.local/lib/python3.8/site-packages/airflow/example_dags/example_params_trigger_ui.py
[2025-07-11T09:41:22.353+0000] {logging_mixin.py:188} INFO - [2025-07-11T09:41:22.352+0000] {dag.py:3036} INFO - Sync 1 DAGs
[2025-07-11T09:41:22.376+0000] {logging_mixin.py:188} INFO - [2025-07-11T09:41:22.375+0000] {dag.py:3823} INFO - Setting next_dagrun for example_params_trigger_ui to None, run_after=None
[2025-07-11T09:41:22.408+0000] {processor.py:183} INFO - Processing /home/airflow/.local/lib/python3.8/site-packages/airflow/example_dags/example_params_trigger_ui.py took 0.176 seconds
[2025-07-11T09:41:52.630+0000] {processor.py:161} INFO - Started process (PID=869) to work on /home/airflow/.local/lib/python3.8/site-packages/airflow/example_dags/example_params_trigger_ui.py
[2025-07-11T09:41:52.632+0000] {processor.py:830} INFO - Processing file /home/airflow/.local/lib/python3.8/site-packages/airflow/example_dags/example_params_trigger_ui.py for tasks to queue
[2025-07-11T09:41:52.635+0000] {logging_mixin.py:188} INFO - [2025-07-11T09:41:52.634+0000] {dagbag.py:538} INFO - Filling up the DagBag from /home/airflow/.local/lib/python3.8/site-packages/airflow/example_dags/example_params_trigger_ui.py
[2025-07-11T09:41:52.654+0000] {processor.py:840} INFO - DAG(s) 'example_params_trigger_ui' retrieved from /home/airflow/.local/lib/python3.8/site-packages/airflow/example_dags/example_params_trigger_ui.py
[2025-07-11T09:41:52.751+0000] {logging_mixin.py:188} INFO - [2025-07-11T09:41:52.751+0000] {dag.py:3036} INFO - Sync 1 DAGs
[2025-07-11T09:41:52.772+0000] {logging_mixin.py:188} INFO - [2025-07-11T09:41:52.772+0000] {dag.py:3823} INFO - Setting next_dagrun for example_params_trigger_ui to None, run_after=None
[2025-07-11T09:41:52.806+0000] {processor.py:183} INFO - Processing /home/airflow/.local/lib/python3.8/site-packages/airflow/example_dags/example_params_trigger_ui.py took 0.181 seconds
[2025-07-11T09:42:22.977+0000] {processor.py:161} INFO - Started process (PID=924) to work on /home/airflow/.local/lib/python3.8/site-packages/airflow/example_dags/example_params_trigger_ui.py
[2025-07-11T09:42:22.979+0000] {processor.py:830} INFO - Processing file /home/airflow/.local/lib/python3.8/site-packages/airflow/example_dags/example_params_trigger_ui.py for tasks to queue
[2025-07-11T09:42:22.982+0000] {logging_mixin.py:188} INFO - [2025-07-11T09:42:22.981+0000] {dagbag.py:538} INFO - Filling up the DagBag from /home/airflow/.local/lib/python3.8/site-packages/airflow/example_dags/example_params_trigger_ui.py
[2025-07-11T09:42:23.000+0000] {processor.py:840} INFO - DAG(s) 'example_params_trigger_ui' retrieved from /home/airflow/.local/lib/python3.8/site-packages/airflow/example_dags/example_params_trigger_ui.py
[2025-07-11T09:42:23.091+0000] {logging_mixin.py:188} INFO - [2025-07-11T09:42:23.091+0000] {dag.py:3036} INFO - Sync 1 DAGs
[2025-07-11T09:42:23.112+0000] {logging_mixin.py:188} INFO - [2025-07-11T09:42:23.112+0000] {dag.py:3823} INFO - Setting next_dagrun for example_params_trigger_ui to None, run_after=None
[2025-07-11T09:42:23.148+0000] {processor.py:183} INFO - Processing /home/airflow/.local/lib/python3.8/site-packages/airflow/example_dags/example_params_trigger_ui.py took 0.175 seconds
[2025-07-11T09:42:53.328+0000] {processor.py:161} INFO - Started process (PID=979) to work on /home/airflow/.local/lib/python3.8/site-packages/airflow/example_dags/example_params_trigger_ui.py
[2025-07-11T09:42:53.330+0000] {processor.py:830} INFO - Processing file /home/airflow/.local/lib/python3.8/site-packages/airflow/example_dags/example_params_trigger_ui.py for tasks to queue
[2025-07-11T09:42:53.332+0000] {logging_mixin.py:188} INFO - [2025-07-11T09:42:53.332+0000] {dagbag.py:538} INFO - Filling up the DagBag from /home/airflow/.local/lib/python3.8/site-packages/airflow/example_dags/example_params_trigger_ui.py
[2025-07-11T09:42:53.355+0000] {processor.py:840} INFO - DAG(s) 'example_params_trigger_ui' retrieved from /home/airflow/.local/lib/python3.8/site-packages/airflow/example_dags/example_params_trigger_ui.py
[2025-07-11T09:42:53.452+0000] {logging_mixin.py:188} INFO - [2025-07-11T09:42:53.452+0000] {dag.py:3036} INFO - Sync 1 DAGs
[2025-07-11T09:42:53.473+0000] {logging_mixin.py:188} INFO - [2025-07-11T09:42:53.473+0000] {dag.py:3823} INFO - Setting next_dagrun for example_params_trigger_ui to None, run_after=None
[2025-07-11T09:42:53.508+0000] {processor.py:183} INFO - Processing /home/airflow/.local/lib/python3.8/site-packages/airflow/example_dags/example_params_trigger_ui.py took 0.185 seconds
[2025-07-11T09:43:23.819+0000] {processor.py:161} INFO - Started process (PID=1034) to work on /home/airflow/.local/lib/python3.8/site-packages/airflow/example_dags/example_params_trigger_ui.py
[2025-07-11T09:43:23.821+0000] {processor.py:830} INFO - Processing file /home/airflow/.local/lib/python3.8/site-packages/airflow/example_dags/example_params_trigger_ui.py for tasks to queue
[2025-07-11T09:43:23.824+0000] {logging_mixin.py:188} INFO - [2025-07-11T09:43:23.823+0000] {dagbag.py:538} INFO - Filling up the DagBag from /home/airflow/.local/lib/python3.8/site-packages/airflow/example_dags/example_params_trigger_ui.py
[2025-07-11T09:43:23.849+0000] {processor.py:840} INFO - DAG(s) 'example_params_trigger_ui' retrieved from /home/airflow/.local/lib/python3.8/site-packages/airflow/example_dags/example_params_trigger_ui.py
[2025-07-11T09:43:23.941+0000] {logging_mixin.py:188} INFO - [2025-07-11T09:43:23.940+0000] {dag.py:3036} INFO - Sync 1 DAGs
[2025-07-11T09:43:23.960+0000] {logging_mixin.py:188} INFO - [2025-07-11T09:43:23.959+0000] {dag.py:3823} INFO - Setting next_dagrun for example_params_trigger_ui to None, run_after=None
[2025-07-11T09:43:23.998+0000] {processor.py:183} INFO - Processing /home/airflow/.local/lib/python3.8/site-packages/airflow/example_dags/example_params_trigger_ui.py took 0.185 seconds
[2025-07-11T09:43:54.202+0000] {processor.py:161} INFO - Started process (PID=1089) to work on /home/airflow/.local/lib/python3.8/site-packages/airflow/example_dags/example_params_trigger_ui.py
[2025-07-11T09:43:54.204+0000] {processor.py:830} INFO - Processing file /home/airflow/.local/lib/python3.8/site-packages/airflow/example_dags/example_params_trigger_ui.py for tasks to queue
[2025-07-11T09:43:54.206+0000] {logging_mixin.py:188} INFO - [2025-07-11T09:43:54.206+0000] {dagbag.py:538} INFO - Filling up the DagBag from /home/airflow/.local/lib/python3.8/site-packages/airflow/example_dags/example_params_trigger_ui.py
[2025-07-11T09:43:54.225+0000] {processor.py:840} INFO - DAG(s) 'example_params_trigger_ui' retrieved from /home/airflow/.local/lib/python3.8/site-packages/airflow/example_dags/example_params_trigger_ui.py
[2025-07-11T09:43:54.301+0000] {logging_mixin.py:188} INFO - [2025-07-11T09:43:54.300+0000] {dag.py:3036} INFO - Sync 1 DAGs
[2025-07-11T09:43:54.319+0000] {logging_mixin.py:188} INFO - [2025-07-11T09:43:54.318+0000] {dag.py:3823} INFO - Setting next_dagrun for example_params_trigger_ui to None, run_after=None
[2025-07-11T09:43:54.353+0000] {processor.py:183} INFO - Processing /home/airflow/.local/lib/python3.8/site-packages/airflow/example_dags/example_params_trigger_ui.py took 0.155 seconds
[2025-07-11T09:44:24.717+0000] {processor.py:161} INFO - Started process (PID=1145) to work on /home/airflow/.local/lib/python3.8/site-packages/airflow/example_dags/example_params_trigger_ui.py
[2025-07-11T09:44:24.719+0000] {processor.py:830} INFO - Processing file /home/airflow/.local/lib/python3.8/site-packages/airflow/example_dags/example_params_trigger_ui.py for tasks to queue
[2025-07-11T09:44:24.722+0000] {logging_mixin.py:188} INFO - [2025-07-11T09:44:24.722+0000] {dagbag.py:538} INFO - Filling up the DagBag from /home/airflow/.local/lib/python3.8/site-packages/airflow/example_dags/example_params_trigger_ui.py
[2025-07-11T09:44:24.746+0000] {processor.py:840} INFO - DAG(s) 'example_params_trigger_ui' retrieved from /home/airflow/.local/lib/python3.8/site-packages/airflow/example_dags/example_params_trigger_ui.py
[2025-07-11T09:44:24.835+0000] {logging_mixin.py:188} INFO - [2025-07-11T09:44:24.834+0000] {dag.py:3036} INFO - Sync 1 DAGs
[2025-07-11T09:44:24.855+0000] {logging_mixin.py:188} INFO - [2025-07-11T09:44:24.854+0000] {dag.py:3823} INFO - Setting next_dagrun for example_params_trigger_ui to None, run_after=None
[2025-07-11T09:44:24.888+0000] {processor.py:183} INFO - Processing /home/airflow/.local/lib/python3.8/site-packages/airflow/example_dags/example_params_trigger_ui.py took 0.175 seconds
[2025-07-11T09:44:55.138+0000] {processor.py:161} INFO - Started process (PID=1200) to work on /home/airflow/.local/lib/python3.8/site-packages/airflow/example_dags/example_params_trigger_ui.py
[2025-07-11T09:44:55.140+0000] {processor.py:830} INFO - Processing file /home/airflow/.local/lib/python3.8/site-packages/airflow/example_dags/example_params_trigger_ui.py for tasks to queue
[2025-07-11T09:44:55.143+0000] {logging_mixin.py:188} INFO - [2025-07-11T09:44:55.142+0000] {dagbag.py:538} INFO - Filling up the DagBag from /home/airflow/.local/lib/python3.8/site-packages/airflow/example_dags/example_params_trigger_ui.py
[2025-07-11T09:44:55.164+0000] {processor.py:840} INFO - DAG(s) 'example_params_trigger_ui' retrieved from /home/airflow/.local/lib/python3.8/site-packages/airflow/example_dags/example_params_trigger_ui.py
[2025-07-11T09:44:55.251+0000] {logging_mixin.py:188} INFO - [2025-07-11T09:44:55.251+0000] {dag.py:3036} INFO - Sync 1 DAGs
[2025-07-11T09:44:55.269+0000] {logging_mixin.py:188} INFO - [2025-07-11T09:44:55.269+0000] {dag.py:3823} INFO - Setting next_dagrun for example_params_trigger_ui to None, run_after=None
[2025-07-11T09:44:55.307+0000] {processor.py:183} INFO - Processing /home/airflow/.local/lib/python3.8/site-packages/airflow/example_dags/example_params_trigger_ui.py took 0.174 seconds
[2025-07-11T09:45:25.471+0000] {processor.py:161} INFO - Started process (PID=1255) to work on /home/airflow/.local/lib/python3.8/site-packages/airflow/example_dags/example_params_trigger_ui.py
[2025-07-11T09:45:25.473+0000] {processor.py:830} INFO - Processing file /home/airflow/.local/lib/python3.8/site-packages/airflow/example_dags/example_params_trigger_ui.py for tasks to queue
[2025-07-11T09:45:25.475+0000] {logging_mixin.py:188} INFO - [2025-07-11T09:45:25.475+0000] {dagbag.py:538} INFO - Filling up the DagBag from /home/airflow/.local/lib/python3.8/site-packages/airflow/example_dags/example_params_trigger_ui.py
[2025-07-11T09:45:25.500+0000] {processor.py:840} INFO - DAG(s) 'example_params_trigger_ui' retrieved from /home/airflow/.local/lib/python3.8/site-packages/airflow/example_dags/example_params_trigger_ui.py
[2025-07-11T09:45:25.583+0000] {logging_mixin.py:188} INFO - [2025-07-11T09:45:25.583+0000] {dag.py:3036} INFO - Sync 1 DAGs
[2025-07-11T09:45:25.602+0000] {logging_mixin.py:188} INFO - [2025-07-11T09:45:25.602+0000] {dag.py:3823} INFO - Setting next_dagrun for example_params_trigger_ui to None, run_after=None
[2025-07-11T09:45:25.633+0000] {processor.py:183} INFO - Processing /home/airflow/.local/lib/python3.8/site-packages/airflow/example_dags/example_params_trigger_ui.py took 0.167 seconds
[2025-07-11T09:45:55.868+0000] {processor.py:161} INFO - Started process (PID=1310) to work on /home/airflow/.local/lib/python3.8/site-packages/airflow/example_dags/example_params_trigger_ui.py
[2025-07-11T09:45:55.870+0000] {processor.py:830} INFO - Processing file /home/airflow/.local/lib/python3.8/site-packages/airflow/example_dags/example_params_trigger_ui.py for tasks to queue
[2025-07-11T09:45:55.873+0000] {logging_mixin.py:188} INFO - [2025-07-11T09:45:55.873+0000] {dagbag.py:538} INFO - Filling up the DagBag from /home/airflow/.local/lib/python3.8/site-packages/airflow/example_dags/example_params_trigger_ui.py
[2025-07-11T09:45:55.896+0000] {processor.py:840} INFO - DAG(s) 'example_params_trigger_ui' retrieved from /home/airflow/.local/lib/python3.8/site-packages/airflow/example_dags/example_params_trigger_ui.py
[2025-07-11T09:45:55.978+0000] {logging_mixin.py:188} INFO - [2025-07-11T09:45:55.977+0000] {dag.py:3036} INFO - Sync 1 DAGs
[2025-07-11T09:45:55.996+0000] {logging_mixin.py:188} INFO - [2025-07-11T09:45:55.995+0000] {dag.py:3823} INFO - Setting next_dagrun for example_params_trigger_ui to None, run_after=None
[2025-07-11T09:45:56.028+0000] {processor.py:183} INFO - Processing /home/airflow/.local/lib/python3.8/site-packages/airflow/example_dags/example_params_trigger_ui.py took 0.165 seconds
[2025-07-11T09:46:26.280+0000] {processor.py:161} INFO - Started process (PID=1365) to work on /home/airflow/.local/lib/python3.8/site-packages/airflow/example_dags/example_params_trigger_ui.py
[2025-07-11T09:46:26.281+0000] {processor.py:830} INFO - Processing file /home/airflow/.local/lib/python3.8/site-packages/airflow/example_dags/example_params_trigger_ui.py for tasks to queue
[2025-07-11T09:46:26.284+0000] {logging_mixin.py:188} INFO - [2025-07-11T09:46:26.284+0000] {dagbag.py:538} INFO - Filling up the DagBag from /home/airflow/.local/lib/python3.8/site-packages/airflow/example_dags/example_params_trigger_ui.py
[2025-07-11T09:46:26.303+0000] {processor.py:840} INFO - DAG(s) 'example_params_trigger_ui' retrieved from /home/airflow/.local/lib/python3.8/site-packages/airflow/example_dags/example_params_trigger_ui.py
[2025-07-11T09:46:26.379+0000] {logging_mixin.py:188} INFO - [2025-07-11T09:46:26.379+0000] {dag.py:3036} INFO - Sync 1 DAGs
[2025-07-11T09:46:26.396+0000] {logging_mixin.py:188} INFO - [2025-07-11T09:46:26.395+0000] {dag.py:3823} INFO - Setting next_dagrun for example_params_trigger_ui to None, run_after=None
[2025-07-11T09:46:26.425+0000] {processor.py:183} INFO - Processing /home/airflow/.local/lib/python3.8/site-packages/airflow/example_dags/example_params_trigger_ui.py took 0.151 seconds
[2025-07-11T09:46:56.756+0000] {processor.py:161} INFO - Started process (PID=1420) to work on /home/airflow/.local/lib/python3.8/site-packages/airflow/example_dags/example_params_trigger_ui.py
[2025-07-11T09:46:56.759+0000] {processor.py:830} INFO - Processing file /home/airflow/.local/lib/python3.8/site-packages/airflow/example_dags/example_params_trigger_ui.py for tasks to queue
[2025-07-11T09:46:56.763+0000] {logging_mixin.py:188} INFO - [2025-07-11T09:46:56.762+0000] {dagbag.py:538} INFO - Filling up the DagBag from /home/airflow/.local/lib/python3.8/site-packages/airflow/example_dags/example_params_trigger_ui.py
[2025-07-11T09:46:56.784+0000] {processor.py:840} INFO - DAG(s) 'example_params_trigger_ui' retrieved from /home/airflow/.local/lib/python3.8/site-packages/airflow/example_dags/example_params_trigger_ui.py
[2025-07-11T09:46:56.875+0000] {logging_mixin.py:188} INFO - [2025-07-11T09:46:56.874+0000] {dag.py:3036} INFO - Sync 1 DAGs
[2025-07-11T09:46:56.892+0000] {logging_mixin.py:188} INFO - [2025-07-11T09:46:56.892+0000] {dag.py:3823} INFO - Setting next_dagrun for example_params_trigger_ui to None, run_after=None
[2025-07-11T09:46:56.926+0000] {processor.py:183} INFO - Processing /home/airflow/.local/lib/python3.8/site-packages/airflow/example_dags/example_params_trigger_ui.py took 0.174 seconds
[2025-07-11T09:47:27.306+0000] {processor.py:161} INFO - Started process (PID=1475) to work on /home/airflow/.local/lib/python3.8/site-packages/airflow/example_dags/example_params_trigger_ui.py
[2025-07-11T09:47:27.308+0000] {processor.py:830} INFO - Processing file /home/airflow/.local/lib/python3.8/site-packages/airflow/example_dags/example_params_trigger_ui.py for tasks to queue
[2025-07-11T09:47:27.310+0000] {logging_mixin.py:188} INFO - [2025-07-11T09:47:27.310+0000] {dagbag.py:538} INFO - Filling up the DagBag from /home/airflow/.local/lib/python3.8/site-packages/airflow/example_dags/example_params_trigger_ui.py
[2025-07-11T09:47:27.328+0000] {processor.py:840} INFO - DAG(s) 'example_params_trigger_ui' retrieved from /home/airflow/.local/lib/python3.8/site-packages/airflow/example_dags/example_params_trigger_ui.py
[2025-07-11T09:47:27.402+0000] {logging_mixin.py:188} INFO - [2025-07-11T09:47:27.401+0000] {dag.py:3036} INFO - Sync 1 DAGs
[2025-07-11T09:47:27.418+0000] {logging_mixin.py:188} INFO - [2025-07-11T09:47:27.417+0000] {dag.py:3823} INFO - Setting next_dagrun for example_params_trigger_ui to None, run_after=None
[2025-07-11T09:47:27.448+0000] {processor.py:183} INFO - Processing /home/airflow/.local/lib/python3.8/site-packages/airflow/example_dags/example_params_trigger_ui.py took 0.146 seconds
[2025-07-11T09:47:58.139+0000] {processor.py:161} INFO - Started process (PID=1530) to work on /home/airflow/.local/lib/python3.8/site-packages/airflow/example_dags/example_params_trigger_ui.py
[2025-07-11T09:47:58.141+0000] {processor.py:830} INFO - Processing file /home/airflow/.local/lib/python3.8/site-packages/airflow/example_dags/example_params_trigger_ui.py for tasks to queue
[2025-07-11T09:47:58.143+0000] {logging_mixin.py:188} INFO - [2025-07-11T09:47:58.143+0000] {dagbag.py:538} INFO - Filling up the DagBag from /home/airflow/.local/lib/python3.8/site-packages/airflow/example_dags/example_params_trigger_ui.py
[2025-07-11T09:47:58.161+0000] {processor.py:840} INFO - DAG(s) 'example_params_trigger_ui' retrieved from /home/airflow/.local/lib/python3.8/site-packages/airflow/example_dags/example_params_trigger_ui.py
[2025-07-11T09:47:58.245+0000] {logging_mixin.py:188} INFO - [2025-07-11T09:47:58.245+0000] {dag.py:3036} INFO - Sync 1 DAGs
[2025-07-11T09:47:58.266+0000] {logging_mixin.py:188} INFO - [2025-07-11T09:47:58.266+0000] {dag.py:3823} INFO - Setting next_dagrun for example_params_trigger_ui to None, run_after=None
[2025-07-11T09:47:58.298+0000] {processor.py:183} INFO - Processing /home/airflow/.local/lib/python3.8/site-packages/airflow/example_dags/example_params_trigger_ui.py took 0.163 seconds
[2025-07-11T09:48:28.621+0000] {processor.py:161} INFO - Started process (PID=1585) to work on /home/airflow/.local/lib/python3.8/site-packages/airflow/example_dags/example_params_trigger_ui.py
[2025-07-11T09:48:28.626+0000] {processor.py:830} INFO - Processing file /home/airflow/.local/lib/python3.8/site-packages/airflow/example_dags/example_params_trigger_ui.py for tasks to queue
[2025-07-11T09:48:28.628+0000] {logging_mixin.py:188} INFO - [2025-07-11T09:48:28.628+0000] {dagbag.py:538} INFO - Filling up the DagBag from /home/airflow/.local/lib/python3.8/site-packages/airflow/example_dags/example_params_trigger_ui.py
[2025-07-11T09:48:28.646+0000] {processor.py:840} INFO - DAG(s) 'example_params_trigger_ui' retrieved from /home/airflow/.local/lib/python3.8/site-packages/airflow/example_dags/example_params_trigger_ui.py
[2025-07-11T09:48:28.734+0000] {logging_mixin.py:188} INFO - [2025-07-11T09:48:28.734+0000] {dag.py:3036} INFO - Sync 1 DAGs
[2025-07-11T09:48:28.751+0000] {logging_mixin.py:188} INFO - [2025-07-11T09:48:28.751+0000] {dag.py:3823} INFO - Setting next_dagrun for example_params_trigger_ui to None, run_after=None
[2025-07-11T09:48:28.782+0000] {processor.py:183} INFO - Processing /home/airflow/.local/lib/python3.8/site-packages/airflow/example_dags/example_params_trigger_ui.py took 0.165 seconds
[2025-07-11T09:48:59.013+0000] {processor.py:161} INFO - Started process (PID=1640) to work on /home/airflow/.local/lib/python3.8/site-packages/airflow/example_dags/example_params_trigger_ui.py
[2025-07-11T09:48:59.014+0000] {processor.py:830} INFO - Processing file /home/airflow/.local/lib/python3.8/site-packages/airflow/example_dags/example_params_trigger_ui.py for tasks to queue
[2025-07-11T09:48:59.017+0000] {logging_mixin.py:188} INFO - [2025-07-11T09:48:59.017+0000] {dagbag.py:538} INFO - Filling up the DagBag from /home/airflow/.local/lib/python3.8/site-packages/airflow/example_dags/example_params_trigger_ui.py
[2025-07-11T09:48:59.037+0000] {processor.py:840} INFO - DAG(s) 'example_params_trigger_ui' retrieved from /home/airflow/.local/lib/python3.8/site-packages/airflow/example_dags/example_params_trigger_ui.py
[2025-07-11T09:48:59.130+0000] {logging_mixin.py:188} INFO - [2025-07-11T09:48:59.130+0000] {dag.py:3036} INFO - Sync 1 DAGs
[2025-07-11T09:48:59.147+0000] {logging_mixin.py:188} INFO - [2025-07-11T09:48:59.147+0000] {dag.py:3823} INFO - Setting next_dagrun for example_params_trigger_ui to None, run_after=None
[2025-07-11T09:48:59.176+0000] {processor.py:183} INFO - Processing /home/airflow/.local/lib/python3.8/site-packages/airflow/example_dags/example_params_trigger_ui.py took 0.167 seconds
[2025-07-11T09:49:29.520+0000] {processor.py:161} INFO - Started process (PID=1695) to work on /home/airflow/.local/lib/python3.8/site-packages/airflow/example_dags/example_params_trigger_ui.py
[2025-07-11T09:49:29.522+0000] {processor.py:830} INFO - Processing file /home/airflow/.local/lib/python3.8/site-packages/airflow/example_dags/example_params_trigger_ui.py for tasks to queue
[2025-07-11T09:49:29.525+0000] {logging_mixin.py:188} INFO - [2025-07-11T09:49:29.525+0000] {dagbag.py:538} INFO - Filling up the DagBag from /home/airflow/.local/lib/python3.8/site-packages/airflow/example_dags/example_params_trigger_ui.py
[2025-07-11T09:49:29.551+0000] {processor.py:840} INFO - DAG(s) 'example_params_trigger_ui' retrieved from /home/airflow/.local/lib/python3.8/site-packages/airflow/example_dags/example_params_trigger_ui.py
[2025-07-11T09:49:29.645+0000] {logging_mixin.py:188} INFO - [2025-07-11T09:49:29.644+0000] {dag.py:3036} INFO - Sync 1 DAGs
[2025-07-11T09:49:29.666+0000] {logging_mixin.py:188} INFO - [2025-07-11T09:49:29.666+0000] {dag.py:3823} INFO - Setting next_dagrun for example_params_trigger_ui to None, run_after=None
[2025-07-11T09:49:29.707+0000] {processor.py:183} INFO - Processing /home/airflow/.local/lib/python3.8/site-packages/airflow/example_dags/example_params_trigger_ui.py took 0.192 seconds
[2025-07-11T09:50:00.469+0000] {processor.py:161} INFO - Started process (PID=1750) to work on /home/airflow/.local/lib/python3.8/site-packages/airflow/example_dags/example_params_trigger_ui.py
[2025-07-11T09:50:00.471+0000] {processor.py:830} INFO - Processing file /home/airflow/.local/lib/python3.8/site-packages/airflow/example_dags/example_params_trigger_ui.py for tasks to queue
[2025-07-11T09:50:00.474+0000] {logging_mixin.py:188} INFO - [2025-07-11T09:50:00.473+0000] {dagbag.py:538} INFO - Filling up the DagBag from /home/airflow/.local/lib/python3.8/site-packages/airflow/example_dags/example_params_trigger_ui.py
[2025-07-11T09:50:00.497+0000] {processor.py:840} INFO - DAG(s) 'example_params_trigger_ui' retrieved from /home/airflow/.local/lib/python3.8/site-packages/airflow/example_dags/example_params_trigger_ui.py
[2025-07-11T09:50:00.587+0000] {logging_mixin.py:188} INFO - [2025-07-11T09:50:00.587+0000] {dag.py:3036} INFO - Sync 1 DAGs
[2025-07-11T09:50:00.604+0000] {logging_mixin.py:188} INFO - [2025-07-11T09:50:00.603+0000] {dag.py:3823} INFO - Setting next_dagrun for example_params_trigger_ui to None, run_after=None
[2025-07-11T09:50:00.633+0000] {processor.py:183} INFO - Processing /home/airflow/.local/lib/python3.8/site-packages/airflow/example_dags/example_params_trigger_ui.py took 0.169 seconds
[2025-07-11T09:50:31.256+0000] {processor.py:161} INFO - Started process (PID=1805) to work on /home/airflow/.local/lib/python3.8/site-packages/airflow/example_dags/example_params_trigger_ui.py
[2025-07-11T09:50:31.258+0000] {processor.py:830} INFO - Processing file /home/airflow/.local/lib/python3.8/site-packages/airflow/example_dags/example_params_trigger_ui.py for tasks to queue
[2025-07-11T09:50:31.260+0000] {logging_mixin.py:188} INFO - [2025-07-11T09:50:31.260+0000] {dagbag.py:538} INFO - Filling up the DagBag from /home/airflow/.local/lib/python3.8/site-packages/airflow/example_dags/example_params_trigger_ui.py
[2025-07-11T09:50:31.279+0000] {processor.py:840} INFO - DAG(s) 'example_params_trigger_ui' retrieved from /home/airflow/.local/lib/python3.8/site-packages/airflow/example_dags/example_params_trigger_ui.py
[2025-07-11T09:50:31.354+0000] {logging_mixin.py:188} INFO - [2025-07-11T09:50:31.353+0000] {dag.py:3036} INFO - Sync 1 DAGs
[2025-07-11T09:50:31.372+0000] {logging_mixin.py:188} INFO - [2025-07-11T09:50:31.371+0000] {dag.py:3823} INFO - Setting next_dagrun for example_params_trigger_ui to None, run_after=None
[2025-07-11T09:50:31.401+0000] {processor.py:183} INFO - Processing /home/airflow/.local/lib/python3.8/site-packages/airflow/example_dags/example_params_trigger_ui.py took 0.150 seconds
[2025-07-11T09:51:01.844+0000] {processor.py:161} INFO - Started process (PID=1860) to work on /home/airflow/.local/lib/python3.8/site-packages/airflow/example_dags/example_params_trigger_ui.py
[2025-07-11T09:51:01.845+0000] {processor.py:830} INFO - Processing file /home/airflow/.local/lib/python3.8/site-packages/airflow/example_dags/example_params_trigger_ui.py for tasks to queue
[2025-07-11T09:51:01.849+0000] {logging_mixin.py:188} INFO - [2025-07-11T09:51:01.848+0000] {dagbag.py:538} INFO - Filling up the DagBag from /home/airflow/.local/lib/python3.8/site-packages/airflow/example_dags/example_params_trigger_ui.py
[2025-07-11T09:51:01.869+0000] {processor.py:840} INFO - DAG(s) 'example_params_trigger_ui' retrieved from /home/airflow/.local/lib/python3.8/site-packages/airflow/example_dags/example_params_trigger_ui.py
[2025-07-11T09:51:01.959+0000] {logging_mixin.py:188} INFO - [2025-07-11T09:51:01.958+0000] {dag.py:3036} INFO - Sync 1 DAGs
[2025-07-11T09:51:01.978+0000] {logging_mixin.py:188} INFO - [2025-07-11T09:51:01.978+0000] {dag.py:3823} INFO - Setting next_dagrun for example_params_trigger_ui to None, run_after=None
[2025-07-11T09:51:02.012+0000] {processor.py:183} INFO - Processing /home/airflow/.local/lib/python3.8/site-packages/airflow/example_dags/example_params_trigger_ui.py took 0.173 seconds
[2025-07-11T09:51:32.497+0000] {processor.py:161} INFO - Started process (PID=1915) to work on /home/airflow/.local/lib/python3.8/site-packages/airflow/example_dags/example_params_trigger_ui.py
[2025-07-11T09:51:32.499+0000] {processor.py:830} INFO - Processing file /home/airflow/.local/lib/python3.8/site-packages/airflow/example_dags/example_params_trigger_ui.py for tasks to queue
[2025-07-11T09:51:32.501+0000] {logging_mixin.py:188} INFO - [2025-07-11T09:51:32.501+0000] {dagbag.py:538} INFO - Filling up the DagBag from /home/airflow/.local/lib/python3.8/site-packages/airflow/example_dags/example_params_trigger_ui.py
[2025-07-11T09:51:32.520+0000] {processor.py:840} INFO - DAG(s) 'example_params_trigger_ui' retrieved from /home/airflow/.local/lib/python3.8/site-packages/airflow/example_dags/example_params_trigger_ui.py
[2025-07-11T09:51:32.604+0000] {logging_mixin.py:188} INFO - [2025-07-11T09:51:32.603+0000] {dag.py:3036} INFO - Sync 1 DAGs
[2025-07-11T09:51:32.622+0000] {logging_mixin.py:188} INFO - [2025-07-11T09:51:32.622+0000] {dag.py:3823} INFO - Setting next_dagrun for example_params_trigger_ui to None, run_after=None
[2025-07-11T09:51:32.654+0000] {processor.py:183} INFO - Processing /home/airflow/.local/lib/python3.8/site-packages/airflow/example_dags/example_params_trigger_ui.py took 0.161 seconds
[2025-07-11T09:52:02.906+0000] {processor.py:161} INFO - Started process (PID=1968) to work on /home/airflow/.local/lib/python3.8/site-packages/airflow/example_dags/example_params_trigger_ui.py
[2025-07-11T09:52:02.907+0000] {processor.py:830} INFO - Processing file /home/airflow/.local/lib/python3.8/site-packages/airflow/example_dags/example_params_trigger_ui.py for tasks to queue
[2025-07-11T09:52:02.910+0000] {logging_mixin.py:188} INFO - [2025-07-11T09:52:02.909+0000] {dagbag.py:538} INFO - Filling up the DagBag from /home/airflow/.local/lib/python3.8/site-packages/airflow/example_dags/example_params_trigger_ui.py
[2025-07-11T09:52:02.929+0000] {processor.py:840} INFO - DAG(s) 'example_params_trigger_ui' retrieved from /home/airflow/.local/lib/python3.8/site-packages/airflow/example_dags/example_params_trigger_ui.py
[2025-07-11T09:52:03.010+0000] {logging_mixin.py:188} INFO - [2025-07-11T09:52:03.010+0000] {dag.py:3036} INFO - Sync 1 DAGs
[2025-07-11T09:52:03.027+0000] {logging_mixin.py:188} INFO - [2025-07-11T09:52:03.027+0000] {dag.py:3823} INFO - Setting next_dagrun for example_params_trigger_ui to None, run_after=None
[2025-07-11T09:52:03.055+0000] {processor.py:183} INFO - Processing /home/airflow/.local/lib/python3.8/site-packages/airflow/example_dags/example_params_trigger_ui.py took 0.153 seconds
[2025-07-11T09:52:33.672+0000] {processor.py:161} INFO - Started process (PID=2023) to work on /home/airflow/.local/lib/python3.8/site-packages/airflow/example_dags/example_params_trigger_ui.py
[2025-07-11T09:52:33.674+0000] {processor.py:830} INFO - Processing file /home/airflow/.local/lib/python3.8/site-packages/airflow/example_dags/example_params_trigger_ui.py for tasks to queue
[2025-07-11T09:52:33.677+0000] {logging_mixin.py:188} INFO - [2025-07-11T09:52:33.677+0000] {dagbag.py:538} INFO - Filling up the DagBag from /home/airflow/.local/lib/python3.8/site-packages/airflow/example_dags/example_params_trigger_ui.py
[2025-07-11T09:52:33.699+0000] {processor.py:840} INFO - DAG(s) 'example_params_trigger_ui' retrieved from /home/airflow/.local/lib/python3.8/site-packages/airflow/example_dags/example_params_trigger_ui.py
[2025-07-11T09:52:33.798+0000] {logging_mixin.py:188} INFO - [2025-07-11T09:52:33.797+0000] {dag.py:3036} INFO - Sync 1 DAGs
[2025-07-11T09:52:33.819+0000] {logging_mixin.py:188} INFO - [2025-07-11T09:52:33.819+0000] {dag.py:3823} INFO - Setting next_dagrun for example_params_trigger_ui to None, run_after=None
[2025-07-11T09:52:33.852+0000] {processor.py:183} INFO - Processing /home/airflow/.local/lib/python3.8/site-packages/airflow/example_dags/example_params_trigger_ui.py took 0.184 seconds
[2025-07-11T09:53:04.258+0000] {processor.py:161} INFO - Started process (PID=2078) to work on /home/airflow/.local/lib/python3.8/site-packages/airflow/example_dags/example_params_trigger_ui.py
[2025-07-11T09:53:04.260+0000] {processor.py:830} INFO - Processing file /home/airflow/.local/lib/python3.8/site-packages/airflow/example_dags/example_params_trigger_ui.py for tasks to queue
[2025-07-11T09:53:04.263+0000] {logging_mixin.py:188} INFO - [2025-07-11T09:53:04.262+0000] {dagbag.py:538} INFO - Filling up the DagBag from /home/airflow/.local/lib/python3.8/site-packages/airflow/example_dags/example_params_trigger_ui.py
[2025-07-11T09:53:04.282+0000] {processor.py:840} INFO - DAG(s) 'example_params_trigger_ui' retrieved from /home/airflow/.local/lib/python3.8/site-packages/airflow/example_dags/example_params_trigger_ui.py
[2025-07-11T09:53:04.374+0000] {logging_mixin.py:188} INFO - [2025-07-11T09:53:04.374+0000] {dag.py:3036} INFO - Sync 1 DAGs
[2025-07-11T09:53:04.395+0000] {logging_mixin.py:188} INFO - [2025-07-11T09:53:04.394+0000] {dag.py:3823} INFO - Setting next_dagrun for example_params_trigger_ui to None, run_after=None
[2025-07-11T09:53:04.425+0000] {processor.py:183} INFO - Processing /home/airflow/.local/lib/python3.8/site-packages/airflow/example_dags/example_params_trigger_ui.py took 0.173 seconds
[2025-07-11T09:53:35.048+0000] {processor.py:161} INFO - Started process (PID=2133) to work on /home/airflow/.local/lib/python3.8/site-packages/airflow/example_dags/example_params_trigger_ui.py
[2025-07-11T09:53:35.050+0000] {processor.py:830} INFO - Processing file /home/airflow/.local/lib/python3.8/site-packages/airflow/example_dags/example_params_trigger_ui.py for tasks to queue
[2025-07-11T09:53:35.053+0000] {logging_mixin.py:188} INFO - [2025-07-11T09:53:35.052+0000] {dagbag.py:538} INFO - Filling up the DagBag from /home/airflow/.local/lib/python3.8/site-packages/airflow/example_dags/example_params_trigger_ui.py
[2025-07-11T09:53:35.073+0000] {processor.py:840} INFO - DAG(s) 'example_params_trigger_ui' retrieved from /home/airflow/.local/lib/python3.8/site-packages/airflow/example_dags/example_params_trigger_ui.py
[2025-07-11T09:53:35.155+0000] {logging_mixin.py:188} INFO - [2025-07-11T09:53:35.154+0000] {dag.py:3036} INFO - Sync 1 DAGs
[2025-07-11T09:53:35.176+0000] {logging_mixin.py:188} INFO - [2025-07-11T09:53:35.176+0000] {dag.py:3823} INFO - Setting next_dagrun for example_params_trigger_ui to None, run_after=None
[2025-07-11T09:53:35.210+0000] {processor.py:183} INFO - Processing /home/airflow/.local/lib/python3.8/site-packages/airflow/example_dags/example_params_trigger_ui.py took 0.167 seconds
[2025-07-11T09:54:05.708+0000] {processor.py:161} INFO - Started process (PID=2188) to work on /home/airflow/.local/lib/python3.8/site-packages/airflow/example_dags/example_params_trigger_ui.py
[2025-07-11T09:54:05.710+0000] {processor.py:830} INFO - Processing file /home/airflow/.local/lib/python3.8/site-packages/airflow/example_dags/example_params_trigger_ui.py for tasks to queue
[2025-07-11T09:54:05.712+0000] {logging_mixin.py:188} INFO - [2025-07-11T09:54:05.712+0000] {dagbag.py:538} INFO - Filling up the DagBag from /home/airflow/.local/lib/python3.8/site-packages/airflow/example_dags/example_params_trigger_ui.py
[2025-07-11T09:54:05.730+0000] {processor.py:840} INFO - DAG(s) 'example_params_trigger_ui' retrieved from /home/airflow/.local/lib/python3.8/site-packages/airflow/example_dags/example_params_trigger_ui.py
[2025-07-11T09:54:05.810+0000] {logging_mixin.py:188} INFO - [2025-07-11T09:54:05.809+0000] {dag.py:3036} INFO - Sync 1 DAGs
[2025-07-11T09:54:05.828+0000] {logging_mixin.py:188} INFO - [2025-07-11T09:54:05.827+0000] {dag.py:3823} INFO - Setting next_dagrun for example_params_trigger_ui to None, run_after=None
[2025-07-11T09:54:05.858+0000] {processor.py:183} INFO - Processing /home/airflow/.local/lib/python3.8/site-packages/airflow/example_dags/example_params_trigger_ui.py took 0.154 seconds
[2025-07-11T09:54:36.408+0000] {processor.py:161} INFO - Started process (PID=2243) to work on /home/airflow/.local/lib/python3.8/site-packages/airflow/example_dags/example_params_trigger_ui.py
[2025-07-11T09:54:36.410+0000] {processor.py:830} INFO - Processing file /home/airflow/.local/lib/python3.8/site-packages/airflow/example_dags/example_params_trigger_ui.py for tasks to queue
[2025-07-11T09:54:36.412+0000] {logging_mixin.py:188} INFO - [2025-07-11T09:54:36.412+0000] {dagbag.py:538} INFO - Filling up the DagBag from /home/airflow/.local/lib/python3.8/site-packages/airflow/example_dags/example_params_trigger_ui.py
[2025-07-11T09:54:36.430+0000] {processor.py:840} INFO - DAG(s) 'example_params_trigger_ui' retrieved from /home/airflow/.local/lib/python3.8/site-packages/airflow/example_dags/example_params_trigger_ui.py
[2025-07-11T09:54:36.509+0000] {logging_mixin.py:188} INFO - [2025-07-11T09:54:36.509+0000] {dag.py:3036} INFO - Sync 1 DAGs
[2025-07-11T09:54:36.695+0000] {logging_mixin.py:188} INFO - [2025-07-11T09:54:36.695+0000] {dag.py:3823} INFO - Setting next_dagrun for example_params_trigger_ui to None, run_after=None
[2025-07-11T09:54:36.727+0000] {processor.py:183} INFO - Processing /home/airflow/.local/lib/python3.8/site-packages/airflow/example_dags/example_params_trigger_ui.py took 0.323 seconds
