[2025-07-11T09:25:00.357+0000] {processor.py:161} INFO - Started process (PID=112) to work on /home/airflow/.local/lib/python3.8/site-packages/airflow/example_dags/example_branch_labels.py
[2025-07-11T09:25:00.358+0000] {processor.py:830} INFO - Processing file /home/airflow/.local/lib/python3.8/site-packages/airflow/example_dags/example_branch_labels.py for tasks to queue
[2025-07-11T09:25:00.360+0000] {logging_mixin.py:188} INFO - [2025-07-11T09:25:00.360+0000] {dagbag.py:538} INFO - Filling up the DagBag from /home/airflow/.local/lib/python3.8/site-packages/airflow/example_dags/example_branch_labels.py
[2025-07-11T09:25:00.371+0000] {processor.py:840} INFO - DAG(s) 'example_branch_labels' retrieved from /home/airflow/.local/lib/python3.8/site-packages/airflow/example_dags/example_branch_labels.py
[2025-07-11T09:25:00.536+0000] {logging_mixin.py:188} INFO - [2025-07-11T09:25:00.536+0000] {override.py:1769} INFO - Created Permission View: can edit on DAG:example_branch_labels
[2025-07-11T09:25:00.554+0000] {logging_mixin.py:188} INFO - [2025-07-11T09:25:00.554+0000] {override.py:1769} INFO - Created Permission View: can delete on DAG:example_branch_labels
[2025-07-11T09:25:00.568+0000] {logging_mixin.py:188} INFO - [2025-07-11T09:25:00.568+0000] {override.py:1769} INFO - Created Permission View: can read on DAG:example_branch_labels
[2025-07-11T09:25:00.569+0000] {logging_mixin.py:188} INFO - [2025-07-11T09:25:00.568+0000] {dag.py:3036} INFO - Sync 1 DAGs
[2025-07-11T09:25:00.585+0000] {logging_mixin.py:188} INFO - [2025-07-11T09:25:00.585+0000] {dag.py:3058} INFO - Creating ORM DAG for example_branch_labels
[2025-07-11T09:25:00.603+0000] {logging_mixin.py:188} INFO - [2025-07-11T09:25:00.602+0000] {dag.py:3823} INFO - Setting next_dagrun for example_branch_labels to 2025-07-10 00:00:00+00:00, run_after=2025-07-11 00:00:00+00:00
[2025-07-11T09:25:00.631+0000] {processor.py:183} INFO - Processing /home/airflow/.local/lib/python3.8/site-packages/airflow/example_dags/example_branch_labels.py took 0.280 seconds
[2025-07-11T09:25:31.386+0000] {processor.py:161} INFO - Started process (PID=167) to work on /home/airflow/.local/lib/python3.8/site-packages/airflow/example_dags/example_branch_labels.py
[2025-07-11T09:25:31.388+0000] {processor.py:830} INFO - Processing file /home/airflow/.local/lib/python3.8/site-packages/airflow/example_dags/example_branch_labels.py for tasks to queue
[2025-07-11T09:25:31.390+0000] {logging_mixin.py:188} INFO - [2025-07-11T09:25:31.390+0000] {dagbag.py:538} INFO - Filling up the DagBag from /home/airflow/.local/lib/python3.8/site-packages/airflow/example_dags/example_branch_labels.py
[2025-07-11T09:25:31.401+0000] {processor.py:840} INFO - DAG(s) 'example_branch_labels' retrieved from /home/airflow/.local/lib/python3.8/site-packages/airflow/example_dags/example_branch_labels.py
[2025-07-11T09:25:31.429+0000] {logging_mixin.py:188} INFO - [2025-07-11T09:25:31.429+0000] {dag.py:3036} INFO - Sync 1 DAGs
[2025-07-11T09:25:31.459+0000] {logging_mixin.py:188} INFO - [2025-07-11T09:25:31.459+0000] {dag.py:3823} INFO - Setting next_dagrun for example_branch_labels to 2025-07-10 00:00:00+00:00, run_after=2025-07-11 00:00:00+00:00
[2025-07-11T09:25:31.487+0000] {processor.py:183} INFO - Processing /home/airflow/.local/lib/python3.8/site-packages/airflow/example_dags/example_branch_labels.py took 0.106 seconds
[2025-07-11T09:26:01.684+0000] {processor.py:161} INFO - Started process (PID=222) to work on /home/airflow/.local/lib/python3.8/site-packages/airflow/example_dags/example_branch_labels.py
[2025-07-11T09:26:01.685+0000] {processor.py:830} INFO - Processing file /home/airflow/.local/lib/python3.8/site-packages/airflow/example_dags/example_branch_labels.py for tasks to queue
[2025-07-11T09:26:01.688+0000] {logging_mixin.py:188} INFO - [2025-07-11T09:26:01.687+0000] {dagbag.py:538} INFO - Filling up the DagBag from /home/airflow/.local/lib/python3.8/site-packages/airflow/example_dags/example_branch_labels.py
[2025-07-11T09:26:01.699+0000] {processor.py:840} INFO - DAG(s) 'example_branch_labels' retrieved from /home/airflow/.local/lib/python3.8/site-packages/airflow/example_dags/example_branch_labels.py
[2025-07-11T09:26:01.730+0000] {logging_mixin.py:188} INFO - [2025-07-11T09:26:01.730+0000] {dag.py:3036} INFO - Sync 1 DAGs
[2025-07-11T09:26:01.766+0000] {logging_mixin.py:188} INFO - [2025-07-11T09:26:01.765+0000] {dag.py:3823} INFO - Setting next_dagrun for example_branch_labels to 2025-07-10 00:00:00+00:00, run_after=2025-07-11 00:00:00+00:00
[2025-07-11T09:26:01.800+0000] {processor.py:183} INFO - Processing /home/airflow/.local/lib/python3.8/site-packages/airflow/example_dags/example_branch_labels.py took 0.121 seconds
[2025-07-11T09:26:32.122+0000] {processor.py:161} INFO - Started process (PID=277) to work on /home/airflow/.local/lib/python3.8/site-packages/airflow/example_dags/example_branch_labels.py
[2025-07-11T09:26:32.124+0000] {processor.py:830} INFO - Processing file /home/airflow/.local/lib/python3.8/site-packages/airflow/example_dags/example_branch_labels.py for tasks to queue
[2025-07-11T09:26:32.127+0000] {logging_mixin.py:188} INFO - [2025-07-11T09:26:32.126+0000] {dagbag.py:538} INFO - Filling up the DagBag from /home/airflow/.local/lib/python3.8/site-packages/airflow/example_dags/example_branch_labels.py
[2025-07-11T09:26:32.140+0000] {processor.py:840} INFO - DAG(s) 'example_branch_labels' retrieved from /home/airflow/.local/lib/python3.8/site-packages/airflow/example_dags/example_branch_labels.py
[2025-07-11T09:26:32.176+0000] {logging_mixin.py:188} INFO - [2025-07-11T09:26:32.176+0000] {dag.py:3036} INFO - Sync 1 DAGs
[2025-07-11T09:26:32.219+0000] {logging_mixin.py:188} INFO - [2025-07-11T09:26:32.219+0000] {dag.py:3823} INFO - Setting next_dagrun for example_branch_labels to 2025-07-10 00:00:00+00:00, run_after=2025-07-11 00:00:00+00:00
[2025-07-11T09:26:32.261+0000] {processor.py:183} INFO - Processing /home/airflow/.local/lib/python3.8/site-packages/airflow/example_dags/example_branch_labels.py took 0.144 seconds
[2025-07-11T09:27:02.512+0000] {processor.py:161} INFO - Started process (PID=332) to work on /home/airflow/.local/lib/python3.8/site-packages/airflow/example_dags/example_branch_labels.py
[2025-07-11T09:27:02.514+0000] {processor.py:830} INFO - Processing file /home/airflow/.local/lib/python3.8/site-packages/airflow/example_dags/example_branch_labels.py for tasks to queue
[2025-07-11T09:27:02.516+0000] {logging_mixin.py:188} INFO - [2025-07-11T09:27:02.516+0000] {dagbag.py:538} INFO - Filling up the DagBag from /home/airflow/.local/lib/python3.8/site-packages/airflow/example_dags/example_branch_labels.py
[2025-07-11T09:27:02.527+0000] {processor.py:840} INFO - DAG(s) 'example_branch_labels' retrieved from /home/airflow/.local/lib/python3.8/site-packages/airflow/example_dags/example_branch_labels.py
[2025-07-11T09:27:02.561+0000] {logging_mixin.py:188} INFO - [2025-07-11T09:27:02.561+0000] {dag.py:3036} INFO - Sync 1 DAGs
[2025-07-11T09:27:02.599+0000] {logging_mixin.py:188} INFO - [2025-07-11T09:27:02.598+0000] {dag.py:3823} INFO - Setting next_dagrun for example_branch_labels to 2025-07-10 00:00:00+00:00, run_after=2025-07-11 00:00:00+00:00
[2025-07-11T09:27:02.635+0000] {processor.py:183} INFO - Processing /home/airflow/.local/lib/python3.8/site-packages/airflow/example_dags/example_branch_labels.py took 0.128 seconds
[2025-07-11T09:28:27.530+0000] {processor.py:161} INFO - Started process (PID=113) to work on /home/airflow/.local/lib/python3.8/site-packages/airflow/example_dags/example_branch_labels.py
[2025-07-11T09:28:27.531+0000] {processor.py:830} INFO - Processing file /home/airflow/.local/lib/python3.8/site-packages/airflow/example_dags/example_branch_labels.py for tasks to queue
[2025-07-11T09:28:27.534+0000] {logging_mixin.py:188} INFO - [2025-07-11T09:28:27.533+0000] {dagbag.py:538} INFO - Filling up the DagBag from /home/airflow/.local/lib/python3.8/site-packages/airflow/example_dags/example_branch_labels.py
[2025-07-11T09:28:27.545+0000] {processor.py:840} INFO - DAG(s) 'example_branch_labels' retrieved from /home/airflow/.local/lib/python3.8/site-packages/airflow/example_dags/example_branch_labels.py
[2025-07-11T09:28:27.695+0000] {logging_mixin.py:188} INFO - [2025-07-11T09:28:27.694+0000] {override.py:1769} INFO - Created Permission View: can read on DAG:example_branch_labels
[2025-07-11T09:28:27.712+0000] {logging_mixin.py:188} INFO - [2025-07-11T09:28:27.712+0000] {override.py:1769} INFO - Created Permission View: can delete on DAG:example_branch_labels
[2025-07-11T09:28:27.727+0000] {logging_mixin.py:188} INFO - [2025-07-11T09:28:27.727+0000] {override.py:1769} INFO - Created Permission View: can edit on DAG:example_branch_labels
[2025-07-11T09:28:27.728+0000] {logging_mixin.py:188} INFO - [2025-07-11T09:28:27.727+0000] {dag.py:3036} INFO - Sync 1 DAGs
[2025-07-11T09:28:27.743+0000] {logging_mixin.py:188} INFO - [2025-07-11T09:28:27.743+0000] {dag.py:3058} INFO - Creating ORM DAG for example_branch_labels
[2025-07-11T09:28:27.759+0000] {logging_mixin.py:188} INFO - [2025-07-11T09:28:27.759+0000] {dag.py:3823} INFO - Setting next_dagrun for example_branch_labels to 2025-07-10 00:00:00+00:00, run_after=2025-07-11 00:00:00+00:00
[2025-07-11T09:28:27.788+0000] {processor.py:183} INFO - Processing /home/airflow/.local/lib/python3.8/site-packages/airflow/example_dags/example_branch_labels.py took 0.262 seconds
[2025-07-11T09:28:58.081+0000] {processor.py:161} INFO - Started process (PID=168) to work on /home/airflow/.local/lib/python3.8/site-packages/airflow/example_dags/example_branch_labels.py
[2025-07-11T09:28:58.083+0000] {processor.py:830} INFO - Processing file /home/airflow/.local/lib/python3.8/site-packages/airflow/example_dags/example_branch_labels.py for tasks to queue
[2025-07-11T09:28:58.085+0000] {logging_mixin.py:188} INFO - [2025-07-11T09:28:58.085+0000] {dagbag.py:538} INFO - Filling up the DagBag from /home/airflow/.local/lib/python3.8/site-packages/airflow/example_dags/example_branch_labels.py
[2025-07-11T09:28:58.097+0000] {processor.py:840} INFO - DAG(s) 'example_branch_labels' retrieved from /home/airflow/.local/lib/python3.8/site-packages/airflow/example_dags/example_branch_labels.py
[2025-07-11T09:28:58.127+0000] {logging_mixin.py:188} INFO - [2025-07-11T09:28:58.127+0000] {dag.py:3036} INFO - Sync 1 DAGs
[2025-07-11T09:28:58.162+0000] {logging_mixin.py:188} INFO - [2025-07-11T09:28:58.162+0000] {dag.py:3823} INFO - Setting next_dagrun for example_branch_labels to 2025-07-10 00:00:00+00:00, run_after=2025-07-11 00:00:00+00:00
[2025-07-11T09:28:58.191+0000] {processor.py:183} INFO - Processing /home/airflow/.local/lib/python3.8/site-packages/airflow/example_dags/example_branch_labels.py took 0.114 seconds
[2025-07-11T09:29:28.428+0000] {processor.py:161} INFO - Started process (PID=223) to work on /home/airflow/.local/lib/python3.8/site-packages/airflow/example_dags/example_branch_labels.py
[2025-07-11T09:29:28.430+0000] {processor.py:830} INFO - Processing file /home/airflow/.local/lib/python3.8/site-packages/airflow/example_dags/example_branch_labels.py for tasks to queue
[2025-07-11T09:29:28.432+0000] {logging_mixin.py:188} INFO - [2025-07-11T09:29:28.432+0000] {dagbag.py:538} INFO - Filling up the DagBag from /home/airflow/.local/lib/python3.8/site-packages/airflow/example_dags/example_branch_labels.py
[2025-07-11T09:29:28.444+0000] {processor.py:840} INFO - DAG(s) 'example_branch_labels' retrieved from /home/airflow/.local/lib/python3.8/site-packages/airflow/example_dags/example_branch_labels.py
[2025-07-11T09:29:28.480+0000] {logging_mixin.py:188} INFO - [2025-07-11T09:29:28.480+0000] {dag.py:3036} INFO - Sync 1 DAGs
[2025-07-11T09:29:28.518+0000] {logging_mixin.py:188} INFO - [2025-07-11T09:29:28.518+0000] {dag.py:3823} INFO - Setting next_dagrun for example_branch_labels to 2025-07-10 00:00:00+00:00, run_after=2025-07-11 00:00:00+00:00
[2025-07-11T09:29:28.549+0000] {processor.py:183} INFO - Processing /home/airflow/.local/lib/python3.8/site-packages/airflow/example_dags/example_branch_labels.py took 0.125 seconds
[2025-07-11T09:29:58.612+0000] {processor.py:161} INFO - Started process (PID=278) to work on /home/airflow/.local/lib/python3.8/site-packages/airflow/example_dags/example_branch_labels.py
[2025-07-11T09:29:58.614+0000] {processor.py:830} INFO - Processing file /home/airflow/.local/lib/python3.8/site-packages/airflow/example_dags/example_branch_labels.py for tasks to queue
[2025-07-11T09:29:58.616+0000] {logging_mixin.py:188} INFO - [2025-07-11T09:29:58.616+0000] {dagbag.py:538} INFO - Filling up the DagBag from /home/airflow/.local/lib/python3.8/site-packages/airflow/example_dags/example_branch_labels.py
[2025-07-11T09:29:58.627+0000] {processor.py:840} INFO - DAG(s) 'example_branch_labels' retrieved from /home/airflow/.local/lib/python3.8/site-packages/airflow/example_dags/example_branch_labels.py
[2025-07-11T09:29:58.656+0000] {logging_mixin.py:188} INFO - [2025-07-11T09:29:58.656+0000] {dag.py:3036} INFO - Sync 1 DAGs
[2025-07-11T09:29:58.688+0000] {logging_mixin.py:188} INFO - [2025-07-11T09:29:58.687+0000] {dag.py:3823} INFO - Setting next_dagrun for example_branch_labels to 2025-07-10 00:00:00+00:00, run_after=2025-07-11 00:00:00+00:00
[2025-07-11T09:29:58.717+0000] {processor.py:183} INFO - Processing /home/airflow/.local/lib/python3.8/site-packages/airflow/example_dags/example_branch_labels.py took 0.109 seconds
[2025-07-11T09:30:29.502+0000] {processor.py:161} INFO - Started process (PID=333) to work on /home/airflow/.local/lib/python3.8/site-packages/airflow/example_dags/example_branch_labels.py
[2025-07-11T09:30:29.504+0000] {processor.py:830} INFO - Processing file /home/airflow/.local/lib/python3.8/site-packages/airflow/example_dags/example_branch_labels.py for tasks to queue
[2025-07-11T09:30:29.507+0000] {logging_mixin.py:188} INFO - [2025-07-11T09:30:29.507+0000] {dagbag.py:538} INFO - Filling up the DagBag from /home/airflow/.local/lib/python3.8/site-packages/airflow/example_dags/example_branch_labels.py
[2025-07-11T09:30:29.521+0000] {processor.py:840} INFO - DAG(s) 'example_branch_labels' retrieved from /home/airflow/.local/lib/python3.8/site-packages/airflow/example_dags/example_branch_labels.py
[2025-07-11T09:30:29.554+0000] {logging_mixin.py:188} INFO - [2025-07-11T09:30:29.553+0000] {dag.py:3036} INFO - Sync 1 DAGs
[2025-07-11T09:30:29.599+0000] {logging_mixin.py:188} INFO - [2025-07-11T09:30:29.599+0000] {dag.py:3823} INFO - Setting next_dagrun for example_branch_labels to 2025-07-10 00:00:00+00:00, run_after=2025-07-11 00:00:00+00:00
[2025-07-11T09:30:29.638+0000] {processor.py:183} INFO - Processing /home/airflow/.local/lib/python3.8/site-packages/airflow/example_dags/example_branch_labels.py took 0.141 seconds
[2025-07-11T09:31:00.126+0000] {processor.py:161} INFO - Started process (PID=388) to work on /home/airflow/.local/lib/python3.8/site-packages/airflow/example_dags/example_branch_labels.py
[2025-07-11T09:31:00.128+0000] {processor.py:830} INFO - Processing file /home/airflow/.local/lib/python3.8/site-packages/airflow/example_dags/example_branch_labels.py for tasks to queue
[2025-07-11T09:31:00.131+0000] {logging_mixin.py:188} INFO - [2025-07-11T09:31:00.131+0000] {dagbag.py:538} INFO - Filling up the DagBag from /home/airflow/.local/lib/python3.8/site-packages/airflow/example_dags/example_branch_labels.py
[2025-07-11T09:31:00.143+0000] {processor.py:840} INFO - DAG(s) 'example_branch_labels' retrieved from /home/airflow/.local/lib/python3.8/site-packages/airflow/example_dags/example_branch_labels.py
[2025-07-11T09:31:00.172+0000] {logging_mixin.py:188} INFO - [2025-07-11T09:31:00.171+0000] {dag.py:3036} INFO - Sync 1 DAGs
[2025-07-11T09:31:00.205+0000] {logging_mixin.py:188} INFO - [2025-07-11T09:31:00.204+0000] {dag.py:3823} INFO - Setting next_dagrun for example_branch_labels to 2025-07-10 00:00:00+00:00, run_after=2025-07-11 00:00:00+00:00
[2025-07-11T09:31:00.232+0000] {processor.py:183} INFO - Processing /home/airflow/.local/lib/python3.8/site-packages/airflow/example_dags/example_branch_labels.py took 0.112 seconds
[2025-07-11T09:31:30.506+0000] {processor.py:161} INFO - Started process (PID=443) to work on /home/airflow/.local/lib/python3.8/site-packages/airflow/example_dags/example_branch_labels.py
[2025-07-11T09:31:30.507+0000] {processor.py:830} INFO - Processing file /home/airflow/.local/lib/python3.8/site-packages/airflow/example_dags/example_branch_labels.py for tasks to queue
[2025-07-11T09:31:30.510+0000] {logging_mixin.py:188} INFO - [2025-07-11T09:31:30.509+0000] {dagbag.py:538} INFO - Filling up the DagBag from /home/airflow/.local/lib/python3.8/site-packages/airflow/example_dags/example_branch_labels.py
[2025-07-11T09:31:30.521+0000] {processor.py:840} INFO - DAG(s) 'example_branch_labels' retrieved from /home/airflow/.local/lib/python3.8/site-packages/airflow/example_dags/example_branch_labels.py
[2025-07-11T09:31:30.553+0000] {logging_mixin.py:188} INFO - [2025-07-11T09:31:30.552+0000] {dag.py:3036} INFO - Sync 1 DAGs
[2025-07-11T09:31:30.588+0000] {logging_mixin.py:188} INFO - [2025-07-11T09:31:30.587+0000] {dag.py:3823} INFO - Setting next_dagrun for example_branch_labels to 2025-07-10 00:00:00+00:00, run_after=2025-07-11 00:00:00+00:00
[2025-07-11T09:31:30.616+0000] {processor.py:183} INFO - Processing /home/airflow/.local/lib/python3.8/site-packages/airflow/example_dags/example_branch_labels.py took 0.114 seconds
[2025-07-11T09:32:00.660+0000] {processor.py:161} INFO - Started process (PID=498) to work on /home/airflow/.local/lib/python3.8/site-packages/airflow/example_dags/example_branch_labels.py
[2025-07-11T09:32:00.662+0000] {processor.py:830} INFO - Processing file /home/airflow/.local/lib/python3.8/site-packages/airflow/example_dags/example_branch_labels.py for tasks to queue
[2025-07-11T09:32:00.664+0000] {logging_mixin.py:188} INFO - [2025-07-11T09:32:00.664+0000] {dagbag.py:538} INFO - Filling up the DagBag from /home/airflow/.local/lib/python3.8/site-packages/airflow/example_dags/example_branch_labels.py
[2025-07-11T09:32:00.674+0000] {processor.py:840} INFO - DAG(s) 'example_branch_labels' retrieved from /home/airflow/.local/lib/python3.8/site-packages/airflow/example_dags/example_branch_labels.py
[2025-07-11T09:32:00.706+0000] {logging_mixin.py:188} INFO - [2025-07-11T09:32:00.705+0000] {dag.py:3036} INFO - Sync 1 DAGs
[2025-07-11T09:32:00.738+0000] {logging_mixin.py:188} INFO - [2025-07-11T09:32:00.738+0000] {dag.py:3823} INFO - Setting next_dagrun for example_branch_labels to 2025-07-10 00:00:00+00:00, run_after=2025-07-11 00:00:00+00:00
[2025-07-11T09:32:00.768+0000] {processor.py:183} INFO - Processing /home/airflow/.local/lib/python3.8/site-packages/airflow/example_dags/example_branch_labels.py took 0.112 seconds
[2025-07-11T09:32:31.119+0000] {processor.py:161} INFO - Started process (PID=553) to work on /home/airflow/.local/lib/python3.8/site-packages/airflow/example_dags/example_branch_labels.py
[2025-07-11T09:32:31.121+0000] {processor.py:830} INFO - Processing file /home/airflow/.local/lib/python3.8/site-packages/airflow/example_dags/example_branch_labels.py for tasks to queue
[2025-07-11T09:32:31.125+0000] {logging_mixin.py:188} INFO - [2025-07-11T09:32:31.124+0000] {dagbag.py:538} INFO - Filling up the DagBag from /home/airflow/.local/lib/python3.8/site-packages/airflow/example_dags/example_branch_labels.py
[2025-07-11T09:32:31.144+0000] {processor.py:840} INFO - DAG(s) 'example_branch_labels' retrieved from /home/airflow/.local/lib/python3.8/site-packages/airflow/example_dags/example_branch_labels.py
[2025-07-11T09:32:31.179+0000] {logging_mixin.py:188} INFO - [2025-07-11T09:32:31.179+0000] {dag.py:3036} INFO - Sync 1 DAGs
[2025-07-11T09:32:31.222+0000] {logging_mixin.py:188} INFO - [2025-07-11T09:32:31.222+0000] {dag.py:3823} INFO - Setting next_dagrun for example_branch_labels to 2025-07-10 00:00:00+00:00, run_after=2025-07-11 00:00:00+00:00
[2025-07-11T09:32:31.252+0000] {processor.py:183} INFO - Processing /home/airflow/.local/lib/python3.8/site-packages/airflow/example_dags/example_branch_labels.py took 0.138 seconds
[2025-07-11T09:33:01.588+0000] {processor.py:161} INFO - Started process (PID=608) to work on /home/airflow/.local/lib/python3.8/site-packages/airflow/example_dags/example_branch_labels.py
[2025-07-11T09:33:01.589+0000] {processor.py:830} INFO - Processing file /home/airflow/.local/lib/python3.8/site-packages/airflow/example_dags/example_branch_labels.py for tasks to queue
[2025-07-11T09:33:01.592+0000] {logging_mixin.py:188} INFO - [2025-07-11T09:33:01.591+0000] {dagbag.py:538} INFO - Filling up the DagBag from /home/airflow/.local/lib/python3.8/site-packages/airflow/example_dags/example_branch_labels.py
[2025-07-11T09:33:01.603+0000] {processor.py:840} INFO - DAG(s) 'example_branch_labels' retrieved from /home/airflow/.local/lib/python3.8/site-packages/airflow/example_dags/example_branch_labels.py
[2025-07-11T09:33:01.633+0000] {logging_mixin.py:188} INFO - [2025-07-11T09:33:01.633+0000] {dag.py:3036} INFO - Sync 1 DAGs
[2025-07-11T09:33:01.665+0000] {logging_mixin.py:188} INFO - [2025-07-11T09:33:01.665+0000] {dag.py:3823} INFO - Setting next_dagrun for example_branch_labels to 2025-07-10 00:00:00+00:00, run_after=2025-07-11 00:00:00+00:00
[2025-07-11T09:33:01.697+0000] {processor.py:183} INFO - Processing /home/airflow/.local/lib/python3.8/site-packages/airflow/example_dags/example_branch_labels.py took 0.114 seconds
[2025-07-11T09:33:31.901+0000] {processor.py:161} INFO - Started process (PID=663) to work on /home/airflow/.local/lib/python3.8/site-packages/airflow/example_dags/example_branch_labels.py
[2025-07-11T09:33:31.903+0000] {processor.py:830} INFO - Processing file /home/airflow/.local/lib/python3.8/site-packages/airflow/example_dags/example_branch_labels.py for tasks to queue
[2025-07-11T09:33:31.906+0000] {logging_mixin.py:188} INFO - [2025-07-11T09:33:31.905+0000] {dagbag.py:538} INFO - Filling up the DagBag from /home/airflow/.local/lib/python3.8/site-packages/airflow/example_dags/example_branch_labels.py
[2025-07-11T09:33:31.918+0000] {processor.py:840} INFO - DAG(s) 'example_branch_labels' retrieved from /home/airflow/.local/lib/python3.8/site-packages/airflow/example_dags/example_branch_labels.py
[2025-07-11T09:33:31.952+0000] {logging_mixin.py:188} INFO - [2025-07-11T09:33:31.951+0000] {dag.py:3036} INFO - Sync 1 DAGs
[2025-07-11T09:33:31.987+0000] {logging_mixin.py:188} INFO - [2025-07-11T09:33:31.986+0000] {dag.py:3823} INFO - Setting next_dagrun for example_branch_labels to 2025-07-10 00:00:00+00:00, run_after=2025-07-11 00:00:00+00:00
[2025-07-11T09:33:32.033+0000] {processor.py:183} INFO - Processing /home/airflow/.local/lib/python3.8/site-packages/airflow/example_dags/example_branch_labels.py took 0.137 seconds
[2025-07-11T09:34:49.513+0000] {processor.py:161} INFO - Started process (PID=114) to work on /home/airflow/.local/lib/python3.8/site-packages/airflow/example_dags/example_branch_labels.py
[2025-07-11T09:34:49.514+0000] {processor.py:830} INFO - Processing file /home/airflow/.local/lib/python3.8/site-packages/airflow/example_dags/example_branch_labels.py for tasks to queue
[2025-07-11T09:34:49.517+0000] {logging_mixin.py:188} INFO - [2025-07-11T09:34:49.516+0000] {dagbag.py:538} INFO - Filling up the DagBag from /home/airflow/.local/lib/python3.8/site-packages/airflow/example_dags/example_branch_labels.py
[2025-07-11T09:34:49.528+0000] {processor.py:840} INFO - DAG(s) 'example_branch_labels' retrieved from /home/airflow/.local/lib/python3.8/site-packages/airflow/example_dags/example_branch_labels.py
[2025-07-11T09:34:49.673+0000] {logging_mixin.py:188} INFO - [2025-07-11T09:34:49.671+0000] {override.py:1769} INFO - Created Permission View: can edit on DAG:example_branch_labels
[2025-07-11T09:34:49.690+0000] {logging_mixin.py:188} INFO - [2025-07-11T09:34:49.690+0000] {override.py:1769} INFO - Created Permission View: can delete on DAG:example_branch_labels
[2025-07-11T09:34:49.704+0000] {logging_mixin.py:188} INFO - [2025-07-11T09:34:49.703+0000] {override.py:1769} INFO - Created Permission View: can read on DAG:example_branch_labels
[2025-07-11T09:34:49.704+0000] {logging_mixin.py:188} INFO - [2025-07-11T09:34:49.704+0000] {dag.py:3036} INFO - Sync 1 DAGs
[2025-07-11T09:34:49.720+0000] {logging_mixin.py:188} INFO - [2025-07-11T09:34:49.719+0000] {dag.py:3058} INFO - Creating ORM DAG for example_branch_labels
[2025-07-11T09:34:49.738+0000] {logging_mixin.py:188} INFO - [2025-07-11T09:34:49.737+0000] {dag.py:3823} INFO - Setting next_dagrun for example_branch_labels to 2025-07-10 00:00:00+00:00, run_after=2025-07-11 00:00:00+00:00
[2025-07-11T09:34:49.763+0000] {processor.py:183} INFO - Processing /home/airflow/.local/lib/python3.8/site-packages/airflow/example_dags/example_branch_labels.py took 0.254 seconds
[2025-07-11T09:35:20.078+0000] {processor.py:161} INFO - Started process (PID=169) to work on /home/airflow/.local/lib/python3.8/site-packages/airflow/example_dags/example_branch_labels.py
[2025-07-11T09:35:20.080+0000] {processor.py:830} INFO - Processing file /home/airflow/.local/lib/python3.8/site-packages/airflow/example_dags/example_branch_labels.py for tasks to queue
[2025-07-11T09:35:20.083+0000] {logging_mixin.py:188} INFO - [2025-07-11T09:35:20.082+0000] {dagbag.py:538} INFO - Filling up the DagBag from /home/airflow/.local/lib/python3.8/site-packages/airflow/example_dags/example_branch_labels.py
[2025-07-11T09:35:20.095+0000] {processor.py:840} INFO - DAG(s) 'example_branch_labels' retrieved from /home/airflow/.local/lib/python3.8/site-packages/airflow/example_dags/example_branch_labels.py
[2025-07-11T09:35:20.131+0000] {logging_mixin.py:188} INFO - [2025-07-11T09:35:20.131+0000] {dag.py:3036} INFO - Sync 1 DAGs
[2025-07-11T09:35:20.175+0000] {logging_mixin.py:188} INFO - [2025-07-11T09:35:20.174+0000] {dag.py:3823} INFO - Setting next_dagrun for example_branch_labels to 2025-07-10 00:00:00+00:00, run_after=2025-07-11 00:00:00+00:00
[2025-07-11T09:35:20.223+0000] {processor.py:183} INFO - Processing /home/airflow/.local/lib/python3.8/site-packages/airflow/example_dags/example_branch_labels.py took 0.149 seconds
[2025-07-11T09:35:50.302+0000] {processor.py:161} INFO - Started process (PID=224) to work on /home/airflow/.local/lib/python3.8/site-packages/airflow/example_dags/example_branch_labels.py
[2025-07-11T09:35:50.303+0000] {processor.py:830} INFO - Processing file /home/airflow/.local/lib/python3.8/site-packages/airflow/example_dags/example_branch_labels.py for tasks to queue
[2025-07-11T09:35:50.306+0000] {logging_mixin.py:188} INFO - [2025-07-11T09:35:50.305+0000] {dagbag.py:538} INFO - Filling up the DagBag from /home/airflow/.local/lib/python3.8/site-packages/airflow/example_dags/example_branch_labels.py
[2025-07-11T09:35:50.317+0000] {processor.py:840} INFO - DAG(s) 'example_branch_labels' retrieved from /home/airflow/.local/lib/python3.8/site-packages/airflow/example_dags/example_branch_labels.py
[2025-07-11T09:35:50.347+0000] {logging_mixin.py:188} INFO - [2025-07-11T09:35:50.347+0000] {dag.py:3036} INFO - Sync 1 DAGs
[2025-07-11T09:35:50.386+0000] {logging_mixin.py:188} INFO - [2025-07-11T09:35:50.386+0000] {dag.py:3823} INFO - Setting next_dagrun for example_branch_labels to 2025-07-10 00:00:00+00:00, run_after=2025-07-11 00:00:00+00:00
[2025-07-11T09:35:50.415+0000] {processor.py:183} INFO - Processing /home/airflow/.local/lib/python3.8/site-packages/airflow/example_dags/example_branch_labels.py took 0.118 seconds
[2025-07-11T09:36:20.584+0000] {processor.py:161} INFO - Started process (PID=279) to work on /home/airflow/.local/lib/python3.8/site-packages/airflow/example_dags/example_branch_labels.py
[2025-07-11T09:36:20.585+0000] {processor.py:830} INFO - Processing file /home/airflow/.local/lib/python3.8/site-packages/airflow/example_dags/example_branch_labels.py for tasks to queue
[2025-07-11T09:36:20.588+0000] {logging_mixin.py:188} INFO - [2025-07-11T09:36:20.587+0000] {dagbag.py:538} INFO - Filling up the DagBag from /home/airflow/.local/lib/python3.8/site-packages/airflow/example_dags/example_branch_labels.py
[2025-07-11T09:36:20.598+0000] {processor.py:840} INFO - DAG(s) 'example_branch_labels' retrieved from /home/airflow/.local/lib/python3.8/site-packages/airflow/example_dags/example_branch_labels.py
[2025-07-11T09:36:20.626+0000] {logging_mixin.py:188} INFO - [2025-07-11T09:36:20.625+0000] {dag.py:3036} INFO - Sync 1 DAGs
[2025-07-11T09:36:20.657+0000] {logging_mixin.py:188} INFO - [2025-07-11T09:36:20.657+0000] {dag.py:3823} INFO - Setting next_dagrun for example_branch_labels to 2025-07-10 00:00:00+00:00, run_after=2025-07-11 00:00:00+00:00
[2025-07-11T09:36:20.685+0000] {processor.py:183} INFO - Processing /home/airflow/.local/lib/python3.8/site-packages/airflow/example_dags/example_branch_labels.py took 0.105 seconds
[2025-07-11T09:36:50.900+0000] {processor.py:161} INFO - Started process (PID=334) to work on /home/airflow/.local/lib/python3.8/site-packages/airflow/example_dags/example_branch_labels.py
[2025-07-11T09:36:50.902+0000] {processor.py:830} INFO - Processing file /home/airflow/.local/lib/python3.8/site-packages/airflow/example_dags/example_branch_labels.py for tasks to queue
[2025-07-11T09:36:50.904+0000] {logging_mixin.py:188} INFO - [2025-07-11T09:36:50.904+0000] {dagbag.py:538} INFO - Filling up the DagBag from /home/airflow/.local/lib/python3.8/site-packages/airflow/example_dags/example_branch_labels.py
[2025-07-11T09:36:50.914+0000] {processor.py:840} INFO - DAG(s) 'example_branch_labels' retrieved from /home/airflow/.local/lib/python3.8/site-packages/airflow/example_dags/example_branch_labels.py
[2025-07-11T09:36:50.942+0000] {logging_mixin.py:188} INFO - [2025-07-11T09:36:50.942+0000] {dag.py:3036} INFO - Sync 1 DAGs
[2025-07-11T09:36:50.977+0000] {logging_mixin.py:188} INFO - [2025-07-11T09:36:50.977+0000] {dag.py:3823} INFO - Setting next_dagrun for example_branch_labels to 2025-07-10 00:00:00+00:00, run_after=2025-07-11 00:00:00+00:00
[2025-07-11T09:36:51.012+0000] {processor.py:183} INFO - Processing /home/airflow/.local/lib/python3.8/site-packages/airflow/example_dags/example_branch_labels.py took 0.115 seconds
[2025-07-11T09:37:21.516+0000] {processor.py:161} INFO - Started process (PID=389) to work on /home/airflow/.local/lib/python3.8/site-packages/airflow/example_dags/example_branch_labels.py
[2025-07-11T09:37:21.518+0000] {processor.py:830} INFO - Processing file /home/airflow/.local/lib/python3.8/site-packages/airflow/example_dags/example_branch_labels.py for tasks to queue
[2025-07-11T09:37:21.521+0000] {logging_mixin.py:188} INFO - [2025-07-11T09:37:21.520+0000] {dagbag.py:538} INFO - Filling up the DagBag from /home/airflow/.local/lib/python3.8/site-packages/airflow/example_dags/example_branch_labels.py
[2025-07-11T09:37:21.533+0000] {processor.py:840} INFO - DAG(s) 'example_branch_labels' retrieved from /home/airflow/.local/lib/python3.8/site-packages/airflow/example_dags/example_branch_labels.py
[2025-07-11T09:37:21.568+0000] {logging_mixin.py:188} INFO - [2025-07-11T09:37:21.567+0000] {dag.py:3036} INFO - Sync 1 DAGs
[2025-07-11T09:37:21.611+0000] {logging_mixin.py:188} INFO - [2025-07-11T09:37:21.611+0000] {dag.py:3823} INFO - Setting next_dagrun for example_branch_labels to 2025-07-10 00:00:00+00:00, run_after=2025-07-11 00:00:00+00:00
[2025-07-11T09:37:21.651+0000] {processor.py:183} INFO - Processing /home/airflow/.local/lib/python3.8/site-packages/airflow/example_dags/example_branch_labels.py took 0.141 seconds
[2025-07-11T09:37:52.414+0000] {processor.py:161} INFO - Started process (PID=444) to work on /home/airflow/.local/lib/python3.8/site-packages/airflow/example_dags/example_branch_labels.py
[2025-07-11T09:37:52.416+0000] {processor.py:830} INFO - Processing file /home/airflow/.local/lib/python3.8/site-packages/airflow/example_dags/example_branch_labels.py for tasks to queue
[2025-07-11T09:37:52.418+0000] {logging_mixin.py:188} INFO - [2025-07-11T09:37:52.417+0000] {dagbag.py:538} INFO - Filling up the DagBag from /home/airflow/.local/lib/python3.8/site-packages/airflow/example_dags/example_branch_labels.py
[2025-07-11T09:37:52.429+0000] {processor.py:840} INFO - DAG(s) 'example_branch_labels' retrieved from /home/airflow/.local/lib/python3.8/site-packages/airflow/example_dags/example_branch_labels.py
[2025-07-11T09:37:52.459+0000] {logging_mixin.py:188} INFO - [2025-07-11T09:37:52.458+0000] {dag.py:3036} INFO - Sync 1 DAGs
[2025-07-11T09:37:52.499+0000] {logging_mixin.py:188} INFO - [2025-07-11T09:37:52.499+0000] {dag.py:3823} INFO - Setting next_dagrun for example_branch_labels to 2025-07-10 00:00:00+00:00, run_after=2025-07-11 00:00:00+00:00
[2025-07-11T09:37:52.529+0000] {processor.py:183} INFO - Processing /home/airflow/.local/lib/python3.8/site-packages/airflow/example_dags/example_branch_labels.py took 0.119 seconds
[2025-07-11T09:38:22.892+0000] {processor.py:161} INFO - Started process (PID=499) to work on /home/airflow/.local/lib/python3.8/site-packages/airflow/example_dags/example_branch_labels.py
[2025-07-11T09:38:22.895+0000] {processor.py:830} INFO - Processing file /home/airflow/.local/lib/python3.8/site-packages/airflow/example_dags/example_branch_labels.py for tasks to queue
[2025-07-11T09:38:22.899+0000] {logging_mixin.py:188} INFO - [2025-07-11T09:38:22.898+0000] {dagbag.py:538} INFO - Filling up the DagBag from /home/airflow/.local/lib/python3.8/site-packages/airflow/example_dags/example_branch_labels.py
[2025-07-11T09:38:22.913+0000] {processor.py:840} INFO - DAG(s) 'example_branch_labels' retrieved from /home/airflow/.local/lib/python3.8/site-packages/airflow/example_dags/example_branch_labels.py
[2025-07-11T09:38:22.952+0000] {logging_mixin.py:188} INFO - [2025-07-11T09:38:22.952+0000] {dag.py:3036} INFO - Sync 1 DAGs
[2025-07-11T09:38:22.999+0000] {logging_mixin.py:188} INFO - [2025-07-11T09:38:22.998+0000] {dag.py:3823} INFO - Setting next_dagrun for example_branch_labels to 2025-07-10 00:00:00+00:00, run_after=2025-07-11 00:00:00+00:00
[2025-07-11T09:38:23.036+0000] {processor.py:183} INFO - Processing /home/airflow/.local/lib/python3.8/site-packages/airflow/example_dags/example_branch_labels.py took 0.150 seconds
[2025-07-11T09:38:53.422+0000] {processor.py:161} INFO - Started process (PID=554) to work on /home/airflow/.local/lib/python3.8/site-packages/airflow/example_dags/example_branch_labels.py
[2025-07-11T09:38:53.424+0000] {processor.py:830} INFO - Processing file /home/airflow/.local/lib/python3.8/site-packages/airflow/example_dags/example_branch_labels.py for tasks to queue
[2025-07-11T09:38:53.427+0000] {logging_mixin.py:188} INFO - [2025-07-11T09:38:53.426+0000] {dagbag.py:538} INFO - Filling up the DagBag from /home/airflow/.local/lib/python3.8/site-packages/airflow/example_dags/example_branch_labels.py
[2025-07-11T09:38:53.438+0000] {processor.py:840} INFO - DAG(s) 'example_branch_labels' retrieved from /home/airflow/.local/lib/python3.8/site-packages/airflow/example_dags/example_branch_labels.py
[2025-07-11T09:38:53.468+0000] {logging_mixin.py:188} INFO - [2025-07-11T09:38:53.467+0000] {dag.py:3036} INFO - Sync 1 DAGs
[2025-07-11T09:38:53.500+0000] {logging_mixin.py:188} INFO - [2025-07-11T09:38:53.499+0000] {dag.py:3823} INFO - Setting next_dagrun for example_branch_labels to 2025-07-10 00:00:00+00:00, run_after=2025-07-11 00:00:00+00:00
[2025-07-11T09:38:53.533+0000] {processor.py:183} INFO - Processing /home/airflow/.local/lib/python3.8/site-packages/airflow/example_dags/example_branch_labels.py took 0.115 seconds
[2025-07-11T09:39:23.715+0000] {processor.py:161} INFO - Started process (PID=610) to work on /home/airflow/.local/lib/python3.8/site-packages/airflow/example_dags/example_branch_labels.py
[2025-07-11T09:39:23.716+0000] {processor.py:830} INFO - Processing file /home/airflow/.local/lib/python3.8/site-packages/airflow/example_dags/example_branch_labels.py for tasks to queue
[2025-07-11T09:39:23.719+0000] {logging_mixin.py:188} INFO - [2025-07-11T09:39:23.718+0000] {dagbag.py:538} INFO - Filling up the DagBag from /home/airflow/.local/lib/python3.8/site-packages/airflow/example_dags/example_branch_labels.py
[2025-07-11T09:39:23.731+0000] {processor.py:840} INFO - DAG(s) 'example_branch_labels' retrieved from /home/airflow/.local/lib/python3.8/site-packages/airflow/example_dags/example_branch_labels.py
[2025-07-11T09:39:23.761+0000] {logging_mixin.py:188} INFO - [2025-07-11T09:39:23.760+0000] {dag.py:3036} INFO - Sync 1 DAGs
[2025-07-11T09:39:23.797+0000] {logging_mixin.py:188} INFO - [2025-07-11T09:39:23.797+0000] {dag.py:3823} INFO - Setting next_dagrun for example_branch_labels to 2025-07-10 00:00:00+00:00, run_after=2025-07-11 00:00:00+00:00
[2025-07-11T09:39:23.828+0000] {processor.py:183} INFO - Processing /home/airflow/.local/lib/python3.8/site-packages/airflow/example_dags/example_branch_labels.py took 0.119 seconds
[2025-07-11T09:39:54.158+0000] {processor.py:161} INFO - Started process (PID=665) to work on /home/airflow/.local/lib/python3.8/site-packages/airflow/example_dags/example_branch_labels.py
[2025-07-11T09:39:54.160+0000] {processor.py:830} INFO - Processing file /home/airflow/.local/lib/python3.8/site-packages/airflow/example_dags/example_branch_labels.py for tasks to queue
[2025-07-11T09:39:54.163+0000] {logging_mixin.py:188} INFO - [2025-07-11T09:39:54.162+0000] {dagbag.py:538} INFO - Filling up the DagBag from /home/airflow/.local/lib/python3.8/site-packages/airflow/example_dags/example_branch_labels.py
[2025-07-11T09:39:54.174+0000] {processor.py:840} INFO - DAG(s) 'example_branch_labels' retrieved from /home/airflow/.local/lib/python3.8/site-packages/airflow/example_dags/example_branch_labels.py
[2025-07-11T09:39:54.204+0000] {logging_mixin.py:188} INFO - [2025-07-11T09:39:54.203+0000] {dag.py:3036} INFO - Sync 1 DAGs
[2025-07-11T09:39:54.239+0000] {logging_mixin.py:188} INFO - [2025-07-11T09:39:54.239+0000] {dag.py:3823} INFO - Setting next_dagrun for example_branch_labels to 2025-07-10 00:00:00+00:00, run_after=2025-07-11 00:00:00+00:00
[2025-07-11T09:39:54.272+0000] {processor.py:183} INFO - Processing /home/airflow/.local/lib/python3.8/site-packages/airflow/example_dags/example_branch_labels.py took 0.118 seconds
[2025-07-11T09:40:24.574+0000] {processor.py:161} INFO - Started process (PID=720) to work on /home/airflow/.local/lib/python3.8/site-packages/airflow/example_dags/example_branch_labels.py
[2025-07-11T09:40:24.575+0000] {processor.py:830} INFO - Processing file /home/airflow/.local/lib/python3.8/site-packages/airflow/example_dags/example_branch_labels.py for tasks to queue
[2025-07-11T09:40:24.578+0000] {logging_mixin.py:188} INFO - [2025-07-11T09:40:24.577+0000] {dagbag.py:538} INFO - Filling up the DagBag from /home/airflow/.local/lib/python3.8/site-packages/airflow/example_dags/example_branch_labels.py
[2025-07-11T09:40:24.589+0000] {processor.py:840} INFO - DAG(s) 'example_branch_labels' retrieved from /home/airflow/.local/lib/python3.8/site-packages/airflow/example_dags/example_branch_labels.py
[2025-07-11T09:40:24.621+0000] {logging_mixin.py:188} INFO - [2025-07-11T09:40:24.621+0000] {dag.py:3036} INFO - Sync 1 DAGs
[2025-07-11T09:40:24.656+0000] {logging_mixin.py:188} INFO - [2025-07-11T09:40:24.656+0000] {dag.py:3823} INFO - Setting next_dagrun for example_branch_labels to 2025-07-10 00:00:00+00:00, run_after=2025-07-11 00:00:00+00:00
[2025-07-11T09:40:24.687+0000] {processor.py:183} INFO - Processing /home/airflow/.local/lib/python3.8/site-packages/airflow/example_dags/example_branch_labels.py took 0.118 seconds
[2025-07-11T09:40:54.984+0000] {processor.py:161} INFO - Started process (PID=775) to work on /home/airflow/.local/lib/python3.8/site-packages/airflow/example_dags/example_branch_labels.py
[2025-07-11T09:40:54.986+0000] {processor.py:830} INFO - Processing file /home/airflow/.local/lib/python3.8/site-packages/airflow/example_dags/example_branch_labels.py for tasks to queue
[2025-07-11T09:40:54.988+0000] {logging_mixin.py:188} INFO - [2025-07-11T09:40:54.988+0000] {dagbag.py:538} INFO - Filling up the DagBag from /home/airflow/.local/lib/python3.8/site-packages/airflow/example_dags/example_branch_labels.py
[2025-07-11T09:40:55.000+0000] {processor.py:840} INFO - DAG(s) 'example_branch_labels' retrieved from /home/airflow/.local/lib/python3.8/site-packages/airflow/example_dags/example_branch_labels.py
[2025-07-11T09:40:55.031+0000] {logging_mixin.py:188} INFO - [2025-07-11T09:40:55.030+0000] {dag.py:3036} INFO - Sync 1 DAGs
[2025-07-11T09:40:55.067+0000] {logging_mixin.py:188} INFO - [2025-07-11T09:40:55.066+0000] {dag.py:3823} INFO - Setting next_dagrun for example_branch_labels to 2025-07-10 00:00:00+00:00, run_after=2025-07-11 00:00:00+00:00
[2025-07-11T09:40:55.098+0000] {processor.py:183} INFO - Processing /home/airflow/.local/lib/python3.8/site-packages/airflow/example_dags/example_branch_labels.py took 0.119 seconds
[2025-07-11T09:41:25.405+0000] {processor.py:161} INFO - Started process (PID=830) to work on /home/airflow/.local/lib/python3.8/site-packages/airflow/example_dags/example_branch_labels.py
[2025-07-11T09:41:25.407+0000] {processor.py:830} INFO - Processing file /home/airflow/.local/lib/python3.8/site-packages/airflow/example_dags/example_branch_labels.py for tasks to queue
[2025-07-11T09:41:25.409+0000] {logging_mixin.py:188} INFO - [2025-07-11T09:41:25.409+0000] {dagbag.py:538} INFO - Filling up the DagBag from /home/airflow/.local/lib/python3.8/site-packages/airflow/example_dags/example_branch_labels.py
[2025-07-11T09:41:25.421+0000] {processor.py:840} INFO - DAG(s) 'example_branch_labels' retrieved from /home/airflow/.local/lib/python3.8/site-packages/airflow/example_dags/example_branch_labels.py
[2025-07-11T09:41:25.450+0000] {logging_mixin.py:188} INFO - [2025-07-11T09:41:25.450+0000] {dag.py:3036} INFO - Sync 1 DAGs
[2025-07-11T09:41:25.483+0000] {logging_mixin.py:188} INFO - [2025-07-11T09:41:25.483+0000] {dag.py:3823} INFO - Setting next_dagrun for example_branch_labels to 2025-07-10 00:00:00+00:00, run_after=2025-07-11 00:00:00+00:00
[2025-07-11T09:41:25.514+0000] {processor.py:183} INFO - Processing /home/airflow/.local/lib/python3.8/site-packages/airflow/example_dags/example_branch_labels.py took 0.113 seconds
[2025-07-11T09:41:55.782+0000] {processor.py:161} INFO - Started process (PID=885) to work on /home/airflow/.local/lib/python3.8/site-packages/airflow/example_dags/example_branch_labels.py
[2025-07-11T09:41:55.785+0000] {processor.py:830} INFO - Processing file /home/airflow/.local/lib/python3.8/site-packages/airflow/example_dags/example_branch_labels.py for tasks to queue
[2025-07-11T09:41:55.788+0000] {logging_mixin.py:188} INFO - [2025-07-11T09:41:55.787+0000] {dagbag.py:538} INFO - Filling up the DagBag from /home/airflow/.local/lib/python3.8/site-packages/airflow/example_dags/example_branch_labels.py
[2025-07-11T09:41:55.800+0000] {processor.py:840} INFO - DAG(s) 'example_branch_labels' retrieved from /home/airflow/.local/lib/python3.8/site-packages/airflow/example_dags/example_branch_labels.py
[2025-07-11T09:41:55.828+0000] {logging_mixin.py:188} INFO - [2025-07-11T09:41:55.827+0000] {dag.py:3036} INFO - Sync 1 DAGs
[2025-07-11T09:41:55.859+0000] {logging_mixin.py:188} INFO - [2025-07-11T09:41:55.858+0000] {dag.py:3823} INFO - Setting next_dagrun for example_branch_labels to 2025-07-10 00:00:00+00:00, run_after=2025-07-11 00:00:00+00:00
[2025-07-11T09:41:55.889+0000] {processor.py:183} INFO - Processing /home/airflow/.local/lib/python3.8/site-packages/airflow/example_dags/example_branch_labels.py took 0.113 seconds
[2025-07-11T09:42:26.150+0000] {processor.py:161} INFO - Started process (PID=940) to work on /home/airflow/.local/lib/python3.8/site-packages/airflow/example_dags/example_branch_labels.py
[2025-07-11T09:42:26.152+0000] {processor.py:830} INFO - Processing file /home/airflow/.local/lib/python3.8/site-packages/airflow/example_dags/example_branch_labels.py for tasks to queue
[2025-07-11T09:42:26.156+0000] {logging_mixin.py:188} INFO - [2025-07-11T09:42:26.155+0000] {dagbag.py:538} INFO - Filling up the DagBag from /home/airflow/.local/lib/python3.8/site-packages/airflow/example_dags/example_branch_labels.py
[2025-07-11T09:42:26.170+0000] {processor.py:840} INFO - DAG(s) 'example_branch_labels' retrieved from /home/airflow/.local/lib/python3.8/site-packages/airflow/example_dags/example_branch_labels.py
[2025-07-11T09:42:26.203+0000] {logging_mixin.py:188} INFO - [2025-07-11T09:42:26.202+0000] {dag.py:3036} INFO - Sync 1 DAGs
[2025-07-11T09:42:26.239+0000] {logging_mixin.py:188} INFO - [2025-07-11T09:42:26.239+0000] {dag.py:3823} INFO - Setting next_dagrun for example_branch_labels to 2025-07-10 00:00:00+00:00, run_after=2025-07-11 00:00:00+00:00
[2025-07-11T09:42:26.269+0000] {processor.py:183} INFO - Processing /home/airflow/.local/lib/python3.8/site-packages/airflow/example_dags/example_branch_labels.py took 0.124 seconds
[2025-07-11T09:42:56.582+0000] {processor.py:161} INFO - Started process (PID=995) to work on /home/airflow/.local/lib/python3.8/site-packages/airflow/example_dags/example_branch_labels.py
[2025-07-11T09:42:56.586+0000] {processor.py:830} INFO - Processing file /home/airflow/.local/lib/python3.8/site-packages/airflow/example_dags/example_branch_labels.py for tasks to queue
[2025-07-11T09:42:56.590+0000] {logging_mixin.py:188} INFO - [2025-07-11T09:42:56.589+0000] {dagbag.py:538} INFO - Filling up the DagBag from /home/airflow/.local/lib/python3.8/site-packages/airflow/example_dags/example_branch_labels.py
[2025-07-11T09:42:56.609+0000] {processor.py:840} INFO - DAG(s) 'example_branch_labels' retrieved from /home/airflow/.local/lib/python3.8/site-packages/airflow/example_dags/example_branch_labels.py
[2025-07-11T09:42:56.655+0000] {logging_mixin.py:188} INFO - [2025-07-11T09:42:56.655+0000] {dag.py:3036} INFO - Sync 1 DAGs
[2025-07-11T09:42:56.701+0000] {logging_mixin.py:188} INFO - [2025-07-11T09:42:56.700+0000] {dag.py:3823} INFO - Setting next_dagrun for example_branch_labels to 2025-07-10 00:00:00+00:00, run_after=2025-07-11 00:00:00+00:00
[2025-07-11T09:42:56.736+0000] {processor.py:183} INFO - Processing /home/airflow/.local/lib/python3.8/site-packages/airflow/example_dags/example_branch_labels.py took 0.160 seconds
[2025-07-11T09:43:27.005+0000] {processor.py:161} INFO - Started process (PID=1050) to work on /home/airflow/.local/lib/python3.8/site-packages/airflow/example_dags/example_branch_labels.py
[2025-07-11T09:43:27.007+0000] {processor.py:830} INFO - Processing file /home/airflow/.local/lib/python3.8/site-packages/airflow/example_dags/example_branch_labels.py for tasks to queue
[2025-07-11T09:43:27.010+0000] {logging_mixin.py:188} INFO - [2025-07-11T09:43:27.009+0000] {dagbag.py:538} INFO - Filling up the DagBag from /home/airflow/.local/lib/python3.8/site-packages/airflow/example_dags/example_branch_labels.py
[2025-07-11T09:43:27.023+0000] {processor.py:840} INFO - DAG(s) 'example_branch_labels' retrieved from /home/airflow/.local/lib/python3.8/site-packages/airflow/example_dags/example_branch_labels.py
[2025-07-11T09:43:27.053+0000] {logging_mixin.py:188} INFO - [2025-07-11T09:43:27.052+0000] {dag.py:3036} INFO - Sync 1 DAGs
[2025-07-11T09:43:27.083+0000] {logging_mixin.py:188} INFO - [2025-07-11T09:43:27.083+0000] {dag.py:3823} INFO - Setting next_dagrun for example_branch_labels to 2025-07-10 00:00:00+00:00, run_after=2025-07-11 00:00:00+00:00
[2025-07-11T09:43:27.111+0000] {processor.py:183} INFO - Processing /home/airflow/.local/lib/python3.8/site-packages/airflow/example_dags/example_branch_labels.py took 0.111 seconds
[2025-07-11T09:43:57.295+0000] {processor.py:161} INFO - Started process (PID=1105) to work on /home/airflow/.local/lib/python3.8/site-packages/airflow/example_dags/example_branch_labels.py
[2025-07-11T09:43:57.297+0000] {processor.py:830} INFO - Processing file /home/airflow/.local/lib/python3.8/site-packages/airflow/example_dags/example_branch_labels.py for tasks to queue
[2025-07-11T09:43:57.300+0000] {logging_mixin.py:188} INFO - [2025-07-11T09:43:57.299+0000] {dagbag.py:538} INFO - Filling up the DagBag from /home/airflow/.local/lib/python3.8/site-packages/airflow/example_dags/example_branch_labels.py
[2025-07-11T09:43:57.311+0000] {processor.py:840} INFO - DAG(s) 'example_branch_labels' retrieved from /home/airflow/.local/lib/python3.8/site-packages/airflow/example_dags/example_branch_labels.py
[2025-07-11T09:43:57.344+0000] {logging_mixin.py:188} INFO - [2025-07-11T09:43:57.343+0000] {dag.py:3036} INFO - Sync 1 DAGs
[2025-07-11T09:43:57.384+0000] {logging_mixin.py:188} INFO - [2025-07-11T09:43:57.383+0000] {dag.py:3823} INFO - Setting next_dagrun for example_branch_labels to 2025-07-10 00:00:00+00:00, run_after=2025-07-11 00:00:00+00:00
[2025-07-11T09:43:57.418+0000] {processor.py:183} INFO - Processing /home/airflow/.local/lib/python3.8/site-packages/airflow/example_dags/example_branch_labels.py took 0.127 seconds
[2025-07-11T09:44:27.768+0000] {processor.py:161} INFO - Started process (PID=1161) to work on /home/airflow/.local/lib/python3.8/site-packages/airflow/example_dags/example_branch_labels.py
[2025-07-11T09:44:27.771+0000] {processor.py:830} INFO - Processing file /home/airflow/.local/lib/python3.8/site-packages/airflow/example_dags/example_branch_labels.py for tasks to queue
[2025-07-11T09:44:27.774+0000] {logging_mixin.py:188} INFO - [2025-07-11T09:44:27.773+0000] {dagbag.py:538} INFO - Filling up the DagBag from /home/airflow/.local/lib/python3.8/site-packages/airflow/example_dags/example_branch_labels.py
[2025-07-11T09:44:27.789+0000] {processor.py:840} INFO - DAG(s) 'example_branch_labels' retrieved from /home/airflow/.local/lib/python3.8/site-packages/airflow/example_dags/example_branch_labels.py
[2025-07-11T09:44:27.822+0000] {logging_mixin.py:188} INFO - [2025-07-11T09:44:27.821+0000] {dag.py:3036} INFO - Sync 1 DAGs
[2025-07-11T09:44:27.863+0000] {logging_mixin.py:188} INFO - [2025-07-11T09:44:27.862+0000] {dag.py:3823} INFO - Setting next_dagrun for example_branch_labels to 2025-07-10 00:00:00+00:00, run_after=2025-07-11 00:00:00+00:00
[2025-07-11T09:44:27.897+0000] {processor.py:183} INFO - Processing /home/airflow/.local/lib/python3.8/site-packages/airflow/example_dags/example_branch_labels.py took 0.134 seconds
[2025-07-11T09:44:58.301+0000] {processor.py:161} INFO - Started process (PID=1216) to work on /home/airflow/.local/lib/python3.8/site-packages/airflow/example_dags/example_branch_labels.py
[2025-07-11T09:44:58.303+0000] {processor.py:830} INFO - Processing file /home/airflow/.local/lib/python3.8/site-packages/airflow/example_dags/example_branch_labels.py for tasks to queue
[2025-07-11T09:44:58.306+0000] {logging_mixin.py:188} INFO - [2025-07-11T09:44:58.305+0000] {dagbag.py:538} INFO - Filling up the DagBag from /home/airflow/.local/lib/python3.8/site-packages/airflow/example_dags/example_branch_labels.py
[2025-07-11T09:44:58.317+0000] {processor.py:840} INFO - DAG(s) 'example_branch_labels' retrieved from /home/airflow/.local/lib/python3.8/site-packages/airflow/example_dags/example_branch_labels.py
[2025-07-11T09:44:58.347+0000] {logging_mixin.py:188} INFO - [2025-07-11T09:44:58.347+0000] {dag.py:3036} INFO - Sync 1 DAGs
[2025-07-11T09:44:58.384+0000] {logging_mixin.py:188} INFO - [2025-07-11T09:44:58.384+0000] {dag.py:3823} INFO - Setting next_dagrun for example_branch_labels to 2025-07-10 00:00:00+00:00, run_after=2025-07-11 00:00:00+00:00
[2025-07-11T09:44:58.416+0000] {processor.py:183} INFO - Processing /home/airflow/.local/lib/python3.8/site-packages/airflow/example_dags/example_branch_labels.py took 0.120 seconds
[2025-07-11T09:45:28.694+0000] {processor.py:161} INFO - Started process (PID=1271) to work on /home/airflow/.local/lib/python3.8/site-packages/airflow/example_dags/example_branch_labels.py
[2025-07-11T09:45:28.696+0000] {processor.py:830} INFO - Processing file /home/airflow/.local/lib/python3.8/site-packages/airflow/example_dags/example_branch_labels.py for tasks to queue
[2025-07-11T09:45:28.698+0000] {logging_mixin.py:188} INFO - [2025-07-11T09:45:28.698+0000] {dagbag.py:538} INFO - Filling up the DagBag from /home/airflow/.local/lib/python3.8/site-packages/airflow/example_dags/example_branch_labels.py
[2025-07-11T09:45:28.709+0000] {processor.py:840} INFO - DAG(s) 'example_branch_labels' retrieved from /home/airflow/.local/lib/python3.8/site-packages/airflow/example_dags/example_branch_labels.py
[2025-07-11T09:45:28.739+0000] {logging_mixin.py:188} INFO - [2025-07-11T09:45:28.739+0000] {dag.py:3036} INFO - Sync 1 DAGs
[2025-07-11T09:45:28.774+0000] {logging_mixin.py:188} INFO - [2025-07-11T09:45:28.774+0000] {dag.py:3823} INFO - Setting next_dagrun for example_branch_labels to 2025-07-10 00:00:00+00:00, run_after=2025-07-11 00:00:00+00:00
[2025-07-11T09:45:28.811+0000] {processor.py:183} INFO - Processing /home/airflow/.local/lib/python3.8/site-packages/airflow/example_dags/example_branch_labels.py took 0.122 seconds
[2025-07-11T09:45:58.983+0000] {processor.py:161} INFO - Started process (PID=1326) to work on /home/airflow/.local/lib/python3.8/site-packages/airflow/example_dags/example_branch_labels.py
[2025-07-11T09:45:58.985+0000] {processor.py:830} INFO - Processing file /home/airflow/.local/lib/python3.8/site-packages/airflow/example_dags/example_branch_labels.py for tasks to queue
[2025-07-11T09:45:58.988+0000] {logging_mixin.py:188} INFO - [2025-07-11T09:45:58.987+0000] {dagbag.py:538} INFO - Filling up the DagBag from /home/airflow/.local/lib/python3.8/site-packages/airflow/example_dags/example_branch_labels.py
[2025-07-11T09:45:58.999+0000] {processor.py:840} INFO - DAG(s) 'example_branch_labels' retrieved from /home/airflow/.local/lib/python3.8/site-packages/airflow/example_dags/example_branch_labels.py
[2025-07-11T09:45:59.029+0000] {logging_mixin.py:188} INFO - [2025-07-11T09:45:59.028+0000] {dag.py:3036} INFO - Sync 1 DAGs
[2025-07-11T09:45:59.064+0000] {logging_mixin.py:188} INFO - [2025-07-11T09:45:59.064+0000] {dag.py:3823} INFO - Setting next_dagrun for example_branch_labels to 2025-07-10 00:00:00+00:00, run_after=2025-07-11 00:00:00+00:00
[2025-07-11T09:45:59.094+0000] {processor.py:183} INFO - Processing /home/airflow/.local/lib/python3.8/site-packages/airflow/example_dags/example_branch_labels.py took 0.114 seconds
[2025-07-11T09:46:29.438+0000] {processor.py:161} INFO - Started process (PID=1381) to work on /home/airflow/.local/lib/python3.8/site-packages/airflow/example_dags/example_branch_labels.py
[2025-07-11T09:46:29.440+0000] {processor.py:830} INFO - Processing file /home/airflow/.local/lib/python3.8/site-packages/airflow/example_dags/example_branch_labels.py for tasks to queue
[2025-07-11T09:46:29.442+0000] {logging_mixin.py:188} INFO - [2025-07-11T09:46:29.441+0000] {dagbag.py:538} INFO - Filling up the DagBag from /home/airflow/.local/lib/python3.8/site-packages/airflow/example_dags/example_branch_labels.py
[2025-07-11T09:46:29.452+0000] {processor.py:840} INFO - DAG(s) 'example_branch_labels' retrieved from /home/airflow/.local/lib/python3.8/site-packages/airflow/example_dags/example_branch_labels.py
[2025-07-11T09:46:29.483+0000] {logging_mixin.py:188} INFO - [2025-07-11T09:46:29.483+0000] {dag.py:3036} INFO - Sync 1 DAGs
[2025-07-11T09:46:29.515+0000] {logging_mixin.py:188} INFO - [2025-07-11T09:46:29.515+0000] {dag.py:3823} INFO - Setting next_dagrun for example_branch_labels to 2025-07-10 00:00:00+00:00, run_after=2025-07-11 00:00:00+00:00
[2025-07-11T09:46:29.543+0000] {processor.py:183} INFO - Processing /home/airflow/.local/lib/python3.8/site-packages/airflow/example_dags/example_branch_labels.py took 0.110 seconds
[2025-07-11T09:46:59.919+0000] {processor.py:161} INFO - Started process (PID=1436) to work on /home/airflow/.local/lib/python3.8/site-packages/airflow/example_dags/example_branch_labels.py
[2025-07-11T09:46:59.921+0000] {processor.py:830} INFO - Processing file /home/airflow/.local/lib/python3.8/site-packages/airflow/example_dags/example_branch_labels.py for tasks to queue
[2025-07-11T09:46:59.924+0000] {logging_mixin.py:188} INFO - [2025-07-11T09:46:59.923+0000] {dagbag.py:538} INFO - Filling up the DagBag from /home/airflow/.local/lib/python3.8/site-packages/airflow/example_dags/example_branch_labels.py
[2025-07-11T09:46:59.938+0000] {processor.py:840} INFO - DAG(s) 'example_branch_labels' retrieved from /home/airflow/.local/lib/python3.8/site-packages/airflow/example_dags/example_branch_labels.py
[2025-07-11T09:46:59.968+0000] {logging_mixin.py:188} INFO - [2025-07-11T09:46:59.967+0000] {dag.py:3036} INFO - Sync 1 DAGs
[2025-07-11T09:47:00.000+0000] {logging_mixin.py:188} INFO - [2025-07-11T09:47:00.000+0000] {dag.py:3823} INFO - Setting next_dagrun for example_branch_labels to 2025-07-10 00:00:00+00:00, run_after=2025-07-11 00:00:00+00:00
[2025-07-11T09:47:00.036+0000] {processor.py:183} INFO - Processing /home/airflow/.local/lib/python3.8/site-packages/airflow/example_dags/example_branch_labels.py took 0.121 seconds
[2025-07-11T09:47:30.477+0000] {processor.py:161} INFO - Started process (PID=1491) to work on /home/airflow/.local/lib/python3.8/site-packages/airflow/example_dags/example_branch_labels.py
[2025-07-11T09:47:30.479+0000] {processor.py:830} INFO - Processing file /home/airflow/.local/lib/python3.8/site-packages/airflow/example_dags/example_branch_labels.py for tasks to queue
[2025-07-11T09:47:30.482+0000] {logging_mixin.py:188} INFO - [2025-07-11T09:47:30.481+0000] {dagbag.py:538} INFO - Filling up the DagBag from /home/airflow/.local/lib/python3.8/site-packages/airflow/example_dags/example_branch_labels.py
[2025-07-11T09:47:30.496+0000] {processor.py:840} INFO - DAG(s) 'example_branch_labels' retrieved from /home/airflow/.local/lib/python3.8/site-packages/airflow/example_dags/example_branch_labels.py
[2025-07-11T09:47:30.528+0000] {logging_mixin.py:188} INFO - [2025-07-11T09:47:30.528+0000] {dag.py:3036} INFO - Sync 1 DAGs
[2025-07-11T09:47:30.561+0000] {logging_mixin.py:188} INFO - [2025-07-11T09:47:30.560+0000] {dag.py:3823} INFO - Setting next_dagrun for example_branch_labels to 2025-07-10 00:00:00+00:00, run_after=2025-07-11 00:00:00+00:00
[2025-07-11T09:47:30.596+0000] {processor.py:183} INFO - Processing /home/airflow/.local/lib/python3.8/site-packages/airflow/example_dags/example_branch_labels.py took 0.125 seconds
[2025-07-11T09:48:01.326+0000] {processor.py:161} INFO - Started process (PID=1546) to work on /home/airflow/.local/lib/python3.8/site-packages/airflow/example_dags/example_branch_labels.py
[2025-07-11T09:48:01.327+0000] {processor.py:830} INFO - Processing file /home/airflow/.local/lib/python3.8/site-packages/airflow/example_dags/example_branch_labels.py for tasks to queue
[2025-07-11T09:48:01.329+0000] {logging_mixin.py:188} INFO - [2025-07-11T09:48:01.329+0000] {dagbag.py:538} INFO - Filling up the DagBag from /home/airflow/.local/lib/python3.8/site-packages/airflow/example_dags/example_branch_labels.py
[2025-07-11T09:48:01.340+0000] {processor.py:840} INFO - DAG(s) 'example_branch_labels' retrieved from /home/airflow/.local/lib/python3.8/site-packages/airflow/example_dags/example_branch_labels.py
[2025-07-11T09:48:01.368+0000] {logging_mixin.py:188} INFO - [2025-07-11T09:48:01.367+0000] {dag.py:3036} INFO - Sync 1 DAGs
[2025-07-11T09:48:01.400+0000] {logging_mixin.py:188} INFO - [2025-07-11T09:48:01.399+0000] {dag.py:3823} INFO - Setting next_dagrun for example_branch_labels to 2025-07-10 00:00:00+00:00, run_after=2025-07-11 00:00:00+00:00
[2025-07-11T09:48:01.429+0000] {processor.py:183} INFO - Processing /home/airflow/.local/lib/python3.8/site-packages/airflow/example_dags/example_branch_labels.py took 0.108 seconds
[2025-07-11T09:48:31.795+0000] {processor.py:161} INFO - Started process (PID=1601) to work on /home/airflow/.local/lib/python3.8/site-packages/airflow/example_dags/example_branch_labels.py
[2025-07-11T09:48:31.797+0000] {processor.py:830} INFO - Processing file /home/airflow/.local/lib/python3.8/site-packages/airflow/example_dags/example_branch_labels.py for tasks to queue
[2025-07-11T09:48:31.799+0000] {logging_mixin.py:188} INFO - [2025-07-11T09:48:31.799+0000] {dagbag.py:538} INFO - Filling up the DagBag from /home/airflow/.local/lib/python3.8/site-packages/airflow/example_dags/example_branch_labels.py
[2025-07-11T09:48:31.812+0000] {processor.py:840} INFO - DAG(s) 'example_branch_labels' retrieved from /home/airflow/.local/lib/python3.8/site-packages/airflow/example_dags/example_branch_labels.py
[2025-07-11T09:48:31.843+0000] {logging_mixin.py:188} INFO - [2025-07-11T09:48:31.842+0000] {dag.py:3036} INFO - Sync 1 DAGs
[2025-07-11T09:48:31.875+0000] {logging_mixin.py:188} INFO - [2025-07-11T09:48:31.874+0000] {dag.py:3823} INFO - Setting next_dagrun for example_branch_labels to 2025-07-10 00:00:00+00:00, run_after=2025-07-11 00:00:00+00:00
[2025-07-11T09:48:31.903+0000] {processor.py:183} INFO - Processing /home/airflow/.local/lib/python3.8/site-packages/airflow/example_dags/example_branch_labels.py took 0.113 seconds
[2025-07-11T09:49:02.313+0000] {processor.py:161} INFO - Started process (PID=1656) to work on /home/airflow/.local/lib/python3.8/site-packages/airflow/example_dags/example_branch_labels.py
[2025-07-11T09:49:02.314+0000] {processor.py:830} INFO - Processing file /home/airflow/.local/lib/python3.8/site-packages/airflow/example_dags/example_branch_labels.py for tasks to queue
[2025-07-11T09:49:02.317+0000] {logging_mixin.py:188} INFO - [2025-07-11T09:49:02.316+0000] {dagbag.py:538} INFO - Filling up the DagBag from /home/airflow/.local/lib/python3.8/site-packages/airflow/example_dags/example_branch_labels.py
[2025-07-11T09:49:02.327+0000] {processor.py:840} INFO - DAG(s) 'example_branch_labels' retrieved from /home/airflow/.local/lib/python3.8/site-packages/airflow/example_dags/example_branch_labels.py
[2025-07-11T09:49:02.357+0000] {logging_mixin.py:188} INFO - [2025-07-11T09:49:02.357+0000] {dag.py:3036} INFO - Sync 1 DAGs
[2025-07-11T09:49:02.390+0000] {logging_mixin.py:188} INFO - [2025-07-11T09:49:02.390+0000] {dag.py:3823} INFO - Setting next_dagrun for example_branch_labels to 2025-07-10 00:00:00+00:00, run_after=2025-07-11 00:00:00+00:00
[2025-07-11T09:49:02.419+0000] {processor.py:183} INFO - Processing /home/airflow/.local/lib/python3.8/site-packages/airflow/example_dags/example_branch_labels.py took 0.110 seconds
[2025-07-11T09:49:32.771+0000] {processor.py:161} INFO - Started process (PID=1711) to work on /home/airflow/.local/lib/python3.8/site-packages/airflow/example_dags/example_branch_labels.py
[2025-07-11T09:49:32.772+0000] {processor.py:830} INFO - Processing file /home/airflow/.local/lib/python3.8/site-packages/airflow/example_dags/example_branch_labels.py for tasks to queue
[2025-07-11T09:49:32.775+0000] {logging_mixin.py:188} INFO - [2025-07-11T09:49:32.774+0000] {dagbag.py:538} INFO - Filling up the DagBag from /home/airflow/.local/lib/python3.8/site-packages/airflow/example_dags/example_branch_labels.py
[2025-07-11T09:49:32.789+0000] {processor.py:840} INFO - DAG(s) 'example_branch_labels' retrieved from /home/airflow/.local/lib/python3.8/site-packages/airflow/example_dags/example_branch_labels.py
[2025-07-11T09:49:32.828+0000] {logging_mixin.py:188} INFO - [2025-07-11T09:49:32.827+0000] {dag.py:3036} INFO - Sync 1 DAGs
[2025-07-11T09:49:32.861+0000] {logging_mixin.py:188} INFO - [2025-07-11T09:49:32.861+0000] {dag.py:3823} INFO - Setting next_dagrun for example_branch_labels to 2025-07-10 00:00:00+00:00, run_after=2025-07-11 00:00:00+00:00
[2025-07-11T09:49:32.895+0000] {processor.py:183} INFO - Processing /home/airflow/.local/lib/python3.8/site-packages/airflow/example_dags/example_branch_labels.py took 0.129 seconds
[2025-07-11T09:50:03.625+0000] {processor.py:161} INFO - Started process (PID=1766) to work on /home/airflow/.local/lib/python3.8/site-packages/airflow/example_dags/example_branch_labels.py
[2025-07-11T09:50:03.626+0000] {processor.py:830} INFO - Processing file /home/airflow/.local/lib/python3.8/site-packages/airflow/example_dags/example_branch_labels.py for tasks to queue
[2025-07-11T09:50:03.628+0000] {logging_mixin.py:188} INFO - [2025-07-11T09:50:03.628+0000] {dagbag.py:538} INFO - Filling up the DagBag from /home/airflow/.local/lib/python3.8/site-packages/airflow/example_dags/example_branch_labels.py
[2025-07-11T09:50:03.639+0000] {processor.py:840} INFO - DAG(s) 'example_branch_labels' retrieved from /home/airflow/.local/lib/python3.8/site-packages/airflow/example_dags/example_branch_labels.py
[2025-07-11T09:50:03.668+0000] {logging_mixin.py:188} INFO - [2025-07-11T09:50:03.667+0000] {dag.py:3036} INFO - Sync 1 DAGs
[2025-07-11T09:50:03.704+0000] {logging_mixin.py:188} INFO - [2025-07-11T09:50:03.704+0000] {dag.py:3823} INFO - Setting next_dagrun for example_branch_labels to 2025-07-10 00:00:00+00:00, run_after=2025-07-11 00:00:00+00:00
[2025-07-11T09:50:03.732+0000] {processor.py:183} INFO - Processing /home/airflow/.local/lib/python3.8/site-packages/airflow/example_dags/example_branch_labels.py took 0.112 seconds
[2025-07-11T09:50:34.580+0000] {processor.py:161} INFO - Started process (PID=1821) to work on /home/airflow/.local/lib/python3.8/site-packages/airflow/example_dags/example_branch_labels.py
[2025-07-11T09:50:34.582+0000] {processor.py:830} INFO - Processing file /home/airflow/.local/lib/python3.8/site-packages/airflow/example_dags/example_branch_labels.py for tasks to queue
[2025-07-11T09:50:34.584+0000] {logging_mixin.py:188} INFO - [2025-07-11T09:50:34.583+0000] {dagbag.py:538} INFO - Filling up the DagBag from /home/airflow/.local/lib/python3.8/site-packages/airflow/example_dags/example_branch_labels.py
[2025-07-11T09:50:34.594+0000] {processor.py:840} INFO - DAG(s) 'example_branch_labels' retrieved from /home/airflow/.local/lib/python3.8/site-packages/airflow/example_dags/example_branch_labels.py
[2025-07-11T09:50:34.625+0000] {logging_mixin.py:188} INFO - [2025-07-11T09:50:34.624+0000] {dag.py:3036} INFO - Sync 1 DAGs
[2025-07-11T09:50:34.657+0000] {logging_mixin.py:188} INFO - [2025-07-11T09:50:34.656+0000] {dag.py:3823} INFO - Setting next_dagrun for example_branch_labels to 2025-07-10 00:00:00+00:00, run_after=2025-07-11 00:00:00+00:00
[2025-07-11T09:50:34.687+0000] {processor.py:183} INFO - Processing /home/airflow/.local/lib/python3.8/site-packages/airflow/example_dags/example_branch_labels.py took 0.111 seconds
[2025-07-11T09:51:05.046+0000] {processor.py:161} INFO - Started process (PID=1876) to work on /home/airflow/.local/lib/python3.8/site-packages/airflow/example_dags/example_branch_labels.py
[2025-07-11T09:51:05.048+0000] {processor.py:830} INFO - Processing file /home/airflow/.local/lib/python3.8/site-packages/airflow/example_dags/example_branch_labels.py for tasks to queue
[2025-07-11T09:51:05.051+0000] {logging_mixin.py:188} INFO - [2025-07-11T09:51:05.051+0000] {dagbag.py:538} INFO - Filling up the DagBag from /home/airflow/.local/lib/python3.8/site-packages/airflow/example_dags/example_branch_labels.py
[2025-07-11T09:51:05.062+0000] {processor.py:840} INFO - DAG(s) 'example_branch_labels' retrieved from /home/airflow/.local/lib/python3.8/site-packages/airflow/example_dags/example_branch_labels.py
[2025-07-11T09:51:05.092+0000] {logging_mixin.py:188} INFO - [2025-07-11T09:51:05.091+0000] {dag.py:3036} INFO - Sync 1 DAGs
[2025-07-11T09:51:05.126+0000] {logging_mixin.py:188} INFO - [2025-07-11T09:51:05.126+0000] {dag.py:3823} INFO - Setting next_dagrun for example_branch_labels to 2025-07-10 00:00:00+00:00, run_after=2025-07-11 00:00:00+00:00
[2025-07-11T09:51:05.154+0000] {processor.py:183} INFO - Processing /home/airflow/.local/lib/python3.8/site-packages/airflow/example_dags/example_branch_labels.py took 0.114 seconds
[2025-07-11T09:51:35.830+0000] {processor.py:161} INFO - Started process (PID=1931) to work on /home/airflow/.local/lib/python3.8/site-packages/airflow/example_dags/example_branch_labels.py
[2025-07-11T09:51:35.832+0000] {processor.py:830} INFO - Processing file /home/airflow/.local/lib/python3.8/site-packages/airflow/example_dags/example_branch_labels.py for tasks to queue
[2025-07-11T09:51:35.835+0000] {logging_mixin.py:188} INFO - [2025-07-11T09:51:35.835+0000] {dagbag.py:538} INFO - Filling up the DagBag from /home/airflow/.local/lib/python3.8/site-packages/airflow/example_dags/example_branch_labels.py
[2025-07-11T09:51:35.848+0000] {processor.py:840} INFO - DAG(s) 'example_branch_labels' retrieved from /home/airflow/.local/lib/python3.8/site-packages/airflow/example_dags/example_branch_labels.py
[2025-07-11T09:51:35.880+0000] {logging_mixin.py:188} INFO - [2025-07-11T09:51:35.879+0000] {dag.py:3036} INFO - Sync 1 DAGs
[2025-07-11T09:51:35.916+0000] {logging_mixin.py:188} INFO - [2025-07-11T09:51:35.916+0000] {dag.py:3823} INFO - Setting next_dagrun for example_branch_labels to 2025-07-10 00:00:00+00:00, run_after=2025-07-11 00:00:00+00:00
[2025-07-11T09:51:35.947+0000] {processor.py:183} INFO - Processing /home/airflow/.local/lib/python3.8/site-packages/airflow/example_dags/example_branch_labels.py took 0.121 seconds
[2025-07-11T09:52:06.405+0000] {processor.py:161} INFO - Started process (PID=1986) to work on /home/airflow/.local/lib/python3.8/site-packages/airflow/example_dags/example_branch_labels.py
[2025-07-11T09:52:06.406+0000] {processor.py:830} INFO - Processing file /home/airflow/.local/lib/python3.8/site-packages/airflow/example_dags/example_branch_labels.py for tasks to queue
[2025-07-11T09:52:06.409+0000] {logging_mixin.py:188} INFO - [2025-07-11T09:52:06.408+0000] {dagbag.py:538} INFO - Filling up the DagBag from /home/airflow/.local/lib/python3.8/site-packages/airflow/example_dags/example_branch_labels.py
[2025-07-11T09:52:06.420+0000] {processor.py:840} INFO - DAG(s) 'example_branch_labels' retrieved from /home/airflow/.local/lib/python3.8/site-packages/airflow/example_dags/example_branch_labels.py
[2025-07-11T09:52:06.448+0000] {logging_mixin.py:188} INFO - [2025-07-11T09:52:06.448+0000] {dag.py:3036} INFO - Sync 1 DAGs
[2025-07-11T09:52:06.479+0000] {logging_mixin.py:188} INFO - [2025-07-11T09:52:06.478+0000] {dag.py:3823} INFO - Setting next_dagrun for example_branch_labels to 2025-07-10 00:00:00+00:00, run_after=2025-07-11 00:00:00+00:00
[2025-07-11T09:52:06.506+0000] {processor.py:183} INFO - Processing /home/airflow/.local/lib/python3.8/site-packages/airflow/example_dags/example_branch_labels.py took 0.106 seconds
[2025-07-11T09:52:36.571+0000] {processor.py:161} INFO - Started process (PID=2041) to work on /home/airflow/.local/lib/python3.8/site-packages/airflow/example_dags/example_branch_labels.py
[2025-07-11T09:52:36.573+0000] {processor.py:830} INFO - Processing file /home/airflow/.local/lib/python3.8/site-packages/airflow/example_dags/example_branch_labels.py for tasks to queue
[2025-07-11T09:52:36.575+0000] {logging_mixin.py:188} INFO - [2025-07-11T09:52:36.575+0000] {dagbag.py:538} INFO - Filling up the DagBag from /home/airflow/.local/lib/python3.8/site-packages/airflow/example_dags/example_branch_labels.py
[2025-07-11T09:52:36.586+0000] {processor.py:840} INFO - DAG(s) 'example_branch_labels' retrieved from /home/airflow/.local/lib/python3.8/site-packages/airflow/example_dags/example_branch_labels.py
[2025-07-11T09:52:36.615+0000] {logging_mixin.py:188} INFO - [2025-07-11T09:52:36.615+0000] {dag.py:3036} INFO - Sync 1 DAGs
[2025-07-11T09:52:36.646+0000] {logging_mixin.py:188} INFO - [2025-07-11T09:52:36.646+0000] {dag.py:3823} INFO - Setting next_dagrun for example_branch_labels to 2025-07-10 00:00:00+00:00, run_after=2025-07-11 00:00:00+00:00
[2025-07-11T09:52:36.674+0000] {processor.py:183} INFO - Processing /home/airflow/.local/lib/python3.8/site-packages/airflow/example_dags/example_branch_labels.py took 0.107 seconds
[2025-07-11T09:53:07.188+0000] {processor.py:161} INFO - Started process (PID=2096) to work on /home/airflow/.local/lib/python3.8/site-packages/airflow/example_dags/example_branch_labels.py
[2025-07-11T09:53:07.190+0000] {processor.py:830} INFO - Processing file /home/airflow/.local/lib/python3.8/site-packages/airflow/example_dags/example_branch_labels.py for tasks to queue
[2025-07-11T09:53:07.194+0000] {logging_mixin.py:188} INFO - [2025-07-11T09:53:07.193+0000] {dagbag.py:538} INFO - Filling up the DagBag from /home/airflow/.local/lib/python3.8/site-packages/airflow/example_dags/example_branch_labels.py
[2025-07-11T09:53:07.209+0000] {processor.py:840} INFO - DAG(s) 'example_branch_labels' retrieved from /home/airflow/.local/lib/python3.8/site-packages/airflow/example_dags/example_branch_labels.py
[2025-07-11T09:53:07.238+0000] {logging_mixin.py:188} INFO - [2025-07-11T09:53:07.238+0000] {dag.py:3036} INFO - Sync 1 DAGs
[2025-07-11T09:53:07.275+0000] {logging_mixin.py:188} INFO - [2025-07-11T09:53:07.274+0000] {dag.py:3823} INFO - Setting next_dagrun for example_branch_labels to 2025-07-10 00:00:00+00:00, run_after=2025-07-11 00:00:00+00:00
[2025-07-11T09:53:07.307+0000] {processor.py:183} INFO - Processing /home/airflow/.local/lib/python3.8/site-packages/airflow/example_dags/example_branch_labels.py took 0.125 seconds
[2025-07-11T09:53:37.741+0000] {processor.py:161} INFO - Started process (PID=2151) to work on /home/airflow/.local/lib/python3.8/site-packages/airflow/example_dags/example_branch_labels.py
[2025-07-11T09:53:37.742+0000] {processor.py:830} INFO - Processing file /home/airflow/.local/lib/python3.8/site-packages/airflow/example_dags/example_branch_labels.py for tasks to queue
[2025-07-11T09:53:37.746+0000] {logging_mixin.py:188} INFO - [2025-07-11T09:53:37.745+0000] {dagbag.py:538} INFO - Filling up the DagBag from /home/airflow/.local/lib/python3.8/site-packages/airflow/example_dags/example_branch_labels.py
[2025-07-11T09:53:37.757+0000] {processor.py:840} INFO - DAG(s) 'example_branch_labels' retrieved from /home/airflow/.local/lib/python3.8/site-packages/airflow/example_dags/example_branch_labels.py
[2025-07-11T09:53:37.792+0000] {logging_mixin.py:188} INFO - [2025-07-11T09:53:37.792+0000] {dag.py:3036} INFO - Sync 1 DAGs
[2025-07-11T09:53:37.830+0000] {logging_mixin.py:188} INFO - [2025-07-11T09:53:37.829+0000] {dag.py:3823} INFO - Setting next_dagrun for example_branch_labels to 2025-07-10 00:00:00+00:00, run_after=2025-07-11 00:00:00+00:00
[2025-07-11T09:53:37.868+0000] {processor.py:183} INFO - Processing /home/airflow/.local/lib/python3.8/site-packages/airflow/example_dags/example_branch_labels.py took 0.131 seconds
[2025-07-11T09:54:08.302+0000] {processor.py:161} INFO - Started process (PID=2206) to work on /home/airflow/.local/lib/python3.8/site-packages/airflow/example_dags/example_branch_labels.py
[2025-07-11T09:54:08.304+0000] {processor.py:830} INFO - Processing file /home/airflow/.local/lib/python3.8/site-packages/airflow/example_dags/example_branch_labels.py for tasks to queue
[2025-07-11T09:54:08.307+0000] {logging_mixin.py:188} INFO - [2025-07-11T09:54:08.307+0000] {dagbag.py:538} INFO - Filling up the DagBag from /home/airflow/.local/lib/python3.8/site-packages/airflow/example_dags/example_branch_labels.py
[2025-07-11T09:54:08.320+0000] {processor.py:840} INFO - DAG(s) 'example_branch_labels' retrieved from /home/airflow/.local/lib/python3.8/site-packages/airflow/example_dags/example_branch_labels.py
[2025-07-11T09:54:08.361+0000] {logging_mixin.py:188} INFO - [2025-07-11T09:54:08.360+0000] {dag.py:3036} INFO - Sync 1 DAGs
[2025-07-11T09:54:08.411+0000] {logging_mixin.py:188} INFO - [2025-07-11T09:54:08.411+0000] {dag.py:3823} INFO - Setting next_dagrun for example_branch_labels to 2025-07-10 00:00:00+00:00, run_after=2025-07-11 00:00:00+00:00
[2025-07-11T09:54:08.451+0000] {processor.py:183} INFO - Processing /home/airflow/.local/lib/python3.8/site-packages/airflow/example_dags/example_branch_labels.py took 0.155 seconds
[2025-07-11T09:54:39.078+0000] {processor.py:161} INFO - Started process (PID=2261) to work on /home/airflow/.local/lib/python3.8/site-packages/airflow/example_dags/example_branch_labels.py
[2025-07-11T09:54:39.079+0000] {processor.py:830} INFO - Processing file /home/airflow/.local/lib/python3.8/site-packages/airflow/example_dags/example_branch_labels.py for tasks to queue
[2025-07-11T09:54:39.082+0000] {logging_mixin.py:188} INFO - [2025-07-11T09:54:39.081+0000] {dagbag.py:538} INFO - Filling up the DagBag from /home/airflow/.local/lib/python3.8/site-packages/airflow/example_dags/example_branch_labels.py
[2025-07-11T09:54:39.102+0000] {processor.py:840} INFO - DAG(s) 'example_branch_labels' retrieved from /home/airflow/.local/lib/python3.8/site-packages/airflow/example_dags/example_branch_labels.py
[2025-07-11T09:54:39.137+0000] {logging_mixin.py:188} INFO - [2025-07-11T09:54:39.137+0000] {dag.py:3036} INFO - Sync 1 DAGs
[2025-07-11T09:54:39.179+0000] {logging_mixin.py:188} INFO - [2025-07-11T09:54:39.179+0000] {dag.py:3823} INFO - Setting next_dagrun for example_branch_labels to 2025-07-10 00:00:00+00:00, run_after=2025-07-11 00:00:00+00:00
[2025-07-11T09:54:39.217+0000] {processor.py:183} INFO - Processing /home/airflow/.local/lib/python3.8/site-packages/airflow/example_dags/example_branch_labels.py took 0.144 seconds
