[2025-07-11T09:24:52.874+0000] {processor.py:161} INFO - Started process (PID=80) to work on /home/airflow/.local/lib/python3.8/site-packages/airflow/example_dags/example_nested_branch_dag.py
[2025-07-11T09:24:52.875+0000] {processor.py:830} INFO - Processing file /home/airflow/.local/lib/python3.8/site-packages/airflow/example_dags/example_nested_branch_dag.py for tasks to queue
[2025-07-11T09:24:52.878+0000] {logging_mixin.py:188} INFO - [2025-07-11T09:24:52.878+0000] {dagbag.py:538} INFO - Filling up the DagBag from /home/airflow/.local/lib/python3.8/site-packages/airflow/example_dags/example_nested_branch_dag.py
[2025-07-11T09:24:52.901+0000] {processor.py:840} INFO - DAG(s) 'example_nested_branch_dag' retrieved from /home/airflow/.local/lib/python3.8/site-packages/airflow/example_dags/example_nested_branch_dag.py
[2025-07-11T09:24:53.120+0000] {logging_mixin.py:188} INFO - [2025-07-11T09:24:53.119+0000] {override.py:1769} INFO - Created Permission View: can edit on DAG:example_nested_branch_dag
[2025-07-11T09:24:53.140+0000] {logging_mixin.py:188} INFO - [2025-07-11T09:24:53.139+0000] {override.py:1769} INFO - Created Permission View: can delete on DAG:example_nested_branch_dag
[2025-07-11T09:24:53.155+0000] {logging_mixin.py:188} INFO - [2025-07-11T09:24:53.154+0000] {override.py:1769} INFO - Created Permission View: can read on DAG:example_nested_branch_dag
[2025-07-11T09:24:53.155+0000] {logging_mixin.py:188} INFO - [2025-07-11T09:24:53.155+0000] {dag.py:3036} INFO - Sync 1 DAGs
[2025-07-11T09:24:53.174+0000] {logging_mixin.py:188} INFO - [2025-07-11T09:24:53.173+0000] {dag.py:3058} INFO - Creating ORM DAG for example_nested_branch_dag
[2025-07-11T09:24:53.203+0000] {logging_mixin.py:188} INFO - [2025-07-11T09:24:53.203+0000] {dag.py:3823} INFO - Setting next_dagrun for example_nested_branch_dag to 2025-07-10 00:00:00+00:00, run_after=2025-07-11 00:00:00+00:00
[2025-07-11T09:24:53.243+0000] {processor.py:183} INFO - Processing /home/airflow/.local/lib/python3.8/site-packages/airflow/example_dags/example_nested_branch_dag.py took 0.374 seconds
[2025-07-11T09:25:23.825+0000] {processor.py:161} INFO - Started process (PID=135) to work on /home/airflow/.local/lib/python3.8/site-packages/airflow/example_dags/example_nested_branch_dag.py
[2025-07-11T09:25:23.827+0000] {processor.py:830} INFO - Processing file /home/airflow/.local/lib/python3.8/site-packages/airflow/example_dags/example_nested_branch_dag.py for tasks to queue
[2025-07-11T09:25:23.829+0000] {logging_mixin.py:188} INFO - [2025-07-11T09:25:23.829+0000] {dagbag.py:538} INFO - Filling up the DagBag from /home/airflow/.local/lib/python3.8/site-packages/airflow/example_dags/example_nested_branch_dag.py
[2025-07-11T09:25:23.846+0000] {processor.py:840} INFO - DAG(s) 'example_nested_branch_dag' retrieved from /home/airflow/.local/lib/python3.8/site-packages/airflow/example_dags/example_nested_branch_dag.py
[2025-07-11T09:25:23.875+0000] {logging_mixin.py:188} INFO - [2025-07-11T09:25:23.874+0000] {dag.py:3036} INFO - Sync 1 DAGs
[2025-07-11T09:25:23.907+0000] {logging_mixin.py:188} INFO - [2025-07-11T09:25:23.907+0000] {dag.py:3823} INFO - Setting next_dagrun for example_nested_branch_dag to 2025-07-10 00:00:00+00:00, run_after=2025-07-11 00:00:00+00:00
[2025-07-11T09:25:23.936+0000] {processor.py:183} INFO - Processing /home/airflow/.local/lib/python3.8/site-packages/airflow/example_dags/example_nested_branch_dag.py took 0.115 seconds
[2025-07-11T09:25:54.158+0000] {processor.py:161} INFO - Started process (PID=190) to work on /home/airflow/.local/lib/python3.8/site-packages/airflow/example_dags/example_nested_branch_dag.py
[2025-07-11T09:25:54.159+0000] {processor.py:830} INFO - Processing file /home/airflow/.local/lib/python3.8/site-packages/airflow/example_dags/example_nested_branch_dag.py for tasks to queue
[2025-07-11T09:25:54.162+0000] {logging_mixin.py:188} INFO - [2025-07-11T09:25:54.162+0000] {dagbag.py:538} INFO - Filling up the DagBag from /home/airflow/.local/lib/python3.8/site-packages/airflow/example_dags/example_nested_branch_dag.py
[2025-07-11T09:25:54.175+0000] {processor.py:840} INFO - DAG(s) 'example_nested_branch_dag' retrieved from /home/airflow/.local/lib/python3.8/site-packages/airflow/example_dags/example_nested_branch_dag.py
[2025-07-11T09:25:54.204+0000] {logging_mixin.py:188} INFO - [2025-07-11T09:25:54.203+0000] {dag.py:3036} INFO - Sync 1 DAGs
[2025-07-11T09:25:54.237+0000] {logging_mixin.py:188} INFO - [2025-07-11T09:25:54.237+0000] {dag.py:3823} INFO - Setting next_dagrun for example_nested_branch_dag to 2025-07-10 00:00:00+00:00, run_after=2025-07-11 00:00:00+00:00
[2025-07-11T09:25:54.265+0000] {processor.py:183} INFO - Processing /home/airflow/.local/lib/python3.8/site-packages/airflow/example_dags/example_nested_branch_dag.py took 0.112 seconds
[2025-07-11T09:26:24.370+0000] {processor.py:161} INFO - Started process (PID=245) to work on /home/airflow/.local/lib/python3.8/site-packages/airflow/example_dags/example_nested_branch_dag.py
[2025-07-11T09:26:24.373+0000] {processor.py:830} INFO - Processing file /home/airflow/.local/lib/python3.8/site-packages/airflow/example_dags/example_nested_branch_dag.py for tasks to queue
[2025-07-11T09:26:24.376+0000] {logging_mixin.py:188} INFO - [2025-07-11T09:26:24.375+0000] {dagbag.py:538} INFO - Filling up the DagBag from /home/airflow/.local/lib/python3.8/site-packages/airflow/example_dags/example_nested_branch_dag.py
[2025-07-11T09:26:24.392+0000] {processor.py:840} INFO - DAG(s) 'example_nested_branch_dag' retrieved from /home/airflow/.local/lib/python3.8/site-packages/airflow/example_dags/example_nested_branch_dag.py
[2025-07-11T09:26:24.427+0000] {logging_mixin.py:188} INFO - [2025-07-11T09:26:24.427+0000] {dag.py:3036} INFO - Sync 1 DAGs
[2025-07-11T09:26:24.468+0000] {logging_mixin.py:188} INFO - [2025-07-11T09:26:24.467+0000] {dag.py:3823} INFO - Setting next_dagrun for example_nested_branch_dag to 2025-07-10 00:00:00+00:00, run_after=2025-07-11 00:00:00+00:00
[2025-07-11T09:26:24.504+0000] {processor.py:183} INFO - Processing /home/airflow/.local/lib/python3.8/site-packages/airflow/example_dags/example_nested_branch_dag.py took 0.139 seconds
[2025-07-11T09:26:54.908+0000] {processor.py:161} INFO - Started process (PID=300) to work on /home/airflow/.local/lib/python3.8/site-packages/airflow/example_dags/example_nested_branch_dag.py
[2025-07-11T09:26:54.909+0000] {processor.py:830} INFO - Processing file /home/airflow/.local/lib/python3.8/site-packages/airflow/example_dags/example_nested_branch_dag.py for tasks to queue
[2025-07-11T09:26:54.912+0000] {logging_mixin.py:188} INFO - [2025-07-11T09:26:54.911+0000] {dagbag.py:538} INFO - Filling up the DagBag from /home/airflow/.local/lib/python3.8/site-packages/airflow/example_dags/example_nested_branch_dag.py
[2025-07-11T09:26:54.931+0000] {processor.py:840} INFO - DAG(s) 'example_nested_branch_dag' retrieved from /home/airflow/.local/lib/python3.8/site-packages/airflow/example_dags/example_nested_branch_dag.py
[2025-07-11T09:26:54.960+0000] {logging_mixin.py:188} INFO - [2025-07-11T09:26:54.960+0000] {dag.py:3036} INFO - Sync 1 DAGs
[2025-07-11T09:26:54.995+0000] {logging_mixin.py:188} INFO - [2025-07-11T09:26:54.995+0000] {dag.py:3823} INFO - Setting next_dagrun for example_nested_branch_dag to 2025-07-10 00:00:00+00:00, run_after=2025-07-11 00:00:00+00:00
[2025-07-11T09:26:55.026+0000] {processor.py:183} INFO - Processing /home/airflow/.local/lib/python3.8/site-packages/airflow/example_dags/example_nested_branch_dag.py took 0.123 seconds
[2025-07-11T09:28:21.647+0000] {processor.py:161} INFO - Started process (PID=74) to work on /home/airflow/.local/lib/python3.8/site-packages/airflow/example_dags/example_nested_branch_dag.py
[2025-07-11T09:28:21.652+0000] {processor.py:830} INFO - Processing file /home/airflow/.local/lib/python3.8/site-packages/airflow/example_dags/example_nested_branch_dag.py for tasks to queue
[2025-07-11T09:28:21.657+0000] {logging_mixin.py:188} INFO - [2025-07-11T09:28:21.656+0000] {dagbag.py:538} INFO - Filling up the DagBag from /home/airflow/.local/lib/python3.8/site-packages/airflow/example_dags/example_nested_branch_dag.py
[2025-07-11T09:28:21.678+0000] {processor.py:840} INFO - DAG(s) 'example_nested_branch_dag' retrieved from /home/airflow/.local/lib/python3.8/site-packages/airflow/example_dags/example_nested_branch_dag.py
[2025-07-11T09:28:21.920+0000] {logging_mixin.py:188} INFO - [2025-07-11T09:28:21.919+0000] {override.py:1769} INFO - Created Permission View: can read on DAG:example_nested_branch_dag
[2025-07-11T09:28:21.947+0000] {logging_mixin.py:188} INFO - [2025-07-11T09:28:21.947+0000] {override.py:1769} INFO - Created Permission View: can delete on DAG:example_nested_branch_dag
[2025-07-11T09:28:21.964+0000] {logging_mixin.py:188} INFO - [2025-07-11T09:28:21.963+0000] {override.py:1769} INFO - Created Permission View: can edit on DAG:example_nested_branch_dag
[2025-07-11T09:28:21.964+0000] {logging_mixin.py:188} INFO - [2025-07-11T09:28:21.964+0000] {dag.py:3036} INFO - Sync 1 DAGs
[2025-07-11T09:28:21.983+0000] {logging_mixin.py:188} INFO - [2025-07-11T09:28:21.983+0000] {dag.py:3058} INFO - Creating ORM DAG for example_nested_branch_dag
[2025-07-11T09:28:22.004+0000] {logging_mixin.py:188} INFO - [2025-07-11T09:28:22.004+0000] {dag.py:3823} INFO - Setting next_dagrun for example_nested_branch_dag to 2025-07-10 00:00:00+00:00, run_after=2025-07-11 00:00:00+00:00
[2025-07-11T09:28:22.044+0000] {processor.py:183} INFO - Processing /home/airflow/.local/lib/python3.8/site-packages/airflow/example_dags/example_nested_branch_dag.py took 0.404 seconds
[2025-07-11T09:28:52.393+0000] {processor.py:161} INFO - Started process (PID=130) to work on /home/airflow/.local/lib/python3.8/site-packages/airflow/example_dags/example_nested_branch_dag.py
[2025-07-11T09:28:52.394+0000] {processor.py:830} INFO - Processing file /home/airflow/.local/lib/python3.8/site-packages/airflow/example_dags/example_nested_branch_dag.py for tasks to queue
[2025-07-11T09:28:52.397+0000] {logging_mixin.py:188} INFO - [2025-07-11T09:28:52.396+0000] {dagbag.py:538} INFO - Filling up the DagBag from /home/airflow/.local/lib/python3.8/site-packages/airflow/example_dags/example_nested_branch_dag.py
[2025-07-11T09:28:52.410+0000] {processor.py:840} INFO - DAG(s) 'example_nested_branch_dag' retrieved from /home/airflow/.local/lib/python3.8/site-packages/airflow/example_dags/example_nested_branch_dag.py
[2025-07-11T09:28:52.439+0000] {logging_mixin.py:188} INFO - [2025-07-11T09:28:52.439+0000] {dag.py:3036} INFO - Sync 1 DAGs
[2025-07-11T09:28:52.470+0000] {logging_mixin.py:188} INFO - [2025-07-11T09:28:52.469+0000] {dag.py:3823} INFO - Setting next_dagrun for example_nested_branch_dag to 2025-07-10 00:00:00+00:00, run_after=2025-07-11 00:00:00+00:00
[2025-07-11T09:28:52.498+0000] {processor.py:183} INFO - Processing /home/airflow/.local/lib/python3.8/site-packages/airflow/example_dags/example_nested_branch_dag.py took 0.110 seconds
[2025-07-11T09:29:22.916+0000] {processor.py:161} INFO - Started process (PID=185) to work on /home/airflow/.local/lib/python3.8/site-packages/airflow/example_dags/example_nested_branch_dag.py
[2025-07-11T09:29:22.917+0000] {processor.py:830} INFO - Processing file /home/airflow/.local/lib/python3.8/site-packages/airflow/example_dags/example_nested_branch_dag.py for tasks to queue
[2025-07-11T09:29:22.920+0000] {logging_mixin.py:188} INFO - [2025-07-11T09:29:22.920+0000] {dagbag.py:538} INFO - Filling up the DagBag from /home/airflow/.local/lib/python3.8/site-packages/airflow/example_dags/example_nested_branch_dag.py
[2025-07-11T09:29:22.936+0000] {processor.py:840} INFO - DAG(s) 'example_nested_branch_dag' retrieved from /home/airflow/.local/lib/python3.8/site-packages/airflow/example_dags/example_nested_branch_dag.py
[2025-07-11T09:29:22.971+0000] {logging_mixin.py:188} INFO - [2025-07-11T09:29:22.971+0000] {dag.py:3036} INFO - Sync 1 DAGs
[2025-07-11T09:29:23.021+0000] {logging_mixin.py:188} INFO - [2025-07-11T09:29:23.020+0000] {dag.py:3823} INFO - Setting next_dagrun for example_nested_branch_dag to 2025-07-10 00:00:00+00:00, run_after=2025-07-11 00:00:00+00:00
[2025-07-11T09:29:23.060+0000] {processor.py:183} INFO - Processing /home/airflow/.local/lib/python3.8/site-packages/airflow/example_dags/example_nested_branch_dag.py took 0.149 seconds
[2025-07-11T09:29:53.347+0000] {processor.py:161} INFO - Started process (PID=240) to work on /home/airflow/.local/lib/python3.8/site-packages/airflow/example_dags/example_nested_branch_dag.py
[2025-07-11T09:29:53.349+0000] {processor.py:830} INFO - Processing file /home/airflow/.local/lib/python3.8/site-packages/airflow/example_dags/example_nested_branch_dag.py for tasks to queue
[2025-07-11T09:29:53.352+0000] {logging_mixin.py:188} INFO - [2025-07-11T09:29:53.352+0000] {dagbag.py:538} INFO - Filling up the DagBag from /home/airflow/.local/lib/python3.8/site-packages/airflow/example_dags/example_nested_branch_dag.py
[2025-07-11T09:29:53.368+0000] {processor.py:840} INFO - DAG(s) 'example_nested_branch_dag' retrieved from /home/airflow/.local/lib/python3.8/site-packages/airflow/example_dags/example_nested_branch_dag.py
[2025-07-11T09:29:53.401+0000] {logging_mixin.py:188} INFO - [2025-07-11T09:29:53.400+0000] {dag.py:3036} INFO - Sync 1 DAGs
[2025-07-11T09:29:53.435+0000] {logging_mixin.py:188} INFO - [2025-07-11T09:29:53.434+0000] {dag.py:3823} INFO - Setting next_dagrun for example_nested_branch_dag to 2025-07-10 00:00:00+00:00, run_after=2025-07-11 00:00:00+00:00
[2025-07-11T09:29:53.464+0000] {processor.py:183} INFO - Processing /home/airflow/.local/lib/python3.8/site-packages/airflow/example_dags/example_nested_branch_dag.py took 0.122 seconds
[2025-07-11T09:30:23.703+0000] {processor.py:161} INFO - Started process (PID=301) to work on /home/airflow/.local/lib/python3.8/site-packages/airflow/example_dags/example_nested_branch_dag.py
[2025-07-11T09:30:23.705+0000] {processor.py:830} INFO - Processing file /home/airflow/.local/lib/python3.8/site-packages/airflow/example_dags/example_nested_branch_dag.py for tasks to queue
[2025-07-11T09:30:23.707+0000] {logging_mixin.py:188} INFO - [2025-07-11T09:30:23.707+0000] {dagbag.py:538} INFO - Filling up the DagBag from /home/airflow/.local/lib/python3.8/site-packages/airflow/example_dags/example_nested_branch_dag.py
[2025-07-11T09:30:23.724+0000] {processor.py:840} INFO - DAG(s) 'example_nested_branch_dag' retrieved from /home/airflow/.local/lib/python3.8/site-packages/airflow/example_dags/example_nested_branch_dag.py
[2025-07-11T09:30:23.756+0000] {logging_mixin.py:188} INFO - [2025-07-11T09:30:23.756+0000] {dag.py:3036} INFO - Sync 1 DAGs
[2025-07-11T09:30:23.793+0000] {logging_mixin.py:188} INFO - [2025-07-11T09:30:23.792+0000] {dag.py:3823} INFO - Setting next_dagrun for example_nested_branch_dag to 2025-07-10 00:00:00+00:00, run_after=2025-07-11 00:00:00+00:00
[2025-07-11T09:30:23.829+0000] {processor.py:183} INFO - Processing /home/airflow/.local/lib/python3.8/site-packages/airflow/example_dags/example_nested_branch_dag.py took 0.130 seconds
[2025-07-11T09:30:54.384+0000] {processor.py:161} INFO - Started process (PID=356) to work on /home/airflow/.local/lib/python3.8/site-packages/airflow/example_dags/example_nested_branch_dag.py
[2025-07-11T09:30:54.386+0000] {processor.py:830} INFO - Processing file /home/airflow/.local/lib/python3.8/site-packages/airflow/example_dags/example_nested_branch_dag.py for tasks to queue
[2025-07-11T09:30:54.392+0000] {logging_mixin.py:188} INFO - [2025-07-11T09:30:54.391+0000] {dagbag.py:538} INFO - Filling up the DagBag from /home/airflow/.local/lib/python3.8/site-packages/airflow/example_dags/example_nested_branch_dag.py
[2025-07-11T09:30:54.415+0000] {processor.py:840} INFO - DAG(s) 'example_nested_branch_dag' retrieved from /home/airflow/.local/lib/python3.8/site-packages/airflow/example_dags/example_nested_branch_dag.py
[2025-07-11T09:30:54.458+0000] {logging_mixin.py:188} INFO - [2025-07-11T09:30:54.457+0000] {dag.py:3036} INFO - Sync 1 DAGs
[2025-07-11T09:30:54.504+0000] {logging_mixin.py:188} INFO - [2025-07-11T09:30:54.504+0000] {dag.py:3823} INFO - Setting next_dagrun for example_nested_branch_dag to 2025-07-10 00:00:00+00:00, run_after=2025-07-11 00:00:00+00:00
[2025-07-11T09:30:54.545+0000] {processor.py:183} INFO - Processing /home/airflow/.local/lib/python3.8/site-packages/airflow/example_dags/example_nested_branch_dag.py took 0.167 seconds
[2025-07-11T09:31:24.767+0000] {processor.py:161} INFO - Started process (PID=411) to work on /home/airflow/.local/lib/python3.8/site-packages/airflow/example_dags/example_nested_branch_dag.py
[2025-07-11T09:31:24.769+0000] {processor.py:830} INFO - Processing file /home/airflow/.local/lib/python3.8/site-packages/airflow/example_dags/example_nested_branch_dag.py for tasks to queue
[2025-07-11T09:31:24.771+0000] {logging_mixin.py:188} INFO - [2025-07-11T09:31:24.771+0000] {dagbag.py:538} INFO - Filling up the DagBag from /home/airflow/.local/lib/python3.8/site-packages/airflow/example_dags/example_nested_branch_dag.py
[2025-07-11T09:31:24.784+0000] {processor.py:840} INFO - DAG(s) 'example_nested_branch_dag' retrieved from /home/airflow/.local/lib/python3.8/site-packages/airflow/example_dags/example_nested_branch_dag.py
[2025-07-11T09:31:24.815+0000] {logging_mixin.py:188} INFO - [2025-07-11T09:31:24.814+0000] {dag.py:3036} INFO - Sync 1 DAGs
[2025-07-11T09:31:24.854+0000] {logging_mixin.py:188} INFO - [2025-07-11T09:31:24.853+0000] {dag.py:3823} INFO - Setting next_dagrun for example_nested_branch_dag to 2025-07-10 00:00:00+00:00, run_after=2025-07-11 00:00:00+00:00
[2025-07-11T09:31:24.890+0000] {processor.py:183} INFO - Processing /home/airflow/.local/lib/python3.8/site-packages/airflow/example_dags/example_nested_branch_dag.py took 0.127 seconds
[2025-07-11T09:31:55.728+0000] {processor.py:161} INFO - Started process (PID=466) to work on /home/airflow/.local/lib/python3.8/site-packages/airflow/example_dags/example_nested_branch_dag.py
[2025-07-11T09:31:55.729+0000] {processor.py:830} INFO - Processing file /home/airflow/.local/lib/python3.8/site-packages/airflow/example_dags/example_nested_branch_dag.py for tasks to queue
[2025-07-11T09:31:55.732+0000] {logging_mixin.py:188} INFO - [2025-07-11T09:31:55.731+0000] {dagbag.py:538} INFO - Filling up the DagBag from /home/airflow/.local/lib/python3.8/site-packages/airflow/example_dags/example_nested_branch_dag.py
[2025-07-11T09:31:55.751+0000] {processor.py:840} INFO - DAG(s) 'example_nested_branch_dag' retrieved from /home/airflow/.local/lib/python3.8/site-packages/airflow/example_dags/example_nested_branch_dag.py
[2025-07-11T09:31:55.789+0000] {logging_mixin.py:188} INFO - [2025-07-11T09:31:55.788+0000] {dag.py:3036} INFO - Sync 1 DAGs
[2025-07-11T09:31:55.840+0000] {logging_mixin.py:188} INFO - [2025-07-11T09:31:55.840+0000] {dag.py:3823} INFO - Setting next_dagrun for example_nested_branch_dag to 2025-07-10 00:00:00+00:00, run_after=2025-07-11 00:00:00+00:00
[2025-07-11T09:31:55.888+0000] {processor.py:183} INFO - Processing /home/airflow/.local/lib/python3.8/site-packages/airflow/example_dags/example_nested_branch_dag.py took 0.165 seconds
[2025-07-11T09:32:26.849+0000] {processor.py:161} INFO - Started process (PID=521) to work on /home/airflow/.local/lib/python3.8/site-packages/airflow/example_dags/example_nested_branch_dag.py
[2025-07-11T09:32:26.851+0000] {processor.py:830} INFO - Processing file /home/airflow/.local/lib/python3.8/site-packages/airflow/example_dags/example_nested_branch_dag.py for tasks to queue
[2025-07-11T09:32:26.853+0000] {logging_mixin.py:188} INFO - [2025-07-11T09:32:26.853+0000] {dagbag.py:538} INFO - Filling up the DagBag from /home/airflow/.local/lib/python3.8/site-packages/airflow/example_dags/example_nested_branch_dag.py
[2025-07-11T09:32:26.867+0000] {processor.py:840} INFO - DAG(s) 'example_nested_branch_dag' retrieved from /home/airflow/.local/lib/python3.8/site-packages/airflow/example_dags/example_nested_branch_dag.py
[2025-07-11T09:32:26.898+0000] {logging_mixin.py:188} INFO - [2025-07-11T09:32:26.897+0000] {dag.py:3036} INFO - Sync 1 DAGs
[2025-07-11T09:32:26.930+0000] {logging_mixin.py:188} INFO - [2025-07-11T09:32:26.929+0000] {dag.py:3823} INFO - Setting next_dagrun for example_nested_branch_dag to 2025-07-10 00:00:00+00:00, run_after=2025-07-11 00:00:00+00:00
[2025-07-11T09:32:26.958+0000] {processor.py:183} INFO - Processing /home/airflow/.local/lib/python3.8/site-packages/airflow/example_dags/example_nested_branch_dag.py took 0.113 seconds
[2025-07-11T09:32:57.213+0000] {processor.py:161} INFO - Started process (PID=576) to work on /home/airflow/.local/lib/python3.8/site-packages/airflow/example_dags/example_nested_branch_dag.py
[2025-07-11T09:32:57.215+0000] {processor.py:830} INFO - Processing file /home/airflow/.local/lib/python3.8/site-packages/airflow/example_dags/example_nested_branch_dag.py for tasks to queue
[2025-07-11T09:32:57.217+0000] {logging_mixin.py:188} INFO - [2025-07-11T09:32:57.217+0000] {dagbag.py:538} INFO - Filling up the DagBag from /home/airflow/.local/lib/python3.8/site-packages/airflow/example_dags/example_nested_branch_dag.py
[2025-07-11T09:32:57.232+0000] {processor.py:840} INFO - DAG(s) 'example_nested_branch_dag' retrieved from /home/airflow/.local/lib/python3.8/site-packages/airflow/example_dags/example_nested_branch_dag.py
[2025-07-11T09:32:57.264+0000] {logging_mixin.py:188} INFO - [2025-07-11T09:32:57.264+0000] {dag.py:3036} INFO - Sync 1 DAGs
[2025-07-11T09:32:57.302+0000] {logging_mixin.py:188} INFO - [2025-07-11T09:32:57.301+0000] {dag.py:3823} INFO - Setting next_dagrun for example_nested_branch_dag to 2025-07-10 00:00:00+00:00, run_after=2025-07-11 00:00:00+00:00
[2025-07-11T09:32:57.336+0000] {processor.py:183} INFO - Processing /home/airflow/.local/lib/python3.8/site-packages/airflow/example_dags/example_nested_branch_dag.py took 0.127 seconds
[2025-07-11T09:33:27.387+0000] {processor.py:161} INFO - Started process (PID=631) to work on /home/airflow/.local/lib/python3.8/site-packages/airflow/example_dags/example_nested_branch_dag.py
[2025-07-11T09:33:27.389+0000] {processor.py:830} INFO - Processing file /home/airflow/.local/lib/python3.8/site-packages/airflow/example_dags/example_nested_branch_dag.py for tasks to queue
[2025-07-11T09:33:27.392+0000] {logging_mixin.py:188} INFO - [2025-07-11T09:33:27.392+0000] {dagbag.py:538} INFO - Filling up the DagBag from /home/airflow/.local/lib/python3.8/site-packages/airflow/example_dags/example_nested_branch_dag.py
[2025-07-11T09:33:27.407+0000] {processor.py:840} INFO - DAG(s) 'example_nested_branch_dag' retrieved from /home/airflow/.local/lib/python3.8/site-packages/airflow/example_dags/example_nested_branch_dag.py
[2025-07-11T09:33:27.442+0000] {logging_mixin.py:188} INFO - [2025-07-11T09:33:27.441+0000] {dag.py:3036} INFO - Sync 1 DAGs
[2025-07-11T09:33:27.480+0000] {logging_mixin.py:188} INFO - [2025-07-11T09:33:27.480+0000] {dag.py:3823} INFO - Setting next_dagrun for example_nested_branch_dag to 2025-07-10 00:00:00+00:00, run_after=2025-07-11 00:00:00+00:00
[2025-07-11T09:33:27.514+0000] {processor.py:183} INFO - Processing /home/airflow/.local/lib/python3.8/site-packages/airflow/example_dags/example_nested_branch_dag.py took 0.132 seconds
[2025-07-11T09:34:42.460+0000] {processor.py:161} INFO - Started process (PID=82) to work on /home/airflow/.local/lib/python3.8/site-packages/airflow/example_dags/example_nested_branch_dag.py
[2025-07-11T09:34:42.462+0000] {processor.py:830} INFO - Processing file /home/airflow/.local/lib/python3.8/site-packages/airflow/example_dags/example_nested_branch_dag.py for tasks to queue
[2025-07-11T09:34:42.465+0000] {logging_mixin.py:188} INFO - [2025-07-11T09:34:42.464+0000] {dagbag.py:538} INFO - Filling up the DagBag from /home/airflow/.local/lib/python3.8/site-packages/airflow/example_dags/example_nested_branch_dag.py
[2025-07-11T09:34:42.482+0000] {processor.py:840} INFO - DAG(s) 'example_nested_branch_dag' retrieved from /home/airflow/.local/lib/python3.8/site-packages/airflow/example_dags/example_nested_branch_dag.py
[2025-07-11T09:34:42.689+0000] {logging_mixin.py:188} INFO - [2025-07-11T09:34:42.688+0000] {override.py:1769} INFO - Created Permission View: can edit on DAG:example_nested_branch_dag
[2025-07-11T09:34:42.711+0000] {logging_mixin.py:188} INFO - [2025-07-11T09:34:42.711+0000] {override.py:1769} INFO - Created Permission View: can delete on DAG:example_nested_branch_dag
[2025-07-11T09:34:42.731+0000] {logging_mixin.py:188} INFO - [2025-07-11T09:34:42.730+0000] {override.py:1769} INFO - Created Permission View: can read on DAG:example_nested_branch_dag
[2025-07-11T09:34:42.732+0000] {logging_mixin.py:188} INFO - [2025-07-11T09:34:42.731+0000] {dag.py:3036} INFO - Sync 1 DAGs
[2025-07-11T09:34:42.750+0000] {logging_mixin.py:188} INFO - [2025-07-11T09:34:42.750+0000] {dag.py:3058} INFO - Creating ORM DAG for example_nested_branch_dag
[2025-07-11T09:34:42.773+0000] {logging_mixin.py:188} INFO - [2025-07-11T09:34:42.772+0000] {dag.py:3823} INFO - Setting next_dagrun for example_nested_branch_dag to 2025-07-10 00:00:00+00:00, run_after=2025-07-11 00:00:00+00:00
[2025-07-11T09:34:42.810+0000] {processor.py:183} INFO - Processing /home/airflow/.local/lib/python3.8/site-packages/airflow/example_dags/example_nested_branch_dag.py took 0.357 seconds
[2025-07-11T09:35:13.496+0000] {processor.py:161} INFO - Started process (PID=137) to work on /home/airflow/.local/lib/python3.8/site-packages/airflow/example_dags/example_nested_branch_dag.py
[2025-07-11T09:35:13.498+0000] {processor.py:830} INFO - Processing file /home/airflow/.local/lib/python3.8/site-packages/airflow/example_dags/example_nested_branch_dag.py for tasks to queue
[2025-07-11T09:35:13.500+0000] {logging_mixin.py:188} INFO - [2025-07-11T09:35:13.500+0000] {dagbag.py:538} INFO - Filling up the DagBag from /home/airflow/.local/lib/python3.8/site-packages/airflow/example_dags/example_nested_branch_dag.py
[2025-07-11T09:35:13.513+0000] {processor.py:840} INFO - DAG(s) 'example_nested_branch_dag' retrieved from /home/airflow/.local/lib/python3.8/site-packages/airflow/example_dags/example_nested_branch_dag.py
[2025-07-11T09:35:13.542+0000] {logging_mixin.py:188} INFO - [2025-07-11T09:35:13.542+0000] {dag.py:3036} INFO - Sync 1 DAGs
[2025-07-11T09:35:13.574+0000] {logging_mixin.py:188} INFO - [2025-07-11T09:35:13.574+0000] {dag.py:3823} INFO - Setting next_dagrun for example_nested_branch_dag to 2025-07-10 00:00:00+00:00, run_after=2025-07-11 00:00:00+00:00
[2025-07-11T09:35:13.602+0000] {processor.py:183} INFO - Processing /home/airflow/.local/lib/python3.8/site-packages/airflow/example_dags/example_nested_branch_dag.py took 0.110 seconds
[2025-07-11T09:35:43.681+0000] {processor.py:161} INFO - Started process (PID=192) to work on /home/airflow/.local/lib/python3.8/site-packages/airflow/example_dags/example_nested_branch_dag.py
[2025-07-11T09:35:43.683+0000] {processor.py:830} INFO - Processing file /home/airflow/.local/lib/python3.8/site-packages/airflow/example_dags/example_nested_branch_dag.py for tasks to queue
[2025-07-11T09:35:43.685+0000] {logging_mixin.py:188} INFO - [2025-07-11T09:35:43.684+0000] {dagbag.py:538} INFO - Filling up the DagBag from /home/airflow/.local/lib/python3.8/site-packages/airflow/example_dags/example_nested_branch_dag.py
[2025-07-11T09:35:43.698+0000] {processor.py:840} INFO - DAG(s) 'example_nested_branch_dag' retrieved from /home/airflow/.local/lib/python3.8/site-packages/airflow/example_dags/example_nested_branch_dag.py
[2025-07-11T09:35:43.728+0000] {logging_mixin.py:188} INFO - [2025-07-11T09:35:43.727+0000] {dag.py:3036} INFO - Sync 1 DAGs
[2025-07-11T09:35:43.759+0000] {logging_mixin.py:188} INFO - [2025-07-11T09:35:43.758+0000] {dag.py:3823} INFO - Setting next_dagrun for example_nested_branch_dag to 2025-07-10 00:00:00+00:00, run_after=2025-07-11 00:00:00+00:00
[2025-07-11T09:35:43.787+0000] {processor.py:183} INFO - Processing /home/airflow/.local/lib/python3.8/site-packages/airflow/example_dags/example_nested_branch_dag.py took 0.110 seconds
[2025-07-11T09:36:14.348+0000] {processor.py:161} INFO - Started process (PID=247) to work on /home/airflow/.local/lib/python3.8/site-packages/airflow/example_dags/example_nested_branch_dag.py
[2025-07-11T09:36:14.350+0000] {processor.py:830} INFO - Processing file /home/airflow/.local/lib/python3.8/site-packages/airflow/example_dags/example_nested_branch_dag.py for tasks to queue
[2025-07-11T09:36:14.352+0000] {logging_mixin.py:188} INFO - [2025-07-11T09:36:14.352+0000] {dagbag.py:538} INFO - Filling up the DagBag from /home/airflow/.local/lib/python3.8/site-packages/airflow/example_dags/example_nested_branch_dag.py
[2025-07-11T09:36:14.365+0000] {processor.py:840} INFO - DAG(s) 'example_nested_branch_dag' retrieved from /home/airflow/.local/lib/python3.8/site-packages/airflow/example_dags/example_nested_branch_dag.py
[2025-07-11T09:36:14.395+0000] {logging_mixin.py:188} INFO - [2025-07-11T09:36:14.394+0000] {dag.py:3036} INFO - Sync 1 DAGs
[2025-07-11T09:36:14.429+0000] {logging_mixin.py:188} INFO - [2025-07-11T09:36:14.429+0000] {dag.py:3823} INFO - Setting next_dagrun for example_nested_branch_dag to 2025-07-10 00:00:00+00:00, run_after=2025-07-11 00:00:00+00:00
[2025-07-11T09:36:14.459+0000] {processor.py:183} INFO - Processing /home/airflow/.local/lib/python3.8/site-packages/airflow/example_dags/example_nested_branch_dag.py took 0.115 seconds
[2025-07-11T09:36:44.574+0000] {processor.py:161} INFO - Started process (PID=302) to work on /home/airflow/.local/lib/python3.8/site-packages/airflow/example_dags/example_nested_branch_dag.py
[2025-07-11T09:36:44.576+0000] {processor.py:830} INFO - Processing file /home/airflow/.local/lib/python3.8/site-packages/airflow/example_dags/example_nested_branch_dag.py for tasks to queue
[2025-07-11T09:36:44.578+0000] {logging_mixin.py:188} INFO - [2025-07-11T09:36:44.578+0000] {dagbag.py:538} INFO - Filling up the DagBag from /home/airflow/.local/lib/python3.8/site-packages/airflow/example_dags/example_nested_branch_dag.py
[2025-07-11T09:36:44.594+0000] {processor.py:840} INFO - DAG(s) 'example_nested_branch_dag' retrieved from /home/airflow/.local/lib/python3.8/site-packages/airflow/example_dags/example_nested_branch_dag.py
[2025-07-11T09:36:44.623+0000] {logging_mixin.py:188} INFO - [2025-07-11T09:36:44.623+0000] {dag.py:3036} INFO - Sync 1 DAGs
[2025-07-11T09:36:44.662+0000] {logging_mixin.py:188} INFO - [2025-07-11T09:36:44.662+0000] {dag.py:3823} INFO - Setting next_dagrun for example_nested_branch_dag to 2025-07-10 00:00:00+00:00, run_after=2025-07-11 00:00:00+00:00
[2025-07-11T09:36:44.695+0000] {processor.py:183} INFO - Processing /home/airflow/.local/lib/python3.8/site-packages/airflow/example_dags/example_nested_branch_dag.py took 0.125 seconds
[2025-07-11T09:37:14.990+0000] {processor.py:161} INFO - Started process (PID=357) to work on /home/airflow/.local/lib/python3.8/site-packages/airflow/example_dags/example_nested_branch_dag.py
[2025-07-11T09:37:14.993+0000] {processor.py:830} INFO - Processing file /home/airflow/.local/lib/python3.8/site-packages/airflow/example_dags/example_nested_branch_dag.py for tasks to queue
[2025-07-11T09:37:14.996+0000] {logging_mixin.py:188} INFO - [2025-07-11T09:37:14.995+0000] {dagbag.py:538} INFO - Filling up the DagBag from /home/airflow/.local/lib/python3.8/site-packages/airflow/example_dags/example_nested_branch_dag.py
[2025-07-11T09:37:15.010+0000] {processor.py:840} INFO - DAG(s) 'example_nested_branch_dag' retrieved from /home/airflow/.local/lib/python3.8/site-packages/airflow/example_dags/example_nested_branch_dag.py
[2025-07-11T09:37:15.042+0000] {logging_mixin.py:188} INFO - [2025-07-11T09:37:15.041+0000] {dag.py:3036} INFO - Sync 1 DAGs
[2025-07-11T09:37:15.077+0000] {logging_mixin.py:188} INFO - [2025-07-11T09:37:15.077+0000] {dag.py:3823} INFO - Setting next_dagrun for example_nested_branch_dag to 2025-07-10 00:00:00+00:00, run_after=2025-07-11 00:00:00+00:00
[2025-07-11T09:37:15.107+0000] {processor.py:183} INFO - Processing /home/airflow/.local/lib/python3.8/site-packages/airflow/example_dags/example_nested_branch_dag.py took 0.123 seconds
[2025-07-11T09:37:45.258+0000] {processor.py:161} INFO - Started process (PID=412) to work on /home/airflow/.local/lib/python3.8/site-packages/airflow/example_dags/example_nested_branch_dag.py
[2025-07-11T09:37:45.260+0000] {processor.py:830} INFO - Processing file /home/airflow/.local/lib/python3.8/site-packages/airflow/example_dags/example_nested_branch_dag.py for tasks to queue
[2025-07-11T09:37:45.264+0000] {logging_mixin.py:188} INFO - [2025-07-11T09:37:45.263+0000] {dagbag.py:538} INFO - Filling up the DagBag from /home/airflow/.local/lib/python3.8/site-packages/airflow/example_dags/example_nested_branch_dag.py
[2025-07-11T09:37:45.287+0000] {processor.py:840} INFO - DAG(s) 'example_nested_branch_dag' retrieved from /home/airflow/.local/lib/python3.8/site-packages/airflow/example_dags/example_nested_branch_dag.py
[2025-07-11T09:37:45.331+0000] {logging_mixin.py:188} INFO - [2025-07-11T09:37:45.330+0000] {dag.py:3036} INFO - Sync 1 DAGs
[2025-07-11T09:37:45.380+0000] {logging_mixin.py:188} INFO - [2025-07-11T09:37:45.380+0000] {dag.py:3823} INFO - Setting next_dagrun for example_nested_branch_dag to 2025-07-10 00:00:00+00:00, run_after=2025-07-11 00:00:00+00:00
[2025-07-11T09:37:45.420+0000] {processor.py:183} INFO - Processing /home/airflow/.local/lib/python3.8/site-packages/airflow/example_dags/example_nested_branch_dag.py took 0.167 seconds
[2025-07-11T09:38:15.480+0000] {processor.py:161} INFO - Started process (PID=467) to work on /home/airflow/.local/lib/python3.8/site-packages/airflow/example_dags/example_nested_branch_dag.py
[2025-07-11T09:38:15.481+0000] {processor.py:830} INFO - Processing file /home/airflow/.local/lib/python3.8/site-packages/airflow/example_dags/example_nested_branch_dag.py for tasks to queue
[2025-07-11T09:38:15.483+0000] {logging_mixin.py:188} INFO - [2025-07-11T09:38:15.483+0000] {dagbag.py:538} INFO - Filling up the DagBag from /home/airflow/.local/lib/python3.8/site-packages/airflow/example_dags/example_nested_branch_dag.py
[2025-07-11T09:38:15.497+0000] {processor.py:840} INFO - DAG(s) 'example_nested_branch_dag' retrieved from /home/airflow/.local/lib/python3.8/site-packages/airflow/example_dags/example_nested_branch_dag.py
[2025-07-11T09:38:15.527+0000] {logging_mixin.py:188} INFO - [2025-07-11T09:38:15.527+0000] {dag.py:3036} INFO - Sync 1 DAGs
[2025-07-11T09:38:15.558+0000] {logging_mixin.py:188} INFO - [2025-07-11T09:38:15.558+0000] {dag.py:3823} INFO - Setting next_dagrun for example_nested_branch_dag to 2025-07-10 00:00:00+00:00, run_after=2025-07-11 00:00:00+00:00
[2025-07-11T09:38:15.586+0000] {processor.py:183} INFO - Processing /home/airflow/.local/lib/python3.8/site-packages/airflow/example_dags/example_nested_branch_dag.py took 0.110 seconds
[2025-07-11T09:38:45.982+0000] {processor.py:161} INFO - Started process (PID=522) to work on /home/airflow/.local/lib/python3.8/site-packages/airflow/example_dags/example_nested_branch_dag.py
[2025-07-11T09:38:45.984+0000] {processor.py:830} INFO - Processing file /home/airflow/.local/lib/python3.8/site-packages/airflow/example_dags/example_nested_branch_dag.py for tasks to queue
[2025-07-11T09:38:45.986+0000] {logging_mixin.py:188} INFO - [2025-07-11T09:38:45.986+0000] {dagbag.py:538} INFO - Filling up the DagBag from /home/airflow/.local/lib/python3.8/site-packages/airflow/example_dags/example_nested_branch_dag.py
[2025-07-11T09:38:46.001+0000] {processor.py:840} INFO - DAG(s) 'example_nested_branch_dag' retrieved from /home/airflow/.local/lib/python3.8/site-packages/airflow/example_dags/example_nested_branch_dag.py
[2025-07-11T09:38:46.031+0000] {logging_mixin.py:188} INFO - [2025-07-11T09:38:46.030+0000] {dag.py:3036} INFO - Sync 1 DAGs
[2025-07-11T09:38:46.068+0000] {logging_mixin.py:188} INFO - [2025-07-11T09:38:46.067+0000] {dag.py:3823} INFO - Setting next_dagrun for example_nested_branch_dag to 2025-07-10 00:00:00+00:00, run_after=2025-07-11 00:00:00+00:00
[2025-07-11T09:38:46.099+0000] {processor.py:183} INFO - Processing /home/airflow/.local/lib/python3.8/site-packages/airflow/example_dags/example_nested_branch_dag.py took 0.121 seconds
[2025-07-11T09:39:16.423+0000] {processor.py:161} INFO - Started process (PID=578) to work on /home/airflow/.local/lib/python3.8/site-packages/airflow/example_dags/example_nested_branch_dag.py
[2025-07-11T09:39:16.425+0000] {processor.py:830} INFO - Processing file /home/airflow/.local/lib/python3.8/site-packages/airflow/example_dags/example_nested_branch_dag.py for tasks to queue
[2025-07-11T09:39:16.427+0000] {logging_mixin.py:188} INFO - [2025-07-11T09:39:16.427+0000] {dagbag.py:538} INFO - Filling up the DagBag from /home/airflow/.local/lib/python3.8/site-packages/airflow/example_dags/example_nested_branch_dag.py
[2025-07-11T09:39:16.444+0000] {processor.py:840} INFO - DAG(s) 'example_nested_branch_dag' retrieved from /home/airflow/.local/lib/python3.8/site-packages/airflow/example_dags/example_nested_branch_dag.py
[2025-07-11T09:39:16.476+0000] {logging_mixin.py:188} INFO - [2025-07-11T09:39:16.475+0000] {dag.py:3036} INFO - Sync 1 DAGs
[2025-07-11T09:39:16.514+0000] {logging_mixin.py:188} INFO - [2025-07-11T09:39:16.514+0000] {dag.py:3823} INFO - Setting next_dagrun for example_nested_branch_dag to 2025-07-10 00:00:00+00:00, run_after=2025-07-11 00:00:00+00:00
[2025-07-11T09:39:16.549+0000] {processor.py:183} INFO - Processing /home/airflow/.local/lib/python3.8/site-packages/airflow/example_dags/example_nested_branch_dag.py took 0.131 seconds
[2025-07-11T09:39:46.767+0000] {processor.py:161} INFO - Started process (PID=633) to work on /home/airflow/.local/lib/python3.8/site-packages/airflow/example_dags/example_nested_branch_dag.py
[2025-07-11T09:39:46.768+0000] {processor.py:830} INFO - Processing file /home/airflow/.local/lib/python3.8/site-packages/airflow/example_dags/example_nested_branch_dag.py for tasks to queue
[2025-07-11T09:39:46.771+0000] {logging_mixin.py:188} INFO - [2025-07-11T09:39:46.770+0000] {dagbag.py:538} INFO - Filling up the DagBag from /home/airflow/.local/lib/python3.8/site-packages/airflow/example_dags/example_nested_branch_dag.py
[2025-07-11T09:39:46.785+0000] {processor.py:840} INFO - DAG(s) 'example_nested_branch_dag' retrieved from /home/airflow/.local/lib/python3.8/site-packages/airflow/example_dags/example_nested_branch_dag.py
[2025-07-11T09:39:46.815+0000] {logging_mixin.py:188} INFO - [2025-07-11T09:39:46.815+0000] {dag.py:3036} INFO - Sync 1 DAGs
[2025-07-11T09:39:46.847+0000] {logging_mixin.py:188} INFO - [2025-07-11T09:39:46.846+0000] {dag.py:3823} INFO - Setting next_dagrun for example_nested_branch_dag to 2025-07-10 00:00:00+00:00, run_after=2025-07-11 00:00:00+00:00
[2025-07-11T09:39:46.876+0000] {processor.py:183} INFO - Processing /home/airflow/.local/lib/python3.8/site-packages/airflow/example_dags/example_nested_branch_dag.py took 0.114 seconds
[2025-07-11T09:40:17.205+0000] {processor.py:161} INFO - Started process (PID=688) to work on /home/airflow/.local/lib/python3.8/site-packages/airflow/example_dags/example_nested_branch_dag.py
[2025-07-11T09:40:17.206+0000] {processor.py:830} INFO - Processing file /home/airflow/.local/lib/python3.8/site-packages/airflow/example_dags/example_nested_branch_dag.py for tasks to queue
[2025-07-11T09:40:17.210+0000] {logging_mixin.py:188} INFO - [2025-07-11T09:40:17.209+0000] {dagbag.py:538} INFO - Filling up the DagBag from /home/airflow/.local/lib/python3.8/site-packages/airflow/example_dags/example_nested_branch_dag.py
[2025-07-11T09:40:17.224+0000] {processor.py:840} INFO - DAG(s) 'example_nested_branch_dag' retrieved from /home/airflow/.local/lib/python3.8/site-packages/airflow/example_dags/example_nested_branch_dag.py
[2025-07-11T09:40:17.256+0000] {logging_mixin.py:188} INFO - [2025-07-11T09:40:17.256+0000] {dag.py:3036} INFO - Sync 1 DAGs
[2025-07-11T09:40:17.296+0000] {logging_mixin.py:188} INFO - [2025-07-11T09:40:17.295+0000] {dag.py:3823} INFO - Setting next_dagrun for example_nested_branch_dag to 2025-07-10 00:00:00+00:00, run_after=2025-07-11 00:00:00+00:00
[2025-07-11T09:40:17.332+0000] {processor.py:183} INFO - Processing /home/airflow/.local/lib/python3.8/site-packages/airflow/example_dags/example_nested_branch_dag.py took 0.132 seconds
[2025-07-11T09:40:47.663+0000] {processor.py:161} INFO - Started process (PID=743) to work on /home/airflow/.local/lib/python3.8/site-packages/airflow/example_dags/example_nested_branch_dag.py
[2025-07-11T09:40:47.665+0000] {processor.py:830} INFO - Processing file /home/airflow/.local/lib/python3.8/site-packages/airflow/example_dags/example_nested_branch_dag.py for tasks to queue
[2025-07-11T09:40:47.668+0000] {logging_mixin.py:188} INFO - [2025-07-11T09:40:47.668+0000] {dagbag.py:538} INFO - Filling up the DagBag from /home/airflow/.local/lib/python3.8/site-packages/airflow/example_dags/example_nested_branch_dag.py
[2025-07-11T09:40:47.687+0000] {processor.py:840} INFO - DAG(s) 'example_nested_branch_dag' retrieved from /home/airflow/.local/lib/python3.8/site-packages/airflow/example_dags/example_nested_branch_dag.py
[2025-07-11T09:40:47.722+0000] {logging_mixin.py:188} INFO - [2025-07-11T09:40:47.721+0000] {dag.py:3036} INFO - Sync 1 DAGs
[2025-07-11T09:40:47.764+0000] {logging_mixin.py:188} INFO - [2025-07-11T09:40:47.764+0000] {dag.py:3823} INFO - Setting next_dagrun for example_nested_branch_dag to 2025-07-10 00:00:00+00:00, run_after=2025-07-11 00:00:00+00:00
[2025-07-11T09:40:47.798+0000] {processor.py:183} INFO - Processing /home/airflow/.local/lib/python3.8/site-packages/airflow/example_dags/example_nested_branch_dag.py took 0.140 seconds
[2025-07-11T09:41:17.881+0000] {processor.py:161} INFO - Started process (PID=798) to work on /home/airflow/.local/lib/python3.8/site-packages/airflow/example_dags/example_nested_branch_dag.py
[2025-07-11T09:41:17.883+0000] {processor.py:830} INFO - Processing file /home/airflow/.local/lib/python3.8/site-packages/airflow/example_dags/example_nested_branch_dag.py for tasks to queue
[2025-07-11T09:41:17.887+0000] {logging_mixin.py:188} INFO - [2025-07-11T09:41:17.886+0000] {dagbag.py:538} INFO - Filling up the DagBag from /home/airflow/.local/lib/python3.8/site-packages/airflow/example_dags/example_nested_branch_dag.py
[2025-07-11T09:41:17.903+0000] {processor.py:840} INFO - DAG(s) 'example_nested_branch_dag' retrieved from /home/airflow/.local/lib/python3.8/site-packages/airflow/example_dags/example_nested_branch_dag.py
[2025-07-11T09:41:17.939+0000] {logging_mixin.py:188} INFO - [2025-07-11T09:41:17.938+0000] {dag.py:3036} INFO - Sync 1 DAGs
[2025-07-11T09:41:17.984+0000] {logging_mixin.py:188} INFO - [2025-07-11T09:41:17.984+0000] {dag.py:3823} INFO - Setting next_dagrun for example_nested_branch_dag to 2025-07-10 00:00:00+00:00, run_after=2025-07-11 00:00:00+00:00
[2025-07-11T09:41:18.024+0000] {processor.py:183} INFO - Processing /home/airflow/.local/lib/python3.8/site-packages/airflow/example_dags/example_nested_branch_dag.py took 0.149 seconds
[2025-07-11T09:41:48.487+0000] {processor.py:161} INFO - Started process (PID=853) to work on /home/airflow/.local/lib/python3.8/site-packages/airflow/example_dags/example_nested_branch_dag.py
[2025-07-11T09:41:48.489+0000] {processor.py:830} INFO - Processing file /home/airflow/.local/lib/python3.8/site-packages/airflow/example_dags/example_nested_branch_dag.py for tasks to queue
[2025-07-11T09:41:48.492+0000] {logging_mixin.py:188} INFO - [2025-07-11T09:41:48.491+0000] {dagbag.py:538} INFO - Filling up the DagBag from /home/airflow/.local/lib/python3.8/site-packages/airflow/example_dags/example_nested_branch_dag.py
[2025-07-11T09:41:48.508+0000] {processor.py:840} INFO - DAG(s) 'example_nested_branch_dag' retrieved from /home/airflow/.local/lib/python3.8/site-packages/airflow/example_dags/example_nested_branch_dag.py
[2025-07-11T09:41:48.540+0000] {logging_mixin.py:188} INFO - [2025-07-11T09:41:48.539+0000] {dag.py:3036} INFO - Sync 1 DAGs
[2025-07-11T09:41:48.577+0000] {logging_mixin.py:188} INFO - [2025-07-11T09:41:48.576+0000] {dag.py:3823} INFO - Setting next_dagrun for example_nested_branch_dag to 2025-07-10 00:00:00+00:00, run_after=2025-07-11 00:00:00+00:00
[2025-07-11T09:41:48.611+0000] {processor.py:183} INFO - Processing /home/airflow/.local/lib/python3.8/site-packages/airflow/example_dags/example_nested_branch_dag.py took 0.129 seconds
[2025-07-11T09:42:18.808+0000] {processor.py:161} INFO - Started process (PID=908) to work on /home/airflow/.local/lib/python3.8/site-packages/airflow/example_dags/example_nested_branch_dag.py
[2025-07-11T09:42:18.810+0000] {processor.py:830} INFO - Processing file /home/airflow/.local/lib/python3.8/site-packages/airflow/example_dags/example_nested_branch_dag.py for tasks to queue
[2025-07-11T09:42:18.812+0000] {logging_mixin.py:188} INFO - [2025-07-11T09:42:18.811+0000] {dagbag.py:538} INFO - Filling up the DagBag from /home/airflow/.local/lib/python3.8/site-packages/airflow/example_dags/example_nested_branch_dag.py
[2025-07-11T09:42:18.828+0000] {processor.py:840} INFO - DAG(s) 'example_nested_branch_dag' retrieved from /home/airflow/.local/lib/python3.8/site-packages/airflow/example_dags/example_nested_branch_dag.py
[2025-07-11T09:42:18.859+0000] {logging_mixin.py:188} INFO - [2025-07-11T09:42:18.858+0000] {dag.py:3036} INFO - Sync 1 DAGs
[2025-07-11T09:42:18.896+0000] {logging_mixin.py:188} INFO - [2025-07-11T09:42:18.896+0000] {dag.py:3823} INFO - Setting next_dagrun for example_nested_branch_dag to 2025-07-10 00:00:00+00:00, run_after=2025-07-11 00:00:00+00:00
[2025-07-11T09:42:18.929+0000] {processor.py:183} INFO - Processing /home/airflow/.local/lib/python3.8/site-packages/airflow/example_dags/example_nested_branch_dag.py took 0.127 seconds
[2025-07-11T09:42:49.270+0000] {processor.py:161} INFO - Started process (PID=963) to work on /home/airflow/.local/lib/python3.8/site-packages/airflow/example_dags/example_nested_branch_dag.py
[2025-07-11T09:42:49.273+0000] {processor.py:830} INFO - Processing file /home/airflow/.local/lib/python3.8/site-packages/airflow/example_dags/example_nested_branch_dag.py for tasks to queue
[2025-07-11T09:42:49.276+0000] {logging_mixin.py:188} INFO - [2025-07-11T09:42:49.276+0000] {dagbag.py:538} INFO - Filling up the DagBag from /home/airflow/.local/lib/python3.8/site-packages/airflow/example_dags/example_nested_branch_dag.py
[2025-07-11T09:42:49.303+0000] {processor.py:840} INFO - DAG(s) 'example_nested_branch_dag' retrieved from /home/airflow/.local/lib/python3.8/site-packages/airflow/example_dags/example_nested_branch_dag.py
[2025-07-11T09:42:49.339+0000] {logging_mixin.py:188} INFO - [2025-07-11T09:42:49.339+0000] {dag.py:3036} INFO - Sync 1 DAGs
[2025-07-11T09:42:49.377+0000] {logging_mixin.py:188} INFO - [2025-07-11T09:42:49.377+0000] {dag.py:3823} INFO - Setting next_dagrun for example_nested_branch_dag to 2025-07-10 00:00:00+00:00, run_after=2025-07-11 00:00:00+00:00
[2025-07-11T09:42:49.411+0000] {processor.py:183} INFO - Processing /home/airflow/.local/lib/python3.8/site-packages/airflow/example_dags/example_nested_branch_dag.py took 0.152 seconds
[2025-07-11T09:43:19.694+0000] {processor.py:161} INFO - Started process (PID=1018) to work on /home/airflow/.local/lib/python3.8/site-packages/airflow/example_dags/example_nested_branch_dag.py
[2025-07-11T09:43:19.696+0000] {processor.py:830} INFO - Processing file /home/airflow/.local/lib/python3.8/site-packages/airflow/example_dags/example_nested_branch_dag.py for tasks to queue
[2025-07-11T09:43:19.698+0000] {logging_mixin.py:188} INFO - [2025-07-11T09:43:19.698+0000] {dagbag.py:538} INFO - Filling up the DagBag from /home/airflow/.local/lib/python3.8/site-packages/airflow/example_dags/example_nested_branch_dag.py
[2025-07-11T09:43:19.715+0000] {processor.py:840} INFO - DAG(s) 'example_nested_branch_dag' retrieved from /home/airflow/.local/lib/python3.8/site-packages/airflow/example_dags/example_nested_branch_dag.py
[2025-07-11T09:43:19.750+0000] {logging_mixin.py:188} INFO - [2025-07-11T09:43:19.750+0000] {dag.py:3036} INFO - Sync 1 DAGs
[2025-07-11T09:43:19.791+0000] {logging_mixin.py:188} INFO - [2025-07-11T09:43:19.790+0000] {dag.py:3823} INFO - Setting next_dagrun for example_nested_branch_dag to 2025-07-10 00:00:00+00:00, run_after=2025-07-11 00:00:00+00:00
[2025-07-11T09:43:19.826+0000] {processor.py:183} INFO - Processing /home/airflow/.local/lib/python3.8/site-packages/airflow/example_dags/example_nested_branch_dag.py took 0.136 seconds
[2025-07-11T09:43:50.018+0000] {processor.py:161} INFO - Started process (PID=1073) to work on /home/airflow/.local/lib/python3.8/site-packages/airflow/example_dags/example_nested_branch_dag.py
[2025-07-11T09:43:50.021+0000] {processor.py:830} INFO - Processing file /home/airflow/.local/lib/python3.8/site-packages/airflow/example_dags/example_nested_branch_dag.py for tasks to queue
[2025-07-11T09:43:50.023+0000] {logging_mixin.py:188} INFO - [2025-07-11T09:43:50.023+0000] {dagbag.py:538} INFO - Filling up the DagBag from /home/airflow/.local/lib/python3.8/site-packages/airflow/example_dags/example_nested_branch_dag.py
[2025-07-11T09:43:50.037+0000] {processor.py:840} INFO - DAG(s) 'example_nested_branch_dag' retrieved from /home/airflow/.local/lib/python3.8/site-packages/airflow/example_dags/example_nested_branch_dag.py
[2025-07-11T09:43:50.065+0000] {logging_mixin.py:188} INFO - [2025-07-11T09:43:50.065+0000] {dag.py:3036} INFO - Sync 1 DAGs
[2025-07-11T09:43:50.098+0000] {logging_mixin.py:188} INFO - [2025-07-11T09:43:50.097+0000] {dag.py:3823} INFO - Setting next_dagrun for example_nested_branch_dag to 2025-07-10 00:00:00+00:00, run_after=2025-07-11 00:00:00+00:00
[2025-07-11T09:43:50.131+0000] {processor.py:183} INFO - Processing /home/airflow/.local/lib/python3.8/site-packages/airflow/example_dags/example_nested_branch_dag.py took 0.117 seconds
[2025-07-11T09:44:20.463+0000] {processor.py:161} INFO - Started process (PID=1129) to work on /home/airflow/.local/lib/python3.8/site-packages/airflow/example_dags/example_nested_branch_dag.py
[2025-07-11T09:44:20.464+0000] {processor.py:830} INFO - Processing file /home/airflow/.local/lib/python3.8/site-packages/airflow/example_dags/example_nested_branch_dag.py for tasks to queue
[2025-07-11T09:44:20.467+0000] {logging_mixin.py:188} INFO - [2025-07-11T09:44:20.466+0000] {dagbag.py:538} INFO - Filling up the DagBag from /home/airflow/.local/lib/python3.8/site-packages/airflow/example_dags/example_nested_branch_dag.py
[2025-07-11T09:44:20.481+0000] {processor.py:840} INFO - DAG(s) 'example_nested_branch_dag' retrieved from /home/airflow/.local/lib/python3.8/site-packages/airflow/example_dags/example_nested_branch_dag.py
[2025-07-11T09:44:20.512+0000] {logging_mixin.py:188} INFO - [2025-07-11T09:44:20.512+0000] {dag.py:3036} INFO - Sync 1 DAGs
[2025-07-11T09:44:20.547+0000] {logging_mixin.py:188} INFO - [2025-07-11T09:44:20.547+0000] {dag.py:3823} INFO - Setting next_dagrun for example_nested_branch_dag to 2025-07-10 00:00:00+00:00, run_after=2025-07-11 00:00:00+00:00
[2025-07-11T09:44:20.579+0000] {processor.py:183} INFO - Processing /home/airflow/.local/lib/python3.8/site-packages/airflow/example_dags/example_nested_branch_dag.py took 0.121 seconds
[2025-07-11T09:44:50.933+0000] {processor.py:161} INFO - Started process (PID=1184) to work on /home/airflow/.local/lib/python3.8/site-packages/airflow/example_dags/example_nested_branch_dag.py
[2025-07-11T09:44:50.936+0000] {processor.py:830} INFO - Processing file /home/airflow/.local/lib/python3.8/site-packages/airflow/example_dags/example_nested_branch_dag.py for tasks to queue
[2025-07-11T09:44:50.938+0000] {logging_mixin.py:188} INFO - [2025-07-11T09:44:50.938+0000] {dagbag.py:538} INFO - Filling up the DagBag from /home/airflow/.local/lib/python3.8/site-packages/airflow/example_dags/example_nested_branch_dag.py
[2025-07-11T09:44:50.952+0000] {processor.py:840} INFO - DAG(s) 'example_nested_branch_dag' retrieved from /home/airflow/.local/lib/python3.8/site-packages/airflow/example_dags/example_nested_branch_dag.py
[2025-07-11T09:44:50.985+0000] {logging_mixin.py:188} INFO - [2025-07-11T09:44:50.985+0000] {dag.py:3036} INFO - Sync 1 DAGs
[2025-07-11T09:44:51.021+0000] {logging_mixin.py:188} INFO - [2025-07-11T09:44:51.021+0000] {dag.py:3823} INFO - Setting next_dagrun for example_nested_branch_dag to 2025-07-10 00:00:00+00:00, run_after=2025-07-11 00:00:00+00:00
[2025-07-11T09:44:51.055+0000] {processor.py:183} INFO - Processing /home/airflow/.local/lib/python3.8/site-packages/airflow/example_dags/example_nested_branch_dag.py took 0.126 seconds
[2025-07-11T09:45:21.331+0000] {processor.py:161} INFO - Started process (PID=1239) to work on /home/airflow/.local/lib/python3.8/site-packages/airflow/example_dags/example_nested_branch_dag.py
[2025-07-11T09:45:21.333+0000] {processor.py:830} INFO - Processing file /home/airflow/.local/lib/python3.8/site-packages/airflow/example_dags/example_nested_branch_dag.py for tasks to queue
[2025-07-11T09:45:21.336+0000] {logging_mixin.py:188} INFO - [2025-07-11T09:45:21.336+0000] {dagbag.py:538} INFO - Filling up the DagBag from /home/airflow/.local/lib/python3.8/site-packages/airflow/example_dags/example_nested_branch_dag.py
[2025-07-11T09:45:21.351+0000] {processor.py:840} INFO - DAG(s) 'example_nested_branch_dag' retrieved from /home/airflow/.local/lib/python3.8/site-packages/airflow/example_dags/example_nested_branch_dag.py
[2025-07-11T09:45:21.381+0000] {logging_mixin.py:188} INFO - [2025-07-11T09:45:21.381+0000] {dag.py:3036} INFO - Sync 1 DAGs
[2025-07-11T09:45:21.426+0000] {logging_mixin.py:188} INFO - [2025-07-11T09:45:21.426+0000] {dag.py:3823} INFO - Setting next_dagrun for example_nested_branch_dag to 2025-07-10 00:00:00+00:00, run_after=2025-07-11 00:00:00+00:00
[2025-07-11T09:45:21.462+0000] {processor.py:183} INFO - Processing /home/airflow/.local/lib/python3.8/site-packages/airflow/example_dags/example_nested_branch_dag.py took 0.135 seconds
[2025-07-11T09:45:51.793+0000] {processor.py:161} INFO - Started process (PID=1294) to work on /home/airflow/.local/lib/python3.8/site-packages/airflow/example_dags/example_nested_branch_dag.py
[2025-07-11T09:45:51.795+0000] {processor.py:830} INFO - Processing file /home/airflow/.local/lib/python3.8/site-packages/airflow/example_dags/example_nested_branch_dag.py for tasks to queue
[2025-07-11T09:45:51.797+0000] {logging_mixin.py:188} INFO - [2025-07-11T09:45:51.797+0000] {dagbag.py:538} INFO - Filling up the DagBag from /home/airflow/.local/lib/python3.8/site-packages/airflow/example_dags/example_nested_branch_dag.py
[2025-07-11T09:45:51.813+0000] {processor.py:840} INFO - DAG(s) 'example_nested_branch_dag' retrieved from /home/airflow/.local/lib/python3.8/site-packages/airflow/example_dags/example_nested_branch_dag.py
[2025-07-11T09:45:51.842+0000] {logging_mixin.py:188} INFO - [2025-07-11T09:45:51.841+0000] {dag.py:3036} INFO - Sync 1 DAGs
[2025-07-11T09:45:51.878+0000] {logging_mixin.py:188} INFO - [2025-07-11T09:45:51.878+0000] {dag.py:3823} INFO - Setting next_dagrun for example_nested_branch_dag to 2025-07-10 00:00:00+00:00, run_after=2025-07-11 00:00:00+00:00
[2025-07-11T09:45:51.911+0000] {processor.py:183} INFO - Processing /home/airflow/.local/lib/python3.8/site-packages/airflow/example_dags/example_nested_branch_dag.py took 0.123 seconds
[2025-07-11T09:46:22.226+0000] {processor.py:161} INFO - Started process (PID=1349) to work on /home/airflow/.local/lib/python3.8/site-packages/airflow/example_dags/example_nested_branch_dag.py
[2025-07-11T09:46:22.228+0000] {processor.py:830} INFO - Processing file /home/airflow/.local/lib/python3.8/site-packages/airflow/example_dags/example_nested_branch_dag.py for tasks to queue
[2025-07-11T09:46:22.231+0000] {logging_mixin.py:188} INFO - [2025-07-11T09:46:22.230+0000] {dagbag.py:538} INFO - Filling up the DagBag from /home/airflow/.local/lib/python3.8/site-packages/airflow/example_dags/example_nested_branch_dag.py
[2025-07-11T09:46:22.245+0000] {processor.py:840} INFO - DAG(s) 'example_nested_branch_dag' retrieved from /home/airflow/.local/lib/python3.8/site-packages/airflow/example_dags/example_nested_branch_dag.py
[2025-07-11T09:46:22.274+0000] {logging_mixin.py:188} INFO - [2025-07-11T09:46:22.274+0000] {dag.py:3036} INFO - Sync 1 DAGs
[2025-07-11T09:46:22.307+0000] {logging_mixin.py:188} INFO - [2025-07-11T09:46:22.307+0000] {dag.py:3823} INFO - Setting next_dagrun for example_nested_branch_dag to 2025-07-10 00:00:00+00:00, run_after=2025-07-11 00:00:00+00:00
[2025-07-11T09:46:22.340+0000] {processor.py:183} INFO - Processing /home/airflow/.local/lib/python3.8/site-packages/airflow/example_dags/example_nested_branch_dag.py took 0.117 seconds
[2025-07-11T09:46:52.565+0000] {processor.py:161} INFO - Started process (PID=1404) to work on /home/airflow/.local/lib/python3.8/site-packages/airflow/example_dags/example_nested_branch_dag.py
[2025-07-11T09:46:52.566+0000] {processor.py:830} INFO - Processing file /home/airflow/.local/lib/python3.8/site-packages/airflow/example_dags/example_nested_branch_dag.py for tasks to queue
[2025-07-11T09:46:52.569+0000] {logging_mixin.py:188} INFO - [2025-07-11T09:46:52.568+0000] {dagbag.py:538} INFO - Filling up the DagBag from /home/airflow/.local/lib/python3.8/site-packages/airflow/example_dags/example_nested_branch_dag.py
[2025-07-11T09:46:52.585+0000] {processor.py:840} INFO - DAG(s) 'example_nested_branch_dag' retrieved from /home/airflow/.local/lib/python3.8/site-packages/airflow/example_dags/example_nested_branch_dag.py
[2025-07-11T09:46:52.626+0000] {logging_mixin.py:188} INFO - [2025-07-11T09:46:52.625+0000] {dag.py:3036} INFO - Sync 1 DAGs
[2025-07-11T09:46:52.667+0000] {logging_mixin.py:188} INFO - [2025-07-11T09:46:52.667+0000] {dag.py:3823} INFO - Setting next_dagrun for example_nested_branch_dag to 2025-07-10 00:00:00+00:00, run_after=2025-07-11 00:00:00+00:00
[2025-07-11T09:46:52.697+0000] {processor.py:183} INFO - Processing /home/airflow/.local/lib/python3.8/site-packages/airflow/example_dags/example_nested_branch_dag.py took 0.137 seconds
[2025-07-11T09:47:23.109+0000] {processor.py:161} INFO - Started process (PID=1457) to work on /home/airflow/.local/lib/python3.8/site-packages/airflow/example_dags/example_nested_branch_dag.py
[2025-07-11T09:47:23.111+0000] {processor.py:830} INFO - Processing file /home/airflow/.local/lib/python3.8/site-packages/airflow/example_dags/example_nested_branch_dag.py for tasks to queue
[2025-07-11T09:47:23.114+0000] {logging_mixin.py:188} INFO - [2025-07-11T09:47:23.114+0000] {dagbag.py:538} INFO - Filling up the DagBag from /home/airflow/.local/lib/python3.8/site-packages/airflow/example_dags/example_nested_branch_dag.py
[2025-07-11T09:47:23.131+0000] {processor.py:840} INFO - DAG(s) 'example_nested_branch_dag' retrieved from /home/airflow/.local/lib/python3.8/site-packages/airflow/example_dags/example_nested_branch_dag.py
[2025-07-11T09:47:23.163+0000] {logging_mixin.py:188} INFO - [2025-07-11T09:47:23.163+0000] {dag.py:3036} INFO - Sync 1 DAGs
[2025-07-11T09:47:23.199+0000] {logging_mixin.py:188} INFO - [2025-07-11T09:47:23.199+0000] {dag.py:3823} INFO - Setting next_dagrun for example_nested_branch_dag to 2025-07-10 00:00:00+00:00, run_after=2025-07-11 00:00:00+00:00
[2025-07-11T09:47:23.231+0000] {processor.py:183} INFO - Processing /home/airflow/.local/lib/python3.8/site-packages/airflow/example_dags/example_nested_branch_dag.py took 0.126 seconds
[2025-07-11T09:47:53.402+0000] {processor.py:161} INFO - Started process (PID=1512) to work on /home/airflow/.local/lib/python3.8/site-packages/airflow/example_dags/example_nested_branch_dag.py
[2025-07-11T09:47:53.405+0000] {processor.py:830} INFO - Processing file /home/airflow/.local/lib/python3.8/site-packages/airflow/example_dags/example_nested_branch_dag.py for tasks to queue
[2025-07-11T09:47:53.408+0000] {logging_mixin.py:188} INFO - [2025-07-11T09:47:53.407+0000] {dagbag.py:538} INFO - Filling up the DagBag from /home/airflow/.local/lib/python3.8/site-packages/airflow/example_dags/example_nested_branch_dag.py
[2025-07-11T09:47:53.422+0000] {processor.py:840} INFO - DAG(s) 'example_nested_branch_dag' retrieved from /home/airflow/.local/lib/python3.8/site-packages/airflow/example_dags/example_nested_branch_dag.py
[2025-07-11T09:47:53.451+0000] {logging_mixin.py:188} INFO - [2025-07-11T09:47:53.450+0000] {dag.py:3036} INFO - Sync 1 DAGs
[2025-07-11T09:47:53.488+0000] {logging_mixin.py:188} INFO - [2025-07-11T09:47:53.488+0000] {dag.py:3823} INFO - Setting next_dagrun for example_nested_branch_dag to 2025-07-10 00:00:00+00:00, run_after=2025-07-11 00:00:00+00:00
[2025-07-11T09:47:53.523+0000] {processor.py:183} INFO - Processing /home/airflow/.local/lib/python3.8/site-packages/airflow/example_dags/example_nested_branch_dag.py took 0.125 seconds
[2025-07-11T09:48:24.264+0000] {processor.py:161} INFO - Started process (PID=1567) to work on /home/airflow/.local/lib/python3.8/site-packages/airflow/example_dags/example_nested_branch_dag.py
[2025-07-11T09:48:24.266+0000] {processor.py:830} INFO - Processing file /home/airflow/.local/lib/python3.8/site-packages/airflow/example_dags/example_nested_branch_dag.py for tasks to queue
[2025-07-11T09:48:24.268+0000] {logging_mixin.py:188} INFO - [2025-07-11T09:48:24.267+0000] {dagbag.py:538} INFO - Filling up the DagBag from /home/airflow/.local/lib/python3.8/site-packages/airflow/example_dags/example_nested_branch_dag.py
[2025-07-11T09:48:24.281+0000] {processor.py:840} INFO - DAG(s) 'example_nested_branch_dag' retrieved from /home/airflow/.local/lib/python3.8/site-packages/airflow/example_dags/example_nested_branch_dag.py
[2025-07-11T09:48:24.313+0000] {logging_mixin.py:188} INFO - [2025-07-11T09:48:24.312+0000] {dag.py:3036} INFO - Sync 1 DAGs
[2025-07-11T09:48:24.346+0000] {logging_mixin.py:188} INFO - [2025-07-11T09:48:24.345+0000] {dag.py:3823} INFO - Setting next_dagrun for example_nested_branch_dag to 2025-07-10 00:00:00+00:00, run_after=2025-07-11 00:00:00+00:00
[2025-07-11T09:48:24.377+0000] {processor.py:183} INFO - Processing /home/airflow/.local/lib/python3.8/site-packages/airflow/example_dags/example_nested_branch_dag.py took 0.118 seconds
[2025-07-11T09:48:54.844+0000] {processor.py:161} INFO - Started process (PID=1622) to work on /home/airflow/.local/lib/python3.8/site-packages/airflow/example_dags/example_nested_branch_dag.py
[2025-07-11T09:48:54.845+0000] {processor.py:830} INFO - Processing file /home/airflow/.local/lib/python3.8/site-packages/airflow/example_dags/example_nested_branch_dag.py for tasks to queue
[2025-07-11T09:48:54.810+0000] {logging_mixin.py:188} INFO - [2025-07-11T09:48:54.809+0000] {dagbag.py:538} INFO - Filling up the DagBag from /home/airflow/.local/lib/python3.8/site-packages/airflow/example_dags/example_nested_branch_dag.py
[2025-07-11T09:48:54.826+0000] {processor.py:840} INFO - DAG(s) 'example_nested_branch_dag' retrieved from /home/airflow/.local/lib/python3.8/site-packages/airflow/example_dags/example_nested_branch_dag.py
[2025-07-11T09:48:54.860+0000] {logging_mixin.py:188} INFO - [2025-07-11T09:48:54.859+0000] {dag.py:3036} INFO - Sync 1 DAGs
[2025-07-11T09:48:54.897+0000] {logging_mixin.py:188} INFO - [2025-07-11T09:48:54.897+0000] {dag.py:3823} INFO - Setting next_dagrun for example_nested_branch_dag to 2025-07-10 00:00:00+00:00, run_after=2025-07-11 00:00:00+00:00
[2025-07-11T09:48:54.933+0000] {processor.py:183} INFO - Processing /home/airflow/.local/lib/python3.8/site-packages/airflow/example_dags/example_nested_branch_dag.py took 0.132 seconds
[2025-07-11T09:49:25.363+0000] {processor.py:161} INFO - Started process (PID=1677) to work on /home/airflow/.local/lib/python3.8/site-packages/airflow/example_dags/example_nested_branch_dag.py
[2025-07-11T09:49:25.365+0000] {processor.py:830} INFO - Processing file /home/airflow/.local/lib/python3.8/site-packages/airflow/example_dags/example_nested_branch_dag.py for tasks to queue
[2025-07-11T09:49:25.369+0000] {logging_mixin.py:188} INFO - [2025-07-11T09:49:25.368+0000] {dagbag.py:538} INFO - Filling up the DagBag from /home/airflow/.local/lib/python3.8/site-packages/airflow/example_dags/example_nested_branch_dag.py
[2025-07-11T09:49:25.388+0000] {processor.py:840} INFO - DAG(s) 'example_nested_branch_dag' retrieved from /home/airflow/.local/lib/python3.8/site-packages/airflow/example_dags/example_nested_branch_dag.py
[2025-07-11T09:49:25.422+0000] {logging_mixin.py:188} INFO - [2025-07-11T09:49:25.421+0000] {dag.py:3036} INFO - Sync 1 DAGs
[2025-07-11T09:49:25.459+0000] {logging_mixin.py:188} INFO - [2025-07-11T09:49:25.459+0000] {dag.py:3823} INFO - Setting next_dagrun for example_nested_branch_dag to 2025-07-10 00:00:00+00:00, run_after=2025-07-11 00:00:00+00:00
[2025-07-11T09:49:25.496+0000] {processor.py:183} INFO - Processing /home/airflow/.local/lib/python3.8/site-packages/airflow/example_dags/example_nested_branch_dag.py took 0.137 seconds
[2025-07-11T09:49:55.809+0000] {processor.py:161} INFO - Started process (PID=1732) to work on /home/airflow/.local/lib/python3.8/site-packages/airflow/example_dags/example_nested_branch_dag.py
[2025-07-11T09:49:55.812+0000] {processor.py:830} INFO - Processing file /home/airflow/.local/lib/python3.8/site-packages/airflow/example_dags/example_nested_branch_dag.py for tasks to queue
[2025-07-11T09:49:55.815+0000] {logging_mixin.py:188} INFO - [2025-07-11T09:49:55.814+0000] {dagbag.py:538} INFO - Filling up the DagBag from /home/airflow/.local/lib/python3.8/site-packages/airflow/example_dags/example_nested_branch_dag.py
[2025-07-11T09:49:55.829+0000] {processor.py:840} INFO - DAG(s) 'example_nested_branch_dag' retrieved from /home/airflow/.local/lib/python3.8/site-packages/airflow/example_dags/example_nested_branch_dag.py
[2025-07-11T09:49:55.859+0000] {logging_mixin.py:188} INFO - [2025-07-11T09:49:55.859+0000] {dag.py:3036} INFO - Sync 1 DAGs
[2025-07-11T09:49:55.892+0000] {logging_mixin.py:188} INFO - [2025-07-11T09:49:55.892+0000] {dag.py:3823} INFO - Setting next_dagrun for example_nested_branch_dag to 2025-07-10 00:00:00+00:00, run_after=2025-07-11 00:00:00+00:00
[2025-07-11T09:49:55.925+0000] {processor.py:183} INFO - Processing /home/airflow/.local/lib/python3.8/site-packages/airflow/example_dags/example_nested_branch_dag.py took 0.120 seconds
[2025-07-11T09:50:26.659+0000] {processor.py:161} INFO - Started process (PID=1787) to work on /home/airflow/.local/lib/python3.8/site-packages/airflow/example_dags/example_nested_branch_dag.py
[2025-07-11T09:50:26.661+0000] {processor.py:830} INFO - Processing file /home/airflow/.local/lib/python3.8/site-packages/airflow/example_dags/example_nested_branch_dag.py for tasks to queue
[2025-07-11T09:50:26.664+0000] {logging_mixin.py:188} INFO - [2025-07-11T09:50:26.664+0000] {dagbag.py:538} INFO - Filling up the DagBag from /home/airflow/.local/lib/python3.8/site-packages/airflow/example_dags/example_nested_branch_dag.py
[2025-07-11T09:50:26.682+0000] {processor.py:840} INFO - DAG(s) 'example_nested_branch_dag' retrieved from /home/airflow/.local/lib/python3.8/site-packages/airflow/example_dags/example_nested_branch_dag.py
[2025-07-11T09:50:26.725+0000] {logging_mixin.py:188} INFO - [2025-07-11T09:50:26.724+0000] {dag.py:3036} INFO - Sync 1 DAGs
[2025-07-11T09:50:26.776+0000] {logging_mixin.py:188} INFO - [2025-07-11T09:50:26.776+0000] {dag.py:3823} INFO - Setting next_dagrun for example_nested_branch_dag to 2025-07-10 00:00:00+00:00, run_after=2025-07-11 00:00:00+00:00
[2025-07-11T09:50:26.835+0000] {processor.py:183} INFO - Processing /home/airflow/.local/lib/python3.8/site-packages/airflow/example_dags/example_nested_branch_dag.py took 0.181 seconds
[2025-07-11T09:50:57.638+0000] {processor.py:161} INFO - Started process (PID=1842) to work on /home/airflow/.local/lib/python3.8/site-packages/airflow/example_dags/example_nested_branch_dag.py
[2025-07-11T09:50:57.640+0000] {processor.py:830} INFO - Processing file /home/airflow/.local/lib/python3.8/site-packages/airflow/example_dags/example_nested_branch_dag.py for tasks to queue
[2025-07-11T09:50:57.642+0000] {logging_mixin.py:188} INFO - [2025-07-11T09:50:57.642+0000] {dagbag.py:538} INFO - Filling up the DagBag from /home/airflow/.local/lib/python3.8/site-packages/airflow/example_dags/example_nested_branch_dag.py
[2025-07-11T09:50:57.658+0000] {processor.py:840} INFO - DAG(s) 'example_nested_branch_dag' retrieved from /home/airflow/.local/lib/python3.8/site-packages/airflow/example_dags/example_nested_branch_dag.py
[2025-07-11T09:50:57.690+0000] {logging_mixin.py:188} INFO - [2025-07-11T09:50:57.689+0000] {dag.py:3036} INFO - Sync 1 DAGs
[2025-07-11T09:50:57.729+0000] {logging_mixin.py:188} INFO - [2025-07-11T09:50:57.728+0000] {dag.py:3823} INFO - Setting next_dagrun for example_nested_branch_dag to 2025-07-10 00:00:00+00:00, run_after=2025-07-11 00:00:00+00:00
[2025-07-11T09:50:57.764+0000] {processor.py:183} INFO - Processing /home/airflow/.local/lib/python3.8/site-packages/airflow/example_dags/example_nested_branch_dag.py took 0.130 seconds
[2025-07-11T09:51:28.104+0000] {processor.py:161} INFO - Started process (PID=1897) to work on /home/airflow/.local/lib/python3.8/site-packages/airflow/example_dags/example_nested_branch_dag.py
[2025-07-11T09:51:28.106+0000] {processor.py:830} INFO - Processing file /home/airflow/.local/lib/python3.8/site-packages/airflow/example_dags/example_nested_branch_dag.py for tasks to queue
[2025-07-11T09:51:28.108+0000] {logging_mixin.py:188} INFO - [2025-07-11T09:51:28.108+0000] {dagbag.py:538} INFO - Filling up the DagBag from /home/airflow/.local/lib/python3.8/site-packages/airflow/example_dags/example_nested_branch_dag.py
[2025-07-11T09:51:28.122+0000] {processor.py:840} INFO - DAG(s) 'example_nested_branch_dag' retrieved from /home/airflow/.local/lib/python3.8/site-packages/airflow/example_dags/example_nested_branch_dag.py
[2025-07-11T09:51:28.150+0000] {logging_mixin.py:188} INFO - [2025-07-11T09:51:28.150+0000] {dag.py:3036} INFO - Sync 1 DAGs
[2025-07-11T09:51:28.181+0000] {logging_mixin.py:188} INFO - [2025-07-11T09:51:28.180+0000] {dag.py:3823} INFO - Setting next_dagrun for example_nested_branch_dag to 2025-07-10 00:00:00+00:00, run_after=2025-07-11 00:00:00+00:00
[2025-07-11T09:51:28.210+0000] {processor.py:183} INFO - Processing /home/airflow/.local/lib/python3.8/site-packages/airflow/example_dags/example_nested_branch_dag.py took 0.110 seconds
[2025-07-11T09:51:58.706+0000] {processor.py:161} INFO - Started process (PID=1952) to work on /home/airflow/.local/lib/python3.8/site-packages/airflow/example_dags/example_nested_branch_dag.py
[2025-07-11T09:51:58.707+0000] {processor.py:830} INFO - Processing file /home/airflow/.local/lib/python3.8/site-packages/airflow/example_dags/example_nested_branch_dag.py for tasks to queue
[2025-07-11T09:51:58.710+0000] {logging_mixin.py:188} INFO - [2025-07-11T09:51:58.709+0000] {dagbag.py:538} INFO - Filling up the DagBag from /home/airflow/.local/lib/python3.8/site-packages/airflow/example_dags/example_nested_branch_dag.py
[2025-07-11T09:51:58.723+0000] {processor.py:840} INFO - DAG(s) 'example_nested_branch_dag' retrieved from /home/airflow/.local/lib/python3.8/site-packages/airflow/example_dags/example_nested_branch_dag.py
[2025-07-11T09:51:58.752+0000] {logging_mixin.py:188} INFO - [2025-07-11T09:51:58.751+0000] {dag.py:3036} INFO - Sync 1 DAGs
[2025-07-11T09:51:58.788+0000] {logging_mixin.py:188} INFO - [2025-07-11T09:51:58.787+0000] {dag.py:3823} INFO - Setting next_dagrun for example_nested_branch_dag to 2025-07-10 00:00:00+00:00, run_after=2025-07-11 00:00:00+00:00
[2025-07-11T09:51:58.817+0000] {processor.py:183} INFO - Processing /home/airflow/.local/lib/python3.8/site-packages/airflow/example_dags/example_nested_branch_dag.py took 0.116 seconds
[2025-07-11T09:52:29.494+0000] {processor.py:161} INFO - Started process (PID=2007) to work on /home/airflow/.local/lib/python3.8/site-packages/airflow/example_dags/example_nested_branch_dag.py
[2025-07-11T09:52:29.496+0000] {processor.py:830} INFO - Processing file /home/airflow/.local/lib/python3.8/site-packages/airflow/example_dags/example_nested_branch_dag.py for tasks to queue
[2025-07-11T09:52:29.499+0000] {logging_mixin.py:188} INFO - [2025-07-11T09:52:29.499+0000] {dagbag.py:538} INFO - Filling up the DagBag from /home/airflow/.local/lib/python3.8/site-packages/airflow/example_dags/example_nested_branch_dag.py
[2025-07-11T09:52:29.518+0000] {processor.py:840} INFO - DAG(s) 'example_nested_branch_dag' retrieved from /home/airflow/.local/lib/python3.8/site-packages/airflow/example_dags/example_nested_branch_dag.py
[2025-07-11T09:52:29.557+0000] {logging_mixin.py:188} INFO - [2025-07-11T09:52:29.557+0000] {dag.py:3036} INFO - Sync 1 DAGs
[2025-07-11T09:52:29.596+0000] {logging_mixin.py:188} INFO - [2025-07-11T09:52:29.595+0000] {dag.py:3823} INFO - Setting next_dagrun for example_nested_branch_dag to 2025-07-10 00:00:00+00:00, run_after=2025-07-11 00:00:00+00:00
[2025-07-11T09:52:29.632+0000] {processor.py:183} INFO - Processing /home/airflow/.local/lib/python3.8/site-packages/airflow/example_dags/example_nested_branch_dag.py took 0.144 seconds
[2025-07-11T09:52:59.732+0000] {processor.py:161} INFO - Started process (PID=2062) to work on /home/airflow/.local/lib/python3.8/site-packages/airflow/example_dags/example_nested_branch_dag.py
[2025-07-11T09:52:59.740+0000] {processor.py:830} INFO - Processing file /home/airflow/.local/lib/python3.8/site-packages/airflow/example_dags/example_nested_branch_dag.py for tasks to queue
[2025-07-11T09:52:59.748+0000] {logging_mixin.py:188} INFO - [2025-07-11T09:52:59.747+0000] {dagbag.py:538} INFO - Filling up the DagBag from /home/airflow/.local/lib/python3.8/site-packages/airflow/example_dags/example_nested_branch_dag.py
[2025-07-11T09:52:59.781+0000] {processor.py:840} INFO - DAG(s) 'example_nested_branch_dag' retrieved from /home/airflow/.local/lib/python3.8/site-packages/airflow/example_dags/example_nested_branch_dag.py
[2025-07-11T09:52:59.823+0000] {logging_mixin.py:188} INFO - [2025-07-11T09:52:59.823+0000] {dag.py:3036} INFO - Sync 1 DAGs
[2025-07-11T09:52:59.886+0000] {logging_mixin.py:188} INFO - [2025-07-11T09:52:59.886+0000] {dag.py:3823} INFO - Setting next_dagrun for example_nested_branch_dag to 2025-07-10 00:00:00+00:00, run_after=2025-07-11 00:00:00+00:00
[2025-07-11T09:52:59.947+0000] {processor.py:183} INFO - Processing /home/airflow/.local/lib/python3.8/site-packages/airflow/example_dags/example_nested_branch_dag.py took 0.221 seconds
[2025-07-11T09:53:30.397+0000] {processor.py:161} INFO - Started process (PID=2117) to work on /home/airflow/.local/lib/python3.8/site-packages/airflow/example_dags/example_nested_branch_dag.py
[2025-07-11T09:53:30.399+0000] {processor.py:830} INFO - Processing file /home/airflow/.local/lib/python3.8/site-packages/airflow/example_dags/example_nested_branch_dag.py for tasks to queue
[2025-07-11T09:53:30.401+0000] {logging_mixin.py:188} INFO - [2025-07-11T09:53:30.401+0000] {dagbag.py:538} INFO - Filling up the DagBag from /home/airflow/.local/lib/python3.8/site-packages/airflow/example_dags/example_nested_branch_dag.py
[2025-07-11T09:53:30.416+0000] {processor.py:840} INFO - DAG(s) 'example_nested_branch_dag' retrieved from /home/airflow/.local/lib/python3.8/site-packages/airflow/example_dags/example_nested_branch_dag.py
[2025-07-11T09:53:30.447+0000] {logging_mixin.py:188} INFO - [2025-07-11T09:53:30.446+0000] {dag.py:3036} INFO - Sync 1 DAGs
[2025-07-11T09:53:30.481+0000] {logging_mixin.py:188} INFO - [2025-07-11T09:53:30.481+0000] {dag.py:3823} INFO - Setting next_dagrun for example_nested_branch_dag to 2025-07-10 00:00:00+00:00, run_after=2025-07-11 00:00:00+00:00
[2025-07-11T09:53:30.516+0000] {processor.py:183} INFO - Processing /home/airflow/.local/lib/python3.8/site-packages/airflow/example_dags/example_nested_branch_dag.py took 0.123 seconds
[2025-07-11T09:54:00.867+0000] {processor.py:161} INFO - Started process (PID=2172) to work on /home/airflow/.local/lib/python3.8/site-packages/airflow/example_dags/example_nested_branch_dag.py
[2025-07-11T09:54:00.869+0000] {processor.py:830} INFO - Processing file /home/airflow/.local/lib/python3.8/site-packages/airflow/example_dags/example_nested_branch_dag.py for tasks to queue
[2025-07-11T09:54:00.872+0000] {logging_mixin.py:188} INFO - [2025-07-11T09:54:00.872+0000] {dagbag.py:538} INFO - Filling up the DagBag from /home/airflow/.local/lib/python3.8/site-packages/airflow/example_dags/example_nested_branch_dag.py
[2025-07-11T09:54:00.891+0000] {processor.py:840} INFO - DAG(s) 'example_nested_branch_dag' retrieved from /home/airflow/.local/lib/python3.8/site-packages/airflow/example_dags/example_nested_branch_dag.py
[2025-07-11T09:54:00.921+0000] {logging_mixin.py:188} INFO - [2025-07-11T09:54:00.921+0000] {dag.py:3036} INFO - Sync 1 DAGs
[2025-07-11T09:54:00.957+0000] {logging_mixin.py:188} INFO - [2025-07-11T09:54:00.956+0000] {dag.py:3823} INFO - Setting next_dagrun for example_nested_branch_dag to 2025-07-10 00:00:00+00:00, run_after=2025-07-11 00:00:00+00:00
[2025-07-11T09:54:01.164+0000] {processor.py:183} INFO - Processing /home/airflow/.local/lib/python3.8/site-packages/airflow/example_dags/example_nested_branch_dag.py took 0.302 seconds
[2025-07-11T09:54:31.425+0000] {processor.py:161} INFO - Started process (PID=2227) to work on /home/airflow/.local/lib/python3.8/site-packages/airflow/example_dags/example_nested_branch_dag.py
[2025-07-11T09:54:31.427+0000] {processor.py:830} INFO - Processing file /home/airflow/.local/lib/python3.8/site-packages/airflow/example_dags/example_nested_branch_dag.py for tasks to queue
[2025-07-11T09:54:31.429+0000] {logging_mixin.py:188} INFO - [2025-07-11T09:54:31.429+0000] {dagbag.py:538} INFO - Filling up the DagBag from /home/airflow/.local/lib/python3.8/site-packages/airflow/example_dags/example_nested_branch_dag.py
[2025-07-11T09:54:31.443+0000] {processor.py:840} INFO - DAG(s) 'example_nested_branch_dag' retrieved from /home/airflow/.local/lib/python3.8/site-packages/airflow/example_dags/example_nested_branch_dag.py
[2025-07-11T09:54:31.476+0000] {logging_mixin.py:188} INFO - [2025-07-11T09:54:31.475+0000] {dag.py:3036} INFO - Sync 1 DAGs
[2025-07-11T09:54:31.510+0000] {logging_mixin.py:188} INFO - [2025-07-11T09:54:31.509+0000] {dag.py:3823} INFO - Setting next_dagrun for example_nested_branch_dag to 2025-07-10 00:00:00+00:00, run_after=2025-07-11 00:00:00+00:00
[2025-07-11T09:54:31.547+0000] {processor.py:183} INFO - Processing /home/airflow/.local/lib/python3.8/site-packages/airflow/example_dags/example_nested_branch_dag.py took 0.127 seconds
