[2025-07-11T09:24:53.290+0000] {processor.py:161} INFO - Started process (PID=82) to work on /home/airflow/.local/lib/python3.8/site-packages/airflow/example_dags/example_kubernetes_executor.py
[2025-07-11T09:24:53.292+0000] {processor.py:830} INFO - Processing file /home/airflow/.local/lib/python3.8/site-packages/airflow/example_dags/example_kubernetes_executor.py for tasks to queue
[2025-07-11T09:24:53.298+0000] {logging_mixin.py:188} INFO - [2025-07-11T09:24:53.297+0000] {dagbag.py:538} INFO - Filling up the DagBag from /home/airflow/.local/lib/python3.8/site-packages/airflow/example_dags/example_kubernetes_executor.py
[2025-07-11T09:24:53.356+0000] {processor.py:840} INFO - DAG(s) 'example_kubernetes_executor' retrieved from /home/airflow/.local/lib/python3.8/site-packages/airflow/example_dags/example_kubernetes_executor.py
[2025-07-11T09:24:53.720+0000] {logging_mixin.py:188} INFO - [2025-07-11T09:24:53.719+0000] {override.py:1769} INFO - Created Permission View: can edit on DAG:example_kubernetes_executor
[2025-07-11T09:24:53.743+0000] {logging_mixin.py:188} INFO - [2025-07-11T09:24:53.742+0000] {override.py:1769} INFO - Created Permission View: can delete on DAG:example_kubernetes_executor
[2025-07-11T09:24:53.758+0000] {logging_mixin.py:188} INFO - [2025-07-11T09:24:53.758+0000] {override.py:1769} INFO - Created Permission View: can read on DAG:example_kubernetes_executor
[2025-07-11T09:24:53.759+0000] {logging_mixin.py:188} INFO - [2025-07-11T09:24:53.758+0000] {dag.py:3036} INFO - Sync 1 DAGs
[2025-07-11T09:24:53.787+0000] {logging_mixin.py:188} INFO - [2025-07-11T09:24:53.787+0000] {dag.py:3058} INFO - Creating ORM DAG for example_kubernetes_executor
[2025-07-11T09:24:53.789+0000] {logging_mixin.py:188} INFO - [2025-07-11T09:24:53.788+0000] {dag.py:3823} INFO - Setting next_dagrun for example_kubernetes_executor to None, run_after=None
[2025-07-11T09:24:53.829+0000] {processor.py:183} INFO - Processing /home/airflow/.local/lib/python3.8/site-packages/airflow/example_dags/example_kubernetes_executor.py took 0.546 seconds
[2025-07-11T09:25:23.963+0000] {processor.py:161} INFO - Started process (PID=137) to work on /home/airflow/.local/lib/python3.8/site-packages/airflow/example_dags/example_kubernetes_executor.py
[2025-07-11T09:25:23.965+0000] {processor.py:830} INFO - Processing file /home/airflow/.local/lib/python3.8/site-packages/airflow/example_dags/example_kubernetes_executor.py for tasks to queue
[2025-07-11T09:25:23.967+0000] {logging_mixin.py:188} INFO - [2025-07-11T09:25:23.967+0000] {dagbag.py:538} INFO - Filling up the DagBag from /home/airflow/.local/lib/python3.8/site-packages/airflow/example_dags/example_kubernetes_executor.py
[2025-07-11T09:25:23.987+0000] {processor.py:840} INFO - DAG(s) 'example_kubernetes_executor' retrieved from /home/airflow/.local/lib/python3.8/site-packages/airflow/example_dags/example_kubernetes_executor.py
[2025-07-11T09:25:24.035+0000] {logging_mixin.py:188} INFO - [2025-07-11T09:25:24.034+0000] {dag.py:3036} INFO - Sync 1 DAGs
[2025-07-11T09:25:24.052+0000] {logging_mixin.py:188} INFO - [2025-07-11T09:25:24.051+0000] {dag.py:3823} INFO - Setting next_dagrun for example_kubernetes_executor to None, run_after=None
[2025-07-11T09:25:24.083+0000] {processor.py:183} INFO - Processing /home/airflow/.local/lib/python3.8/site-packages/airflow/example_dags/example_kubernetes_executor.py took 0.124 seconds
[2025-07-11T09:25:54.296+0000] {processor.py:161} INFO - Started process (PID=192) to work on /home/airflow/.local/lib/python3.8/site-packages/airflow/example_dags/example_kubernetes_executor.py
[2025-07-11T09:25:54.298+0000] {processor.py:830} INFO - Processing file /home/airflow/.local/lib/python3.8/site-packages/airflow/example_dags/example_kubernetes_executor.py for tasks to queue
[2025-07-11T09:25:54.300+0000] {logging_mixin.py:188} INFO - [2025-07-11T09:25:54.300+0000] {dagbag.py:538} INFO - Filling up the DagBag from /home/airflow/.local/lib/python3.8/site-packages/airflow/example_dags/example_kubernetes_executor.py
[2025-07-11T09:25:54.324+0000] {processor.py:840} INFO - DAG(s) 'example_kubernetes_executor' retrieved from /home/airflow/.local/lib/python3.8/site-packages/airflow/example_dags/example_kubernetes_executor.py
[2025-07-11T09:25:54.371+0000] {logging_mixin.py:188} INFO - [2025-07-11T09:25:54.370+0000] {dag.py:3036} INFO - Sync 1 DAGs
[2025-07-11T09:25:54.388+0000] {logging_mixin.py:188} INFO - [2025-07-11T09:25:54.387+0000] {dag.py:3823} INFO - Setting next_dagrun for example_kubernetes_executor to None, run_after=None
[2025-07-11T09:25:54.416+0000] {processor.py:183} INFO - Processing /home/airflow/.local/lib/python3.8/site-packages/airflow/example_dags/example_kubernetes_executor.py took 0.124 seconds
[2025-07-11T09:26:24.539+0000] {processor.py:161} INFO - Started process (PID=247) to work on /home/airflow/.local/lib/python3.8/site-packages/airflow/example_dags/example_kubernetes_executor.py
[2025-07-11T09:26:24.541+0000] {processor.py:830} INFO - Processing file /home/airflow/.local/lib/python3.8/site-packages/airflow/example_dags/example_kubernetes_executor.py for tasks to queue
[2025-07-11T09:26:24.544+0000] {logging_mixin.py:188} INFO - [2025-07-11T09:26:24.543+0000] {dagbag.py:538} INFO - Filling up the DagBag from /home/airflow/.local/lib/python3.8/site-packages/airflow/example_dags/example_kubernetes_executor.py
[2025-07-11T09:26:24.571+0000] {processor.py:840} INFO - DAG(s) 'example_kubernetes_executor' retrieved from /home/airflow/.local/lib/python3.8/site-packages/airflow/example_dags/example_kubernetes_executor.py
[2025-07-11T09:26:24.626+0000] {logging_mixin.py:188} INFO - [2025-07-11T09:26:24.626+0000] {dag.py:3036} INFO - Sync 1 DAGs
[2025-07-11T09:26:24.644+0000] {logging_mixin.py:188} INFO - [2025-07-11T09:26:24.644+0000] {dag.py:3823} INFO - Setting next_dagrun for example_kubernetes_executor to None, run_after=None
[2025-07-11T09:26:24.675+0000] {processor.py:183} INFO - Processing /home/airflow/.local/lib/python3.8/site-packages/airflow/example_dags/example_kubernetes_executor.py took 0.142 seconds
[2025-07-11T09:26:55.064+0000] {processor.py:161} INFO - Started process (PID=302) to work on /home/airflow/.local/lib/python3.8/site-packages/airflow/example_dags/example_kubernetes_executor.py
[2025-07-11T09:26:55.071+0000] {processor.py:830} INFO - Processing file /home/airflow/.local/lib/python3.8/site-packages/airflow/example_dags/example_kubernetes_executor.py for tasks to queue
[2025-07-11T09:26:55.074+0000] {logging_mixin.py:188} INFO - [2025-07-11T09:26:55.074+0000] {dagbag.py:538} INFO - Filling up the DagBag from /home/airflow/.local/lib/python3.8/site-packages/airflow/example_dags/example_kubernetes_executor.py
[2025-07-11T09:26:55.100+0000] {processor.py:840} INFO - DAG(s) 'example_kubernetes_executor' retrieved from /home/airflow/.local/lib/python3.8/site-packages/airflow/example_dags/example_kubernetes_executor.py
[2025-07-11T09:26:55.152+0000] {logging_mixin.py:188} INFO - [2025-07-11T09:26:55.151+0000] {dag.py:3036} INFO - Sync 1 DAGs
[2025-07-11T09:26:55.170+0000] {logging_mixin.py:188} INFO - [2025-07-11T09:26:55.170+0000] {dag.py:3823} INFO - Setting next_dagrun for example_kubernetes_executor to None, run_after=None
[2025-07-11T09:26:55.198+0000] {processor.py:183} INFO - Processing /home/airflow/.local/lib/python3.8/site-packages/airflow/example_dags/example_kubernetes_executor.py took 0.140 seconds
[2025-07-11T09:28:22.086+0000] {processor.py:161} INFO - Started process (PID=76) to work on /home/airflow/.local/lib/python3.8/site-packages/airflow/example_dags/example_kubernetes_executor.py
[2025-07-11T09:28:22.092+0000] {processor.py:830} INFO - Processing file /home/airflow/.local/lib/python3.8/site-packages/airflow/example_dags/example_kubernetes_executor.py for tasks to queue
[2025-07-11T09:28:22.097+0000] {logging_mixin.py:188} INFO - [2025-07-11T09:28:22.096+0000] {dagbag.py:538} INFO - Filling up the DagBag from /home/airflow/.local/lib/python3.8/site-packages/airflow/example_dags/example_kubernetes_executor.py
[2025-07-11T09:28:22.123+0000] {processor.py:840} INFO - DAG(s) 'example_kubernetes_executor' retrieved from /home/airflow/.local/lib/python3.8/site-packages/airflow/example_dags/example_kubernetes_executor.py
[2025-07-11T09:28:22.348+0000] {logging_mixin.py:188} INFO - [2025-07-11T09:28:22.347+0000] {override.py:1769} INFO - Created Permission View: can read on DAG:example_kubernetes_executor
[2025-07-11T09:28:22.373+0000] {logging_mixin.py:188} INFO - [2025-07-11T09:28:22.372+0000] {override.py:1769} INFO - Created Permission View: can delete on DAG:example_kubernetes_executor
[2025-07-11T09:28:22.391+0000] {logging_mixin.py:188} INFO - [2025-07-11T09:28:22.391+0000] {override.py:1769} INFO - Created Permission View: can edit on DAG:example_kubernetes_executor
[2025-07-11T09:28:22.392+0000] {logging_mixin.py:188} INFO - [2025-07-11T09:28:22.392+0000] {dag.py:3036} INFO - Sync 1 DAGs
[2025-07-11T09:28:22.409+0000] {logging_mixin.py:188} INFO - [2025-07-11T09:28:22.408+0000] {dag.py:3058} INFO - Creating ORM DAG for example_kubernetes_executor
[2025-07-11T09:28:22.410+0000] {logging_mixin.py:188} INFO - [2025-07-11T09:28:22.409+0000] {dag.py:3823} INFO - Setting next_dagrun for example_kubernetes_executor to None, run_after=None
[2025-07-11T09:28:22.446+0000] {processor.py:183} INFO - Processing /home/airflow/.local/lib/python3.8/site-packages/airflow/example_dags/example_kubernetes_executor.py took 0.366 seconds
[2025-07-11T09:28:52.528+0000] {processor.py:161} INFO - Started process (PID=132) to work on /home/airflow/.local/lib/python3.8/site-packages/airflow/example_dags/example_kubernetes_executor.py
[2025-07-11T09:28:52.530+0000] {processor.py:830} INFO - Processing file /home/airflow/.local/lib/python3.8/site-packages/airflow/example_dags/example_kubernetes_executor.py for tasks to queue
[2025-07-11T09:28:52.532+0000] {logging_mixin.py:188} INFO - [2025-07-11T09:28:52.532+0000] {dagbag.py:538} INFO - Filling up the DagBag from /home/airflow/.local/lib/python3.8/site-packages/airflow/example_dags/example_kubernetes_executor.py
[2025-07-11T09:28:52.552+0000] {processor.py:840} INFO - DAG(s) 'example_kubernetes_executor' retrieved from /home/airflow/.local/lib/python3.8/site-packages/airflow/example_dags/example_kubernetes_executor.py
[2025-07-11T09:28:52.602+0000] {logging_mixin.py:188} INFO - [2025-07-11T09:28:52.602+0000] {dag.py:3036} INFO - Sync 1 DAGs
[2025-07-11T09:28:52.619+0000] {logging_mixin.py:188} INFO - [2025-07-11T09:28:52.618+0000] {dag.py:3823} INFO - Setting next_dagrun for example_kubernetes_executor to None, run_after=None
[2025-07-11T09:28:52.649+0000] {processor.py:183} INFO - Processing /home/airflow/.local/lib/python3.8/site-packages/airflow/example_dags/example_kubernetes_executor.py took 0.125 seconds
[2025-07-11T09:29:23.098+0000] {processor.py:161} INFO - Started process (PID=187) to work on /home/airflow/.local/lib/python3.8/site-packages/airflow/example_dags/example_kubernetes_executor.py
[2025-07-11T09:29:23.099+0000] {processor.py:830} INFO - Processing file /home/airflow/.local/lib/python3.8/site-packages/airflow/example_dags/example_kubernetes_executor.py for tasks to queue
[2025-07-11T09:29:23.102+0000] {logging_mixin.py:188} INFO - [2025-07-11T09:29:23.101+0000] {dagbag.py:538} INFO - Filling up the DagBag from /home/airflow/.local/lib/python3.8/site-packages/airflow/example_dags/example_kubernetes_executor.py
[2025-07-11T09:29:23.122+0000] {processor.py:840} INFO - DAG(s) 'example_kubernetes_executor' retrieved from /home/airflow/.local/lib/python3.8/site-packages/airflow/example_dags/example_kubernetes_executor.py
[2025-07-11T09:29:23.170+0000] {logging_mixin.py:188} INFO - [2025-07-11T09:29:23.170+0000] {dag.py:3036} INFO - Sync 1 DAGs
[2025-07-11T09:29:23.187+0000] {logging_mixin.py:188} INFO - [2025-07-11T09:29:23.186+0000] {dag.py:3823} INFO - Setting next_dagrun for example_kubernetes_executor to None, run_after=None
[2025-07-11T09:29:23.215+0000] {processor.py:183} INFO - Processing /home/airflow/.local/lib/python3.8/site-packages/airflow/example_dags/example_kubernetes_executor.py took 0.122 seconds
[2025-07-11T09:29:53.495+0000] {processor.py:161} INFO - Started process (PID=248) to work on /home/airflow/.local/lib/python3.8/site-packages/airflow/example_dags/example_kubernetes_executor.py
[2025-07-11T09:29:53.496+0000] {processor.py:830} INFO - Processing file /home/airflow/.local/lib/python3.8/site-packages/airflow/example_dags/example_kubernetes_executor.py for tasks to queue
[2025-07-11T09:29:53.498+0000] {logging_mixin.py:188} INFO - [2025-07-11T09:29:53.498+0000] {dagbag.py:538} INFO - Filling up the DagBag from /home/airflow/.local/lib/python3.8/site-packages/airflow/example_dags/example_kubernetes_executor.py
[2025-07-11T09:29:53.522+0000] {processor.py:840} INFO - DAG(s) 'example_kubernetes_executor' retrieved from /home/airflow/.local/lib/python3.8/site-packages/airflow/example_dags/example_kubernetes_executor.py
[2025-07-11T09:29:53.573+0000] {logging_mixin.py:188} INFO - [2025-07-11T09:29:53.572+0000] {dag.py:3036} INFO - Sync 1 DAGs
[2025-07-11T09:29:53.593+0000] {logging_mixin.py:188} INFO - [2025-07-11T09:29:53.593+0000] {dag.py:3823} INFO - Setting next_dagrun for example_kubernetes_executor to None, run_after=None
[2025-07-11T09:29:53.625+0000] {processor.py:183} INFO - Processing /home/airflow/.local/lib/python3.8/site-packages/airflow/example_dags/example_kubernetes_executor.py took 0.135 seconds
[2025-07-11T09:30:23.864+0000] {processor.py:161} INFO - Started process (PID=303) to work on /home/airflow/.local/lib/python3.8/site-packages/airflow/example_dags/example_kubernetes_executor.py
[2025-07-11T09:30:23.866+0000] {processor.py:830} INFO - Processing file /home/airflow/.local/lib/python3.8/site-packages/airflow/example_dags/example_kubernetes_executor.py for tasks to queue
[2025-07-11T09:30:23.869+0000] {logging_mixin.py:188} INFO - [2025-07-11T09:30:23.868+0000] {dagbag.py:538} INFO - Filling up the DagBag from /home/airflow/.local/lib/python3.8/site-packages/airflow/example_dags/example_kubernetes_executor.py
[2025-07-11T09:30:23.893+0000] {processor.py:840} INFO - DAG(s) 'example_kubernetes_executor' retrieved from /home/airflow/.local/lib/python3.8/site-packages/airflow/example_dags/example_kubernetes_executor.py
[2025-07-11T09:30:23.945+0000] {logging_mixin.py:188} INFO - [2025-07-11T09:30:23.945+0000] {dag.py:3036} INFO - Sync 1 DAGs
[2025-07-11T09:30:23.963+0000] {logging_mixin.py:188} INFO - [2025-07-11T09:30:23.963+0000] {dag.py:3823} INFO - Setting next_dagrun for example_kubernetes_executor to None, run_after=None
[2025-07-11T09:30:23.996+0000] {processor.py:183} INFO - Processing /home/airflow/.local/lib/python3.8/site-packages/airflow/example_dags/example_kubernetes_executor.py took 0.136 seconds
[2025-07-11T09:30:54.590+0000] {processor.py:161} INFO - Started process (PID=358) to work on /home/airflow/.local/lib/python3.8/site-packages/airflow/example_dags/example_kubernetes_executor.py
[2025-07-11T09:30:54.592+0000] {processor.py:830} INFO - Processing file /home/airflow/.local/lib/python3.8/site-packages/airflow/example_dags/example_kubernetes_executor.py for tasks to queue
[2025-07-11T09:30:54.594+0000] {logging_mixin.py:188} INFO - [2025-07-11T09:30:54.594+0000] {dagbag.py:538} INFO - Filling up the DagBag from /home/airflow/.local/lib/python3.8/site-packages/airflow/example_dags/example_kubernetes_executor.py
[2025-07-11T09:30:54.626+0000] {processor.py:840} INFO - DAG(s) 'example_kubernetes_executor' retrieved from /home/airflow/.local/lib/python3.8/site-packages/airflow/example_dags/example_kubernetes_executor.py
[2025-07-11T09:30:54.705+0000] {logging_mixin.py:188} INFO - [2025-07-11T09:30:54.704+0000] {dag.py:3036} INFO - Sync 1 DAGs
[2025-07-11T09:30:54.728+0000] {logging_mixin.py:188} INFO - [2025-07-11T09:30:54.728+0000] {dag.py:3823} INFO - Setting next_dagrun for example_kubernetes_executor to None, run_after=None
[2025-07-11T09:30:54.772+0000] {processor.py:183} INFO - Processing /home/airflow/.local/lib/python3.8/site-packages/airflow/example_dags/example_kubernetes_executor.py took 0.187 seconds
[2025-07-11T09:31:24.923+0000] {processor.py:161} INFO - Started process (PID=413) to work on /home/airflow/.local/lib/python3.8/site-packages/airflow/example_dags/example_kubernetes_executor.py
[2025-07-11T09:31:24.925+0000] {processor.py:830} INFO - Processing file /home/airflow/.local/lib/python3.8/site-packages/airflow/example_dags/example_kubernetes_executor.py for tasks to queue
[2025-07-11T09:31:24.928+0000] {logging_mixin.py:188} INFO - [2025-07-11T09:31:24.928+0000] {dagbag.py:538} INFO - Filling up the DagBag from /home/airflow/.local/lib/python3.8/site-packages/airflow/example_dags/example_kubernetes_executor.py
[2025-07-11T09:31:24.949+0000] {processor.py:840} INFO - DAG(s) 'example_kubernetes_executor' retrieved from /home/airflow/.local/lib/python3.8/site-packages/airflow/example_dags/example_kubernetes_executor.py
[2025-07-11T09:31:25.000+0000] {logging_mixin.py:188} INFO - [2025-07-11T09:31:24.999+0000] {dag.py:3036} INFO - Sync 1 DAGs
[2025-07-11T09:31:25.024+0000] {logging_mixin.py:188} INFO - [2025-07-11T09:31:25.024+0000] {dag.py:3823} INFO - Setting next_dagrun for example_kubernetes_executor to None, run_after=None
[2025-07-11T09:31:25.054+0000] {processor.py:183} INFO - Processing /home/airflow/.local/lib/python3.8/site-packages/airflow/example_dags/example_kubernetes_executor.py took 0.135 seconds
[2025-07-11T09:31:55.930+0000] {processor.py:161} INFO - Started process (PID=468) to work on /home/airflow/.local/lib/python3.8/site-packages/airflow/example_dags/example_kubernetes_executor.py
[2025-07-11T09:31:55.932+0000] {processor.py:830} INFO - Processing file /home/airflow/.local/lib/python3.8/site-packages/airflow/example_dags/example_kubernetes_executor.py for tasks to queue
[2025-07-11T09:31:55.935+0000] {logging_mixin.py:188} INFO - [2025-07-11T09:31:55.934+0000] {dagbag.py:538} INFO - Filling up the DagBag from /home/airflow/.local/lib/python3.8/site-packages/airflow/example_dags/example_kubernetes_executor.py
[2025-07-11T09:31:55.958+0000] {processor.py:840} INFO - DAG(s) 'example_kubernetes_executor' retrieved from /home/airflow/.local/lib/python3.8/site-packages/airflow/example_dags/example_kubernetes_executor.py
[2025-07-11T09:31:55.984+0000] {logging_mixin.py:188} INFO - [2025-07-11T09:31:55.983+0000] {dag.py:3036} INFO - Sync 1 DAGs
[2025-07-11T09:31:56.007+0000] {logging_mixin.py:188} INFO - [2025-07-11T09:31:56.007+0000] {dag.py:3823} INFO - Setting next_dagrun for example_kubernetes_executor to None, run_after=None
[2025-07-11T09:31:56.043+0000] {processor.py:183} INFO - Processing /home/airflow/.local/lib/python3.8/site-packages/airflow/example_dags/example_kubernetes_executor.py took 0.149 seconds
[2025-07-11T09:32:26.985+0000] {processor.py:161} INFO - Started process (PID=523) to work on /home/airflow/.local/lib/python3.8/site-packages/airflow/example_dags/example_kubernetes_executor.py
[2025-07-11T09:32:26.986+0000] {processor.py:830} INFO - Processing file /home/airflow/.local/lib/python3.8/site-packages/airflow/example_dags/example_kubernetes_executor.py for tasks to queue
[2025-07-11T09:32:26.989+0000] {logging_mixin.py:188} INFO - [2025-07-11T09:32:26.988+0000] {dagbag.py:538} INFO - Filling up the DagBag from /home/airflow/.local/lib/python3.8/site-packages/airflow/example_dags/example_kubernetes_executor.py
[2025-07-11T09:32:27.008+0000] {processor.py:840} INFO - DAG(s) 'example_kubernetes_executor' retrieved from /home/airflow/.local/lib/python3.8/site-packages/airflow/example_dags/example_kubernetes_executor.py
[2025-07-11T09:32:27.056+0000] {logging_mixin.py:188} INFO - [2025-07-11T09:32:27.055+0000] {dag.py:3036} INFO - Sync 1 DAGs
[2025-07-11T09:32:27.073+0000] {logging_mixin.py:188} INFO - [2025-07-11T09:32:27.072+0000] {dag.py:3823} INFO - Setting next_dagrun for example_kubernetes_executor to None, run_after=None
[2025-07-11T09:32:27.102+0000] {processor.py:183} INFO - Processing /home/airflow/.local/lib/python3.8/site-packages/airflow/example_dags/example_kubernetes_executor.py took 0.121 seconds
[2025-07-11T09:32:57.369+0000] {processor.py:161} INFO - Started process (PID=578) to work on /home/airflow/.local/lib/python3.8/site-packages/airflow/example_dags/example_kubernetes_executor.py
[2025-07-11T09:32:57.371+0000] {processor.py:830} INFO - Processing file /home/airflow/.local/lib/python3.8/site-packages/airflow/example_dags/example_kubernetes_executor.py for tasks to queue
[2025-07-11T09:32:57.374+0000] {logging_mixin.py:188} INFO - [2025-07-11T09:32:57.374+0000] {dagbag.py:538} INFO - Filling up the DagBag from /home/airflow/.local/lib/python3.8/site-packages/airflow/example_dags/example_kubernetes_executor.py
[2025-07-11T09:32:57.394+0000] {processor.py:840} INFO - DAG(s) 'example_kubernetes_executor' retrieved from /home/airflow/.local/lib/python3.8/site-packages/airflow/example_dags/example_kubernetes_executor.py
[2025-07-11T09:32:57.447+0000] {logging_mixin.py:188} INFO - [2025-07-11T09:32:57.447+0000] {dag.py:3036} INFO - Sync 1 DAGs
[2025-07-11T09:32:57.464+0000] {logging_mixin.py:188} INFO - [2025-07-11T09:32:57.464+0000] {dag.py:3823} INFO - Setting next_dagrun for example_kubernetes_executor to None, run_after=None
[2025-07-11T09:32:57.494+0000] {processor.py:183} INFO - Processing /home/airflow/.local/lib/python3.8/site-packages/airflow/example_dags/example_kubernetes_executor.py took 0.129 seconds
[2025-07-11T09:33:27.551+0000] {processor.py:161} INFO - Started process (PID=633) to work on /home/airflow/.local/lib/python3.8/site-packages/airflow/example_dags/example_kubernetes_executor.py
[2025-07-11T09:33:27.552+0000] {processor.py:830} INFO - Processing file /home/airflow/.local/lib/python3.8/site-packages/airflow/example_dags/example_kubernetes_executor.py for tasks to queue
[2025-07-11T09:33:27.557+0000] {logging_mixin.py:188} INFO - [2025-07-11T09:33:27.556+0000] {dagbag.py:538} INFO - Filling up the DagBag from /home/airflow/.local/lib/python3.8/site-packages/airflow/example_dags/example_kubernetes_executor.py
[2025-07-11T09:33:27.586+0000] {processor.py:840} INFO - DAG(s) 'example_kubernetes_executor' retrieved from /home/airflow/.local/lib/python3.8/site-packages/airflow/example_dags/example_kubernetes_executor.py
[2025-07-11T09:33:27.646+0000] {logging_mixin.py:188} INFO - [2025-07-11T09:33:27.646+0000] {dag.py:3036} INFO - Sync 1 DAGs
[2025-07-11T09:33:27.669+0000] {logging_mixin.py:188} INFO - [2025-07-11T09:33:27.668+0000] {dag.py:3823} INFO - Setting next_dagrun for example_kubernetes_executor to None, run_after=None
[2025-07-11T09:33:27.702+0000] {processor.py:183} INFO - Processing /home/airflow/.local/lib/python3.8/site-packages/airflow/example_dags/example_kubernetes_executor.py took 0.157 seconds
[2025-07-11T09:34:42.843+0000] {processor.py:161} INFO - Started process (PID=84) to work on /home/airflow/.local/lib/python3.8/site-packages/airflow/example_dags/example_kubernetes_executor.py
[2025-07-11T09:34:42.845+0000] {processor.py:830} INFO - Processing file /home/airflow/.local/lib/python3.8/site-packages/airflow/example_dags/example_kubernetes_executor.py for tasks to queue
[2025-07-11T09:34:42.848+0000] {logging_mixin.py:188} INFO - [2025-07-11T09:34:42.847+0000] {dagbag.py:538} INFO - Filling up the DagBag from /home/airflow/.local/lib/python3.8/site-packages/airflow/example_dags/example_kubernetes_executor.py
[2025-07-11T09:34:42.875+0000] {processor.py:840} INFO - DAG(s) 'example_kubernetes_executor' retrieved from /home/airflow/.local/lib/python3.8/site-packages/airflow/example_dags/example_kubernetes_executor.py
[2025-07-11T09:34:43.097+0000] {logging_mixin.py:188} INFO - [2025-07-11T09:34:43.096+0000] {override.py:1769} INFO - Created Permission View: can edit on DAG:example_kubernetes_executor
[2025-07-11T09:34:43.121+0000] {logging_mixin.py:188} INFO - [2025-07-11T09:34:43.120+0000] {override.py:1769} INFO - Created Permission View: can delete on DAG:example_kubernetes_executor
[2025-07-11T09:34:43.138+0000] {logging_mixin.py:188} INFO - [2025-07-11T09:34:43.137+0000] {override.py:1769} INFO - Created Permission View: can read on DAG:example_kubernetes_executor
[2025-07-11T09:34:43.139+0000] {logging_mixin.py:188} INFO - [2025-07-11T09:34:43.139+0000] {dag.py:3036} INFO - Sync 1 DAGs
[2025-07-11T09:34:43.159+0000] {logging_mixin.py:188} INFO - [2025-07-11T09:34:43.158+0000] {dag.py:3058} INFO - Creating ORM DAG for example_kubernetes_executor
[2025-07-11T09:34:43.160+0000] {logging_mixin.py:188} INFO - [2025-07-11T09:34:43.160+0000] {dag.py:3823} INFO - Setting next_dagrun for example_kubernetes_executor to None, run_after=None
[2025-07-11T09:34:43.197+0000] {processor.py:183} INFO - Processing /home/airflow/.local/lib/python3.8/site-packages/airflow/example_dags/example_kubernetes_executor.py took 0.359 seconds
[2025-07-11T09:35:13.630+0000] {processor.py:161} INFO - Started process (PID=139) to work on /home/airflow/.local/lib/python3.8/site-packages/airflow/example_dags/example_kubernetes_executor.py
[2025-07-11T09:35:13.632+0000] {processor.py:830} INFO - Processing file /home/airflow/.local/lib/python3.8/site-packages/airflow/example_dags/example_kubernetes_executor.py for tasks to queue
[2025-07-11T09:35:13.634+0000] {logging_mixin.py:188} INFO - [2025-07-11T09:35:13.633+0000] {dagbag.py:538} INFO - Filling up the DagBag from /home/airflow/.local/lib/python3.8/site-packages/airflow/example_dags/example_kubernetes_executor.py
[2025-07-11T09:35:13.653+0000] {processor.py:840} INFO - DAG(s) 'example_kubernetes_executor' retrieved from /home/airflow/.local/lib/python3.8/site-packages/airflow/example_dags/example_kubernetes_executor.py
[2025-07-11T09:35:13.700+0000] {logging_mixin.py:188} INFO - [2025-07-11T09:35:13.700+0000] {dag.py:3036} INFO - Sync 1 DAGs
[2025-07-11T09:35:13.722+0000] {logging_mixin.py:188} INFO - [2025-07-11T09:35:13.721+0000] {dag.py:3823} INFO - Setting next_dagrun for example_kubernetes_executor to None, run_after=None
[2025-07-11T09:35:13.753+0000] {processor.py:183} INFO - Processing /home/airflow/.local/lib/python3.8/site-packages/airflow/example_dags/example_kubernetes_executor.py took 0.127 seconds
[2025-07-11T09:35:43.815+0000] {processor.py:161} INFO - Started process (PID=194) to work on /home/airflow/.local/lib/python3.8/site-packages/airflow/example_dags/example_kubernetes_executor.py
[2025-07-11T09:35:43.817+0000] {processor.py:830} INFO - Processing file /home/airflow/.local/lib/python3.8/site-packages/airflow/example_dags/example_kubernetes_executor.py for tasks to queue
[2025-07-11T09:35:43.819+0000] {logging_mixin.py:188} INFO - [2025-07-11T09:35:43.818+0000] {dagbag.py:538} INFO - Filling up the DagBag from /home/airflow/.local/lib/python3.8/site-packages/airflow/example_dags/example_kubernetes_executor.py
[2025-07-11T09:35:43.838+0000] {processor.py:840} INFO - DAG(s) 'example_kubernetes_executor' retrieved from /home/airflow/.local/lib/python3.8/site-packages/airflow/example_dags/example_kubernetes_executor.py
[2025-07-11T09:35:43.884+0000] {logging_mixin.py:188} INFO - [2025-07-11T09:35:43.884+0000] {dag.py:3036} INFO - Sync 1 DAGs
[2025-07-11T09:35:43.900+0000] {logging_mixin.py:188} INFO - [2025-07-11T09:35:43.900+0000] {dag.py:3823} INFO - Setting next_dagrun for example_kubernetes_executor to None, run_after=None
[2025-07-11T09:35:43.928+0000] {processor.py:183} INFO - Processing /home/airflow/.local/lib/python3.8/site-packages/airflow/example_dags/example_kubernetes_executor.py took 0.118 seconds
[2025-07-11T09:36:14.489+0000] {processor.py:161} INFO - Started process (PID=249) to work on /home/airflow/.local/lib/python3.8/site-packages/airflow/example_dags/example_kubernetes_executor.py
[2025-07-11T09:36:14.491+0000] {processor.py:830} INFO - Processing file /home/airflow/.local/lib/python3.8/site-packages/airflow/example_dags/example_kubernetes_executor.py for tasks to queue
[2025-07-11T09:36:14.493+0000] {logging_mixin.py:188} INFO - [2025-07-11T09:36:14.493+0000] {dagbag.py:538} INFO - Filling up the DagBag from /home/airflow/.local/lib/python3.8/site-packages/airflow/example_dags/example_kubernetes_executor.py
[2025-07-11T09:36:14.513+0000] {processor.py:840} INFO - DAG(s) 'example_kubernetes_executor' retrieved from /home/airflow/.local/lib/python3.8/site-packages/airflow/example_dags/example_kubernetes_executor.py
[2025-07-11T09:36:14.564+0000] {logging_mixin.py:188} INFO - [2025-07-11T09:36:14.564+0000] {dag.py:3036} INFO - Sync 1 DAGs
[2025-07-11T09:36:14.581+0000] {logging_mixin.py:188} INFO - [2025-07-11T09:36:14.581+0000] {dag.py:3823} INFO - Setting next_dagrun for example_kubernetes_executor to None, run_after=None
[2025-07-11T09:36:14.611+0000] {processor.py:183} INFO - Processing /home/airflow/.local/lib/python3.8/site-packages/airflow/example_dags/example_kubernetes_executor.py took 0.126 seconds
[2025-07-11T09:36:44.730+0000] {processor.py:161} INFO - Started process (PID=304) to work on /home/airflow/.local/lib/python3.8/site-packages/airflow/example_dags/example_kubernetes_executor.py
[2025-07-11T09:36:44.732+0000] {processor.py:830} INFO - Processing file /home/airflow/.local/lib/python3.8/site-packages/airflow/example_dags/example_kubernetes_executor.py for tasks to queue
[2025-07-11T09:36:44.735+0000] {logging_mixin.py:188} INFO - [2025-07-11T09:36:44.734+0000] {dagbag.py:538} INFO - Filling up the DagBag from /home/airflow/.local/lib/python3.8/site-packages/airflow/example_dags/example_kubernetes_executor.py
[2025-07-11T09:36:44.753+0000] {processor.py:840} INFO - DAG(s) 'example_kubernetes_executor' retrieved from /home/airflow/.local/lib/python3.8/site-packages/airflow/example_dags/example_kubernetes_executor.py
[2025-07-11T09:36:44.821+0000] {logging_mixin.py:188} INFO - [2025-07-11T09:36:44.820+0000] {dag.py:3036} INFO - Sync 1 DAGs
[2025-07-11T09:36:44.844+0000] {logging_mixin.py:188} INFO - [2025-07-11T09:36:44.843+0000] {dag.py:3823} INFO - Setting next_dagrun for example_kubernetes_executor to None, run_after=None
[2025-07-11T09:36:44.879+0000] {processor.py:183} INFO - Processing /home/airflow/.local/lib/python3.8/site-packages/airflow/example_dags/example_kubernetes_executor.py took 0.153 seconds
[2025-07-11T09:37:15.137+0000] {processor.py:161} INFO - Started process (PID=359) to work on /home/airflow/.local/lib/python3.8/site-packages/airflow/example_dags/example_kubernetes_executor.py
[2025-07-11T09:37:15.138+0000] {processor.py:830} INFO - Processing file /home/airflow/.local/lib/python3.8/site-packages/airflow/example_dags/example_kubernetes_executor.py for tasks to queue
[2025-07-11T09:37:15.141+0000] {logging_mixin.py:188} INFO - [2025-07-11T09:37:15.140+0000] {dagbag.py:538} INFO - Filling up the DagBag from /home/airflow/.local/lib/python3.8/site-packages/airflow/example_dags/example_kubernetes_executor.py
[2025-07-11T09:37:15.160+0000] {processor.py:840} INFO - DAG(s) 'example_kubernetes_executor' retrieved from /home/airflow/.local/lib/python3.8/site-packages/airflow/example_dags/example_kubernetes_executor.py
[2025-07-11T09:37:15.211+0000] {logging_mixin.py:188} INFO - [2025-07-11T09:37:15.210+0000] {dag.py:3036} INFO - Sync 1 DAGs
[2025-07-11T09:37:15.231+0000] {logging_mixin.py:188} INFO - [2025-07-11T09:37:15.231+0000] {dag.py:3823} INFO - Setting next_dagrun for example_kubernetes_executor to None, run_after=None
[2025-07-11T09:37:15.271+0000] {processor.py:183} INFO - Processing /home/airflow/.local/lib/python3.8/site-packages/airflow/example_dags/example_kubernetes_executor.py took 0.138 seconds
[2025-07-11T09:37:45.458+0000] {processor.py:161} INFO - Started process (PID=414) to work on /home/airflow/.local/lib/python3.8/site-packages/airflow/example_dags/example_kubernetes_executor.py
[2025-07-11T09:37:45.460+0000] {processor.py:830} INFO - Processing file /home/airflow/.local/lib/python3.8/site-packages/airflow/example_dags/example_kubernetes_executor.py for tasks to queue
[2025-07-11T09:37:45.464+0000] {logging_mixin.py:188} INFO - [2025-07-11T09:37:45.463+0000] {dagbag.py:538} INFO - Filling up the DagBag from /home/airflow/.local/lib/python3.8/site-packages/airflow/example_dags/example_kubernetes_executor.py
[2025-07-11T09:37:45.501+0000] {processor.py:840} INFO - DAG(s) 'example_kubernetes_executor' retrieved from /home/airflow/.local/lib/python3.8/site-packages/airflow/example_dags/example_kubernetes_executor.py
[2025-07-11T09:37:45.574+0000] {logging_mixin.py:188} INFO - [2025-07-11T09:37:45.574+0000] {dag.py:3036} INFO - Sync 1 DAGs
[2025-07-11T09:37:45.596+0000] {logging_mixin.py:188} INFO - [2025-07-11T09:37:45.595+0000] {dag.py:3823} INFO - Setting next_dagrun for example_kubernetes_executor to None, run_after=None
[2025-07-11T09:37:45.639+0000] {processor.py:183} INFO - Processing /home/airflow/.local/lib/python3.8/site-packages/airflow/example_dags/example_kubernetes_executor.py took 0.186 seconds
[2025-07-11T09:38:15.751+0000] {processor.py:161} INFO - Started process (PID=469) to work on /home/airflow/.local/lib/python3.8/site-packages/airflow/example_dags/example_kubernetes_executor.py
[2025-07-11T09:38:15.752+0000] {processor.py:830} INFO - Processing file /home/airflow/.local/lib/python3.8/site-packages/airflow/example_dags/example_kubernetes_executor.py for tasks to queue
[2025-07-11T09:38:15.756+0000] {logging_mixin.py:188} INFO - [2025-07-11T09:38:15.755+0000] {dagbag.py:538} INFO - Filling up the DagBag from /home/airflow/.local/lib/python3.8/site-packages/airflow/example_dags/example_kubernetes_executor.py
[2025-07-11T09:38:15.783+0000] {processor.py:840} INFO - DAG(s) 'example_kubernetes_executor' retrieved from /home/airflow/.local/lib/python3.8/site-packages/airflow/example_dags/example_kubernetes_executor.py
[2025-07-11T09:38:15.840+0000] {logging_mixin.py:188} INFO - [2025-07-11T09:38:15.839+0000] {dag.py:3036} INFO - Sync 1 DAGs
[2025-07-11T09:38:15.857+0000] {logging_mixin.py:188} INFO - [2025-07-11T09:38:15.856+0000] {dag.py:3823} INFO - Setting next_dagrun for example_kubernetes_executor to None, run_after=None
[2025-07-11T09:38:15.888+0000] {processor.py:183} INFO - Processing /home/airflow/.local/lib/python3.8/site-packages/airflow/example_dags/example_kubernetes_executor.py took 0.141 seconds
[2025-07-11T09:38:46.137+0000] {processor.py:161} INFO - Started process (PID=524) to work on /home/airflow/.local/lib/python3.8/site-packages/airflow/example_dags/example_kubernetes_executor.py
[2025-07-11T09:38:46.138+0000] {processor.py:830} INFO - Processing file /home/airflow/.local/lib/python3.8/site-packages/airflow/example_dags/example_kubernetes_executor.py for tasks to queue
[2025-07-11T09:38:46.141+0000] {logging_mixin.py:188} INFO - [2025-07-11T09:38:46.140+0000] {dagbag.py:538} INFO - Filling up the DagBag from /home/airflow/.local/lib/python3.8/site-packages/airflow/example_dags/example_kubernetes_executor.py
[2025-07-11T09:38:46.161+0000] {processor.py:840} INFO - DAG(s) 'example_kubernetes_executor' retrieved from /home/airflow/.local/lib/python3.8/site-packages/airflow/example_dags/example_kubernetes_executor.py
[2025-07-11T09:38:46.218+0000] {logging_mixin.py:188} INFO - [2025-07-11T09:38:46.217+0000] {dag.py:3036} INFO - Sync 1 DAGs
[2025-07-11T09:38:46.238+0000] {logging_mixin.py:188} INFO - [2025-07-11T09:38:46.238+0000] {dag.py:3823} INFO - Setting next_dagrun for example_kubernetes_executor to None, run_after=None
[2025-07-11T09:38:46.278+0000] {processor.py:183} INFO - Processing /home/airflow/.local/lib/python3.8/site-packages/airflow/example_dags/example_kubernetes_executor.py took 0.145 seconds
[2025-07-11T09:39:16.582+0000] {processor.py:161} INFO - Started process (PID=580) to work on /home/airflow/.local/lib/python3.8/site-packages/airflow/example_dags/example_kubernetes_executor.py
[2025-07-11T09:39:16.584+0000] {processor.py:830} INFO - Processing file /home/airflow/.local/lib/python3.8/site-packages/airflow/example_dags/example_kubernetes_executor.py for tasks to queue
[2025-07-11T09:39:16.587+0000] {logging_mixin.py:188} INFO - [2025-07-11T09:39:16.586+0000] {dagbag.py:538} INFO - Filling up the DagBag from /home/airflow/.local/lib/python3.8/site-packages/airflow/example_dags/example_kubernetes_executor.py
[2025-07-11T09:39:16.608+0000] {processor.py:840} INFO - DAG(s) 'example_kubernetes_executor' retrieved from /home/airflow/.local/lib/python3.8/site-packages/airflow/example_dags/example_kubernetes_executor.py
[2025-07-11T09:39:16.666+0000] {logging_mixin.py:188} INFO - [2025-07-11T09:39:16.665+0000] {dag.py:3036} INFO - Sync 1 DAGs
[2025-07-11T09:39:16.685+0000] {logging_mixin.py:188} INFO - [2025-07-11T09:39:16.685+0000] {dag.py:3823} INFO - Setting next_dagrun for example_kubernetes_executor to None, run_after=None
[2025-07-11T09:39:16.718+0000] {processor.py:183} INFO - Processing /home/airflow/.local/lib/python3.8/site-packages/airflow/example_dags/example_kubernetes_executor.py took 0.141 seconds
[2025-07-11T09:39:46.906+0000] {processor.py:161} INFO - Started process (PID=635) to work on /home/airflow/.local/lib/python3.8/site-packages/airflow/example_dags/example_kubernetes_executor.py
[2025-07-11T09:39:46.908+0000] {processor.py:830} INFO - Processing file /home/airflow/.local/lib/python3.8/site-packages/airflow/example_dags/example_kubernetes_executor.py for tasks to queue
[2025-07-11T09:39:46.910+0000] {logging_mixin.py:188} INFO - [2025-07-11T09:39:46.910+0000] {dagbag.py:538} INFO - Filling up the DagBag from /home/airflow/.local/lib/python3.8/site-packages/airflow/example_dags/example_kubernetes_executor.py
[2025-07-11T09:39:46.930+0000] {processor.py:840} INFO - DAG(s) 'example_kubernetes_executor' retrieved from /home/airflow/.local/lib/python3.8/site-packages/airflow/example_dags/example_kubernetes_executor.py
[2025-07-11T09:39:46.981+0000] {logging_mixin.py:188} INFO - [2025-07-11T09:39:46.980+0000] {dag.py:3036} INFO - Sync 1 DAGs
[2025-07-11T09:39:46.999+0000] {logging_mixin.py:188} INFO - [2025-07-11T09:39:46.998+0000] {dag.py:3823} INFO - Setting next_dagrun for example_kubernetes_executor to None, run_after=None
[2025-07-11T09:39:47.031+0000] {processor.py:183} INFO - Processing /home/airflow/.local/lib/python3.8/site-packages/airflow/example_dags/example_kubernetes_executor.py took 0.129 seconds
[2025-07-11T09:40:17.367+0000] {processor.py:161} INFO - Started process (PID=690) to work on /home/airflow/.local/lib/python3.8/site-packages/airflow/example_dags/example_kubernetes_executor.py
[2025-07-11T09:40:17.369+0000] {processor.py:830} INFO - Processing file /home/airflow/.local/lib/python3.8/site-packages/airflow/example_dags/example_kubernetes_executor.py for tasks to queue
[2025-07-11T09:40:17.372+0000] {logging_mixin.py:188} INFO - [2025-07-11T09:40:17.372+0000] {dagbag.py:538} INFO - Filling up the DagBag from /home/airflow/.local/lib/python3.8/site-packages/airflow/example_dags/example_kubernetes_executor.py
[2025-07-11T09:40:17.399+0000] {processor.py:840} INFO - DAG(s) 'example_kubernetes_executor' retrieved from /home/airflow/.local/lib/python3.8/site-packages/airflow/example_dags/example_kubernetes_executor.py
[2025-07-11T09:40:17.460+0000] {logging_mixin.py:188} INFO - [2025-07-11T09:40:17.459+0000] {dag.py:3036} INFO - Sync 1 DAGs
[2025-07-11T09:40:17.482+0000] {logging_mixin.py:188} INFO - [2025-07-11T09:40:17.481+0000] {dag.py:3823} INFO - Setting next_dagrun for example_kubernetes_executor to None, run_after=None
[2025-07-11T09:40:17.517+0000] {processor.py:183} INFO - Processing /home/airflow/.local/lib/python3.8/site-packages/airflow/example_dags/example_kubernetes_executor.py took 0.155 seconds
[2025-07-11T09:40:47.830+0000] {processor.py:161} INFO - Started process (PID=745) to work on /home/airflow/.local/lib/python3.8/site-packages/airflow/example_dags/example_kubernetes_executor.py
[2025-07-11T09:40:47.835+0000] {processor.py:830} INFO - Processing file /home/airflow/.local/lib/python3.8/site-packages/airflow/example_dags/example_kubernetes_executor.py for tasks to queue
[2025-07-11T09:40:47.837+0000] {logging_mixin.py:188} INFO - [2025-07-11T09:40:47.837+0000] {dagbag.py:538} INFO - Filling up the DagBag from /home/airflow/.local/lib/python3.8/site-packages/airflow/example_dags/example_kubernetes_executor.py
[2025-07-11T09:40:47.858+0000] {processor.py:840} INFO - DAG(s) 'example_kubernetes_executor' retrieved from /home/airflow/.local/lib/python3.8/site-packages/airflow/example_dags/example_kubernetes_executor.py
[2025-07-11T09:40:47.915+0000] {logging_mixin.py:188} INFO - [2025-07-11T09:40:47.915+0000] {dag.py:3036} INFO - Sync 1 DAGs
[2025-07-11T09:40:47.935+0000] {logging_mixin.py:188} INFO - [2025-07-11T09:40:47.935+0000] {dag.py:3823} INFO - Setting next_dagrun for example_kubernetes_executor to None, run_after=None
[2025-07-11T09:40:47.970+0000] {processor.py:183} INFO - Processing /home/airflow/.local/lib/python3.8/site-packages/airflow/example_dags/example_kubernetes_executor.py took 0.144 seconds
[2025-07-11T09:41:18.058+0000] {processor.py:161} INFO - Started process (PID=800) to work on /home/airflow/.local/lib/python3.8/site-packages/airflow/example_dags/example_kubernetes_executor.py
[2025-07-11T09:41:18.060+0000] {processor.py:830} INFO - Processing file /home/airflow/.local/lib/python3.8/site-packages/airflow/example_dags/example_kubernetes_executor.py for tasks to queue
[2025-07-11T09:41:18.062+0000] {logging_mixin.py:188} INFO - [2025-07-11T09:41:18.062+0000] {dagbag.py:538} INFO - Filling up the DagBag from /home/airflow/.local/lib/python3.8/site-packages/airflow/example_dags/example_kubernetes_executor.py
[2025-07-11T09:41:18.090+0000] {processor.py:840} INFO - DAG(s) 'example_kubernetes_executor' retrieved from /home/airflow/.local/lib/python3.8/site-packages/airflow/example_dags/example_kubernetes_executor.py
[2025-07-11T09:41:18.146+0000] {logging_mixin.py:188} INFO - [2025-07-11T09:41:18.145+0000] {dag.py:3036} INFO - Sync 1 DAGs
[2025-07-11T09:41:18.168+0000] {logging_mixin.py:188} INFO - [2025-07-11T09:41:18.167+0000] {dag.py:3823} INFO - Setting next_dagrun for example_kubernetes_executor to None, run_after=None
[2025-07-11T09:41:18.201+0000] {processor.py:183} INFO - Processing /home/airflow/.local/lib/python3.8/site-packages/airflow/example_dags/example_kubernetes_executor.py took 0.147 seconds
[2025-07-11T09:41:48.642+0000] {processor.py:161} INFO - Started process (PID=855) to work on /home/airflow/.local/lib/python3.8/site-packages/airflow/example_dags/example_kubernetes_executor.py
[2025-07-11T09:41:48.643+0000] {processor.py:830} INFO - Processing file /home/airflow/.local/lib/python3.8/site-packages/airflow/example_dags/example_kubernetes_executor.py for tasks to queue
[2025-07-11T09:41:48.647+0000] {logging_mixin.py:188} INFO - [2025-07-11T09:41:48.646+0000] {dagbag.py:538} INFO - Filling up the DagBag from /home/airflow/.local/lib/python3.8/site-packages/airflow/example_dags/example_kubernetes_executor.py
[2025-07-11T09:41:48.667+0000] {processor.py:840} INFO - DAG(s) 'example_kubernetes_executor' retrieved from /home/airflow/.local/lib/python3.8/site-packages/airflow/example_dags/example_kubernetes_executor.py
[2025-07-11T09:41:48.718+0000] {logging_mixin.py:188} INFO - [2025-07-11T09:41:48.718+0000] {dag.py:3036} INFO - Sync 1 DAGs
[2025-07-11T09:41:48.744+0000] {logging_mixin.py:188} INFO - [2025-07-11T09:41:48.743+0000] {dag.py:3823} INFO - Setting next_dagrun for example_kubernetes_executor to None, run_after=None
[2025-07-11T09:41:48.776+0000] {processor.py:183} INFO - Processing /home/airflow/.local/lib/python3.8/site-packages/airflow/example_dags/example_kubernetes_executor.py took 0.138 seconds
[2025-07-11T09:42:18.964+0000] {processor.py:161} INFO - Started process (PID=910) to work on /home/airflow/.local/lib/python3.8/site-packages/airflow/example_dags/example_kubernetes_executor.py
[2025-07-11T09:42:18.966+0000] {processor.py:830} INFO - Processing file /home/airflow/.local/lib/python3.8/site-packages/airflow/example_dags/example_kubernetes_executor.py for tasks to queue
[2025-07-11T09:42:18.968+0000] {logging_mixin.py:188} INFO - [2025-07-11T09:42:18.968+0000] {dagbag.py:538} INFO - Filling up the DagBag from /home/airflow/.local/lib/python3.8/site-packages/airflow/example_dags/example_kubernetes_executor.py
[2025-07-11T09:42:18.988+0000] {processor.py:840} INFO - DAG(s) 'example_kubernetes_executor' retrieved from /home/airflow/.local/lib/python3.8/site-packages/airflow/example_dags/example_kubernetes_executor.py
[2025-07-11T09:42:19.041+0000] {logging_mixin.py:188} INFO - [2025-07-11T09:42:19.040+0000] {dag.py:3036} INFO - Sync 1 DAGs
[2025-07-11T09:42:19.065+0000] {logging_mixin.py:188} INFO - [2025-07-11T09:42:19.065+0000] {dag.py:3823} INFO - Setting next_dagrun for example_kubernetes_executor to None, run_after=None
[2025-07-11T09:42:19.105+0000] {processor.py:183} INFO - Processing /home/airflow/.local/lib/python3.8/site-packages/airflow/example_dags/example_kubernetes_executor.py took 0.145 seconds
[2025-07-11T09:42:49.443+0000] {processor.py:161} INFO - Started process (PID=965) to work on /home/airflow/.local/lib/python3.8/site-packages/airflow/example_dags/example_kubernetes_executor.py
[2025-07-11T09:42:49.445+0000] {processor.py:830} INFO - Processing file /home/airflow/.local/lib/python3.8/site-packages/airflow/example_dags/example_kubernetes_executor.py for tasks to queue
[2025-07-11T09:42:49.448+0000] {logging_mixin.py:188} INFO - [2025-07-11T09:42:49.447+0000] {dagbag.py:538} INFO - Filling up the DagBag from /home/airflow/.local/lib/python3.8/site-packages/airflow/example_dags/example_kubernetes_executor.py
[2025-07-11T09:42:49.474+0000] {processor.py:840} INFO - DAG(s) 'example_kubernetes_executor' retrieved from /home/airflow/.local/lib/python3.8/site-packages/airflow/example_dags/example_kubernetes_executor.py
[2025-07-11T09:42:49.531+0000] {logging_mixin.py:188} INFO - [2025-07-11T09:42:49.530+0000] {dag.py:3036} INFO - Sync 1 DAGs
[2025-07-11T09:42:49.552+0000] {logging_mixin.py:188} INFO - [2025-07-11T09:42:49.552+0000] {dag.py:3823} INFO - Setting next_dagrun for example_kubernetes_executor to None, run_after=None
[2025-07-11T09:42:49.592+0000] {processor.py:183} INFO - Processing /home/airflow/.local/lib/python3.8/site-packages/airflow/example_dags/example_kubernetes_executor.py took 0.154 seconds
[2025-07-11T09:43:19.859+0000] {processor.py:161} INFO - Started process (PID=1020) to work on /home/airflow/.local/lib/python3.8/site-packages/airflow/example_dags/example_kubernetes_executor.py
[2025-07-11T09:43:19.860+0000] {processor.py:830} INFO - Processing file /home/airflow/.local/lib/python3.8/site-packages/airflow/example_dags/example_kubernetes_executor.py for tasks to queue
[2025-07-11T09:43:19.863+0000] {logging_mixin.py:188} INFO - [2025-07-11T09:43:19.862+0000] {dagbag.py:538} INFO - Filling up the DagBag from /home/airflow/.local/lib/python3.8/site-packages/airflow/example_dags/example_kubernetes_executor.py
[2025-07-11T09:43:19.883+0000] {processor.py:840} INFO - DAG(s) 'example_kubernetes_executor' retrieved from /home/airflow/.local/lib/python3.8/site-packages/airflow/example_dags/example_kubernetes_executor.py
[2025-07-11T09:43:19.937+0000] {logging_mixin.py:188} INFO - [2025-07-11T09:43:19.936+0000] {dag.py:3036} INFO - Sync 1 DAGs
[2025-07-11T09:43:19.953+0000] {logging_mixin.py:188} INFO - [2025-07-11T09:43:19.953+0000] {dag.py:3823} INFO - Setting next_dagrun for example_kubernetes_executor to None, run_after=None
[2025-07-11T09:43:19.982+0000] {processor.py:183} INFO - Processing /home/airflow/.local/lib/python3.8/site-packages/airflow/example_dags/example_kubernetes_executor.py took 0.128 seconds
[2025-07-11T09:43:50.162+0000] {processor.py:161} INFO - Started process (PID=1075) to work on /home/airflow/.local/lib/python3.8/site-packages/airflow/example_dags/example_kubernetes_executor.py
[2025-07-11T09:43:50.164+0000] {processor.py:830} INFO - Processing file /home/airflow/.local/lib/python3.8/site-packages/airflow/example_dags/example_kubernetes_executor.py for tasks to queue
[2025-07-11T09:43:50.166+0000] {logging_mixin.py:188} INFO - [2025-07-11T09:43:50.166+0000] {dagbag.py:538} INFO - Filling up the DagBag from /home/airflow/.local/lib/python3.8/site-packages/airflow/example_dags/example_kubernetes_executor.py
[2025-07-11T09:43:50.186+0000] {processor.py:840} INFO - DAG(s) 'example_kubernetes_executor' retrieved from /home/airflow/.local/lib/python3.8/site-packages/airflow/example_dags/example_kubernetes_executor.py
[2025-07-11T09:43:50.236+0000] {logging_mixin.py:188} INFO - [2025-07-11T09:43:50.235+0000] {dag.py:3036} INFO - Sync 1 DAGs
[2025-07-11T09:43:50.252+0000] {logging_mixin.py:188} INFO - [2025-07-11T09:43:50.252+0000] {dag.py:3823} INFO - Setting next_dagrun for example_kubernetes_executor to None, run_after=None
[2025-07-11T09:43:50.285+0000] {processor.py:183} INFO - Processing /home/airflow/.local/lib/python3.8/site-packages/airflow/example_dags/example_kubernetes_executor.py took 0.127 seconds
[2025-07-11T09:44:20.611+0000] {processor.py:161} INFO - Started process (PID=1131) to work on /home/airflow/.local/lib/python3.8/site-packages/airflow/example_dags/example_kubernetes_executor.py
[2025-07-11T09:44:20.613+0000] {processor.py:830} INFO - Processing file /home/airflow/.local/lib/python3.8/site-packages/airflow/example_dags/example_kubernetes_executor.py for tasks to queue
[2025-07-11T09:44:20.615+0000] {logging_mixin.py:188} INFO - [2025-07-11T09:44:20.615+0000] {dagbag.py:538} INFO - Filling up the DagBag from /home/airflow/.local/lib/python3.8/site-packages/airflow/example_dags/example_kubernetes_executor.py
[2025-07-11T09:44:20.636+0000] {processor.py:840} INFO - DAG(s) 'example_kubernetes_executor' retrieved from /home/airflow/.local/lib/python3.8/site-packages/airflow/example_dags/example_kubernetes_executor.py
[2025-07-11T09:44:20.693+0000] {logging_mixin.py:188} INFO - [2025-07-11T09:44:20.692+0000] {dag.py:3036} INFO - Sync 1 DAGs
[2025-07-11T09:44:20.710+0000] {logging_mixin.py:188} INFO - [2025-07-11T09:44:20.709+0000] {dag.py:3823} INFO - Setting next_dagrun for example_kubernetes_executor to None, run_after=None
[2025-07-11T09:44:20.741+0000] {processor.py:183} INFO - Processing /home/airflow/.local/lib/python3.8/site-packages/airflow/example_dags/example_kubernetes_executor.py took 0.135 seconds
[2025-07-11T09:44:51.085+0000] {processor.py:161} INFO - Started process (PID=1186) to work on /home/airflow/.local/lib/python3.8/site-packages/airflow/example_dags/example_kubernetes_executor.py
[2025-07-11T09:44:51.087+0000] {processor.py:830} INFO - Processing file /home/airflow/.local/lib/python3.8/site-packages/airflow/example_dags/example_kubernetes_executor.py for tasks to queue
[2025-07-11T09:44:51.090+0000] {logging_mixin.py:188} INFO - [2025-07-11T09:44:51.089+0000] {dagbag.py:538} INFO - Filling up the DagBag from /home/airflow/.local/lib/python3.8/site-packages/airflow/example_dags/example_kubernetes_executor.py
[2025-07-11T09:44:51.111+0000] {processor.py:840} INFO - DAG(s) 'example_kubernetes_executor' retrieved from /home/airflow/.local/lib/python3.8/site-packages/airflow/example_dags/example_kubernetes_executor.py
[2025-07-11T09:44:51.170+0000] {logging_mixin.py:188} INFO - [2025-07-11T09:44:51.170+0000] {dag.py:3036} INFO - Sync 1 DAGs
[2025-07-11T09:44:51.194+0000] {logging_mixin.py:188} INFO - [2025-07-11T09:44:51.193+0000] {dag.py:3823} INFO - Setting next_dagrun for example_kubernetes_executor to None, run_after=None
[2025-07-11T09:44:51.228+0000] {processor.py:183} INFO - Processing /home/airflow/.local/lib/python3.8/site-packages/airflow/example_dags/example_kubernetes_executor.py took 0.147 seconds
[2025-07-11T09:45:21.499+0000] {processor.py:161} INFO - Started process (PID=1241) to work on /home/airflow/.local/lib/python3.8/site-packages/airflow/example_dags/example_kubernetes_executor.py
[2025-07-11T09:45:21.501+0000] {processor.py:830} INFO - Processing file /home/airflow/.local/lib/python3.8/site-packages/airflow/example_dags/example_kubernetes_executor.py for tasks to queue
[2025-07-11T09:45:21.503+0000] {logging_mixin.py:188} INFO - [2025-07-11T09:45:21.503+0000] {dagbag.py:538} INFO - Filling up the DagBag from /home/airflow/.local/lib/python3.8/site-packages/airflow/example_dags/example_kubernetes_executor.py
[2025-07-11T09:45:21.527+0000] {processor.py:840} INFO - DAG(s) 'example_kubernetes_executor' retrieved from /home/airflow/.local/lib/python3.8/site-packages/airflow/example_dags/example_kubernetes_executor.py
[2025-07-11T09:45:21.581+0000] {logging_mixin.py:188} INFO - [2025-07-11T09:45:21.580+0000] {dag.py:3036} INFO - Sync 1 DAGs
[2025-07-11T09:45:21.598+0000] {logging_mixin.py:188} INFO - [2025-07-11T09:45:21.597+0000] {dag.py:3823} INFO - Setting next_dagrun for example_kubernetes_executor to None, run_after=None
[2025-07-11T09:45:21.627+0000] {processor.py:183} INFO - Processing /home/airflow/.local/lib/python3.8/site-packages/airflow/example_dags/example_kubernetes_executor.py took 0.134 seconds
[2025-07-11T09:45:51.942+0000] {processor.py:161} INFO - Started process (PID=1296) to work on /home/airflow/.local/lib/python3.8/site-packages/airflow/example_dags/example_kubernetes_executor.py
[2025-07-11T09:45:51.944+0000] {processor.py:830} INFO - Processing file /home/airflow/.local/lib/python3.8/site-packages/airflow/example_dags/example_kubernetes_executor.py for tasks to queue
[2025-07-11T09:45:51.946+0000] {logging_mixin.py:188} INFO - [2025-07-11T09:45:51.946+0000] {dagbag.py:538} INFO - Filling up the DagBag from /home/airflow/.local/lib/python3.8/site-packages/airflow/example_dags/example_kubernetes_executor.py
[2025-07-11T09:45:51.970+0000] {processor.py:840} INFO - DAG(s) 'example_kubernetes_executor' retrieved from /home/airflow/.local/lib/python3.8/site-packages/airflow/example_dags/example_kubernetes_executor.py
[2025-07-11T09:45:52.018+0000] {logging_mixin.py:188} INFO - [2025-07-11T09:45:52.017+0000] {dag.py:3036} INFO - Sync 1 DAGs
[2025-07-11T09:45:52.038+0000] {logging_mixin.py:188} INFO - [2025-07-11T09:45:52.038+0000] {dag.py:3823} INFO - Setting next_dagrun for example_kubernetes_executor to None, run_after=None
[2025-07-11T09:45:52.069+0000] {processor.py:183} INFO - Processing /home/airflow/.local/lib/python3.8/site-packages/airflow/example_dags/example_kubernetes_executor.py took 0.132 seconds
[2025-07-11T09:46:22.377+0000] {processor.py:161} INFO - Started process (PID=1351) to work on /home/airflow/.local/lib/python3.8/site-packages/airflow/example_dags/example_kubernetes_executor.py
[2025-07-11T09:46:22.378+0000] {processor.py:830} INFO - Processing file /home/airflow/.local/lib/python3.8/site-packages/airflow/example_dags/example_kubernetes_executor.py for tasks to queue
[2025-07-11T09:46:22.382+0000] {logging_mixin.py:188} INFO - [2025-07-11T09:46:22.381+0000] {dagbag.py:538} INFO - Filling up the DagBag from /home/airflow/.local/lib/python3.8/site-packages/airflow/example_dags/example_kubernetes_executor.py
[2025-07-11T09:46:22.406+0000] {processor.py:840} INFO - DAG(s) 'example_kubernetes_executor' retrieved from /home/airflow/.local/lib/python3.8/site-packages/airflow/example_dags/example_kubernetes_executor.py
[2025-07-11T09:46:22.456+0000] {logging_mixin.py:188} INFO - [2025-07-11T09:46:22.456+0000] {dag.py:3036} INFO - Sync 1 DAGs
[2025-07-11T09:46:22.475+0000] {logging_mixin.py:188} INFO - [2025-07-11T09:46:22.475+0000] {dag.py:3823} INFO - Setting next_dagrun for example_kubernetes_executor to None, run_after=None
[2025-07-11T09:46:22.504+0000] {processor.py:183} INFO - Processing /home/airflow/.local/lib/python3.8/site-packages/airflow/example_dags/example_kubernetes_executor.py took 0.133 seconds
[2025-07-11T09:46:52.732+0000] {processor.py:161} INFO - Started process (PID=1406) to work on /home/airflow/.local/lib/python3.8/site-packages/airflow/example_dags/example_kubernetes_executor.py
[2025-07-11T09:46:52.734+0000] {processor.py:830} INFO - Processing file /home/airflow/.local/lib/python3.8/site-packages/airflow/example_dags/example_kubernetes_executor.py for tasks to queue
[2025-07-11T09:46:52.736+0000] {logging_mixin.py:188} INFO - [2025-07-11T09:46:52.736+0000] {dagbag.py:538} INFO - Filling up the DagBag from /home/airflow/.local/lib/python3.8/site-packages/airflow/example_dags/example_kubernetes_executor.py
[2025-07-11T09:46:52.759+0000] {processor.py:840} INFO - DAG(s) 'example_kubernetes_executor' retrieved from /home/airflow/.local/lib/python3.8/site-packages/airflow/example_dags/example_kubernetes_executor.py
[2025-07-11T09:46:52.817+0000] {logging_mixin.py:188} INFO - [2025-07-11T09:46:52.817+0000] {dag.py:3036} INFO - Sync 1 DAGs
[2025-07-11T09:46:52.836+0000] {logging_mixin.py:188} INFO - [2025-07-11T09:46:52.836+0000] {dag.py:3823} INFO - Setting next_dagrun for example_kubernetes_executor to None, run_after=None
[2025-07-11T09:46:52.870+0000] {processor.py:183} INFO - Processing /home/airflow/.local/lib/python3.8/site-packages/airflow/example_dags/example_kubernetes_executor.py took 0.144 seconds
[2025-07-11T09:47:23.260+0000] {processor.py:161} INFO - Started process (PID=1459) to work on /home/airflow/.local/lib/python3.8/site-packages/airflow/example_dags/example_kubernetes_executor.py
[2025-07-11T09:47:23.262+0000] {processor.py:830} INFO - Processing file /home/airflow/.local/lib/python3.8/site-packages/airflow/example_dags/example_kubernetes_executor.py for tasks to queue
[2025-07-11T09:47:23.264+0000] {logging_mixin.py:188} INFO - [2025-07-11T09:47:23.264+0000] {dagbag.py:538} INFO - Filling up the DagBag from /home/airflow/.local/lib/python3.8/site-packages/airflow/example_dags/example_kubernetes_executor.py
[2025-07-11T09:47:23.283+0000] {processor.py:840} INFO - DAG(s) 'example_kubernetes_executor' retrieved from /home/airflow/.local/lib/python3.8/site-packages/airflow/example_dags/example_kubernetes_executor.py
[2025-07-11T09:47:23.331+0000] {logging_mixin.py:188} INFO - [2025-07-11T09:47:23.331+0000] {dag.py:3036} INFO - Sync 1 DAGs
[2025-07-11T09:47:23.349+0000] {logging_mixin.py:188} INFO - [2025-07-11T09:47:23.348+0000] {dag.py:3823} INFO - Setting next_dagrun for example_kubernetes_executor to None, run_after=None
[2025-07-11T09:47:23.380+0000] {processor.py:183} INFO - Processing /home/airflow/.local/lib/python3.8/site-packages/airflow/example_dags/example_kubernetes_executor.py took 0.124 seconds
[2025-07-11T09:47:53.558+0000] {processor.py:161} INFO - Started process (PID=1514) to work on /home/airflow/.local/lib/python3.8/site-packages/airflow/example_dags/example_kubernetes_executor.py
[2025-07-11T09:47:53.560+0000] {processor.py:830} INFO - Processing file /home/airflow/.local/lib/python3.8/site-packages/airflow/example_dags/example_kubernetes_executor.py for tasks to queue
[2025-07-11T09:47:53.564+0000] {logging_mixin.py:188} INFO - [2025-07-11T09:47:53.563+0000] {dagbag.py:538} INFO - Filling up the DagBag from /home/airflow/.local/lib/python3.8/site-packages/airflow/example_dags/example_kubernetes_executor.py
[2025-07-11T09:47:53.591+0000] {processor.py:840} INFO - DAG(s) 'example_kubernetes_executor' retrieved from /home/airflow/.local/lib/python3.8/site-packages/airflow/example_dags/example_kubernetes_executor.py
[2025-07-11T09:47:53.653+0000] {logging_mixin.py:188} INFO - [2025-07-11T09:47:53.653+0000] {dag.py:3036} INFO - Sync 1 DAGs
[2025-07-11T09:47:53.675+0000] {logging_mixin.py:188} INFO - [2025-07-11T09:47:53.674+0000] {dag.py:3823} INFO - Setting next_dagrun for example_kubernetes_executor to None, run_after=None
[2025-07-11T09:47:53.706+0000] {processor.py:183} INFO - Processing /home/airflow/.local/lib/python3.8/site-packages/airflow/example_dags/example_kubernetes_executor.py took 0.153 seconds
[2025-07-11T09:48:24.408+0000] {processor.py:161} INFO - Started process (PID=1569) to work on /home/airflow/.local/lib/python3.8/site-packages/airflow/example_dags/example_kubernetes_executor.py
[2025-07-11T09:48:24.410+0000] {processor.py:830} INFO - Processing file /home/airflow/.local/lib/python3.8/site-packages/airflow/example_dags/example_kubernetes_executor.py for tasks to queue
[2025-07-11T09:48:24.412+0000] {logging_mixin.py:188} INFO - [2025-07-11T09:48:24.412+0000] {dagbag.py:538} INFO - Filling up the DagBag from /home/airflow/.local/lib/python3.8/site-packages/airflow/example_dags/example_kubernetes_executor.py
[2025-07-11T09:48:24.432+0000] {processor.py:840} INFO - DAG(s) 'example_kubernetes_executor' retrieved from /home/airflow/.local/lib/python3.8/site-packages/airflow/example_dags/example_kubernetes_executor.py
[2025-07-11T09:48:24.483+0000] {logging_mixin.py:188} INFO - [2025-07-11T09:48:24.482+0000] {dag.py:3036} INFO - Sync 1 DAGs
[2025-07-11T09:48:24.501+0000] {logging_mixin.py:188} INFO - [2025-07-11T09:48:24.500+0000] {dag.py:3823} INFO - Setting next_dagrun for example_kubernetes_executor to None, run_after=None
[2025-07-11T09:48:24.536+0000] {processor.py:183} INFO - Processing /home/airflow/.local/lib/python3.8/site-packages/airflow/example_dags/example_kubernetes_executor.py took 0.132 seconds
[2025-07-11T09:48:54.970+0000] {processor.py:161} INFO - Started process (PID=1624) to work on /home/airflow/.local/lib/python3.8/site-packages/airflow/example_dags/example_kubernetes_executor.py
[2025-07-11T09:48:54.971+0000] {processor.py:830} INFO - Processing file /home/airflow/.local/lib/python3.8/site-packages/airflow/example_dags/example_kubernetes_executor.py for tasks to queue
[2025-07-11T09:48:54.975+0000] {logging_mixin.py:188} INFO - [2025-07-11T09:48:54.974+0000] {dagbag.py:538} INFO - Filling up the DagBag from /home/airflow/.local/lib/python3.8/site-packages/airflow/example_dags/example_kubernetes_executor.py
[2025-07-11T09:48:55.001+0000] {processor.py:840} INFO - DAG(s) 'example_kubernetes_executor' retrieved from /home/airflow/.local/lib/python3.8/site-packages/airflow/example_dags/example_kubernetes_executor.py
[2025-07-11T09:48:55.055+0000] {logging_mixin.py:188} INFO - [2025-07-11T09:48:55.055+0000] {dag.py:3036} INFO - Sync 1 DAGs
[2025-07-11T09:48:55.073+0000] {logging_mixin.py:188} INFO - [2025-07-11T09:48:55.072+0000] {dag.py:3823} INFO - Setting next_dagrun for example_kubernetes_executor to None, run_after=None
[2025-07-11T09:48:55.105+0000] {processor.py:183} INFO - Processing /home/airflow/.local/lib/python3.8/site-packages/airflow/example_dags/example_kubernetes_executor.py took 0.140 seconds
[2025-07-11T09:49:25.528+0000] {processor.py:161} INFO - Started process (PID=1679) to work on /home/airflow/.local/lib/python3.8/site-packages/airflow/example_dags/example_kubernetes_executor.py
[2025-07-11T09:49:25.530+0000] {processor.py:830} INFO - Processing file /home/airflow/.local/lib/python3.8/site-packages/airflow/example_dags/example_kubernetes_executor.py for tasks to queue
[2025-07-11T09:49:25.533+0000] {logging_mixin.py:188} INFO - [2025-07-11T09:49:25.532+0000] {dagbag.py:538} INFO - Filling up the DagBag from /home/airflow/.local/lib/python3.8/site-packages/airflow/example_dags/example_kubernetes_executor.py
[2025-07-11T09:49:25.559+0000] {processor.py:840} INFO - DAG(s) 'example_kubernetes_executor' retrieved from /home/airflow/.local/lib/python3.8/site-packages/airflow/example_dags/example_kubernetes_executor.py
[2025-07-11T09:49:25.623+0000] {logging_mixin.py:188} INFO - [2025-07-11T09:49:25.623+0000] {dag.py:3036} INFO - Sync 1 DAGs
[2025-07-11T09:49:25.650+0000] {logging_mixin.py:188} INFO - [2025-07-11T09:49:25.649+0000] {dag.py:3823} INFO - Setting next_dagrun for example_kubernetes_executor to None, run_after=None
[2025-07-11T09:49:25.687+0000] {processor.py:183} INFO - Processing /home/airflow/.local/lib/python3.8/site-packages/airflow/example_dags/example_kubernetes_executor.py took 0.164 seconds
[2025-07-11T09:49:55.957+0000] {processor.py:161} INFO - Started process (PID=1734) to work on /home/airflow/.local/lib/python3.8/site-packages/airflow/example_dags/example_kubernetes_executor.py
[2025-07-11T09:49:55.959+0000] {processor.py:830} INFO - Processing file /home/airflow/.local/lib/python3.8/site-packages/airflow/example_dags/example_kubernetes_executor.py for tasks to queue
[2025-07-11T09:49:55.962+0000] {logging_mixin.py:188} INFO - [2025-07-11T09:49:55.961+0000] {dagbag.py:538} INFO - Filling up the DagBag from /home/airflow/.local/lib/python3.8/site-packages/airflow/example_dags/example_kubernetes_executor.py
[2025-07-11T09:49:55.984+0000] {processor.py:840} INFO - DAG(s) 'example_kubernetes_executor' retrieved from /home/airflow/.local/lib/python3.8/site-packages/airflow/example_dags/example_kubernetes_executor.py
[2025-07-11T09:49:56.054+0000] {logging_mixin.py:188} INFO - [2025-07-11T09:49:56.053+0000] {dag.py:3036} INFO - Sync 1 DAGs
[2025-07-11T09:49:56.085+0000] {logging_mixin.py:188} INFO - [2025-07-11T09:49:56.085+0000] {dag.py:3823} INFO - Setting next_dagrun for example_kubernetes_executor to None, run_after=None
[2025-07-11T09:49:56.127+0000] {processor.py:183} INFO - Processing /home/airflow/.local/lib/python3.8/site-packages/airflow/example_dags/example_kubernetes_executor.py took 0.175 seconds
[2025-07-11T09:50:26.874+0000] {processor.py:161} INFO - Started process (PID=1789) to work on /home/airflow/.local/lib/python3.8/site-packages/airflow/example_dags/example_kubernetes_executor.py
[2025-07-11T09:50:26.876+0000] {processor.py:830} INFO - Processing file /home/airflow/.local/lib/python3.8/site-packages/airflow/example_dags/example_kubernetes_executor.py for tasks to queue
[2025-07-11T09:50:26.879+0000] {logging_mixin.py:188} INFO - [2025-07-11T09:50:26.878+0000] {dagbag.py:538} INFO - Filling up the DagBag from /home/airflow/.local/lib/python3.8/site-packages/airflow/example_dags/example_kubernetes_executor.py
[2025-07-11T09:50:26.907+0000] {processor.py:840} INFO - DAG(s) 'example_kubernetes_executor' retrieved from /home/airflow/.local/lib/python3.8/site-packages/airflow/example_dags/example_kubernetes_executor.py
[2025-07-11T09:50:26.956+0000] {logging_mixin.py:188} INFO - [2025-07-11T09:50:26.955+0000] {dag.py:3036} INFO - Sync 1 DAGs
[2025-07-11T09:50:26.972+0000] {logging_mixin.py:188} INFO - [2025-07-11T09:50:26.972+0000] {dag.py:3823} INFO - Setting next_dagrun for example_kubernetes_executor to None, run_after=None
[2025-07-11T09:50:27.003+0000] {processor.py:183} INFO - Processing /home/airflow/.local/lib/python3.8/site-packages/airflow/example_dags/example_kubernetes_executor.py took 0.134 seconds
[2025-07-11T09:50:57.798+0000] {processor.py:161} INFO - Started process (PID=1844) to work on /home/airflow/.local/lib/python3.8/site-packages/airflow/example_dags/example_kubernetes_executor.py
[2025-07-11T09:50:57.800+0000] {processor.py:830} INFO - Processing file /home/airflow/.local/lib/python3.8/site-packages/airflow/example_dags/example_kubernetes_executor.py for tasks to queue
[2025-07-11T09:50:57.802+0000] {logging_mixin.py:188} INFO - [2025-07-11T09:50:57.802+0000] {dagbag.py:538} INFO - Filling up the DagBag from /home/airflow/.local/lib/python3.8/site-packages/airflow/example_dags/example_kubernetes_executor.py
[2025-07-11T09:50:57.823+0000] {processor.py:840} INFO - DAG(s) 'example_kubernetes_executor' retrieved from /home/airflow/.local/lib/python3.8/site-packages/airflow/example_dags/example_kubernetes_executor.py
[2025-07-11T09:50:57.875+0000] {logging_mixin.py:188} INFO - [2025-07-11T09:50:57.874+0000] {dag.py:3036} INFO - Sync 1 DAGs
[2025-07-11T09:50:57.896+0000] {logging_mixin.py:188} INFO - [2025-07-11T09:50:57.896+0000] {dag.py:3823} INFO - Setting next_dagrun for example_kubernetes_executor to None, run_after=None
[2025-07-11T09:50:57.932+0000] {processor.py:183} INFO - Processing /home/airflow/.local/lib/python3.8/site-packages/airflow/example_dags/example_kubernetes_executor.py took 0.140 seconds
[2025-07-11T09:51:28.239+0000] {processor.py:161} INFO - Started process (PID=1899) to work on /home/airflow/.local/lib/python3.8/site-packages/airflow/example_dags/example_kubernetes_executor.py
[2025-07-11T09:51:28.241+0000] {processor.py:830} INFO - Processing file /home/airflow/.local/lib/python3.8/site-packages/airflow/example_dags/example_kubernetes_executor.py for tasks to queue
[2025-07-11T09:51:28.244+0000] {logging_mixin.py:188} INFO - [2025-07-11T09:51:28.243+0000] {dagbag.py:538} INFO - Filling up the DagBag from /home/airflow/.local/lib/python3.8/site-packages/airflow/example_dags/example_kubernetes_executor.py
[2025-07-11T09:51:28.263+0000] {processor.py:840} INFO - DAG(s) 'example_kubernetes_executor' retrieved from /home/airflow/.local/lib/python3.8/site-packages/airflow/example_dags/example_kubernetes_executor.py
[2025-07-11T09:51:28.315+0000] {logging_mixin.py:188} INFO - [2025-07-11T09:51:28.314+0000] {dag.py:3036} INFO - Sync 1 DAGs
[2025-07-11T09:51:28.331+0000] {logging_mixin.py:188} INFO - [2025-07-11T09:51:28.331+0000] {dag.py:3823} INFO - Setting next_dagrun for example_kubernetes_executor to None, run_after=None
[2025-07-11T09:51:28.360+0000] {processor.py:183} INFO - Processing /home/airflow/.local/lib/python3.8/site-packages/airflow/example_dags/example_kubernetes_executor.py took 0.125 seconds
[2025-07-11T09:51:58.847+0000] {processor.py:161} INFO - Started process (PID=1954) to work on /home/airflow/.local/lib/python3.8/site-packages/airflow/example_dags/example_kubernetes_executor.py
[2025-07-11T09:51:58.848+0000] {processor.py:830} INFO - Processing file /home/airflow/.local/lib/python3.8/site-packages/airflow/example_dags/example_kubernetes_executor.py for tasks to queue
[2025-07-11T09:51:58.850+0000] {logging_mixin.py:188} INFO - [2025-07-11T09:51:58.850+0000] {dagbag.py:538} INFO - Filling up the DagBag from /home/airflow/.local/lib/python3.8/site-packages/airflow/example_dags/example_kubernetes_executor.py
[2025-07-11T09:51:58.878+0000] {processor.py:840} INFO - DAG(s) 'example_kubernetes_executor' retrieved from /home/airflow/.local/lib/python3.8/site-packages/airflow/example_dags/example_kubernetes_executor.py
[2025-07-11T09:51:58.942+0000] {logging_mixin.py:188} INFO - [2025-07-11T09:51:58.941+0000] {dag.py:3036} INFO - Sync 1 DAGs
[2025-07-11T09:51:58.964+0000] {logging_mixin.py:188} INFO - [2025-07-11T09:51:58.963+0000] {dag.py:3823} INFO - Setting next_dagrun for example_kubernetes_executor to None, run_after=None
[2025-07-11T09:51:59.001+0000] {processor.py:183} INFO - Processing /home/airflow/.local/lib/python3.8/site-packages/airflow/example_dags/example_kubernetes_executor.py took 0.158 seconds
[2025-07-11T09:52:29.667+0000] {processor.py:161} INFO - Started process (PID=2009) to work on /home/airflow/.local/lib/python3.8/site-packages/airflow/example_dags/example_kubernetes_executor.py
[2025-07-11T09:52:29.669+0000] {processor.py:830} INFO - Processing file /home/airflow/.local/lib/python3.8/site-packages/airflow/example_dags/example_kubernetes_executor.py for tasks to queue
[2025-07-11T09:52:29.672+0000] {logging_mixin.py:188} INFO - [2025-07-11T09:52:29.672+0000] {dagbag.py:538} INFO - Filling up the DagBag from /home/airflow/.local/lib/python3.8/site-packages/airflow/example_dags/example_kubernetes_executor.py
[2025-07-11T09:52:29.697+0000] {processor.py:840} INFO - DAG(s) 'example_kubernetes_executor' retrieved from /home/airflow/.local/lib/python3.8/site-packages/airflow/example_dags/example_kubernetes_executor.py
[2025-07-11T09:52:29.751+0000] {logging_mixin.py:188} INFO - [2025-07-11T09:52:29.750+0000] {dag.py:3036} INFO - Sync 1 DAGs
[2025-07-11T09:52:29.768+0000] {logging_mixin.py:188} INFO - [2025-07-11T09:52:29.768+0000] {dag.py:3823} INFO - Setting next_dagrun for example_kubernetes_executor to None, run_after=None
[2025-07-11T09:52:29.803+0000] {processor.py:183} INFO - Processing /home/airflow/.local/lib/python3.8/site-packages/airflow/example_dags/example_kubernetes_executor.py took 0.142 seconds
[2025-07-11T09:53:00.168+0000] {processor.py:161} INFO - Started process (PID=2064) to work on /home/airflow/.local/lib/python3.8/site-packages/airflow/example_dags/example_kubernetes_executor.py
[2025-07-11T09:53:00.169+0000] {processor.py:830} INFO - Processing file /home/airflow/.local/lib/python3.8/site-packages/airflow/example_dags/example_kubernetes_executor.py for tasks to queue
[2025-07-11T09:53:00.173+0000] {logging_mixin.py:188} INFO - [2025-07-11T09:53:00.173+0000] {dagbag.py:538} INFO - Filling up the DagBag from /home/airflow/.local/lib/python3.8/site-packages/airflow/example_dags/example_kubernetes_executor.py
[2025-07-11T09:53:00.196+0000] {processor.py:840} INFO - DAG(s) 'example_kubernetes_executor' retrieved from /home/airflow/.local/lib/python3.8/site-packages/airflow/example_dags/example_kubernetes_executor.py
[2025-07-11T09:53:00.262+0000] {logging_mixin.py:188} INFO - [2025-07-11T09:53:00.261+0000] {dag.py:3036} INFO - Sync 1 DAGs
[2025-07-11T09:53:00.285+0000] {logging_mixin.py:188} INFO - [2025-07-11T09:53:00.285+0000] {dag.py:3823} INFO - Setting next_dagrun for example_kubernetes_executor to None, run_after=None
[2025-07-11T09:53:00.323+0000] {processor.py:183} INFO - Processing /home/airflow/.local/lib/python3.8/site-packages/airflow/example_dags/example_kubernetes_executor.py took 0.160 seconds
[2025-07-11T09:53:30.549+0000] {processor.py:161} INFO - Started process (PID=2119) to work on /home/airflow/.local/lib/python3.8/site-packages/airflow/example_dags/example_kubernetes_executor.py
[2025-07-11T09:53:30.551+0000] {processor.py:830} INFO - Processing file /home/airflow/.local/lib/python3.8/site-packages/airflow/example_dags/example_kubernetes_executor.py for tasks to queue
[2025-07-11T09:53:30.553+0000] {logging_mixin.py:188} INFO - [2025-07-11T09:53:30.553+0000] {dagbag.py:538} INFO - Filling up the DagBag from /home/airflow/.local/lib/python3.8/site-packages/airflow/example_dags/example_kubernetes_executor.py
[2025-07-11T09:53:30.576+0000] {processor.py:840} INFO - DAG(s) 'example_kubernetes_executor' retrieved from /home/airflow/.local/lib/python3.8/site-packages/airflow/example_dags/example_kubernetes_executor.py
[2025-07-11T09:53:30.640+0000] {logging_mixin.py:188} INFO - [2025-07-11T09:53:30.640+0000] {dag.py:3036} INFO - Sync 1 DAGs
[2025-07-11T09:53:30.659+0000] {logging_mixin.py:188} INFO - [2025-07-11T09:53:30.659+0000] {dag.py:3823} INFO - Setting next_dagrun for example_kubernetes_executor to None, run_after=None
[2025-07-11T09:53:30.692+0000] {processor.py:183} INFO - Processing /home/airflow/.local/lib/python3.8/site-packages/airflow/example_dags/example_kubernetes_executor.py took 0.148 seconds
[2025-07-11T09:54:01.199+0000] {processor.py:161} INFO - Started process (PID=2174) to work on /home/airflow/.local/lib/python3.8/site-packages/airflow/example_dags/example_kubernetes_executor.py
[2025-07-11T09:54:01.201+0000] {processor.py:830} INFO - Processing file /home/airflow/.local/lib/python3.8/site-packages/airflow/example_dags/example_kubernetes_executor.py for tasks to queue
[2025-07-11T09:54:01.203+0000] {logging_mixin.py:188} INFO - [2025-07-11T09:54:01.203+0000] {dagbag.py:538} INFO - Filling up the DagBag from /home/airflow/.local/lib/python3.8/site-packages/airflow/example_dags/example_kubernetes_executor.py
[2025-07-11T09:54:01.223+0000] {processor.py:840} INFO - DAG(s) 'example_kubernetes_executor' retrieved from /home/airflow/.local/lib/python3.8/site-packages/airflow/example_dags/example_kubernetes_executor.py
[2025-07-11T09:54:01.276+0000] {logging_mixin.py:188} INFO - [2025-07-11T09:54:01.275+0000] {dag.py:3036} INFO - Sync 1 DAGs
[2025-07-11T09:54:01.298+0000] {logging_mixin.py:188} INFO - [2025-07-11T09:54:01.298+0000] {dag.py:3823} INFO - Setting next_dagrun for example_kubernetes_executor to None, run_after=None
[2025-07-11T09:54:01.329+0000] {processor.py:183} INFO - Processing /home/airflow/.local/lib/python3.8/site-packages/airflow/example_dags/example_kubernetes_executor.py took 0.135 seconds
[2025-07-11T09:54:31.583+0000] {processor.py:161} INFO - Started process (PID=2229) to work on /home/airflow/.local/lib/python3.8/site-packages/airflow/example_dags/example_kubernetes_executor.py
[2025-07-11T09:54:31.586+0000] {processor.py:830} INFO - Processing file /home/airflow/.local/lib/python3.8/site-packages/airflow/example_dags/example_kubernetes_executor.py for tasks to queue
[2025-07-11T09:54:31.588+0000] {logging_mixin.py:188} INFO - [2025-07-11T09:54:31.588+0000] {dagbag.py:538} INFO - Filling up the DagBag from /home/airflow/.local/lib/python3.8/site-packages/airflow/example_dags/example_kubernetes_executor.py
[2025-07-11T09:54:31.611+0000] {processor.py:840} INFO - DAG(s) 'example_kubernetes_executor' retrieved from /home/airflow/.local/lib/python3.8/site-packages/airflow/example_dags/example_kubernetes_executor.py
[2025-07-11T09:54:31.663+0000] {logging_mixin.py:188} INFO - [2025-07-11T09:54:31.663+0000] {dag.py:3036} INFO - Sync 1 DAGs
[2025-07-11T09:54:31.689+0000] {logging_mixin.py:188} INFO - [2025-07-11T09:54:31.688+0000] {dag.py:3823} INFO - Setting next_dagrun for example_kubernetes_executor to None, run_after=None
[2025-07-11T09:54:31.907+0000] {processor.py:183} INFO - Processing /home/airflow/.local/lib/python3.8/site-packages/airflow/example_dags/example_kubernetes_executor.py took 0.329 seconds
