[2025-07-11T09:24:52.291+0000] {processor.py:161} INFO - Started process (PID=78) to work on /home/airflow/.local/lib/python3.8/site-packages/airflow/example_dags/example_setup_teardown_taskflow.py
[2025-07-11T09:24:52.294+0000] {processor.py:830} INFO - Processing file /home/airflow/.local/lib/python3.8/site-packages/airflow/example_dags/example_setup_teardown_taskflow.py for tasks to queue
[2025-07-11T09:24:52.298+0000] {logging_mixin.py:188} INFO - [2025-07-11T09:24:52.297+0000] {dagbag.py:538} INFO - Filling up the DagBag from /home/airflow/.local/lib/python3.8/site-packages/airflow/example_dags/example_setup_teardown_taskflow.py
[2025-07-11T09:24:52.336+0000] {processor.py:840} INFO - DAG(s) 'example_setup_teardown_taskflow' retrieved from /home/airflow/.local/lib/python3.8/site-packages/airflow/example_dags/example_setup_teardown_taskflow.py
[2025-07-11T09:24:52.693+0000] {logging_mixin.py:188} INFO - [2025-07-11T09:24:52.691+0000] {override.py:1769} INFO - Created Permission View: can edit on DAG:example_setup_teardown_taskflow
[2025-07-11T09:24:52.713+0000] {logging_mixin.py:188} INFO - [2025-07-11T09:24:52.712+0000] {override.py:1769} INFO - Created Permission View: can delete on DAG:example_setup_teardown_taskflow
[2025-07-11T09:24:52.730+0000] {logging_mixin.py:188} INFO - [2025-07-11T09:24:52.729+0000] {override.py:1769} INFO - Created Permission View: can read on DAG:example_setup_teardown_taskflow
[2025-07-11T09:24:52.731+0000] {logging_mixin.py:188} INFO - [2025-07-11T09:24:52.730+0000] {dag.py:3036} INFO - Sync 1 DAGs
[2025-07-11T09:24:52.765+0000] {logging_mixin.py:188} INFO - [2025-07-11T09:24:52.764+0000] {dag.py:3058} INFO - Creating ORM DAG for example_setup_teardown_taskflow
[2025-07-11T09:24:52.800+0000] {logging_mixin.py:188} INFO - [2025-07-11T09:24:52.800+0000] {dag.py:3823} INFO - Setting next_dagrun for example_setup_teardown_taskflow to 2025-07-10 00:00:00+00:00, run_after=2025-07-11 00:00:00+00:00
[2025-07-11T09:24:52.836+0000] {processor.py:183} INFO - Processing /home/airflow/.local/lib/python3.8/site-packages/airflow/example_dags/example_setup_teardown_taskflow.py took 0.554 seconds
[2025-07-11T09:25:23.696+0000] {processor.py:161} INFO - Started process (PID=133) to work on /home/airflow/.local/lib/python3.8/site-packages/airflow/example_dags/example_setup_teardown_taskflow.py
[2025-07-11T09:25:23.697+0000] {processor.py:830} INFO - Processing file /home/airflow/.local/lib/python3.8/site-packages/airflow/example_dags/example_setup_teardown_taskflow.py for tasks to queue
[2025-07-11T09:25:23.700+0000] {logging_mixin.py:188} INFO - [2025-07-11T09:25:23.699+0000] {dagbag.py:538} INFO - Filling up the DagBag from /home/airflow/.local/lib/python3.8/site-packages/airflow/example_dags/example_setup_teardown_taskflow.py
[2025-07-11T09:25:23.713+0000] {processor.py:840} INFO - DAG(s) 'example_setup_teardown_taskflow' retrieved from /home/airflow/.local/lib/python3.8/site-packages/airflow/example_dags/example_setup_teardown_taskflow.py
[2025-07-11T09:25:23.743+0000] {logging_mixin.py:188} INFO - [2025-07-11T09:25:23.742+0000] {dag.py:3036} INFO - Sync 1 DAGs
[2025-07-11T09:25:23.776+0000] {logging_mixin.py:188} INFO - [2025-07-11T09:25:23.776+0000] {dag.py:3823} INFO - Setting next_dagrun for example_setup_teardown_taskflow to 2025-07-10 00:00:00+00:00, run_after=2025-07-11 00:00:00+00:00
[2025-07-11T09:25:23.811+0000] {processor.py:183} INFO - Processing /home/airflow/.local/lib/python3.8/site-packages/airflow/example_dags/example_setup_teardown_taskflow.py took 0.120 seconds
[2025-07-11T09:25:54.039+0000] {processor.py:161} INFO - Started process (PID=188) to work on /home/airflow/.local/lib/python3.8/site-packages/airflow/example_dags/example_setup_teardown_taskflow.py
[2025-07-11T09:25:54.041+0000] {processor.py:830} INFO - Processing file /home/airflow/.local/lib/python3.8/site-packages/airflow/example_dags/example_setup_teardown_taskflow.py for tasks to queue
[2025-07-11T09:25:54.043+0000] {logging_mixin.py:188} INFO - [2025-07-11T09:25:54.043+0000] {dagbag.py:538} INFO - Filling up the DagBag from /home/airflow/.local/lib/python3.8/site-packages/airflow/example_dags/example_setup_teardown_taskflow.py
[2025-07-11T09:25:54.056+0000] {processor.py:840} INFO - DAG(s) 'example_setup_teardown_taskflow' retrieved from /home/airflow/.local/lib/python3.8/site-packages/airflow/example_dags/example_setup_teardown_taskflow.py
[2025-07-11T09:25:54.086+0000] {logging_mixin.py:188} INFO - [2025-07-11T09:25:54.085+0000] {dag.py:3036} INFO - Sync 1 DAGs
[2025-07-11T09:25:54.117+0000] {logging_mixin.py:188} INFO - [2025-07-11T09:25:54.117+0000] {dag.py:3823} INFO - Setting next_dagrun for example_setup_teardown_taskflow to 2025-07-10 00:00:00+00:00, run_after=2025-07-11 00:00:00+00:00
[2025-07-11T09:25:54.150+0000] {processor.py:183} INFO - Processing /home/airflow/.local/lib/python3.8/site-packages/airflow/example_dags/example_setup_teardown_taskflow.py took 0.115 seconds
[2025-07-11T09:26:24.239+0000] {processor.py:161} INFO - Started process (PID=243) to work on /home/airflow/.local/lib/python3.8/site-packages/airflow/example_dags/example_setup_teardown_taskflow.py
[2025-07-11T09:26:24.241+0000] {processor.py:830} INFO - Processing file /home/airflow/.local/lib/python3.8/site-packages/airflow/example_dags/example_setup_teardown_taskflow.py for tasks to queue
[2025-07-11T09:26:24.243+0000] {logging_mixin.py:188} INFO - [2025-07-11T09:26:24.243+0000] {dagbag.py:538} INFO - Filling up the DagBag from /home/airflow/.local/lib/python3.8/site-packages/airflow/example_dags/example_setup_teardown_taskflow.py
[2025-07-11T09:26:24.260+0000] {processor.py:840} INFO - DAG(s) 'example_setup_teardown_taskflow' retrieved from /home/airflow/.local/lib/python3.8/site-packages/airflow/example_dags/example_setup_teardown_taskflow.py
[2025-07-11T09:26:24.292+0000] {logging_mixin.py:188} INFO - [2025-07-11T09:26:24.292+0000] {dag.py:3036} INFO - Sync 1 DAGs
[2025-07-11T09:26:24.328+0000] {logging_mixin.py:188} INFO - [2025-07-11T09:26:24.328+0000] {dag.py:3823} INFO - Setting next_dagrun for example_setup_teardown_taskflow to 2025-07-10 00:00:00+00:00, run_after=2025-07-11 00:00:00+00:00
[2025-07-11T09:26:24.357+0000] {processor.py:183} INFO - Processing /home/airflow/.local/lib/python3.8/site-packages/airflow/example_dags/example_setup_teardown_taskflow.py took 0.123 seconds
[2025-07-11T09:26:54.777+0000] {processor.py:161} INFO - Started process (PID=298) to work on /home/airflow/.local/lib/python3.8/site-packages/airflow/example_dags/example_setup_teardown_taskflow.py
[2025-07-11T09:26:54.779+0000] {processor.py:830} INFO - Processing file /home/airflow/.local/lib/python3.8/site-packages/airflow/example_dags/example_setup_teardown_taskflow.py for tasks to queue
[2025-07-11T09:26:54.783+0000] {logging_mixin.py:188} INFO - [2025-07-11T09:26:54.782+0000] {dagbag.py:538} INFO - Filling up the DagBag from /home/airflow/.local/lib/python3.8/site-packages/airflow/example_dags/example_setup_teardown_taskflow.py
[2025-07-11T09:26:54.797+0000] {processor.py:840} INFO - DAG(s) 'example_setup_teardown_taskflow' retrieved from /home/airflow/.local/lib/python3.8/site-packages/airflow/example_dags/example_setup_teardown_taskflow.py
[2025-07-11T09:26:54.830+0000] {logging_mixin.py:188} INFO - [2025-07-11T09:26:54.830+0000] {dag.py:3036} INFO - Sync 1 DAGs
[2025-07-11T09:26:54.862+0000] {logging_mixin.py:188} INFO - [2025-07-11T09:26:54.861+0000] {dag.py:3823} INFO - Setting next_dagrun for example_setup_teardown_taskflow to 2025-07-10 00:00:00+00:00, run_after=2025-07-11 00:00:00+00:00
[2025-07-11T09:26:54.893+0000] {processor.py:183} INFO - Processing /home/airflow/.local/lib/python3.8/site-packages/airflow/example_dags/example_setup_teardown_taskflow.py took 0.121 seconds
[2025-07-11T09:28:21.186+0000] {processor.py:161} INFO - Started process (PID=72) to work on /home/airflow/.local/lib/python3.8/site-packages/airflow/example_dags/example_setup_teardown_taskflow.py
[2025-07-11T09:28:21.190+0000] {processor.py:830} INFO - Processing file /home/airflow/.local/lib/python3.8/site-packages/airflow/example_dags/example_setup_teardown_taskflow.py for tasks to queue
[2025-07-11T09:28:21.194+0000] {logging_mixin.py:188} INFO - [2025-07-11T09:28:21.193+0000] {dagbag.py:538} INFO - Filling up the DagBag from /home/airflow/.local/lib/python3.8/site-packages/airflow/example_dags/example_setup_teardown_taskflow.py
[2025-07-11T09:28:21.214+0000] {processor.py:840} INFO - DAG(s) 'example_setup_teardown_taskflow' retrieved from /home/airflow/.local/lib/python3.8/site-packages/airflow/example_dags/example_setup_teardown_taskflow.py
[2025-07-11T09:28:21.459+0000] {logging_mixin.py:188} INFO - [2025-07-11T09:28:21.457+0000] {override.py:1769} INFO - Created Permission View: can read on DAG:example_setup_teardown_taskflow
[2025-07-11T09:28:21.491+0000] {logging_mixin.py:188} INFO - [2025-07-11T09:28:21.491+0000] {override.py:1769} INFO - Created Permission View: can delete on DAG:example_setup_teardown_taskflow
[2025-07-11T09:28:21.510+0000] {logging_mixin.py:188} INFO - [2025-07-11T09:28:21.509+0000] {override.py:1769} INFO - Created Permission View: can edit on DAG:example_setup_teardown_taskflow
[2025-07-11T09:28:21.511+0000] {logging_mixin.py:188} INFO - [2025-07-11T09:28:21.511+0000] {dag.py:3036} INFO - Sync 1 DAGs
[2025-07-11T09:28:21.535+0000] {logging_mixin.py:188} INFO - [2025-07-11T09:28:21.535+0000] {dag.py:3058} INFO - Creating ORM DAG for example_setup_teardown_taskflow
[2025-07-11T09:28:21.566+0000] {logging_mixin.py:188} INFO - [2025-07-11T09:28:21.564+0000] {dag.py:3823} INFO - Setting next_dagrun for example_setup_teardown_taskflow to 2025-07-10 00:00:00+00:00, run_after=2025-07-11 00:00:00+00:00
[2025-07-11T09:28:21.608+0000] {processor.py:183} INFO - Processing /home/airflow/.local/lib/python3.8/site-packages/airflow/example_dags/example_setup_teardown_taskflow.py took 0.427 seconds
[2025-07-11T09:28:52.259+0000] {processor.py:161} INFO - Started process (PID=128) to work on /home/airflow/.local/lib/python3.8/site-packages/airflow/example_dags/example_setup_teardown_taskflow.py
[2025-07-11T09:28:52.260+0000] {processor.py:830} INFO - Processing file /home/airflow/.local/lib/python3.8/site-packages/airflow/example_dags/example_setup_teardown_taskflow.py for tasks to queue
[2025-07-11T09:28:52.263+0000] {logging_mixin.py:188} INFO - [2025-07-11T09:28:52.262+0000] {dagbag.py:538} INFO - Filling up the DagBag from /home/airflow/.local/lib/python3.8/site-packages/airflow/example_dags/example_setup_teardown_taskflow.py
[2025-07-11T09:28:52.275+0000] {processor.py:840} INFO - DAG(s) 'example_setup_teardown_taskflow' retrieved from /home/airflow/.local/lib/python3.8/site-packages/airflow/example_dags/example_setup_teardown_taskflow.py
[2025-07-11T09:28:52.306+0000] {logging_mixin.py:188} INFO - [2025-07-11T09:28:52.306+0000] {dag.py:3036} INFO - Sync 1 DAGs
[2025-07-11T09:28:52.336+0000] {logging_mixin.py:188} INFO - [2025-07-11T09:28:52.335+0000] {dag.py:3823} INFO - Setting next_dagrun for example_setup_teardown_taskflow to 2025-07-10 00:00:00+00:00, run_after=2025-07-11 00:00:00+00:00
[2025-07-11T09:28:52.364+0000] {processor.py:183} INFO - Processing /home/airflow/.local/lib/python3.8/site-packages/airflow/example_dags/example_setup_teardown_taskflow.py took 0.109 seconds
[2025-07-11T09:29:22.632+0000] {processor.py:161} INFO - Started process (PID=183) to work on /home/airflow/.local/lib/python3.8/site-packages/airflow/example_dags/example_setup_teardown_taskflow.py
[2025-07-11T09:29:22.634+0000] {processor.py:830} INFO - Processing file /home/airflow/.local/lib/python3.8/site-packages/airflow/example_dags/example_setup_teardown_taskflow.py for tasks to queue
[2025-07-11T09:29:22.636+0000] {logging_mixin.py:188} INFO - [2025-07-11T09:29:22.635+0000] {dagbag.py:538} INFO - Filling up the DagBag from /home/airflow/.local/lib/python3.8/site-packages/airflow/example_dags/example_setup_teardown_taskflow.py
[2025-07-11T09:29:22.649+0000] {processor.py:840} INFO - DAG(s) 'example_setup_teardown_taskflow' retrieved from /home/airflow/.local/lib/python3.8/site-packages/airflow/example_dags/example_setup_teardown_taskflow.py
[2025-07-11T09:29:22.685+0000] {logging_mixin.py:188} INFO - [2025-07-11T09:29:22.684+0000] {dag.py:3036} INFO - Sync 1 DAGs
[2025-07-11T09:29:22.735+0000] {logging_mixin.py:188} INFO - [2025-07-11T09:29:22.735+0000] {dag.py:3823} INFO - Setting next_dagrun for example_setup_teardown_taskflow to 2025-07-10 00:00:00+00:00, run_after=2025-07-11 00:00:00+00:00
[2025-07-11T09:29:22.770+0000] {processor.py:183} INFO - Processing /home/airflow/.local/lib/python3.8/site-packages/airflow/example_dags/example_setup_teardown_taskflow.py took 0.142 seconds
[2025-07-11T09:29:53.197+0000] {processor.py:161} INFO - Started process (PID=238) to work on /home/airflow/.local/lib/python3.8/site-packages/airflow/example_dags/example_setup_teardown_taskflow.py
[2025-07-11T09:29:53.199+0000] {processor.py:830} INFO - Processing file /home/airflow/.local/lib/python3.8/site-packages/airflow/example_dags/example_setup_teardown_taskflow.py for tasks to queue
[2025-07-11T09:29:53.201+0000] {logging_mixin.py:188} INFO - [2025-07-11T09:29:53.201+0000] {dagbag.py:538} INFO - Filling up the DagBag from /home/airflow/.local/lib/python3.8/site-packages/airflow/example_dags/example_setup_teardown_taskflow.py
[2025-07-11T09:29:53.215+0000] {processor.py:840} INFO - DAG(s) 'example_setup_teardown_taskflow' retrieved from /home/airflow/.local/lib/python3.8/site-packages/airflow/example_dags/example_setup_teardown_taskflow.py
[2025-07-11T09:29:53.248+0000] {logging_mixin.py:188} INFO - [2025-07-11T09:29:53.248+0000] {dag.py:3036} INFO - Sync 1 DAGs
[2025-07-11T09:29:53.284+0000] {logging_mixin.py:188} INFO - [2025-07-11T09:29:53.283+0000] {dag.py:3823} INFO - Setting next_dagrun for example_setup_teardown_taskflow to 2025-07-10 00:00:00+00:00, run_after=2025-07-11 00:00:00+00:00
[2025-07-11T09:29:53.314+0000] {processor.py:183} INFO - Processing /home/airflow/.local/lib/python3.8/site-packages/airflow/example_dags/example_setup_teardown_taskflow.py took 0.122 seconds
[2025-07-11T09:30:23.539+0000] {processor.py:161} INFO - Started process (PID=299) to work on /home/airflow/.local/lib/python3.8/site-packages/airflow/example_dags/example_setup_teardown_taskflow.py
[2025-07-11T09:30:23.540+0000] {processor.py:830} INFO - Processing file /home/airflow/.local/lib/python3.8/site-packages/airflow/example_dags/example_setup_teardown_taskflow.py for tasks to queue
[2025-07-11T09:30:23.544+0000] {logging_mixin.py:188} INFO - [2025-07-11T09:30:23.543+0000] {dagbag.py:538} INFO - Filling up the DagBag from /home/airflow/.local/lib/python3.8/site-packages/airflow/example_dags/example_setup_teardown_taskflow.py
[2025-07-11T09:30:23.560+0000] {processor.py:840} INFO - DAG(s) 'example_setup_teardown_taskflow' retrieved from /home/airflow/.local/lib/python3.8/site-packages/airflow/example_dags/example_setup_teardown_taskflow.py
[2025-07-11T09:30:23.600+0000] {logging_mixin.py:188} INFO - [2025-07-11T09:30:23.599+0000] {dag.py:3036} INFO - Sync 1 DAGs
[2025-07-11T09:30:23.636+0000] {logging_mixin.py:188} INFO - [2025-07-11T09:30:23.635+0000] {dag.py:3823} INFO - Setting next_dagrun for example_setup_teardown_taskflow to 2025-07-10 00:00:00+00:00, run_after=2025-07-11 00:00:00+00:00
[2025-07-11T09:30:23.670+0000] {processor.py:183} INFO - Processing /home/airflow/.local/lib/python3.8/site-packages/airflow/example_dags/example_setup_teardown_taskflow.py took 0.137 seconds
[2025-07-11T09:30:54.179+0000] {processor.py:161} INFO - Started process (PID=354) to work on /home/airflow/.local/lib/python3.8/site-packages/airflow/example_dags/example_setup_teardown_taskflow.py
[2025-07-11T09:30:54.181+0000] {processor.py:830} INFO - Processing file /home/airflow/.local/lib/python3.8/site-packages/airflow/example_dags/example_setup_teardown_taskflow.py for tasks to queue
[2025-07-11T09:30:54.183+0000] {logging_mixin.py:188} INFO - [2025-07-11T09:30:54.183+0000] {dagbag.py:538} INFO - Filling up the DagBag from /home/airflow/.local/lib/python3.8/site-packages/airflow/example_dags/example_setup_teardown_taskflow.py
[2025-07-11T09:30:54.205+0000] {processor.py:840} INFO - DAG(s) 'example_setup_teardown_taskflow' retrieved from /home/airflow/.local/lib/python3.8/site-packages/airflow/example_dags/example_setup_teardown_taskflow.py
[2025-07-11T09:30:54.254+0000] {logging_mixin.py:188} INFO - [2025-07-11T09:30:54.254+0000] {dag.py:3036} INFO - Sync 1 DAGs
[2025-07-11T09:30:54.306+0000] {logging_mixin.py:188} INFO - [2025-07-11T09:30:54.305+0000] {dag.py:3823} INFO - Setting next_dagrun for example_setup_teardown_taskflow to 2025-07-10 00:00:00+00:00, run_after=2025-07-11 00:00:00+00:00
[2025-07-11T09:30:54.344+0000] {processor.py:183} INFO - Processing /home/airflow/.local/lib/python3.8/site-packages/airflow/example_dags/example_setup_teardown_taskflow.py took 0.173 seconds
[2025-07-11T09:31:24.625+0000] {processor.py:161} INFO - Started process (PID=409) to work on /home/airflow/.local/lib/python3.8/site-packages/airflow/example_dags/example_setup_teardown_taskflow.py
[2025-07-11T09:31:24.627+0000] {processor.py:830} INFO - Processing file /home/airflow/.local/lib/python3.8/site-packages/airflow/example_dags/example_setup_teardown_taskflow.py for tasks to queue
[2025-07-11T09:31:24.629+0000] {logging_mixin.py:188} INFO - [2025-07-11T09:31:24.629+0000] {dagbag.py:538} INFO - Filling up the DagBag from /home/airflow/.local/lib/python3.8/site-packages/airflow/example_dags/example_setup_teardown_taskflow.py
[2025-07-11T09:31:24.643+0000] {processor.py:840} INFO - DAG(s) 'example_setup_teardown_taskflow' retrieved from /home/airflow/.local/lib/python3.8/site-packages/airflow/example_dags/example_setup_teardown_taskflow.py
[2025-07-11T09:31:24.673+0000] {logging_mixin.py:188} INFO - [2025-07-11T09:31:24.672+0000] {dag.py:3036} INFO - Sync 1 DAGs
[2025-07-11T09:31:24.707+0000] {logging_mixin.py:188} INFO - [2025-07-11T09:31:24.707+0000] {dag.py:3823} INFO - Setting next_dagrun for example_setup_teardown_taskflow to 2025-07-10 00:00:00+00:00, run_after=2025-07-11 00:00:00+00:00
[2025-07-11T09:31:24.738+0000] {processor.py:183} INFO - Processing /home/airflow/.local/lib/python3.8/site-packages/airflow/example_dags/example_setup_teardown_taskflow.py took 0.117 seconds
[2025-07-11T09:31:55.545+0000] {processor.py:161} INFO - Started process (PID=464) to work on /home/airflow/.local/lib/python3.8/site-packages/airflow/example_dags/example_setup_teardown_taskflow.py
[2025-07-11T09:31:55.547+0000] {processor.py:830} INFO - Processing file /home/airflow/.local/lib/python3.8/site-packages/airflow/example_dags/example_setup_teardown_taskflow.py for tasks to queue
[2025-07-11T09:31:55.552+0000] {logging_mixin.py:188} INFO - [2025-07-11T09:31:55.552+0000] {dagbag.py:538} INFO - Filling up the DagBag from /home/airflow/.local/lib/python3.8/site-packages/airflow/example_dags/example_setup_teardown_taskflow.py
[2025-07-11T09:31:55.573+0000] {processor.py:840} INFO - DAG(s) 'example_setup_teardown_taskflow' retrieved from /home/airflow/.local/lib/python3.8/site-packages/airflow/example_dags/example_setup_teardown_taskflow.py
[2025-07-11T09:31:55.612+0000] {logging_mixin.py:188} INFO - [2025-07-11T09:31:55.612+0000] {dag.py:3036} INFO - Sync 1 DAGs
[2025-07-11T09:31:55.655+0000] {logging_mixin.py:188} INFO - [2025-07-11T09:31:55.654+0000] {dag.py:3823} INFO - Setting next_dagrun for example_setup_teardown_taskflow to 2025-07-10 00:00:00+00:00, run_after=2025-07-11 00:00:00+00:00
[2025-07-11T09:31:55.694+0000] {processor.py:183} INFO - Processing /home/airflow/.local/lib/python3.8/site-packages/airflow/example_dags/example_setup_teardown_taskflow.py took 0.154 seconds
[2025-07-11T09:32:26.605+0000] {processor.py:161} INFO - Started process (PID=519) to work on /home/airflow/.local/lib/python3.8/site-packages/airflow/example_dags/example_setup_teardown_taskflow.py
[2025-07-11T09:32:26.607+0000] {processor.py:830} INFO - Processing file /home/airflow/.local/lib/python3.8/site-packages/airflow/example_dags/example_setup_teardown_taskflow.py for tasks to queue
[2025-07-11T09:32:26.609+0000] {logging_mixin.py:188} INFO - [2025-07-11T09:32:26.609+0000] {dagbag.py:538} INFO - Filling up the DagBag from /home/airflow/.local/lib/python3.8/site-packages/airflow/example_dags/example_setup_teardown_taskflow.py
[2025-07-11T09:32:26.622+0000] {processor.py:840} INFO - DAG(s) 'example_setup_teardown_taskflow' retrieved from /home/airflow/.local/lib/python3.8/site-packages/airflow/example_dags/example_setup_teardown_taskflow.py
[2025-07-11T09:32:26.649+0000] {logging_mixin.py:188} INFO - [2025-07-11T09:32:26.648+0000] {dag.py:3036} INFO - Sync 1 DAGs
[2025-07-11T09:32:26.680+0000] {logging_mixin.py:188} INFO - [2025-07-11T09:32:26.680+0000] {dag.py:3823} INFO - Setting next_dagrun for example_setup_teardown_taskflow to 2025-07-10 00:00:00+00:00, run_after=2025-07-11 00:00:00+00:00
[2025-07-11T09:32:26.712+0000] {processor.py:183} INFO - Processing /home/airflow/.local/lib/python3.8/site-packages/airflow/example_dags/example_setup_teardown_taskflow.py took 0.111 seconds
[2025-07-11T09:32:57.068+0000] {processor.py:161} INFO - Started process (PID=574) to work on /home/airflow/.local/lib/python3.8/site-packages/airflow/example_dags/example_setup_teardown_taskflow.py
[2025-07-11T09:32:57.070+0000] {processor.py:830} INFO - Processing file /home/airflow/.local/lib/python3.8/site-packages/airflow/example_dags/example_setup_teardown_taskflow.py for tasks to queue
[2025-07-11T09:32:57.072+0000] {logging_mixin.py:188} INFO - [2025-07-11T09:32:57.072+0000] {dagbag.py:538} INFO - Filling up the DagBag from /home/airflow/.local/lib/python3.8/site-packages/airflow/example_dags/example_setup_teardown_taskflow.py
[2025-07-11T09:32:57.086+0000] {processor.py:840} INFO - DAG(s) 'example_setup_teardown_taskflow' retrieved from /home/airflow/.local/lib/python3.8/site-packages/airflow/example_dags/example_setup_teardown_taskflow.py
[2025-07-11T09:32:57.114+0000] {logging_mixin.py:188} INFO - [2025-07-11T09:32:57.114+0000] {dag.py:3036} INFO - Sync 1 DAGs
[2025-07-11T09:32:57.150+0000] {logging_mixin.py:188} INFO - [2025-07-11T09:32:57.150+0000] {dag.py:3823} INFO - Setting next_dagrun for example_setup_teardown_taskflow to 2025-07-10 00:00:00+00:00, run_after=2025-07-11 00:00:00+00:00
[2025-07-11T09:32:57.182+0000] {processor.py:183} INFO - Processing /home/airflow/.local/lib/python3.8/site-packages/airflow/example_dags/example_setup_teardown_taskflow.py took 0.118 seconds
[2025-07-11T09:33:27.248+0000] {processor.py:161} INFO - Started process (PID=629) to work on /home/airflow/.local/lib/python3.8/site-packages/airflow/example_dags/example_setup_teardown_taskflow.py
[2025-07-11T09:33:27.250+0000] {processor.py:830} INFO - Processing file /home/airflow/.local/lib/python3.8/site-packages/airflow/example_dags/example_setup_teardown_taskflow.py for tasks to queue
[2025-07-11T09:33:27.252+0000] {logging_mixin.py:188} INFO - [2025-07-11T09:33:27.252+0000] {dagbag.py:538} INFO - Filling up the DagBag from /home/airflow/.local/lib/python3.8/site-packages/airflow/example_dags/example_setup_teardown_taskflow.py
[2025-07-11T09:33:27.265+0000] {processor.py:840} INFO - DAG(s) 'example_setup_teardown_taskflow' retrieved from /home/airflow/.local/lib/python3.8/site-packages/airflow/example_dags/example_setup_teardown_taskflow.py
[2025-07-11T09:33:27.293+0000] {logging_mixin.py:188} INFO - [2025-07-11T09:33:27.293+0000] {dag.py:3036} INFO - Sync 1 DAGs
[2025-07-11T09:33:27.324+0000] {logging_mixin.py:188} INFO - [2025-07-11T09:33:27.323+0000] {dag.py:3823} INFO - Setting next_dagrun for example_setup_teardown_taskflow to 2025-07-10 00:00:00+00:00, run_after=2025-07-11 00:00:00+00:00
[2025-07-11T09:33:27.355+0000] {processor.py:183} INFO - Processing /home/airflow/.local/lib/python3.8/site-packages/airflow/example_dags/example_setup_teardown_taskflow.py took 0.111 seconds
[2025-07-11T09:34:41.945+0000] {processor.py:161} INFO - Started process (PID=80) to work on /home/airflow/.local/lib/python3.8/site-packages/airflow/example_dags/example_setup_teardown_taskflow.py
[2025-07-11T09:34:41.948+0000] {processor.py:830} INFO - Processing file /home/airflow/.local/lib/python3.8/site-packages/airflow/example_dags/example_setup_teardown_taskflow.py for tasks to queue
[2025-07-11T09:34:41.953+0000] {logging_mixin.py:188} INFO - [2025-07-11T09:34:41.952+0000] {dagbag.py:538} INFO - Filling up the DagBag from /home/airflow/.local/lib/python3.8/site-packages/airflow/example_dags/example_setup_teardown_taskflow.py
[2025-07-11T09:34:41.982+0000] {processor.py:840} INFO - DAG(s) 'example_setup_teardown_taskflow' retrieved from /home/airflow/.local/lib/python3.8/site-packages/airflow/example_dags/example_setup_teardown_taskflow.py
[2025-07-11T09:34:42.275+0000] {logging_mixin.py:188} INFO - [2025-07-11T09:34:42.273+0000] {override.py:1769} INFO - Created Permission View: can edit on DAG:example_setup_teardown_taskflow
[2025-07-11T09:34:42.308+0000] {logging_mixin.py:188} INFO - [2025-07-11T09:34:42.307+0000] {override.py:1769} INFO - Created Permission View: can delete on DAG:example_setup_teardown_taskflow
[2025-07-11T09:34:42.330+0000] {logging_mixin.py:188} INFO - [2025-07-11T09:34:42.329+0000] {override.py:1769} INFO - Created Permission View: can read on DAG:example_setup_teardown_taskflow
[2025-07-11T09:34:42.331+0000] {logging_mixin.py:188} INFO - [2025-07-11T09:34:42.331+0000] {dag.py:3036} INFO - Sync 1 DAGs
[2025-07-11T09:34:42.358+0000] {logging_mixin.py:188} INFO - [2025-07-11T09:34:42.357+0000] {dag.py:3058} INFO - Creating ORM DAG for example_setup_teardown_taskflow
[2025-07-11T09:34:42.380+0000] {logging_mixin.py:188} INFO - [2025-07-11T09:34:42.379+0000] {dag.py:3823} INFO - Setting next_dagrun for example_setup_teardown_taskflow to 2025-07-10 00:00:00+00:00, run_after=2025-07-11 00:00:00+00:00
[2025-07-11T09:34:42.421+0000] {processor.py:183} INFO - Processing /home/airflow/.local/lib/python3.8/site-packages/airflow/example_dags/example_setup_teardown_taskflow.py took 0.484 seconds
[2025-07-11T09:35:12.477+0000] {processor.py:161} INFO - Started process (PID=135) to work on /home/airflow/.local/lib/python3.8/site-packages/airflow/example_dags/example_setup_teardown_taskflow.py
[2025-07-11T09:35:12.479+0000] {processor.py:830} INFO - Processing file /home/airflow/.local/lib/python3.8/site-packages/airflow/example_dags/example_setup_teardown_taskflow.py for tasks to queue
[2025-07-11T09:35:12.481+0000] {logging_mixin.py:188} INFO - [2025-07-11T09:35:12.481+0000] {dagbag.py:538} INFO - Filling up the DagBag from /home/airflow/.local/lib/python3.8/site-packages/airflow/example_dags/example_setup_teardown_taskflow.py
[2025-07-11T09:35:12.495+0000] {processor.py:840} INFO - DAG(s) 'example_setup_teardown_taskflow' retrieved from /home/airflow/.local/lib/python3.8/site-packages/airflow/example_dags/example_setup_teardown_taskflow.py
[2025-07-11T09:35:12.524+0000] {logging_mixin.py:188} INFO - [2025-07-11T09:35:12.523+0000] {dag.py:3036} INFO - Sync 1 DAGs
[2025-07-11T09:35:12.557+0000] {logging_mixin.py:188} INFO - [2025-07-11T09:35:12.557+0000] {dag.py:3823} INFO - Setting next_dagrun for example_setup_teardown_taskflow to 2025-07-10 00:00:00+00:00, run_after=2025-07-11 00:00:00+00:00
[2025-07-11T09:35:12.584+0000] {processor.py:183} INFO - Processing /home/airflow/.local/lib/python3.8/site-packages/airflow/example_dags/example_setup_teardown_taskflow.py took 0.112 seconds
[2025-07-11T09:35:42.662+0000] {processor.py:161} INFO - Started process (PID=190) to work on /home/airflow/.local/lib/python3.8/site-packages/airflow/example_dags/example_setup_teardown_taskflow.py
[2025-07-11T09:35:42.663+0000] {processor.py:830} INFO - Processing file /home/airflow/.local/lib/python3.8/site-packages/airflow/example_dags/example_setup_teardown_taskflow.py for tasks to queue
[2025-07-11T09:35:42.665+0000] {logging_mixin.py:188} INFO - [2025-07-11T09:35:42.665+0000] {dagbag.py:538} INFO - Filling up the DagBag from /home/airflow/.local/lib/python3.8/site-packages/airflow/example_dags/example_setup_teardown_taskflow.py
[2025-07-11T09:35:42.679+0000] {processor.py:840} INFO - DAG(s) 'example_setup_teardown_taskflow' retrieved from /home/airflow/.local/lib/python3.8/site-packages/airflow/example_dags/example_setup_teardown_taskflow.py
[2025-07-11T09:35:42.713+0000] {logging_mixin.py:188} INFO - [2025-07-11T09:35:42.713+0000] {dag.py:3036} INFO - Sync 1 DAGs
[2025-07-11T09:35:42.745+0000] {logging_mixin.py:188} INFO - [2025-07-11T09:35:42.745+0000] {dag.py:3823} INFO - Setting next_dagrun for example_setup_teardown_taskflow to 2025-07-10 00:00:00+00:00, run_after=2025-07-11 00:00:00+00:00
[2025-07-11T09:35:42.774+0000] {processor.py:183} INFO - Processing /home/airflow/.local/lib/python3.8/site-packages/airflow/example_dags/example_setup_teardown_taskflow.py took 0.117 seconds
[2025-07-11T09:36:13.245+0000] {processor.py:161} INFO - Started process (PID=245) to work on /home/airflow/.local/lib/python3.8/site-packages/airflow/example_dags/example_setup_teardown_taskflow.py
[2025-07-11T09:36:13.247+0000] {processor.py:830} INFO - Processing file /home/airflow/.local/lib/python3.8/site-packages/airflow/example_dags/example_setup_teardown_taskflow.py for tasks to queue
[2025-07-11T09:36:13.249+0000] {logging_mixin.py:188} INFO - [2025-07-11T09:36:13.249+0000] {dagbag.py:538} INFO - Filling up the DagBag from /home/airflow/.local/lib/python3.8/site-packages/airflow/example_dags/example_setup_teardown_taskflow.py
[2025-07-11T09:36:13.267+0000] {processor.py:840} INFO - DAG(s) 'example_setup_teardown_taskflow' retrieved from /home/airflow/.local/lib/python3.8/site-packages/airflow/example_dags/example_setup_teardown_taskflow.py
[2025-07-11T09:36:13.298+0000] {logging_mixin.py:188} INFO - [2025-07-11T09:36:13.298+0000] {dag.py:3036} INFO - Sync 1 DAGs
[2025-07-11T09:36:13.335+0000] {logging_mixin.py:188} INFO - [2025-07-11T09:36:13.335+0000] {dag.py:3823} INFO - Setting next_dagrun for example_setup_teardown_taskflow to 2025-07-10 00:00:00+00:00, run_after=2025-07-11 00:00:00+00:00
[2025-07-11T09:36:13.365+0000] {processor.py:183} INFO - Processing /home/airflow/.local/lib/python3.8/site-packages/airflow/example_dags/example_setup_teardown_taskflow.py took 0.125 seconds
[2025-07-11T09:36:43.469+0000] {processor.py:161} INFO - Started process (PID=300) to work on /home/airflow/.local/lib/python3.8/site-packages/airflow/example_dags/example_setup_teardown_taskflow.py
[2025-07-11T09:36:43.470+0000] {processor.py:830} INFO - Processing file /home/airflow/.local/lib/python3.8/site-packages/airflow/example_dags/example_setup_teardown_taskflow.py for tasks to queue
[2025-07-11T09:36:43.473+0000] {logging_mixin.py:188} INFO - [2025-07-11T09:36:43.472+0000] {dagbag.py:538} INFO - Filling up the DagBag from /home/airflow/.local/lib/python3.8/site-packages/airflow/example_dags/example_setup_teardown_taskflow.py
[2025-07-11T09:36:43.486+0000] {processor.py:840} INFO - DAG(s) 'example_setup_teardown_taskflow' retrieved from /home/airflow/.local/lib/python3.8/site-packages/airflow/example_dags/example_setup_teardown_taskflow.py
[2025-07-11T09:36:43.515+0000] {logging_mixin.py:188} INFO - [2025-07-11T09:36:43.515+0000] {dag.py:3036} INFO - Sync 1 DAGs
[2025-07-11T09:36:43.548+0000] {logging_mixin.py:188} INFO - [2025-07-11T09:36:43.547+0000] {dag.py:3823} INFO - Setting next_dagrun for example_setup_teardown_taskflow to 2025-07-10 00:00:00+00:00, run_after=2025-07-11 00:00:00+00:00
[2025-07-11T09:36:43.581+0000] {processor.py:183} INFO - Processing /home/airflow/.local/lib/python3.8/site-packages/airflow/example_dags/example_setup_teardown_taskflow.py took 0.116 seconds
[2025-07-11T09:37:13.864+0000] {processor.py:161} INFO - Started process (PID=355) to work on /home/airflow/.local/lib/python3.8/site-packages/airflow/example_dags/example_setup_teardown_taskflow.py
[2025-07-11T09:37:13.870+0000] {processor.py:830} INFO - Processing file /home/airflow/.local/lib/python3.8/site-packages/airflow/example_dags/example_setup_teardown_taskflow.py for tasks to queue
[2025-07-11T09:37:13.873+0000] {logging_mixin.py:188} INFO - [2025-07-11T09:37:13.872+0000] {dagbag.py:538} INFO - Filling up the DagBag from /home/airflow/.local/lib/python3.8/site-packages/airflow/example_dags/example_setup_teardown_taskflow.py
[2025-07-11T09:37:13.888+0000] {processor.py:840} INFO - DAG(s) 'example_setup_teardown_taskflow' retrieved from /home/airflow/.local/lib/python3.8/site-packages/airflow/example_dags/example_setup_teardown_taskflow.py
[2025-07-11T09:37:13.924+0000] {logging_mixin.py:188} INFO - [2025-07-11T09:37:13.923+0000] {dag.py:3036} INFO - Sync 1 DAGs
[2025-07-11T09:37:13.962+0000] {logging_mixin.py:188} INFO - [2025-07-11T09:37:13.962+0000] {dag.py:3823} INFO - Setting next_dagrun for example_setup_teardown_taskflow to 2025-07-10 00:00:00+00:00, run_after=2025-07-11 00:00:00+00:00
[2025-07-11T09:37:14.002+0000] {processor.py:183} INFO - Processing /home/airflow/.local/lib/python3.8/site-packages/airflow/example_dags/example_setup_teardown_taskflow.py took 0.143 seconds
[2025-07-11T09:37:44.149+0000] {processor.py:161} INFO - Started process (PID=410) to work on /home/airflow/.local/lib/python3.8/site-packages/airflow/example_dags/example_setup_teardown_taskflow.py
[2025-07-11T09:37:44.150+0000] {processor.py:830} INFO - Processing file /home/airflow/.local/lib/python3.8/site-packages/airflow/example_dags/example_setup_teardown_taskflow.py for tasks to queue
[2025-07-11T09:37:44.153+0000] {logging_mixin.py:188} INFO - [2025-07-11T09:37:44.152+0000] {dagbag.py:538} INFO - Filling up the DagBag from /home/airflow/.local/lib/python3.8/site-packages/airflow/example_dags/example_setup_teardown_taskflow.py
[2025-07-11T09:37:44.168+0000] {processor.py:840} INFO - DAG(s) 'example_setup_teardown_taskflow' retrieved from /home/airflow/.local/lib/python3.8/site-packages/airflow/example_dags/example_setup_teardown_taskflow.py
[2025-07-11T09:37:44.198+0000] {logging_mixin.py:188} INFO - [2025-07-11T09:37:44.198+0000] {dag.py:3036} INFO - Sync 1 DAGs
[2025-07-11T09:37:44.232+0000] {logging_mixin.py:188} INFO - [2025-07-11T09:37:44.231+0000] {dag.py:3823} INFO - Setting next_dagrun for example_setup_teardown_taskflow to 2025-07-10 00:00:00+00:00, run_after=2025-07-11 00:00:00+00:00
[2025-07-11T09:37:44.266+0000] {processor.py:183} INFO - Processing /home/airflow/.local/lib/python3.8/site-packages/airflow/example_dags/example_setup_teardown_taskflow.py took 0.121 seconds
[2025-07-11T09:38:14.343+0000] {processor.py:161} INFO - Started process (PID=465) to work on /home/airflow/.local/lib/python3.8/site-packages/airflow/example_dags/example_setup_teardown_taskflow.py
[2025-07-11T09:38:14.345+0000] {processor.py:830} INFO - Processing file /home/airflow/.local/lib/python3.8/site-packages/airflow/example_dags/example_setup_teardown_taskflow.py for tasks to queue
[2025-07-11T09:38:14.348+0000] {logging_mixin.py:188} INFO - [2025-07-11T09:38:14.347+0000] {dagbag.py:538} INFO - Filling up the DagBag from /home/airflow/.local/lib/python3.8/site-packages/airflow/example_dags/example_setup_teardown_taskflow.py
[2025-07-11T09:38:14.361+0000] {processor.py:840} INFO - DAG(s) 'example_setup_teardown_taskflow' retrieved from /home/airflow/.local/lib/python3.8/site-packages/airflow/example_dags/example_setup_teardown_taskflow.py
[2025-07-11T09:38:14.391+0000] {logging_mixin.py:188} INFO - [2025-07-11T09:38:14.391+0000] {dag.py:3036} INFO - Sync 1 DAGs
[2025-07-11T09:38:14.420+0000] {logging_mixin.py:188} INFO - [2025-07-11T09:38:14.420+0000] {dag.py:3823} INFO - Setting next_dagrun for example_setup_teardown_taskflow to 2025-07-10 00:00:00+00:00, run_after=2025-07-11 00:00:00+00:00
[2025-07-11T09:38:14.449+0000] {processor.py:183} INFO - Processing /home/airflow/.local/lib/python3.8/site-packages/airflow/example_dags/example_setup_teardown_taskflow.py took 0.111 seconds
[2025-07-11T09:38:44.872+0000] {processor.py:161} INFO - Started process (PID=520) to work on /home/airflow/.local/lib/python3.8/site-packages/airflow/example_dags/example_setup_teardown_taskflow.py
[2025-07-11T09:38:44.875+0000] {processor.py:830} INFO - Processing file /home/airflow/.local/lib/python3.8/site-packages/airflow/example_dags/example_setup_teardown_taskflow.py for tasks to queue
[2025-07-11T09:38:44.878+0000] {logging_mixin.py:188} INFO - [2025-07-11T09:38:44.878+0000] {dagbag.py:538} INFO - Filling up the DagBag from /home/airflow/.local/lib/python3.8/site-packages/airflow/example_dags/example_setup_teardown_taskflow.py
[2025-07-11T09:38:44.892+0000] {processor.py:840} INFO - DAG(s) 'example_setup_teardown_taskflow' retrieved from /home/airflow/.local/lib/python3.8/site-packages/airflow/example_dags/example_setup_teardown_taskflow.py
[2025-07-11T09:38:44.928+0000] {logging_mixin.py:188} INFO - [2025-07-11T09:38:44.927+0000] {dag.py:3036} INFO - Sync 1 DAGs
[2025-07-11T09:38:44.962+0000] {logging_mixin.py:188} INFO - [2025-07-11T09:38:44.961+0000] {dag.py:3823} INFO - Setting next_dagrun for example_setup_teardown_taskflow to 2025-07-10 00:00:00+00:00, run_after=2025-07-11 00:00:00+00:00
[2025-07-11T09:38:44.995+0000] {processor.py:183} INFO - Processing /home/airflow/.local/lib/python3.8/site-packages/airflow/example_dags/example_setup_teardown_taskflow.py took 0.128 seconds
[2025-07-11T09:39:15.300+0000] {processor.py:161} INFO - Started process (PID=576) to work on /home/airflow/.local/lib/python3.8/site-packages/airflow/example_dags/example_setup_teardown_taskflow.py
[2025-07-11T09:39:15.302+0000] {processor.py:830} INFO - Processing file /home/airflow/.local/lib/python3.8/site-packages/airflow/example_dags/example_setup_teardown_taskflow.py for tasks to queue
[2025-07-11T09:39:15.305+0000] {logging_mixin.py:188} INFO - [2025-07-11T09:39:15.304+0000] {dagbag.py:538} INFO - Filling up the DagBag from /home/airflow/.local/lib/python3.8/site-packages/airflow/example_dags/example_setup_teardown_taskflow.py
[2025-07-11T09:39:15.320+0000] {processor.py:840} INFO - DAG(s) 'example_setup_teardown_taskflow' retrieved from /home/airflow/.local/lib/python3.8/site-packages/airflow/example_dags/example_setup_teardown_taskflow.py
[2025-07-11T09:39:15.357+0000] {logging_mixin.py:188} INFO - [2025-07-11T09:39:15.357+0000] {dag.py:3036} INFO - Sync 1 DAGs
[2025-07-11T09:39:15.392+0000] {logging_mixin.py:188} INFO - [2025-07-11T09:39:15.392+0000] {dag.py:3823} INFO - Setting next_dagrun for example_setup_teardown_taskflow to 2025-07-10 00:00:00+00:00, run_after=2025-07-11 00:00:00+00:00
[2025-07-11T09:39:15.420+0000] {processor.py:183} INFO - Processing /home/airflow/.local/lib/python3.8/site-packages/airflow/example_dags/example_setup_teardown_taskflow.py took 0.124 seconds
[2025-07-11T09:39:45.656+0000] {processor.py:161} INFO - Started process (PID=631) to work on /home/airflow/.local/lib/python3.8/site-packages/airflow/example_dags/example_setup_teardown_taskflow.py
[2025-07-11T09:39:45.657+0000] {processor.py:830} INFO - Processing file /home/airflow/.local/lib/python3.8/site-packages/airflow/example_dags/example_setup_teardown_taskflow.py for tasks to queue
[2025-07-11T09:39:45.660+0000] {logging_mixin.py:188} INFO - [2025-07-11T09:39:45.660+0000] {dagbag.py:538} INFO - Filling up the DagBag from /home/airflow/.local/lib/python3.8/site-packages/airflow/example_dags/example_setup_teardown_taskflow.py
[2025-07-11T09:39:45.673+0000] {processor.py:840} INFO - DAG(s) 'example_setup_teardown_taskflow' retrieved from /home/airflow/.local/lib/python3.8/site-packages/airflow/example_dags/example_setup_teardown_taskflow.py
[2025-07-11T09:39:45.710+0000] {logging_mixin.py:188} INFO - [2025-07-11T09:39:45.709+0000] {dag.py:3036} INFO - Sync 1 DAGs
[2025-07-11T09:39:45.744+0000] {logging_mixin.py:188} INFO - [2025-07-11T09:39:45.744+0000] {dag.py:3823} INFO - Setting next_dagrun for example_setup_teardown_taskflow to 2025-07-10 00:00:00+00:00, run_after=2025-07-11 00:00:00+00:00
[2025-07-11T09:39:45.773+0000] {processor.py:183} INFO - Processing /home/airflow/.local/lib/python3.8/site-packages/airflow/example_dags/example_setup_teardown_taskflow.py took 0.122 seconds
[2025-07-11T09:40:16.101+0000] {processor.py:161} INFO - Started process (PID=686) to work on /home/airflow/.local/lib/python3.8/site-packages/airflow/example_dags/example_setup_teardown_taskflow.py
[2025-07-11T09:40:16.103+0000] {processor.py:830} INFO - Processing file /home/airflow/.local/lib/python3.8/site-packages/airflow/example_dags/example_setup_teardown_taskflow.py for tasks to queue
[2025-07-11T09:40:16.105+0000] {logging_mixin.py:188} INFO - [2025-07-11T09:40:16.105+0000] {dagbag.py:538} INFO - Filling up the DagBag from /home/airflow/.local/lib/python3.8/site-packages/airflow/example_dags/example_setup_teardown_taskflow.py
[2025-07-11T09:40:16.119+0000] {processor.py:840} INFO - DAG(s) 'example_setup_teardown_taskflow' retrieved from /home/airflow/.local/lib/python3.8/site-packages/airflow/example_dags/example_setup_teardown_taskflow.py
[2025-07-11T09:40:16.149+0000] {logging_mixin.py:188} INFO - [2025-07-11T09:40:16.149+0000] {dag.py:3036} INFO - Sync 1 DAGs
[2025-07-11T09:40:16.178+0000] {logging_mixin.py:188} INFO - [2025-07-11T09:40:16.178+0000] {dag.py:3823} INFO - Setting next_dagrun for example_setup_teardown_taskflow to 2025-07-10 00:00:00+00:00, run_after=2025-07-11 00:00:00+00:00
[2025-07-11T09:40:16.209+0000] {processor.py:183} INFO - Processing /home/airflow/.local/lib/python3.8/site-packages/airflow/example_dags/example_setup_teardown_taskflow.py took 0.112 seconds
[2025-07-11T09:40:46.563+0000] {processor.py:161} INFO - Started process (PID=741) to work on /home/airflow/.local/lib/python3.8/site-packages/airflow/example_dags/example_setup_teardown_taskflow.py
[2025-07-11T09:40:46.565+0000] {processor.py:830} INFO - Processing file /home/airflow/.local/lib/python3.8/site-packages/airflow/example_dags/example_setup_teardown_taskflow.py for tasks to queue
[2025-07-11T09:40:46.567+0000] {logging_mixin.py:188} INFO - [2025-07-11T09:40:46.567+0000] {dagbag.py:538} INFO - Filling up the DagBag from /home/airflow/.local/lib/python3.8/site-packages/airflow/example_dags/example_setup_teardown_taskflow.py
[2025-07-11T09:40:46.580+0000] {processor.py:840} INFO - DAG(s) 'example_setup_teardown_taskflow' retrieved from /home/airflow/.local/lib/python3.8/site-packages/airflow/example_dags/example_setup_teardown_taskflow.py
[2025-07-11T09:40:46.609+0000] {logging_mixin.py:188} INFO - [2025-07-11T09:40:46.608+0000] {dag.py:3036} INFO - Sync 1 DAGs
[2025-07-11T09:40:46.640+0000] {logging_mixin.py:188} INFO - [2025-07-11T09:40:46.639+0000] {dag.py:3823} INFO - Setting next_dagrun for example_setup_teardown_taskflow to 2025-07-10 00:00:00+00:00, run_after=2025-07-11 00:00:00+00:00
[2025-07-11T09:40:46.668+0000] {processor.py:183} INFO - Processing /home/airflow/.local/lib/python3.8/site-packages/airflow/example_dags/example_setup_teardown_taskflow.py took 0.109 seconds
[2025-07-11T09:41:16.825+0000] {processor.py:161} INFO - Started process (PID=796) to work on /home/airflow/.local/lib/python3.8/site-packages/airflow/example_dags/example_setup_teardown_taskflow.py
[2025-07-11T09:41:16.827+0000] {processor.py:830} INFO - Processing file /home/airflow/.local/lib/python3.8/site-packages/airflow/example_dags/example_setup_teardown_taskflow.py for tasks to queue
[2025-07-11T09:41:16.830+0000] {logging_mixin.py:188} INFO - [2025-07-11T09:41:16.829+0000] {dagbag.py:538} INFO - Filling up the DagBag from /home/airflow/.local/lib/python3.8/site-packages/airflow/example_dags/example_setup_teardown_taskflow.py
[2025-07-11T09:41:16.843+0000] {processor.py:840} INFO - DAG(s) 'example_setup_teardown_taskflow' retrieved from /home/airflow/.local/lib/python3.8/site-packages/airflow/example_dags/example_setup_teardown_taskflow.py
[2025-07-11T09:41:16.872+0000] {logging_mixin.py:188} INFO - [2025-07-11T09:41:16.872+0000] {dag.py:3036} INFO - Sync 1 DAGs
[2025-07-11T09:41:16.904+0000] {logging_mixin.py:188} INFO - [2025-07-11T09:41:16.903+0000] {dag.py:3823} INFO - Setting next_dagrun for example_setup_teardown_taskflow to 2025-07-10 00:00:00+00:00, run_after=2025-07-11 00:00:00+00:00
[2025-07-11T09:41:16.934+0000] {processor.py:183} INFO - Processing /home/airflow/.local/lib/python3.8/site-packages/airflow/example_dags/example_setup_teardown_taskflow.py took 0.113 seconds
[2025-07-11T09:41:47.352+0000] {processor.py:161} INFO - Started process (PID=851) to work on /home/airflow/.local/lib/python3.8/site-packages/airflow/example_dags/example_setup_teardown_taskflow.py
[2025-07-11T09:41:47.354+0000] {processor.py:830} INFO - Processing file /home/airflow/.local/lib/python3.8/site-packages/airflow/example_dags/example_setup_teardown_taskflow.py for tasks to queue
[2025-07-11T09:41:47.357+0000] {logging_mixin.py:188} INFO - [2025-07-11T09:41:47.357+0000] {dagbag.py:538} INFO - Filling up the DagBag from /home/airflow/.local/lib/python3.8/site-packages/airflow/example_dags/example_setup_teardown_taskflow.py
[2025-07-11T09:41:47.372+0000] {processor.py:840} INFO - DAG(s) 'example_setup_teardown_taskflow' retrieved from /home/airflow/.local/lib/python3.8/site-packages/airflow/example_dags/example_setup_teardown_taskflow.py
[2025-07-11T09:41:47.406+0000] {logging_mixin.py:188} INFO - [2025-07-11T09:41:47.405+0000] {dag.py:3036} INFO - Sync 1 DAGs
[2025-07-11T09:41:47.442+0000] {logging_mixin.py:188} INFO - [2025-07-11T09:41:47.442+0000] {dag.py:3823} INFO - Setting next_dagrun for example_setup_teardown_taskflow to 2025-07-10 00:00:00+00:00, run_after=2025-07-11 00:00:00+00:00
[2025-07-11T09:41:47.476+0000] {processor.py:183} INFO - Processing /home/airflow/.local/lib/python3.8/site-packages/airflow/example_dags/example_setup_teardown_taskflow.py took 0.129 seconds
[2025-07-11T09:42:17.693+0000] {processor.py:161} INFO - Started process (PID=906) to work on /home/airflow/.local/lib/python3.8/site-packages/airflow/example_dags/example_setup_teardown_taskflow.py
[2025-07-11T09:42:17.695+0000] {processor.py:830} INFO - Processing file /home/airflow/.local/lib/python3.8/site-packages/airflow/example_dags/example_setup_teardown_taskflow.py for tasks to queue
[2025-07-11T09:42:17.697+0000] {logging_mixin.py:188} INFO - [2025-07-11T09:42:17.697+0000] {dagbag.py:538} INFO - Filling up the DagBag from /home/airflow/.local/lib/python3.8/site-packages/airflow/example_dags/example_setup_teardown_taskflow.py
[2025-07-11T09:42:17.711+0000] {processor.py:840} INFO - DAG(s) 'example_setup_teardown_taskflow' retrieved from /home/airflow/.local/lib/python3.8/site-packages/airflow/example_dags/example_setup_teardown_taskflow.py
[2025-07-11T09:42:17.742+0000] {logging_mixin.py:188} INFO - [2025-07-11T09:42:17.742+0000] {dag.py:3036} INFO - Sync 1 DAGs
[2025-07-11T09:42:17.774+0000] {logging_mixin.py:188} INFO - [2025-07-11T09:42:17.774+0000] {dag.py:3823} INFO - Setting next_dagrun for example_setup_teardown_taskflow to 2025-07-10 00:00:00+00:00, run_after=2025-07-11 00:00:00+00:00
[2025-07-11T09:42:17.807+0000] {processor.py:183} INFO - Processing /home/airflow/.local/lib/python3.8/site-packages/airflow/example_dags/example_setup_teardown_taskflow.py took 0.118 seconds
[2025-07-11T09:42:48.150+0000] {processor.py:161} INFO - Started process (PID=961) to work on /home/airflow/.local/lib/python3.8/site-packages/airflow/example_dags/example_setup_teardown_taskflow.py
[2025-07-11T09:42:48.152+0000] {processor.py:830} INFO - Processing file /home/airflow/.local/lib/python3.8/site-packages/airflow/example_dags/example_setup_teardown_taskflow.py for tasks to queue
[2025-07-11T09:42:48.155+0000] {logging_mixin.py:188} INFO - [2025-07-11T09:42:48.154+0000] {dagbag.py:538} INFO - Filling up the DagBag from /home/airflow/.local/lib/python3.8/site-packages/airflow/example_dags/example_setup_teardown_taskflow.py
[2025-07-11T09:42:48.169+0000] {processor.py:840} INFO - DAG(s) 'example_setup_teardown_taskflow' retrieved from /home/airflow/.local/lib/python3.8/site-packages/airflow/example_dags/example_setup_teardown_taskflow.py
[2025-07-11T09:42:48.201+0000] {logging_mixin.py:188} INFO - [2025-07-11T09:42:48.201+0000] {dag.py:3036} INFO - Sync 1 DAGs
[2025-07-11T09:42:48.235+0000] {logging_mixin.py:188} INFO - [2025-07-11T09:42:48.235+0000] {dag.py:3823} INFO - Setting next_dagrun for example_setup_teardown_taskflow to 2025-07-10 00:00:00+00:00, run_after=2025-07-11 00:00:00+00:00
[2025-07-11T09:42:48.267+0000] {processor.py:183} INFO - Processing /home/airflow/.local/lib/python3.8/site-packages/airflow/example_dags/example_setup_teardown_taskflow.py took 0.122 seconds
[2025-07-11T09:43:18.587+0000] {processor.py:161} INFO - Started process (PID=1016) to work on /home/airflow/.local/lib/python3.8/site-packages/airflow/example_dags/example_setup_teardown_taskflow.py
[2025-07-11T09:43:18.589+0000] {processor.py:830} INFO - Processing file /home/airflow/.local/lib/python3.8/site-packages/airflow/example_dags/example_setup_teardown_taskflow.py for tasks to queue
[2025-07-11T09:43:18.591+0000] {logging_mixin.py:188} INFO - [2025-07-11T09:43:18.591+0000] {dagbag.py:538} INFO - Filling up the DagBag from /home/airflow/.local/lib/python3.8/site-packages/airflow/example_dags/example_setup_teardown_taskflow.py
[2025-07-11T09:43:18.605+0000] {processor.py:840} INFO - DAG(s) 'example_setup_teardown_taskflow' retrieved from /home/airflow/.local/lib/python3.8/site-packages/airflow/example_dags/example_setup_teardown_taskflow.py
[2025-07-11T09:43:18.636+0000] {logging_mixin.py:188} INFO - [2025-07-11T09:43:18.635+0000] {dag.py:3036} INFO - Sync 1 DAGs
[2025-07-11T09:43:18.669+0000] {logging_mixin.py:188} INFO - [2025-07-11T09:43:18.669+0000] {dag.py:3823} INFO - Setting next_dagrun for example_setup_teardown_taskflow to 2025-07-10 00:00:00+00:00, run_after=2025-07-11 00:00:00+00:00
[2025-07-11T09:43:18.699+0000] {processor.py:183} INFO - Processing /home/airflow/.local/lib/python3.8/site-packages/airflow/example_dags/example_setup_teardown_taskflow.py took 0.116 seconds
[2025-07-11T09:43:48.911+0000] {processor.py:161} INFO - Started process (PID=1071) to work on /home/airflow/.local/lib/python3.8/site-packages/airflow/example_dags/example_setup_teardown_taskflow.py
[2025-07-11T09:43:48.914+0000] {processor.py:830} INFO - Processing file /home/airflow/.local/lib/python3.8/site-packages/airflow/example_dags/example_setup_teardown_taskflow.py for tasks to queue
[2025-07-11T09:43:48.917+0000] {logging_mixin.py:188} INFO - [2025-07-11T09:43:48.916+0000] {dagbag.py:538} INFO - Filling up the DagBag from /home/airflow/.local/lib/python3.8/site-packages/airflow/example_dags/example_setup_teardown_taskflow.py
[2025-07-11T09:43:48.930+0000] {processor.py:840} INFO - DAG(s) 'example_setup_teardown_taskflow' retrieved from /home/airflow/.local/lib/python3.8/site-packages/airflow/example_dags/example_setup_teardown_taskflow.py
[2025-07-11T09:43:48.961+0000] {logging_mixin.py:188} INFO - [2025-07-11T09:43:48.961+0000] {dag.py:3036} INFO - Sync 1 DAGs
[2025-07-11T09:43:48.992+0000] {logging_mixin.py:188} INFO - [2025-07-11T09:43:48.992+0000] {dag.py:3823} INFO - Setting next_dagrun for example_setup_teardown_taskflow to 2025-07-10 00:00:00+00:00, run_after=2025-07-11 00:00:00+00:00
[2025-07-11T09:43:49.025+0000] {processor.py:183} INFO - Processing /home/airflow/.local/lib/python3.8/site-packages/airflow/example_dags/example_setup_teardown_taskflow.py took 0.117 seconds
[2025-07-11T09:44:19.330+0000] {processor.py:161} INFO - Started process (PID=1127) to work on /home/airflow/.local/lib/python3.8/site-packages/airflow/example_dags/example_setup_teardown_taskflow.py
[2025-07-11T09:44:19.332+0000] {processor.py:830} INFO - Processing file /home/airflow/.local/lib/python3.8/site-packages/airflow/example_dags/example_setup_teardown_taskflow.py for tasks to queue
[2025-07-11T09:44:19.335+0000] {logging_mixin.py:188} INFO - [2025-07-11T09:44:19.334+0000] {dagbag.py:538} INFO - Filling up the DagBag from /home/airflow/.local/lib/python3.8/site-packages/airflow/example_dags/example_setup_teardown_taskflow.py
[2025-07-11T09:44:19.354+0000] {processor.py:840} INFO - DAG(s) 'example_setup_teardown_taskflow' retrieved from /home/airflow/.local/lib/python3.8/site-packages/airflow/example_dags/example_setup_teardown_taskflow.py
[2025-07-11T09:44:19.389+0000] {logging_mixin.py:188} INFO - [2025-07-11T09:44:19.388+0000] {dag.py:3036} INFO - Sync 1 DAGs
[2025-07-11T09:44:19.424+0000] {logging_mixin.py:188} INFO - [2025-07-11T09:44:19.424+0000] {dag.py:3823} INFO - Setting next_dagrun for example_setup_teardown_taskflow to 2025-07-10 00:00:00+00:00, run_after=2025-07-11 00:00:00+00:00
[2025-07-11T09:44:19.455+0000] {processor.py:183} INFO - Processing /home/airflow/.local/lib/python3.8/site-packages/airflow/example_dags/example_setup_teardown_taskflow.py took 0.130 seconds
[2025-07-11T09:44:49.831+0000] {processor.py:161} INFO - Started process (PID=1182) to work on /home/airflow/.local/lib/python3.8/site-packages/airflow/example_dags/example_setup_teardown_taskflow.py
[2025-07-11T09:44:49.833+0000] {processor.py:830} INFO - Processing file /home/airflow/.local/lib/python3.8/site-packages/airflow/example_dags/example_setup_teardown_taskflow.py for tasks to queue
[2025-07-11T09:44:49.836+0000] {logging_mixin.py:188} INFO - [2025-07-11T09:44:49.835+0000] {dagbag.py:538} INFO - Filling up the DagBag from /home/airflow/.local/lib/python3.8/site-packages/airflow/example_dags/example_setup_teardown_taskflow.py
[2025-07-11T09:44:49.850+0000] {processor.py:840} INFO - DAG(s) 'example_setup_teardown_taskflow' retrieved from /home/airflow/.local/lib/python3.8/site-packages/airflow/example_dags/example_setup_teardown_taskflow.py
[2025-07-11T09:44:49.884+0000] {logging_mixin.py:188} INFO - [2025-07-11T09:44:49.884+0000] {dag.py:3036} INFO - Sync 1 DAGs
[2025-07-11T09:44:49.921+0000] {logging_mixin.py:188} INFO - [2025-07-11T09:44:49.921+0000] {dag.py:3823} INFO - Setting next_dagrun for example_setup_teardown_taskflow to 2025-07-10 00:00:00+00:00, run_after=2025-07-11 00:00:00+00:00
[2025-07-11T09:44:49.954+0000] {processor.py:183} INFO - Processing /home/airflow/.local/lib/python3.8/site-packages/airflow/example_dags/example_setup_teardown_taskflow.py took 0.128 seconds
[2025-07-11T09:45:20.221+0000] {processor.py:161} INFO - Started process (PID=1237) to work on /home/airflow/.local/lib/python3.8/site-packages/airflow/example_dags/example_setup_teardown_taskflow.py
[2025-07-11T09:45:20.224+0000] {processor.py:830} INFO - Processing file /home/airflow/.local/lib/python3.8/site-packages/airflow/example_dags/example_setup_teardown_taskflow.py for tasks to queue
[2025-07-11T09:45:20.226+0000] {logging_mixin.py:188} INFO - [2025-07-11T09:45:20.226+0000] {dagbag.py:538} INFO - Filling up the DagBag from /home/airflow/.local/lib/python3.8/site-packages/airflow/example_dags/example_setup_teardown_taskflow.py
[2025-07-11T09:45:20.239+0000] {processor.py:840} INFO - DAG(s) 'example_setup_teardown_taskflow' retrieved from /home/airflow/.local/lib/python3.8/site-packages/airflow/example_dags/example_setup_teardown_taskflow.py
[2025-07-11T09:45:20.268+0000] {logging_mixin.py:188} INFO - [2025-07-11T09:45:20.267+0000] {dag.py:3036} INFO - Sync 1 DAGs
[2025-07-11T09:45:20.301+0000] {logging_mixin.py:188} INFO - [2025-07-11T09:45:20.301+0000] {dag.py:3823} INFO - Setting next_dagrun for example_setup_teardown_taskflow to 2025-07-10 00:00:00+00:00, run_after=2025-07-11 00:00:00+00:00
[2025-07-11T09:45:20.330+0000] {processor.py:183} INFO - Processing /home/airflow/.local/lib/python3.8/site-packages/airflow/example_dags/example_setup_teardown_taskflow.py took 0.113 seconds
[2025-07-11T09:45:50.685+0000] {processor.py:161} INFO - Started process (PID=1292) to work on /home/airflow/.local/lib/python3.8/site-packages/airflow/example_dags/example_setup_teardown_taskflow.py
[2025-07-11T09:45:50.687+0000] {processor.py:830} INFO - Processing file /home/airflow/.local/lib/python3.8/site-packages/airflow/example_dags/example_setup_teardown_taskflow.py for tasks to queue
[2025-07-11T09:45:50.689+0000] {logging_mixin.py:188} INFO - [2025-07-11T09:45:50.689+0000] {dagbag.py:538} INFO - Filling up the DagBag from /home/airflow/.local/lib/python3.8/site-packages/airflow/example_dags/example_setup_teardown_taskflow.py
[2025-07-11T09:45:50.702+0000] {processor.py:840} INFO - DAG(s) 'example_setup_teardown_taskflow' retrieved from /home/airflow/.local/lib/python3.8/site-packages/airflow/example_dags/example_setup_teardown_taskflow.py
[2025-07-11T09:45:50.734+0000] {logging_mixin.py:188} INFO - [2025-07-11T09:45:50.734+0000] {dag.py:3036} INFO - Sync 1 DAGs
[2025-07-11T09:45:50.764+0000] {logging_mixin.py:188} INFO - [2025-07-11T09:45:50.764+0000] {dag.py:3823} INFO - Setting next_dagrun for example_setup_teardown_taskflow to 2025-07-10 00:00:00+00:00, run_after=2025-07-11 00:00:00+00:00
[2025-07-11T09:45:50.792+0000] {processor.py:183} INFO - Processing /home/airflow/.local/lib/python3.8/site-packages/airflow/example_dags/example_setup_teardown_taskflow.py took 0.113 seconds
[2025-07-11T09:46:21.066+0000] {processor.py:161} INFO - Started process (PID=1347) to work on /home/airflow/.local/lib/python3.8/site-packages/airflow/example_dags/example_setup_teardown_taskflow.py
[2025-07-11T09:46:21.067+0000] {processor.py:830} INFO - Processing file /home/airflow/.local/lib/python3.8/site-packages/airflow/example_dags/example_setup_teardown_taskflow.py for tasks to queue
[2025-07-11T09:46:21.070+0000] {logging_mixin.py:188} INFO - [2025-07-11T09:46:21.069+0000] {dagbag.py:538} INFO - Filling up the DagBag from /home/airflow/.local/lib/python3.8/site-packages/airflow/example_dags/example_setup_teardown_taskflow.py
[2025-07-11T09:46:21.083+0000] {processor.py:840} INFO - DAG(s) 'example_setup_teardown_taskflow' retrieved from /home/airflow/.local/lib/python3.8/site-packages/airflow/example_dags/example_setup_teardown_taskflow.py
[2025-07-11T09:46:21.116+0000] {logging_mixin.py:188} INFO - [2025-07-11T09:46:21.116+0000] {dag.py:3036} INFO - Sync 1 DAGs
[2025-07-11T09:46:21.152+0000] {logging_mixin.py:188} INFO - [2025-07-11T09:46:21.151+0000] {dag.py:3823} INFO - Setting next_dagrun for example_setup_teardown_taskflow to 2025-07-10 00:00:00+00:00, run_after=2025-07-11 00:00:00+00:00
[2025-07-11T09:46:21.187+0000] {processor.py:183} INFO - Processing /home/airflow/.local/lib/python3.8/site-packages/airflow/example_dags/example_setup_teardown_taskflow.py took 0.126 seconds
[2025-07-11T09:46:51.399+0000] {processor.py:161} INFO - Started process (PID=1400) to work on /home/airflow/.local/lib/python3.8/site-packages/airflow/example_dags/example_setup_teardown_taskflow.py
[2025-07-11T09:46:51.401+0000] {processor.py:830} INFO - Processing file /home/airflow/.local/lib/python3.8/site-packages/airflow/example_dags/example_setup_teardown_taskflow.py for tasks to queue
[2025-07-11T09:46:51.404+0000] {logging_mixin.py:188} INFO - [2025-07-11T09:46:51.404+0000] {dagbag.py:538} INFO - Filling up the DagBag from /home/airflow/.local/lib/python3.8/site-packages/airflow/example_dags/example_setup_teardown_taskflow.py
[2025-07-11T09:46:51.417+0000] {processor.py:840} INFO - DAG(s) 'example_setup_teardown_taskflow' retrieved from /home/airflow/.local/lib/python3.8/site-packages/airflow/example_dags/example_setup_teardown_taskflow.py
[2025-07-11T09:46:51.449+0000] {logging_mixin.py:188} INFO - [2025-07-11T09:46:51.448+0000] {dag.py:3036} INFO - Sync 1 DAGs
[2025-07-11T09:46:51.487+0000] {logging_mixin.py:188} INFO - [2025-07-11T09:46:51.486+0000] {dag.py:3823} INFO - Setting next_dagrun for example_setup_teardown_taskflow to 2025-07-10 00:00:00+00:00, run_after=2025-07-11 00:00:00+00:00
[2025-07-11T09:46:51.521+0000] {processor.py:183} INFO - Processing /home/airflow/.local/lib/python3.8/site-packages/airflow/example_dags/example_setup_teardown_taskflow.py took 0.128 seconds
[2025-07-11T09:47:22.007+0000] {processor.py:161} INFO - Started process (PID=1455) to work on /home/airflow/.local/lib/python3.8/site-packages/airflow/example_dags/example_setup_teardown_taskflow.py
[2025-07-11T09:47:22.011+0000] {processor.py:830} INFO - Processing file /home/airflow/.local/lib/python3.8/site-packages/airflow/example_dags/example_setup_teardown_taskflow.py for tasks to queue
[2025-07-11T09:47:22.014+0000] {logging_mixin.py:188} INFO - [2025-07-11T09:47:22.013+0000] {dagbag.py:538} INFO - Filling up the DagBag from /home/airflow/.local/lib/python3.8/site-packages/airflow/example_dags/example_setup_teardown_taskflow.py
[2025-07-11T09:47:22.027+0000] {processor.py:840} INFO - DAG(s) 'example_setup_teardown_taskflow' retrieved from /home/airflow/.local/lib/python3.8/site-packages/airflow/example_dags/example_setup_teardown_taskflow.py
[2025-07-11T09:47:22.056+0000] {logging_mixin.py:188} INFO - [2025-07-11T09:47:22.056+0000] {dag.py:3036} INFO - Sync 1 DAGs
[2025-07-11T09:47:22.091+0000] {logging_mixin.py:188} INFO - [2025-07-11T09:47:22.090+0000] {dag.py:3823} INFO - Setting next_dagrun for example_setup_teardown_taskflow to 2025-07-10 00:00:00+00:00, run_after=2025-07-11 00:00:00+00:00
[2025-07-11T09:47:22.119+0000] {processor.py:183} INFO - Processing /home/airflow/.local/lib/python3.8/site-packages/airflow/example_dags/example_setup_teardown_taskflow.py took 0.117 seconds
[2025-07-11T09:47:52.304+0000] {processor.py:161} INFO - Started process (PID=1510) to work on /home/airflow/.local/lib/python3.8/site-packages/airflow/example_dags/example_setup_teardown_taskflow.py
[2025-07-11T09:47:52.306+0000] {processor.py:830} INFO - Processing file /home/airflow/.local/lib/python3.8/site-packages/airflow/example_dags/example_setup_teardown_taskflow.py for tasks to queue
[2025-07-11T09:47:52.308+0000] {logging_mixin.py:188} INFO - [2025-07-11T09:47:52.308+0000] {dagbag.py:538} INFO - Filling up the DagBag from /home/airflow/.local/lib/python3.8/site-packages/airflow/example_dags/example_setup_teardown_taskflow.py
[2025-07-11T09:47:52.322+0000] {processor.py:840} INFO - DAG(s) 'example_setup_teardown_taskflow' retrieved from /home/airflow/.local/lib/python3.8/site-packages/airflow/example_dags/example_setup_teardown_taskflow.py
[2025-07-11T09:47:52.353+0000] {logging_mixin.py:188} INFO - [2025-07-11T09:47:52.353+0000] {dag.py:3036} INFO - Sync 1 DAGs
[2025-07-11T09:47:52.383+0000] {logging_mixin.py:188} INFO - [2025-07-11T09:47:52.382+0000] {dag.py:3823} INFO - Setting next_dagrun for example_setup_teardown_taskflow to 2025-07-10 00:00:00+00:00, run_after=2025-07-11 00:00:00+00:00
[2025-07-11T09:47:52.409+0000] {processor.py:183} INFO - Processing /home/airflow/.local/lib/python3.8/site-packages/airflow/example_dags/example_setup_teardown_taskflow.py took 0.111 seconds
[2025-07-11T09:48:23.152+0000] {processor.py:161} INFO - Started process (PID=1565) to work on /home/airflow/.local/lib/python3.8/site-packages/airflow/example_dags/example_setup_teardown_taskflow.py
[2025-07-11T09:48:23.153+0000] {processor.py:830} INFO - Processing file /home/airflow/.local/lib/python3.8/site-packages/airflow/example_dags/example_setup_teardown_taskflow.py for tasks to queue
[2025-07-11T09:48:23.156+0000] {logging_mixin.py:188} INFO - [2025-07-11T09:48:23.155+0000] {dagbag.py:538} INFO - Filling up the DagBag from /home/airflow/.local/lib/python3.8/site-packages/airflow/example_dags/example_setup_teardown_taskflow.py
[2025-07-11T09:48:23.169+0000] {processor.py:840} INFO - DAG(s) 'example_setup_teardown_taskflow' retrieved from /home/airflow/.local/lib/python3.8/site-packages/airflow/example_dags/example_setup_teardown_taskflow.py
[2025-07-11T09:48:23.202+0000] {logging_mixin.py:188} INFO - [2025-07-11T09:48:23.202+0000] {dag.py:3036} INFO - Sync 1 DAGs
[2025-07-11T09:48:23.235+0000] {logging_mixin.py:188} INFO - [2025-07-11T09:48:23.235+0000] {dag.py:3823} INFO - Setting next_dagrun for example_setup_teardown_taskflow to 2025-07-10 00:00:00+00:00, run_after=2025-07-11 00:00:00+00:00
[2025-07-11T09:48:23.268+0000] {processor.py:183} INFO - Processing /home/airflow/.local/lib/python3.8/site-packages/airflow/example_dags/example_setup_teardown_taskflow.py took 0.122 seconds
[2025-07-11T09:48:53.741+0000] {processor.py:161} INFO - Started process (PID=1620) to work on /home/airflow/.local/lib/python3.8/site-packages/airflow/example_dags/example_setup_teardown_taskflow.py
[2025-07-11T09:48:53.743+0000] {processor.py:830} INFO - Processing file /home/airflow/.local/lib/python3.8/site-packages/airflow/example_dags/example_setup_teardown_taskflow.py for tasks to queue
[2025-07-11T09:48:53.745+0000] {logging_mixin.py:188} INFO - [2025-07-11T09:48:53.745+0000] {dagbag.py:538} INFO - Filling up the DagBag from /home/airflow/.local/lib/python3.8/site-packages/airflow/example_dags/example_setup_teardown_taskflow.py
[2025-07-11T09:48:53.758+0000] {processor.py:840} INFO - DAG(s) 'example_setup_teardown_taskflow' retrieved from /home/airflow/.local/lib/python3.8/site-packages/airflow/example_dags/example_setup_teardown_taskflow.py
[2025-07-11T09:48:53.788+0000] {logging_mixin.py:188} INFO - [2025-07-11T09:48:53.788+0000] {dag.py:3036} INFO - Sync 1 DAGs
[2025-07-11T09:48:53.821+0000] {logging_mixin.py:188} INFO - [2025-07-11T09:48:53.821+0000] {dag.py:3823} INFO - Setting next_dagrun for example_setup_teardown_taskflow to 2025-07-10 00:00:00+00:00, run_after=2025-07-11 00:00:00+00:00
[2025-07-11T09:48:53.854+0000] {processor.py:183} INFO - Processing /home/airflow/.local/lib/python3.8/site-packages/airflow/example_dags/example_setup_teardown_taskflow.py took 0.117 seconds
[2025-07-11T09:49:24.298+0000] {processor.py:161} INFO - Started process (PID=1675) to work on /home/airflow/.local/lib/python3.8/site-packages/airflow/example_dags/example_setup_teardown_taskflow.py
[2025-07-11T09:49:24.300+0000] {processor.py:830} INFO - Processing file /home/airflow/.local/lib/python3.8/site-packages/airflow/example_dags/example_setup_teardown_taskflow.py for tasks to queue
[2025-07-11T09:49:24.303+0000] {logging_mixin.py:188} INFO - [2025-07-11T09:49:24.302+0000] {dagbag.py:538} INFO - Filling up the DagBag from /home/airflow/.local/lib/python3.8/site-packages/airflow/example_dags/example_setup_teardown_taskflow.py
[2025-07-11T09:49:24.316+0000] {processor.py:840} INFO - DAG(s) 'example_setup_teardown_taskflow' retrieved from /home/airflow/.local/lib/python3.8/site-packages/airflow/example_dags/example_setup_teardown_taskflow.py
[2025-07-11T09:49:24.348+0000] {logging_mixin.py:188} INFO - [2025-07-11T09:49:24.348+0000] {dag.py:3036} INFO - Sync 1 DAGs
[2025-07-11T09:49:24.385+0000] {logging_mixin.py:188} INFO - [2025-07-11T09:49:24.384+0000] {dag.py:3823} INFO - Setting next_dagrun for example_setup_teardown_taskflow to 2025-07-10 00:00:00+00:00, run_after=2025-07-11 00:00:00+00:00
[2025-07-11T09:49:24.421+0000] {processor.py:183} INFO - Processing /home/airflow/.local/lib/python3.8/site-packages/airflow/example_dags/example_setup_teardown_taskflow.py took 0.127 seconds
[2025-07-11T09:49:54.747+0000] {processor.py:161} INFO - Started process (PID=1730) to work on /home/airflow/.local/lib/python3.8/site-packages/airflow/example_dags/example_setup_teardown_taskflow.py
[2025-07-11T09:49:54.749+0000] {processor.py:830} INFO - Processing file /home/airflow/.local/lib/python3.8/site-packages/airflow/example_dags/example_setup_teardown_taskflow.py for tasks to queue
[2025-07-11T09:49:54.751+0000] {logging_mixin.py:188} INFO - [2025-07-11T09:49:54.751+0000] {dagbag.py:538} INFO - Filling up the DagBag from /home/airflow/.local/lib/python3.8/site-packages/airflow/example_dags/example_setup_teardown_taskflow.py
[2025-07-11T09:49:54.764+0000] {processor.py:840} INFO - DAG(s) 'example_setup_teardown_taskflow' retrieved from /home/airflow/.local/lib/python3.8/site-packages/airflow/example_dags/example_setup_teardown_taskflow.py
[2025-07-11T09:49:54.755+0000] {logging_mixin.py:188} INFO - [2025-07-11T09:49:54.755+0000] {dag.py:3036} INFO - Sync 1 DAGs
[2025-07-11T09:49:54.786+0000] {logging_mixin.py:188} INFO - [2025-07-11T09:49:54.786+0000] {dag.py:3823} INFO - Setting next_dagrun for example_setup_teardown_taskflow to 2025-07-10 00:00:00+00:00, run_after=2025-07-11 00:00:00+00:00
[2025-07-11T09:49:54.818+0000] {processor.py:183} INFO - Processing /home/airflow/.local/lib/python3.8/site-packages/airflow/example_dags/example_setup_teardown_taskflow.py took 0.114 seconds
[2025-07-11T09:50:25.535+0000] {processor.py:161} INFO - Started process (PID=1785) to work on /home/airflow/.local/lib/python3.8/site-packages/airflow/example_dags/example_setup_teardown_taskflow.py
[2025-07-11T09:50:25.537+0000] {processor.py:830} INFO - Processing file /home/airflow/.local/lib/python3.8/site-packages/airflow/example_dags/example_setup_teardown_taskflow.py for tasks to queue
[2025-07-11T09:50:25.540+0000] {logging_mixin.py:188} INFO - [2025-07-11T09:50:25.540+0000] {dagbag.py:538} INFO - Filling up the DagBag from /home/airflow/.local/lib/python3.8/site-packages/airflow/example_dags/example_setup_teardown_taskflow.py
[2025-07-11T09:50:25.559+0000] {processor.py:840} INFO - DAG(s) 'example_setup_teardown_taskflow' retrieved from /home/airflow/.local/lib/python3.8/site-packages/airflow/example_dags/example_setup_teardown_taskflow.py
[2025-07-11T09:50:25.592+0000] {logging_mixin.py:188} INFO - [2025-07-11T09:50:25.591+0000] {dag.py:3036} INFO - Sync 1 DAGs
[2025-07-11T09:50:25.635+0000] {logging_mixin.py:188} INFO - [2025-07-11T09:50:25.635+0000] {dag.py:3823} INFO - Setting next_dagrun for example_setup_teardown_taskflow to 2025-07-10 00:00:00+00:00, run_after=2025-07-11 00:00:00+00:00
[2025-07-11T09:50:25.666+0000] {processor.py:183} INFO - Processing /home/airflow/.local/lib/python3.8/site-packages/airflow/example_dags/example_setup_teardown_taskflow.py took 0.136 seconds
[2025-07-11T09:50:56.529+0000] {processor.py:161} INFO - Started process (PID=1840) to work on /home/airflow/.local/lib/python3.8/site-packages/airflow/example_dags/example_setup_teardown_taskflow.py
[2025-07-11T09:50:56.531+0000] {processor.py:830} INFO - Processing file /home/airflow/.local/lib/python3.8/site-packages/airflow/example_dags/example_setup_teardown_taskflow.py for tasks to queue
[2025-07-11T09:50:56.534+0000] {logging_mixin.py:188} INFO - [2025-07-11T09:50:56.533+0000] {dagbag.py:538} INFO - Filling up the DagBag from /home/airflow/.local/lib/python3.8/site-packages/airflow/example_dags/example_setup_teardown_taskflow.py
[2025-07-11T09:50:56.549+0000] {processor.py:840} INFO - DAG(s) 'example_setup_teardown_taskflow' retrieved from /home/airflow/.local/lib/python3.8/site-packages/airflow/example_dags/example_setup_teardown_taskflow.py
[2025-07-11T09:50:56.581+0000] {logging_mixin.py:188} INFO - [2025-07-11T09:50:56.581+0000] {dag.py:3036} INFO - Sync 1 DAGs
[2025-07-11T09:50:56.615+0000] {logging_mixin.py:188} INFO - [2025-07-11T09:50:56.614+0000] {dag.py:3823} INFO - Setting next_dagrun for example_setup_teardown_taskflow to 2025-07-10 00:00:00+00:00, run_after=2025-07-11 00:00:00+00:00
[2025-07-11T09:50:56.649+0000] {processor.py:183} INFO - Processing /home/airflow/.local/lib/python3.8/site-packages/airflow/example_dags/example_setup_teardown_taskflow.py took 0.125 seconds
[2025-07-11T09:51:27.004+0000] {processor.py:161} INFO - Started process (PID=1895) to work on /home/airflow/.local/lib/python3.8/site-packages/airflow/example_dags/example_setup_teardown_taskflow.py
[2025-07-11T09:51:27.005+0000] {processor.py:830} INFO - Processing file /home/airflow/.local/lib/python3.8/site-packages/airflow/example_dags/example_setup_teardown_taskflow.py for tasks to queue
[2025-07-11T09:51:27.008+0000] {logging_mixin.py:188} INFO - [2025-07-11T09:51:27.007+0000] {dagbag.py:538} INFO - Filling up the DagBag from /home/airflow/.local/lib/python3.8/site-packages/airflow/example_dags/example_setup_teardown_taskflow.py
[2025-07-11T09:51:27.021+0000] {processor.py:840} INFO - DAG(s) 'example_setup_teardown_taskflow' retrieved from /home/airflow/.local/lib/python3.8/site-packages/airflow/example_dags/example_setup_teardown_taskflow.py
[2025-07-11T09:51:27.050+0000] {logging_mixin.py:188} INFO - [2025-07-11T09:51:27.049+0000] {dag.py:3036} INFO - Sync 1 DAGs
[2025-07-11T09:51:27.082+0000] {logging_mixin.py:188} INFO - [2025-07-11T09:51:27.082+0000] {dag.py:3823} INFO - Setting next_dagrun for example_setup_teardown_taskflow to 2025-07-10 00:00:00+00:00, run_after=2025-07-11 00:00:00+00:00
[2025-07-11T09:51:27.111+0000] {processor.py:183} INFO - Processing /home/airflow/.local/lib/python3.8/site-packages/airflow/example_dags/example_setup_teardown_taskflow.py took 0.111 seconds
[2025-07-11T09:51:57.574+0000] {processor.py:161} INFO - Started process (PID=1950) to work on /home/airflow/.local/lib/python3.8/site-packages/airflow/example_dags/example_setup_teardown_taskflow.py
[2025-07-11T09:51:57.575+0000] {processor.py:830} INFO - Processing file /home/airflow/.local/lib/python3.8/site-packages/airflow/example_dags/example_setup_teardown_taskflow.py for tasks to queue
[2025-07-11T09:51:57.578+0000] {logging_mixin.py:188} INFO - [2025-07-11T09:51:57.577+0000] {dagbag.py:538} INFO - Filling up the DagBag from /home/airflow/.local/lib/python3.8/site-packages/airflow/example_dags/example_setup_teardown_taskflow.py
[2025-07-11T09:51:57.592+0000] {processor.py:840} INFO - DAG(s) 'example_setup_teardown_taskflow' retrieved from /home/airflow/.local/lib/python3.8/site-packages/airflow/example_dags/example_setup_teardown_taskflow.py
[2025-07-11T09:51:57.621+0000] {logging_mixin.py:188} INFO - [2025-07-11T09:51:57.621+0000] {dag.py:3036} INFO - Sync 1 DAGs
[2025-07-11T09:51:57.652+0000] {logging_mixin.py:188} INFO - [2025-07-11T09:51:57.652+0000] {dag.py:3823} INFO - Setting next_dagrun for example_setup_teardown_taskflow to 2025-07-10 00:00:00+00:00, run_after=2025-07-11 00:00:00+00:00
[2025-07-11T09:51:57.682+0000] {processor.py:183} INFO - Processing /home/airflow/.local/lib/python3.8/site-packages/airflow/example_dags/example_setup_teardown_taskflow.py took 0.112 seconds
[2025-07-11T09:52:28.390+0000] {processor.py:161} INFO - Started process (PID=2005) to work on /home/airflow/.local/lib/python3.8/site-packages/airflow/example_dags/example_setup_teardown_taskflow.py
[2025-07-11T09:52:28.391+0000] {processor.py:830} INFO - Processing file /home/airflow/.local/lib/python3.8/site-packages/airflow/example_dags/example_setup_teardown_taskflow.py for tasks to queue
[2025-07-11T09:52:28.394+0000] {logging_mixin.py:188} INFO - [2025-07-11T09:52:28.393+0000] {dagbag.py:538} INFO - Filling up the DagBag from /home/airflow/.local/lib/python3.8/site-packages/airflow/example_dags/example_setup_teardown_taskflow.py
[2025-07-11T09:52:28.407+0000] {processor.py:840} INFO - DAG(s) 'example_setup_teardown_taskflow' retrieved from /home/airflow/.local/lib/python3.8/site-packages/airflow/example_dags/example_setup_teardown_taskflow.py
[2025-07-11T09:52:28.439+0000] {logging_mixin.py:188} INFO - [2025-07-11T09:52:28.439+0000] {dag.py:3036} INFO - Sync 1 DAGs
[2025-07-11T09:52:28.475+0000] {logging_mixin.py:188} INFO - [2025-07-11T09:52:28.475+0000] {dag.py:3823} INFO - Setting next_dagrun for example_setup_teardown_taskflow to 2025-07-10 00:00:00+00:00, run_after=2025-07-11 00:00:00+00:00
[2025-07-11T09:52:28.506+0000] {processor.py:183} INFO - Processing /home/airflow/.local/lib/python3.8/site-packages/airflow/example_dags/example_setup_teardown_taskflow.py took 0.120 seconds
[2025-07-11T09:52:58.631+0000] {processor.py:161} INFO - Started process (PID=2060) to work on /home/airflow/.local/lib/python3.8/site-packages/airflow/example_dags/example_setup_teardown_taskflow.py
[2025-07-11T09:52:58.632+0000] {processor.py:830} INFO - Processing file /home/airflow/.local/lib/python3.8/site-packages/airflow/example_dags/example_setup_teardown_taskflow.py for tasks to queue
[2025-07-11T09:52:58.635+0000] {logging_mixin.py:188} INFO - [2025-07-11T09:52:58.634+0000] {dagbag.py:538} INFO - Filling up the DagBag from /home/airflow/.local/lib/python3.8/site-packages/airflow/example_dags/example_setup_teardown_taskflow.py
[2025-07-11T09:52:58.648+0000] {processor.py:840} INFO - DAG(s) 'example_setup_teardown_taskflow' retrieved from /home/airflow/.local/lib/python3.8/site-packages/airflow/example_dags/example_setup_teardown_taskflow.py
[2025-07-11T09:52:58.677+0000] {logging_mixin.py:188} INFO - [2025-07-11T09:52:58.676+0000] {dag.py:3036} INFO - Sync 1 DAGs
[2025-07-11T09:52:58.708+0000] {logging_mixin.py:188} INFO - [2025-07-11T09:52:58.708+0000] {dag.py:3823} INFO - Setting next_dagrun for example_setup_teardown_taskflow to 2025-07-10 00:00:00+00:00, run_after=2025-07-11 00:00:00+00:00
[2025-07-11T09:52:58.737+0000] {processor.py:183} INFO - Processing /home/airflow/.local/lib/python3.8/site-packages/airflow/example_dags/example_setup_teardown_taskflow.py took 0.110 seconds
[2025-07-11T09:53:29.292+0000] {processor.py:161} INFO - Started process (PID=2115) to work on /home/airflow/.local/lib/python3.8/site-packages/airflow/example_dags/example_setup_teardown_taskflow.py
[2025-07-11T09:53:29.293+0000] {processor.py:830} INFO - Processing file /home/airflow/.local/lib/python3.8/site-packages/airflow/example_dags/example_setup_teardown_taskflow.py for tasks to queue
[2025-07-11T09:53:29.296+0000] {logging_mixin.py:188} INFO - [2025-07-11T09:53:29.295+0000] {dagbag.py:538} INFO - Filling up the DagBag from /home/airflow/.local/lib/python3.8/site-packages/airflow/example_dags/example_setup_teardown_taskflow.py
[2025-07-11T09:53:29.309+0000] {processor.py:840} INFO - DAG(s) 'example_setup_teardown_taskflow' retrieved from /home/airflow/.local/lib/python3.8/site-packages/airflow/example_dags/example_setup_teardown_taskflow.py
[2025-07-11T09:53:29.339+0000] {logging_mixin.py:188} INFO - [2025-07-11T09:53:29.339+0000] {dag.py:3036} INFO - Sync 1 DAGs
[2025-07-11T09:53:29.370+0000] {logging_mixin.py:188} INFO - [2025-07-11T09:53:29.370+0000] {dag.py:3823} INFO - Setting next_dagrun for example_setup_teardown_taskflow to 2025-07-10 00:00:00+00:00, run_after=2025-07-11 00:00:00+00:00
[2025-07-11T09:53:29.400+0000] {processor.py:183} INFO - Processing /home/airflow/.local/lib/python3.8/site-packages/airflow/example_dags/example_setup_teardown_taskflow.py took 0.112 seconds
[2025-07-11T09:53:59.762+0000] {processor.py:161} INFO - Started process (PID=2170) to work on /home/airflow/.local/lib/python3.8/site-packages/airflow/example_dags/example_setup_teardown_taskflow.py
[2025-07-11T09:53:59.763+0000] {processor.py:830} INFO - Processing file /home/airflow/.local/lib/python3.8/site-packages/airflow/example_dags/example_setup_teardown_taskflow.py for tasks to queue
[2025-07-11T09:53:59.766+0000] {logging_mixin.py:188} INFO - [2025-07-11T09:53:59.765+0000] {dagbag.py:538} INFO - Filling up the DagBag from /home/airflow/.local/lib/python3.8/site-packages/airflow/example_dags/example_setup_teardown_taskflow.py
[2025-07-11T09:53:59.780+0000] {processor.py:840} INFO - DAG(s) 'example_setup_teardown_taskflow' retrieved from /home/airflow/.local/lib/python3.8/site-packages/airflow/example_dags/example_setup_teardown_taskflow.py
[2025-07-11T09:53:59.810+0000] {logging_mixin.py:188} INFO - [2025-07-11T09:53:59.809+0000] {dag.py:3036} INFO - Sync 1 DAGs
[2025-07-11T09:53:59.840+0000] {logging_mixin.py:188} INFO - [2025-07-11T09:53:59.840+0000] {dag.py:3823} INFO - Setting next_dagrun for example_setup_teardown_taskflow to 2025-07-10 00:00:00+00:00, run_after=2025-07-11 00:00:00+00:00
[2025-07-11T09:54:00.055+0000] {processor.py:183} INFO - Processing /home/airflow/.local/lib/python3.8/site-packages/airflow/example_dags/example_setup_teardown_taskflow.py took 0.298 seconds
[2025-07-11T09:54:30.307+0000] {processor.py:161} INFO - Started process (PID=2225) to work on /home/airflow/.local/lib/python3.8/site-packages/airflow/example_dags/example_setup_teardown_taskflow.py
[2025-07-11T09:54:30.310+0000] {processor.py:830} INFO - Processing file /home/airflow/.local/lib/python3.8/site-packages/airflow/example_dags/example_setup_teardown_taskflow.py for tasks to queue
[2025-07-11T09:54:30.313+0000] {logging_mixin.py:188} INFO - [2025-07-11T09:54:30.312+0000] {dagbag.py:538} INFO - Filling up the DagBag from /home/airflow/.local/lib/python3.8/site-packages/airflow/example_dags/example_setup_teardown_taskflow.py
[2025-07-11T09:54:30.331+0000] {processor.py:840} INFO - DAG(s) 'example_setup_teardown_taskflow' retrieved from /home/airflow/.local/lib/python3.8/site-packages/airflow/example_dags/example_setup_teardown_taskflow.py
[2025-07-11T09:54:30.368+0000] {logging_mixin.py:188} INFO - [2025-07-11T09:54:30.367+0000] {dag.py:3036} INFO - Sync 1 DAGs
[2025-07-11T09:54:30.405+0000] {logging_mixin.py:188} INFO - [2025-07-11T09:54:30.405+0000] {dag.py:3823} INFO - Setting next_dagrun for example_setup_teardown_taskflow to 2025-07-10 00:00:00+00:00, run_after=2025-07-11 00:00:00+00:00
[2025-07-11T09:54:30.448+0000] {processor.py:183} INFO - Processing /home/airflow/.local/lib/python3.8/site-packages/airflow/example_dags/example_setup_teardown_taskflow.py took 0.147 seconds
