[2025-07-11T09:24:59.694+0000] {processor.py:161} INFO - Started process (PID=109) to work on /home/airflow/.local/lib/python3.8/site-packages/airflow/example_dags/example_branch_day_of_week_operator.py
[2025-07-11T09:24:59.696+0000] {processor.py:830} INFO - Processing file /home/airflow/.local/lib/python3.8/site-packages/airflow/example_dags/example_branch_day_of_week_operator.py for tasks to queue
[2025-07-11T09:24:59.699+0000] {logging_mixin.py:188} INFO - [2025-07-11T09:24:59.698+0000] {dagbag.py:538} INFO - Filling up the DagBag from /home/airflow/.local/lib/python3.8/site-packages/airflow/example_dags/example_branch_day_of_week_operator.py
[2025-07-11T09:24:59.714+0000] {processor.py:840} INFO - DAG(s) 'example_weekday_branch_operator' retrieved from /home/airflow/.local/lib/python3.8/site-packages/airflow/example_dags/example_branch_day_of_week_operator.py
[2025-07-11T09:24:59.887+0000] {logging_mixin.py:188} INFO - [2025-07-11T09:24:59.886+0000] {override.py:1769} INFO - Created Permission View: can edit on DAG:example_weekday_branch_operator
[2025-07-11T09:24:59.908+0000] {logging_mixin.py:188} INFO - [2025-07-11T09:24:59.907+0000] {override.py:1769} INFO - Created Permission View: can delete on DAG:example_weekday_branch_operator
[2025-07-11T09:24:59.921+0000] {logging_mixin.py:188} INFO - [2025-07-11T09:24:59.921+0000] {override.py:1769} INFO - Created Permission View: can read on DAG:example_weekday_branch_operator
[2025-07-11T09:24:59.922+0000] {logging_mixin.py:188} INFO - [2025-07-11T09:24:59.922+0000] {dag.py:3036} INFO - Sync 1 DAGs
[2025-07-11T09:24:59.940+0000] {logging_mixin.py:188} INFO - [2025-07-11T09:24:59.939+0000] {dag.py:3058} INFO - Creating ORM DAG for example_weekday_branch_operator
[2025-07-11T09:24:59.961+0000] {logging_mixin.py:188} INFO - [2025-07-11T09:24:59.961+0000] {dag.py:3823} INFO - Setting next_dagrun for example_weekday_branch_operator to 2025-07-10 00:00:00+00:00, run_after=2025-07-11 00:00:00+00:00
[2025-07-11T09:24:59.991+0000] {processor.py:183} INFO - Processing /home/airflow/.local/lib/python3.8/site-packages/airflow/example_dags/example_branch_day_of_week_operator.py took 0.302 seconds
[2025-07-11T09:25:30.184+0000] {processor.py:161} INFO - Started process (PID=164) to work on /home/airflow/.local/lib/python3.8/site-packages/airflow/example_dags/example_branch_day_of_week_operator.py
[2025-07-11T09:25:30.186+0000] {processor.py:830} INFO - Processing file /home/airflow/.local/lib/python3.8/site-packages/airflow/example_dags/example_branch_day_of_week_operator.py for tasks to queue
[2025-07-11T09:25:30.190+0000] {logging_mixin.py:188} INFO - [2025-07-11T09:25:30.189+0000] {dagbag.py:538} INFO - Filling up the DagBag from /home/airflow/.local/lib/python3.8/site-packages/airflow/example_dags/example_branch_day_of_week_operator.py
[2025-07-11T09:25:30.209+0000] {processor.py:840} INFO - DAG(s) 'example_weekday_branch_operator' retrieved from /home/airflow/.local/lib/python3.8/site-packages/airflow/example_dags/example_branch_day_of_week_operator.py
[2025-07-11T09:25:30.243+0000] {logging_mixin.py:188} INFO - [2025-07-11T09:25:30.242+0000] {dag.py:3036} INFO - Sync 1 DAGs
[2025-07-11T09:25:30.276+0000] {logging_mixin.py:188} INFO - [2025-07-11T09:25:30.275+0000] {dag.py:3823} INFO - Setting next_dagrun for example_weekday_branch_operator to 2025-07-10 00:00:00+00:00, run_after=2025-07-11 00:00:00+00:00
[2025-07-11T09:25:30.305+0000] {processor.py:183} INFO - Processing /home/airflow/.local/lib/python3.8/site-packages/airflow/example_dags/example_branch_day_of_week_operator.py took 0.126 seconds
[2025-07-11T09:26:00.470+0000] {processor.py:161} INFO - Started process (PID=219) to work on /home/airflow/.local/lib/python3.8/site-packages/airflow/example_dags/example_branch_day_of_week_operator.py
[2025-07-11T09:26:00.472+0000] {processor.py:830} INFO - Processing file /home/airflow/.local/lib/python3.8/site-packages/airflow/example_dags/example_branch_day_of_week_operator.py for tasks to queue
[2025-07-11T09:26:00.474+0000] {logging_mixin.py:188} INFO - [2025-07-11T09:26:00.474+0000] {dagbag.py:538} INFO - Filling up the DagBag from /home/airflow/.local/lib/python3.8/site-packages/airflow/example_dags/example_branch_day_of_week_operator.py
[2025-07-11T09:26:00.486+0000] {processor.py:840} INFO - DAG(s) 'example_weekday_branch_operator' retrieved from /home/airflow/.local/lib/python3.8/site-packages/airflow/example_dags/example_branch_day_of_week_operator.py
[2025-07-11T09:26:00.515+0000] {logging_mixin.py:188} INFO - [2025-07-11T09:26:00.514+0000] {dag.py:3036} INFO - Sync 1 DAGs
[2025-07-11T09:26:00.552+0000] {logging_mixin.py:188} INFO - [2025-07-11T09:26:00.552+0000] {dag.py:3823} INFO - Setting next_dagrun for example_weekday_branch_operator to 2025-07-10 00:00:00+00:00, run_after=2025-07-11 00:00:00+00:00
[2025-07-11T09:26:00.586+0000] {processor.py:183} INFO - Processing /home/airflow/.local/lib/python3.8/site-packages/airflow/example_dags/example_branch_day_of_week_operator.py took 0.121 seconds
[2025-07-11T09:26:30.920+0000] {processor.py:161} INFO - Started process (PID=274) to work on /home/airflow/.local/lib/python3.8/site-packages/airflow/example_dags/example_branch_day_of_week_operator.py
[2025-07-11T09:26:30.922+0000] {processor.py:830} INFO - Processing file /home/airflow/.local/lib/python3.8/site-packages/airflow/example_dags/example_branch_day_of_week_operator.py for tasks to queue
[2025-07-11T09:26:30.924+0000] {logging_mixin.py:188} INFO - [2025-07-11T09:26:30.924+0000] {dagbag.py:538} INFO - Filling up the DagBag from /home/airflow/.local/lib/python3.8/site-packages/airflow/example_dags/example_branch_day_of_week_operator.py
[2025-07-11T09:26:30.935+0000] {processor.py:840} INFO - DAG(s) 'example_weekday_branch_operator' retrieved from /home/airflow/.local/lib/python3.8/site-packages/airflow/example_dags/example_branch_day_of_week_operator.py
[2025-07-11T09:26:30.966+0000] {logging_mixin.py:188} INFO - [2025-07-11T09:26:30.965+0000] {dag.py:3036} INFO - Sync 1 DAGs
[2025-07-11T09:26:31.003+0000] {logging_mixin.py:188} INFO - [2025-07-11T09:26:31.003+0000] {dag.py:3823} INFO - Setting next_dagrun for example_weekday_branch_operator to 2025-07-10 00:00:00+00:00, run_after=2025-07-11 00:00:00+00:00
[2025-07-11T09:26:31.036+0000] {processor.py:183} INFO - Processing /home/airflow/.local/lib/python3.8/site-packages/airflow/example_dags/example_branch_day_of_week_operator.py took 0.120 seconds
[2025-07-11T09:27:01.291+0000] {processor.py:161} INFO - Started process (PID=329) to work on /home/airflow/.local/lib/python3.8/site-packages/airflow/example_dags/example_branch_day_of_week_operator.py
[2025-07-11T09:27:01.293+0000] {processor.py:830} INFO - Processing file /home/airflow/.local/lib/python3.8/site-packages/airflow/example_dags/example_branch_day_of_week_operator.py for tasks to queue
[2025-07-11T09:27:01.297+0000] {logging_mixin.py:188} INFO - [2025-07-11T09:27:01.296+0000] {dagbag.py:538} INFO - Filling up the DagBag from /home/airflow/.local/lib/python3.8/site-packages/airflow/example_dags/example_branch_day_of_week_operator.py
[2025-07-11T09:27:01.312+0000] {processor.py:840} INFO - DAG(s) 'example_weekday_branch_operator' retrieved from /home/airflow/.local/lib/python3.8/site-packages/airflow/example_dags/example_branch_day_of_week_operator.py
[2025-07-11T09:27:01.349+0000] {logging_mixin.py:188} INFO - [2025-07-11T09:27:01.348+0000] {dag.py:3036} INFO - Sync 1 DAGs
[2025-07-11T09:27:01.391+0000] {logging_mixin.py:188} INFO - [2025-07-11T09:27:01.391+0000] {dag.py:3823} INFO - Setting next_dagrun for example_weekday_branch_operator to 2025-07-10 00:00:00+00:00, run_after=2025-07-11 00:00:00+00:00
[2025-07-11T09:27:01.424+0000] {processor.py:183} INFO - Processing /home/airflow/.local/lib/python3.8/site-packages/airflow/example_dags/example_branch_day_of_week_operator.py took 0.138 seconds
[2025-07-11T09:28:26.980+0000] {processor.py:161} INFO - Started process (PID=110) to work on /home/airflow/.local/lib/python3.8/site-packages/airflow/example_dags/example_branch_day_of_week_operator.py
[2025-07-11T09:28:26.981+0000] {processor.py:830} INFO - Processing file /home/airflow/.local/lib/python3.8/site-packages/airflow/example_dags/example_branch_day_of_week_operator.py for tasks to queue
[2025-07-11T09:28:26.984+0000] {logging_mixin.py:188} INFO - [2025-07-11T09:28:26.983+0000] {dagbag.py:538} INFO - Filling up the DagBag from /home/airflow/.local/lib/python3.8/site-packages/airflow/example_dags/example_branch_day_of_week_operator.py
[2025-07-11T09:28:26.996+0000] {processor.py:840} INFO - DAG(s) 'example_weekday_branch_operator' retrieved from /home/airflow/.local/lib/python3.8/site-packages/airflow/example_dags/example_branch_day_of_week_operator.py
[2025-07-11T09:28:27.143+0000] {logging_mixin.py:188} INFO - [2025-07-11T09:28:27.142+0000] {override.py:1769} INFO - Created Permission View: can read on DAG:example_weekday_branch_operator
[2025-07-11T09:28:27.160+0000] {logging_mixin.py:188} INFO - [2025-07-11T09:28:27.159+0000] {override.py:1769} INFO - Created Permission View: can delete on DAG:example_weekday_branch_operator
[2025-07-11T09:28:27.172+0000] {logging_mixin.py:188} INFO - [2025-07-11T09:28:27.172+0000] {override.py:1769} INFO - Created Permission View: can edit on DAG:example_weekday_branch_operator
[2025-07-11T09:28:27.173+0000] {logging_mixin.py:188} INFO - [2025-07-11T09:28:27.173+0000] {dag.py:3036} INFO - Sync 1 DAGs
[2025-07-11T09:28:27.188+0000] {logging_mixin.py:188} INFO - [2025-07-11T09:28:27.188+0000] {dag.py:3058} INFO - Creating ORM DAG for example_weekday_branch_operator
[2025-07-11T09:28:27.204+0000] {logging_mixin.py:188} INFO - [2025-07-11T09:28:27.203+0000] {dag.py:3823} INFO - Setting next_dagrun for example_weekday_branch_operator to 2025-07-10 00:00:00+00:00, run_after=2025-07-11 00:00:00+00:00
[2025-07-11T09:28:27.232+0000] {processor.py:183} INFO - Processing /home/airflow/.local/lib/python3.8/site-packages/airflow/example_dags/example_branch_day_of_week_operator.py took 0.256 seconds
[2025-07-11T09:28:57.893+0000] {processor.py:161} INFO - Started process (PID=165) to work on /home/airflow/.local/lib/python3.8/site-packages/airflow/example_dags/example_branch_day_of_week_operator.py
[2025-07-11T09:28:57.894+0000] {processor.py:830} INFO - Processing file /home/airflow/.local/lib/python3.8/site-packages/airflow/example_dags/example_branch_day_of_week_operator.py for tasks to queue
[2025-07-11T09:28:57.897+0000] {logging_mixin.py:188} INFO - [2025-07-11T09:28:57.896+0000] {dagbag.py:538} INFO - Filling up the DagBag from /home/airflow/.local/lib/python3.8/site-packages/airflow/example_dags/example_branch_day_of_week_operator.py
[2025-07-11T09:28:57.908+0000] {processor.py:840} INFO - DAG(s) 'example_weekday_branch_operator' retrieved from /home/airflow/.local/lib/python3.8/site-packages/airflow/example_dags/example_branch_day_of_week_operator.py
[2025-07-11T09:28:57.938+0000] {logging_mixin.py:188} INFO - [2025-07-11T09:28:57.938+0000] {dag.py:3036} INFO - Sync 1 DAGs
[2025-07-11T09:28:57.974+0000] {logging_mixin.py:188} INFO - [2025-07-11T09:28:57.974+0000] {dag.py:3823} INFO - Setting next_dagrun for example_weekday_branch_operator to 2025-07-10 00:00:00+00:00, run_after=2025-07-11 00:00:00+00:00
[2025-07-11T09:28:58.008+0000] {processor.py:183} INFO - Processing /home/airflow/.local/lib/python3.8/site-packages/airflow/example_dags/example_branch_day_of_week_operator.py took 0.119 seconds
[2025-07-11T09:29:28.234+0000] {processor.py:161} INFO - Started process (PID=220) to work on /home/airflow/.local/lib/python3.8/site-packages/airflow/example_dags/example_branch_day_of_week_operator.py
[2025-07-11T09:29:28.235+0000] {processor.py:830} INFO - Processing file /home/airflow/.local/lib/python3.8/site-packages/airflow/example_dags/example_branch_day_of_week_operator.py for tasks to queue
[2025-07-11T09:29:28.238+0000] {logging_mixin.py:188} INFO - [2025-07-11T09:29:28.238+0000] {dagbag.py:538} INFO - Filling up the DagBag from /home/airflow/.local/lib/python3.8/site-packages/airflow/example_dags/example_branch_day_of_week_operator.py
[2025-07-11T09:29:28.249+0000] {processor.py:840} INFO - DAG(s) 'example_weekday_branch_operator' retrieved from /home/airflow/.local/lib/python3.8/site-packages/airflow/example_dags/example_branch_day_of_week_operator.py
[2025-07-11T09:29:28.290+0000] {logging_mixin.py:188} INFO - [2025-07-11T09:29:28.289+0000] {dag.py:3036} INFO - Sync 1 DAGs
[2025-07-11T09:29:28.336+0000] {logging_mixin.py:188} INFO - [2025-07-11T09:29:28.336+0000] {dag.py:3823} INFO - Setting next_dagrun for example_weekday_branch_operator to 2025-07-10 00:00:00+00:00, run_after=2025-07-11 00:00:00+00:00
[2025-07-11T09:29:28.367+0000] {processor.py:183} INFO - Processing /home/airflow/.local/lib/python3.8/site-packages/airflow/example_dags/example_branch_day_of_week_operator.py took 0.137 seconds
[2025-07-11T09:29:58.430+0000] {processor.py:161} INFO - Started process (PID=275) to work on /home/airflow/.local/lib/python3.8/site-packages/airflow/example_dags/example_branch_day_of_week_operator.py
[2025-07-11T09:29:58.432+0000] {processor.py:830} INFO - Processing file /home/airflow/.local/lib/python3.8/site-packages/airflow/example_dags/example_branch_day_of_week_operator.py for tasks to queue
[2025-07-11T09:29:58.434+0000] {logging_mixin.py:188} INFO - [2025-07-11T09:29:58.433+0000] {dagbag.py:538} INFO - Filling up the DagBag from /home/airflow/.local/lib/python3.8/site-packages/airflow/example_dags/example_branch_day_of_week_operator.py
[2025-07-11T09:29:58.445+0000] {processor.py:840} INFO - DAG(s) 'example_weekday_branch_operator' retrieved from /home/airflow/.local/lib/python3.8/site-packages/airflow/example_dags/example_branch_day_of_week_operator.py
[2025-07-11T09:29:58.474+0000] {logging_mixin.py:188} INFO - [2025-07-11T09:29:58.473+0000] {dag.py:3036} INFO - Sync 1 DAGs
[2025-07-11T09:29:58.511+0000] {logging_mixin.py:188} INFO - [2025-07-11T09:29:58.511+0000] {dag.py:3823} INFO - Setting next_dagrun for example_weekday_branch_operator to 2025-07-10 00:00:00+00:00, run_after=2025-07-11 00:00:00+00:00
[2025-07-11T09:29:58.548+0000] {processor.py:183} INFO - Processing /home/airflow/.local/lib/python3.8/site-packages/airflow/example_dags/example_branch_day_of_week_operator.py took 0.122 seconds
[2025-07-11T09:30:29.261+0000] {processor.py:161} INFO - Started process (PID=330) to work on /home/airflow/.local/lib/python3.8/site-packages/airflow/example_dags/example_branch_day_of_week_operator.py
[2025-07-11T09:30:29.264+0000] {processor.py:830} INFO - Processing file /home/airflow/.local/lib/python3.8/site-packages/airflow/example_dags/example_branch_day_of_week_operator.py for tasks to queue
[2025-07-11T09:30:29.269+0000] {logging_mixin.py:188} INFO - [2025-07-11T09:30:29.268+0000] {dagbag.py:538} INFO - Filling up the DagBag from /home/airflow/.local/lib/python3.8/site-packages/airflow/example_dags/example_branch_day_of_week_operator.py
[2025-07-11T09:30:29.286+0000] {processor.py:840} INFO - DAG(s) 'example_weekday_branch_operator' retrieved from /home/airflow/.local/lib/python3.8/site-packages/airflow/example_dags/example_branch_day_of_week_operator.py
[2025-07-11T09:30:29.325+0000] {logging_mixin.py:188} INFO - [2025-07-11T09:30:29.324+0000] {dag.py:3036} INFO - Sync 1 DAGs
[2025-07-11T09:30:29.373+0000] {logging_mixin.py:188} INFO - [2025-07-11T09:30:29.372+0000] {dag.py:3823} INFO - Setting next_dagrun for example_weekday_branch_operator to 2025-07-10 00:00:00+00:00, run_after=2025-07-11 00:00:00+00:00
[2025-07-11T09:30:29.411+0000] {processor.py:183} INFO - Processing /home/airflow/.local/lib/python3.8/site-packages/airflow/example_dags/example_branch_day_of_week_operator.py took 0.155 seconds
[2025-07-11T09:30:59.943+0000] {processor.py:161} INFO - Started process (PID=385) to work on /home/airflow/.local/lib/python3.8/site-packages/airflow/example_dags/example_branch_day_of_week_operator.py
[2025-07-11T09:30:59.944+0000] {processor.py:830} INFO - Processing file /home/airflow/.local/lib/python3.8/site-packages/airflow/example_dags/example_branch_day_of_week_operator.py for tasks to queue
[2025-07-11T09:30:59.947+0000] {logging_mixin.py:188} INFO - [2025-07-11T09:30:59.946+0000] {dagbag.py:538} INFO - Filling up the DagBag from /home/airflow/.local/lib/python3.8/site-packages/airflow/example_dags/example_branch_day_of_week_operator.py
[2025-07-11T09:30:59.958+0000] {processor.py:840} INFO - DAG(s) 'example_weekday_branch_operator' retrieved from /home/airflow/.local/lib/python3.8/site-packages/airflow/example_dags/example_branch_day_of_week_operator.py
[2025-07-11T09:30:59.987+0000] {logging_mixin.py:188} INFO - [2025-07-11T09:30:59.986+0000] {dag.py:3036} INFO - Sync 1 DAGs
[2025-07-11T09:31:00.022+0000] {logging_mixin.py:188} INFO - [2025-07-11T09:31:00.021+0000] {dag.py:3823} INFO - Setting next_dagrun for example_weekday_branch_operator to 2025-07-10 00:00:00+00:00, run_after=2025-07-11 00:00:00+00:00
[2025-07-11T09:31:00.052+0000] {processor.py:183} INFO - Processing /home/airflow/.local/lib/python3.8/site-packages/airflow/example_dags/example_branch_day_of_week_operator.py took 0.113 seconds
[2025-07-11T09:31:30.239+0000] {processor.py:161} INFO - Started process (PID=440) to work on /home/airflow/.local/lib/python3.8/site-packages/airflow/example_dags/example_branch_day_of_week_operator.py
[2025-07-11T09:31:30.241+0000] {processor.py:830} INFO - Processing file /home/airflow/.local/lib/python3.8/site-packages/airflow/example_dags/example_branch_day_of_week_operator.py for tasks to queue
[2025-07-11T09:31:30.243+0000] {logging_mixin.py:188} INFO - [2025-07-11T09:31:30.243+0000] {dagbag.py:538} INFO - Filling up the DagBag from /home/airflow/.local/lib/python3.8/site-packages/airflow/example_dags/example_branch_day_of_week_operator.py
[2025-07-11T09:31:30.254+0000] {processor.py:840} INFO - DAG(s) 'example_weekday_branch_operator' retrieved from /home/airflow/.local/lib/python3.8/site-packages/airflow/example_dags/example_branch_day_of_week_operator.py
[2025-07-11T09:31:30.286+0000] {logging_mixin.py:188} INFO - [2025-07-11T09:31:30.286+0000] {dag.py:3036} INFO - Sync 1 DAGs
[2025-07-11T09:31:30.325+0000] {logging_mixin.py:188} INFO - [2025-07-11T09:31:30.325+0000] {dag.py:3823} INFO - Setting next_dagrun for example_weekday_branch_operator to 2025-07-10 00:00:00+00:00, run_after=2025-07-11 00:00:00+00:00
[2025-07-11T09:31:30.356+0000] {processor.py:183} INFO - Processing /home/airflow/.local/lib/python3.8/site-packages/airflow/example_dags/example_branch_day_of_week_operator.py took 0.122 seconds
[2025-07-11T09:32:00.484+0000] {processor.py:161} INFO - Started process (PID=495) to work on /home/airflow/.local/lib/python3.8/site-packages/airflow/example_dags/example_branch_day_of_week_operator.py
[2025-07-11T09:32:00.486+0000] {processor.py:830} INFO - Processing file /home/airflow/.local/lib/python3.8/site-packages/airflow/example_dags/example_branch_day_of_week_operator.py for tasks to queue
[2025-07-11T09:32:00.488+0000] {logging_mixin.py:188} INFO - [2025-07-11T09:32:00.488+0000] {dagbag.py:538} INFO - Filling up the DagBag from /home/airflow/.local/lib/python3.8/site-packages/airflow/example_dags/example_branch_day_of_week_operator.py
[2025-07-11T09:32:00.499+0000] {processor.py:840} INFO - DAG(s) 'example_weekday_branch_operator' retrieved from /home/airflow/.local/lib/python3.8/site-packages/airflow/example_dags/example_branch_day_of_week_operator.py
[2025-07-11T09:32:00.530+0000] {logging_mixin.py:188} INFO - [2025-07-11T09:32:00.529+0000] {dag.py:3036} INFO - Sync 1 DAGs
[2025-07-11T09:32:00.564+0000] {logging_mixin.py:188} INFO - [2025-07-11T09:32:00.564+0000] {dag.py:3823} INFO - Setting next_dagrun for example_weekday_branch_operator to 2025-07-10 00:00:00+00:00, run_after=2025-07-11 00:00:00+00:00
[2025-07-11T09:32:00.596+0000] {processor.py:183} INFO - Processing /home/airflow/.local/lib/python3.8/site-packages/airflow/example_dags/example_branch_day_of_week_operator.py took 0.116 seconds
[2025-07-11T09:32:30.926+0000] {processor.py:161} INFO - Started process (PID=550) to work on /home/airflow/.local/lib/python3.8/site-packages/airflow/example_dags/example_branch_day_of_week_operator.py
[2025-07-11T09:32:30.928+0000] {processor.py:830} INFO - Processing file /home/airflow/.local/lib/python3.8/site-packages/airflow/example_dags/example_branch_day_of_week_operator.py for tasks to queue
[2025-07-11T09:32:30.931+0000] {logging_mixin.py:188} INFO - [2025-07-11T09:32:30.930+0000] {dagbag.py:538} INFO - Filling up the DagBag from /home/airflow/.local/lib/python3.8/site-packages/airflow/example_dags/example_branch_day_of_week_operator.py
[2025-07-11T09:32:30.941+0000] {processor.py:840} INFO - DAG(s) 'example_weekday_branch_operator' retrieved from /home/airflow/.local/lib/python3.8/site-packages/airflow/example_dags/example_branch_day_of_week_operator.py
[2025-07-11T09:32:30.975+0000] {logging_mixin.py:188} INFO - [2025-07-11T09:32:30.975+0000] {dag.py:3036} INFO - Sync 1 DAGs
[2025-07-11T09:32:31.010+0000] {logging_mixin.py:188} INFO - [2025-07-11T09:32:31.009+0000] {dag.py:3823} INFO - Setting next_dagrun for example_weekday_branch_operator to 2025-07-10 00:00:00+00:00, run_after=2025-07-11 00:00:00+00:00
[2025-07-11T09:32:31.044+0000] {processor.py:183} INFO - Processing /home/airflow/.local/lib/python3.8/site-packages/airflow/example_dags/example_branch_day_of_week_operator.py took 0.122 seconds
[2025-07-11T09:33:01.408+0000] {processor.py:161} INFO - Started process (PID=605) to work on /home/airflow/.local/lib/python3.8/site-packages/airflow/example_dags/example_branch_day_of_week_operator.py
[2025-07-11T09:33:01.410+0000] {processor.py:830} INFO - Processing file /home/airflow/.local/lib/python3.8/site-packages/airflow/example_dags/example_branch_day_of_week_operator.py for tasks to queue
[2025-07-11T09:33:01.412+0000] {logging_mixin.py:188} INFO - [2025-07-11T09:33:01.412+0000] {dagbag.py:538} INFO - Filling up the DagBag from /home/airflow/.local/lib/python3.8/site-packages/airflow/example_dags/example_branch_day_of_week_operator.py
[2025-07-11T09:33:01.425+0000] {processor.py:840} INFO - DAG(s) 'example_weekday_branch_operator' retrieved from /home/airflow/.local/lib/python3.8/site-packages/airflow/example_dags/example_branch_day_of_week_operator.py
[2025-07-11T09:33:01.459+0000] {logging_mixin.py:188} INFO - [2025-07-11T09:33:01.459+0000] {dag.py:3036} INFO - Sync 1 DAGs
[2025-07-11T09:33:01.498+0000] {logging_mixin.py:188} INFO - [2025-07-11T09:33:01.498+0000] {dag.py:3823} INFO - Setting next_dagrun for example_weekday_branch_operator to 2025-07-10 00:00:00+00:00, run_after=2025-07-11 00:00:00+00:00
[2025-07-11T09:33:01.532+0000] {processor.py:183} INFO - Processing /home/airflow/.local/lib/python3.8/site-packages/airflow/example_dags/example_branch_day_of_week_operator.py took 0.129 seconds
[2025-07-11T09:33:31.621+0000] {processor.py:161} INFO - Started process (PID=660) to work on /home/airflow/.local/lib/python3.8/site-packages/airflow/example_dags/example_branch_day_of_week_operator.py
[2025-07-11T09:33:31.623+0000] {processor.py:830} INFO - Processing file /home/airflow/.local/lib/python3.8/site-packages/airflow/example_dags/example_branch_day_of_week_operator.py for tasks to queue
[2025-07-11T09:33:31.626+0000] {logging_mixin.py:188} INFO - [2025-07-11T09:33:31.625+0000] {dagbag.py:538} INFO - Filling up the DagBag from /home/airflow/.local/lib/python3.8/site-packages/airflow/example_dags/example_branch_day_of_week_operator.py
[2025-07-11T09:33:31.641+0000] {processor.py:840} INFO - DAG(s) 'example_weekday_branch_operator' retrieved from /home/airflow/.local/lib/python3.8/site-packages/airflow/example_dags/example_branch_day_of_week_operator.py
[2025-07-11T09:33:31.670+0000] {logging_mixin.py:188} INFO - [2025-07-11T09:33:31.670+0000] {dag.py:3036} INFO - Sync 1 DAGs
[2025-07-11T09:33:31.705+0000] {logging_mixin.py:188} INFO - [2025-07-11T09:33:31.705+0000] {dag.py:3823} INFO - Setting next_dagrun for example_weekday_branch_operator to 2025-07-10 00:00:00+00:00, run_after=2025-07-11 00:00:00+00:00
[2025-07-11T09:33:31.737+0000] {processor.py:183} INFO - Processing /home/airflow/.local/lib/python3.8/site-packages/airflow/example_dags/example_branch_day_of_week_operator.py took 0.121 seconds
[2025-07-11T09:34:48.918+0000] {processor.py:161} INFO - Started process (PID=111) to work on /home/airflow/.local/lib/python3.8/site-packages/airflow/example_dags/example_branch_day_of_week_operator.py
[2025-07-11T09:34:48.924+0000] {processor.py:830} INFO - Processing file /home/airflow/.local/lib/python3.8/site-packages/airflow/example_dags/example_branch_day_of_week_operator.py for tasks to queue
[2025-07-11T09:34:48.926+0000] {logging_mixin.py:188} INFO - [2025-07-11T09:34:48.925+0000] {dagbag.py:538} INFO - Filling up the DagBag from /home/airflow/.local/lib/python3.8/site-packages/airflow/example_dags/example_branch_day_of_week_operator.py
[2025-07-11T09:34:48.939+0000] {processor.py:840} INFO - DAG(s) 'example_weekday_branch_operator' retrieved from /home/airflow/.local/lib/python3.8/site-packages/airflow/example_dags/example_branch_day_of_week_operator.py
[2025-07-11T09:34:49.145+0000] {logging_mixin.py:188} INFO - [2025-07-11T09:34:49.143+0000] {override.py:1769} INFO - Created Permission View: can edit on DAG:example_weekday_branch_operator
[2025-07-11T09:34:49.172+0000] {logging_mixin.py:188} INFO - [2025-07-11T09:34:49.171+0000] {override.py:1769} INFO - Created Permission View: can delete on DAG:example_weekday_branch_operator
[2025-07-11T09:34:49.186+0000] {logging_mixin.py:188} INFO - [2025-07-11T09:34:49.185+0000] {override.py:1769} INFO - Created Permission View: can read on DAG:example_weekday_branch_operator
[2025-07-11T09:34:49.186+0000] {logging_mixin.py:188} INFO - [2025-07-11T09:34:49.186+0000] {dag.py:3036} INFO - Sync 1 DAGs
[2025-07-11T09:34:49.204+0000] {logging_mixin.py:188} INFO - [2025-07-11T09:34:49.204+0000] {dag.py:3058} INFO - Creating ORM DAG for example_weekday_branch_operator
[2025-07-11T09:34:49.224+0000] {logging_mixin.py:188} INFO - [2025-07-11T09:34:49.224+0000] {dag.py:3823} INFO - Setting next_dagrun for example_weekday_branch_operator to 2025-07-10 00:00:00+00:00, run_after=2025-07-11 00:00:00+00:00
[2025-07-11T09:34:49.255+0000] {processor.py:183} INFO - Processing /home/airflow/.local/lib/python3.8/site-packages/airflow/example_dags/example_branch_day_of_week_operator.py took 0.341 seconds
[2025-07-11T09:35:19.887+0000] {processor.py:161} INFO - Started process (PID=166) to work on /home/airflow/.local/lib/python3.8/site-packages/airflow/example_dags/example_branch_day_of_week_operator.py
[2025-07-11T09:35:19.888+0000] {processor.py:830} INFO - Processing file /home/airflow/.local/lib/python3.8/site-packages/airflow/example_dags/example_branch_day_of_week_operator.py for tasks to queue
[2025-07-11T09:35:19.891+0000] {logging_mixin.py:188} INFO - [2025-07-11T09:35:19.890+0000] {dagbag.py:538} INFO - Filling up the DagBag from /home/airflow/.local/lib/python3.8/site-packages/airflow/example_dags/example_branch_day_of_week_operator.py
[2025-07-11T09:35:19.903+0000] {processor.py:840} INFO - DAG(s) 'example_weekday_branch_operator' retrieved from /home/airflow/.local/lib/python3.8/site-packages/airflow/example_dags/example_branch_day_of_week_operator.py
[2025-07-11T09:35:19.933+0000] {logging_mixin.py:188} INFO - [2025-07-11T09:35:19.932+0000] {dag.py:3036} INFO - Sync 1 DAGs
[2025-07-11T09:35:19.967+0000] {logging_mixin.py:188} INFO - [2025-07-11T09:35:19.967+0000] {dag.py:3823} INFO - Setting next_dagrun for example_weekday_branch_operator to 2025-07-10 00:00:00+00:00, run_after=2025-07-11 00:00:00+00:00
[2025-07-11T09:35:19.997+0000] {processor.py:183} INFO - Processing /home/airflow/.local/lib/python3.8/site-packages/airflow/example_dags/example_branch_day_of_week_operator.py took 0.115 seconds
[2025-07-11T09:35:50.115+0000] {processor.py:161} INFO - Started process (PID=221) to work on /home/airflow/.local/lib/python3.8/site-packages/airflow/example_dags/example_branch_day_of_week_operator.py
[2025-07-11T09:35:50.117+0000] {processor.py:830} INFO - Processing file /home/airflow/.local/lib/python3.8/site-packages/airflow/example_dags/example_branch_day_of_week_operator.py for tasks to queue
[2025-07-11T09:35:50.120+0000] {logging_mixin.py:188} INFO - [2025-07-11T09:35:50.119+0000] {dagbag.py:538} INFO - Filling up the DagBag from /home/airflow/.local/lib/python3.8/site-packages/airflow/example_dags/example_branch_day_of_week_operator.py
[2025-07-11T09:35:50.130+0000] {processor.py:840} INFO - DAG(s) 'example_weekday_branch_operator' retrieved from /home/airflow/.local/lib/python3.8/site-packages/airflow/example_dags/example_branch_day_of_week_operator.py
[2025-07-11T09:35:50.160+0000] {logging_mixin.py:188} INFO - [2025-07-11T09:35:50.159+0000] {dag.py:3036} INFO - Sync 1 DAGs
[2025-07-11T09:35:50.197+0000] {logging_mixin.py:188} INFO - [2025-07-11T09:35:50.196+0000] {dag.py:3823} INFO - Setting next_dagrun for example_weekday_branch_operator to 2025-07-10 00:00:00+00:00, run_after=2025-07-11 00:00:00+00:00
[2025-07-11T09:35:50.228+0000] {processor.py:183} INFO - Processing /home/airflow/.local/lib/python3.8/site-packages/airflow/example_dags/example_branch_day_of_week_operator.py took 0.117 seconds
[2025-07-11T09:36:20.408+0000] {processor.py:161} INFO - Started process (PID=276) to work on /home/airflow/.local/lib/python3.8/site-packages/airflow/example_dags/example_branch_day_of_week_operator.py
[2025-07-11T09:36:20.409+0000] {processor.py:830} INFO - Processing file /home/airflow/.local/lib/python3.8/site-packages/airflow/example_dags/example_branch_day_of_week_operator.py for tasks to queue
[2025-07-11T09:36:20.412+0000] {logging_mixin.py:188} INFO - [2025-07-11T09:36:20.411+0000] {dagbag.py:538} INFO - Filling up the DagBag from /home/airflow/.local/lib/python3.8/site-packages/airflow/example_dags/example_branch_day_of_week_operator.py
[2025-07-11T09:36:20.425+0000] {processor.py:840} INFO - DAG(s) 'example_weekday_branch_operator' retrieved from /home/airflow/.local/lib/python3.8/site-packages/airflow/example_dags/example_branch_day_of_week_operator.py
[2025-07-11T09:36:20.455+0000] {logging_mixin.py:188} INFO - [2025-07-11T09:36:20.455+0000] {dag.py:3036} INFO - Sync 1 DAGs
[2025-07-11T09:36:20.488+0000] {logging_mixin.py:188} INFO - [2025-07-11T09:36:20.487+0000] {dag.py:3823} INFO - Setting next_dagrun for example_weekday_branch_operator to 2025-07-10 00:00:00+00:00, run_after=2025-07-11 00:00:00+00:00
[2025-07-11T09:36:20.515+0000] {processor.py:183} INFO - Processing /home/airflow/.local/lib/python3.8/site-packages/airflow/example_dags/example_branch_day_of_week_operator.py took 0.112 seconds
[2025-07-11T09:36:50.733+0000] {processor.py:161} INFO - Started process (PID=331) to work on /home/airflow/.local/lib/python3.8/site-packages/airflow/example_dags/example_branch_day_of_week_operator.py
[2025-07-11T09:36:50.735+0000] {processor.py:830} INFO - Processing file /home/airflow/.local/lib/python3.8/site-packages/airflow/example_dags/example_branch_day_of_week_operator.py for tasks to queue
[2025-07-11T09:36:50.737+0000] {logging_mixin.py:188} INFO - [2025-07-11T09:36:50.737+0000] {dagbag.py:538} INFO - Filling up the DagBag from /home/airflow/.local/lib/python3.8/site-packages/airflow/example_dags/example_branch_day_of_week_operator.py
[2025-07-11T09:36:50.747+0000] {processor.py:840} INFO - DAG(s) 'example_weekday_branch_operator' retrieved from /home/airflow/.local/lib/python3.8/site-packages/airflow/example_dags/example_branch_day_of_week_operator.py
[2025-07-11T09:36:50.776+0000] {logging_mixin.py:188} INFO - [2025-07-11T09:36:50.775+0000] {dag.py:3036} INFO - Sync 1 DAGs
[2025-07-11T09:36:50.808+0000] {logging_mixin.py:188} INFO - [2025-07-11T09:36:50.808+0000] {dag.py:3823} INFO - Setting next_dagrun for example_weekday_branch_operator to 2025-07-10 00:00:00+00:00, run_after=2025-07-11 00:00:00+00:00
[2025-07-11T09:36:50.836+0000] {processor.py:183} INFO - Processing /home/airflow/.local/lib/python3.8/site-packages/airflow/example_dags/example_branch_day_of_week_operator.py took 0.108 seconds
[2025-07-11T09:37:21.330+0000] {processor.py:161} INFO - Started process (PID=386) to work on /home/airflow/.local/lib/python3.8/site-packages/airflow/example_dags/example_branch_day_of_week_operator.py
[2025-07-11T09:37:21.331+0000] {processor.py:830} INFO - Processing file /home/airflow/.local/lib/python3.8/site-packages/airflow/example_dags/example_branch_day_of_week_operator.py for tasks to queue
[2025-07-11T09:37:21.334+0000] {logging_mixin.py:188} INFO - [2025-07-11T09:37:21.333+0000] {dagbag.py:538} INFO - Filling up the DagBag from /home/airflow/.local/lib/python3.8/site-packages/airflow/example_dags/example_branch_day_of_week_operator.py
[2025-07-11T09:37:21.344+0000] {processor.py:840} INFO - DAG(s) 'example_weekday_branch_operator' retrieved from /home/airflow/.local/lib/python3.8/site-packages/airflow/example_dags/example_branch_day_of_week_operator.py
[2025-07-11T09:37:21.372+0000] {logging_mixin.py:188} INFO - [2025-07-11T09:37:21.372+0000] {dag.py:3036} INFO - Sync 1 DAGs
[2025-07-11T09:37:21.408+0000] {logging_mixin.py:188} INFO - [2025-07-11T09:37:21.408+0000] {dag.py:3823} INFO - Setting next_dagrun for example_weekday_branch_operator to 2025-07-10 00:00:00+00:00, run_after=2025-07-11 00:00:00+00:00
[2025-07-11T09:37:21.437+0000] {processor.py:183} INFO - Processing /home/airflow/.local/lib/python3.8/site-packages/airflow/example_dags/example_branch_day_of_week_operator.py took 0.112 seconds
[2025-07-11T09:37:52.240+0000] {processor.py:161} INFO - Started process (PID=441) to work on /home/airflow/.local/lib/python3.8/site-packages/airflow/example_dags/example_branch_day_of_week_operator.py
[2025-07-11T09:37:52.242+0000] {processor.py:830} INFO - Processing file /home/airflow/.local/lib/python3.8/site-packages/airflow/example_dags/example_branch_day_of_week_operator.py for tasks to queue
[2025-07-11T09:37:52.244+0000] {logging_mixin.py:188} INFO - [2025-07-11T09:37:52.244+0000] {dagbag.py:538} INFO - Filling up the DagBag from /home/airflow/.local/lib/python3.8/site-packages/airflow/example_dags/example_branch_day_of_week_operator.py
[2025-07-11T09:37:52.259+0000] {processor.py:840} INFO - DAG(s) 'example_weekday_branch_operator' retrieved from /home/airflow/.local/lib/python3.8/site-packages/airflow/example_dags/example_branch_day_of_week_operator.py
[2025-07-11T09:37:52.287+0000] {logging_mixin.py:188} INFO - [2025-07-11T09:37:52.287+0000] {dag.py:3036} INFO - Sync 1 DAGs
[2025-07-11T09:37:52.321+0000] {logging_mixin.py:188} INFO - [2025-07-11T09:37:52.321+0000] {dag.py:3823} INFO - Setting next_dagrun for example_weekday_branch_operator to 2025-07-10 00:00:00+00:00, run_after=2025-07-11 00:00:00+00:00
[2025-07-11T09:37:52.352+0000] {processor.py:183} INFO - Processing /home/airflow/.local/lib/python3.8/site-packages/airflow/example_dags/example_branch_day_of_week_operator.py took 0.116 seconds
[2025-07-11T09:38:22.741+0000] {processor.py:161} INFO - Started process (PID=496) to work on /home/airflow/.local/lib/python3.8/site-packages/airflow/example_dags/example_branch_day_of_week_operator.py
[2025-07-11T09:38:22.743+0000] {processor.py:830} INFO - Processing file /home/airflow/.local/lib/python3.8/site-packages/airflow/example_dags/example_branch_day_of_week_operator.py for tasks to queue
[2025-07-11T09:38:22.746+0000] {logging_mixin.py:188} INFO - [2025-07-11T09:38:22.746+0000] {dagbag.py:538} INFO - Filling up the DagBag from /home/airflow/.local/lib/python3.8/site-packages/airflow/example_dags/example_branch_day_of_week_operator.py
[2025-07-11T09:38:22.758+0000] {processor.py:840} INFO - DAG(s) 'example_weekday_branch_operator' retrieved from /home/airflow/.local/lib/python3.8/site-packages/airflow/example_dags/example_branch_day_of_week_operator.py
[2025-07-11T09:38:22.787+0000] {logging_mixin.py:188} INFO - [2025-07-11T09:38:22.787+0000] {dag.py:3036} INFO - Sync 1 DAGs
[2025-07-11T09:38:22.824+0000] {logging_mixin.py:188} INFO - [2025-07-11T09:38:22.823+0000] {dag.py:3823} INFO - Setting next_dagrun for example_weekday_branch_operator to 2025-07-10 00:00:00+00:00, run_after=2025-07-11 00:00:00+00:00
[2025-07-11T09:38:22.855+0000] {processor.py:183} INFO - Processing /home/airflow/.local/lib/python3.8/site-packages/airflow/example_dags/example_branch_day_of_week_operator.py took 0.118 seconds
[2025-07-11T09:38:53.241+0000] {processor.py:161} INFO - Started process (PID=551) to work on /home/airflow/.local/lib/python3.8/site-packages/airflow/example_dags/example_branch_day_of_week_operator.py
[2025-07-11T09:38:53.243+0000] {processor.py:830} INFO - Processing file /home/airflow/.local/lib/python3.8/site-packages/airflow/example_dags/example_branch_day_of_week_operator.py for tasks to queue
[2025-07-11T09:38:53.246+0000] {logging_mixin.py:188} INFO - [2025-07-11T09:38:53.245+0000] {dagbag.py:538} INFO - Filling up the DagBag from /home/airflow/.local/lib/python3.8/site-packages/airflow/example_dags/example_branch_day_of_week_operator.py
[2025-07-11T09:38:53.257+0000] {processor.py:840} INFO - DAG(s) 'example_weekday_branch_operator' retrieved from /home/airflow/.local/lib/python3.8/site-packages/airflow/example_dags/example_branch_day_of_week_operator.py
[2025-07-11T09:38:53.287+0000] {logging_mixin.py:188} INFO - [2025-07-11T09:38:53.287+0000] {dag.py:3036} INFO - Sync 1 DAGs
[2025-07-11T09:38:53.321+0000] {logging_mixin.py:188} INFO - [2025-07-11T09:38:53.321+0000] {dag.py:3823} INFO - Setting next_dagrun for example_weekday_branch_operator to 2025-07-10 00:00:00+00:00, run_after=2025-07-11 00:00:00+00:00
[2025-07-11T09:38:53.355+0000] {processor.py:183} INFO - Processing /home/airflow/.local/lib/python3.8/site-packages/airflow/example_dags/example_branch_day_of_week_operator.py took 0.118 seconds
[2025-07-11T09:39:23.526+0000] {processor.py:161} INFO - Started process (PID=607) to work on /home/airflow/.local/lib/python3.8/site-packages/airflow/example_dags/example_branch_day_of_week_operator.py
[2025-07-11T09:39:23.528+0000] {processor.py:830} INFO - Processing file /home/airflow/.local/lib/python3.8/site-packages/airflow/example_dags/example_branch_day_of_week_operator.py for tasks to queue
[2025-07-11T09:39:23.531+0000] {logging_mixin.py:188} INFO - [2025-07-11T09:39:23.530+0000] {dagbag.py:538} INFO - Filling up the DagBag from /home/airflow/.local/lib/python3.8/site-packages/airflow/example_dags/example_branch_day_of_week_operator.py
[2025-07-11T09:39:23.542+0000] {processor.py:840} INFO - DAG(s) 'example_weekday_branch_operator' retrieved from /home/airflow/.local/lib/python3.8/site-packages/airflow/example_dags/example_branch_day_of_week_operator.py
[2025-07-11T09:39:23.574+0000] {logging_mixin.py:188} INFO - [2025-07-11T09:39:23.573+0000] {dag.py:3036} INFO - Sync 1 DAGs
[2025-07-11T09:39:23.613+0000] {logging_mixin.py:188} INFO - [2025-07-11T09:39:23.613+0000] {dag.py:3823} INFO - Setting next_dagrun for example_weekday_branch_operator to 2025-07-10 00:00:00+00:00, run_after=2025-07-11 00:00:00+00:00
[2025-07-11T09:39:23.646+0000] {processor.py:183} INFO - Processing /home/airflow/.local/lib/python3.8/site-packages/airflow/example_dags/example_branch_day_of_week_operator.py took 0.125 seconds
[2025-07-11T09:39:53.964+0000] {processor.py:161} INFO - Started process (PID=662) to work on /home/airflow/.local/lib/python3.8/site-packages/airflow/example_dags/example_branch_day_of_week_operator.py
[2025-07-11T09:39:53.966+0000] {processor.py:830} INFO - Processing file /home/airflow/.local/lib/python3.8/site-packages/airflow/example_dags/example_branch_day_of_week_operator.py for tasks to queue
[2025-07-11T09:39:53.970+0000] {logging_mixin.py:188} INFO - [2025-07-11T09:39:53.969+0000] {dagbag.py:538} INFO - Filling up the DagBag from /home/airflow/.local/lib/python3.8/site-packages/airflow/example_dags/example_branch_day_of_week_operator.py
[2025-07-11T09:39:53.981+0000] {processor.py:840} INFO - DAG(s) 'example_weekday_branch_operator' retrieved from /home/airflow/.local/lib/python3.8/site-packages/airflow/example_dags/example_branch_day_of_week_operator.py
[2025-07-11T09:39:54.012+0000] {logging_mixin.py:188} INFO - [2025-07-11T09:39:54.012+0000] {dag.py:3036} INFO - Sync 1 DAGs
[2025-07-11T09:39:54.054+0000] {logging_mixin.py:188} INFO - [2025-07-11T09:39:54.054+0000] {dag.py:3823} INFO - Setting next_dagrun for example_weekday_branch_operator to 2025-07-10 00:00:00+00:00, run_after=2025-07-11 00:00:00+00:00
[2025-07-11T09:39:54.085+0000] {processor.py:183} INFO - Processing /home/airflow/.local/lib/python3.8/site-packages/airflow/example_dags/example_branch_day_of_week_operator.py took 0.126 seconds
[2025-07-11T09:40:24.385+0000] {processor.py:161} INFO - Started process (PID=717) to work on /home/airflow/.local/lib/python3.8/site-packages/airflow/example_dags/example_branch_day_of_week_operator.py
[2025-07-11T09:40:24.387+0000] {processor.py:830} INFO - Processing file /home/airflow/.local/lib/python3.8/site-packages/airflow/example_dags/example_branch_day_of_week_operator.py for tasks to queue
[2025-07-11T09:40:24.390+0000] {logging_mixin.py:188} INFO - [2025-07-11T09:40:24.390+0000] {dagbag.py:538} INFO - Filling up the DagBag from /home/airflow/.local/lib/python3.8/site-packages/airflow/example_dags/example_branch_day_of_week_operator.py
[2025-07-11T09:40:24.404+0000] {processor.py:840} INFO - DAG(s) 'example_weekday_branch_operator' retrieved from /home/airflow/.local/lib/python3.8/site-packages/airflow/example_dags/example_branch_day_of_week_operator.py
[2025-07-11T09:40:24.436+0000] {logging_mixin.py:188} INFO - [2025-07-11T09:40:24.436+0000] {dag.py:3036} INFO - Sync 1 DAGs
[2025-07-11T09:40:24.474+0000] {logging_mixin.py:188} INFO - [2025-07-11T09:40:24.474+0000] {dag.py:3823} INFO - Setting next_dagrun for example_weekday_branch_operator to 2025-07-10 00:00:00+00:00, run_after=2025-07-11 00:00:00+00:00
[2025-07-11T09:40:24.506+0000] {processor.py:183} INFO - Processing /home/airflow/.local/lib/python3.8/site-packages/airflow/example_dags/example_branch_day_of_week_operator.py took 0.126 seconds
[2025-07-11T09:40:54.780+0000] {processor.py:161} INFO - Started process (PID=772) to work on /home/airflow/.local/lib/python3.8/site-packages/airflow/example_dags/example_branch_day_of_week_operator.py
[2025-07-11T09:40:54.781+0000] {processor.py:830} INFO - Processing file /home/airflow/.local/lib/python3.8/site-packages/airflow/example_dags/example_branch_day_of_week_operator.py for tasks to queue
[2025-07-11T09:40:54.784+0000] {logging_mixin.py:188} INFO - [2025-07-11T09:40:54.783+0000] {dagbag.py:538} INFO - Filling up the DagBag from /home/airflow/.local/lib/python3.8/site-packages/airflow/example_dags/example_branch_day_of_week_operator.py
[2025-07-11T09:40:54.797+0000] {processor.py:840} INFO - DAG(s) 'example_weekday_branch_operator' retrieved from /home/airflow/.local/lib/python3.8/site-packages/airflow/example_dags/example_branch_day_of_week_operator.py
[2025-07-11T09:40:54.841+0000] {logging_mixin.py:188} INFO - [2025-07-11T09:40:54.840+0000] {dag.py:3036} INFO - Sync 1 DAGs
[2025-07-11T09:40:54.879+0000] {logging_mixin.py:188} INFO - [2025-07-11T09:40:54.879+0000] {dag.py:3823} INFO - Setting next_dagrun for example_weekday_branch_operator to 2025-07-10 00:00:00+00:00, run_after=2025-07-11 00:00:00+00:00
[2025-07-11T09:40:54.913+0000] {processor.py:183} INFO - Processing /home/airflow/.local/lib/python3.8/site-packages/airflow/example_dags/example_branch_day_of_week_operator.py took 0.139 seconds
[2025-07-11T09:41:25.251+0000] {processor.py:161} INFO - Started process (PID=827) to work on /home/airflow/.local/lib/python3.8/site-packages/airflow/example_dags/example_branch_day_of_week_operator.py
[2025-07-11T09:41:25.253+0000] {processor.py:830} INFO - Processing file /home/airflow/.local/lib/python3.8/site-packages/airflow/example_dags/example_branch_day_of_week_operator.py for tasks to queue
[2025-07-11T09:41:25.257+0000] {logging_mixin.py:188} INFO - [2025-07-11T09:41:25.256+0000] {dagbag.py:538} INFO - Filling up the DagBag from /home/airflow/.local/lib/python3.8/site-packages/airflow/example_dags/example_branch_day_of_week_operator.py
[2025-07-11T09:41:25.270+0000] {processor.py:840} INFO - DAG(s) 'example_weekday_branch_operator' retrieved from /home/airflow/.local/lib/python3.8/site-packages/airflow/example_dags/example_branch_day_of_week_operator.py
[2025-07-11T09:41:25.301+0000] {logging_mixin.py:188} INFO - [2025-07-11T09:41:25.301+0000] {dag.py:3036} INFO - Sync 1 DAGs
[2025-07-11T09:41:25.338+0000] {logging_mixin.py:188} INFO - [2025-07-11T09:41:25.337+0000] {dag.py:3823} INFO - Setting next_dagrun for example_weekday_branch_operator to 2025-07-10 00:00:00+00:00, run_after=2025-07-11 00:00:00+00:00
[2025-07-11T09:41:25.370+0000] {processor.py:183} INFO - Processing /home/airflow/.local/lib/python3.8/site-packages/airflow/example_dags/example_branch_day_of_week_operator.py took 0.124 seconds
[2025-07-11T09:41:55.591+0000] {processor.py:161} INFO - Started process (PID=882) to work on /home/airflow/.local/lib/python3.8/site-packages/airflow/example_dags/example_branch_day_of_week_operator.py
[2025-07-11T09:41:55.593+0000] {processor.py:830} INFO - Processing file /home/airflow/.local/lib/python3.8/site-packages/airflow/example_dags/example_branch_day_of_week_operator.py for tasks to queue
[2025-07-11T09:41:55.595+0000] {logging_mixin.py:188} INFO - [2025-07-11T09:41:55.595+0000] {dagbag.py:538} INFO - Filling up the DagBag from /home/airflow/.local/lib/python3.8/site-packages/airflow/example_dags/example_branch_day_of_week_operator.py
[2025-07-11T09:41:55.606+0000] {processor.py:840} INFO - DAG(s) 'example_weekday_branch_operator' retrieved from /home/airflow/.local/lib/python3.8/site-packages/airflow/example_dags/example_branch_day_of_week_operator.py
[2025-07-11T09:41:55.637+0000] {logging_mixin.py:188} INFO - [2025-07-11T09:41:55.637+0000] {dag.py:3036} INFO - Sync 1 DAGs
[2025-07-11T09:41:55.671+0000] {logging_mixin.py:188} INFO - [2025-07-11T09:41:55.670+0000] {dag.py:3823} INFO - Setting next_dagrun for example_weekday_branch_operator to 2025-07-10 00:00:00+00:00, run_after=2025-07-11 00:00:00+00:00
[2025-07-11T09:41:55.704+0000] {processor.py:183} INFO - Processing /home/airflow/.local/lib/python3.8/site-packages/airflow/example_dags/example_branch_day_of_week_operator.py took 0.117 seconds
[2025-07-11T09:42:25.950+0000] {processor.py:161} INFO - Started process (PID=937) to work on /home/airflow/.local/lib/python3.8/site-packages/airflow/example_dags/example_branch_day_of_week_operator.py
[2025-07-11T09:42:25.952+0000] {processor.py:830} INFO - Processing file /home/airflow/.local/lib/python3.8/site-packages/airflow/example_dags/example_branch_day_of_week_operator.py for tasks to queue
[2025-07-11T09:42:25.955+0000] {logging_mixin.py:188} INFO - [2025-07-11T09:42:25.954+0000] {dagbag.py:538} INFO - Filling up the DagBag from /home/airflow/.local/lib/python3.8/site-packages/airflow/example_dags/example_branch_day_of_week_operator.py
[2025-07-11T09:42:25.969+0000] {processor.py:840} INFO - DAG(s) 'example_weekday_branch_operator' retrieved from /home/airflow/.local/lib/python3.8/site-packages/airflow/example_dags/example_branch_day_of_week_operator.py
[2025-07-11T09:42:25.999+0000] {logging_mixin.py:188} INFO - [2025-07-11T09:42:25.998+0000] {dag.py:3036} INFO - Sync 1 DAGs
[2025-07-11T09:42:26.035+0000] {logging_mixin.py:188} INFO - [2025-07-11T09:42:26.034+0000] {dag.py:3823} INFO - Setting next_dagrun for example_weekday_branch_operator to 2025-07-10 00:00:00+00:00, run_after=2025-07-11 00:00:00+00:00
[2025-07-11T09:42:26.066+0000] {processor.py:183} INFO - Processing /home/airflow/.local/lib/python3.8/site-packages/airflow/example_dags/example_branch_day_of_week_operator.py took 0.120 seconds
[2025-07-11T09:42:56.310+0000] {processor.py:161} INFO - Started process (PID=992) to work on /home/airflow/.local/lib/python3.8/site-packages/airflow/example_dags/example_branch_day_of_week_operator.py
[2025-07-11T09:42:56.312+0000] {processor.py:830} INFO - Processing file /home/airflow/.local/lib/python3.8/site-packages/airflow/example_dags/example_branch_day_of_week_operator.py for tasks to queue
[2025-07-11T09:42:56.314+0000] {logging_mixin.py:188} INFO - [2025-07-11T09:42:56.314+0000] {dagbag.py:538} INFO - Filling up the DagBag from /home/airflow/.local/lib/python3.8/site-packages/airflow/example_dags/example_branch_day_of_week_operator.py
[2025-07-11T09:42:56.327+0000] {processor.py:840} INFO - DAG(s) 'example_weekday_branch_operator' retrieved from /home/airflow/.local/lib/python3.8/site-packages/airflow/example_dags/example_branch_day_of_week_operator.py
[2025-07-11T09:42:56.360+0000] {logging_mixin.py:188} INFO - [2025-07-11T09:42:56.360+0000] {dag.py:3036} INFO - Sync 1 DAGs
[2025-07-11T09:42:56.409+0000] {logging_mixin.py:188} INFO - [2025-07-11T09:42:56.409+0000] {dag.py:3823} INFO - Setting next_dagrun for example_weekday_branch_operator to 2025-07-10 00:00:00+00:00, run_after=2025-07-11 00:00:00+00:00
[2025-07-11T09:42:56.456+0000] {processor.py:183} INFO - Processing /home/airflow/.local/lib/python3.8/site-packages/airflow/example_dags/example_branch_day_of_week_operator.py took 0.151 seconds
[2025-07-11T09:43:26.818+0000] {processor.py:161} INFO - Started process (PID=1047) to work on /home/airflow/.local/lib/python3.8/site-packages/airflow/example_dags/example_branch_day_of_week_operator.py
[2025-07-11T09:43:26.821+0000] {processor.py:830} INFO - Processing file /home/airflow/.local/lib/python3.8/site-packages/airflow/example_dags/example_branch_day_of_week_operator.py for tasks to queue
[2025-07-11T09:43:26.824+0000] {logging_mixin.py:188} INFO - [2025-07-11T09:43:26.823+0000] {dagbag.py:538} INFO - Filling up the DagBag from /home/airflow/.local/lib/python3.8/site-packages/airflow/example_dags/example_branch_day_of_week_operator.py
[2025-07-11T09:43:26.835+0000] {processor.py:840} INFO - DAG(s) 'example_weekday_branch_operator' retrieved from /home/airflow/.local/lib/python3.8/site-packages/airflow/example_dags/example_branch_day_of_week_operator.py
[2025-07-11T09:43:26.865+0000] {logging_mixin.py:188} INFO - [2025-07-11T09:43:26.864+0000] {dag.py:3036} INFO - Sync 1 DAGs
[2025-07-11T09:43:26.902+0000] {logging_mixin.py:188} INFO - [2025-07-11T09:43:26.901+0000] {dag.py:3823} INFO - Setting next_dagrun for example_weekday_branch_operator to 2025-07-10 00:00:00+00:00, run_after=2025-07-11 00:00:00+00:00
[2025-07-11T09:43:26.935+0000] {processor.py:183} INFO - Processing /home/airflow/.local/lib/python3.8/site-packages/airflow/example_dags/example_branch_day_of_week_operator.py took 0.122 seconds
[2025-07-11T09:43:57.122+0000] {processor.py:161} INFO - Started process (PID=1102) to work on /home/airflow/.local/lib/python3.8/site-packages/airflow/example_dags/example_branch_day_of_week_operator.py
[2025-07-11T09:43:57.124+0000] {processor.py:830} INFO - Processing file /home/airflow/.local/lib/python3.8/site-packages/airflow/example_dags/example_branch_day_of_week_operator.py for tasks to queue
[2025-07-11T09:43:57.127+0000] {logging_mixin.py:188} INFO - [2025-07-11T09:43:57.126+0000] {dagbag.py:538} INFO - Filling up the DagBag from /home/airflow/.local/lib/python3.8/site-packages/airflow/example_dags/example_branch_day_of_week_operator.py
[2025-07-11T09:43:57.137+0000] {processor.py:840} INFO - DAG(s) 'example_weekday_branch_operator' retrieved from /home/airflow/.local/lib/python3.8/site-packages/airflow/example_dags/example_branch_day_of_week_operator.py
[2025-07-11T09:43:57.165+0000] {logging_mixin.py:188} INFO - [2025-07-11T09:43:57.164+0000] {dag.py:3036} INFO - Sync 1 DAGs
[2025-07-11T09:43:57.196+0000] {logging_mixin.py:188} INFO - [2025-07-11T09:43:57.196+0000] {dag.py:3823} INFO - Setting next_dagrun for example_weekday_branch_operator to 2025-07-10 00:00:00+00:00, run_after=2025-07-11 00:00:00+00:00
[2025-07-11T09:43:57.228+0000] {processor.py:183} INFO - Processing /home/airflow/.local/lib/python3.8/site-packages/airflow/example_dags/example_branch_day_of_week_operator.py took 0.110 seconds
[2025-07-11T09:44:27.603+0000] {processor.py:161} INFO - Started process (PID=1158) to work on /home/airflow/.local/lib/python3.8/site-packages/airflow/example_dags/example_branch_day_of_week_operator.py
[2025-07-11T09:44:27.604+0000] {processor.py:830} INFO - Processing file /home/airflow/.local/lib/python3.8/site-packages/airflow/example_dags/example_branch_day_of_week_operator.py for tasks to queue
[2025-07-11T09:44:27.606+0000] {logging_mixin.py:188} INFO - [2025-07-11T09:44:27.606+0000] {dagbag.py:538} INFO - Filling up the DagBag from /home/airflow/.local/lib/python3.8/site-packages/airflow/example_dags/example_branch_day_of_week_operator.py
[2025-07-11T09:44:27.617+0000] {processor.py:840} INFO - DAG(s) 'example_weekday_branch_operator' retrieved from /home/airflow/.local/lib/python3.8/site-packages/airflow/example_dags/example_branch_day_of_week_operator.py
[2025-07-11T09:44:27.645+0000] {logging_mixin.py:188} INFO - [2025-07-11T09:44:27.645+0000] {dag.py:3036} INFO - Sync 1 DAGs
[2025-07-11T09:44:27.677+0000] {logging_mixin.py:188} INFO - [2025-07-11T09:44:27.676+0000] {dag.py:3823} INFO - Setting next_dagrun for example_weekday_branch_operator to 2025-07-10 00:00:00+00:00, run_after=2025-07-11 00:00:00+00:00
[2025-07-11T09:44:27.707+0000] {processor.py:183} INFO - Processing /home/airflow/.local/lib/python3.8/site-packages/airflow/example_dags/example_branch_day_of_week_operator.py took 0.109 seconds
[2025-07-11T09:44:58.166+0000] {processor.py:161} INFO - Started process (PID=1213) to work on /home/airflow/.local/lib/python3.8/site-packages/airflow/example_dags/example_branch_day_of_week_operator.py
[2025-07-11T09:44:58.167+0000] {processor.py:830} INFO - Processing file /home/airflow/.local/lib/python3.8/site-packages/airflow/example_dags/example_branch_day_of_week_operator.py for tasks to queue
[2025-07-11T09:44:58.170+0000] {logging_mixin.py:188} INFO - [2025-07-11T09:44:58.169+0000] {dagbag.py:538} INFO - Filling up the DagBag from /home/airflow/.local/lib/python3.8/site-packages/airflow/example_dags/example_branch_day_of_week_operator.py
[2025-07-11T09:44:58.180+0000] {processor.py:840} INFO - DAG(s) 'example_weekday_branch_operator' retrieved from /home/airflow/.local/lib/python3.8/site-packages/airflow/example_dags/example_branch_day_of_week_operator.py
[2025-07-11T09:44:58.208+0000] {logging_mixin.py:188} INFO - [2025-07-11T09:44:58.208+0000] {dag.py:3036} INFO - Sync 1 DAGs
[2025-07-11T09:44:58.238+0000] {logging_mixin.py:188} INFO - [2025-07-11T09:44:58.238+0000] {dag.py:3823} INFO - Setting next_dagrun for example_weekday_branch_operator to 2025-07-10 00:00:00+00:00, run_after=2025-07-11 00:00:00+00:00
[2025-07-11T09:44:58.270+0000] {processor.py:183} INFO - Processing /home/airflow/.local/lib/python3.8/site-packages/airflow/example_dags/example_branch_day_of_week_operator.py took 0.108 seconds
[2025-07-11T09:45:28.513+0000] {processor.py:161} INFO - Started process (PID=1268) to work on /home/airflow/.local/lib/python3.8/site-packages/airflow/example_dags/example_branch_day_of_week_operator.py
[2025-07-11T09:45:28.516+0000] {processor.py:830} INFO - Processing file /home/airflow/.local/lib/python3.8/site-packages/airflow/example_dags/example_branch_day_of_week_operator.py for tasks to queue
[2025-07-11T09:45:28.518+0000] {logging_mixin.py:188} INFO - [2025-07-11T09:45:28.518+0000] {dagbag.py:538} INFO - Filling up the DagBag from /home/airflow/.local/lib/python3.8/site-packages/airflow/example_dags/example_branch_day_of_week_operator.py
[2025-07-11T09:45:28.529+0000] {processor.py:840} INFO - DAG(s) 'example_weekday_branch_operator' retrieved from /home/airflow/.local/lib/python3.8/site-packages/airflow/example_dags/example_branch_day_of_week_operator.py
[2025-07-11T09:45:28.559+0000] {logging_mixin.py:188} INFO - [2025-07-11T09:45:28.558+0000] {dag.py:3036} INFO - Sync 1 DAGs
[2025-07-11T09:45:28.597+0000] {logging_mixin.py:188} INFO - [2025-07-11T09:45:28.597+0000] {dag.py:3823} INFO - Setting next_dagrun for example_weekday_branch_operator to 2025-07-10 00:00:00+00:00, run_after=2025-07-11 00:00:00+00:00
[2025-07-11T09:45:28.630+0000] {processor.py:183} INFO - Processing /home/airflow/.local/lib/python3.8/site-packages/airflow/example_dags/example_branch_day_of_week_operator.py took 0.121 seconds
[2025-07-11T09:45:58.810+0000] {processor.py:161} INFO - Started process (PID=1323) to work on /home/airflow/.local/lib/python3.8/site-packages/airflow/example_dags/example_branch_day_of_week_operator.py
[2025-07-11T09:45:58.812+0000] {processor.py:830} INFO - Processing file /home/airflow/.local/lib/python3.8/site-packages/airflow/example_dags/example_branch_day_of_week_operator.py for tasks to queue
[2025-07-11T09:45:58.814+0000] {logging_mixin.py:188} INFO - [2025-07-11T09:45:58.814+0000] {dagbag.py:538} INFO - Filling up the DagBag from /home/airflow/.local/lib/python3.8/site-packages/airflow/example_dags/example_branch_day_of_week_operator.py
[2025-07-11T09:45:58.826+0000] {processor.py:840} INFO - DAG(s) 'example_weekday_branch_operator' retrieved from /home/airflow/.local/lib/python3.8/site-packages/airflow/example_dags/example_branch_day_of_week_operator.py
[2025-07-11T09:45:58.854+0000] {logging_mixin.py:188} INFO - [2025-07-11T09:45:58.854+0000] {dag.py:3036} INFO - Sync 1 DAGs
[2025-07-11T09:45:58.888+0000] {logging_mixin.py:188} INFO - [2025-07-11T09:45:58.888+0000] {dag.py:3823} INFO - Setting next_dagrun for example_weekday_branch_operator to 2025-07-10 00:00:00+00:00, run_after=2025-07-11 00:00:00+00:00
[2025-07-11T09:45:58.918+0000] {processor.py:183} INFO - Processing /home/airflow/.local/lib/python3.8/site-packages/airflow/example_dags/example_branch_day_of_week_operator.py took 0.113 seconds
[2025-07-11T09:46:29.249+0000] {processor.py:161} INFO - Started process (PID=1378) to work on /home/airflow/.local/lib/python3.8/site-packages/airflow/example_dags/example_branch_day_of_week_operator.py
[2025-07-11T09:46:29.251+0000] {processor.py:830} INFO - Processing file /home/airflow/.local/lib/python3.8/site-packages/airflow/example_dags/example_branch_day_of_week_operator.py for tasks to queue
[2025-07-11T09:46:29.253+0000] {logging_mixin.py:188} INFO - [2025-07-11T09:46:29.253+0000] {dagbag.py:538} INFO - Filling up the DagBag from /home/airflow/.local/lib/python3.8/site-packages/airflow/example_dags/example_branch_day_of_week_operator.py
[2025-07-11T09:46:29.265+0000] {processor.py:840} INFO - DAG(s) 'example_weekday_branch_operator' retrieved from /home/airflow/.local/lib/python3.8/site-packages/airflow/example_dags/example_branch_day_of_week_operator.py
[2025-07-11T09:46:29.295+0000] {logging_mixin.py:188} INFO - [2025-07-11T09:46:29.294+0000] {dag.py:3036} INFO - Sync 1 DAGs
[2025-07-11T09:46:29.328+0000] {logging_mixin.py:188} INFO - [2025-07-11T09:46:29.327+0000] {dag.py:3823} INFO - Setting next_dagrun for example_weekday_branch_operator to 2025-07-10 00:00:00+00:00, run_after=2025-07-11 00:00:00+00:00
[2025-07-11T09:46:29.362+0000] {processor.py:183} INFO - Processing /home/airflow/.local/lib/python3.8/site-packages/airflow/example_dags/example_branch_day_of_week_operator.py took 0.117 seconds
[2025-07-11T09:46:59.744+0000] {processor.py:161} INFO - Started process (PID=1433) to work on /home/airflow/.local/lib/python3.8/site-packages/airflow/example_dags/example_branch_day_of_week_operator.py
[2025-07-11T09:46:59.746+0000] {processor.py:830} INFO - Processing file /home/airflow/.local/lib/python3.8/site-packages/airflow/example_dags/example_branch_day_of_week_operator.py for tasks to queue
[2025-07-11T09:46:59.748+0000] {logging_mixin.py:188} INFO - [2025-07-11T09:46:59.748+0000] {dagbag.py:538} INFO - Filling up the DagBag from /home/airflow/.local/lib/python3.8/site-packages/airflow/example_dags/example_branch_day_of_week_operator.py
[2025-07-11T09:46:59.760+0000] {processor.py:840} INFO - DAG(s) 'example_weekday_branch_operator' retrieved from /home/airflow/.local/lib/python3.8/site-packages/airflow/example_dags/example_branch_day_of_week_operator.py
[2025-07-11T09:46:59.789+0000] {logging_mixin.py:188} INFO - [2025-07-11T09:46:59.789+0000] {dag.py:3036} INFO - Sync 1 DAGs
[2025-07-11T09:46:59.824+0000] {logging_mixin.py:188} INFO - [2025-07-11T09:46:59.824+0000] {dag.py:3823} INFO - Setting next_dagrun for example_weekday_branch_operator to 2025-07-10 00:00:00+00:00, run_after=2025-07-11 00:00:00+00:00
[2025-07-11T09:46:59.854+0000] {processor.py:183} INFO - Processing /home/airflow/.local/lib/python3.8/site-packages/airflow/example_dags/example_branch_day_of_week_operator.py took 0.115 seconds
[2025-07-11T09:47:30.296+0000] {processor.py:161} INFO - Started process (PID=1488) to work on /home/airflow/.local/lib/python3.8/site-packages/airflow/example_dags/example_branch_day_of_week_operator.py
[2025-07-11T09:47:30.298+0000] {processor.py:830} INFO - Processing file /home/airflow/.local/lib/python3.8/site-packages/airflow/example_dags/example_branch_day_of_week_operator.py for tasks to queue
[2025-07-11T09:47:30.300+0000] {logging_mixin.py:188} INFO - [2025-07-11T09:47:30.300+0000] {dagbag.py:538} INFO - Filling up the DagBag from /home/airflow/.local/lib/python3.8/site-packages/airflow/example_dags/example_branch_day_of_week_operator.py
[2025-07-11T09:47:30.310+0000] {processor.py:840} INFO - DAG(s) 'example_weekday_branch_operator' retrieved from /home/airflow/.local/lib/python3.8/site-packages/airflow/example_dags/example_branch_day_of_week_operator.py
[2025-07-11T09:47:30.339+0000] {logging_mixin.py:188} INFO - [2025-07-11T09:47:30.338+0000] {dag.py:3036} INFO - Sync 1 DAGs
[2025-07-11T09:47:30.369+0000] {logging_mixin.py:188} INFO - [2025-07-11T09:47:30.369+0000] {dag.py:3823} INFO - Setting next_dagrun for example_weekday_branch_operator to 2025-07-10 00:00:00+00:00, run_after=2025-07-11 00:00:00+00:00
[2025-07-11T09:47:30.398+0000] {processor.py:183} INFO - Processing /home/airflow/.local/lib/python3.8/site-packages/airflow/example_dags/example_branch_day_of_week_operator.py took 0.106 seconds
[2025-07-11T09:48:01.098+0000] {processor.py:161} INFO - Started process (PID=1543) to work on /home/airflow/.local/lib/python3.8/site-packages/airflow/example_dags/example_branch_day_of_week_operator.py
[2025-07-11T09:48:01.099+0000] {processor.py:830} INFO - Processing file /home/airflow/.local/lib/python3.8/site-packages/airflow/example_dags/example_branch_day_of_week_operator.py for tasks to queue
[2025-07-11T09:48:01.102+0000] {logging_mixin.py:188} INFO - [2025-07-11T09:48:01.102+0000] {dagbag.py:538} INFO - Filling up the DagBag from /home/airflow/.local/lib/python3.8/site-packages/airflow/example_dags/example_branch_day_of_week_operator.py
[2025-07-11T09:48:01.115+0000] {processor.py:840} INFO - DAG(s) 'example_weekday_branch_operator' retrieved from /home/airflow/.local/lib/python3.8/site-packages/airflow/example_dags/example_branch_day_of_week_operator.py
[2025-07-11T09:48:01.150+0000] {logging_mixin.py:188} INFO - [2025-07-11T09:48:01.149+0000] {dag.py:3036} INFO - Sync 1 DAGs
[2025-07-11T09:48:01.194+0000] {logging_mixin.py:188} INFO - [2025-07-11T09:48:01.194+0000] {dag.py:3823} INFO - Setting next_dagrun for example_weekday_branch_operator to 2025-07-10 00:00:00+00:00, run_after=2025-07-11 00:00:00+00:00
[2025-07-11T09:48:01.234+0000] {processor.py:183} INFO - Processing /home/airflow/.local/lib/python3.8/site-packages/airflow/example_dags/example_branch_day_of_week_operator.py took 0.140 seconds
[2025-07-11T09:48:31.616+0000] {processor.py:161} INFO - Started process (PID=1598) to work on /home/airflow/.local/lib/python3.8/site-packages/airflow/example_dags/example_branch_day_of_week_operator.py
[2025-07-11T09:48:31.617+0000] {processor.py:830} INFO - Processing file /home/airflow/.local/lib/python3.8/site-packages/airflow/example_dags/example_branch_day_of_week_operator.py for tasks to queue
[2025-07-11T09:48:31.619+0000] {logging_mixin.py:188} INFO - [2025-07-11T09:48:31.619+0000] {dagbag.py:538} INFO - Filling up the DagBag from /home/airflow/.local/lib/python3.8/site-packages/airflow/example_dags/example_branch_day_of_week_operator.py
[2025-07-11T09:48:31.630+0000] {processor.py:840} INFO - DAG(s) 'example_weekday_branch_operator' retrieved from /home/airflow/.local/lib/python3.8/site-packages/airflow/example_dags/example_branch_day_of_week_operator.py
[2025-07-11T09:48:31.659+0000] {logging_mixin.py:188} INFO - [2025-07-11T09:48:31.658+0000] {dag.py:3036} INFO - Sync 1 DAGs
[2025-07-11T09:48:31.698+0000] {logging_mixin.py:188} INFO - [2025-07-11T09:48:31.698+0000] {dag.py:3823} INFO - Setting next_dagrun for example_weekday_branch_operator to 2025-07-10 00:00:00+00:00, run_after=2025-07-11 00:00:00+00:00
[2025-07-11T09:48:31.730+0000] {processor.py:183} INFO - Processing /home/airflow/.local/lib/python3.8/site-packages/airflow/example_dags/example_branch_day_of_week_operator.py took 0.118 seconds
[2025-07-11T09:49:02.055+0000] {processor.py:161} INFO - Started process (PID=1653) to work on /home/airflow/.local/lib/python3.8/site-packages/airflow/example_dags/example_branch_day_of_week_operator.py
[2025-07-11T09:49:02.057+0000] {processor.py:830} INFO - Processing file /home/airflow/.local/lib/python3.8/site-packages/airflow/example_dags/example_branch_day_of_week_operator.py for tasks to queue
[2025-07-11T09:49:02.059+0000] {logging_mixin.py:188} INFO - [2025-07-11T09:49:02.059+0000] {dagbag.py:538} INFO - Filling up the DagBag from /home/airflow/.local/lib/python3.8/site-packages/airflow/example_dags/example_branch_day_of_week_operator.py
[2025-07-11T09:49:02.070+0000] {processor.py:840} INFO - DAG(s) 'example_weekday_branch_operator' retrieved from /home/airflow/.local/lib/python3.8/site-packages/airflow/example_dags/example_branch_day_of_week_operator.py
[2025-07-11T09:49:02.100+0000] {logging_mixin.py:188} INFO - [2025-07-11T09:49:02.099+0000] {dag.py:3036} INFO - Sync 1 DAGs
[2025-07-11T09:49:02.131+0000] {logging_mixin.py:188} INFO - [2025-07-11T09:49:02.131+0000] {dag.py:3823} INFO - Setting next_dagrun for example_weekday_branch_operator to 2025-07-10 00:00:00+00:00, run_after=2025-07-11 00:00:00+00:00
[2025-07-11T09:49:02.162+0000] {processor.py:183} INFO - Processing /home/airflow/.local/lib/python3.8/site-packages/airflow/example_dags/example_branch_day_of_week_operator.py took 0.112 seconds
[2025-07-11T09:49:32.582+0000] {processor.py:161} INFO - Started process (PID=1708) to work on /home/airflow/.local/lib/python3.8/site-packages/airflow/example_dags/example_branch_day_of_week_operator.py
[2025-07-11T09:49:32.584+0000] {processor.py:830} INFO - Processing file /home/airflow/.local/lib/python3.8/site-packages/airflow/example_dags/example_branch_day_of_week_operator.py for tasks to queue
[2025-07-11T09:49:32.586+0000] {logging_mixin.py:188} INFO - [2025-07-11T09:49:32.585+0000] {dagbag.py:538} INFO - Filling up the DagBag from /home/airflow/.local/lib/python3.8/site-packages/airflow/example_dags/example_branch_day_of_week_operator.py
[2025-07-11T09:49:32.597+0000] {processor.py:840} INFO - DAG(s) 'example_weekday_branch_operator' retrieved from /home/airflow/.local/lib/python3.8/site-packages/airflow/example_dags/example_branch_day_of_week_operator.py
[2025-07-11T09:49:32.629+0000] {logging_mixin.py:188} INFO - [2025-07-11T09:49:32.628+0000] {dag.py:3036} INFO - Sync 1 DAGs
[2025-07-11T09:49:32.665+0000] {logging_mixin.py:188} INFO - [2025-07-11T09:49:32.665+0000] {dag.py:3823} INFO - Setting next_dagrun for example_weekday_branch_operator to 2025-07-10 00:00:00+00:00, run_after=2025-07-11 00:00:00+00:00
[2025-07-11T09:49:32.698+0000] {processor.py:183} INFO - Processing /home/airflow/.local/lib/python3.8/site-packages/airflow/example_dags/example_branch_day_of_week_operator.py took 0.121 seconds
[2025-07-11T09:50:03.457+0000] {processor.py:161} INFO - Started process (PID=1763) to work on /home/airflow/.local/lib/python3.8/site-packages/airflow/example_dags/example_branch_day_of_week_operator.py
[2025-07-11T09:50:03.459+0000] {processor.py:830} INFO - Processing file /home/airflow/.local/lib/python3.8/site-packages/airflow/example_dags/example_branch_day_of_week_operator.py for tasks to queue
[2025-07-11T09:50:03.461+0000] {logging_mixin.py:188} INFO - [2025-07-11T09:50:03.461+0000] {dagbag.py:538} INFO - Filling up the DagBag from /home/airflow/.local/lib/python3.8/site-packages/airflow/example_dags/example_branch_day_of_week_operator.py
[2025-07-11T09:50:03.472+0000] {processor.py:840} INFO - DAG(s) 'example_weekday_branch_operator' retrieved from /home/airflow/.local/lib/python3.8/site-packages/airflow/example_dags/example_branch_day_of_week_operator.py
[2025-07-11T09:50:03.501+0000] {logging_mixin.py:188} INFO - [2025-07-11T09:50:03.501+0000] {dag.py:3036} INFO - Sync 1 DAGs
[2025-07-11T09:50:03.534+0000] {logging_mixin.py:188} INFO - [2025-07-11T09:50:03.534+0000] {dag.py:3823} INFO - Setting next_dagrun for example_weekday_branch_operator to 2025-07-10 00:00:00+00:00, run_after=2025-07-11 00:00:00+00:00
[2025-07-11T09:50:03.564+0000] {processor.py:183} INFO - Processing /home/airflow/.local/lib/python3.8/site-packages/airflow/example_dags/example_branch_day_of_week_operator.py took 0.111 seconds
[2025-07-11T09:50:34.338+0000] {processor.py:161} INFO - Started process (PID=1818) to work on /home/airflow/.local/lib/python3.8/site-packages/airflow/example_dags/example_branch_day_of_week_operator.py
[2025-07-11T09:50:34.340+0000] {processor.py:830} INFO - Processing file /home/airflow/.local/lib/python3.8/site-packages/airflow/example_dags/example_branch_day_of_week_operator.py for tasks to queue
[2025-07-11T09:50:34.342+0000] {logging_mixin.py:188} INFO - [2025-07-11T09:50:34.342+0000] {dagbag.py:538} INFO - Filling up the DagBag from /home/airflow/.local/lib/python3.8/site-packages/airflow/example_dags/example_branch_day_of_week_operator.py
[2025-07-11T09:50:34.354+0000] {processor.py:840} INFO - DAG(s) 'example_weekday_branch_operator' retrieved from /home/airflow/.local/lib/python3.8/site-packages/airflow/example_dags/example_branch_day_of_week_operator.py
[2025-07-11T09:50:34.383+0000] {logging_mixin.py:188} INFO - [2025-07-11T09:50:34.383+0000] {dag.py:3036} INFO - Sync 1 DAGs
[2025-07-11T09:50:34.415+0000] {logging_mixin.py:188} INFO - [2025-07-11T09:50:34.415+0000] {dag.py:3823} INFO - Setting next_dagrun for example_weekday_branch_operator to 2025-07-10 00:00:00+00:00, run_after=2025-07-11 00:00:00+00:00
[2025-07-11T09:50:34.444+0000] {processor.py:183} INFO - Processing /home/airflow/.local/lib/python3.8/site-packages/airflow/example_dags/example_branch_day_of_week_operator.py took 0.111 seconds
[2025-07-11T09:51:04.839+0000] {processor.py:161} INFO - Started process (PID=1873) to work on /home/airflow/.local/lib/python3.8/site-packages/airflow/example_dags/example_branch_day_of_week_operator.py
[2025-07-11T09:51:04.841+0000] {processor.py:830} INFO - Processing file /home/airflow/.local/lib/python3.8/site-packages/airflow/example_dags/example_branch_day_of_week_operator.py for tasks to queue
[2025-07-11T09:51:04.843+0000] {logging_mixin.py:188} INFO - [2025-07-11T09:51:04.843+0000] {dagbag.py:538} INFO - Filling up the DagBag from /home/airflow/.local/lib/python3.8/site-packages/airflow/example_dags/example_branch_day_of_week_operator.py
[2025-07-11T09:51:04.858+0000] {processor.py:840} INFO - DAG(s) 'example_weekday_branch_operator' retrieved from /home/airflow/.local/lib/python3.8/site-packages/airflow/example_dags/example_branch_day_of_week_operator.py
[2025-07-11T09:51:04.892+0000] {logging_mixin.py:188} INFO - [2025-07-11T09:51:04.891+0000] {dag.py:3036} INFO - Sync 1 DAGs
[2025-07-11T09:51:04.935+0000] {logging_mixin.py:188} INFO - [2025-07-11T09:51:04.935+0000] {dag.py:3823} INFO - Setting next_dagrun for example_weekday_branch_operator to 2025-07-10 00:00:00+00:00, run_after=2025-07-11 00:00:00+00:00
[2025-07-11T09:51:04.971+0000] {processor.py:183} INFO - Processing /home/airflow/.local/lib/python3.8/site-packages/airflow/example_dags/example_branch_day_of_week_operator.py took 0.137 seconds
[2025-07-11T09:51:35.641+0000] {processor.py:161} INFO - Started process (PID=1928) to work on /home/airflow/.local/lib/python3.8/site-packages/airflow/example_dags/example_branch_day_of_week_operator.py
[2025-07-11T09:51:35.643+0000] {processor.py:830} INFO - Processing file /home/airflow/.local/lib/python3.8/site-packages/airflow/example_dags/example_branch_day_of_week_operator.py for tasks to queue
[2025-07-11T09:51:35.645+0000] {logging_mixin.py:188} INFO - [2025-07-11T09:51:35.645+0000] {dagbag.py:538} INFO - Filling up the DagBag from /home/airflow/.local/lib/python3.8/site-packages/airflow/example_dags/example_branch_day_of_week_operator.py
[2025-07-11T09:51:35.655+0000] {processor.py:840} INFO - DAG(s) 'example_weekday_branch_operator' retrieved from /home/airflow/.local/lib/python3.8/site-packages/airflow/example_dags/example_branch_day_of_week_operator.py
[2025-07-11T09:51:35.685+0000] {logging_mixin.py:188} INFO - [2025-07-11T09:51:35.685+0000] {dag.py:3036} INFO - Sync 1 DAGs
[2025-07-11T09:51:35.718+0000] {logging_mixin.py:188} INFO - [2025-07-11T09:51:35.718+0000] {dag.py:3823} INFO - Setting next_dagrun for example_weekday_branch_operator to 2025-07-10 00:00:00+00:00, run_after=2025-07-11 00:00:00+00:00
[2025-07-11T09:51:35.748+0000] {processor.py:183} INFO - Processing /home/airflow/.local/lib/python3.8/site-packages/airflow/example_dags/example_branch_day_of_week_operator.py took 0.111 seconds
[2025-07-11T09:52:06.039+0000] {processor.py:161} INFO - Started process (PID=1983) to work on /home/airflow/.local/lib/python3.8/site-packages/airflow/example_dags/example_branch_day_of_week_operator.py
[2025-07-11T09:52:06.040+0000] {processor.py:830} INFO - Processing file /home/airflow/.local/lib/python3.8/site-packages/airflow/example_dags/example_branch_day_of_week_operator.py for tasks to queue
[2025-07-11T09:52:06.043+0000] {logging_mixin.py:188} INFO - [2025-07-11T09:52:06.043+0000] {dagbag.py:538} INFO - Filling up the DagBag from /home/airflow/.local/lib/python3.8/site-packages/airflow/example_dags/example_branch_day_of_week_operator.py
[2025-07-11T09:52:06.056+0000] {processor.py:840} INFO - DAG(s) 'example_weekday_branch_operator' retrieved from /home/airflow/.local/lib/python3.8/site-packages/airflow/example_dags/example_branch_day_of_week_operator.py
[2025-07-11T09:52:06.086+0000] {logging_mixin.py:188} INFO - [2025-07-11T09:52:06.085+0000] {dag.py:3036} INFO - Sync 1 DAGs
[2025-07-11T09:52:06.119+0000] {logging_mixin.py:188} INFO - [2025-07-11T09:52:06.118+0000] {dag.py:3823} INFO - Setting next_dagrun for example_weekday_branch_operator to 2025-07-10 00:00:00+00:00, run_after=2025-07-11 00:00:00+00:00
[2025-07-11T09:52:06.149+0000] {processor.py:183} INFO - Processing /home/airflow/.local/lib/python3.8/site-packages/airflow/example_dags/example_branch_day_of_week_operator.py took 0.116 seconds
[2025-07-11T09:52:36.206+0000] {processor.py:161} INFO - Started process (PID=2037) to work on /home/airflow/.local/lib/python3.8/site-packages/airflow/example_dags/example_branch_day_of_week_operator.py
[2025-07-11T09:52:36.208+0000] {processor.py:830} INFO - Processing file /home/airflow/.local/lib/python3.8/site-packages/airflow/example_dags/example_branch_day_of_week_operator.py for tasks to queue
[2025-07-11T09:52:36.210+0000] {logging_mixin.py:188} INFO - [2025-07-11T09:52:36.210+0000] {dagbag.py:538} INFO - Filling up the DagBag from /home/airflow/.local/lib/python3.8/site-packages/airflow/example_dags/example_branch_day_of_week_operator.py
[2025-07-11T09:52:36.221+0000] {processor.py:840} INFO - DAG(s) 'example_weekday_branch_operator' retrieved from /home/airflow/.local/lib/python3.8/site-packages/airflow/example_dags/example_branch_day_of_week_operator.py
[2025-07-11T09:52:36.250+0000] {logging_mixin.py:188} INFO - [2025-07-11T09:52:36.249+0000] {dag.py:3036} INFO - Sync 1 DAGs
[2025-07-11T09:52:36.281+0000] {logging_mixin.py:188} INFO - [2025-07-11T09:52:36.281+0000] {dag.py:3823} INFO - Setting next_dagrun for example_weekday_branch_operator to 2025-07-10 00:00:00+00:00, run_after=2025-07-11 00:00:00+00:00
[2025-07-11T09:52:36.310+0000] {processor.py:183} INFO - Processing /home/airflow/.local/lib/python3.8/site-packages/airflow/example_dags/example_branch_day_of_week_operator.py took 0.108 seconds
[2025-07-11T09:53:06.986+0000] {processor.py:161} INFO - Started process (PID=2093) to work on /home/airflow/.local/lib/python3.8/site-packages/airflow/example_dags/example_branch_day_of_week_operator.py
[2025-07-11T09:53:06.988+0000] {processor.py:830} INFO - Processing file /home/airflow/.local/lib/python3.8/site-packages/airflow/example_dags/example_branch_day_of_week_operator.py for tasks to queue
[2025-07-11T09:53:06.990+0000] {logging_mixin.py:188} INFO - [2025-07-11T09:53:06.990+0000] {dagbag.py:538} INFO - Filling up the DagBag from /home/airflow/.local/lib/python3.8/site-packages/airflow/example_dags/example_branch_day_of_week_operator.py
[2025-07-11T09:53:07.004+0000] {processor.py:840} INFO - DAG(s) 'example_weekday_branch_operator' retrieved from /home/airflow/.local/lib/python3.8/site-packages/airflow/example_dags/example_branch_day_of_week_operator.py
[2025-07-11T09:53:07.036+0000] {logging_mixin.py:188} INFO - [2025-07-11T09:53:07.035+0000] {dag.py:3036} INFO - Sync 1 DAGs
[2025-07-11T09:53:07.071+0000] {logging_mixin.py:188} INFO - [2025-07-11T09:53:07.070+0000] {dag.py:3823} INFO - Setting next_dagrun for example_weekday_branch_operator to 2025-07-10 00:00:00+00:00, run_after=2025-07-11 00:00:00+00:00
[2025-07-11T09:53:07.103+0000] {processor.py:183} INFO - Processing /home/airflow/.local/lib/python3.8/site-packages/airflow/example_dags/example_branch_day_of_week_operator.py took 0.122 seconds
[2025-07-11T09:53:37.555+0000] {processor.py:161} INFO - Started process (PID=2148) to work on /home/airflow/.local/lib/python3.8/site-packages/airflow/example_dags/example_branch_day_of_week_operator.py
[2025-07-11T09:53:37.557+0000] {processor.py:830} INFO - Processing file /home/airflow/.local/lib/python3.8/site-packages/airflow/example_dags/example_branch_day_of_week_operator.py for tasks to queue
[2025-07-11T09:53:37.559+0000] {logging_mixin.py:188} INFO - [2025-07-11T09:53:37.559+0000] {dagbag.py:538} INFO - Filling up the DagBag from /home/airflow/.local/lib/python3.8/site-packages/airflow/example_dags/example_branch_day_of_week_operator.py
[2025-07-11T09:53:37.572+0000] {processor.py:840} INFO - DAG(s) 'example_weekday_branch_operator' retrieved from /home/airflow/.local/lib/python3.8/site-packages/airflow/example_dags/example_branch_day_of_week_operator.py
[2025-07-11T09:53:37.603+0000] {logging_mixin.py:188} INFO - [2025-07-11T09:53:37.603+0000] {dag.py:3036} INFO - Sync 1 DAGs
[2025-07-11T09:53:37.642+0000] {logging_mixin.py:188} INFO - [2025-07-11T09:53:37.642+0000] {dag.py:3823} INFO - Setting next_dagrun for example_weekday_branch_operator to 2025-07-10 00:00:00+00:00, run_after=2025-07-11 00:00:00+00:00
[2025-07-11T09:53:37.674+0000] {processor.py:183} INFO - Processing /home/airflow/.local/lib/python3.8/site-packages/airflow/example_dags/example_branch_day_of_week_operator.py took 0.123 seconds
[2025-07-11T09:54:08.088+0000] {processor.py:161} INFO - Started process (PID=2203) to work on /home/airflow/.local/lib/python3.8/site-packages/airflow/example_dags/example_branch_day_of_week_operator.py
[2025-07-11T09:54:08.090+0000] {processor.py:830} INFO - Processing file /home/airflow/.local/lib/python3.8/site-packages/airflow/example_dags/example_branch_day_of_week_operator.py for tasks to queue
[2025-07-11T09:54:08.092+0000] {logging_mixin.py:188} INFO - [2025-07-11T09:54:08.092+0000] {dagbag.py:538} INFO - Filling up the DagBag from /home/airflow/.local/lib/python3.8/site-packages/airflow/example_dags/example_branch_day_of_week_operator.py
[2025-07-11T09:54:08.103+0000] {processor.py:840} INFO - DAG(s) 'example_weekday_branch_operator' retrieved from /home/airflow/.local/lib/python3.8/site-packages/airflow/example_dags/example_branch_day_of_week_operator.py
[2025-07-11T09:54:08.134+0000] {logging_mixin.py:188} INFO - [2025-07-11T09:54:08.133+0000] {dag.py:3036} INFO - Sync 1 DAGs
[2025-07-11T09:54:08.168+0000] {logging_mixin.py:188} INFO - [2025-07-11T09:54:08.167+0000] {dag.py:3823} INFO - Setting next_dagrun for example_weekday_branch_operator to 2025-07-10 00:00:00+00:00, run_after=2025-07-11 00:00:00+00:00
[2025-07-11T09:54:08.202+0000] {processor.py:183} INFO - Processing /home/airflow/.local/lib/python3.8/site-packages/airflow/example_dags/example_branch_day_of_week_operator.py took 0.119 seconds
[2025-07-11T09:54:38.824+0000] {processor.py:161} INFO - Started process (PID=2258) to work on /home/airflow/.local/lib/python3.8/site-packages/airflow/example_dags/example_branch_day_of_week_operator.py
[2025-07-11T09:54:38.826+0000] {processor.py:830} INFO - Processing file /home/airflow/.local/lib/python3.8/site-packages/airflow/example_dags/example_branch_day_of_week_operator.py for tasks to queue
[2025-07-11T09:54:38.828+0000] {logging_mixin.py:188} INFO - [2025-07-11T09:54:38.828+0000] {dagbag.py:538} INFO - Filling up the DagBag from /home/airflow/.local/lib/python3.8/site-packages/airflow/example_dags/example_branch_day_of_week_operator.py
[2025-07-11T09:54:38.839+0000] {processor.py:840} INFO - DAG(s) 'example_weekday_branch_operator' retrieved from /home/airflow/.local/lib/python3.8/site-packages/airflow/example_dags/example_branch_day_of_week_operator.py
[2025-07-11T09:54:38.871+0000] {logging_mixin.py:188} INFO - [2025-07-11T09:54:38.870+0000] {dag.py:3036} INFO - Sync 1 DAGs
[2025-07-11T09:54:38.903+0000] {logging_mixin.py:188} INFO - [2025-07-11T09:54:38.903+0000] {dag.py:3823} INFO - Setting next_dagrun for example_weekday_branch_operator to 2025-07-10 00:00:00+00:00, run_after=2025-07-11 00:00:00+00:00
[2025-07-11T09:54:38.937+0000] {processor.py:183} INFO - Processing /home/airflow/.local/lib/python3.8/site-packages/airflow/example_dags/example_branch_day_of_week_operator.py took 0.117 seconds
