[2025-07-11T09:24:54.085+0000] {processor.py:161} INFO - Started process (PID=85) to work on /home/airflow/.local/lib/python3.8/site-packages/airflow/example_dags/example_python_operator.py
[2025-07-11T09:24:54.087+0000] {processor.py:830} INFO - Processing file /home/airflow/.local/lib/python3.8/site-packages/airflow/example_dags/example_python_operator.py for tasks to queue
[2025-07-11T09:24:54.090+0000] {logging_mixin.py:188} INFO - [2025-07-11T09:24:54.089+0000] {dagbag.py:538} INFO - Filling up the DagBag from /home/airflow/.local/lib/python3.8/site-packages/airflow/example_dags/example_python_operator.py
[2025-07-11T09:24:54.115+0000] {processor.py:840} INFO - DAG(s) 'example_python_operator' retrieved from /home/airflow/.local/lib/python3.8/site-packages/airflow/example_dags/example_python_operator.py
[2025-07-11T09:24:54.434+0000] {logging_mixin.py:188} INFO - [2025-07-11T09:24:54.432+0000] {override.py:1769} INFO - Created Permission View: can edit on DAG:example_python_operator
[2025-07-11T09:24:54.465+0000] {logging_mixin.py:188} INFO - [2025-07-11T09:24:54.464+0000] {override.py:1769} INFO - Created Permission View: can delete on DAG:example_python_operator
[2025-07-11T09:24:54.487+0000] {logging_mixin.py:188} INFO - [2025-07-11T09:24:54.486+0000] {override.py:1769} INFO - Created Permission View: can read on DAG:example_python_operator
[2025-07-11T09:24:54.488+0000] {logging_mixin.py:188} INFO - [2025-07-11T09:24:54.487+0000] {dag.py:3036} INFO - Sync 1 DAGs
[2025-07-11T09:24:54.514+0000] {logging_mixin.py:188} INFO - [2025-07-11T09:24:54.513+0000] {dag.py:3058} INFO - Creating ORM DAG for example_python_operator
[2025-07-11T09:24:54.515+0000] {logging_mixin.py:188} INFO - [2025-07-11T09:24:54.515+0000] {dag.py:3823} INFO - Setting next_dagrun for example_python_operator to None, run_after=None
[2025-07-11T09:24:54.558+0000] {processor.py:183} INFO - Processing /home/airflow/.local/lib/python3.8/site-packages/airflow/example_dags/example_python_operator.py took 0.479 seconds
[2025-07-11T09:25:25.138+0000] {processor.py:161} INFO - Started process (PID=140) to work on /home/airflow/.local/lib/python3.8/site-packages/airflow/example_dags/example_python_operator.py
[2025-07-11T09:25:25.140+0000] {processor.py:830} INFO - Processing file /home/airflow/.local/lib/python3.8/site-packages/airflow/example_dags/example_python_operator.py for tasks to queue
[2025-07-11T09:25:25.143+0000] {logging_mixin.py:188} INFO - [2025-07-11T09:25:25.142+0000] {dagbag.py:538} INFO - Filling up the DagBag from /home/airflow/.local/lib/python3.8/site-packages/airflow/example_dags/example_python_operator.py
[2025-07-11T09:25:25.160+0000] {processor.py:840} INFO - DAG(s) 'example_python_operator' retrieved from /home/airflow/.local/lib/python3.8/site-packages/airflow/example_dags/example_python_operator.py
[2025-07-11T09:25:25.200+0000] {logging_mixin.py:188} INFO - [2025-07-11T09:25:25.200+0000] {dag.py:3036} INFO - Sync 1 DAGs
[2025-07-11T09:25:25.224+0000] {logging_mixin.py:188} INFO - [2025-07-11T09:25:25.224+0000] {dag.py:3823} INFO - Setting next_dagrun for example_python_operator to None, run_after=None
[2025-07-11T09:25:25.261+0000] {processor.py:183} INFO - Processing /home/airflow/.local/lib/python3.8/site-packages/airflow/example_dags/example_python_operator.py took 0.129 seconds
[2025-07-11T09:25:55.456+0000] {processor.py:161} INFO - Started process (PID=195) to work on /home/airflow/.local/lib/python3.8/site-packages/airflow/example_dags/example_python_operator.py
[2025-07-11T09:25:55.458+0000] {processor.py:830} INFO - Processing file /home/airflow/.local/lib/python3.8/site-packages/airflow/example_dags/example_python_operator.py for tasks to queue
[2025-07-11T09:25:55.460+0000] {logging_mixin.py:188} INFO - [2025-07-11T09:25:55.459+0000] {dagbag.py:538} INFO - Filling up the DagBag from /home/airflow/.local/lib/python3.8/site-packages/airflow/example_dags/example_python_operator.py
[2025-07-11T09:25:55.475+0000] {processor.py:840} INFO - DAG(s) 'example_python_operator' retrieved from /home/airflow/.local/lib/python3.8/site-packages/airflow/example_dags/example_python_operator.py
[2025-07-11T09:25:55.508+0000] {logging_mixin.py:188} INFO - [2025-07-11T09:25:55.507+0000] {dag.py:3036} INFO - Sync 1 DAGs
[2025-07-11T09:25:55.532+0000] {logging_mixin.py:188} INFO - [2025-07-11T09:25:55.532+0000] {dag.py:3823} INFO - Setting next_dagrun for example_python_operator to None, run_after=None
[2025-07-11T09:25:55.569+0000] {processor.py:183} INFO - Processing /home/airflow/.local/lib/python3.8/site-packages/airflow/example_dags/example_python_operator.py took 0.116 seconds
[2025-07-11T09:26:25.720+0000] {processor.py:161} INFO - Started process (PID=250) to work on /home/airflow/.local/lib/python3.8/site-packages/airflow/example_dags/example_python_operator.py
[2025-07-11T09:26:25.722+0000] {processor.py:830} INFO - Processing file /home/airflow/.local/lib/python3.8/site-packages/airflow/example_dags/example_python_operator.py for tasks to queue
[2025-07-11T09:26:25.725+0000] {logging_mixin.py:188} INFO - [2025-07-11T09:26:25.725+0000] {dagbag.py:538} INFO - Filling up the DagBag from /home/airflow/.local/lib/python3.8/site-packages/airflow/example_dags/example_python_operator.py
[2025-07-11T09:26:25.744+0000] {processor.py:840} INFO - DAG(s) 'example_python_operator' retrieved from /home/airflow/.local/lib/python3.8/site-packages/airflow/example_dags/example_python_operator.py
[2025-07-11T09:26:25.784+0000] {logging_mixin.py:188} INFO - [2025-07-11T09:26:25.784+0000] {dag.py:3036} INFO - Sync 1 DAGs
[2025-07-11T09:26:25.809+0000] {logging_mixin.py:188} INFO - [2025-07-11T09:26:25.809+0000] {dag.py:3823} INFO - Setting next_dagrun for example_python_operator to None, run_after=None
[2025-07-11T09:26:25.847+0000] {processor.py:183} INFO - Processing /home/airflow/.local/lib/python3.8/site-packages/airflow/example_dags/example_python_operator.py took 0.133 seconds
[2025-07-11T09:26:56.110+0000] {processor.py:161} INFO - Started process (PID=305) to work on /home/airflow/.local/lib/python3.8/site-packages/airflow/example_dags/example_python_operator.py
[2025-07-11T09:26:56.112+0000] {processor.py:830} INFO - Processing file /home/airflow/.local/lib/python3.8/site-packages/airflow/example_dags/example_python_operator.py for tasks to queue
[2025-07-11T09:26:56.114+0000] {logging_mixin.py:188} INFO - [2025-07-11T09:26:56.113+0000] {dagbag.py:538} INFO - Filling up the DagBag from /home/airflow/.local/lib/python3.8/site-packages/airflow/example_dags/example_python_operator.py
[2025-07-11T09:26:56.129+0000] {processor.py:840} INFO - DAG(s) 'example_python_operator' retrieved from /home/airflow/.local/lib/python3.8/site-packages/airflow/example_dags/example_python_operator.py
[2025-07-11T09:26:56.160+0000] {logging_mixin.py:188} INFO - [2025-07-11T09:26:56.159+0000] {dag.py:3036} INFO - Sync 1 DAGs
[2025-07-11T09:26:56.178+0000] {logging_mixin.py:188} INFO - [2025-07-11T09:26:56.178+0000] {dag.py:3823} INFO - Setting next_dagrun for example_python_operator to None, run_after=None
[2025-07-11T09:26:56.215+0000] {processor.py:183} INFO - Processing /home/airflow/.local/lib/python3.8/site-packages/airflow/example_dags/example_python_operator.py took 0.109 seconds
[2025-07-11T09:28:22.618+0000] {processor.py:161} INFO - Started process (PID=79) to work on /home/airflow/.local/lib/python3.8/site-packages/airflow/example_dags/example_python_operator.py
[2025-07-11T09:28:22.620+0000] {processor.py:830} INFO - Processing file /home/airflow/.local/lib/python3.8/site-packages/airflow/example_dags/example_python_operator.py for tasks to queue
[2025-07-11T09:28:22.622+0000] {logging_mixin.py:188} INFO - [2025-07-11T09:28:22.622+0000] {dagbag.py:538} INFO - Filling up the DagBag from /home/airflow/.local/lib/python3.8/site-packages/airflow/example_dags/example_python_operator.py
[2025-07-11T09:28:22.638+0000] {processor.py:840} INFO - DAG(s) 'example_python_operator' retrieved from /home/airflow/.local/lib/python3.8/site-packages/airflow/example_dags/example_python_operator.py
[2025-07-11T09:28:22.819+0000] {logging_mixin.py:188} INFO - [2025-07-11T09:28:22.818+0000] {override.py:1769} INFO - Created Permission View: can read on DAG:example_python_operator
[2025-07-11T09:28:22.841+0000] {logging_mixin.py:188} INFO - [2025-07-11T09:28:22.840+0000] {override.py:1769} INFO - Created Permission View: can delete on DAG:example_python_operator
[2025-07-11T09:28:22.858+0000] {logging_mixin.py:188} INFO - [2025-07-11T09:28:22.857+0000] {override.py:1769} INFO - Created Permission View: can edit on DAG:example_python_operator
[2025-07-11T09:28:22.859+0000] {logging_mixin.py:188} INFO - [2025-07-11T09:28:22.858+0000] {dag.py:3036} INFO - Sync 1 DAGs
[2025-07-11T09:28:22.876+0000] {logging_mixin.py:188} INFO - [2025-07-11T09:28:22.875+0000] {dag.py:3058} INFO - Creating ORM DAG for example_python_operator
[2025-07-11T09:28:22.877+0000] {logging_mixin.py:188} INFO - [2025-07-11T09:28:22.876+0000] {dag.py:3823} INFO - Setting next_dagrun for example_python_operator to None, run_after=None
[2025-07-11T09:28:22.907+0000] {processor.py:183} INFO - Processing /home/airflow/.local/lib/python3.8/site-packages/airflow/example_dags/example_python_operator.py took 0.292 seconds
[2025-07-11T09:28:53.692+0000] {processor.py:161} INFO - Started process (PID=141) to work on /home/airflow/.local/lib/python3.8/site-packages/airflow/example_dags/example_python_operator.py
[2025-07-11T09:28:53.694+0000] {processor.py:830} INFO - Processing file /home/airflow/.local/lib/python3.8/site-packages/airflow/example_dags/example_python_operator.py for tasks to queue
[2025-07-11T09:28:53.697+0000] {logging_mixin.py:188} INFO - [2025-07-11T09:28:53.696+0000] {dagbag.py:538} INFO - Filling up the DagBag from /home/airflow/.local/lib/python3.8/site-packages/airflow/example_dags/example_python_operator.py
[2025-07-11T09:28:53.713+0000] {processor.py:840} INFO - DAG(s) 'example_python_operator' retrieved from /home/airflow/.local/lib/python3.8/site-packages/airflow/example_dags/example_python_operator.py
[2025-07-11T09:28:53.746+0000] {logging_mixin.py:188} INFO - [2025-07-11T09:28:53.746+0000] {dag.py:3036} INFO - Sync 1 DAGs
[2025-07-11T09:28:53.766+0000] {logging_mixin.py:188} INFO - [2025-07-11T09:28:53.766+0000] {dag.py:3823} INFO - Setting next_dagrun for example_python_operator to None, run_after=None
[2025-07-11T09:28:53.798+0000] {processor.py:183} INFO - Processing /home/airflow/.local/lib/python3.8/site-packages/airflow/example_dags/example_python_operator.py took 0.110 seconds
[2025-07-11T09:29:24.262+0000] {processor.py:161} INFO - Started process (PID=196) to work on /home/airflow/.local/lib/python3.8/site-packages/airflow/example_dags/example_python_operator.py
[2025-07-11T09:29:24.264+0000] {processor.py:830} INFO - Processing file /home/airflow/.local/lib/python3.8/site-packages/airflow/example_dags/example_python_operator.py for tasks to queue
[2025-07-11T09:29:24.266+0000] {logging_mixin.py:188} INFO - [2025-07-11T09:29:24.266+0000] {dagbag.py:538} INFO - Filling up the DagBag from /home/airflow/.local/lib/python3.8/site-packages/airflow/example_dags/example_python_operator.py
[2025-07-11T09:29:24.281+0000] {processor.py:840} INFO - DAG(s) 'example_python_operator' retrieved from /home/airflow/.local/lib/python3.8/site-packages/airflow/example_dags/example_python_operator.py
[2025-07-11T09:29:24.312+0000] {logging_mixin.py:188} INFO - [2025-07-11T09:29:24.312+0000] {dag.py:3036} INFO - Sync 1 DAGs
[2025-07-11T09:29:24.329+0000] {logging_mixin.py:188} INFO - [2025-07-11T09:29:24.329+0000] {dag.py:3823} INFO - Setting next_dagrun for example_python_operator to None, run_after=None
[2025-07-11T09:29:24.359+0000] {processor.py:183} INFO - Processing /home/airflow/.local/lib/python3.8/site-packages/airflow/example_dags/example_python_operator.py took 0.103 seconds
[2025-07-11T09:29:54.670+0000] {processor.py:161} INFO - Started process (PID=251) to work on /home/airflow/.local/lib/python3.8/site-packages/airflow/example_dags/example_python_operator.py
[2025-07-11T09:29:54.672+0000] {processor.py:830} INFO - Processing file /home/airflow/.local/lib/python3.8/site-packages/airflow/example_dags/example_python_operator.py for tasks to queue
[2025-07-11T09:29:54.675+0000] {logging_mixin.py:188} INFO - [2025-07-11T09:29:54.674+0000] {dagbag.py:538} INFO - Filling up the DagBag from /home/airflow/.local/lib/python3.8/site-packages/airflow/example_dags/example_python_operator.py
[2025-07-11T09:29:54.695+0000] {processor.py:840} INFO - DAG(s) 'example_python_operator' retrieved from /home/airflow/.local/lib/python3.8/site-packages/airflow/example_dags/example_python_operator.py
[2025-07-11T09:29:54.750+0000] {logging_mixin.py:188} INFO - [2025-07-11T09:29:54.749+0000] {dag.py:3036} INFO - Sync 1 DAGs
[2025-07-11T09:29:54.766+0000] {logging_mixin.py:188} INFO - [2025-07-11T09:29:54.766+0000] {dag.py:3823} INFO - Setting next_dagrun for example_python_operator to None, run_after=None
[2025-07-11T09:29:54.805+0000] {processor.py:183} INFO - Processing /home/airflow/.local/lib/python3.8/site-packages/airflow/example_dags/example_python_operator.py took 0.139 seconds
[2025-07-11T09:30:25.044+0000] {processor.py:161} INFO - Started process (PID=306) to work on /home/airflow/.local/lib/python3.8/site-packages/airflow/example_dags/example_python_operator.py
[2025-07-11T09:30:25.046+0000] {processor.py:830} INFO - Processing file /home/airflow/.local/lib/python3.8/site-packages/airflow/example_dags/example_python_operator.py for tasks to queue
[2025-07-11T09:30:25.050+0000] {logging_mixin.py:188} INFO - [2025-07-11T09:30:25.049+0000] {dagbag.py:538} INFO - Filling up the DagBag from /home/airflow/.local/lib/python3.8/site-packages/airflow/example_dags/example_python_operator.py
[2025-07-11T09:30:25.067+0000] {processor.py:840} INFO - DAG(s) 'example_python_operator' retrieved from /home/airflow/.local/lib/python3.8/site-packages/airflow/example_dags/example_python_operator.py
[2025-07-11T09:30:25.101+0000] {logging_mixin.py:188} INFO - [2025-07-11T09:30:25.101+0000] {dag.py:3036} INFO - Sync 1 DAGs
[2025-07-11T09:30:25.122+0000] {logging_mixin.py:188} INFO - [2025-07-11T09:30:25.121+0000] {dag.py:3823} INFO - Setting next_dagrun for example_python_operator to None, run_after=None
[2025-07-11T09:30:25.157+0000] {processor.py:183} INFO - Processing /home/airflow/.local/lib/python3.8/site-packages/airflow/example_dags/example_python_operator.py took 0.118 seconds
[2025-07-11T09:30:55.822+0000] {processor.py:161} INFO - Started process (PID=361) to work on /home/airflow/.local/lib/python3.8/site-packages/airflow/example_dags/example_python_operator.py
[2025-07-11T09:30:55.825+0000] {processor.py:830} INFO - Processing file /home/airflow/.local/lib/python3.8/site-packages/airflow/example_dags/example_python_operator.py for tasks to queue
[2025-07-11T09:30:55.829+0000] {logging_mixin.py:188} INFO - [2025-07-11T09:30:55.828+0000] {dagbag.py:538} INFO - Filling up the DagBag from /home/airflow/.local/lib/python3.8/site-packages/airflow/example_dags/example_python_operator.py
[2025-07-11T09:30:55.850+0000] {processor.py:840} INFO - DAG(s) 'example_python_operator' retrieved from /home/airflow/.local/lib/python3.8/site-packages/airflow/example_dags/example_python_operator.py
[2025-07-11T09:30:55.885+0000] {logging_mixin.py:188} INFO - [2025-07-11T09:30:55.885+0000] {dag.py:3036} INFO - Sync 1 DAGs
[2025-07-11T09:30:55.904+0000] {logging_mixin.py:188} INFO - [2025-07-11T09:30:55.904+0000] {dag.py:3823} INFO - Setting next_dagrun for example_python_operator to None, run_after=None
[2025-07-11T09:30:55.935+0000] {processor.py:183} INFO - Processing /home/airflow/.local/lib/python3.8/site-packages/airflow/example_dags/example_python_operator.py took 0.118 seconds
[2025-07-11T09:31:26.063+0000] {processor.py:161} INFO - Started process (PID=416) to work on /home/airflow/.local/lib/python3.8/site-packages/airflow/example_dags/example_python_operator.py
[2025-07-11T09:31:26.064+0000] {processor.py:830} INFO - Processing file /home/airflow/.local/lib/python3.8/site-packages/airflow/example_dags/example_python_operator.py for tasks to queue
[2025-07-11T09:31:26.066+0000] {logging_mixin.py:188} INFO - [2025-07-11T09:31:26.066+0000] {dagbag.py:538} INFO - Filling up the DagBag from /home/airflow/.local/lib/python3.8/site-packages/airflow/example_dags/example_python_operator.py
[2025-07-11T09:31:26.083+0000] {processor.py:840} INFO - DAG(s) 'example_python_operator' retrieved from /home/airflow/.local/lib/python3.8/site-packages/airflow/example_dags/example_python_operator.py
[2025-07-11T09:31:26.112+0000] {logging_mixin.py:188} INFO - [2025-07-11T09:31:26.112+0000] {dag.py:3036} INFO - Sync 1 DAGs
[2025-07-11T09:31:26.131+0000] {logging_mixin.py:188} INFO - [2025-07-11T09:31:26.130+0000] {dag.py:3823} INFO - Setting next_dagrun for example_python_operator to None, run_after=None
[2025-07-11T09:31:26.159+0000] {processor.py:183} INFO - Processing /home/airflow/.local/lib/python3.8/site-packages/airflow/example_dags/example_python_operator.py took 0.100 seconds
[2025-07-11T09:31:57.088+0000] {processor.py:161} INFO - Started process (PID=471) to work on /home/airflow/.local/lib/python3.8/site-packages/airflow/example_dags/example_python_operator.py
[2025-07-11T09:31:57.089+0000] {processor.py:830} INFO - Processing file /home/airflow/.local/lib/python3.8/site-packages/airflow/example_dags/example_python_operator.py for tasks to queue
[2025-07-11T09:31:57.093+0000] {logging_mixin.py:188} INFO - [2025-07-11T09:31:57.092+0000] {dagbag.py:538} INFO - Filling up the DagBag from /home/airflow/.local/lib/python3.8/site-packages/airflow/example_dags/example_python_operator.py
[2025-07-11T09:31:57.108+0000] {processor.py:840} INFO - DAG(s) 'example_python_operator' retrieved from /home/airflow/.local/lib/python3.8/site-packages/airflow/example_dags/example_python_operator.py
[2025-07-11T09:31:57.140+0000] {logging_mixin.py:188} INFO - [2025-07-11T09:31:57.139+0000] {dag.py:3036} INFO - Sync 1 DAGs
[2025-07-11T09:31:57.157+0000] {logging_mixin.py:188} INFO - [2025-07-11T09:31:57.156+0000] {dag.py:3823} INFO - Setting next_dagrun for example_python_operator to None, run_after=None
[2025-07-11T09:31:57.190+0000] {processor.py:183} INFO - Processing /home/airflow/.local/lib/python3.8/site-packages/airflow/example_dags/example_python_operator.py took 0.106 seconds
[2025-07-11T09:32:27.454+0000] {processor.py:161} INFO - Started process (PID=526) to work on /home/airflow/.local/lib/python3.8/site-packages/airflow/example_dags/example_python_operator.py
[2025-07-11T09:32:27.456+0000] {processor.py:830} INFO - Processing file /home/airflow/.local/lib/python3.8/site-packages/airflow/example_dags/example_python_operator.py for tasks to queue
[2025-07-11T09:32:27.461+0000] {logging_mixin.py:188} INFO - [2025-07-11T09:32:27.460+0000] {dagbag.py:538} INFO - Filling up the DagBag from /home/airflow/.local/lib/python3.8/site-packages/airflow/example_dags/example_python_operator.py
[2025-07-11T09:32:27.501+0000] {processor.py:840} INFO - DAG(s) 'example_python_operator' retrieved from /home/airflow/.local/lib/python3.8/site-packages/airflow/example_dags/example_python_operator.py
[2025-07-11T09:32:27.566+0000] {logging_mixin.py:188} INFO - [2025-07-11T09:32:27.565+0000] {dag.py:3036} INFO - Sync 1 DAGs
[2025-07-11T09:32:27.611+0000] {logging_mixin.py:188} INFO - [2025-07-11T09:32:27.611+0000] {dag.py:3823} INFO - Setting next_dagrun for example_python_operator to None, run_after=None
[2025-07-11T09:32:27.663+0000] {processor.py:183} INFO - Processing /home/airflow/.local/lib/python3.8/site-packages/airflow/example_dags/example_python_operator.py took 0.222 seconds
[2025-07-11T09:32:58.537+0000] {processor.py:161} INFO - Started process (PID=581) to work on /home/airflow/.local/lib/python3.8/site-packages/airflow/example_dags/example_python_operator.py
[2025-07-11T09:32:58.539+0000] {processor.py:830} INFO - Processing file /home/airflow/.local/lib/python3.8/site-packages/airflow/example_dags/example_python_operator.py for tasks to queue
[2025-07-11T09:32:58.541+0000] {logging_mixin.py:188} INFO - [2025-07-11T09:32:58.541+0000] {dagbag.py:538} INFO - Filling up the DagBag from /home/airflow/.local/lib/python3.8/site-packages/airflow/example_dags/example_python_operator.py
[2025-07-11T09:32:58.556+0000] {processor.py:840} INFO - DAG(s) 'example_python_operator' retrieved from /home/airflow/.local/lib/python3.8/site-packages/airflow/example_dags/example_python_operator.py
[2025-07-11T09:32:58.588+0000] {logging_mixin.py:188} INFO - [2025-07-11T09:32:58.588+0000] {dag.py:3036} INFO - Sync 1 DAGs
[2025-07-11T09:32:58.615+0000] {logging_mixin.py:188} INFO - [2025-07-11T09:32:58.614+0000] {dag.py:3823} INFO - Setting next_dagrun for example_python_operator to None, run_after=None
[2025-07-11T09:32:58.654+0000] {processor.py:183} INFO - Processing /home/airflow/.local/lib/python3.8/site-packages/airflow/example_dags/example_python_operator.py took 0.122 seconds
[2025-07-11T09:33:28.751+0000] {processor.py:161} INFO - Started process (PID=636) to work on /home/airflow/.local/lib/python3.8/site-packages/airflow/example_dags/example_python_operator.py
[2025-07-11T09:33:28.753+0000] {processor.py:830} INFO - Processing file /home/airflow/.local/lib/python3.8/site-packages/airflow/example_dags/example_python_operator.py for tasks to queue
[2025-07-11T09:33:28.756+0000] {logging_mixin.py:188} INFO - [2025-07-11T09:33:28.756+0000] {dagbag.py:538} INFO - Filling up the DagBag from /home/airflow/.local/lib/python3.8/site-packages/airflow/example_dags/example_python_operator.py
[2025-07-11T09:33:28.777+0000] {processor.py:840} INFO - DAG(s) 'example_python_operator' retrieved from /home/airflow/.local/lib/python3.8/site-packages/airflow/example_dags/example_python_operator.py
[2025-07-11T09:33:28.812+0000] {logging_mixin.py:188} INFO - [2025-07-11T09:33:28.811+0000] {dag.py:3036} INFO - Sync 1 DAGs
[2025-07-11T09:33:28.837+0000] {logging_mixin.py:188} INFO - [2025-07-11T09:33:28.837+0000] {dag.py:3823} INFO - Setting next_dagrun for example_python_operator to None, run_after=None
[2025-07-11T09:33:28.871+0000] {processor.py:183} INFO - Processing /home/airflow/.local/lib/python3.8/site-packages/airflow/example_dags/example_python_operator.py took 0.124 seconds
[2025-07-11T09:34:43.495+0000] {processor.py:161} INFO - Started process (PID=87) to work on /home/airflow/.local/lib/python3.8/site-packages/airflow/example_dags/example_python_operator.py
[2025-07-11T09:34:43.497+0000] {processor.py:830} INFO - Processing file /home/airflow/.local/lib/python3.8/site-packages/airflow/example_dags/example_python_operator.py for tasks to queue
[2025-07-11T09:34:43.500+0000] {logging_mixin.py:188} INFO - [2025-07-11T09:34:43.499+0000] {dagbag.py:538} INFO - Filling up the DagBag from /home/airflow/.local/lib/python3.8/site-packages/airflow/example_dags/example_python_operator.py
[2025-07-11T09:34:43.522+0000] {processor.py:840} INFO - DAG(s) 'example_python_operator' retrieved from /home/airflow/.local/lib/python3.8/site-packages/airflow/example_dags/example_python_operator.py
[2025-07-11T09:34:43.750+0000] {logging_mixin.py:188} INFO - [2025-07-11T09:34:43.748+0000] {override.py:1769} INFO - Created Permission View: can edit on DAG:example_python_operator
[2025-07-11T09:34:43.777+0000] {logging_mixin.py:188} INFO - [2025-07-11T09:34:43.776+0000] {override.py:1769} INFO - Created Permission View: can delete on DAG:example_python_operator
[2025-07-11T09:34:43.801+0000] {logging_mixin.py:188} INFO - [2025-07-11T09:34:43.800+0000] {override.py:1769} INFO - Created Permission View: can read on DAG:example_python_operator
[2025-07-11T09:34:43.802+0000] {logging_mixin.py:188} INFO - [2025-07-11T09:34:43.801+0000] {dag.py:3036} INFO - Sync 1 DAGs
[2025-07-11T09:34:43.833+0000] {logging_mixin.py:188} INFO - [2025-07-11T09:34:43.832+0000] {dag.py:3058} INFO - Creating ORM DAG for example_python_operator
[2025-07-11T09:34:43.834+0000] {logging_mixin.py:188} INFO - [2025-07-11T09:34:43.834+0000] {dag.py:3823} INFO - Setting next_dagrun for example_python_operator to None, run_after=None
[2025-07-11T09:34:43.880+0000] {processor.py:183} INFO - Processing /home/airflow/.local/lib/python3.8/site-packages/airflow/example_dags/example_python_operator.py took 0.391 seconds
[2025-07-11T09:35:13.916+0000] {processor.py:161} INFO - Started process (PID=142) to work on /home/airflow/.local/lib/python3.8/site-packages/airflow/example_dags/example_python_operator.py
[2025-07-11T09:35:13.918+0000] {processor.py:830} INFO - Processing file /home/airflow/.local/lib/python3.8/site-packages/airflow/example_dags/example_python_operator.py for tasks to queue
[2025-07-11T09:35:13.921+0000] {logging_mixin.py:188} INFO - [2025-07-11T09:35:13.920+0000] {dagbag.py:538} INFO - Filling up the DagBag from /home/airflow/.local/lib/python3.8/site-packages/airflow/example_dags/example_python_operator.py
[2025-07-11T09:35:13.939+0000] {processor.py:840} INFO - DAG(s) 'example_python_operator' retrieved from /home/airflow/.local/lib/python3.8/site-packages/airflow/example_dags/example_python_operator.py
[2025-07-11T09:35:13.973+0000] {logging_mixin.py:188} INFO - [2025-07-11T09:35:13.972+0000] {dag.py:3036} INFO - Sync 1 DAGs
[2025-07-11T09:35:13.991+0000] {logging_mixin.py:188} INFO - [2025-07-11T09:35:13.991+0000] {dag.py:3823} INFO - Setting next_dagrun for example_python_operator to None, run_after=None
[2025-07-11T09:35:14.026+0000] {processor.py:183} INFO - Processing /home/airflow/.local/lib/python3.8/site-packages/airflow/example_dags/example_python_operator.py took 0.114 seconds
[2025-07-11T09:35:44.064+0000] {processor.py:161} INFO - Started process (PID=197) to work on /home/airflow/.local/lib/python3.8/site-packages/airflow/example_dags/example_python_operator.py
[2025-07-11T09:35:44.065+0000] {processor.py:830} INFO - Processing file /home/airflow/.local/lib/python3.8/site-packages/airflow/example_dags/example_python_operator.py for tasks to queue
[2025-07-11T09:35:44.067+0000] {logging_mixin.py:188} INFO - [2025-07-11T09:35:44.067+0000] {dagbag.py:538} INFO - Filling up the DagBag from /home/airflow/.local/lib/python3.8/site-packages/airflow/example_dags/example_python_operator.py
[2025-07-11T09:35:44.082+0000] {processor.py:840} INFO - DAG(s) 'example_python_operator' retrieved from /home/airflow/.local/lib/python3.8/site-packages/airflow/example_dags/example_python_operator.py
[2025-07-11T09:35:44.110+0000] {logging_mixin.py:188} INFO - [2025-07-11T09:35:44.110+0000] {dag.py:3036} INFO - Sync 1 DAGs
[2025-07-11T09:35:44.126+0000] {logging_mixin.py:188} INFO - [2025-07-11T09:35:44.126+0000] {dag.py:3823} INFO - Setting next_dagrun for example_python_operator to None, run_after=None
[2025-07-11T09:35:44.154+0000] {processor.py:183} INFO - Processing /home/airflow/.local/lib/python3.8/site-packages/airflow/example_dags/example_python_operator.py took 0.094 seconds
[2025-07-11T09:36:14.734+0000] {processor.py:161} INFO - Started process (PID=252) to work on /home/airflow/.local/lib/python3.8/site-packages/airflow/example_dags/example_python_operator.py
[2025-07-11T09:36:14.736+0000] {processor.py:830} INFO - Processing file /home/airflow/.local/lib/python3.8/site-packages/airflow/example_dags/example_python_operator.py for tasks to queue
[2025-07-11T09:36:14.739+0000] {logging_mixin.py:188} INFO - [2025-07-11T09:36:14.738+0000] {dagbag.py:538} INFO - Filling up the DagBag from /home/airflow/.local/lib/python3.8/site-packages/airflow/example_dags/example_python_operator.py
[2025-07-11T09:36:14.757+0000] {processor.py:840} INFO - DAG(s) 'example_python_operator' retrieved from /home/airflow/.local/lib/python3.8/site-packages/airflow/example_dags/example_python_operator.py
[2025-07-11T09:36:14.790+0000] {logging_mixin.py:188} INFO - [2025-07-11T09:36:14.789+0000] {dag.py:3036} INFO - Sync 1 DAGs
[2025-07-11T09:36:14.811+0000] {logging_mixin.py:188} INFO - [2025-07-11T09:36:14.810+0000] {dag.py:3823} INFO - Setting next_dagrun for example_python_operator to None, run_after=None
[2025-07-11T09:36:14.839+0000] {processor.py:183} INFO - Processing /home/airflow/.local/lib/python3.8/site-packages/airflow/example_dags/example_python_operator.py took 0.108 seconds
[2025-07-11T09:36:45.017+0000] {processor.py:161} INFO - Started process (PID=307) to work on /home/airflow/.local/lib/python3.8/site-packages/airflow/example_dags/example_python_operator.py
[2025-07-11T09:36:45.019+0000] {processor.py:830} INFO - Processing file /home/airflow/.local/lib/python3.8/site-packages/airflow/example_dags/example_python_operator.py for tasks to queue
[2025-07-11T09:36:45.021+0000] {logging_mixin.py:188} INFO - [2025-07-11T09:36:45.021+0000] {dagbag.py:538} INFO - Filling up the DagBag from /home/airflow/.local/lib/python3.8/site-packages/airflow/example_dags/example_python_operator.py
[2025-07-11T09:36:45.038+0000] {processor.py:840} INFO - DAG(s) 'example_python_operator' retrieved from /home/airflow/.local/lib/python3.8/site-packages/airflow/example_dags/example_python_operator.py
[2025-07-11T09:36:45.070+0000] {logging_mixin.py:188} INFO - [2025-07-11T09:36:45.070+0000] {dag.py:3036} INFO - Sync 1 DAGs
[2025-07-11T09:36:45.088+0000] {logging_mixin.py:188} INFO - [2025-07-11T09:36:45.087+0000] {dag.py:3823} INFO - Setting next_dagrun for example_python_operator to None, run_after=None
[2025-07-11T09:36:45.120+0000] {processor.py:183} INFO - Processing /home/airflow/.local/lib/python3.8/site-packages/airflow/example_dags/example_python_operator.py took 0.107 seconds
[2025-07-11T09:37:15.411+0000] {processor.py:161} INFO - Started process (PID=362) to work on /home/airflow/.local/lib/python3.8/site-packages/airflow/example_dags/example_python_operator.py
[2025-07-11T09:37:15.412+0000] {processor.py:830} INFO - Processing file /home/airflow/.local/lib/python3.8/site-packages/airflow/example_dags/example_python_operator.py for tasks to queue
[2025-07-11T09:37:15.415+0000] {logging_mixin.py:188} INFO - [2025-07-11T09:37:15.414+0000] {dagbag.py:538} INFO - Filling up the DagBag from /home/airflow/.local/lib/python3.8/site-packages/airflow/example_dags/example_python_operator.py
[2025-07-11T09:37:15.432+0000] {processor.py:840} INFO - DAG(s) 'example_python_operator' retrieved from /home/airflow/.local/lib/python3.8/site-packages/airflow/example_dags/example_python_operator.py
[2025-07-11T09:37:15.464+0000] {logging_mixin.py:188} INFO - [2025-07-11T09:37:15.464+0000] {dag.py:3036} INFO - Sync 1 DAGs
[2025-07-11T09:37:15.486+0000] {logging_mixin.py:188} INFO - [2025-07-11T09:37:15.485+0000] {dag.py:3823} INFO - Setting next_dagrun for example_python_operator to None, run_after=None
[2025-07-11T09:37:15.517+0000] {processor.py:183} INFO - Processing /home/airflow/.local/lib/python3.8/site-packages/airflow/example_dags/example_python_operator.py took 0.111 seconds
[2025-07-11T09:37:45.803+0000] {processor.py:161} INFO - Started process (PID=417) to work on /home/airflow/.local/lib/python3.8/site-packages/airflow/example_dags/example_python_operator.py
[2025-07-11T09:37:45.806+0000] {processor.py:830} INFO - Processing file /home/airflow/.local/lib/python3.8/site-packages/airflow/example_dags/example_python_operator.py for tasks to queue
[2025-07-11T09:37:45.810+0000] {logging_mixin.py:188} INFO - [2025-07-11T09:37:45.809+0000] {dagbag.py:538} INFO - Filling up the DagBag from /home/airflow/.local/lib/python3.8/site-packages/airflow/example_dags/example_python_operator.py
[2025-07-11T09:37:45.829+0000] {processor.py:840} INFO - DAG(s) 'example_python_operator' retrieved from /home/airflow/.local/lib/python3.8/site-packages/airflow/example_dags/example_python_operator.py
[2025-07-11T09:37:45.866+0000] {logging_mixin.py:188} INFO - [2025-07-11T09:37:45.865+0000] {dag.py:3036} INFO - Sync 1 DAGs
[2025-07-11T09:37:45.887+0000] {logging_mixin.py:188} INFO - [2025-07-11T09:37:45.887+0000] {dag.py:3823} INFO - Setting next_dagrun for example_python_operator to None, run_after=None
[2025-07-11T09:37:45.931+0000] {processor.py:183} INFO - Processing /home/airflow/.local/lib/python3.8/site-packages/airflow/example_dags/example_python_operator.py took 0.134 seconds
[2025-07-11T09:38:16.042+0000] {processor.py:161} INFO - Started process (PID=472) to work on /home/airflow/.local/lib/python3.8/site-packages/airflow/example_dags/example_python_operator.py
[2025-07-11T09:38:16.043+0000] {processor.py:830} INFO - Processing file /home/airflow/.local/lib/python3.8/site-packages/airflow/example_dags/example_python_operator.py for tasks to queue
[2025-07-11T09:38:16.046+0000] {logging_mixin.py:188} INFO - [2025-07-11T09:38:16.045+0000] {dagbag.py:538} INFO - Filling up the DagBag from /home/airflow/.local/lib/python3.8/site-packages/airflow/example_dags/example_python_operator.py
[2025-07-11T09:38:16.060+0000] {processor.py:840} INFO - DAG(s) 'example_python_operator' retrieved from /home/airflow/.local/lib/python3.8/site-packages/airflow/example_dags/example_python_operator.py
[2025-07-11T09:38:16.090+0000] {logging_mixin.py:188} INFO - [2025-07-11T09:38:16.089+0000] {dag.py:3036} INFO - Sync 1 DAGs
[2025-07-11T09:38:16.108+0000] {logging_mixin.py:188} INFO - [2025-07-11T09:38:16.108+0000] {dag.py:3823} INFO - Setting next_dagrun for example_python_operator to None, run_after=None
[2025-07-11T09:38:16.136+0000] {processor.py:183} INFO - Processing /home/airflow/.local/lib/python3.8/site-packages/airflow/example_dags/example_python_operator.py took 0.099 seconds
[2025-07-11T09:38:46.497+0000] {processor.py:161} INFO - Started process (PID=527) to work on /home/airflow/.local/lib/python3.8/site-packages/airflow/example_dags/example_python_operator.py
[2025-07-11T09:38:46.499+0000] {processor.py:830} INFO - Processing file /home/airflow/.local/lib/python3.8/site-packages/airflow/example_dags/example_python_operator.py for tasks to queue
[2025-07-11T09:38:46.501+0000] {logging_mixin.py:188} INFO - [2025-07-11T09:38:46.501+0000] {dagbag.py:538} INFO - Filling up the DagBag from /home/airflow/.local/lib/python3.8/site-packages/airflow/example_dags/example_python_operator.py
[2025-07-11T09:38:46.517+0000] {processor.py:840} INFO - DAG(s) 'example_python_operator' retrieved from /home/airflow/.local/lib/python3.8/site-packages/airflow/example_dags/example_python_operator.py
[2025-07-11T09:38:46.552+0000] {logging_mixin.py:188} INFO - [2025-07-11T09:38:46.551+0000] {dag.py:3036} INFO - Sync 1 DAGs
[2025-07-11T09:38:46.569+0000] {logging_mixin.py:188} INFO - [2025-07-11T09:38:46.569+0000] {dag.py:3823} INFO - Setting next_dagrun for example_python_operator to None, run_after=None
[2025-07-11T09:38:46.599+0000] {processor.py:183} INFO - Processing /home/airflow/.local/lib/python3.8/site-packages/airflow/example_dags/example_python_operator.py took 0.110 seconds
[2025-07-11T09:39:16.872+0000] {processor.py:161} INFO - Started process (PID=583) to work on /home/airflow/.local/lib/python3.8/site-packages/airflow/example_dags/example_python_operator.py
[2025-07-11T09:39:16.875+0000] {processor.py:830} INFO - Processing file /home/airflow/.local/lib/python3.8/site-packages/airflow/example_dags/example_python_operator.py for tasks to queue
[2025-07-11T09:39:16.878+0000] {logging_mixin.py:188} INFO - [2025-07-11T09:39:16.877+0000] {dagbag.py:538} INFO - Filling up the DagBag from /home/airflow/.local/lib/python3.8/site-packages/airflow/example_dags/example_python_operator.py
[2025-07-11T09:39:16.892+0000] {processor.py:840} INFO - DAG(s) 'example_python_operator' retrieved from /home/airflow/.local/lib/python3.8/site-packages/airflow/example_dags/example_python_operator.py
[2025-07-11T09:39:16.921+0000] {logging_mixin.py:188} INFO - [2025-07-11T09:39:16.921+0000] {dag.py:3036} INFO - Sync 1 DAGs
[2025-07-11T09:39:16.938+0000] {logging_mixin.py:188} INFO - [2025-07-11T09:39:16.937+0000] {dag.py:3823} INFO - Setting next_dagrun for example_python_operator to None, run_after=None
[2025-07-11T09:39:16.970+0000] {processor.py:183} INFO - Processing /home/airflow/.local/lib/python3.8/site-packages/airflow/example_dags/example_python_operator.py took 0.103 seconds
[2025-07-11T09:39:47.167+0000] {processor.py:161} INFO - Started process (PID=638) to work on /home/airflow/.local/lib/python3.8/site-packages/airflow/example_dags/example_python_operator.py
[2025-07-11T09:39:47.169+0000] {processor.py:830} INFO - Processing file /home/airflow/.local/lib/python3.8/site-packages/airflow/example_dags/example_python_operator.py for tasks to queue
[2025-07-11T09:39:47.171+0000] {logging_mixin.py:188} INFO - [2025-07-11T09:39:47.171+0000] {dagbag.py:538} INFO - Filling up the DagBag from /home/airflow/.local/lib/python3.8/site-packages/airflow/example_dags/example_python_operator.py
[2025-07-11T09:39:47.187+0000] {processor.py:840} INFO - DAG(s) 'example_python_operator' retrieved from /home/airflow/.local/lib/python3.8/site-packages/airflow/example_dags/example_python_operator.py
[2025-07-11T09:39:47.217+0000] {logging_mixin.py:188} INFO - [2025-07-11T09:39:47.216+0000] {dag.py:3036} INFO - Sync 1 DAGs
[2025-07-11T09:39:47.237+0000] {logging_mixin.py:188} INFO - [2025-07-11T09:39:47.236+0000] {dag.py:3823} INFO - Setting next_dagrun for example_python_operator to None, run_after=None
[2025-07-11T09:39:47.274+0000] {processor.py:183} INFO - Processing /home/airflow/.local/lib/python3.8/site-packages/airflow/example_dags/example_python_operator.py took 0.111 seconds
[2025-07-11T09:40:17.667+0000] {processor.py:161} INFO - Started process (PID=693) to work on /home/airflow/.local/lib/python3.8/site-packages/airflow/example_dags/example_python_operator.py
[2025-07-11T09:40:17.669+0000] {processor.py:830} INFO - Processing file /home/airflow/.local/lib/python3.8/site-packages/airflow/example_dags/example_python_operator.py for tasks to queue
[2025-07-11T09:40:17.671+0000] {logging_mixin.py:188} INFO - [2025-07-11T09:40:17.671+0000] {dagbag.py:538} INFO - Filling up the DagBag from /home/airflow/.local/lib/python3.8/site-packages/airflow/example_dags/example_python_operator.py
[2025-07-11T09:40:17.689+0000] {processor.py:840} INFO - DAG(s) 'example_python_operator' retrieved from /home/airflow/.local/lib/python3.8/site-packages/airflow/example_dags/example_python_operator.py
[2025-07-11T09:40:17.721+0000] {logging_mixin.py:188} INFO - [2025-07-11T09:40:17.721+0000] {dag.py:3036} INFO - Sync 1 DAGs
[2025-07-11T09:40:17.741+0000] {logging_mixin.py:188} INFO - [2025-07-11T09:40:17.741+0000] {dag.py:3823} INFO - Setting next_dagrun for example_python_operator to None, run_after=None
[2025-07-11T09:40:17.772+0000] {processor.py:183} INFO - Processing /home/airflow/.local/lib/python3.8/site-packages/airflow/example_dags/example_python_operator.py took 0.110 seconds
[2025-07-11T09:40:48.114+0000] {processor.py:161} INFO - Started process (PID=748) to work on /home/airflow/.local/lib/python3.8/site-packages/airflow/example_dags/example_python_operator.py
[2025-07-11T09:40:48.116+0000] {processor.py:830} INFO - Processing file /home/airflow/.local/lib/python3.8/site-packages/airflow/example_dags/example_python_operator.py for tasks to queue
[2025-07-11T09:40:48.118+0000] {logging_mixin.py:188} INFO - [2025-07-11T09:40:48.118+0000] {dagbag.py:538} INFO - Filling up the DagBag from /home/airflow/.local/lib/python3.8/site-packages/airflow/example_dags/example_python_operator.py
[2025-07-11T09:40:48.136+0000] {processor.py:840} INFO - DAG(s) 'example_python_operator' retrieved from /home/airflow/.local/lib/python3.8/site-packages/airflow/example_dags/example_python_operator.py
[2025-07-11T09:40:48.168+0000] {logging_mixin.py:188} INFO - [2025-07-11T09:40:48.167+0000] {dag.py:3036} INFO - Sync 1 DAGs
[2025-07-11T09:40:48.186+0000] {logging_mixin.py:188} INFO - [2025-07-11T09:40:48.185+0000] {dag.py:3823} INFO - Setting next_dagrun for example_python_operator to None, run_after=None
[2025-07-11T09:40:48.215+0000] {processor.py:183} INFO - Processing /home/airflow/.local/lib/python3.8/site-packages/airflow/example_dags/example_python_operator.py took 0.106 seconds
[2025-07-11T09:41:18.341+0000] {processor.py:161} INFO - Started process (PID=803) to work on /home/airflow/.local/lib/python3.8/site-packages/airflow/example_dags/example_python_operator.py
[2025-07-11T09:41:18.342+0000] {processor.py:830} INFO - Processing file /home/airflow/.local/lib/python3.8/site-packages/airflow/example_dags/example_python_operator.py for tasks to queue
[2025-07-11T09:41:18.345+0000] {logging_mixin.py:188} INFO - [2025-07-11T09:41:18.344+0000] {dagbag.py:538} INFO - Filling up the DagBag from /home/airflow/.local/lib/python3.8/site-packages/airflow/example_dags/example_python_operator.py
[2025-07-11T09:41:18.362+0000] {processor.py:840} INFO - DAG(s) 'example_python_operator' retrieved from /home/airflow/.local/lib/python3.8/site-packages/airflow/example_dags/example_python_operator.py
[2025-07-11T09:41:18.394+0000] {logging_mixin.py:188} INFO - [2025-07-11T09:41:18.393+0000] {dag.py:3036} INFO - Sync 1 DAGs
[2025-07-11T09:41:18.412+0000] {logging_mixin.py:188} INFO - [2025-07-11T09:41:18.412+0000] {dag.py:3823} INFO - Setting next_dagrun for example_python_operator to None, run_after=None
[2025-07-11T09:41:18.444+0000] {processor.py:183} INFO - Processing /home/airflow/.local/lib/python3.8/site-packages/airflow/example_dags/example_python_operator.py took 0.109 seconds
[2025-07-11T09:41:48.886+0000] {processor.py:161} INFO - Started process (PID=858) to work on /home/airflow/.local/lib/python3.8/site-packages/airflow/example_dags/example_python_operator.py
[2025-07-11T09:41:48.887+0000] {processor.py:830} INFO - Processing file /home/airflow/.local/lib/python3.8/site-packages/airflow/example_dags/example_python_operator.py for tasks to queue
[2025-07-11T09:41:48.889+0000] {logging_mixin.py:188} INFO - [2025-07-11T09:41:48.889+0000] {dagbag.py:538} INFO - Filling up the DagBag from /home/airflow/.local/lib/python3.8/site-packages/airflow/example_dags/example_python_operator.py
[2025-07-11T09:41:48.904+0000] {processor.py:840} INFO - DAG(s) 'example_python_operator' retrieved from /home/airflow/.local/lib/python3.8/site-packages/airflow/example_dags/example_python_operator.py
[2025-07-11T09:41:48.934+0000] {logging_mixin.py:188} INFO - [2025-07-11T09:41:48.934+0000] {dag.py:3036} INFO - Sync 1 DAGs
[2025-07-11T09:41:48.951+0000] {logging_mixin.py:188} INFO - [2025-07-11T09:41:48.951+0000] {dag.py:3823} INFO - Setting next_dagrun for example_python_operator to None, run_after=None
[2025-07-11T09:41:48.983+0000] {processor.py:183} INFO - Processing /home/airflow/.local/lib/python3.8/site-packages/airflow/example_dags/example_python_operator.py took 0.102 seconds
[2025-07-11T09:42:19.259+0000] {processor.py:161} INFO - Started process (PID=913) to work on /home/airflow/.local/lib/python3.8/site-packages/airflow/example_dags/example_python_operator.py
[2025-07-11T09:42:19.261+0000] {processor.py:830} INFO - Processing file /home/airflow/.local/lib/python3.8/site-packages/airflow/example_dags/example_python_operator.py for tasks to queue
[2025-07-11T09:42:19.264+0000] {logging_mixin.py:188} INFO - [2025-07-11T09:42:19.263+0000] {dagbag.py:538} INFO - Filling up the DagBag from /home/airflow/.local/lib/python3.8/site-packages/airflow/example_dags/example_python_operator.py
[2025-07-11T09:42:19.280+0000] {processor.py:840} INFO - DAG(s) 'example_python_operator' retrieved from /home/airflow/.local/lib/python3.8/site-packages/airflow/example_dags/example_python_operator.py
[2025-07-11T09:42:19.316+0000] {logging_mixin.py:188} INFO - [2025-07-11T09:42:19.316+0000] {dag.py:3036} INFO - Sync 1 DAGs
[2025-07-11T09:42:19.337+0000] {logging_mixin.py:188} INFO - [2025-07-11T09:42:19.336+0000] {dag.py:3823} INFO - Setting next_dagrun for example_python_operator to None, run_after=None
[2025-07-11T09:42:19.370+0000] {processor.py:183} INFO - Processing /home/airflow/.local/lib/python3.8/site-packages/airflow/example_dags/example_python_operator.py took 0.118 seconds
[2025-07-11T09:42:49.703+0000] {processor.py:161} INFO - Started process (PID=968) to work on /home/airflow/.local/lib/python3.8/site-packages/airflow/example_dags/example_python_operator.py
[2025-07-11T09:42:49.704+0000] {processor.py:830} INFO - Processing file /home/airflow/.local/lib/python3.8/site-packages/airflow/example_dags/example_python_operator.py for tasks to queue
[2025-07-11T09:42:49.707+0000] {logging_mixin.py:188} INFO - [2025-07-11T09:42:49.706+0000] {dagbag.py:538} INFO - Filling up the DagBag from /home/airflow/.local/lib/python3.8/site-packages/airflow/example_dags/example_python_operator.py
[2025-07-11T09:42:49.723+0000] {processor.py:840} INFO - DAG(s) 'example_python_operator' retrieved from /home/airflow/.local/lib/python3.8/site-packages/airflow/example_dags/example_python_operator.py
[2025-07-11T09:42:49.761+0000] {logging_mixin.py:188} INFO - [2025-07-11T09:42:49.760+0000] {dag.py:3036} INFO - Sync 1 DAGs
[2025-07-11T09:42:49.784+0000] {logging_mixin.py:188} INFO - [2025-07-11T09:42:49.784+0000] {dag.py:3823} INFO - Setting next_dagrun for example_python_operator to None, run_after=None
[2025-07-11T09:42:49.827+0000] {processor.py:183} INFO - Processing /home/airflow/.local/lib/python3.8/site-packages/airflow/example_dags/example_python_operator.py took 0.128 seconds
[2025-07-11T09:43:20.103+0000] {processor.py:161} INFO - Started process (PID=1023) to work on /home/airflow/.local/lib/python3.8/site-packages/airflow/example_dags/example_python_operator.py
[2025-07-11T09:43:20.105+0000] {processor.py:830} INFO - Processing file /home/airflow/.local/lib/python3.8/site-packages/airflow/example_dags/example_python_operator.py for tasks to queue
[2025-07-11T09:43:20.108+0000] {logging_mixin.py:188} INFO - [2025-07-11T09:43:20.107+0000] {dagbag.py:538} INFO - Filling up the DagBag from /home/airflow/.local/lib/python3.8/site-packages/airflow/example_dags/example_python_operator.py
[2025-07-11T09:43:20.126+0000] {processor.py:840} INFO - DAG(s) 'example_python_operator' retrieved from /home/airflow/.local/lib/python3.8/site-packages/airflow/example_dags/example_python_operator.py
[2025-07-11T09:43:20.155+0000] {logging_mixin.py:188} INFO - [2025-07-11T09:43:20.155+0000] {dag.py:3036} INFO - Sync 1 DAGs
[2025-07-11T09:43:20.172+0000] {logging_mixin.py:188} INFO - [2025-07-11T09:43:20.172+0000] {dag.py:3823} INFO - Setting next_dagrun for example_python_operator to None, run_after=None
[2025-07-11T09:43:20.200+0000] {processor.py:183} INFO - Processing /home/airflow/.local/lib/python3.8/site-packages/airflow/example_dags/example_python_operator.py took 0.102 seconds
[2025-07-11T09:43:50.407+0000] {processor.py:161} INFO - Started process (PID=1078) to work on /home/airflow/.local/lib/python3.8/site-packages/airflow/example_dags/example_python_operator.py
[2025-07-11T09:43:50.408+0000] {processor.py:830} INFO - Processing file /home/airflow/.local/lib/python3.8/site-packages/airflow/example_dags/example_python_operator.py for tasks to queue
[2025-07-11T09:43:50.411+0000] {logging_mixin.py:188} INFO - [2025-07-11T09:43:50.410+0000] {dagbag.py:538} INFO - Filling up the DagBag from /home/airflow/.local/lib/python3.8/site-packages/airflow/example_dags/example_python_operator.py
[2025-07-11T09:43:50.425+0000] {processor.py:840} INFO - DAG(s) 'example_python_operator' retrieved from /home/airflow/.local/lib/python3.8/site-packages/airflow/example_dags/example_python_operator.py
[2025-07-11T09:43:50.454+0000] {logging_mixin.py:188} INFO - [2025-07-11T09:43:50.453+0000] {dag.py:3036} INFO - Sync 1 DAGs
[2025-07-11T09:43:50.470+0000] {logging_mixin.py:188} INFO - [2025-07-11T09:43:50.469+0000] {dag.py:3823} INFO - Setting next_dagrun for example_python_operator to None, run_after=None
[2025-07-11T09:43:50.498+0000] {processor.py:183} INFO - Processing /home/airflow/.local/lib/python3.8/site-packages/airflow/example_dags/example_python_operator.py took 0.095 seconds
[2025-07-11T09:44:20.884+0000] {processor.py:161} INFO - Started process (PID=1134) to work on /home/airflow/.local/lib/python3.8/site-packages/airflow/example_dags/example_python_operator.py
[2025-07-11T09:44:20.886+0000] {processor.py:830} INFO - Processing file /home/airflow/.local/lib/python3.8/site-packages/airflow/example_dags/example_python_operator.py for tasks to queue
[2025-07-11T09:44:20.889+0000] {logging_mixin.py:188} INFO - [2025-07-11T09:44:20.888+0000] {dagbag.py:538} INFO - Filling up the DagBag from /home/airflow/.local/lib/python3.8/site-packages/airflow/example_dags/example_python_operator.py
[2025-07-11T09:44:20.904+0000] {processor.py:840} INFO - DAG(s) 'example_python_operator' retrieved from /home/airflow/.local/lib/python3.8/site-packages/airflow/example_dags/example_python_operator.py
[2025-07-11T09:44:20.935+0000] {logging_mixin.py:188} INFO - [2025-07-11T09:44:20.934+0000] {dag.py:3036} INFO - Sync 1 DAGs
[2025-07-11T09:44:20.952+0000] {logging_mixin.py:188} INFO - [2025-07-11T09:44:20.952+0000] {dag.py:3823} INFO - Setting next_dagrun for example_python_operator to None, run_after=None
[2025-07-11T09:44:20.980+0000] {processor.py:183} INFO - Processing /home/airflow/.local/lib/python3.8/site-packages/airflow/example_dags/example_python_operator.py took 0.102 seconds
[2025-07-11T09:44:51.365+0000] {processor.py:161} INFO - Started process (PID=1189) to work on /home/airflow/.local/lib/python3.8/site-packages/airflow/example_dags/example_python_operator.py
[2025-07-11T09:44:51.366+0000] {processor.py:830} INFO - Processing file /home/airflow/.local/lib/python3.8/site-packages/airflow/example_dags/example_python_operator.py for tasks to queue
[2025-07-11T09:44:51.369+0000] {logging_mixin.py:188} INFO - [2025-07-11T09:44:51.368+0000] {dagbag.py:538} INFO - Filling up the DagBag from /home/airflow/.local/lib/python3.8/site-packages/airflow/example_dags/example_python_operator.py
[2025-07-11T09:44:51.383+0000] {processor.py:840} INFO - DAG(s) 'example_python_operator' retrieved from /home/airflow/.local/lib/python3.8/site-packages/airflow/example_dags/example_python_operator.py
[2025-07-11T09:44:51.411+0000] {logging_mixin.py:188} INFO - [2025-07-11T09:44:51.411+0000] {dag.py:3036} INFO - Sync 1 DAGs
[2025-07-11T09:44:51.428+0000] {logging_mixin.py:188} INFO - [2025-07-11T09:44:51.427+0000] {dag.py:3823} INFO - Setting next_dagrun for example_python_operator to None, run_after=None
[2025-07-11T09:44:51.457+0000] {processor.py:183} INFO - Processing /home/airflow/.local/lib/python3.8/site-packages/airflow/example_dags/example_python_operator.py took 0.097 seconds
[2025-07-11T09:45:21.764+0000] {processor.py:161} INFO - Started process (PID=1244) to work on /home/airflow/.local/lib/python3.8/site-packages/airflow/example_dags/example_python_operator.py
[2025-07-11T09:45:21.766+0000] {processor.py:830} INFO - Processing file /home/airflow/.local/lib/python3.8/site-packages/airflow/example_dags/example_python_operator.py for tasks to queue
[2025-07-11T09:45:21.768+0000] {logging_mixin.py:188} INFO - [2025-07-11T09:45:21.767+0000] {dagbag.py:538} INFO - Filling up the DagBag from /home/airflow/.local/lib/python3.8/site-packages/airflow/example_dags/example_python_operator.py
[2025-07-11T09:45:21.782+0000] {processor.py:840} INFO - DAG(s) 'example_python_operator' retrieved from /home/airflow/.local/lib/python3.8/site-packages/airflow/example_dags/example_python_operator.py
[2025-07-11T09:45:21.813+0000] {logging_mixin.py:188} INFO - [2025-07-11T09:45:21.813+0000] {dag.py:3036} INFO - Sync 1 DAGs
[2025-07-11T09:45:21.832+0000] {logging_mixin.py:188} INFO - [2025-07-11T09:45:21.831+0000] {dag.py:3823} INFO - Setting next_dagrun for example_python_operator to None, run_after=None
[2025-07-11T09:45:21.865+0000] {processor.py:183} INFO - Processing /home/airflow/.local/lib/python3.8/site-packages/airflow/example_dags/example_python_operator.py took 0.105 seconds
[2025-07-11T09:45:52.182+0000] {processor.py:161} INFO - Started process (PID=1299) to work on /home/airflow/.local/lib/python3.8/site-packages/airflow/example_dags/example_python_operator.py
[2025-07-11T09:45:52.184+0000] {processor.py:830} INFO - Processing file /home/airflow/.local/lib/python3.8/site-packages/airflow/example_dags/example_python_operator.py for tasks to queue
[2025-07-11T09:45:52.186+0000] {logging_mixin.py:188} INFO - [2025-07-11T09:45:52.186+0000] {dagbag.py:538} INFO - Filling up the DagBag from /home/airflow/.local/lib/python3.8/site-packages/airflow/example_dags/example_python_operator.py
[2025-07-11T09:45:52.200+0000] {processor.py:840} INFO - DAG(s) 'example_python_operator' retrieved from /home/airflow/.local/lib/python3.8/site-packages/airflow/example_dags/example_python_operator.py
[2025-07-11T09:45:52.235+0000] {logging_mixin.py:188} INFO - [2025-07-11T09:45:52.234+0000] {dag.py:3036} INFO - Sync 1 DAGs
[2025-07-11T09:45:52.252+0000] {logging_mixin.py:188} INFO - [2025-07-11T09:45:52.252+0000] {dag.py:3823} INFO - Setting next_dagrun for example_python_operator to None, run_after=None
[2025-07-11T09:45:52.281+0000] {processor.py:183} INFO - Processing /home/airflow/.local/lib/python3.8/site-packages/airflow/example_dags/example_python_operator.py took 0.102 seconds
[2025-07-11T09:46:22.625+0000] {processor.py:161} INFO - Started process (PID=1354) to work on /home/airflow/.local/lib/python3.8/site-packages/airflow/example_dags/example_python_operator.py
[2025-07-11T09:46:22.627+0000] {processor.py:830} INFO - Processing file /home/airflow/.local/lib/python3.8/site-packages/airflow/example_dags/example_python_operator.py for tasks to queue
[2025-07-11T09:46:22.629+0000] {logging_mixin.py:188} INFO - [2025-07-11T09:46:22.628+0000] {dagbag.py:538} INFO - Filling up the DagBag from /home/airflow/.local/lib/python3.8/site-packages/airflow/example_dags/example_python_operator.py
[2025-07-11T09:46:22.643+0000] {processor.py:840} INFO - DAG(s) 'example_python_operator' retrieved from /home/airflow/.local/lib/python3.8/site-packages/airflow/example_dags/example_python_operator.py
[2025-07-11T09:46:22.672+0000] {logging_mixin.py:188} INFO - [2025-07-11T09:46:22.672+0000] {dag.py:3036} INFO - Sync 1 DAGs
[2025-07-11T09:46:22.688+0000] {logging_mixin.py:188} INFO - [2025-07-11T09:46:22.688+0000] {dag.py:3823} INFO - Setting next_dagrun for example_python_operator to None, run_after=None
[2025-07-11T09:46:22.717+0000] {processor.py:183} INFO - Processing /home/airflow/.local/lib/python3.8/site-packages/airflow/example_dags/example_python_operator.py took 0.096 seconds
[2025-07-11T09:46:52.993+0000] {processor.py:161} INFO - Started process (PID=1409) to work on /home/airflow/.local/lib/python3.8/site-packages/airflow/example_dags/example_python_operator.py
[2025-07-11T09:46:52.997+0000] {processor.py:830} INFO - Processing file /home/airflow/.local/lib/python3.8/site-packages/airflow/example_dags/example_python_operator.py for tasks to queue
[2025-07-11T09:46:52.999+0000] {logging_mixin.py:188} INFO - [2025-07-11T09:46:52.998+0000] {dagbag.py:538} INFO - Filling up the DagBag from /home/airflow/.local/lib/python3.8/site-packages/airflow/example_dags/example_python_operator.py
[2025-07-11T09:46:53.016+0000] {processor.py:840} INFO - DAG(s) 'example_python_operator' retrieved from /home/airflow/.local/lib/python3.8/site-packages/airflow/example_dags/example_python_operator.py
[2025-07-11T09:46:53.047+0000] {logging_mixin.py:188} INFO - [2025-07-11T09:46:53.046+0000] {dag.py:3036} INFO - Sync 1 DAGs
[2025-07-11T09:46:53.065+0000] {logging_mixin.py:188} INFO - [2025-07-11T09:46:53.064+0000] {dag.py:3823} INFO - Setting next_dagrun for example_python_operator to None, run_after=None
[2025-07-11T09:46:53.095+0000] {processor.py:183} INFO - Processing /home/airflow/.local/lib/python3.8/site-packages/airflow/example_dags/example_python_operator.py took 0.106 seconds
[2025-07-11T09:47:23.534+0000] {processor.py:161} INFO - Started process (PID=1463) to work on /home/airflow/.local/lib/python3.8/site-packages/airflow/example_dags/example_python_operator.py
[2025-07-11T09:47:23.536+0000] {processor.py:830} INFO - Processing file /home/airflow/.local/lib/python3.8/site-packages/airflow/example_dags/example_python_operator.py for tasks to queue
[2025-07-11T09:47:23.538+0000] {logging_mixin.py:188} INFO - [2025-07-11T09:47:23.538+0000] {dagbag.py:538} INFO - Filling up the DagBag from /home/airflow/.local/lib/python3.8/site-packages/airflow/example_dags/example_python_operator.py
[2025-07-11T09:47:23.553+0000] {processor.py:840} INFO - DAG(s) 'example_python_operator' retrieved from /home/airflow/.local/lib/python3.8/site-packages/airflow/example_dags/example_python_operator.py
[2025-07-11T09:47:23.584+0000] {logging_mixin.py:188} INFO - [2025-07-11T09:47:23.584+0000] {dag.py:3036} INFO - Sync 1 DAGs
[2025-07-11T09:47:23.604+0000] {logging_mixin.py:188} INFO - [2025-07-11T09:47:23.603+0000] {dag.py:3823} INFO - Setting next_dagrun for example_python_operator to None, run_after=None
[2025-07-11T09:47:23.633+0000] {processor.py:183} INFO - Processing /home/airflow/.local/lib/python3.8/site-packages/airflow/example_dags/example_python_operator.py took 0.103 seconds
[2025-07-11T09:47:53.834+0000] {processor.py:161} INFO - Started process (PID=1517) to work on /home/airflow/.local/lib/python3.8/site-packages/airflow/example_dags/example_python_operator.py
[2025-07-11T09:47:53.836+0000] {processor.py:830} INFO - Processing file /home/airflow/.local/lib/python3.8/site-packages/airflow/example_dags/example_python_operator.py for tasks to queue
[2025-07-11T09:47:53.839+0000] {logging_mixin.py:188} INFO - [2025-07-11T09:47:53.838+0000] {dagbag.py:538} INFO - Filling up the DagBag from /home/airflow/.local/lib/python3.8/site-packages/airflow/example_dags/example_python_operator.py
[2025-07-11T09:47:53.853+0000] {processor.py:840} INFO - DAG(s) 'example_python_operator' retrieved from /home/airflow/.local/lib/python3.8/site-packages/airflow/example_dags/example_python_operator.py
[2025-07-11T09:47:53.883+0000] {logging_mixin.py:188} INFO - [2025-07-11T09:47:53.883+0000] {dag.py:3036} INFO - Sync 1 DAGs
[2025-07-11T09:47:53.901+0000] {logging_mixin.py:188} INFO - [2025-07-11T09:47:53.901+0000] {dag.py:3823} INFO - Setting next_dagrun for example_python_operator to None, run_after=None
[2025-07-11T09:47:53.930+0000] {processor.py:183} INFO - Processing /home/airflow/.local/lib/python3.8/site-packages/airflow/example_dags/example_python_operator.py took 0.100 seconds
[2025-07-11T09:48:24.682+0000] {processor.py:161} INFO - Started process (PID=1572) to work on /home/airflow/.local/lib/python3.8/site-packages/airflow/example_dags/example_python_operator.py
[2025-07-11T09:48:24.684+0000] {processor.py:830} INFO - Processing file /home/airflow/.local/lib/python3.8/site-packages/airflow/example_dags/example_python_operator.py for tasks to queue
[2025-07-11T09:48:24.686+0000] {logging_mixin.py:188} INFO - [2025-07-11T09:48:24.686+0000] {dagbag.py:538} INFO - Filling up the DagBag from /home/airflow/.local/lib/python3.8/site-packages/airflow/example_dags/example_python_operator.py
[2025-07-11T09:48:24.704+0000] {processor.py:840} INFO - DAG(s) 'example_python_operator' retrieved from /home/airflow/.local/lib/python3.8/site-packages/airflow/example_dags/example_python_operator.py
[2025-07-11T09:48:24.740+0000] {logging_mixin.py:188} INFO - [2025-07-11T09:48:24.739+0000] {dag.py:3036} INFO - Sync 1 DAGs
[2025-07-11T09:48:24.761+0000] {logging_mixin.py:188} INFO - [2025-07-11T09:48:24.760+0000] {dag.py:3823} INFO - Setting next_dagrun for example_python_operator to None, run_after=None
[2025-07-11T09:48:24.795+0000] {processor.py:183} INFO - Processing /home/airflow/.local/lib/python3.8/site-packages/airflow/example_dags/example_python_operator.py took 0.119 seconds
[2025-07-11T09:48:55.222+0000] {processor.py:161} INFO - Started process (PID=1627) to work on /home/airflow/.local/lib/python3.8/site-packages/airflow/example_dags/example_python_operator.py
[2025-07-11T09:48:55.223+0000] {processor.py:830} INFO - Processing file /home/airflow/.local/lib/python3.8/site-packages/airflow/example_dags/example_python_operator.py for tasks to queue
[2025-07-11T09:48:55.225+0000] {logging_mixin.py:188} INFO - [2025-07-11T09:48:55.225+0000] {dagbag.py:538} INFO - Filling up the DagBag from /home/airflow/.local/lib/python3.8/site-packages/airflow/example_dags/example_python_operator.py
[2025-07-11T09:48:55.243+0000] {processor.py:840} INFO - DAG(s) 'example_python_operator' retrieved from /home/airflow/.local/lib/python3.8/site-packages/airflow/example_dags/example_python_operator.py
[2025-07-11T09:48:55.274+0000] {logging_mixin.py:188} INFO - [2025-07-11T09:48:55.274+0000] {dag.py:3036} INFO - Sync 1 DAGs
[2025-07-11T09:48:55.292+0000] {logging_mixin.py:188} INFO - [2025-07-11T09:48:55.291+0000] {dag.py:3823} INFO - Setting next_dagrun for example_python_operator to None, run_after=None
[2025-07-11T09:48:55.322+0000] {processor.py:183} INFO - Processing /home/airflow/.local/lib/python3.8/site-packages/airflow/example_dags/example_python_operator.py took 0.105 seconds
[2025-07-11T09:49:25.829+0000] {processor.py:161} INFO - Started process (PID=1682) to work on /home/airflow/.local/lib/python3.8/site-packages/airflow/example_dags/example_python_operator.py
[2025-07-11T09:49:25.831+0000] {processor.py:830} INFO - Processing file /home/airflow/.local/lib/python3.8/site-packages/airflow/example_dags/example_python_operator.py for tasks to queue
[2025-07-11T09:49:25.834+0000] {logging_mixin.py:188} INFO - [2025-07-11T09:49:25.833+0000] {dagbag.py:538} INFO - Filling up the DagBag from /home/airflow/.local/lib/python3.8/site-packages/airflow/example_dags/example_python_operator.py
[2025-07-11T09:49:25.850+0000] {processor.py:840} INFO - DAG(s) 'example_python_operator' retrieved from /home/airflow/.local/lib/python3.8/site-packages/airflow/example_dags/example_python_operator.py
[2025-07-11T09:49:25.881+0000] {logging_mixin.py:188} INFO - [2025-07-11T09:49:25.881+0000] {dag.py:3036} INFO - Sync 1 DAGs
[2025-07-11T09:49:25.902+0000] {logging_mixin.py:188} INFO - [2025-07-11T09:49:25.902+0000] {dag.py:3823} INFO - Setting next_dagrun for example_python_operator to None, run_after=None
[2025-07-11T09:49:25.939+0000] {processor.py:183} INFO - Processing /home/airflow/.local/lib/python3.8/site-packages/airflow/example_dags/example_python_operator.py took 0.115 seconds
[2025-07-11T09:49:56.277+0000] {processor.py:161} INFO - Started process (PID=1737) to work on /home/airflow/.local/lib/python3.8/site-packages/airflow/example_dags/example_python_operator.py
[2025-07-11T09:49:56.279+0000] {processor.py:830} INFO - Processing file /home/airflow/.local/lib/python3.8/site-packages/airflow/example_dags/example_python_operator.py for tasks to queue
[2025-07-11T09:49:56.282+0000] {logging_mixin.py:188} INFO - [2025-07-11T09:49:56.281+0000] {dagbag.py:538} INFO - Filling up the DagBag from /home/airflow/.local/lib/python3.8/site-packages/airflow/example_dags/example_python_operator.py
[2025-07-11T09:49:56.298+0000] {processor.py:840} INFO - DAG(s) 'example_python_operator' retrieved from /home/airflow/.local/lib/python3.8/site-packages/airflow/example_dags/example_python_operator.py
[2025-07-11T09:49:56.329+0000] {logging_mixin.py:188} INFO - [2025-07-11T09:49:56.329+0000] {dag.py:3036} INFO - Sync 1 DAGs
[2025-07-11T09:49:56.346+0000] {logging_mixin.py:188} INFO - [2025-07-11T09:49:56.346+0000] {dag.py:3823} INFO - Setting next_dagrun for example_python_operator to None, run_after=None
[2025-07-11T09:49:56.376+0000] {processor.py:183} INFO - Processing /home/airflow/.local/lib/python3.8/site-packages/airflow/example_dags/example_python_operator.py took 0.104 seconds
[2025-07-11T09:50:27.133+0000] {processor.py:161} INFO - Started process (PID=1792) to work on /home/airflow/.local/lib/python3.8/site-packages/airflow/example_dags/example_python_operator.py
[2025-07-11T09:50:27.135+0000] {processor.py:830} INFO - Processing file /home/airflow/.local/lib/python3.8/site-packages/airflow/example_dags/example_python_operator.py for tasks to queue
[2025-07-11T09:50:27.138+0000] {logging_mixin.py:188} INFO - [2025-07-11T09:50:27.138+0000] {dagbag.py:538} INFO - Filling up the DagBag from /home/airflow/.local/lib/python3.8/site-packages/airflow/example_dags/example_python_operator.py
[2025-07-11T09:50:27.158+0000] {processor.py:840} INFO - DAG(s) 'example_python_operator' retrieved from /home/airflow/.local/lib/python3.8/site-packages/airflow/example_dags/example_python_operator.py
[2025-07-11T09:50:27.195+0000] {logging_mixin.py:188} INFO - [2025-07-11T09:50:27.195+0000] {dag.py:3036} INFO - Sync 1 DAGs
[2025-07-11T09:50:27.217+0000] {logging_mixin.py:188} INFO - [2025-07-11T09:50:27.217+0000] {dag.py:3823} INFO - Setting next_dagrun for example_python_operator to None, run_after=None
[2025-07-11T09:50:27.252+0000] {processor.py:183} INFO - Processing /home/airflow/.local/lib/python3.8/site-packages/airflow/example_dags/example_python_operator.py took 0.125 seconds
[2025-07-11T09:50:58.050+0000] {processor.py:161} INFO - Started process (PID=1847) to work on /home/airflow/.local/lib/python3.8/site-packages/airflow/example_dags/example_python_operator.py
[2025-07-11T09:50:58.052+0000] {processor.py:830} INFO - Processing file /home/airflow/.local/lib/python3.8/site-packages/airflow/example_dags/example_python_operator.py for tasks to queue
[2025-07-11T09:50:58.054+0000] {logging_mixin.py:188} INFO - [2025-07-11T09:50:58.054+0000] {dagbag.py:538} INFO - Filling up the DagBag from /home/airflow/.local/lib/python3.8/site-packages/airflow/example_dags/example_python_operator.py
[2025-07-11T09:50:58.069+0000] {processor.py:840} INFO - DAG(s) 'example_python_operator' retrieved from /home/airflow/.local/lib/python3.8/site-packages/airflow/example_dags/example_python_operator.py
[2025-07-11T09:50:58.099+0000] {logging_mixin.py:188} INFO - [2025-07-11T09:50:58.099+0000] {dag.py:3036} INFO - Sync 1 DAGs
[2025-07-11T09:50:58.116+0000] {logging_mixin.py:188} INFO - [2025-07-11T09:50:58.116+0000] {dag.py:3823} INFO - Setting next_dagrun for example_python_operator to None, run_after=None
[2025-07-11T09:50:58.146+0000] {processor.py:183} INFO - Processing /home/airflow/.local/lib/python3.8/site-packages/airflow/example_dags/example_python_operator.py took 0.101 seconds
[2025-07-11T09:51:28.482+0000] {processor.py:161} INFO - Started process (PID=1902) to work on /home/airflow/.local/lib/python3.8/site-packages/airflow/example_dags/example_python_operator.py
[2025-07-11T09:51:28.484+0000] {processor.py:830} INFO - Processing file /home/airflow/.local/lib/python3.8/site-packages/airflow/example_dags/example_python_operator.py for tasks to queue
[2025-07-11T09:51:28.486+0000] {logging_mixin.py:188} INFO - [2025-07-11T09:51:28.486+0000] {dagbag.py:538} INFO - Filling up the DagBag from /home/airflow/.local/lib/python3.8/site-packages/airflow/example_dags/example_python_operator.py
[2025-07-11T09:51:28.500+0000] {processor.py:840} INFO - DAG(s) 'example_python_operator' retrieved from /home/airflow/.local/lib/python3.8/site-packages/airflow/example_dags/example_python_operator.py
[2025-07-11T09:51:28.528+0000] {logging_mixin.py:188} INFO - [2025-07-11T09:51:28.528+0000] {dag.py:3036} INFO - Sync 1 DAGs
[2025-07-11T09:51:28.544+0000] {logging_mixin.py:188} INFO - [2025-07-11T09:51:28.544+0000] {dag.py:3823} INFO - Setting next_dagrun for example_python_operator to None, run_after=None
[2025-07-11T09:51:28.573+0000] {processor.py:183} INFO - Processing /home/airflow/.local/lib/python3.8/site-packages/airflow/example_dags/example_python_operator.py took 0.096 seconds
[2025-07-11T09:51:59.135+0000] {processor.py:161} INFO - Started process (PID=1957) to work on /home/airflow/.local/lib/python3.8/site-packages/airflow/example_dags/example_python_operator.py
[2025-07-11T09:51:59.136+0000] {processor.py:830} INFO - Processing file /home/airflow/.local/lib/python3.8/site-packages/airflow/example_dags/example_python_operator.py for tasks to queue
[2025-07-11T09:51:59.139+0000] {logging_mixin.py:188} INFO - [2025-07-11T09:51:59.138+0000] {dagbag.py:538} INFO - Filling up the DagBag from /home/airflow/.local/lib/python3.8/site-packages/airflow/example_dags/example_python_operator.py
[2025-07-11T09:51:59.153+0000] {processor.py:840} INFO - DAG(s) 'example_python_operator' retrieved from /home/airflow/.local/lib/python3.8/site-packages/airflow/example_dags/example_python_operator.py
[2025-07-11T09:51:59.184+0000] {logging_mixin.py:188} INFO - [2025-07-11T09:51:59.184+0000] {dag.py:3036} INFO - Sync 1 DAGs
[2025-07-11T09:51:59.201+0000] {logging_mixin.py:188} INFO - [2025-07-11T09:51:59.200+0000] {dag.py:3823} INFO - Setting next_dagrun for example_python_operator to None, run_after=None
[2025-07-11T09:51:59.229+0000] {processor.py:183} INFO - Processing /home/airflow/.local/lib/python3.8/site-packages/airflow/example_dags/example_python_operator.py took 0.099 seconds
[2025-07-11T09:52:29.937+0000] {processor.py:161} INFO - Started process (PID=2012) to work on /home/airflow/.local/lib/python3.8/site-packages/airflow/example_dags/example_python_operator.py
[2025-07-11T09:52:29.938+0000] {processor.py:830} INFO - Processing file /home/airflow/.local/lib/python3.8/site-packages/airflow/example_dags/example_python_operator.py for tasks to queue
[2025-07-11T09:52:29.941+0000] {logging_mixin.py:188} INFO - [2025-07-11T09:52:29.940+0000] {dagbag.py:538} INFO - Filling up the DagBag from /home/airflow/.local/lib/python3.8/site-packages/airflow/example_dags/example_python_operator.py
[2025-07-11T09:52:29.955+0000] {processor.py:840} INFO - DAG(s) 'example_python_operator' retrieved from /home/airflow/.local/lib/python3.8/site-packages/airflow/example_dags/example_python_operator.py
[2025-07-11T09:52:29.984+0000] {logging_mixin.py:188} INFO - [2025-07-11T09:52:29.984+0000] {dag.py:3036} INFO - Sync 1 DAGs
[2025-07-11T09:52:30.001+0000] {logging_mixin.py:188} INFO - [2025-07-11T09:52:30.001+0000] {dag.py:3823} INFO - Setting next_dagrun for example_python_operator to None, run_after=None
[2025-07-11T09:52:30.031+0000] {processor.py:183} INFO - Processing /home/airflow/.local/lib/python3.8/site-packages/airflow/example_dags/example_python_operator.py took 0.098 seconds
[2025-07-11T09:53:00.519+0000] {processor.py:161} INFO - Started process (PID=2067) to work on /home/airflow/.local/lib/python3.8/site-packages/airflow/example_dags/example_python_operator.py
[2025-07-11T09:53:00.521+0000] {processor.py:830} INFO - Processing file /home/airflow/.local/lib/python3.8/site-packages/airflow/example_dags/example_python_operator.py for tasks to queue
[2025-07-11T09:53:00.524+0000] {logging_mixin.py:188} INFO - [2025-07-11T09:53:00.524+0000] {dagbag.py:538} INFO - Filling up the DagBag from /home/airflow/.local/lib/python3.8/site-packages/airflow/example_dags/example_python_operator.py
[2025-07-11T09:53:00.545+0000] {processor.py:840} INFO - DAG(s) 'example_python_operator' retrieved from /home/airflow/.local/lib/python3.8/site-packages/airflow/example_dags/example_python_operator.py
[2025-07-11T09:53:00.586+0000] {logging_mixin.py:188} INFO - [2025-07-11T09:53:00.586+0000] {dag.py:3036} INFO - Sync 1 DAGs
[2025-07-11T09:53:00.609+0000] {logging_mixin.py:188} INFO - [2025-07-11T09:53:00.608+0000] {dag.py:3823} INFO - Setting next_dagrun for example_python_operator to None, run_after=None
[2025-07-11T09:53:00.640+0000] {processor.py:183} INFO - Processing /home/airflow/.local/lib/python3.8/site-packages/airflow/example_dags/example_python_operator.py took 0.127 seconds
[2025-07-11T09:53:30.837+0000] {processor.py:161} INFO - Started process (PID=2122) to work on /home/airflow/.local/lib/python3.8/site-packages/airflow/example_dags/example_python_operator.py
[2025-07-11T09:53:30.840+0000] {processor.py:830} INFO - Processing file /home/airflow/.local/lib/python3.8/site-packages/airflow/example_dags/example_python_operator.py for tasks to queue
[2025-07-11T09:53:30.843+0000] {logging_mixin.py:188} INFO - [2025-07-11T09:53:30.842+0000] {dagbag.py:538} INFO - Filling up the DagBag from /home/airflow/.local/lib/python3.8/site-packages/airflow/example_dags/example_python_operator.py
[2025-07-11T09:53:30.862+0000] {processor.py:840} INFO - DAG(s) 'example_python_operator' retrieved from /home/airflow/.local/lib/python3.8/site-packages/airflow/example_dags/example_python_operator.py
[2025-07-11T09:53:30.893+0000] {logging_mixin.py:188} INFO - [2025-07-11T09:53:30.892+0000] {dag.py:3036} INFO - Sync 1 DAGs
[2025-07-11T09:53:30.911+0000] {logging_mixin.py:188} INFO - [2025-07-11T09:53:30.911+0000] {dag.py:3823} INFO - Setting next_dagrun for example_python_operator to None, run_after=None
[2025-07-11T09:53:30.940+0000] {processor.py:183} INFO - Processing /home/airflow/.local/lib/python3.8/site-packages/airflow/example_dags/example_python_operator.py took 0.108 seconds
[2025-07-11T09:54:01.673+0000] {processor.py:161} INFO - Started process (PID=2177) to work on /home/airflow/.local/lib/python3.8/site-packages/airflow/example_dags/example_python_operator.py
[2025-07-11T09:54:01.674+0000] {processor.py:830} INFO - Processing file /home/airflow/.local/lib/python3.8/site-packages/airflow/example_dags/example_python_operator.py for tasks to queue
[2025-07-11T09:54:01.677+0000] {logging_mixin.py:188} INFO - [2025-07-11T09:54:01.676+0000] {dagbag.py:538} INFO - Filling up the DagBag from /home/airflow/.local/lib/python3.8/site-packages/airflow/example_dags/example_python_operator.py
[2025-07-11T09:54:01.696+0000] {processor.py:840} INFO - DAG(s) 'example_python_operator' retrieved from /home/airflow/.local/lib/python3.8/site-packages/airflow/example_dags/example_python_operator.py
[2025-07-11T09:54:01.728+0000] {logging_mixin.py:188} INFO - [2025-07-11T09:54:01.728+0000] {dag.py:3036} INFO - Sync 1 DAGs
[2025-07-11T09:54:01.748+0000] {logging_mixin.py:188} INFO - [2025-07-11T09:54:01.748+0000] {dag.py:3823} INFO - Setting next_dagrun for example_python_operator to None, run_after=None
[2025-07-11T09:54:01.963+0000] {processor.py:183} INFO - Processing /home/airflow/.local/lib/python3.8/site-packages/airflow/example_dags/example_python_operator.py took 0.294 seconds
[2025-07-11T09:54:32.042+0000] {processor.py:161} INFO - Started process (PID=2232) to work on /home/airflow/.local/lib/python3.8/site-packages/airflow/example_dags/example_python_operator.py
[2025-07-11T09:54:32.044+0000] {processor.py:830} INFO - Processing file /home/airflow/.local/lib/python3.8/site-packages/airflow/example_dags/example_python_operator.py for tasks to queue
[2025-07-11T09:54:32.046+0000] {logging_mixin.py:188} INFO - [2025-07-11T09:54:32.046+0000] {dagbag.py:538} INFO - Filling up the DagBag from /home/airflow/.local/lib/python3.8/site-packages/airflow/example_dags/example_python_operator.py
[2025-07-11T09:54:32.061+0000] {processor.py:840} INFO - DAG(s) 'example_python_operator' retrieved from /home/airflow/.local/lib/python3.8/site-packages/airflow/example_dags/example_python_operator.py
[2025-07-11T09:54:32.094+0000] {logging_mixin.py:188} INFO - [2025-07-11T09:54:32.093+0000] {dag.py:3036} INFO - Sync 1 DAGs
[2025-07-11T09:54:32.112+0000] {logging_mixin.py:188} INFO - [2025-07-11T09:54:32.111+0000] {dag.py:3823} INFO - Setting next_dagrun for example_python_operator to None, run_after=None
[2025-07-11T09:54:32.152+0000] {processor.py:183} INFO - Processing /home/airflow/.local/lib/python3.8/site-packages/airflow/example_dags/example_python_operator.py took 0.115 seconds
