[2025-07-11T09:24:57.387+0000] {processor.py:161} INFO - Started process (PID=98) to work on /home/airflow/.local/lib/python3.8/site-packages/airflow/example_dags/example_short_circuit_decorator.py
[2025-07-11T09:24:57.389+0000] {processor.py:830} INFO - Processing file /home/airflow/.local/lib/python3.8/site-packages/airflow/example_dags/example_short_circuit_decorator.py for tasks to queue
[2025-07-11T09:24:57.392+0000] {logging_mixin.py:188} INFO - [2025-07-11T09:24:57.392+0000] {dagbag.py:538} INFO - Filling up the DagBag from /home/airflow/.local/lib/python3.8/site-packages/airflow/example_dags/example_short_circuit_decorator.py
[2025-07-11T09:24:57.406+0000] {processor.py:840} INFO - DAG(s) 'example_short_circuit_decorator' retrieved from /home/airflow/.local/lib/python3.8/site-packages/airflow/example_dags/example_short_circuit_decorator.py
[2025-07-11T09:24:57.586+0000] {logging_mixin.py:188} INFO - [2025-07-11T09:24:57.585+0000] {override.py:1769} INFO - Created Permission View: can edit on DAG:example_short_circuit_decorator
[2025-07-11T09:24:57.607+0000] {logging_mixin.py:188} INFO - [2025-07-11T09:24:57.606+0000] {override.py:1769} INFO - Created Permission View: can delete on DAG:example_short_circuit_decorator
[2025-07-11T09:24:57.624+0000] {logging_mixin.py:188} INFO - [2025-07-11T09:24:57.624+0000] {override.py:1769} INFO - Created Permission View: can read on DAG:example_short_circuit_decorator
[2025-07-11T09:24:57.625+0000] {logging_mixin.py:188} INFO - [2025-07-11T09:24:57.625+0000] {dag.py:3036} INFO - Sync 1 DAGs
[2025-07-11T09:24:57.644+0000] {logging_mixin.py:188} INFO - [2025-07-11T09:24:57.644+0000] {dag.py:3058} INFO - Creating ORM DAG for example_short_circuit_decorator
[2025-07-11T09:24:57.667+0000] {logging_mixin.py:188} INFO - [2025-07-11T09:24:57.667+0000] {dag.py:3823} INFO - Setting next_dagrun for example_short_circuit_decorator to 2025-07-10 00:00:00+00:00, run_after=2025-07-11 00:00:00+00:00
[2025-07-11T09:24:57.696+0000] {processor.py:183} INFO - Processing /home/airflow/.local/lib/python3.8/site-packages/airflow/example_dags/example_short_circuit_decorator.py took 0.314 seconds
[2025-07-11T09:25:28.077+0000] {processor.py:161} INFO - Started process (PID=153) to work on /home/airflow/.local/lib/python3.8/site-packages/airflow/example_dags/example_short_circuit_decorator.py
[2025-07-11T09:25:28.078+0000] {processor.py:830} INFO - Processing file /home/airflow/.local/lib/python3.8/site-packages/airflow/example_dags/example_short_circuit_decorator.py for tasks to queue
[2025-07-11T09:25:28.081+0000] {logging_mixin.py:188} INFO - [2025-07-11T09:25:28.080+0000] {dagbag.py:538} INFO - Filling up the DagBag from /home/airflow/.local/lib/python3.8/site-packages/airflow/example_dags/example_short_circuit_decorator.py
[2025-07-11T09:25:28.092+0000] {processor.py:840} INFO - DAG(s) 'example_short_circuit_decorator' retrieved from /home/airflow/.local/lib/python3.8/site-packages/airflow/example_dags/example_short_circuit_decorator.py
[2025-07-11T09:25:28.132+0000] {logging_mixin.py:188} INFO - [2025-07-11T09:25:28.132+0000] {dag.py:3036} INFO - Sync 1 DAGs
[2025-07-11T09:25:28.199+0000] {logging_mixin.py:188} INFO - [2025-07-11T09:25:28.199+0000] {dag.py:3823} INFO - Setting next_dagrun for example_short_circuit_decorator to 2025-07-10 00:00:00+00:00, run_after=2025-07-11 00:00:00+00:00
[2025-07-11T09:25:28.235+0000] {processor.py:183} INFO - Processing /home/airflow/.local/lib/python3.8/site-packages/airflow/example_dags/example_short_circuit_decorator.py took 0.162 seconds
[2025-07-11T09:25:58.554+0000] {processor.py:161} INFO - Started process (PID=207) to work on /home/airflow/.local/lib/python3.8/site-packages/airflow/example_dags/example_short_circuit_decorator.py
[2025-07-11T09:25:58.556+0000] {processor.py:830} INFO - Processing file /home/airflow/.local/lib/python3.8/site-packages/airflow/example_dags/example_short_circuit_decorator.py for tasks to queue
[2025-07-11T09:25:58.558+0000] {logging_mixin.py:188} INFO - [2025-07-11T09:25:58.557+0000] {dagbag.py:538} INFO - Filling up the DagBag from /home/airflow/.local/lib/python3.8/site-packages/airflow/example_dags/example_short_circuit_decorator.py
[2025-07-11T09:25:58.570+0000] {processor.py:840} INFO - DAG(s) 'example_short_circuit_decorator' retrieved from /home/airflow/.local/lib/python3.8/site-packages/airflow/example_dags/example_short_circuit_decorator.py
[2025-07-11T09:25:58.601+0000] {logging_mixin.py:188} INFO - [2025-07-11T09:25:58.601+0000] {dag.py:3036} INFO - Sync 1 DAGs
[2025-07-11T09:25:58.632+0000] {logging_mixin.py:188} INFO - [2025-07-11T09:25:58.632+0000] {dag.py:3823} INFO - Setting next_dagrun for example_short_circuit_decorator to 2025-07-10 00:00:00+00:00, run_after=2025-07-11 00:00:00+00:00
[2025-07-11T09:25:58.662+0000] {processor.py:183} INFO - Processing /home/airflow/.local/lib/python3.8/site-packages/airflow/example_dags/example_short_circuit_decorator.py took 0.112 seconds
[2025-07-11T09:26:28.931+0000] {processor.py:161} INFO - Started process (PID=263) to work on /home/airflow/.local/lib/python3.8/site-packages/airflow/example_dags/example_short_circuit_decorator.py
[2025-07-11T09:26:28.933+0000] {processor.py:830} INFO - Processing file /home/airflow/.local/lib/python3.8/site-packages/airflow/example_dags/example_short_circuit_decorator.py for tasks to queue
[2025-07-11T09:26:28.936+0000] {logging_mixin.py:188} INFO - [2025-07-11T09:26:28.935+0000] {dagbag.py:538} INFO - Filling up the DagBag from /home/airflow/.local/lib/python3.8/site-packages/airflow/example_dags/example_short_circuit_decorator.py
[2025-07-11T09:26:28.953+0000] {processor.py:840} INFO - DAG(s) 'example_short_circuit_decorator' retrieved from /home/airflow/.local/lib/python3.8/site-packages/airflow/example_dags/example_short_circuit_decorator.py
[2025-07-11T09:26:28.986+0000] {logging_mixin.py:188} INFO - [2025-07-11T09:26:28.985+0000] {dag.py:3036} INFO - Sync 1 DAGs
[2025-07-11T09:26:29.018+0000] {logging_mixin.py:188} INFO - [2025-07-11T09:26:29.018+0000] {dag.py:3823} INFO - Setting next_dagrun for example_short_circuit_decorator to 2025-07-10 00:00:00+00:00, run_after=2025-07-11 00:00:00+00:00
[2025-07-11T09:26:29.049+0000] {processor.py:183} INFO - Processing /home/airflow/.local/lib/python3.8/site-packages/airflow/example_dags/example_short_circuit_decorator.py took 0.122 seconds
[2025-07-11T09:26:59.212+0000] {processor.py:161} INFO - Started process (PID=318) to work on /home/airflow/.local/lib/python3.8/site-packages/airflow/example_dags/example_short_circuit_decorator.py
[2025-07-11T09:26:59.214+0000] {processor.py:830} INFO - Processing file /home/airflow/.local/lib/python3.8/site-packages/airflow/example_dags/example_short_circuit_decorator.py for tasks to queue
[2025-07-11T09:26:59.216+0000] {logging_mixin.py:188} INFO - [2025-07-11T09:26:59.216+0000] {dagbag.py:538} INFO - Filling up the DagBag from /home/airflow/.local/lib/python3.8/site-packages/airflow/example_dags/example_short_circuit_decorator.py
[2025-07-11T09:26:59.230+0000] {processor.py:840} INFO - DAG(s) 'example_short_circuit_decorator' retrieved from /home/airflow/.local/lib/python3.8/site-packages/airflow/example_dags/example_short_circuit_decorator.py
[2025-07-11T09:26:59.264+0000] {logging_mixin.py:188} INFO - [2025-07-11T09:26:59.264+0000] {dag.py:3036} INFO - Sync 1 DAGs
[2025-07-11T09:26:59.297+0000] {logging_mixin.py:188} INFO - [2025-07-11T09:26:59.296+0000] {dag.py:3823} INFO - Setting next_dagrun for example_short_circuit_decorator to 2025-07-10 00:00:00+00:00, run_after=2025-07-11 00:00:00+00:00
[2025-07-11T09:26:59.332+0000] {processor.py:183} INFO - Processing /home/airflow/.local/lib/python3.8/site-packages/airflow/example_dags/example_short_circuit_decorator.py took 0.124 seconds
[2025-07-11T09:28:24.918+0000] {processor.py:161} INFO - Started process (PID=99) to work on /home/airflow/.local/lib/python3.8/site-packages/airflow/example_dags/example_short_circuit_decorator.py
[2025-07-11T09:28:24.920+0000] {processor.py:830} INFO - Processing file /home/airflow/.local/lib/python3.8/site-packages/airflow/example_dags/example_short_circuit_decorator.py for tasks to queue
[2025-07-11T09:28:24.922+0000] {logging_mixin.py:188} INFO - [2025-07-11T09:28:24.922+0000] {dagbag.py:538} INFO - Filling up the DagBag from /home/airflow/.local/lib/python3.8/site-packages/airflow/example_dags/example_short_circuit_decorator.py
[2025-07-11T09:28:24.935+0000] {processor.py:840} INFO - DAG(s) 'example_short_circuit_decorator' retrieved from /home/airflow/.local/lib/python3.8/site-packages/airflow/example_dags/example_short_circuit_decorator.py
[2025-07-11T09:28:25.105+0000] {logging_mixin.py:188} INFO - [2025-07-11T09:28:25.104+0000] {override.py:1769} INFO - Created Permission View: can read on DAG:example_short_circuit_decorator
[2025-07-11T09:28:25.126+0000] {logging_mixin.py:188} INFO - [2025-07-11T09:28:25.125+0000] {override.py:1769} INFO - Created Permission View: can delete on DAG:example_short_circuit_decorator
[2025-07-11T09:28:25.142+0000] {logging_mixin.py:188} INFO - [2025-07-11T09:28:25.142+0000] {override.py:1769} INFO - Created Permission View: can edit on DAG:example_short_circuit_decorator
[2025-07-11T09:28:25.143+0000] {logging_mixin.py:188} INFO - [2025-07-11T09:28:25.142+0000] {dag.py:3036} INFO - Sync 1 DAGs
[2025-07-11T09:28:25.158+0000] {logging_mixin.py:188} INFO - [2025-07-11T09:28:25.158+0000] {dag.py:3058} INFO - Creating ORM DAG for example_short_circuit_decorator
[2025-07-11T09:28:25.172+0000] {logging_mixin.py:188} INFO - [2025-07-11T09:28:25.172+0000] {dag.py:3823} INFO - Setting next_dagrun for example_short_circuit_decorator to 2025-07-10 00:00:00+00:00, run_after=2025-07-11 00:00:00+00:00
[2025-07-11T09:28:25.202+0000] {processor.py:183} INFO - Processing /home/airflow/.local/lib/python3.8/site-packages/airflow/example_dags/example_short_circuit_decorator.py took 0.288 seconds
[2025-07-11T09:28:56.015+0000] {processor.py:161} INFO - Started process (PID=154) to work on /home/airflow/.local/lib/python3.8/site-packages/airflow/example_dags/example_short_circuit_decorator.py
[2025-07-11T09:28:56.017+0000] {processor.py:830} INFO - Processing file /home/airflow/.local/lib/python3.8/site-packages/airflow/example_dags/example_short_circuit_decorator.py for tasks to queue
[2025-07-11T09:28:56.020+0000] {logging_mixin.py:188} INFO - [2025-07-11T09:28:56.019+0000] {dagbag.py:538} INFO - Filling up the DagBag from /home/airflow/.local/lib/python3.8/site-packages/airflow/example_dags/example_short_circuit_decorator.py
[2025-07-11T09:28:56.032+0000] {processor.py:840} INFO - DAG(s) 'example_short_circuit_decorator' retrieved from /home/airflow/.local/lib/python3.8/site-packages/airflow/example_dags/example_short_circuit_decorator.py
[2025-07-11T09:28:56.069+0000] {logging_mixin.py:188} INFO - [2025-07-11T09:28:56.069+0000] {dag.py:3036} INFO - Sync 1 DAGs
[2025-07-11T09:28:56.103+0000] {logging_mixin.py:188} INFO - [2025-07-11T09:28:56.102+0000] {dag.py:3823} INFO - Setting next_dagrun for example_short_circuit_decorator to 2025-07-10 00:00:00+00:00, run_after=2025-07-11 00:00:00+00:00
[2025-07-11T09:28:56.136+0000] {processor.py:183} INFO - Processing /home/airflow/.local/lib/python3.8/site-packages/airflow/example_dags/example_short_circuit_decorator.py took 0.125 seconds
[2025-07-11T09:29:26.395+0000] {processor.py:161} INFO - Started process (PID=209) to work on /home/airflow/.local/lib/python3.8/site-packages/airflow/example_dags/example_short_circuit_decorator.py
[2025-07-11T09:29:26.397+0000] {processor.py:830} INFO - Processing file /home/airflow/.local/lib/python3.8/site-packages/airflow/example_dags/example_short_circuit_decorator.py for tasks to queue
[2025-07-11T09:29:26.399+0000] {logging_mixin.py:188} INFO - [2025-07-11T09:29:26.399+0000] {dagbag.py:538} INFO - Filling up the DagBag from /home/airflow/.local/lib/python3.8/site-packages/airflow/example_dags/example_short_circuit_decorator.py
[2025-07-11T09:29:26.414+0000] {processor.py:840} INFO - DAG(s) 'example_short_circuit_decorator' retrieved from /home/airflow/.local/lib/python3.8/site-packages/airflow/example_dags/example_short_circuit_decorator.py
[2025-07-11T09:29:26.444+0000] {logging_mixin.py:188} INFO - [2025-07-11T09:29:26.444+0000] {dag.py:3036} INFO - Sync 1 DAGs
[2025-07-11T09:29:26.476+0000] {logging_mixin.py:188} INFO - [2025-07-11T09:29:26.475+0000] {dag.py:3823} INFO - Setting next_dagrun for example_short_circuit_decorator to 2025-07-10 00:00:00+00:00, run_after=2025-07-11 00:00:00+00:00
[2025-07-11T09:29:26.503+0000] {processor.py:183} INFO - Processing /home/airflow/.local/lib/python3.8/site-packages/airflow/example_dags/example_short_circuit_decorator.py took 0.112 seconds
[2025-07-11T09:29:56.659+0000] {processor.py:161} INFO - Started process (PID=264) to work on /home/airflow/.local/lib/python3.8/site-packages/airflow/example_dags/example_short_circuit_decorator.py
[2025-07-11T09:29:56.661+0000] {processor.py:830} INFO - Processing file /home/airflow/.local/lib/python3.8/site-packages/airflow/example_dags/example_short_circuit_decorator.py for tasks to queue
[2025-07-11T09:29:56.664+0000] {logging_mixin.py:188} INFO - [2025-07-11T09:29:56.663+0000] {dagbag.py:538} INFO - Filling up the DagBag from /home/airflow/.local/lib/python3.8/site-packages/airflow/example_dags/example_short_circuit_decorator.py
[2025-07-11T09:29:56.676+0000] {processor.py:840} INFO - DAG(s) 'example_short_circuit_decorator' retrieved from /home/airflow/.local/lib/python3.8/site-packages/airflow/example_dags/example_short_circuit_decorator.py
[2025-07-11T09:29:56.708+0000] {logging_mixin.py:188} INFO - [2025-07-11T09:29:56.708+0000] {dag.py:3036} INFO - Sync 1 DAGs
[2025-07-11T09:29:56.745+0000] {logging_mixin.py:188} INFO - [2025-07-11T09:29:56.745+0000] {dag.py:3823} INFO - Setting next_dagrun for example_short_circuit_decorator to 2025-07-10 00:00:00+00:00, run_after=2025-07-11 00:00:00+00:00
[2025-07-11T09:29:56.777+0000] {processor.py:183} INFO - Processing /home/airflow/.local/lib/python3.8/site-packages/airflow/example_dags/example_short_circuit_decorator.py took 0.122 seconds
[2025-07-11T09:30:27.332+0000] {processor.py:161} INFO - Started process (PID=319) to work on /home/airflow/.local/lib/python3.8/site-packages/airflow/example_dags/example_short_circuit_decorator.py
[2025-07-11T09:30:27.335+0000] {processor.py:830} INFO - Processing file /home/airflow/.local/lib/python3.8/site-packages/airflow/example_dags/example_short_circuit_decorator.py for tasks to queue
[2025-07-11T09:30:27.337+0000] {logging_mixin.py:188} INFO - [2025-07-11T09:30:27.337+0000] {dagbag.py:538} INFO - Filling up the DagBag from /home/airflow/.local/lib/python3.8/site-packages/airflow/example_dags/example_short_circuit_decorator.py
[2025-07-11T09:30:27.352+0000] {processor.py:840} INFO - DAG(s) 'example_short_circuit_decorator' retrieved from /home/airflow/.local/lib/python3.8/site-packages/airflow/example_dags/example_short_circuit_decorator.py
[2025-07-11T09:30:27.384+0000] {logging_mixin.py:188} INFO - [2025-07-11T09:30:27.383+0000] {dag.py:3036} INFO - Sync 1 DAGs
[2025-07-11T09:30:27.419+0000] {logging_mixin.py:188} INFO - [2025-07-11T09:30:27.419+0000] {dag.py:3823} INFO - Setting next_dagrun for example_short_circuit_decorator to 2025-07-10 00:00:00+00:00, run_after=2025-07-11 00:00:00+00:00
[2025-07-11T09:30:27.451+0000] {processor.py:183} INFO - Processing /home/airflow/.local/lib/python3.8/site-packages/airflow/example_dags/example_short_circuit_decorator.py took 0.124 seconds
[2025-07-11T09:30:57.966+0000] {processor.py:161} INFO - Started process (PID=374) to work on /home/airflow/.local/lib/python3.8/site-packages/airflow/example_dags/example_short_circuit_decorator.py
[2025-07-11T09:30:57.977+0000] {processor.py:830} INFO - Processing file /home/airflow/.local/lib/python3.8/site-packages/airflow/example_dags/example_short_circuit_decorator.py for tasks to queue
[2025-07-11T09:30:57.981+0000] {logging_mixin.py:188} INFO - [2025-07-11T09:30:57.980+0000] {dagbag.py:538} INFO - Filling up the DagBag from /home/airflow/.local/lib/python3.8/site-packages/airflow/example_dags/example_short_circuit_decorator.py
[2025-07-11T09:30:58.008+0000] {processor.py:840} INFO - DAG(s) 'example_short_circuit_decorator' retrieved from /home/airflow/.local/lib/python3.8/site-packages/airflow/example_dags/example_short_circuit_decorator.py
[2025-07-11T09:30:58.045+0000] {logging_mixin.py:188} INFO - [2025-07-11T09:30:58.045+0000] {dag.py:3036} INFO - Sync 1 DAGs
[2025-07-11T09:30:58.079+0000] {logging_mixin.py:188} INFO - [2025-07-11T09:30:58.079+0000] {dag.py:3823} INFO - Setting next_dagrun for example_short_circuit_decorator to 2025-07-10 00:00:00+00:00, run_after=2025-07-11 00:00:00+00:00
[2025-07-11T09:30:58.124+0000] {processor.py:183} INFO - Processing /home/airflow/.local/lib/python3.8/site-packages/airflow/example_dags/example_short_circuit_decorator.py took 0.166 seconds
[2025-07-11T09:31:28.240+0000] {processor.py:161} INFO - Started process (PID=429) to work on /home/airflow/.local/lib/python3.8/site-packages/airflow/example_dags/example_short_circuit_decorator.py
[2025-07-11T09:31:28.242+0000] {processor.py:830} INFO - Processing file /home/airflow/.local/lib/python3.8/site-packages/airflow/example_dags/example_short_circuit_decorator.py for tasks to queue
[2025-07-11T09:31:28.244+0000] {logging_mixin.py:188} INFO - [2025-07-11T09:31:28.244+0000] {dagbag.py:538} INFO - Filling up the DagBag from /home/airflow/.local/lib/python3.8/site-packages/airflow/example_dags/example_short_circuit_decorator.py
[2025-07-11T09:31:28.260+0000] {processor.py:840} INFO - DAG(s) 'example_short_circuit_decorator' retrieved from /home/airflow/.local/lib/python3.8/site-packages/airflow/example_dags/example_short_circuit_decorator.py
[2025-07-11T09:31:28.297+0000] {logging_mixin.py:188} INFO - [2025-07-11T09:31:28.297+0000] {dag.py:3036} INFO - Sync 1 DAGs
[2025-07-11T09:31:28.336+0000] {logging_mixin.py:188} INFO - [2025-07-11T09:31:28.335+0000] {dag.py:3823} INFO - Setting next_dagrun for example_short_circuit_decorator to 2025-07-10 00:00:00+00:00, run_after=2025-07-11 00:00:00+00:00
[2025-07-11T09:31:28.372+0000] {processor.py:183} INFO - Processing /home/airflow/.local/lib/python3.8/site-packages/airflow/example_dags/example_short_circuit_decorator.py took 0.136 seconds
[2025-07-11T09:31:58.501+0000] {processor.py:161} INFO - Started process (PID=484) to work on /home/airflow/.local/lib/python3.8/site-packages/airflow/example_dags/example_short_circuit_decorator.py
[2025-07-11T09:31:58.504+0000] {processor.py:830} INFO - Processing file /home/airflow/.local/lib/python3.8/site-packages/airflow/example_dags/example_short_circuit_decorator.py for tasks to queue
[2025-07-11T09:31:58.507+0000] {logging_mixin.py:188} INFO - [2025-07-11T09:31:58.506+0000] {dagbag.py:538} INFO - Filling up the DagBag from /home/airflow/.local/lib/python3.8/site-packages/airflow/example_dags/example_short_circuit_decorator.py
[2025-07-11T09:31:58.525+0000] {processor.py:840} INFO - DAG(s) 'example_short_circuit_decorator' retrieved from /home/airflow/.local/lib/python3.8/site-packages/airflow/example_dags/example_short_circuit_decorator.py
[2025-07-11T09:31:58.559+0000] {logging_mixin.py:188} INFO - [2025-07-11T09:31:58.559+0000] {dag.py:3036} INFO - Sync 1 DAGs
[2025-07-11T09:31:58.595+0000] {logging_mixin.py:188} INFO - [2025-07-11T09:31:58.595+0000] {dag.py:3823} INFO - Setting next_dagrun for example_short_circuit_decorator to 2025-07-10 00:00:00+00:00, run_after=2025-07-11 00:00:00+00:00
[2025-07-11T09:31:58.628+0000] {processor.py:183} INFO - Processing /home/airflow/.local/lib/python3.8/site-packages/airflow/example_dags/example_short_circuit_decorator.py took 0.133 seconds
[2025-07-11T09:32:29.002+0000] {processor.py:161} INFO - Started process (PID=539) to work on /home/airflow/.local/lib/python3.8/site-packages/airflow/example_dags/example_short_circuit_decorator.py
[2025-07-11T09:32:29.004+0000] {processor.py:830} INFO - Processing file /home/airflow/.local/lib/python3.8/site-packages/airflow/example_dags/example_short_circuit_decorator.py for tasks to queue
[2025-07-11T09:32:29.007+0000] {logging_mixin.py:188} INFO - [2025-07-11T09:32:29.006+0000] {dagbag.py:538} INFO - Filling up the DagBag from /home/airflow/.local/lib/python3.8/site-packages/airflow/example_dags/example_short_circuit_decorator.py
[2025-07-11T09:32:29.021+0000] {processor.py:840} INFO - DAG(s) 'example_short_circuit_decorator' retrieved from /home/airflow/.local/lib/python3.8/site-packages/airflow/example_dags/example_short_circuit_decorator.py
[2025-07-11T09:32:29.055+0000] {logging_mixin.py:188} INFO - [2025-07-11T09:32:29.054+0000] {dag.py:3036} INFO - Sync 1 DAGs
[2025-07-11T09:32:29.085+0000] {logging_mixin.py:188} INFO - [2025-07-11T09:32:29.084+0000] {dag.py:3823} INFO - Setting next_dagrun for example_short_circuit_decorator to 2025-07-10 00:00:00+00:00, run_after=2025-07-11 00:00:00+00:00
[2025-07-11T09:32:29.116+0000] {processor.py:183} INFO - Processing /home/airflow/.local/lib/python3.8/site-packages/airflow/example_dags/example_short_circuit_decorator.py took 0.119 seconds
[2025-07-11T09:33:00.150+0000] {processor.py:161} INFO - Started process (PID=594) to work on /home/airflow/.local/lib/python3.8/site-packages/airflow/example_dags/example_short_circuit_decorator.py
[2025-07-11T09:33:00.153+0000] {processor.py:830} INFO - Processing file /home/airflow/.local/lib/python3.8/site-packages/airflow/example_dags/example_short_circuit_decorator.py for tasks to queue
[2025-07-11T09:33:00.156+0000] {logging_mixin.py:188} INFO - [2025-07-11T09:33:00.156+0000] {dagbag.py:538} INFO - Filling up the DagBag from /home/airflow/.local/lib/python3.8/site-packages/airflow/example_dags/example_short_circuit_decorator.py
[2025-07-11T09:33:00.187+0000] {processor.py:840} INFO - DAG(s) 'example_short_circuit_decorator' retrieved from /home/airflow/.local/lib/python3.8/site-packages/airflow/example_dags/example_short_circuit_decorator.py
[2025-07-11T09:33:00.242+0000] {logging_mixin.py:188} INFO - [2025-07-11T09:33:00.241+0000] {dag.py:3036} INFO - Sync 1 DAGs
[2025-07-11T09:33:00.306+0000] {logging_mixin.py:188} INFO - [2025-07-11T09:33:00.306+0000] {dag.py:3823} INFO - Setting next_dagrun for example_short_circuit_decorator to 2025-07-10 00:00:00+00:00, run_after=2025-07-11 00:00:00+00:00
[2025-07-11T09:33:00.355+0000] {processor.py:183} INFO - Processing /home/airflow/.local/lib/python3.8/site-packages/airflow/example_dags/example_short_circuit_decorator.py took 0.218 seconds
[2025-07-11T09:33:30.511+0000] {processor.py:161} INFO - Started process (PID=649) to work on /home/airflow/.local/lib/python3.8/site-packages/airflow/example_dags/example_short_circuit_decorator.py
[2025-07-11T09:33:30.513+0000] {processor.py:830} INFO - Processing file /home/airflow/.local/lib/python3.8/site-packages/airflow/example_dags/example_short_circuit_decorator.py for tasks to queue
[2025-07-11T09:33:30.516+0000] {logging_mixin.py:188} INFO - [2025-07-11T09:33:30.515+0000] {dagbag.py:538} INFO - Filling up the DagBag from /home/airflow/.local/lib/python3.8/site-packages/airflow/example_dags/example_short_circuit_decorator.py
[2025-07-11T09:33:30.532+0000] {processor.py:840} INFO - DAG(s) 'example_short_circuit_decorator' retrieved from /home/airflow/.local/lib/python3.8/site-packages/airflow/example_dags/example_short_circuit_decorator.py
[2025-07-11T09:33:30.564+0000] {logging_mixin.py:188} INFO - [2025-07-11T09:33:30.563+0000] {dag.py:3036} INFO - Sync 1 DAGs
[2025-07-11T09:33:30.599+0000] {logging_mixin.py:188} INFO - [2025-07-11T09:33:30.598+0000] {dag.py:3823} INFO - Setting next_dagrun for example_short_circuit_decorator to 2025-07-10 00:00:00+00:00, run_after=2025-07-11 00:00:00+00:00
[2025-07-11T09:33:30.629+0000] {processor.py:183} INFO - Processing /home/airflow/.local/lib/python3.8/site-packages/airflow/example_dags/example_short_circuit_decorator.py took 0.122 seconds
[2025-07-11T09:34:46.425+0000] {processor.py:161} INFO - Started process (PID=100) to work on /home/airflow/.local/lib/python3.8/site-packages/airflow/example_dags/example_short_circuit_decorator.py
[2025-07-11T09:34:46.427+0000] {processor.py:830} INFO - Processing file /home/airflow/.local/lib/python3.8/site-packages/airflow/example_dags/example_short_circuit_decorator.py for tasks to queue
[2025-07-11T09:34:46.431+0000] {logging_mixin.py:188} INFO - [2025-07-11T09:34:46.430+0000] {dagbag.py:538} INFO - Filling up the DagBag from /home/airflow/.local/lib/python3.8/site-packages/airflow/example_dags/example_short_circuit_decorator.py
[2025-07-11T09:34:46.452+0000] {processor.py:840} INFO - DAG(s) 'example_short_circuit_decorator' retrieved from /home/airflow/.local/lib/python3.8/site-packages/airflow/example_dags/example_short_circuit_decorator.py
[2025-07-11T09:34:46.651+0000] {logging_mixin.py:188} INFO - [2025-07-11T09:34:46.650+0000] {override.py:1769} INFO - Created Permission View: can edit on DAG:example_short_circuit_decorator
[2025-07-11T09:34:46.670+0000] {logging_mixin.py:188} INFO - [2025-07-11T09:34:46.670+0000] {override.py:1769} INFO - Created Permission View: can delete on DAG:example_short_circuit_decorator
[2025-07-11T09:34:46.688+0000] {logging_mixin.py:188} INFO - [2025-07-11T09:34:46.687+0000] {override.py:1769} INFO - Created Permission View: can read on DAG:example_short_circuit_decorator
[2025-07-11T09:34:46.689+0000] {logging_mixin.py:188} INFO - [2025-07-11T09:34:46.688+0000] {dag.py:3036} INFO - Sync 1 DAGs
[2025-07-11T09:34:46.709+0000] {logging_mixin.py:188} INFO - [2025-07-11T09:34:46.708+0000] {dag.py:3058} INFO - Creating ORM DAG for example_short_circuit_decorator
[2025-07-11T09:34:46.732+0000] {logging_mixin.py:188} INFO - [2025-07-11T09:34:46.731+0000] {dag.py:3823} INFO - Setting next_dagrun for example_short_circuit_decorator to 2025-07-10 00:00:00+00:00, run_after=2025-07-11 00:00:00+00:00
[2025-07-11T09:34:46.770+0000] {processor.py:183} INFO - Processing /home/airflow/.local/lib/python3.8/site-packages/airflow/example_dags/example_short_circuit_decorator.py took 0.351 seconds
[2025-07-11T09:35:16.920+0000] {processor.py:161} INFO - Started process (PID=155) to work on /home/airflow/.local/lib/python3.8/site-packages/airflow/example_dags/example_short_circuit_decorator.py
[2025-07-11T09:35:16.923+0000] {processor.py:830} INFO - Processing file /home/airflow/.local/lib/python3.8/site-packages/airflow/example_dags/example_short_circuit_decorator.py for tasks to queue
[2025-07-11T09:35:16.926+0000] {logging_mixin.py:188} INFO - [2025-07-11T09:35:16.925+0000] {dagbag.py:538} INFO - Filling up the DagBag from /home/airflow/.local/lib/python3.8/site-packages/airflow/example_dags/example_short_circuit_decorator.py
[2025-07-11T09:35:16.940+0000] {processor.py:840} INFO - DAG(s) 'example_short_circuit_decorator' retrieved from /home/airflow/.local/lib/python3.8/site-packages/airflow/example_dags/example_short_circuit_decorator.py
[2025-07-11T09:35:16.977+0000] {logging_mixin.py:188} INFO - [2025-07-11T09:35:16.976+0000] {dag.py:3036} INFO - Sync 1 DAGs
[2025-07-11T09:35:17.017+0000] {logging_mixin.py:188} INFO - [2025-07-11T09:35:17.017+0000] {dag.py:3823} INFO - Setting next_dagrun for example_short_circuit_decorator to 2025-07-10 00:00:00+00:00, run_after=2025-07-11 00:00:00+00:00
[2025-07-11T09:35:17.052+0000] {processor.py:183} INFO - Processing /home/airflow/.local/lib/python3.8/site-packages/airflow/example_dags/example_short_circuit_decorator.py took 0.137 seconds
[2025-07-11T09:35:47.221+0000] {processor.py:161} INFO - Started process (PID=210) to work on /home/airflow/.local/lib/python3.8/site-packages/airflow/example_dags/example_short_circuit_decorator.py
[2025-07-11T09:35:47.223+0000] {processor.py:830} INFO - Processing file /home/airflow/.local/lib/python3.8/site-packages/airflow/example_dags/example_short_circuit_decorator.py for tasks to queue
[2025-07-11T09:35:47.227+0000] {logging_mixin.py:188} INFO - [2025-07-11T09:35:47.226+0000] {dagbag.py:538} INFO - Filling up the DagBag from /home/airflow/.local/lib/python3.8/site-packages/airflow/example_dags/example_short_circuit_decorator.py
[2025-07-11T09:35:47.240+0000] {processor.py:840} INFO - DAG(s) 'example_short_circuit_decorator' retrieved from /home/airflow/.local/lib/python3.8/site-packages/airflow/example_dags/example_short_circuit_decorator.py
[2025-07-11T09:35:47.270+0000] {logging_mixin.py:188} INFO - [2025-07-11T09:35:47.270+0000] {dag.py:3036} INFO - Sync 1 DAGs
[2025-07-11T09:35:47.302+0000] {logging_mixin.py:188} INFO - [2025-07-11T09:35:47.302+0000] {dag.py:3823} INFO - Setting next_dagrun for example_short_circuit_decorator to 2025-07-10 00:00:00+00:00, run_after=2025-07-11 00:00:00+00:00
[2025-07-11T09:35:47.332+0000] {processor.py:183} INFO - Processing /home/airflow/.local/lib/python3.8/site-packages/airflow/example_dags/example_short_circuit_decorator.py took 0.117 seconds
[2025-07-11T09:36:17.653+0000] {processor.py:161} INFO - Started process (PID=265) to work on /home/airflow/.local/lib/python3.8/site-packages/airflow/example_dags/example_short_circuit_decorator.py
[2025-07-11T09:36:17.655+0000] {processor.py:830} INFO - Processing file /home/airflow/.local/lib/python3.8/site-packages/airflow/example_dags/example_short_circuit_decorator.py for tasks to queue
[2025-07-11T09:36:17.658+0000] {logging_mixin.py:188} INFO - [2025-07-11T09:36:17.657+0000] {dagbag.py:538} INFO - Filling up the DagBag from /home/airflow/.local/lib/python3.8/site-packages/airflow/example_dags/example_short_circuit_decorator.py
[2025-07-11T09:36:17.672+0000] {processor.py:840} INFO - DAG(s) 'example_short_circuit_decorator' retrieved from /home/airflow/.local/lib/python3.8/site-packages/airflow/example_dags/example_short_circuit_decorator.py
[2025-07-11T09:36:17.705+0000] {logging_mixin.py:188} INFO - [2025-07-11T09:36:17.705+0000] {dag.py:3036} INFO - Sync 1 DAGs
[2025-07-11T09:36:17.740+0000] {logging_mixin.py:188} INFO - [2025-07-11T09:36:17.740+0000] {dag.py:3823} INFO - Setting next_dagrun for example_short_circuit_decorator to 2025-07-10 00:00:00+00:00, run_after=2025-07-11 00:00:00+00:00
[2025-07-11T09:36:17.772+0000] {processor.py:183} INFO - Processing /home/airflow/.local/lib/python3.8/site-packages/airflow/example_dags/example_short_circuit_decorator.py took 0.124 seconds
[2025-07-11T09:36:48.005+0000] {processor.py:161} INFO - Started process (PID=320) to work on /home/airflow/.local/lib/python3.8/site-packages/airflow/example_dags/example_short_circuit_decorator.py
[2025-07-11T09:36:48.007+0000] {processor.py:830} INFO - Processing file /home/airflow/.local/lib/python3.8/site-packages/airflow/example_dags/example_short_circuit_decorator.py for tasks to queue
[2025-07-11T09:36:48.010+0000] {logging_mixin.py:188} INFO - [2025-07-11T09:36:48.009+0000] {dagbag.py:538} INFO - Filling up the DagBag from /home/airflow/.local/lib/python3.8/site-packages/airflow/example_dags/example_short_circuit_decorator.py
[2025-07-11T09:36:48.024+0000] {processor.py:840} INFO - DAG(s) 'example_short_circuit_decorator' retrieved from /home/airflow/.local/lib/python3.8/site-packages/airflow/example_dags/example_short_circuit_decorator.py
[2025-07-11T09:36:48.062+0000] {logging_mixin.py:188} INFO - [2025-07-11T09:36:48.062+0000] {dag.py:3036} INFO - Sync 1 DAGs
[2025-07-11T09:36:48.098+0000] {logging_mixin.py:188} INFO - [2025-07-11T09:36:48.097+0000] {dag.py:3823} INFO - Setting next_dagrun for example_short_circuit_decorator to 2025-07-10 00:00:00+00:00, run_after=2025-07-11 00:00:00+00:00
[2025-07-11T09:36:48.129+0000] {processor.py:183} INFO - Processing /home/airflow/.local/lib/python3.8/site-packages/airflow/example_dags/example_short_circuit_decorator.py took 0.131 seconds
[2025-07-11T09:37:18.474+0000] {processor.py:161} INFO - Started process (PID=375) to work on /home/airflow/.local/lib/python3.8/site-packages/airflow/example_dags/example_short_circuit_decorator.py
[2025-07-11T09:37:18.477+0000] {processor.py:830} INFO - Processing file /home/airflow/.local/lib/python3.8/site-packages/airflow/example_dags/example_short_circuit_decorator.py for tasks to queue
[2025-07-11T09:37:18.479+0000] {logging_mixin.py:188} INFO - [2025-07-11T09:37:18.479+0000] {dagbag.py:538} INFO - Filling up the DagBag from /home/airflow/.local/lib/python3.8/site-packages/airflow/example_dags/example_short_circuit_decorator.py
[2025-07-11T09:37:18.499+0000] {processor.py:840} INFO - DAG(s) 'example_short_circuit_decorator' retrieved from /home/airflow/.local/lib/python3.8/site-packages/airflow/example_dags/example_short_circuit_decorator.py
[2025-07-11T09:37:18.537+0000] {logging_mixin.py:188} INFO - [2025-07-11T09:37:18.536+0000] {dag.py:3036} INFO - Sync 1 DAGs
[2025-07-11T09:37:18.576+0000] {logging_mixin.py:188} INFO - [2025-07-11T09:37:18.576+0000] {dag.py:3823} INFO - Setting next_dagrun for example_short_circuit_decorator to 2025-07-10 00:00:00+00:00, run_after=2025-07-11 00:00:00+00:00
[2025-07-11T09:37:18.618+0000] {processor.py:183} INFO - Processing /home/airflow/.local/lib/python3.8/site-packages/airflow/example_dags/example_short_circuit_decorator.py took 0.148 seconds
[2025-07-11T09:37:49.217+0000] {processor.py:161} INFO - Started process (PID=430) to work on /home/airflow/.local/lib/python3.8/site-packages/airflow/example_dags/example_short_circuit_decorator.py
[2025-07-11T09:37:49.221+0000] {processor.py:830} INFO - Processing file /home/airflow/.local/lib/python3.8/site-packages/airflow/example_dags/example_short_circuit_decorator.py for tasks to queue
[2025-07-11T09:37:49.225+0000] {logging_mixin.py:188} INFO - [2025-07-11T09:37:49.225+0000] {dagbag.py:538} INFO - Filling up the DagBag from /home/airflow/.local/lib/python3.8/site-packages/airflow/example_dags/example_short_circuit_decorator.py
[2025-07-11T09:37:49.247+0000] {processor.py:840} INFO - DAG(s) 'example_short_circuit_decorator' retrieved from /home/airflow/.local/lib/python3.8/site-packages/airflow/example_dags/example_short_circuit_decorator.py
[2025-07-11T09:37:49.289+0000] {logging_mixin.py:188} INFO - [2025-07-11T09:37:49.289+0000] {dag.py:3036} INFO - Sync 1 DAGs
[2025-07-11T09:37:49.328+0000] {logging_mixin.py:188} INFO - [2025-07-11T09:37:49.328+0000] {dag.py:3823} INFO - Setting next_dagrun for example_short_circuit_decorator to 2025-07-10 00:00:00+00:00, run_after=2025-07-11 00:00:00+00:00
[2025-07-11T09:37:49.365+0000] {processor.py:183} INFO - Processing /home/airflow/.local/lib/python3.8/site-packages/airflow/example_dags/example_short_circuit_decorator.py took 0.162 seconds
[2025-07-11T09:38:19.963+0000] {processor.py:161} INFO - Started process (PID=485) to work on /home/airflow/.local/lib/python3.8/site-packages/airflow/example_dags/example_short_circuit_decorator.py
[2025-07-11T09:38:19.965+0000] {processor.py:830} INFO - Processing file /home/airflow/.local/lib/python3.8/site-packages/airflow/example_dags/example_short_circuit_decorator.py for tasks to queue
[2025-07-11T09:38:19.967+0000] {logging_mixin.py:188} INFO - [2025-07-11T09:38:19.967+0000] {dagbag.py:538} INFO - Filling up the DagBag from /home/airflow/.local/lib/python3.8/site-packages/airflow/example_dags/example_short_circuit_decorator.py
[2025-07-11T09:38:19.979+0000] {processor.py:840} INFO - DAG(s) 'example_short_circuit_decorator' retrieved from /home/airflow/.local/lib/python3.8/site-packages/airflow/example_dags/example_short_circuit_decorator.py
[2025-07-11T09:38:20.010+0000] {logging_mixin.py:188} INFO - [2025-07-11T09:38:20.010+0000] {dag.py:3036} INFO - Sync 1 DAGs
[2025-07-11T09:38:20.040+0000] {logging_mixin.py:188} INFO - [2025-07-11T09:38:20.040+0000] {dag.py:3823} INFO - Setting next_dagrun for example_short_circuit_decorator to 2025-07-10 00:00:00+00:00, run_after=2025-07-11 00:00:00+00:00
[2025-07-11T09:38:20.069+0000] {processor.py:183} INFO - Processing /home/airflow/.local/lib/python3.8/site-packages/airflow/example_dags/example_short_circuit_decorator.py took 0.110 seconds
[2025-07-11T09:38:50.464+0000] {processor.py:161} INFO - Started process (PID=540) to work on /home/airflow/.local/lib/python3.8/site-packages/airflow/example_dags/example_short_circuit_decorator.py
[2025-07-11T09:38:50.466+0000] {processor.py:830} INFO - Processing file /home/airflow/.local/lib/python3.8/site-packages/airflow/example_dags/example_short_circuit_decorator.py for tasks to queue
[2025-07-11T09:38:50.468+0000] {logging_mixin.py:188} INFO - [2025-07-11T09:38:50.468+0000] {dagbag.py:538} INFO - Filling up the DagBag from /home/airflow/.local/lib/python3.8/site-packages/airflow/example_dags/example_short_circuit_decorator.py
[2025-07-11T09:38:50.481+0000] {processor.py:840} INFO - DAG(s) 'example_short_circuit_decorator' retrieved from /home/airflow/.local/lib/python3.8/site-packages/airflow/example_dags/example_short_circuit_decorator.py
[2025-07-11T09:38:50.513+0000] {logging_mixin.py:188} INFO - [2025-07-11T09:38:50.513+0000] {dag.py:3036} INFO - Sync 1 DAGs
[2025-07-11T09:38:50.545+0000] {logging_mixin.py:188} INFO - [2025-07-11T09:38:50.544+0000] {dag.py:3823} INFO - Setting next_dagrun for example_short_circuit_decorator to 2025-07-10 00:00:00+00:00, run_after=2025-07-11 00:00:00+00:00
[2025-07-11T09:38:50.575+0000] {processor.py:183} INFO - Processing /home/airflow/.local/lib/python3.8/site-packages/airflow/example_dags/example_short_circuit_decorator.py took 0.115 seconds
[2025-07-11T09:39:20.763+0000] {processor.py:161} INFO - Started process (PID=596) to work on /home/airflow/.local/lib/python3.8/site-packages/airflow/example_dags/example_short_circuit_decorator.py
[2025-07-11T09:39:20.764+0000] {processor.py:830} INFO - Processing file /home/airflow/.local/lib/python3.8/site-packages/airflow/example_dags/example_short_circuit_decorator.py for tasks to queue
[2025-07-11T09:39:20.767+0000] {logging_mixin.py:188} INFO - [2025-07-11T09:39:20.766+0000] {dagbag.py:538} INFO - Filling up the DagBag from /home/airflow/.local/lib/python3.8/site-packages/airflow/example_dags/example_short_circuit_decorator.py
[2025-07-11T09:39:20.779+0000] {processor.py:840} INFO - DAG(s) 'example_short_circuit_decorator' retrieved from /home/airflow/.local/lib/python3.8/site-packages/airflow/example_dags/example_short_circuit_decorator.py
[2025-07-11T09:39:20.809+0000] {logging_mixin.py:188} INFO - [2025-07-11T09:39:20.809+0000] {dag.py:3036} INFO - Sync 1 DAGs
[2025-07-11T09:39:20.842+0000] {logging_mixin.py:188} INFO - [2025-07-11T09:39:20.842+0000] {dag.py:3823} INFO - Setting next_dagrun for example_short_circuit_decorator to 2025-07-10 00:00:00+00:00, run_after=2025-07-11 00:00:00+00:00
[2025-07-11T09:39:20.872+0000] {processor.py:183} INFO - Processing /home/airflow/.local/lib/python3.8/site-packages/airflow/example_dags/example_short_circuit_decorator.py took 0.114 seconds
[2025-07-11T09:39:51.162+0000] {processor.py:161} INFO - Started process (PID=651) to work on /home/airflow/.local/lib/python3.8/site-packages/airflow/example_dags/example_short_circuit_decorator.py
[2025-07-11T09:39:51.163+0000] {processor.py:830} INFO - Processing file /home/airflow/.local/lib/python3.8/site-packages/airflow/example_dags/example_short_circuit_decorator.py for tasks to queue
[2025-07-11T09:39:51.166+0000] {logging_mixin.py:188} INFO - [2025-07-11T09:39:51.165+0000] {dagbag.py:538} INFO - Filling up the DagBag from /home/airflow/.local/lib/python3.8/site-packages/airflow/example_dags/example_short_circuit_decorator.py
[2025-07-11T09:39:51.178+0000] {processor.py:840} INFO - DAG(s) 'example_short_circuit_decorator' retrieved from /home/airflow/.local/lib/python3.8/site-packages/airflow/example_dags/example_short_circuit_decorator.py
[2025-07-11T09:39:51.211+0000] {logging_mixin.py:188} INFO - [2025-07-11T09:39:51.210+0000] {dag.py:3036} INFO - Sync 1 DAGs
[2025-07-11T09:39:51.250+0000] {logging_mixin.py:188} INFO - [2025-07-11T09:39:51.250+0000] {dag.py:3823} INFO - Setting next_dagrun for example_short_circuit_decorator to 2025-07-10 00:00:00+00:00, run_after=2025-07-11 00:00:00+00:00
[2025-07-11T09:39:51.281+0000] {processor.py:183} INFO - Processing /home/airflow/.local/lib/python3.8/site-packages/airflow/example_dags/example_short_circuit_decorator.py took 0.123 seconds
[2025-07-11T09:40:21.598+0000] {processor.py:161} INFO - Started process (PID=706) to work on /home/airflow/.local/lib/python3.8/site-packages/airflow/example_dags/example_short_circuit_decorator.py
[2025-07-11T09:40:21.600+0000] {processor.py:830} INFO - Processing file /home/airflow/.local/lib/python3.8/site-packages/airflow/example_dags/example_short_circuit_decorator.py for tasks to queue
[2025-07-11T09:40:21.602+0000] {logging_mixin.py:188} INFO - [2025-07-11T09:40:21.602+0000] {dagbag.py:538} INFO - Filling up the DagBag from /home/airflow/.local/lib/python3.8/site-packages/airflow/example_dags/example_short_circuit_decorator.py
[2025-07-11T09:40:21.615+0000] {processor.py:840} INFO - DAG(s) 'example_short_circuit_decorator' retrieved from /home/airflow/.local/lib/python3.8/site-packages/airflow/example_dags/example_short_circuit_decorator.py
[2025-07-11T09:40:21.648+0000] {logging_mixin.py:188} INFO - [2025-07-11T09:40:21.648+0000] {dag.py:3036} INFO - Sync 1 DAGs
[2025-07-11T09:40:21.678+0000] {logging_mixin.py:188} INFO - [2025-07-11T09:40:21.678+0000] {dag.py:3823} INFO - Setting next_dagrun for example_short_circuit_decorator to 2025-07-10 00:00:00+00:00, run_after=2025-07-11 00:00:00+00:00
[2025-07-11T09:40:21.709+0000] {processor.py:183} INFO - Processing /home/airflow/.local/lib/python3.8/site-packages/airflow/example_dags/example_short_circuit_decorator.py took 0.115 seconds
[2025-07-11T09:40:51.981+0000] {processor.py:161} INFO - Started process (PID=761) to work on /home/airflow/.local/lib/python3.8/site-packages/airflow/example_dags/example_short_circuit_decorator.py
[2025-07-11T09:40:51.985+0000] {processor.py:830} INFO - Processing file /home/airflow/.local/lib/python3.8/site-packages/airflow/example_dags/example_short_circuit_decorator.py for tasks to queue
[2025-07-11T09:40:51.987+0000] {logging_mixin.py:188} INFO - [2025-07-11T09:40:51.986+0000] {dagbag.py:538} INFO - Filling up the DagBag from /home/airflow/.local/lib/python3.8/site-packages/airflow/example_dags/example_short_circuit_decorator.py
[2025-07-11T09:40:51.999+0000] {processor.py:840} INFO - DAG(s) 'example_short_circuit_decorator' retrieved from /home/airflow/.local/lib/python3.8/site-packages/airflow/example_dags/example_short_circuit_decorator.py
[2025-07-11T09:40:52.033+0000] {logging_mixin.py:188} INFO - [2025-07-11T09:40:52.032+0000] {dag.py:3036} INFO - Sync 1 DAGs
[2025-07-11T09:40:52.064+0000] {logging_mixin.py:188} INFO - [2025-07-11T09:40:52.063+0000] {dag.py:3823} INFO - Setting next_dagrun for example_short_circuit_decorator to 2025-07-10 00:00:00+00:00, run_after=2025-07-11 00:00:00+00:00
[2025-07-11T09:40:52.095+0000] {processor.py:183} INFO - Processing /home/airflow/.local/lib/python3.8/site-packages/airflow/example_dags/example_short_circuit_decorator.py took 0.119 seconds
[2025-07-11T09:41:22.438+0000] {processor.py:161} INFO - Started process (PID=816) to work on /home/airflow/.local/lib/python3.8/site-packages/airflow/example_dags/example_short_circuit_decorator.py
[2025-07-11T09:41:22.439+0000] {processor.py:830} INFO - Processing file /home/airflow/.local/lib/python3.8/site-packages/airflow/example_dags/example_short_circuit_decorator.py for tasks to queue
[2025-07-11T09:41:22.442+0000] {logging_mixin.py:188} INFO - [2025-07-11T09:41:22.441+0000] {dagbag.py:538} INFO - Filling up the DagBag from /home/airflow/.local/lib/python3.8/site-packages/airflow/example_dags/example_short_circuit_decorator.py
[2025-07-11T09:41:22.454+0000] {processor.py:840} INFO - DAG(s) 'example_short_circuit_decorator' retrieved from /home/airflow/.local/lib/python3.8/site-packages/airflow/example_dags/example_short_circuit_decorator.py
[2025-07-11T09:41:22.490+0000] {logging_mixin.py:188} INFO - [2025-07-11T09:41:22.489+0000] {dag.py:3036} INFO - Sync 1 DAGs
[2025-07-11T09:41:22.527+0000] {logging_mixin.py:188} INFO - [2025-07-11T09:41:22.527+0000] {dag.py:3823} INFO - Setting next_dagrun for example_short_circuit_decorator to 2025-07-10 00:00:00+00:00, run_after=2025-07-11 00:00:00+00:00
[2025-07-11T09:41:22.561+0000] {processor.py:183} INFO - Processing /home/airflow/.local/lib/python3.8/site-packages/airflow/example_dags/example_short_circuit_decorator.py took 0.128 seconds
[2025-07-11T09:41:52.837+0000] {processor.py:161} INFO - Started process (PID=871) to work on /home/airflow/.local/lib/python3.8/site-packages/airflow/example_dags/example_short_circuit_decorator.py
[2025-07-11T09:41:52.839+0000] {processor.py:830} INFO - Processing file /home/airflow/.local/lib/python3.8/site-packages/airflow/example_dags/example_short_circuit_decorator.py for tasks to queue
[2025-07-11T09:41:52.841+0000] {logging_mixin.py:188} INFO - [2025-07-11T09:41:52.841+0000] {dagbag.py:538} INFO - Filling up the DagBag from /home/airflow/.local/lib/python3.8/site-packages/airflow/example_dags/example_short_circuit_decorator.py
[2025-07-11T09:41:52.854+0000] {processor.py:840} INFO - DAG(s) 'example_short_circuit_decorator' retrieved from /home/airflow/.local/lib/python3.8/site-packages/airflow/example_dags/example_short_circuit_decorator.py
[2025-07-11T09:41:52.886+0000] {logging_mixin.py:188} INFO - [2025-07-11T09:41:52.886+0000] {dag.py:3036} INFO - Sync 1 DAGs
[2025-07-11T09:41:52.917+0000] {logging_mixin.py:188} INFO - [2025-07-11T09:41:52.917+0000] {dag.py:3823} INFO - Setting next_dagrun for example_short_circuit_decorator to 2025-07-10 00:00:00+00:00, run_after=2025-07-11 00:00:00+00:00
[2025-07-11T09:41:52.947+0000] {processor.py:183} INFO - Processing /home/airflow/.local/lib/python3.8/site-packages/airflow/example_dags/example_short_circuit_decorator.py took 0.114 seconds
[2025-07-11T09:42:23.180+0000] {processor.py:161} INFO - Started process (PID=926) to work on /home/airflow/.local/lib/python3.8/site-packages/airflow/example_dags/example_short_circuit_decorator.py
[2025-07-11T09:42:23.182+0000] {processor.py:830} INFO - Processing file /home/airflow/.local/lib/python3.8/site-packages/airflow/example_dags/example_short_circuit_decorator.py for tasks to queue
[2025-07-11T09:42:23.185+0000] {logging_mixin.py:188} INFO - [2025-07-11T09:42:23.184+0000] {dagbag.py:538} INFO - Filling up the DagBag from /home/airflow/.local/lib/python3.8/site-packages/airflow/example_dags/example_short_circuit_decorator.py
[2025-07-11T09:42:23.201+0000] {processor.py:840} INFO - DAG(s) 'example_short_circuit_decorator' retrieved from /home/airflow/.local/lib/python3.8/site-packages/airflow/example_dags/example_short_circuit_decorator.py
[2025-07-11T09:42:23.240+0000] {logging_mixin.py:188} INFO - [2025-07-11T09:42:23.240+0000] {dag.py:3036} INFO - Sync 1 DAGs
[2025-07-11T09:42:23.285+0000] {logging_mixin.py:188} INFO - [2025-07-11T09:42:23.285+0000] {dag.py:3823} INFO - Setting next_dagrun for example_short_circuit_decorator to 2025-07-10 00:00:00+00:00, run_after=2025-07-11 00:00:00+00:00
[2025-07-11T09:42:23.320+0000] {processor.py:183} INFO - Processing /home/airflow/.local/lib/python3.8/site-packages/airflow/example_dags/example_short_circuit_decorator.py took 0.144 seconds
[2025-07-11T09:42:53.538+0000] {processor.py:161} INFO - Started process (PID=981) to work on /home/airflow/.local/lib/python3.8/site-packages/airflow/example_dags/example_short_circuit_decorator.py
[2025-07-11T09:42:53.539+0000] {processor.py:830} INFO - Processing file /home/airflow/.local/lib/python3.8/site-packages/airflow/example_dags/example_short_circuit_decorator.py for tasks to queue
[2025-07-11T09:42:53.542+0000] {logging_mixin.py:188} INFO - [2025-07-11T09:42:53.541+0000] {dagbag.py:538} INFO - Filling up the DagBag from /home/airflow/.local/lib/python3.8/site-packages/airflow/example_dags/example_short_circuit_decorator.py
[2025-07-11T09:42:53.556+0000] {processor.py:840} INFO - DAG(s) 'example_short_circuit_decorator' retrieved from /home/airflow/.local/lib/python3.8/site-packages/airflow/example_dags/example_short_circuit_decorator.py
[2025-07-11T09:42:53.593+0000] {logging_mixin.py:188} INFO - [2025-07-11T09:42:53.592+0000] {dag.py:3036} INFO - Sync 1 DAGs
[2025-07-11T09:42:53.636+0000] {logging_mixin.py:188} INFO - [2025-07-11T09:42:53.636+0000] {dag.py:3823} INFO - Setting next_dagrun for example_short_circuit_decorator to 2025-07-10 00:00:00+00:00, run_after=2025-07-11 00:00:00+00:00
[2025-07-11T09:42:53.677+0000] {processor.py:183} INFO - Processing /home/airflow/.local/lib/python3.8/site-packages/airflow/example_dags/example_short_circuit_decorator.py took 0.144 seconds
[2025-07-11T09:43:24.032+0000] {processor.py:161} INFO - Started process (PID=1036) to work on /home/airflow/.local/lib/python3.8/site-packages/airflow/example_dags/example_short_circuit_decorator.py
[2025-07-11T09:43:24.034+0000] {processor.py:830} INFO - Processing file /home/airflow/.local/lib/python3.8/site-packages/airflow/example_dags/example_short_circuit_decorator.py for tasks to queue
[2025-07-11T09:43:24.037+0000] {logging_mixin.py:188} INFO - [2025-07-11T09:43:24.037+0000] {dagbag.py:538} INFO - Filling up the DagBag from /home/airflow/.local/lib/python3.8/site-packages/airflow/example_dags/example_short_circuit_decorator.py
[2025-07-11T09:43:24.052+0000] {processor.py:840} INFO - DAG(s) 'example_short_circuit_decorator' retrieved from /home/airflow/.local/lib/python3.8/site-packages/airflow/example_dags/example_short_circuit_decorator.py
[2025-07-11T09:43:24.089+0000] {logging_mixin.py:188} INFO - [2025-07-11T09:43:24.089+0000] {dag.py:3036} INFO - Sync 1 DAGs
[2025-07-11T09:43:24.136+0000] {logging_mixin.py:188} INFO - [2025-07-11T09:43:24.136+0000] {dag.py:3823} INFO - Setting next_dagrun for example_short_circuit_decorator to 2025-07-10 00:00:00+00:00, run_after=2025-07-11 00:00:00+00:00
[2025-07-11T09:43:24.184+0000] {processor.py:183} INFO - Processing /home/airflow/.local/lib/python3.8/site-packages/airflow/example_dags/example_short_circuit_decorator.py took 0.158 seconds
[2025-07-11T09:43:54.396+0000] {processor.py:161} INFO - Started process (PID=1091) to work on /home/airflow/.local/lib/python3.8/site-packages/airflow/example_dags/example_short_circuit_decorator.py
[2025-07-11T09:43:54.398+0000] {processor.py:830} INFO - Processing file /home/airflow/.local/lib/python3.8/site-packages/airflow/example_dags/example_short_circuit_decorator.py for tasks to queue
[2025-07-11T09:43:54.400+0000] {logging_mixin.py:188} INFO - [2025-07-11T09:43:54.400+0000] {dagbag.py:538} INFO - Filling up the DagBag from /home/airflow/.local/lib/python3.8/site-packages/airflow/example_dags/example_short_circuit_decorator.py
[2025-07-11T09:43:54.414+0000] {processor.py:840} INFO - DAG(s) 'example_short_circuit_decorator' retrieved from /home/airflow/.local/lib/python3.8/site-packages/airflow/example_dags/example_short_circuit_decorator.py
[2025-07-11T09:43:54.451+0000] {logging_mixin.py:188} INFO - [2025-07-11T09:43:54.451+0000] {dag.py:3036} INFO - Sync 1 DAGs
[2025-07-11T09:43:54.491+0000] {logging_mixin.py:188} INFO - [2025-07-11T09:43:54.490+0000] {dag.py:3823} INFO - Setting next_dagrun for example_short_circuit_decorator to 2025-07-10 00:00:00+00:00, run_after=2025-07-11 00:00:00+00:00
[2025-07-11T09:43:54.523+0000] {processor.py:183} INFO - Processing /home/airflow/.local/lib/python3.8/site-packages/airflow/example_dags/example_short_circuit_decorator.py took 0.133 seconds
[2025-07-11T09:44:24.895+0000] {processor.py:161} INFO - Started process (PID=1147) to work on /home/airflow/.local/lib/python3.8/site-packages/airflow/example_dags/example_short_circuit_decorator.py
[2025-07-11T09:44:24.897+0000] {processor.py:830} INFO - Processing file /home/airflow/.local/lib/python3.8/site-packages/airflow/example_dags/example_short_circuit_decorator.py for tasks to queue
[2025-07-11T09:44:24.900+0000] {logging_mixin.py:188} INFO - [2025-07-11T09:44:24.899+0000] {dagbag.py:538} INFO - Filling up the DagBag from /home/airflow/.local/lib/python3.8/site-packages/airflow/example_dags/example_short_circuit_decorator.py
[2025-07-11T09:44:24.914+0000] {processor.py:840} INFO - DAG(s) 'example_short_circuit_decorator' retrieved from /home/airflow/.local/lib/python3.8/site-packages/airflow/example_dags/example_short_circuit_decorator.py
[2025-07-11T09:44:24.950+0000] {logging_mixin.py:188} INFO - [2025-07-11T09:44:24.949+0000] {dag.py:3036} INFO - Sync 1 DAGs
[2025-07-11T09:44:24.986+0000] {logging_mixin.py:188} INFO - [2025-07-11T09:44:24.985+0000] {dag.py:3823} INFO - Setting next_dagrun for example_short_circuit_decorator to 2025-07-10 00:00:00+00:00, run_after=2025-07-11 00:00:00+00:00
[2025-07-11T09:44:25.020+0000] {processor.py:183} INFO - Processing /home/airflow/.local/lib/python3.8/site-packages/airflow/example_dags/example_short_circuit_decorator.py took 0.129 seconds
[2025-07-11T09:44:55.309+0000] {processor.py:161} INFO - Started process (PID=1202) to work on /home/airflow/.local/lib/python3.8/site-packages/airflow/example_dags/example_short_circuit_decorator.py
[2025-07-11T09:44:55.311+0000] {processor.py:830} INFO - Processing file /home/airflow/.local/lib/python3.8/site-packages/airflow/example_dags/example_short_circuit_decorator.py for tasks to queue
[2025-07-11T09:44:55.313+0000] {logging_mixin.py:188} INFO - [2025-07-11T09:44:55.313+0000] {dagbag.py:538} INFO - Filling up the DagBag from /home/airflow/.local/lib/python3.8/site-packages/airflow/example_dags/example_short_circuit_decorator.py
[2025-07-11T09:44:55.330+0000] {processor.py:840} INFO - DAG(s) 'example_short_circuit_decorator' retrieved from /home/airflow/.local/lib/python3.8/site-packages/airflow/example_dags/example_short_circuit_decorator.py
[2025-07-11T09:44:55.364+0000] {logging_mixin.py:188} INFO - [2025-07-11T09:44:55.363+0000] {dag.py:3036} INFO - Sync 1 DAGs
[2025-07-11T09:44:55.399+0000] {logging_mixin.py:188} INFO - [2025-07-11T09:44:55.399+0000] {dag.py:3823} INFO - Setting next_dagrun for example_short_circuit_decorator to 2025-07-10 00:00:00+00:00, run_after=2025-07-11 00:00:00+00:00
[2025-07-11T09:44:55.430+0000] {processor.py:183} INFO - Processing /home/airflow/.local/lib/python3.8/site-packages/airflow/example_dags/example_short_circuit_decorator.py took 0.126 seconds
[2025-07-11T09:45:25.664+0000] {processor.py:161} INFO - Started process (PID=1257) to work on /home/airflow/.local/lib/python3.8/site-packages/airflow/example_dags/example_short_circuit_decorator.py
[2025-07-11T09:45:25.666+0000] {processor.py:830} INFO - Processing file /home/airflow/.local/lib/python3.8/site-packages/airflow/example_dags/example_short_circuit_decorator.py for tasks to queue
[2025-07-11T09:45:25.669+0000] {logging_mixin.py:188} INFO - [2025-07-11T09:45:25.669+0000] {dagbag.py:538} INFO - Filling up the DagBag from /home/airflow/.local/lib/python3.8/site-packages/airflow/example_dags/example_short_circuit_decorator.py
[2025-07-11T09:45:25.683+0000] {processor.py:840} INFO - DAG(s) 'example_short_circuit_decorator' retrieved from /home/airflow/.local/lib/python3.8/site-packages/airflow/example_dags/example_short_circuit_decorator.py
[2025-07-11T09:45:25.723+0000] {logging_mixin.py:188} INFO - [2025-07-11T09:45:25.723+0000] {dag.py:3036} INFO - Sync 1 DAGs
[2025-07-11T09:45:25.761+0000] {logging_mixin.py:188} INFO - [2025-07-11T09:45:25.761+0000] {dag.py:3823} INFO - Setting next_dagrun for example_short_circuit_decorator to 2025-07-10 00:00:00+00:00, run_after=2025-07-11 00:00:00+00:00
[2025-07-11T09:45:25.801+0000] {processor.py:183} INFO - Processing /home/airflow/.local/lib/python3.8/site-packages/airflow/example_dags/example_short_circuit_decorator.py took 0.142 seconds
[2025-07-11T09:45:56.056+0000] {processor.py:161} INFO - Started process (PID=1312) to work on /home/airflow/.local/lib/python3.8/site-packages/airflow/example_dags/example_short_circuit_decorator.py
[2025-07-11T09:45:56.058+0000] {processor.py:830} INFO - Processing file /home/airflow/.local/lib/python3.8/site-packages/airflow/example_dags/example_short_circuit_decorator.py for tasks to queue
[2025-07-11T09:45:56.061+0000] {logging_mixin.py:188} INFO - [2025-07-11T09:45:56.061+0000] {dagbag.py:538} INFO - Filling up the DagBag from /home/airflow/.local/lib/python3.8/site-packages/airflow/example_dags/example_short_circuit_decorator.py
[2025-07-11T09:45:56.075+0000] {processor.py:840} INFO - DAG(s) 'example_short_circuit_decorator' retrieved from /home/airflow/.local/lib/python3.8/site-packages/airflow/example_dags/example_short_circuit_decorator.py
[2025-07-11T09:45:56.106+0000] {logging_mixin.py:188} INFO - [2025-07-11T09:45:56.106+0000] {dag.py:3036} INFO - Sync 1 DAGs
[2025-07-11T09:45:56.137+0000] {logging_mixin.py:188} INFO - [2025-07-11T09:45:56.137+0000] {dag.py:3823} INFO - Setting next_dagrun for example_short_circuit_decorator to 2025-07-10 00:00:00+00:00, run_after=2025-07-11 00:00:00+00:00
[2025-07-11T09:45:56.167+0000] {processor.py:183} INFO - Processing /home/airflow/.local/lib/python3.8/site-packages/airflow/example_dags/example_short_circuit_decorator.py took 0.116 seconds
[2025-07-11T09:46:26.451+0000] {processor.py:161} INFO - Started process (PID=1367) to work on /home/airflow/.local/lib/python3.8/site-packages/airflow/example_dags/example_short_circuit_decorator.py
[2025-07-11T09:46:26.453+0000] {processor.py:830} INFO - Processing file /home/airflow/.local/lib/python3.8/site-packages/airflow/example_dags/example_short_circuit_decorator.py for tasks to queue
[2025-07-11T09:46:26.456+0000] {logging_mixin.py:188} INFO - [2025-07-11T09:46:26.455+0000] {dagbag.py:538} INFO - Filling up the DagBag from /home/airflow/.local/lib/python3.8/site-packages/airflow/example_dags/example_short_circuit_decorator.py
[2025-07-11T09:46:26.468+0000] {processor.py:840} INFO - DAG(s) 'example_short_circuit_decorator' retrieved from /home/airflow/.local/lib/python3.8/site-packages/airflow/example_dags/example_short_circuit_decorator.py
[2025-07-11T09:46:26.500+0000] {logging_mixin.py:188} INFO - [2025-07-11T09:46:26.500+0000] {dag.py:3036} INFO - Sync 1 DAGs
[2025-07-11T09:46:26.535+0000] {logging_mixin.py:188} INFO - [2025-07-11T09:46:26.535+0000] {dag.py:3823} INFO - Setting next_dagrun for example_short_circuit_decorator to 2025-07-10 00:00:00+00:00, run_after=2025-07-11 00:00:00+00:00
[2025-07-11T09:46:26.571+0000] {processor.py:183} INFO - Processing /home/airflow/.local/lib/python3.8/site-packages/airflow/example_dags/example_short_circuit_decorator.py took 0.123 seconds
[2025-07-11T09:46:56.944+0000] {processor.py:161} INFO - Started process (PID=1422) to work on /home/airflow/.local/lib/python3.8/site-packages/airflow/example_dags/example_short_circuit_decorator.py
[2025-07-11T09:46:56.945+0000] {processor.py:830} INFO - Processing file /home/airflow/.local/lib/python3.8/site-packages/airflow/example_dags/example_short_circuit_decorator.py for tasks to queue
[2025-07-11T09:46:56.949+0000] {logging_mixin.py:188} INFO - [2025-07-11T09:46:56.948+0000] {dagbag.py:538} INFO - Filling up the DagBag from /home/airflow/.local/lib/python3.8/site-packages/airflow/example_dags/example_short_circuit_decorator.py
[2025-07-11T09:46:56.962+0000] {processor.py:840} INFO - DAG(s) 'example_short_circuit_decorator' retrieved from /home/airflow/.local/lib/python3.8/site-packages/airflow/example_dags/example_short_circuit_decorator.py
[2025-07-11T09:46:56.995+0000] {logging_mixin.py:188} INFO - [2025-07-11T09:46:56.994+0000] {dag.py:3036} INFO - Sync 1 DAGs
[2025-07-11T09:46:57.028+0000] {logging_mixin.py:188} INFO - [2025-07-11T09:46:57.027+0000] {dag.py:3823} INFO - Setting next_dagrun for example_short_circuit_decorator to 2025-07-10 00:00:00+00:00, run_after=2025-07-11 00:00:00+00:00
[2025-07-11T09:46:57.057+0000] {processor.py:183} INFO - Processing /home/airflow/.local/lib/python3.8/site-packages/airflow/example_dags/example_short_circuit_decorator.py took 0.119 seconds
[2025-07-11T09:47:27.475+0000] {processor.py:161} INFO - Started process (PID=1477) to work on /home/airflow/.local/lib/python3.8/site-packages/airflow/example_dags/example_short_circuit_decorator.py
[2025-07-11T09:47:27.477+0000] {processor.py:830} INFO - Processing file /home/airflow/.local/lib/python3.8/site-packages/airflow/example_dags/example_short_circuit_decorator.py for tasks to queue
[2025-07-11T09:47:27.479+0000] {logging_mixin.py:188} INFO - [2025-07-11T09:47:27.478+0000] {dagbag.py:538} INFO - Filling up the DagBag from /home/airflow/.local/lib/python3.8/site-packages/airflow/example_dags/example_short_circuit_decorator.py
[2025-07-11T09:47:27.491+0000] {processor.py:840} INFO - DAG(s) 'example_short_circuit_decorator' retrieved from /home/airflow/.local/lib/python3.8/site-packages/airflow/example_dags/example_short_circuit_decorator.py
[2025-07-11T09:47:27.523+0000] {logging_mixin.py:188} INFO - [2025-07-11T09:47:27.523+0000] {dag.py:3036} INFO - Sync 1 DAGs
[2025-07-11T09:47:27.554+0000] {logging_mixin.py:188} INFO - [2025-07-11T09:47:27.553+0000] {dag.py:3823} INFO - Setting next_dagrun for example_short_circuit_decorator to 2025-07-10 00:00:00+00:00, run_after=2025-07-11 00:00:00+00:00
[2025-07-11T09:47:27.582+0000] {processor.py:183} INFO - Processing /home/airflow/.local/lib/python3.8/site-packages/airflow/example_dags/example_short_circuit_decorator.py took 0.111 seconds
[2025-07-11T09:47:58.325+0000] {processor.py:161} INFO - Started process (PID=1532) to work on /home/airflow/.local/lib/python3.8/site-packages/airflow/example_dags/example_short_circuit_decorator.py
[2025-07-11T09:47:58.327+0000] {processor.py:830} INFO - Processing file /home/airflow/.local/lib/python3.8/site-packages/airflow/example_dags/example_short_circuit_decorator.py for tasks to queue
[2025-07-11T09:47:58.329+0000] {logging_mixin.py:188} INFO - [2025-07-11T09:47:58.328+0000] {dagbag.py:538} INFO - Filling up the DagBag from /home/airflow/.local/lib/python3.8/site-packages/airflow/example_dags/example_short_circuit_decorator.py
[2025-07-11T09:47:58.341+0000] {processor.py:840} INFO - DAG(s) 'example_short_circuit_decorator' retrieved from /home/airflow/.local/lib/python3.8/site-packages/airflow/example_dags/example_short_circuit_decorator.py
[2025-07-11T09:47:58.373+0000] {logging_mixin.py:188} INFO - [2025-07-11T09:47:58.373+0000] {dag.py:3036} INFO - Sync 1 DAGs
[2025-07-11T09:47:58.403+0000] {logging_mixin.py:188} INFO - [2025-07-11T09:47:58.402+0000] {dag.py:3823} INFO - Setting next_dagrun for example_short_circuit_decorator to 2025-07-10 00:00:00+00:00, run_after=2025-07-11 00:00:00+00:00
[2025-07-11T09:47:58.431+0000] {processor.py:183} INFO - Processing /home/airflow/.local/lib/python3.8/site-packages/airflow/example_dags/example_short_circuit_decorator.py took 0.110 seconds
[2025-07-11T09:48:28.810+0000] {processor.py:161} INFO - Started process (PID=1587) to work on /home/airflow/.local/lib/python3.8/site-packages/airflow/example_dags/example_short_circuit_decorator.py
[2025-07-11T09:48:28.812+0000] {processor.py:830} INFO - Processing file /home/airflow/.local/lib/python3.8/site-packages/airflow/example_dags/example_short_circuit_decorator.py for tasks to queue
[2025-07-11T09:48:28.814+0000] {logging_mixin.py:188} INFO - [2025-07-11T09:48:28.813+0000] {dagbag.py:538} INFO - Filling up the DagBag from /home/airflow/.local/lib/python3.8/site-packages/airflow/example_dags/example_short_circuit_decorator.py
[2025-07-11T09:48:28.826+0000] {processor.py:840} INFO - DAG(s) 'example_short_circuit_decorator' retrieved from /home/airflow/.local/lib/python3.8/site-packages/airflow/example_dags/example_short_circuit_decorator.py
[2025-07-11T09:48:28.860+0000] {logging_mixin.py:188} INFO - [2025-07-11T09:48:28.859+0000] {dag.py:3036} INFO - Sync 1 DAGs
[2025-07-11T09:48:28.889+0000] {logging_mixin.py:188} INFO - [2025-07-11T09:48:28.888+0000] {dag.py:3823} INFO - Setting next_dagrun for example_short_circuit_decorator to 2025-07-10 00:00:00+00:00, run_after=2025-07-11 00:00:00+00:00
[2025-07-11T09:48:28.917+0000] {processor.py:183} INFO - Processing /home/airflow/.local/lib/python3.8/site-packages/airflow/example_dags/example_short_circuit_decorator.py took 0.113 seconds
[2025-07-11T09:48:59.203+0000] {processor.py:161} INFO - Started process (PID=1642) to work on /home/airflow/.local/lib/python3.8/site-packages/airflow/example_dags/example_short_circuit_decorator.py
[2025-07-11T09:48:59.206+0000] {processor.py:830} INFO - Processing file /home/airflow/.local/lib/python3.8/site-packages/airflow/example_dags/example_short_circuit_decorator.py for tasks to queue
[2025-07-11T09:48:59.208+0000] {logging_mixin.py:188} INFO - [2025-07-11T09:48:59.207+0000] {dagbag.py:538} INFO - Filling up the DagBag from /home/airflow/.local/lib/python3.8/site-packages/airflow/example_dags/example_short_circuit_decorator.py
[2025-07-11T09:48:59.220+0000] {processor.py:840} INFO - DAG(s) 'example_short_circuit_decorator' retrieved from /home/airflow/.local/lib/python3.8/site-packages/airflow/example_dags/example_short_circuit_decorator.py
[2025-07-11T09:48:59.254+0000] {logging_mixin.py:188} INFO - [2025-07-11T09:48:59.254+0000] {dag.py:3036} INFO - Sync 1 DAGs
[2025-07-11T09:48:59.296+0000] {logging_mixin.py:188} INFO - [2025-07-11T09:48:59.296+0000] {dag.py:3823} INFO - Setting next_dagrun for example_short_circuit_decorator to 2025-07-10 00:00:00+00:00, run_after=2025-07-11 00:00:00+00:00
[2025-07-11T09:48:59.331+0000] {processor.py:183} INFO - Processing /home/airflow/.local/lib/python3.8/site-packages/airflow/example_dags/example_short_circuit_decorator.py took 0.132 seconds
[2025-07-11T09:49:29.742+0000] {processor.py:161} INFO - Started process (PID=1697) to work on /home/airflow/.local/lib/python3.8/site-packages/airflow/example_dags/example_short_circuit_decorator.py
[2025-07-11T09:49:29.744+0000] {processor.py:830} INFO - Processing file /home/airflow/.local/lib/python3.8/site-packages/airflow/example_dags/example_short_circuit_decorator.py for tasks to queue
[2025-07-11T09:49:29.746+0000] {logging_mixin.py:188} INFO - [2025-07-11T09:49:29.746+0000] {dagbag.py:538} INFO - Filling up the DagBag from /home/airflow/.local/lib/python3.8/site-packages/airflow/example_dags/example_short_circuit_decorator.py
[2025-07-11T09:49:29.760+0000] {processor.py:840} INFO - DAG(s) 'example_short_circuit_decorator' retrieved from /home/airflow/.local/lib/python3.8/site-packages/airflow/example_dags/example_short_circuit_decorator.py
[2025-07-11T09:49:29.795+0000] {logging_mixin.py:188} INFO - [2025-07-11T09:49:29.795+0000] {dag.py:3036} INFO - Sync 1 DAGs
[2025-07-11T09:49:29.835+0000] {logging_mixin.py:188} INFO - [2025-07-11T09:49:29.835+0000] {dag.py:3823} INFO - Setting next_dagrun for example_short_circuit_decorator to 2025-07-10 00:00:00+00:00, run_after=2025-07-11 00:00:00+00:00
[2025-07-11T09:49:29.868+0000] {processor.py:183} INFO - Processing /home/airflow/.local/lib/python3.8/site-packages/airflow/example_dags/example_short_circuit_decorator.py took 0.131 seconds
[2025-07-11T09:50:00.811+0000] {processor.py:161} INFO - Started process (PID=1752) to work on /home/airflow/.local/lib/python3.8/site-packages/airflow/example_dags/example_short_circuit_decorator.py
[2025-07-11T09:50:00.813+0000] {processor.py:830} INFO - Processing file /home/airflow/.local/lib/python3.8/site-packages/airflow/example_dags/example_short_circuit_decorator.py for tasks to queue
[2025-07-11T09:50:00.815+0000] {logging_mixin.py:188} INFO - [2025-07-11T09:50:00.815+0000] {dagbag.py:538} INFO - Filling up the DagBag from /home/airflow/.local/lib/python3.8/site-packages/airflow/example_dags/example_short_circuit_decorator.py
[2025-07-11T09:50:00.829+0000] {processor.py:840} INFO - DAG(s) 'example_short_circuit_decorator' retrieved from /home/airflow/.local/lib/python3.8/site-packages/airflow/example_dags/example_short_circuit_decorator.py
[2025-07-11T09:50:00.861+0000] {logging_mixin.py:188} INFO - [2025-07-11T09:50:00.861+0000] {dag.py:3036} INFO - Sync 1 DAGs
[2025-07-11T09:50:00.894+0000] {logging_mixin.py:188} INFO - [2025-07-11T09:50:00.893+0000] {dag.py:3823} INFO - Setting next_dagrun for example_short_circuit_decorator to 2025-07-10 00:00:00+00:00, run_after=2025-07-11 00:00:00+00:00
[2025-07-11T09:50:00.925+0000] {processor.py:183} INFO - Processing /home/airflow/.local/lib/python3.8/site-packages/airflow/example_dags/example_short_circuit_decorator.py took 0.119 seconds
[2025-07-11T09:50:31.441+0000] {processor.py:161} INFO - Started process (PID=1807) to work on /home/airflow/.local/lib/python3.8/site-packages/airflow/example_dags/example_short_circuit_decorator.py
[2025-07-11T09:50:31.443+0000] {processor.py:830} INFO - Processing file /home/airflow/.local/lib/python3.8/site-packages/airflow/example_dags/example_short_circuit_decorator.py for tasks to queue
[2025-07-11T09:50:31.446+0000] {logging_mixin.py:188} INFO - [2025-07-11T09:50:31.445+0000] {dagbag.py:538} INFO - Filling up the DagBag from /home/airflow/.local/lib/python3.8/site-packages/airflow/example_dags/example_short_circuit_decorator.py
[2025-07-11T09:50:31.464+0000] {processor.py:840} INFO - DAG(s) 'example_short_circuit_decorator' retrieved from /home/airflow/.local/lib/python3.8/site-packages/airflow/example_dags/example_short_circuit_decorator.py
[2025-07-11T09:50:31.503+0000] {logging_mixin.py:188} INFO - [2025-07-11T09:50:31.502+0000] {dag.py:3036} INFO - Sync 1 DAGs
[2025-07-11T09:50:31.544+0000] {logging_mixin.py:188} INFO - [2025-07-11T09:50:31.544+0000] {dag.py:3823} INFO - Setting next_dagrun for example_short_circuit_decorator to 2025-07-10 00:00:00+00:00, run_after=2025-07-11 00:00:00+00:00
[2025-07-11T09:50:31.578+0000] {processor.py:183} INFO - Processing /home/airflow/.local/lib/python3.8/site-packages/airflow/example_dags/example_short_circuit_decorator.py took 0.142 seconds
[2025-07-11T09:51:02.025+0000] {processor.py:161} INFO - Started process (PID=1862) to work on /home/airflow/.local/lib/python3.8/site-packages/airflow/example_dags/example_short_circuit_decorator.py
[2025-07-11T09:51:02.026+0000] {processor.py:830} INFO - Processing file /home/airflow/.local/lib/python3.8/site-packages/airflow/example_dags/example_short_circuit_decorator.py for tasks to queue
[2025-07-11T09:51:02.028+0000] {logging_mixin.py:188} INFO - [2025-07-11T09:51:02.028+0000] {dagbag.py:538} INFO - Filling up the DagBag from /home/airflow/.local/lib/python3.8/site-packages/airflow/example_dags/example_short_circuit_decorator.py
[2025-07-11T09:51:02.041+0000] {processor.py:840} INFO - DAG(s) 'example_short_circuit_decorator' retrieved from /home/airflow/.local/lib/python3.8/site-packages/airflow/example_dags/example_short_circuit_decorator.py
[2025-07-11T09:51:02.073+0000] {logging_mixin.py:188} INFO - [2025-07-11T09:51:02.073+0000] {dag.py:3036} INFO - Sync 1 DAGs
[2025-07-11T09:51:02.106+0000] {logging_mixin.py:188} INFO - [2025-07-11T09:51:02.106+0000] {dag.py:3823} INFO - Setting next_dagrun for example_short_circuit_decorator to 2025-07-10 00:00:00+00:00, run_after=2025-07-11 00:00:00+00:00
[2025-07-11T09:51:02.140+0000] {processor.py:183} INFO - Processing /home/airflow/.local/lib/python3.8/site-packages/airflow/example_dags/example_short_circuit_decorator.py took 0.120 seconds
[2025-07-11T09:51:32.849+0000] {processor.py:161} INFO - Started process (PID=1917) to work on /home/airflow/.local/lib/python3.8/site-packages/airflow/example_dags/example_short_circuit_decorator.py
[2025-07-11T09:51:32.851+0000] {processor.py:830} INFO - Processing file /home/airflow/.local/lib/python3.8/site-packages/airflow/example_dags/example_short_circuit_decorator.py for tasks to queue
[2025-07-11T09:51:32.854+0000] {logging_mixin.py:188} INFO - [2025-07-11T09:51:32.853+0000] {dagbag.py:538} INFO - Filling up the DagBag from /home/airflow/.local/lib/python3.8/site-packages/airflow/example_dags/example_short_circuit_decorator.py
[2025-07-11T09:51:32.873+0000] {processor.py:840} INFO - DAG(s) 'example_short_circuit_decorator' retrieved from /home/airflow/.local/lib/python3.8/site-packages/airflow/example_dags/example_short_circuit_decorator.py
[2025-07-11T09:51:32.908+0000] {logging_mixin.py:188} INFO - [2025-07-11T09:51:32.907+0000] {dag.py:3036} INFO - Sync 1 DAGs
[2025-07-11T09:51:32.949+0000] {logging_mixin.py:188} INFO - [2025-07-11T09:51:32.949+0000] {dag.py:3823} INFO - Setting next_dagrun for example_short_circuit_decorator to 2025-07-10 00:00:00+00:00, run_after=2025-07-11 00:00:00+00:00
[2025-07-11T09:51:32.981+0000] {processor.py:183} INFO - Processing /home/airflow/.local/lib/python3.8/site-packages/airflow/example_dags/example_short_circuit_decorator.py took 0.136 seconds
[2025-07-11T09:52:03.133+0000] {processor.py:161} INFO - Started process (PID=1971) to work on /home/airflow/.local/lib/python3.8/site-packages/airflow/example_dags/example_short_circuit_decorator.py
[2025-07-11T09:52:03.134+0000] {processor.py:830} INFO - Processing file /home/airflow/.local/lib/python3.8/site-packages/airflow/example_dags/example_short_circuit_decorator.py for tasks to queue
[2025-07-11T09:52:03.137+0000] {logging_mixin.py:188} INFO - [2025-07-11T09:52:03.136+0000] {dagbag.py:538} INFO - Filling up the DagBag from /home/airflow/.local/lib/python3.8/site-packages/airflow/example_dags/example_short_circuit_decorator.py
[2025-07-11T09:52:03.150+0000] {processor.py:840} INFO - DAG(s) 'example_short_circuit_decorator' retrieved from /home/airflow/.local/lib/python3.8/site-packages/airflow/example_dags/example_short_circuit_decorator.py
[2025-07-11T09:52:03.187+0000] {logging_mixin.py:188} INFO - [2025-07-11T09:52:03.187+0000] {dag.py:3036} INFO - Sync 1 DAGs
[2025-07-11T09:52:03.219+0000] {logging_mixin.py:188} INFO - [2025-07-11T09:52:03.219+0000] {dag.py:3823} INFO - Setting next_dagrun for example_short_circuit_decorator to 2025-07-10 00:00:00+00:00, run_after=2025-07-11 00:00:00+00:00
[2025-07-11T09:52:03.250+0000] {processor.py:183} INFO - Processing /home/airflow/.local/lib/python3.8/site-packages/airflow/example_dags/example_short_circuit_decorator.py took 0.123 seconds
[2025-07-11T09:52:34.022+0000] {processor.py:161} INFO - Started process (PID=2025) to work on /home/airflow/.local/lib/python3.8/site-packages/airflow/example_dags/example_short_circuit_decorator.py
[2025-07-11T09:52:34.023+0000] {processor.py:830} INFO - Processing file /home/airflow/.local/lib/python3.8/site-packages/airflow/example_dags/example_short_circuit_decorator.py for tasks to queue
[2025-07-11T09:52:34.025+0000] {logging_mixin.py:188} INFO - [2025-07-11T09:52:34.025+0000] {dagbag.py:538} INFO - Filling up the DagBag from /home/airflow/.local/lib/python3.8/site-packages/airflow/example_dags/example_short_circuit_decorator.py
[2025-07-11T09:52:34.038+0000] {processor.py:840} INFO - DAG(s) 'example_short_circuit_decorator' retrieved from /home/airflow/.local/lib/python3.8/site-packages/airflow/example_dags/example_short_circuit_decorator.py
[2025-07-11T09:52:34.070+0000] {logging_mixin.py:188} INFO - [2025-07-11T09:52:34.069+0000] {dag.py:3036} INFO - Sync 1 DAGs
[2025-07-11T09:52:34.099+0000] {logging_mixin.py:188} INFO - [2025-07-11T09:52:34.099+0000] {dag.py:3823} INFO - Setting next_dagrun for example_short_circuit_decorator to 2025-07-10 00:00:00+00:00, run_after=2025-07-11 00:00:00+00:00
[2025-07-11T09:52:34.128+0000] {processor.py:183} INFO - Processing /home/airflow/.local/lib/python3.8/site-packages/airflow/example_dags/example_short_circuit_decorator.py took 0.110 seconds
[2025-07-11T09:53:04.594+0000] {processor.py:161} INFO - Started process (PID=2080) to work on /home/airflow/.local/lib/python3.8/site-packages/airflow/example_dags/example_short_circuit_decorator.py
[2025-07-11T09:53:04.596+0000] {processor.py:830} INFO - Processing file /home/airflow/.local/lib/python3.8/site-packages/airflow/example_dags/example_short_circuit_decorator.py for tasks to queue
[2025-07-11T09:53:04.598+0000] {logging_mixin.py:188} INFO - [2025-07-11T09:53:04.597+0000] {dagbag.py:538} INFO - Filling up the DagBag from /home/airflow/.local/lib/python3.8/site-packages/airflow/example_dags/example_short_circuit_decorator.py
[2025-07-11T09:53:04.610+0000] {processor.py:840} INFO - DAG(s) 'example_short_circuit_decorator' retrieved from /home/airflow/.local/lib/python3.8/site-packages/airflow/example_dags/example_short_circuit_decorator.py
[2025-07-11T09:53:04.643+0000] {logging_mixin.py:188} INFO - [2025-07-11T09:53:04.642+0000] {dag.py:3036} INFO - Sync 1 DAGs
[2025-07-11T09:53:04.678+0000] {logging_mixin.py:188} INFO - [2025-07-11T09:53:04.678+0000] {dag.py:3823} INFO - Setting next_dagrun for example_short_circuit_decorator to 2025-07-10 00:00:00+00:00, run_after=2025-07-11 00:00:00+00:00
[2025-07-11T09:53:04.711+0000] {processor.py:183} INFO - Processing /home/airflow/.local/lib/python3.8/site-packages/airflow/example_dags/example_short_circuit_decorator.py took 0.121 seconds
[2025-07-11T09:53:35.247+0000] {processor.py:161} INFO - Started process (PID=2135) to work on /home/airflow/.local/lib/python3.8/site-packages/airflow/example_dags/example_short_circuit_decorator.py
[2025-07-11T09:53:35.250+0000] {processor.py:830} INFO - Processing file /home/airflow/.local/lib/python3.8/site-packages/airflow/example_dags/example_short_circuit_decorator.py for tasks to queue
[2025-07-11T09:53:35.252+0000] {logging_mixin.py:188} INFO - [2025-07-11T09:53:35.252+0000] {dagbag.py:538} INFO - Filling up the DagBag from /home/airflow/.local/lib/python3.8/site-packages/airflow/example_dags/example_short_circuit_decorator.py
[2025-07-11T09:53:35.267+0000] {processor.py:840} INFO - DAG(s) 'example_short_circuit_decorator' retrieved from /home/airflow/.local/lib/python3.8/site-packages/airflow/example_dags/example_short_circuit_decorator.py
[2025-07-11T09:53:35.301+0000] {logging_mixin.py:188} INFO - [2025-07-11T09:53:35.300+0000] {dag.py:3036} INFO - Sync 1 DAGs
[2025-07-11T09:53:35.338+0000] {logging_mixin.py:188} INFO - [2025-07-11T09:53:35.338+0000] {dag.py:3823} INFO - Setting next_dagrun for example_short_circuit_decorator to 2025-07-10 00:00:00+00:00, run_after=2025-07-11 00:00:00+00:00
[2025-07-11T09:53:35.373+0000] {processor.py:183} INFO - Processing /home/airflow/.local/lib/python3.8/site-packages/airflow/example_dags/example_short_circuit_decorator.py took 0.130 seconds
[2025-07-11T09:54:06.066+0000] {processor.py:161} INFO - Started process (PID=2190) to work on /home/airflow/.local/lib/python3.8/site-packages/airflow/example_dags/example_short_circuit_decorator.py
[2025-07-11T09:54:06.068+0000] {processor.py:830} INFO - Processing file /home/airflow/.local/lib/python3.8/site-packages/airflow/example_dags/example_short_circuit_decorator.py for tasks to queue
[2025-07-11T09:54:06.071+0000] {logging_mixin.py:188} INFO - [2025-07-11T09:54:06.070+0000] {dagbag.py:538} INFO - Filling up the DagBag from /home/airflow/.local/lib/python3.8/site-packages/airflow/example_dags/example_short_circuit_decorator.py
[2025-07-11T09:54:06.085+0000] {processor.py:840} INFO - DAG(s) 'example_short_circuit_decorator' retrieved from /home/airflow/.local/lib/python3.8/site-packages/airflow/example_dags/example_short_circuit_decorator.py
[2025-07-11T09:54:06.123+0000] {logging_mixin.py:188} INFO - [2025-07-11T09:54:06.123+0000] {dag.py:3036} INFO - Sync 1 DAGs
[2025-07-11T09:54:06.160+0000] {logging_mixin.py:188} INFO - [2025-07-11T09:54:06.160+0000] {dag.py:3823} INFO - Setting next_dagrun for example_short_circuit_decorator to 2025-07-10 00:00:00+00:00, run_after=2025-07-11 00:00:00+00:00
[2025-07-11T09:54:06.193+0000] {processor.py:183} INFO - Processing /home/airflow/.local/lib/python3.8/site-packages/airflow/example_dags/example_short_circuit_decorator.py took 0.131 seconds
[2025-07-11T09:54:36.888+0000] {processor.py:161} INFO - Started process (PID=2245) to work on /home/airflow/.local/lib/python3.8/site-packages/airflow/example_dags/example_short_circuit_decorator.py
[2025-07-11T09:54:36.890+0000] {processor.py:830} INFO - Processing file /home/airflow/.local/lib/python3.8/site-packages/airflow/example_dags/example_short_circuit_decorator.py for tasks to queue
[2025-07-11T09:54:36.894+0000] {logging_mixin.py:188} INFO - [2025-07-11T09:54:36.893+0000] {dagbag.py:538} INFO - Filling up the DagBag from /home/airflow/.local/lib/python3.8/site-packages/airflow/example_dags/example_short_circuit_decorator.py
[2025-07-11T09:54:36.916+0000] {processor.py:840} INFO - DAG(s) 'example_short_circuit_decorator' retrieved from /home/airflow/.local/lib/python3.8/site-packages/airflow/example_dags/example_short_circuit_decorator.py
[2025-07-11T09:54:36.965+0000] {logging_mixin.py:188} INFO - [2025-07-11T09:54:36.964+0000] {dag.py:3036} INFO - Sync 1 DAGs
[2025-07-11T09:54:37.280+0000] {logging_mixin.py:188} INFO - [2025-07-11T09:54:37.280+0000] {dag.py:3823} INFO - Setting next_dagrun for example_short_circuit_decorator to 2025-07-10 00:00:00+00:00, run_after=2025-07-11 00:00:00+00:00
[2025-07-11T09:54:37.317+0000] {processor.py:183} INFO - Processing /home/airflow/.local/lib/python3.8/site-packages/airflow/example_dags/example_short_circuit_decorator.py took 0.437 seconds
