[2025-07-11T09:24:51.522+0000] {processor.py:161} INFO - Started process (PID=69) to work on /home/airflow/.local/lib/python3.8/site-packages/airflow/example_dags/example_task_group.py
[2025-07-11T09:24:51.525+0000] {processor.py:830} INFO - Processing file /home/airflow/.local/lib/python3.8/site-packages/airflow/example_dags/example_task_group.py for tasks to queue
[2025-07-11T09:24:51.528+0000] {logging_mixin.py:188} INFO - [2025-07-11T09:24:51.527+0000] {dagbag.py:538} INFO - Filling up the DagBag from /home/airflow/.local/lib/python3.8/site-packages/airflow/example_dags/example_task_group.py
[2025-07-11T09:24:51.609+0000] {processor.py:840} INFO - DAG(s) 'example_task_group' retrieved from /home/airflow/.local/lib/python3.8/site-packages/airflow/example_dags/example_task_group.py
[2025-07-11T09:24:51.864+0000] {logging_mixin.py:188} INFO - [2025-07-11T09:24:51.862+0000] {override.py:1769} INFO - Created Permission View: can edit on DAG:example_task_group
[2025-07-11T09:24:51.886+0000] {logging_mixin.py:188} INFO - [2025-07-11T09:24:51.885+0000] {override.py:1769} INFO - Created Permission View: can delete on DAG:example_task_group
[2025-07-11T09:24:51.901+0000] {logging_mixin.py:188} INFO - [2025-07-11T09:24:51.901+0000] {override.py:1769} INFO - Created Permission View: can read on DAG:example_task_group
[2025-07-11T09:24:51.903+0000] {logging_mixin.py:188} INFO - [2025-07-11T09:24:51.902+0000] {dag.py:3036} INFO - Sync 1 DAGs
[2025-07-11T09:24:51.925+0000] {logging_mixin.py:188} INFO - [2025-07-11T09:24:51.925+0000] {dag.py:3058} INFO - Creating ORM DAG for example_task_group
[2025-07-11T09:24:51.948+0000] {logging_mixin.py:188} INFO - [2025-07-11T09:24:51.948+0000] {dag.py:3823} INFO - Setting next_dagrun for example_task_group to 2025-07-10 00:00:00+00:00, run_after=2025-07-11 00:00:00+00:00
[2025-07-11T09:24:52.000+0000] {processor.py:183} INFO - Processing /home/airflow/.local/lib/python3.8/site-packages/airflow/example_dags/example_task_group.py took 0.493 seconds
[2025-07-11T09:25:22.505+0000] {processor.py:161} INFO - Started process (PID=130) to work on /home/airflow/.local/lib/python3.8/site-packages/airflow/example_dags/example_task_group.py
[2025-07-11T09:25:22.506+0000] {processor.py:830} INFO - Processing file /home/airflow/.local/lib/python3.8/site-packages/airflow/example_dags/example_task_group.py for tasks to queue
[2025-07-11T09:25:22.509+0000] {logging_mixin.py:188} INFO - [2025-07-11T09:25:22.508+0000] {dagbag.py:538} INFO - Filling up the DagBag from /home/airflow/.local/lib/python3.8/site-packages/airflow/example_dags/example_task_group.py
[2025-07-11T09:25:22.518+0000] {processor.py:840} INFO - DAG(s) 'example_task_group' retrieved from /home/airflow/.local/lib/python3.8/site-packages/airflow/example_dags/example_task_group.py
[2025-07-11T09:25:22.548+0000] {logging_mixin.py:188} INFO - [2025-07-11T09:25:22.547+0000] {dag.py:3036} INFO - Sync 1 DAGs
[2025-07-11T09:25:22.580+0000] {logging_mixin.py:188} INFO - [2025-07-11T09:25:22.579+0000] {dag.py:3823} INFO - Setting next_dagrun for example_task_group to 2025-07-10 00:00:00+00:00, run_after=2025-07-11 00:00:00+00:00
[2025-07-11T09:25:22.613+0000] {processor.py:183} INFO - Processing /home/airflow/.local/lib/python3.8/site-packages/airflow/example_dags/example_task_group.py took 0.113 seconds
[2025-07-11T09:25:52.812+0000] {processor.py:161} INFO - Started process (PID=185) to work on /home/airflow/.local/lib/python3.8/site-packages/airflow/example_dags/example_task_group.py
[2025-07-11T09:25:52.814+0000] {processor.py:830} INFO - Processing file /home/airflow/.local/lib/python3.8/site-packages/airflow/example_dags/example_task_group.py for tasks to queue
[2025-07-11T09:25:52.816+0000] {logging_mixin.py:188} INFO - [2025-07-11T09:25:52.816+0000] {dagbag.py:538} INFO - Filling up the DagBag from /home/airflow/.local/lib/python3.8/site-packages/airflow/example_dags/example_task_group.py
[2025-07-11T09:25:52.826+0000] {processor.py:840} INFO - DAG(s) 'example_task_group' retrieved from /home/airflow/.local/lib/python3.8/site-packages/airflow/example_dags/example_task_group.py
[2025-07-11T09:25:52.862+0000] {logging_mixin.py:188} INFO - [2025-07-11T09:25:52.861+0000] {dag.py:3036} INFO - Sync 1 DAGs
[2025-07-11T09:25:52.907+0000] {logging_mixin.py:188} INFO - [2025-07-11T09:25:52.907+0000] {dag.py:3823} INFO - Setting next_dagrun for example_task_group to 2025-07-10 00:00:00+00:00, run_after=2025-07-11 00:00:00+00:00
[2025-07-11T09:25:52.947+0000] {processor.py:183} INFO - Processing /home/airflow/.local/lib/python3.8/site-packages/airflow/example_dags/example_task_group.py took 0.140 seconds
[2025-07-11T09:26:23.045+0000] {processor.py:161} INFO - Started process (PID=240) to work on /home/airflow/.local/lib/python3.8/site-packages/airflow/example_dags/example_task_group.py
[2025-07-11T09:26:23.047+0000] {processor.py:830} INFO - Processing file /home/airflow/.local/lib/python3.8/site-packages/airflow/example_dags/example_task_group.py for tasks to queue
[2025-07-11T09:26:23.049+0000] {logging_mixin.py:188} INFO - [2025-07-11T09:26:23.049+0000] {dagbag.py:538} INFO - Filling up the DagBag from /home/airflow/.local/lib/python3.8/site-packages/airflow/example_dags/example_task_group.py
[2025-07-11T09:26:23.060+0000] {processor.py:840} INFO - DAG(s) 'example_task_group' retrieved from /home/airflow/.local/lib/python3.8/site-packages/airflow/example_dags/example_task_group.py
[2025-07-11T09:26:23.093+0000] {logging_mixin.py:188} INFO - [2025-07-11T09:26:23.092+0000] {dag.py:3036} INFO - Sync 1 DAGs
[2025-07-11T09:26:23.129+0000] {logging_mixin.py:188} INFO - [2025-07-11T09:26:23.129+0000] {dag.py:3823} INFO - Setting next_dagrun for example_task_group to 2025-07-10 00:00:00+00:00, run_after=2025-07-11 00:00:00+00:00
[2025-07-11T09:26:23.160+0000] {processor.py:183} INFO - Processing /home/airflow/.local/lib/python3.8/site-packages/airflow/example_dags/example_task_group.py took 0.120 seconds
[2025-07-11T09:26:53.454+0000] {processor.py:161} INFO - Started process (PID=295) to work on /home/airflow/.local/lib/python3.8/site-packages/airflow/example_dags/example_task_group.py
[2025-07-11T09:26:53.455+0000] {processor.py:830} INFO - Processing file /home/airflow/.local/lib/python3.8/site-packages/airflow/example_dags/example_task_group.py for tasks to queue
[2025-07-11T09:26:53.458+0000] {logging_mixin.py:188} INFO - [2025-07-11T09:26:53.457+0000] {dagbag.py:538} INFO - Filling up the DagBag from /home/airflow/.local/lib/python3.8/site-packages/airflow/example_dags/example_task_group.py
[2025-07-11T09:26:53.468+0000] {processor.py:840} INFO - DAG(s) 'example_task_group' retrieved from /home/airflow/.local/lib/python3.8/site-packages/airflow/example_dags/example_task_group.py
[2025-07-11T09:26:53.498+0000] {logging_mixin.py:188} INFO - [2025-07-11T09:26:53.498+0000] {dag.py:3036} INFO - Sync 1 DAGs
[2025-07-11T09:26:53.530+0000] {logging_mixin.py:188} INFO - [2025-07-11T09:26:53.530+0000] {dag.py:3823} INFO - Setting next_dagrun for example_task_group to 2025-07-10 00:00:00+00:00, run_after=2025-07-11 00:00:00+00:00
[2025-07-11T09:26:53.562+0000] {processor.py:183} INFO - Processing /home/airflow/.local/lib/python3.8/site-packages/airflow/example_dags/example_task_group.py took 0.113 seconds
[2025-07-11T09:28:20.502+0000] {processor.py:161} INFO - Started process (PID=69) to work on /home/airflow/.local/lib/python3.8/site-packages/airflow/example_dags/example_task_group.py
[2025-07-11T09:28:20.506+0000] {processor.py:830} INFO - Processing file /home/airflow/.local/lib/python3.8/site-packages/airflow/example_dags/example_task_group.py for tasks to queue
[2025-07-11T09:28:20.510+0000] {logging_mixin.py:188} INFO - [2025-07-11T09:28:20.509+0000] {dagbag.py:538} INFO - Filling up the DagBag from /home/airflow/.local/lib/python3.8/site-packages/airflow/example_dags/example_task_group.py
[2025-07-11T09:28:20.539+0000] {processor.py:840} INFO - DAG(s) 'example_task_group' retrieved from /home/airflow/.local/lib/python3.8/site-packages/airflow/example_dags/example_task_group.py
[2025-07-11T09:28:20.768+0000] {logging_mixin.py:188} INFO - [2025-07-11T09:28:20.767+0000] {override.py:1769} INFO - Created Permission View: can read on DAG:example_task_group
[2025-07-11T09:28:20.795+0000] {logging_mixin.py:188} INFO - [2025-07-11T09:28:20.794+0000] {override.py:1769} INFO - Created Permission View: can delete on DAG:example_task_group
[2025-07-11T09:28:20.822+0000] {logging_mixin.py:188} INFO - [2025-07-11T09:28:20.821+0000] {override.py:1769} INFO - Created Permission View: can edit on DAG:example_task_group
[2025-07-11T09:28:20.822+0000] {logging_mixin.py:188} INFO - [2025-07-11T09:28:20.822+0000] {dag.py:3036} INFO - Sync 1 DAGs
[2025-07-11T09:28:20.850+0000] {logging_mixin.py:188} INFO - [2025-07-11T09:28:20.850+0000] {dag.py:3058} INFO - Creating ORM DAG for example_task_group
[2025-07-11T09:28:20.873+0000] {logging_mixin.py:188} INFO - [2025-07-11T09:28:20.872+0000] {dag.py:3823} INFO - Setting next_dagrun for example_task_group to 2025-07-10 00:00:00+00:00, run_after=2025-07-11 00:00:00+00:00
[2025-07-11T09:28:20.913+0000] {processor.py:183} INFO - Processing /home/airflow/.local/lib/python3.8/site-packages/airflow/example_dags/example_task_group.py took 0.416 seconds
[2025-07-11T09:28:51.101+0000] {processor.py:161} INFO - Started process (PID=125) to work on /home/airflow/.local/lib/python3.8/site-packages/airflow/example_dags/example_task_group.py
[2025-07-11T09:28:51.103+0000] {processor.py:830} INFO - Processing file /home/airflow/.local/lib/python3.8/site-packages/airflow/example_dags/example_task_group.py for tasks to queue
[2025-07-11T09:28:51.105+0000] {logging_mixin.py:188} INFO - [2025-07-11T09:28:51.105+0000] {dagbag.py:538} INFO - Filling up the DagBag from /home/airflow/.local/lib/python3.8/site-packages/airflow/example_dags/example_task_group.py
[2025-07-11T09:28:51.116+0000] {processor.py:840} INFO - DAG(s) 'example_task_group' retrieved from /home/airflow/.local/lib/python3.8/site-packages/airflow/example_dags/example_task_group.py
[2025-07-11T09:28:51.145+0000] {logging_mixin.py:188} INFO - [2025-07-11T09:28:51.145+0000] {dag.py:3036} INFO - Sync 1 DAGs
[2025-07-11T09:28:51.179+0000] {logging_mixin.py:188} INFO - [2025-07-11T09:28:51.178+0000] {dag.py:3823} INFO - Setting next_dagrun for example_task_group to 2025-07-10 00:00:00+00:00, run_after=2025-07-11 00:00:00+00:00
[2025-07-11T09:28:51.211+0000] {processor.py:183} INFO - Processing /home/airflow/.local/lib/python3.8/site-packages/airflow/example_dags/example_task_group.py took 0.114 seconds
[2025-07-11T09:29:21.474+0000] {processor.py:161} INFO - Started process (PID=180) to work on /home/airflow/.local/lib/python3.8/site-packages/airflow/example_dags/example_task_group.py
[2025-07-11T09:29:21.475+0000] {processor.py:830} INFO - Processing file /home/airflow/.local/lib/python3.8/site-packages/airflow/example_dags/example_task_group.py for tasks to queue
[2025-07-11T09:29:21.477+0000] {logging_mixin.py:188} INFO - [2025-07-11T09:29:21.477+0000] {dagbag.py:538} INFO - Filling up the DagBag from /home/airflow/.local/lib/python3.8/site-packages/airflow/example_dags/example_task_group.py
[2025-07-11T09:29:21.487+0000] {processor.py:840} INFO - DAG(s) 'example_task_group' retrieved from /home/airflow/.local/lib/python3.8/site-packages/airflow/example_dags/example_task_group.py
[2025-07-11T09:29:21.519+0000] {logging_mixin.py:188} INFO - [2025-07-11T09:29:21.519+0000] {dag.py:3036} INFO - Sync 1 DAGs
[2025-07-11T09:29:21.558+0000] {logging_mixin.py:188} INFO - [2025-07-11T09:29:21.557+0000] {dag.py:3823} INFO - Setting next_dagrun for example_task_group to 2025-07-10 00:00:00+00:00, run_after=2025-07-11 00:00:00+00:00
[2025-07-11T09:29:21.586+0000] {processor.py:183} INFO - Processing /home/airflow/.local/lib/python3.8/site-packages/airflow/example_dags/example_task_group.py took 0.117 seconds
[2025-07-11T09:29:52.045+0000] {processor.py:161} INFO - Started process (PID=235) to work on /home/airflow/.local/lib/python3.8/site-packages/airflow/example_dags/example_task_group.py
[2025-07-11T09:29:52.047+0000] {processor.py:830} INFO - Processing file /home/airflow/.local/lib/python3.8/site-packages/airflow/example_dags/example_task_group.py for tasks to queue
[2025-07-11T09:29:52.049+0000] {logging_mixin.py:188} INFO - [2025-07-11T09:29:52.049+0000] {dagbag.py:538} INFO - Filling up the DagBag from /home/airflow/.local/lib/python3.8/site-packages/airflow/example_dags/example_task_group.py
[2025-07-11T09:29:52.061+0000] {processor.py:840} INFO - DAG(s) 'example_task_group' retrieved from /home/airflow/.local/lib/python3.8/site-packages/airflow/example_dags/example_task_group.py
[2025-07-11T09:29:52.091+0000] {logging_mixin.py:188} INFO - [2025-07-11T09:29:52.091+0000] {dag.py:3036} INFO - Sync 1 DAGs
[2025-07-11T09:29:52.123+0000] {logging_mixin.py:188} INFO - [2025-07-11T09:29:52.122+0000] {dag.py:3823} INFO - Setting next_dagrun for example_task_group to 2025-07-10 00:00:00+00:00, run_after=2025-07-11 00:00:00+00:00
[2025-07-11T09:29:52.153+0000] {processor.py:183} INFO - Processing /home/airflow/.local/lib/python3.8/site-packages/airflow/example_dags/example_task_group.py took 0.112 seconds
[2025-07-11T09:30:22.385+0000] {processor.py:161} INFO - Started process (PID=290) to work on /home/airflow/.local/lib/python3.8/site-packages/airflow/example_dags/example_task_group.py
[2025-07-11T09:30:22.386+0000] {processor.py:830} INFO - Processing file /home/airflow/.local/lib/python3.8/site-packages/airflow/example_dags/example_task_group.py for tasks to queue
[2025-07-11T09:30:22.388+0000] {logging_mixin.py:188} INFO - [2025-07-11T09:30:22.388+0000] {dagbag.py:538} INFO - Filling up the DagBag from /home/airflow/.local/lib/python3.8/site-packages/airflow/example_dags/example_task_group.py
[2025-07-11T09:30:22.398+0000] {processor.py:840} INFO - DAG(s) 'example_task_group' retrieved from /home/airflow/.local/lib/python3.8/site-packages/airflow/example_dags/example_task_group.py
[2025-07-11T09:30:22.429+0000] {logging_mixin.py:188} INFO - [2025-07-11T09:30:22.428+0000] {dag.py:3036} INFO - Sync 1 DAGs
[2025-07-11T09:30:22.461+0000] {logging_mixin.py:188} INFO - [2025-07-11T09:30:22.460+0000] {dag.py:3823} INFO - Setting next_dagrun for example_task_group to 2025-07-10 00:00:00+00:00, run_after=2025-07-11 00:00:00+00:00
[2025-07-11T09:30:22.491+0000] {processor.py:183} INFO - Processing /home/airflow/.local/lib/python3.8/site-packages/airflow/example_dags/example_task_group.py took 0.110 seconds
[2025-07-11T09:30:52.982+0000] {processor.py:161} INFO - Started process (PID=345) to work on /home/airflow/.local/lib/python3.8/site-packages/airflow/example_dags/example_task_group.py
[2025-07-11T09:30:52.984+0000] {processor.py:830} INFO - Processing file /home/airflow/.local/lib/python3.8/site-packages/airflow/example_dags/example_task_group.py for tasks to queue
[2025-07-11T09:30:52.986+0000] {logging_mixin.py:188} INFO - [2025-07-11T09:30:52.986+0000] {dagbag.py:538} INFO - Filling up the DagBag from /home/airflow/.local/lib/python3.8/site-packages/airflow/example_dags/example_task_group.py
[2025-07-11T09:30:52.999+0000] {processor.py:840} INFO - DAG(s) 'example_task_group' retrieved from /home/airflow/.local/lib/python3.8/site-packages/airflow/example_dags/example_task_group.py
[2025-07-11T09:30:53.033+0000] {logging_mixin.py:188} INFO - [2025-07-11T09:30:53.032+0000] {dag.py:3036} INFO - Sync 1 DAGs
[2025-07-11T09:30:53.070+0000] {logging_mixin.py:188} INFO - [2025-07-11T09:30:53.069+0000] {dag.py:3823} INFO - Setting next_dagrun for example_task_group to 2025-07-10 00:00:00+00:00, run_after=2025-07-11 00:00:00+00:00
[2025-07-11T09:30:53.100+0000] {processor.py:183} INFO - Processing /home/airflow/.local/lib/python3.8/site-packages/airflow/example_dags/example_task_group.py took 0.122 seconds
[2025-07-11T09:31:23.473+0000] {processor.py:161} INFO - Started process (PID=406) to work on /home/airflow/.local/lib/python3.8/site-packages/airflow/example_dags/example_task_group.py
[2025-07-11T09:31:23.476+0000] {processor.py:830} INFO - Processing file /home/airflow/.local/lib/python3.8/site-packages/airflow/example_dags/example_task_group.py for tasks to queue
[2025-07-11T09:31:23.478+0000] {logging_mixin.py:188} INFO - [2025-07-11T09:31:23.478+0000] {dagbag.py:538} INFO - Filling up the DagBag from /home/airflow/.local/lib/python3.8/site-packages/airflow/example_dags/example_task_group.py
[2025-07-11T09:31:23.488+0000] {processor.py:840} INFO - DAG(s) 'example_task_group' retrieved from /home/airflow/.local/lib/python3.8/site-packages/airflow/example_dags/example_task_group.py
[2025-07-11T09:31:23.517+0000] {logging_mixin.py:188} INFO - [2025-07-11T09:31:23.517+0000] {dag.py:3036} INFO - Sync 1 DAGs
[2025-07-11T09:31:23.546+0000] {logging_mixin.py:188} INFO - [2025-07-11T09:31:23.546+0000] {dag.py:3823} INFO - Setting next_dagrun for example_task_group to 2025-07-10 00:00:00+00:00, run_after=2025-07-11 00:00:00+00:00
[2025-07-11T09:31:23.575+0000] {processor.py:183} INFO - Processing /home/airflow/.local/lib/python3.8/site-packages/airflow/example_dags/example_task_group.py took 0.106 seconds
[2025-07-11T09:31:54.314+0000] {processor.py:161} INFO - Started process (PID=461) to work on /home/airflow/.local/lib/python3.8/site-packages/airflow/example_dags/example_task_group.py
[2025-07-11T09:31:54.315+0000] {processor.py:830} INFO - Processing file /home/airflow/.local/lib/python3.8/site-packages/airflow/example_dags/example_task_group.py for tasks to queue
[2025-07-11T09:31:54.318+0000] {logging_mixin.py:188} INFO - [2025-07-11T09:31:54.317+0000] {dagbag.py:538} INFO - Filling up the DagBag from /home/airflow/.local/lib/python3.8/site-packages/airflow/example_dags/example_task_group.py
[2025-07-11T09:31:54.328+0000] {processor.py:840} INFO - DAG(s) 'example_task_group' retrieved from /home/airflow/.local/lib/python3.8/site-packages/airflow/example_dags/example_task_group.py
[2025-07-11T09:31:54.375+0000] {logging_mixin.py:188} INFO - [2025-07-11T09:31:54.374+0000] {dag.py:3036} INFO - Sync 1 DAGs
[2025-07-11T09:31:54.435+0000] {logging_mixin.py:188} INFO - [2025-07-11T09:31:54.434+0000] {dag.py:3823} INFO - Setting next_dagrun for example_task_group to 2025-07-10 00:00:00+00:00, run_after=2025-07-11 00:00:00+00:00
[2025-07-11T09:31:54.480+0000] {processor.py:183} INFO - Processing /home/airflow/.local/lib/python3.8/site-packages/airflow/example_dags/example_task_group.py took 0.170 seconds
[2025-07-11T09:32:25.486+0000] {processor.py:161} INFO - Started process (PID=516) to work on /home/airflow/.local/lib/python3.8/site-packages/airflow/example_dags/example_task_group.py
[2025-07-11T09:32:25.488+0000] {processor.py:830} INFO - Processing file /home/airflow/.local/lib/python3.8/site-packages/airflow/example_dags/example_task_group.py for tasks to queue
[2025-07-11T09:32:25.490+0000] {logging_mixin.py:188} INFO - [2025-07-11T09:32:25.489+0000] {dagbag.py:538} INFO - Filling up the DagBag from /home/airflow/.local/lib/python3.8/site-packages/airflow/example_dags/example_task_group.py
[2025-07-11T09:32:25.501+0000] {processor.py:840} INFO - DAG(s) 'example_task_group' retrieved from /home/airflow/.local/lib/python3.8/site-packages/airflow/example_dags/example_task_group.py
[2025-07-11T09:32:25.532+0000] {logging_mixin.py:188} INFO - [2025-07-11T09:32:25.532+0000] {dag.py:3036} INFO - Sync 1 DAGs
[2025-07-11T09:32:25.563+0000] {logging_mixin.py:188} INFO - [2025-07-11T09:32:25.562+0000] {dag.py:3823} INFO - Setting next_dagrun for example_task_group to 2025-07-10 00:00:00+00:00, run_after=2025-07-11 00:00:00+00:00
[2025-07-11T09:32:25.592+0000] {processor.py:183} INFO - Processing /home/airflow/.local/lib/python3.8/site-packages/airflow/example_dags/example_task_group.py took 0.111 seconds
[2025-07-11T09:32:55.908+0000] {processor.py:161} INFO - Started process (PID=571) to work on /home/airflow/.local/lib/python3.8/site-packages/airflow/example_dags/example_task_group.py
[2025-07-11T09:32:55.910+0000] {processor.py:830} INFO - Processing file /home/airflow/.local/lib/python3.8/site-packages/airflow/example_dags/example_task_group.py for tasks to queue
[2025-07-11T09:32:55.913+0000] {logging_mixin.py:188} INFO - [2025-07-11T09:32:55.913+0000] {dagbag.py:538} INFO - Filling up the DagBag from /home/airflow/.local/lib/python3.8/site-packages/airflow/example_dags/example_task_group.py
[2025-07-11T09:32:55.925+0000] {processor.py:840} INFO - DAG(s) 'example_task_group' retrieved from /home/airflow/.local/lib/python3.8/site-packages/airflow/example_dags/example_task_group.py
[2025-07-11T09:32:55.959+0000] {logging_mixin.py:188} INFO - [2025-07-11T09:32:55.958+0000] {dag.py:3036} INFO - Sync 1 DAGs
[2025-07-11T09:32:55.993+0000] {logging_mixin.py:188} INFO - [2025-07-11T09:32:55.992+0000] {dag.py:3823} INFO - Setting next_dagrun for example_task_group to 2025-07-10 00:00:00+00:00, run_after=2025-07-11 00:00:00+00:00
[2025-07-11T09:32:56.027+0000] {processor.py:183} INFO - Processing /home/airflow/.local/lib/python3.8/site-packages/airflow/example_dags/example_task_group.py took 0.125 seconds
[2025-07-11T09:33:26.086+0000] {processor.py:161} INFO - Started process (PID=626) to work on /home/airflow/.local/lib/python3.8/site-packages/airflow/example_dags/example_task_group.py
[2025-07-11T09:33:26.087+0000] {processor.py:830} INFO - Processing file /home/airflow/.local/lib/python3.8/site-packages/airflow/example_dags/example_task_group.py for tasks to queue
[2025-07-11T09:33:26.089+0000] {logging_mixin.py:188} INFO - [2025-07-11T09:33:26.089+0000] {dagbag.py:538} INFO - Filling up the DagBag from /home/airflow/.local/lib/python3.8/site-packages/airflow/example_dags/example_task_group.py
[2025-07-11T09:33:26.098+0000] {processor.py:840} INFO - DAG(s) 'example_task_group' retrieved from /home/airflow/.local/lib/python3.8/site-packages/airflow/example_dags/example_task_group.py
[2025-07-11T09:33:26.132+0000] {logging_mixin.py:188} INFO - [2025-07-11T09:33:26.132+0000] {dag.py:3036} INFO - Sync 1 DAGs
[2025-07-11T09:33:26.166+0000] {logging_mixin.py:188} INFO - [2025-07-11T09:33:26.166+0000] {dag.py:3823} INFO - Setting next_dagrun for example_task_group to 2025-07-10 00:00:00+00:00, run_after=2025-07-11 00:00:00+00:00
[2025-07-11T09:33:26.207+0000] {processor.py:183} INFO - Processing /home/airflow/.local/lib/python3.8/site-packages/airflow/example_dags/example_task_group.py took 0.126 seconds
[2025-07-11T09:34:40.854+0000] {processor.py:161} INFO - Started process (PID=77) to work on /home/airflow/.local/lib/python3.8/site-packages/airflow/example_dags/example_task_group.py
[2025-07-11T09:34:40.863+0000] {processor.py:830} INFO - Processing file /home/airflow/.local/lib/python3.8/site-packages/airflow/example_dags/example_task_group.py for tasks to queue
[2025-07-11T09:34:40.866+0000] {logging_mixin.py:188} INFO - [2025-07-11T09:34:40.865+0000] {dagbag.py:538} INFO - Filling up the DagBag from /home/airflow/.local/lib/python3.8/site-packages/airflow/example_dags/example_task_group.py
[2025-07-11T09:34:40.914+0000] {processor.py:840} INFO - DAG(s) 'example_task_group' retrieved from /home/airflow/.local/lib/python3.8/site-packages/airflow/example_dags/example_task_group.py
[2025-07-11T09:34:41.336+0000] {logging_mixin.py:188} INFO - [2025-07-11T09:34:41.335+0000] {override.py:1769} INFO - Created Permission View: can edit on DAG:example_task_group
[2025-07-11T09:34:41.379+0000] {logging_mixin.py:188} INFO - [2025-07-11T09:34:41.378+0000] {override.py:1769} INFO - Created Permission View: can delete on DAG:example_task_group
[2025-07-11T09:34:41.407+0000] {logging_mixin.py:188} INFO - [2025-07-11T09:34:41.406+0000] {override.py:1769} INFO - Created Permission View: can read on DAG:example_task_group
[2025-07-11T09:34:41.408+0000] {logging_mixin.py:188} INFO - [2025-07-11T09:34:41.407+0000] {dag.py:3036} INFO - Sync 1 DAGs
[2025-07-11T09:34:41.443+0000] {logging_mixin.py:188} INFO - [2025-07-11T09:34:41.442+0000] {dag.py:3058} INFO - Creating ORM DAG for example_task_group
[2025-07-11T09:34:41.482+0000] {logging_mixin.py:188} INFO - [2025-07-11T09:34:41.481+0000] {dag.py:3823} INFO - Setting next_dagrun for example_task_group to 2025-07-10 00:00:00+00:00, run_after=2025-07-11 00:00:00+00:00
[2025-07-11T09:34:41.541+0000] {processor.py:183} INFO - Processing /home/airflow/.local/lib/python3.8/site-packages/airflow/example_dags/example_task_group.py took 0.697 seconds
[2025-07-11T09:35:12.168+0000] {processor.py:161} INFO - Started process (PID=132) to work on /home/airflow/.local/lib/python3.8/site-packages/airflow/example_dags/example_task_group.py
[2025-07-11T09:35:12.170+0000] {processor.py:830} INFO - Processing file /home/airflow/.local/lib/python3.8/site-packages/airflow/example_dags/example_task_group.py for tasks to queue
[2025-07-11T09:35:12.172+0000] {logging_mixin.py:188} INFO - [2025-07-11T09:35:12.172+0000] {dagbag.py:538} INFO - Filling up the DagBag from /home/airflow/.local/lib/python3.8/site-packages/airflow/example_dags/example_task_group.py
[2025-07-11T09:35:12.185+0000] {processor.py:840} INFO - DAG(s) 'example_task_group' retrieved from /home/airflow/.local/lib/python3.8/site-packages/airflow/example_dags/example_task_group.py
[2025-07-11T09:35:12.222+0000] {logging_mixin.py:188} INFO - [2025-07-11T09:35:12.222+0000] {dag.py:3036} INFO - Sync 1 DAGs
[2025-07-11T09:35:12.264+0000] {logging_mixin.py:188} INFO - [2025-07-11T09:35:12.264+0000] {dag.py:3823} INFO - Setting next_dagrun for example_task_group to 2025-07-10 00:00:00+00:00, run_after=2025-07-11 00:00:00+00:00
[2025-07-11T09:35:12.298+0000] {processor.py:183} INFO - Processing /home/airflow/.local/lib/python3.8/site-packages/airflow/example_dags/example_task_group.py took 0.135 seconds
[2025-07-11T09:35:42.385+0000] {processor.py:161} INFO - Started process (PID=187) to work on /home/airflow/.local/lib/python3.8/site-packages/airflow/example_dags/example_task_group.py
[2025-07-11T09:35:42.388+0000] {processor.py:830} INFO - Processing file /home/airflow/.local/lib/python3.8/site-packages/airflow/example_dags/example_task_group.py for tasks to queue
[2025-07-11T09:35:42.390+0000] {logging_mixin.py:188} INFO - [2025-07-11T09:35:42.389+0000] {dagbag.py:538} INFO - Filling up the DagBag from /home/airflow/.local/lib/python3.8/site-packages/airflow/example_dags/example_task_group.py
[2025-07-11T09:35:42.400+0000] {processor.py:840} INFO - DAG(s) 'example_task_group' retrieved from /home/airflow/.local/lib/python3.8/site-packages/airflow/example_dags/example_task_group.py
[2025-07-11T09:35:42.431+0000] {logging_mixin.py:188} INFO - [2025-07-11T09:35:42.431+0000] {dag.py:3036} INFO - Sync 1 DAGs
[2025-07-11T09:35:42.467+0000] {logging_mixin.py:188} INFO - [2025-07-11T09:35:42.467+0000] {dag.py:3823} INFO - Setting next_dagrun for example_task_group to 2025-07-10 00:00:00+00:00, run_after=2025-07-11 00:00:00+00:00
[2025-07-11T09:35:42.500+0000] {processor.py:183} INFO - Processing /home/airflow/.local/lib/python3.8/site-packages/airflow/example_dags/example_task_group.py took 0.119 seconds
[2025-07-11T09:36:13.045+0000] {processor.py:161} INFO - Started process (PID=242) to work on /home/airflow/.local/lib/python3.8/site-packages/airflow/example_dags/example_task_group.py
[2025-07-11T09:36:13.047+0000] {processor.py:830} INFO - Processing file /home/airflow/.local/lib/python3.8/site-packages/airflow/example_dags/example_task_group.py for tasks to queue
[2025-07-11T09:36:13.049+0000] {logging_mixin.py:188} INFO - [2025-07-11T09:36:13.048+0000] {dagbag.py:538} INFO - Filling up the DagBag from /home/airflow/.local/lib/python3.8/site-packages/airflow/example_dags/example_task_group.py
[2025-07-11T09:36:13.061+0000] {processor.py:840} INFO - DAG(s) 'example_task_group' retrieved from /home/airflow/.local/lib/python3.8/site-packages/airflow/example_dags/example_task_group.py
[2025-07-11T09:36:13.096+0000] {logging_mixin.py:188} INFO - [2025-07-11T09:36:13.095+0000] {dag.py:3036} INFO - Sync 1 DAGs
[2025-07-11T09:36:13.132+0000] {logging_mixin.py:188} INFO - [2025-07-11T09:36:13.131+0000] {dag.py:3823} INFO - Setting next_dagrun for example_task_group to 2025-07-10 00:00:00+00:00, run_after=2025-07-11 00:00:00+00:00
[2025-07-11T09:36:13.165+0000] {processor.py:183} INFO - Processing /home/airflow/.local/lib/python3.8/site-packages/airflow/example_dags/example_task_group.py took 0.124 seconds
[2025-07-11T09:36:43.266+0000] {processor.py:161} INFO - Started process (PID=297) to work on /home/airflow/.local/lib/python3.8/site-packages/airflow/example_dags/example_task_group.py
[2025-07-11T09:36:43.268+0000] {processor.py:830} INFO - Processing file /home/airflow/.local/lib/python3.8/site-packages/airflow/example_dags/example_task_group.py for tasks to queue
[2025-07-11T09:36:43.271+0000] {logging_mixin.py:188} INFO - [2025-07-11T09:36:43.271+0000] {dagbag.py:538} INFO - Filling up the DagBag from /home/airflow/.local/lib/python3.8/site-packages/airflow/example_dags/example_task_group.py
[2025-07-11T09:36:43.283+0000] {processor.py:840} INFO - DAG(s) 'example_task_group' retrieved from /home/airflow/.local/lib/python3.8/site-packages/airflow/example_dags/example_task_group.py
[2025-07-11T09:36:43.323+0000] {logging_mixin.py:188} INFO - [2025-07-11T09:36:43.322+0000] {dag.py:3036} INFO - Sync 1 DAGs
[2025-07-11T09:36:43.363+0000] {logging_mixin.py:188} INFO - [2025-07-11T09:36:43.362+0000] {dag.py:3823} INFO - Setting next_dagrun for example_task_group to 2025-07-10 00:00:00+00:00, run_after=2025-07-11 00:00:00+00:00
[2025-07-11T09:36:43.397+0000] {processor.py:183} INFO - Processing /home/airflow/.local/lib/python3.8/site-packages/airflow/example_dags/example_task_group.py took 0.135 seconds
[2025-07-11T09:37:13.650+0000] {processor.py:161} INFO - Started process (PID=352) to work on /home/airflow/.local/lib/python3.8/site-packages/airflow/example_dags/example_task_group.py
[2025-07-11T09:37:13.652+0000] {processor.py:830} INFO - Processing file /home/airflow/.local/lib/python3.8/site-packages/airflow/example_dags/example_task_group.py for tasks to queue
[2025-07-11T09:37:13.655+0000] {logging_mixin.py:188} INFO - [2025-07-11T09:37:13.654+0000] {dagbag.py:538} INFO - Filling up the DagBag from /home/airflow/.local/lib/python3.8/site-packages/airflow/example_dags/example_task_group.py
[2025-07-11T09:37:13.668+0000] {processor.py:840} INFO - DAG(s) 'example_task_group' retrieved from /home/airflow/.local/lib/python3.8/site-packages/airflow/example_dags/example_task_group.py
[2025-07-11T09:37:13.704+0000] {logging_mixin.py:188} INFO - [2025-07-11T09:37:13.703+0000] {dag.py:3036} INFO - Sync 1 DAGs
[2025-07-11T09:37:13.746+0000] {logging_mixin.py:188} INFO - [2025-07-11T09:37:13.745+0000] {dag.py:3823} INFO - Setting next_dagrun for example_task_group to 2025-07-10 00:00:00+00:00, run_after=2025-07-11 00:00:00+00:00
[2025-07-11T09:37:13.779+0000] {processor.py:183} INFO - Processing /home/airflow/.local/lib/python3.8/site-packages/airflow/example_dags/example_task_group.py took 0.135 seconds
[2025-07-11T09:37:43.966+0000] {processor.py:161} INFO - Started process (PID=407) to work on /home/airflow/.local/lib/python3.8/site-packages/airflow/example_dags/example_task_group.py
[2025-07-11T09:37:43.969+0000] {processor.py:830} INFO - Processing file /home/airflow/.local/lib/python3.8/site-packages/airflow/example_dags/example_task_group.py for tasks to queue
[2025-07-11T09:37:43.971+0000] {logging_mixin.py:188} INFO - [2025-07-11T09:37:43.970+0000] {dagbag.py:538} INFO - Filling up the DagBag from /home/airflow/.local/lib/python3.8/site-packages/airflow/example_dags/example_task_group.py
[2025-07-11T09:37:43.981+0000] {processor.py:840} INFO - DAG(s) 'example_task_group' retrieved from /home/airflow/.local/lib/python3.8/site-packages/airflow/example_dags/example_task_group.py
[2025-07-11T09:37:44.013+0000] {logging_mixin.py:188} INFO - [2025-07-11T09:37:44.013+0000] {dag.py:3036} INFO - Sync 1 DAGs
[2025-07-11T09:37:44.043+0000] {logging_mixin.py:188} INFO - [2025-07-11T09:37:44.043+0000] {dag.py:3823} INFO - Setting next_dagrun for example_task_group to 2025-07-10 00:00:00+00:00, run_after=2025-07-11 00:00:00+00:00
[2025-07-11T09:37:44.074+0000] {processor.py:183} INFO - Processing /home/airflow/.local/lib/python3.8/site-packages/airflow/example_dags/example_task_group.py took 0.112 seconds
[2025-07-11T09:38:14.158+0000] {processor.py:161} INFO - Started process (PID=462) to work on /home/airflow/.local/lib/python3.8/site-packages/airflow/example_dags/example_task_group.py
[2025-07-11T09:38:14.160+0000] {processor.py:830} INFO - Processing file /home/airflow/.local/lib/python3.8/site-packages/airflow/example_dags/example_task_group.py for tasks to queue
[2025-07-11T09:38:14.163+0000] {logging_mixin.py:188} INFO - [2025-07-11T09:38:14.162+0000] {dagbag.py:538} INFO - Filling up the DagBag from /home/airflow/.local/lib/python3.8/site-packages/airflow/example_dags/example_task_group.py
[2025-07-11T09:38:14.172+0000] {processor.py:840} INFO - DAG(s) 'example_task_group' retrieved from /home/airflow/.local/lib/python3.8/site-packages/airflow/example_dags/example_task_group.py
[2025-07-11T09:38:14.205+0000] {logging_mixin.py:188} INFO - [2025-07-11T09:38:14.205+0000] {dag.py:3036} INFO - Sync 1 DAGs
[2025-07-11T09:38:14.241+0000] {logging_mixin.py:188} INFO - [2025-07-11T09:38:14.240+0000] {dag.py:3823} INFO - Setting next_dagrun for example_task_group to 2025-07-10 00:00:00+00:00, run_after=2025-07-11 00:00:00+00:00
[2025-07-11T09:38:14.273+0000] {processor.py:183} INFO - Processing /home/airflow/.local/lib/python3.8/site-packages/airflow/example_dags/example_task_group.py took 0.118 seconds
[2025-07-11T09:38:44.666+0000] {processor.py:161} INFO - Started process (PID=517) to work on /home/airflow/.local/lib/python3.8/site-packages/airflow/example_dags/example_task_group.py
[2025-07-11T09:38:44.667+0000] {processor.py:830} INFO - Processing file /home/airflow/.local/lib/python3.8/site-packages/airflow/example_dags/example_task_group.py for tasks to queue
[2025-07-11T09:38:44.670+0000] {logging_mixin.py:188} INFO - [2025-07-11T09:38:44.669+0000] {dagbag.py:538} INFO - Filling up the DagBag from /home/airflow/.local/lib/python3.8/site-packages/airflow/example_dags/example_task_group.py
[2025-07-11T09:38:44.679+0000] {processor.py:840} INFO - DAG(s) 'example_task_group' retrieved from /home/airflow/.local/lib/python3.8/site-packages/airflow/example_dags/example_task_group.py
[2025-07-11T09:38:44.710+0000] {logging_mixin.py:188} INFO - [2025-07-11T09:38:44.710+0000] {dag.py:3036} INFO - Sync 1 DAGs
[2025-07-11T09:38:44.743+0000] {logging_mixin.py:188} INFO - [2025-07-11T09:38:44.742+0000] {dag.py:3823} INFO - Setting next_dagrun for example_task_group to 2025-07-10 00:00:00+00:00, run_after=2025-07-11 00:00:00+00:00
[2025-07-11T09:38:44.778+0000] {processor.py:183} INFO - Processing /home/airflow/.local/lib/python3.8/site-packages/airflow/example_dags/example_task_group.py took 0.116 seconds
[2025-07-11T09:39:15.137+0000] {processor.py:161} INFO - Started process (PID=573) to work on /home/airflow/.local/lib/python3.8/site-packages/airflow/example_dags/example_task_group.py
[2025-07-11T09:39:15.139+0000] {processor.py:830} INFO - Processing file /home/airflow/.local/lib/python3.8/site-packages/airflow/example_dags/example_task_group.py for tasks to queue
[2025-07-11T09:39:15.141+0000] {logging_mixin.py:188} INFO - [2025-07-11T09:39:15.141+0000] {dagbag.py:538} INFO - Filling up the DagBag from /home/airflow/.local/lib/python3.8/site-packages/airflow/example_dags/example_task_group.py
[2025-07-11T09:39:15.151+0000] {processor.py:840} INFO - DAG(s) 'example_task_group' retrieved from /home/airflow/.local/lib/python3.8/site-packages/airflow/example_dags/example_task_group.py
[2025-07-11T09:39:15.182+0000] {logging_mixin.py:188} INFO - [2025-07-11T09:39:15.182+0000] {dag.py:3036} INFO - Sync 1 DAGs
[2025-07-11T09:39:15.211+0000] {logging_mixin.py:188} INFO - [2025-07-11T09:39:15.210+0000] {dag.py:3823} INFO - Setting next_dagrun for example_task_group to 2025-07-10 00:00:00+00:00, run_after=2025-07-11 00:00:00+00:00
[2025-07-11T09:39:15.239+0000] {processor.py:183} INFO - Processing /home/airflow/.local/lib/python3.8/site-packages/airflow/example_dags/example_task_group.py took 0.105 seconds
[2025-07-11T09:39:45.459+0000] {processor.py:161} INFO - Started process (PID=628) to work on /home/airflow/.local/lib/python3.8/site-packages/airflow/example_dags/example_task_group.py
[2025-07-11T09:39:45.461+0000] {processor.py:830} INFO - Processing file /home/airflow/.local/lib/python3.8/site-packages/airflow/example_dags/example_task_group.py for tasks to queue
[2025-07-11T09:39:45.464+0000] {logging_mixin.py:188} INFO - [2025-07-11T09:39:45.463+0000] {dagbag.py:538} INFO - Filling up the DagBag from /home/airflow/.local/lib/python3.8/site-packages/airflow/example_dags/example_task_group.py
[2025-07-11T09:39:45.476+0000] {processor.py:840} INFO - DAG(s) 'example_task_group' retrieved from /home/airflow/.local/lib/python3.8/site-packages/airflow/example_dags/example_task_group.py
[2025-07-11T09:39:45.507+0000] {logging_mixin.py:188} INFO - [2025-07-11T09:39:45.507+0000] {dag.py:3036} INFO - Sync 1 DAGs
[2025-07-11T09:39:45.540+0000] {logging_mixin.py:188} INFO - [2025-07-11T09:39:45.539+0000] {dag.py:3823} INFO - Setting next_dagrun for example_task_group to 2025-07-10 00:00:00+00:00, run_after=2025-07-11 00:00:00+00:00
[2025-07-11T09:39:45.574+0000] {processor.py:183} INFO - Processing /home/airflow/.local/lib/python3.8/site-packages/airflow/example_dags/example_task_group.py took 0.120 seconds
[2025-07-11T09:40:15.937+0000] {processor.py:161} INFO - Started process (PID=683) to work on /home/airflow/.local/lib/python3.8/site-packages/airflow/example_dags/example_task_group.py
[2025-07-11T09:40:15.939+0000] {processor.py:830} INFO - Processing file /home/airflow/.local/lib/python3.8/site-packages/airflow/example_dags/example_task_group.py for tasks to queue
[2025-07-11T09:40:15.942+0000] {logging_mixin.py:188} INFO - [2025-07-11T09:40:15.941+0000] {dagbag.py:538} INFO - Filling up the DagBag from /home/airflow/.local/lib/python3.8/site-packages/airflow/example_dags/example_task_group.py
[2025-07-11T09:40:15.951+0000] {processor.py:840} INFO - DAG(s) 'example_task_group' retrieved from /home/airflow/.local/lib/python3.8/site-packages/airflow/example_dags/example_task_group.py
[2025-07-11T09:40:15.979+0000] {logging_mixin.py:188} INFO - [2025-07-11T09:40:15.979+0000] {dag.py:3036} INFO - Sync 1 DAGs
[2025-07-11T09:40:16.010+0000] {logging_mixin.py:188} INFO - [2025-07-11T09:40:16.010+0000] {dag.py:3823} INFO - Setting next_dagrun for example_task_group to 2025-07-10 00:00:00+00:00, run_after=2025-07-11 00:00:00+00:00
[2025-07-11T09:40:16.040+0000] {processor.py:183} INFO - Processing /home/airflow/.local/lib/python3.8/site-packages/airflow/example_dags/example_task_group.py took 0.107 seconds
[2025-07-11T09:40:46.355+0000] {processor.py:161} INFO - Started process (PID=738) to work on /home/airflow/.local/lib/python3.8/site-packages/airflow/example_dags/example_task_group.py
[2025-07-11T09:40:46.357+0000] {processor.py:830} INFO - Processing file /home/airflow/.local/lib/python3.8/site-packages/airflow/example_dags/example_task_group.py for tasks to queue
[2025-07-11T09:40:46.359+0000] {logging_mixin.py:188} INFO - [2025-07-11T09:40:46.359+0000] {dagbag.py:538} INFO - Filling up the DagBag from /home/airflow/.local/lib/python3.8/site-packages/airflow/example_dags/example_task_group.py
[2025-07-11T09:40:46.370+0000] {processor.py:840} INFO - DAG(s) 'example_task_group' retrieved from /home/airflow/.local/lib/python3.8/site-packages/airflow/example_dags/example_task_group.py
[2025-07-11T09:40:46.406+0000] {logging_mixin.py:188} INFO - [2025-07-11T09:40:46.405+0000] {dag.py:3036} INFO - Sync 1 DAGs
[2025-07-11T09:40:46.454+0000] {logging_mixin.py:188} INFO - [2025-07-11T09:40:46.454+0000] {dag.py:3823} INFO - Setting next_dagrun for example_task_group to 2025-07-10 00:00:00+00:00, run_after=2025-07-11 00:00:00+00:00
[2025-07-11T09:40:46.490+0000] {processor.py:183} INFO - Processing /home/airflow/.local/lib/python3.8/site-packages/airflow/example_dags/example_task_group.py took 0.140 seconds
[2025-07-11T09:41:16.546+0000] {processor.py:161} INFO - Started process (PID=793) to work on /home/airflow/.local/lib/python3.8/site-packages/airflow/example_dags/example_task_group.py
[2025-07-11T09:41:16.548+0000] {processor.py:830} INFO - Processing file /home/airflow/.local/lib/python3.8/site-packages/airflow/example_dags/example_task_group.py for tasks to queue
[2025-07-11T09:41:16.550+0000] {logging_mixin.py:188} INFO - [2025-07-11T09:41:16.550+0000] {dagbag.py:538} INFO - Filling up the DagBag from /home/airflow/.local/lib/python3.8/site-packages/airflow/example_dags/example_task_group.py
[2025-07-11T09:41:16.560+0000] {processor.py:840} INFO - DAG(s) 'example_task_group' retrieved from /home/airflow/.local/lib/python3.8/site-packages/airflow/example_dags/example_task_group.py
[2025-07-11T09:41:16.591+0000] {logging_mixin.py:188} INFO - [2025-07-11T09:41:16.591+0000] {dag.py:3036} INFO - Sync 1 DAGs
[2025-07-11T09:41:16.626+0000] {logging_mixin.py:188} INFO - [2025-07-11T09:41:16.626+0000] {dag.py:3823} INFO - Setting next_dagrun for example_task_group to 2025-07-10 00:00:00+00:00, run_after=2025-07-11 00:00:00+00:00
[2025-07-11T09:41:16.658+0000] {processor.py:183} INFO - Processing /home/airflow/.local/lib/python3.8/site-packages/airflow/example_dags/example_task_group.py took 0.117 seconds
[2025-07-11T09:41:47.172+0000] {processor.py:161} INFO - Started process (PID=848) to work on /home/airflow/.local/lib/python3.8/site-packages/airflow/example_dags/example_task_group.py
[2025-07-11T09:41:47.174+0000] {processor.py:830} INFO - Processing file /home/airflow/.local/lib/python3.8/site-packages/airflow/example_dags/example_task_group.py for tasks to queue
[2025-07-11T09:41:47.177+0000] {logging_mixin.py:188} INFO - [2025-07-11T09:41:47.177+0000] {dagbag.py:538} INFO - Filling up the DagBag from /home/airflow/.local/lib/python3.8/site-packages/airflow/example_dags/example_task_group.py
[2025-07-11T09:41:47.188+0000] {processor.py:840} INFO - DAG(s) 'example_task_group' retrieved from /home/airflow/.local/lib/python3.8/site-packages/airflow/example_dags/example_task_group.py
[2025-07-11T09:41:47.219+0000] {logging_mixin.py:188} INFO - [2025-07-11T09:41:47.218+0000] {dag.py:3036} INFO - Sync 1 DAGs
[2025-07-11T09:41:47.256+0000] {logging_mixin.py:188} INFO - [2025-07-11T09:41:47.255+0000] {dag.py:3823} INFO - Setting next_dagrun for example_task_group to 2025-07-10 00:00:00+00:00, run_after=2025-07-11 00:00:00+00:00
[2025-07-11T09:41:47.289+0000] {processor.py:183} INFO - Processing /home/airflow/.local/lib/python3.8/site-packages/airflow/example_dags/example_task_group.py took 0.122 seconds
[2025-07-11T09:42:17.516+0000] {processor.py:161} INFO - Started process (PID=903) to work on /home/airflow/.local/lib/python3.8/site-packages/airflow/example_dags/example_task_group.py
[2025-07-11T09:42:17.518+0000] {processor.py:830} INFO - Processing file /home/airflow/.local/lib/python3.8/site-packages/airflow/example_dags/example_task_group.py for tasks to queue
[2025-07-11T09:42:17.521+0000] {logging_mixin.py:188} INFO - [2025-07-11T09:42:17.521+0000] {dagbag.py:538} INFO - Filling up the DagBag from /home/airflow/.local/lib/python3.8/site-packages/airflow/example_dags/example_task_group.py
[2025-07-11T09:42:17.532+0000] {processor.py:840} INFO - DAG(s) 'example_task_group' retrieved from /home/airflow/.local/lib/python3.8/site-packages/airflow/example_dags/example_task_group.py
[2025-07-11T09:42:17.563+0000] {logging_mixin.py:188} INFO - [2025-07-11T09:42:17.563+0000] {dag.py:3036} INFO - Sync 1 DAGs
[2025-07-11T09:42:17.595+0000] {logging_mixin.py:188} INFO - [2025-07-11T09:42:17.595+0000] {dag.py:3823} INFO - Setting next_dagrun for example_task_group to 2025-07-10 00:00:00+00:00, run_after=2025-07-11 00:00:00+00:00
[2025-07-11T09:42:17.627+0000] {processor.py:183} INFO - Processing /home/airflow/.local/lib/python3.8/site-packages/airflow/example_dags/example_task_group.py took 0.115 seconds
[2025-07-11T09:42:47.960+0000] {processor.py:161} INFO - Started process (PID=958) to work on /home/airflow/.local/lib/python3.8/site-packages/airflow/example_dags/example_task_group.py
[2025-07-11T09:42:47.962+0000] {processor.py:830} INFO - Processing file /home/airflow/.local/lib/python3.8/site-packages/airflow/example_dags/example_task_group.py for tasks to queue
[2025-07-11T09:42:47.966+0000] {logging_mixin.py:188} INFO - [2025-07-11T09:42:47.965+0000] {dagbag.py:538} INFO - Filling up the DagBag from /home/airflow/.local/lib/python3.8/site-packages/airflow/example_dags/example_task_group.py
[2025-07-11T09:42:47.978+0000] {processor.py:840} INFO - DAG(s) 'example_task_group' retrieved from /home/airflow/.local/lib/python3.8/site-packages/airflow/example_dags/example_task_group.py
[2025-07-11T09:42:48.016+0000] {logging_mixin.py:188} INFO - [2025-07-11T09:42:48.015+0000] {dag.py:3036} INFO - Sync 1 DAGs
[2025-07-11T09:42:48.050+0000] {logging_mixin.py:188} INFO - [2025-07-11T09:42:48.049+0000] {dag.py:3823} INFO - Setting next_dagrun for example_task_group to 2025-07-10 00:00:00+00:00, run_after=2025-07-11 00:00:00+00:00
[2025-07-11T09:42:48.080+0000] {processor.py:183} INFO - Processing /home/airflow/.local/lib/python3.8/site-packages/airflow/example_dags/example_task_group.py took 0.125 seconds
[2025-07-11T09:43:18.411+0000] {processor.py:161} INFO - Started process (PID=1013) to work on /home/airflow/.local/lib/python3.8/site-packages/airflow/example_dags/example_task_group.py
[2025-07-11T09:43:18.413+0000] {processor.py:830} INFO - Processing file /home/airflow/.local/lib/python3.8/site-packages/airflow/example_dags/example_task_group.py for tasks to queue
[2025-07-11T09:43:18.416+0000] {logging_mixin.py:188} INFO - [2025-07-11T09:43:18.415+0000] {dagbag.py:538} INFO - Filling up the DagBag from /home/airflow/.local/lib/python3.8/site-packages/airflow/example_dags/example_task_group.py
[2025-07-11T09:43:18.426+0000] {processor.py:840} INFO - DAG(s) 'example_task_group' retrieved from /home/airflow/.local/lib/python3.8/site-packages/airflow/example_dags/example_task_group.py
[2025-07-11T09:43:18.457+0000] {logging_mixin.py:188} INFO - [2025-07-11T09:43:18.456+0000] {dag.py:3036} INFO - Sync 1 DAGs
[2025-07-11T09:43:18.488+0000] {logging_mixin.py:188} INFO - [2025-07-11T09:43:18.488+0000] {dag.py:3823} INFO - Setting next_dagrun for example_task_group to 2025-07-10 00:00:00+00:00, run_after=2025-07-11 00:00:00+00:00
[2025-07-11T09:43:18.521+0000] {processor.py:183} INFO - Processing /home/airflow/.local/lib/python3.8/site-packages/airflow/example_dags/example_task_group.py took 0.115 seconds
[2025-07-11T09:43:48.732+0000] {processor.py:161} INFO - Started process (PID=1068) to work on /home/airflow/.local/lib/python3.8/site-packages/airflow/example_dags/example_task_group.py
[2025-07-11T09:43:48.735+0000] {processor.py:830} INFO - Processing file /home/airflow/.local/lib/python3.8/site-packages/airflow/example_dags/example_task_group.py for tasks to queue
[2025-07-11T09:43:48.737+0000] {logging_mixin.py:188} INFO - [2025-07-11T09:43:48.737+0000] {dagbag.py:538} INFO - Filling up the DagBag from /home/airflow/.local/lib/python3.8/site-packages/airflow/example_dags/example_task_group.py
[2025-07-11T09:43:48.747+0000] {processor.py:840} INFO - DAG(s) 'example_task_group' retrieved from /home/airflow/.local/lib/python3.8/site-packages/airflow/example_dags/example_task_group.py
[2025-07-11T09:43:48.780+0000] {logging_mixin.py:188} INFO - [2025-07-11T09:43:48.779+0000] {dag.py:3036} INFO - Sync 1 DAGs
[2025-07-11T09:43:48.817+0000] {logging_mixin.py:188} INFO - [2025-07-11T09:43:48.817+0000] {dag.py:3823} INFO - Setting next_dagrun for example_task_group to 2025-07-10 00:00:00+00:00, run_after=2025-07-11 00:00:00+00:00
[2025-07-11T09:43:48.849+0000] {processor.py:183} INFO - Processing /home/airflow/.local/lib/python3.8/site-packages/airflow/example_dags/example_task_group.py took 0.121 seconds
[2025-07-11T09:44:19.104+0000] {processor.py:161} INFO - Started process (PID=1124) to work on /home/airflow/.local/lib/python3.8/site-packages/airflow/example_dags/example_task_group.py
[2025-07-11T09:44:19.106+0000] {processor.py:830} INFO - Processing file /home/airflow/.local/lib/python3.8/site-packages/airflow/example_dags/example_task_group.py for tasks to queue
[2025-07-11T09:44:19.110+0000] {logging_mixin.py:188} INFO - [2025-07-11T09:44:19.109+0000] {dagbag.py:538} INFO - Filling up the DagBag from /home/airflow/.local/lib/python3.8/site-packages/airflow/example_dags/example_task_group.py
[2025-07-11T09:44:19.125+0000] {processor.py:840} INFO - DAG(s) 'example_task_group' retrieved from /home/airflow/.local/lib/python3.8/site-packages/airflow/example_dags/example_task_group.py
[2025-07-11T09:44:19.166+0000] {logging_mixin.py:188} INFO - [2025-07-11T09:44:19.165+0000] {dag.py:3036} INFO - Sync 1 DAGs
[2025-07-11T09:44:19.223+0000] {logging_mixin.py:188} INFO - [2025-07-11T09:44:19.222+0000] {dag.py:3823} INFO - Setting next_dagrun for example_task_group to 2025-07-10 00:00:00+00:00, run_after=2025-07-11 00:00:00+00:00
[2025-07-11T09:44:19.263+0000] {processor.py:183} INFO - Processing /home/airflow/.local/lib/python3.8/site-packages/airflow/example_dags/example_task_group.py took 0.171 seconds
[2025-07-11T09:44:49.578+0000] {processor.py:161} INFO - Started process (PID=1179) to work on /home/airflow/.local/lib/python3.8/site-packages/airflow/example_dags/example_task_group.py
[2025-07-11T09:44:49.580+0000] {processor.py:830} INFO - Processing file /home/airflow/.local/lib/python3.8/site-packages/airflow/example_dags/example_task_group.py for tasks to queue
[2025-07-11T09:44:49.584+0000] {logging_mixin.py:188} INFO - [2025-07-11T09:44:49.583+0000] {dagbag.py:538} INFO - Filling up the DagBag from /home/airflow/.local/lib/python3.8/site-packages/airflow/example_dags/example_task_group.py
[2025-07-11T09:44:49.598+0000] {processor.py:840} INFO - DAG(s) 'example_task_group' retrieved from /home/airflow/.local/lib/python3.8/site-packages/airflow/example_dags/example_task_group.py
[2025-07-11T09:44:49.643+0000] {logging_mixin.py:188} INFO - [2025-07-11T09:44:49.642+0000] {dag.py:3036} INFO - Sync 1 DAGs
[2025-07-11T09:44:49.692+0000] {logging_mixin.py:188} INFO - [2025-07-11T09:44:49.691+0000] {dag.py:3823} INFO - Setting next_dagrun for example_task_group to 2025-07-10 00:00:00+00:00, run_after=2025-07-11 00:00:00+00:00
[2025-07-11T09:44:49.736+0000] {processor.py:183} INFO - Processing /home/airflow/.local/lib/python3.8/site-packages/airflow/example_dags/example_task_group.py took 0.164 seconds
[2025-07-11T09:45:20.048+0000] {processor.py:161} INFO - Started process (PID=1234) to work on /home/airflow/.local/lib/python3.8/site-packages/airflow/example_dags/example_task_group.py
[2025-07-11T09:45:20.050+0000] {processor.py:830} INFO - Processing file /home/airflow/.local/lib/python3.8/site-packages/airflow/example_dags/example_task_group.py for tasks to queue
[2025-07-11T09:45:20.053+0000] {logging_mixin.py:188} INFO - [2025-07-11T09:45:20.052+0000] {dagbag.py:538} INFO - Filling up the DagBag from /home/airflow/.local/lib/python3.8/site-packages/airflow/example_dags/example_task_group.py
[2025-07-11T09:45:20.066+0000] {processor.py:840} INFO - DAG(s) 'example_task_group' retrieved from /home/airflow/.local/lib/python3.8/site-packages/airflow/example_dags/example_task_group.py
[2025-07-11T09:45:20.098+0000] {logging_mixin.py:188} INFO - [2025-07-11T09:45:20.098+0000] {dag.py:3036} INFO - Sync 1 DAGs
[2025-07-11T09:45:20.130+0000] {logging_mixin.py:188} INFO - [2025-07-11T09:45:20.130+0000] {dag.py:3823} INFO - Setting next_dagrun for example_task_group to 2025-07-10 00:00:00+00:00, run_after=2025-07-11 00:00:00+00:00
[2025-07-11T09:45:20.162+0000] {processor.py:183} INFO - Processing /home/airflow/.local/lib/python3.8/site-packages/airflow/example_dags/example_task_group.py took 0.118 seconds
[2025-07-11T09:45:50.501+0000] {processor.py:161} INFO - Started process (PID=1289) to work on /home/airflow/.local/lib/python3.8/site-packages/airflow/example_dags/example_task_group.py
[2025-07-11T09:45:50.503+0000] {processor.py:830} INFO - Processing file /home/airflow/.local/lib/python3.8/site-packages/airflow/example_dags/example_task_group.py for tasks to queue
[2025-07-11T09:45:50.505+0000] {logging_mixin.py:188} INFO - [2025-07-11T09:45:50.505+0000] {dagbag.py:538} INFO - Filling up the DagBag from /home/airflow/.local/lib/python3.8/site-packages/airflow/example_dags/example_task_group.py
[2025-07-11T09:45:50.515+0000] {processor.py:840} INFO - DAG(s) 'example_task_group' retrieved from /home/airflow/.local/lib/python3.8/site-packages/airflow/example_dags/example_task_group.py
[2025-07-11T09:45:50.545+0000] {logging_mixin.py:188} INFO - [2025-07-11T09:45:50.545+0000] {dag.py:3036} INFO - Sync 1 DAGs
[2025-07-11T09:45:50.580+0000] {logging_mixin.py:188} INFO - [2025-07-11T09:45:50.580+0000] {dag.py:3823} INFO - Setting next_dagrun for example_task_group to 2025-07-10 00:00:00+00:00, run_after=2025-07-11 00:00:00+00:00
[2025-07-11T09:45:50.613+0000] {processor.py:183} INFO - Processing /home/airflow/.local/lib/python3.8/site-packages/airflow/example_dags/example_task_group.py took 0.116 seconds
[2025-07-11T09:46:20.764+0000] {processor.py:161} INFO - Started process (PID=1342) to work on /home/airflow/.local/lib/python3.8/site-packages/airflow/example_dags/example_task_group.py
[2025-07-11T09:46:20.765+0000] {processor.py:830} INFO - Processing file /home/airflow/.local/lib/python3.8/site-packages/airflow/example_dags/example_task_group.py for tasks to queue
[2025-07-11T09:46:20.768+0000] {logging_mixin.py:188} INFO - [2025-07-11T09:46:20.767+0000] {dagbag.py:538} INFO - Filling up the DagBag from /home/airflow/.local/lib/python3.8/site-packages/airflow/example_dags/example_task_group.py
[2025-07-11T09:46:20.777+0000] {processor.py:840} INFO - DAG(s) 'example_task_group' retrieved from /home/airflow/.local/lib/python3.8/site-packages/airflow/example_dags/example_task_group.py
[2025-07-11T09:46:20.806+0000] {logging_mixin.py:188} INFO - [2025-07-11T09:46:20.805+0000] {dag.py:3036} INFO - Sync 1 DAGs
[2025-07-11T09:46:20.835+0000] {logging_mixin.py:188} INFO - [2025-07-11T09:46:20.835+0000] {dag.py:3823} INFO - Setting next_dagrun for example_task_group to 2025-07-10 00:00:00+00:00, run_after=2025-07-11 00:00:00+00:00
[2025-07-11T09:46:20.864+0000] {processor.py:183} INFO - Processing /home/airflow/.local/lib/python3.8/site-packages/airflow/example_dags/example_task_group.py took 0.104 seconds
[2025-07-11T09:46:51.202+0000] {processor.py:161} INFO - Started process (PID=1397) to work on /home/airflow/.local/lib/python3.8/site-packages/airflow/example_dags/example_task_group.py
[2025-07-11T09:46:51.204+0000] {processor.py:830} INFO - Processing file /home/airflow/.local/lib/python3.8/site-packages/airflow/example_dags/example_task_group.py for tasks to queue
[2025-07-11T09:46:51.207+0000] {logging_mixin.py:188} INFO - [2025-07-11T09:46:51.207+0000] {dagbag.py:538} INFO - Filling up the DagBag from /home/airflow/.local/lib/python3.8/site-packages/airflow/example_dags/example_task_group.py
[2025-07-11T09:46:51.217+0000] {processor.py:840} INFO - DAG(s) 'example_task_group' retrieved from /home/airflow/.local/lib/python3.8/site-packages/airflow/example_dags/example_task_group.py
[2025-07-11T09:46:51.253+0000] {logging_mixin.py:188} INFO - [2025-07-11T09:46:51.253+0000] {dag.py:3036} INFO - Sync 1 DAGs
[2025-07-11T09:46:51.290+0000] {logging_mixin.py:188} INFO - [2025-07-11T09:46:51.289+0000] {dag.py:3823} INFO - Setting next_dagrun for example_task_group to 2025-07-10 00:00:00+00:00, run_after=2025-07-11 00:00:00+00:00
[2025-07-11T09:46:51.325+0000] {processor.py:183} INFO - Processing /home/airflow/.local/lib/python3.8/site-packages/airflow/example_dags/example_task_group.py took 0.128 seconds
[2025-07-11T09:47:21.820+0000] {processor.py:161} INFO - Started process (PID=1452) to work on /home/airflow/.local/lib/python3.8/site-packages/airflow/example_dags/example_task_group.py
[2025-07-11T09:47:21.822+0000] {processor.py:830} INFO - Processing file /home/airflow/.local/lib/python3.8/site-packages/airflow/example_dags/example_task_group.py for tasks to queue
[2025-07-11T09:47:21.825+0000] {logging_mixin.py:188} INFO - [2025-07-11T09:47:21.824+0000] {dagbag.py:538} INFO - Filling up the DagBag from /home/airflow/.local/lib/python3.8/site-packages/airflow/example_dags/example_task_group.py
[2025-07-11T09:47:21.835+0000] {processor.py:840} INFO - DAG(s) 'example_task_group' retrieved from /home/airflow/.local/lib/python3.8/site-packages/airflow/example_dags/example_task_group.py
[2025-07-11T09:47:21.866+0000] {logging_mixin.py:188} INFO - [2025-07-11T09:47:21.865+0000] {dag.py:3036} INFO - Sync 1 DAGs
[2025-07-11T09:47:21.898+0000] {logging_mixin.py:188} INFO - [2025-07-11T09:47:21.898+0000] {dag.py:3823} INFO - Setting next_dagrun for example_task_group to 2025-07-10 00:00:00+00:00, run_after=2025-07-11 00:00:00+00:00
[2025-07-11T09:47:21.932+0000] {processor.py:183} INFO - Processing /home/airflow/.local/lib/python3.8/site-packages/airflow/example_dags/example_task_group.py took 0.116 seconds
[2025-07-11T09:47:52.103+0000] {processor.py:161} INFO - Started process (PID=1507) to work on /home/airflow/.local/lib/python3.8/site-packages/airflow/example_dags/example_task_group.py
[2025-07-11T09:47:52.104+0000] {processor.py:830} INFO - Processing file /home/airflow/.local/lib/python3.8/site-packages/airflow/example_dags/example_task_group.py for tasks to queue
[2025-07-11T09:47:52.106+0000] {logging_mixin.py:188} INFO - [2025-07-11T09:47:52.106+0000] {dagbag.py:538} INFO - Filling up the DagBag from /home/airflow/.local/lib/python3.8/site-packages/airflow/example_dags/example_task_group.py
[2025-07-11T09:47:52.116+0000] {processor.py:840} INFO - DAG(s) 'example_task_group' retrieved from /home/airflow/.local/lib/python3.8/site-packages/airflow/example_dags/example_task_group.py
[2025-07-11T09:47:52.150+0000] {logging_mixin.py:188} INFO - [2025-07-11T09:47:52.150+0000] {dag.py:3036} INFO - Sync 1 DAGs
[2025-07-11T09:47:52.189+0000] {logging_mixin.py:188} INFO - [2025-07-11T09:47:52.189+0000] {dag.py:3823} INFO - Setting next_dagrun for example_task_group to 2025-07-10 00:00:00+00:00, run_after=2025-07-11 00:00:00+00:00
[2025-07-11T09:47:52.226+0000] {processor.py:183} INFO - Processing /home/airflow/.local/lib/python3.8/site-packages/airflow/example_dags/example_task_group.py took 0.128 seconds
[2025-07-11T09:48:22.964+0000] {processor.py:161} INFO - Started process (PID=1562) to work on /home/airflow/.local/lib/python3.8/site-packages/airflow/example_dags/example_task_group.py
[2025-07-11T09:48:22.966+0000] {processor.py:830} INFO - Processing file /home/airflow/.local/lib/python3.8/site-packages/airflow/example_dags/example_task_group.py for tasks to queue
[2025-07-11T09:48:22.968+0000] {logging_mixin.py:188} INFO - [2025-07-11T09:48:22.968+0000] {dagbag.py:538} INFO - Filling up the DagBag from /home/airflow/.local/lib/python3.8/site-packages/airflow/example_dags/example_task_group.py
[2025-07-11T09:48:22.979+0000] {processor.py:840} INFO - DAG(s) 'example_task_group' retrieved from /home/airflow/.local/lib/python3.8/site-packages/airflow/example_dags/example_task_group.py
[2025-07-11T09:48:23.012+0000] {logging_mixin.py:188} INFO - [2025-07-11T09:48:23.012+0000] {dag.py:3036} INFO - Sync 1 DAGs
[2025-07-11T09:48:23.052+0000] {logging_mixin.py:188} INFO - [2025-07-11T09:48:23.052+0000] {dag.py:3823} INFO - Setting next_dagrun for example_task_group to 2025-07-10 00:00:00+00:00, run_after=2025-07-11 00:00:00+00:00
[2025-07-11T09:48:23.086+0000] {processor.py:183} INFO - Processing /home/airflow/.local/lib/python3.8/site-packages/airflow/example_dags/example_task_group.py took 0.127 seconds
[2025-07-11T09:48:53.575+0000] {processor.py:161} INFO - Started process (PID=1617) to work on /home/airflow/.local/lib/python3.8/site-packages/airflow/example_dags/example_task_group.py
[2025-07-11T09:48:53.577+0000] {processor.py:830} INFO - Processing file /home/airflow/.local/lib/python3.8/site-packages/airflow/example_dags/example_task_group.py for tasks to queue
[2025-07-11T09:48:53.580+0000] {logging_mixin.py:188} INFO - [2025-07-11T09:48:53.579+0000] {dagbag.py:538} INFO - Filling up the DagBag from /home/airflow/.local/lib/python3.8/site-packages/airflow/example_dags/example_task_group.py
[2025-07-11T09:48:53.589+0000] {processor.py:840} INFO - DAG(s) 'example_task_group' retrieved from /home/airflow/.local/lib/python3.8/site-packages/airflow/example_dags/example_task_group.py
[2025-07-11T09:48:53.618+0000] {logging_mixin.py:188} INFO - [2025-07-11T09:48:53.618+0000] {dag.py:3036} INFO - Sync 1 DAGs
[2025-07-11T09:48:53.648+0000] {logging_mixin.py:188} INFO - [2025-07-11T09:48:53.648+0000] {dag.py:3823} INFO - Setting next_dagrun for example_task_group to 2025-07-10 00:00:00+00:00, run_after=2025-07-11 00:00:00+00:00
[2025-07-11T09:48:53.678+0000] {processor.py:183} INFO - Processing /home/airflow/.local/lib/python3.8/site-packages/airflow/example_dags/example_task_group.py took 0.107 seconds
[2025-07-11T09:49:24.131+0000] {processor.py:161} INFO - Started process (PID=1672) to work on /home/airflow/.local/lib/python3.8/site-packages/airflow/example_dags/example_task_group.py
[2025-07-11T09:49:24.133+0000] {processor.py:830} INFO - Processing file /home/airflow/.local/lib/python3.8/site-packages/airflow/example_dags/example_task_group.py for tasks to queue
[2025-07-11T09:49:24.136+0000] {logging_mixin.py:188} INFO - [2025-07-11T09:49:24.135+0000] {dagbag.py:538} INFO - Filling up the DagBag from /home/airflow/.local/lib/python3.8/site-packages/airflow/example_dags/example_task_group.py
[2025-07-11T09:49:24.145+0000] {processor.py:840} INFO - DAG(s) 'example_task_group' retrieved from /home/airflow/.local/lib/python3.8/site-packages/airflow/example_dags/example_task_group.py
[2025-07-11T09:49:24.175+0000] {logging_mixin.py:188} INFO - [2025-07-11T09:49:24.175+0000] {dag.py:3036} INFO - Sync 1 DAGs
[2025-07-11T09:49:24.204+0000] {logging_mixin.py:188} INFO - [2025-07-11T09:49:24.204+0000] {dag.py:3823} INFO - Setting next_dagrun for example_task_group to 2025-07-10 00:00:00+00:00, run_after=2025-07-11 00:00:00+00:00
[2025-07-11T09:49:24.235+0000] {processor.py:183} INFO - Processing /home/airflow/.local/lib/python3.8/site-packages/airflow/example_dags/example_task_group.py took 0.108 seconds
[2025-07-11T09:49:54.578+0000] {processor.py:161} INFO - Started process (PID=1727) to work on /home/airflow/.local/lib/python3.8/site-packages/airflow/example_dags/example_task_group.py
[2025-07-11T09:49:54.581+0000] {processor.py:830} INFO - Processing file /home/airflow/.local/lib/python3.8/site-packages/airflow/example_dags/example_task_group.py for tasks to queue
[2025-07-11T09:49:54.584+0000] {logging_mixin.py:188} INFO - [2025-07-11T09:49:54.583+0000] {dagbag.py:538} INFO - Filling up the DagBag from /home/airflow/.local/lib/python3.8/site-packages/airflow/example_dags/example_task_group.py
[2025-07-11T09:49:54.593+0000] {processor.py:840} INFO - DAG(s) 'example_task_group' retrieved from /home/airflow/.local/lib/python3.8/site-packages/airflow/example_dags/example_task_group.py
[2025-07-11T09:49:54.623+0000] {logging_mixin.py:188} INFO - [2025-07-11T09:49:54.623+0000] {dag.py:3036} INFO - Sync 1 DAGs
[2025-07-11T09:49:54.653+0000] {logging_mixin.py:188} INFO - [2025-07-11T09:49:54.653+0000] {dag.py:3823} INFO - Setting next_dagrun for example_task_group to 2025-07-10 00:00:00+00:00, run_after=2025-07-11 00:00:00+00:00
[2025-07-11T09:49:54.682+0000] {processor.py:183} INFO - Processing /home/airflow/.local/lib/python3.8/site-packages/airflow/example_dags/example_task_group.py took 0.108 seconds
[2025-07-11T09:50:25.321+0000] {processor.py:161} INFO - Started process (PID=1782) to work on /home/airflow/.local/lib/python3.8/site-packages/airflow/example_dags/example_task_group.py
[2025-07-11T09:50:25.323+0000] {processor.py:830} INFO - Processing file /home/airflow/.local/lib/python3.8/site-packages/airflow/example_dags/example_task_group.py for tasks to queue
[2025-07-11T09:50:25.325+0000] {logging_mixin.py:188} INFO - [2025-07-11T09:50:25.325+0000] {dagbag.py:538} INFO - Filling up the DagBag from /home/airflow/.local/lib/python3.8/site-packages/airflow/example_dags/example_task_group.py
[2025-07-11T09:50:25.335+0000] {processor.py:840} INFO - DAG(s) 'example_task_group' retrieved from /home/airflow/.local/lib/python3.8/site-packages/airflow/example_dags/example_task_group.py
[2025-07-11T09:50:25.368+0000] {logging_mixin.py:188} INFO - [2025-07-11T09:50:25.368+0000] {dag.py:3036} INFO - Sync 1 DAGs
[2025-07-11T09:50:25.415+0000] {logging_mixin.py:188} INFO - [2025-07-11T09:50:25.415+0000] {dag.py:3823} INFO - Setting next_dagrun for example_task_group to 2025-07-10 00:00:00+00:00, run_after=2025-07-11 00:00:00+00:00
[2025-07-11T09:50:25.456+0000] {processor.py:183} INFO - Processing /home/airflow/.local/lib/python3.8/site-packages/airflow/example_dags/example_task_group.py took 0.139 seconds
[2025-07-11T09:50:56.342+0000] {processor.py:161} INFO - Started process (PID=1837) to work on /home/airflow/.local/lib/python3.8/site-packages/airflow/example_dags/example_task_group.py
[2025-07-11T09:50:56.344+0000] {processor.py:830} INFO - Processing file /home/airflow/.local/lib/python3.8/site-packages/airflow/example_dags/example_task_group.py for tasks to queue
[2025-07-11T09:50:56.347+0000] {logging_mixin.py:188} INFO - [2025-07-11T09:50:56.346+0000] {dagbag.py:538} INFO - Filling up the DagBag from /home/airflow/.local/lib/python3.8/site-packages/airflow/example_dags/example_task_group.py
[2025-07-11T09:50:56.357+0000] {processor.py:840} INFO - DAG(s) 'example_task_group' retrieved from /home/airflow/.local/lib/python3.8/site-packages/airflow/example_dags/example_task_group.py
[2025-07-11T09:50:56.388+0000] {logging_mixin.py:188} INFO - [2025-07-11T09:50:56.387+0000] {dag.py:3036} INFO - Sync 1 DAGs
[2025-07-11T09:50:56.420+0000] {logging_mixin.py:188} INFO - [2025-07-11T09:50:56.419+0000] {dag.py:3823} INFO - Setting next_dagrun for example_task_group to 2025-07-10 00:00:00+00:00, run_after=2025-07-11 00:00:00+00:00
[2025-07-11T09:50:56.453+0000] {processor.py:183} INFO - Processing /home/airflow/.local/lib/python3.8/site-packages/airflow/example_dags/example_task_group.py took 0.116 seconds
[2025-07-11T09:51:26.805+0000] {processor.py:161} INFO - Started process (PID=1892) to work on /home/airflow/.local/lib/python3.8/site-packages/airflow/example_dags/example_task_group.py
[2025-07-11T09:51:26.808+0000] {processor.py:830} INFO - Processing file /home/airflow/.local/lib/python3.8/site-packages/airflow/example_dags/example_task_group.py for tasks to queue
[2025-07-11T09:51:26.812+0000] {logging_mixin.py:188} INFO - [2025-07-11T09:51:26.811+0000] {dagbag.py:538} INFO - Filling up the DagBag from /home/airflow/.local/lib/python3.8/site-packages/airflow/example_dags/example_task_group.py
[2025-07-11T09:51:26.828+0000] {processor.py:840} INFO - DAG(s) 'example_task_group' retrieved from /home/airflow/.local/lib/python3.8/site-packages/airflow/example_dags/example_task_group.py
[2025-07-11T09:51:26.870+0000] {logging_mixin.py:188} INFO - [2025-07-11T09:51:26.869+0000] {dag.py:3036} INFO - Sync 1 DAGs
[2025-07-11T09:51:26.908+0000] {logging_mixin.py:188} INFO - [2025-07-11T09:51:26.908+0000] {dag.py:3823} INFO - Setting next_dagrun for example_task_group to 2025-07-10 00:00:00+00:00, run_after=2025-07-11 00:00:00+00:00
[2025-07-11T09:51:26.936+0000] {processor.py:183} INFO - Processing /home/airflow/.local/lib/python3.8/site-packages/airflow/example_dags/example_task_group.py took 0.138 seconds
[2025-07-11T09:51:57.382+0000] {processor.py:161} INFO - Started process (PID=1947) to work on /home/airflow/.local/lib/python3.8/site-packages/airflow/example_dags/example_task_group.py
[2025-07-11T09:51:57.384+0000] {processor.py:830} INFO - Processing file /home/airflow/.local/lib/python3.8/site-packages/airflow/example_dags/example_task_group.py for tasks to queue
[2025-07-11T09:51:57.387+0000] {logging_mixin.py:188} INFO - [2025-07-11T09:51:57.386+0000] {dagbag.py:538} INFO - Filling up the DagBag from /home/airflow/.local/lib/python3.8/site-packages/airflow/example_dags/example_task_group.py
[2025-07-11T09:51:57.397+0000] {processor.py:840} INFO - DAG(s) 'example_task_group' retrieved from /home/airflow/.local/lib/python3.8/site-packages/airflow/example_dags/example_task_group.py
[2025-07-11T09:51:57.433+0000] {logging_mixin.py:188} INFO - [2025-07-11T09:51:57.432+0000] {dag.py:3036} INFO - Sync 1 DAGs
[2025-07-11T09:51:57.471+0000] {logging_mixin.py:188} INFO - [2025-07-11T09:51:57.470+0000] {dag.py:3823} INFO - Setting next_dagrun for example_task_group to 2025-07-10 00:00:00+00:00, run_after=2025-07-11 00:00:00+00:00
[2025-07-11T09:51:57.501+0000] {processor.py:183} INFO - Processing /home/airflow/.local/lib/python3.8/site-packages/airflow/example_dags/example_task_group.py took 0.124 seconds
[2025-07-11T09:52:28.205+0000] {processor.py:161} INFO - Started process (PID=2002) to work on /home/airflow/.local/lib/python3.8/site-packages/airflow/example_dags/example_task_group.py
[2025-07-11T09:52:28.207+0000] {processor.py:830} INFO - Processing file /home/airflow/.local/lib/python3.8/site-packages/airflow/example_dags/example_task_group.py for tasks to queue
[2025-07-11T09:52:28.209+0000] {logging_mixin.py:188} INFO - [2025-07-11T09:52:28.208+0000] {dagbag.py:538} INFO - Filling up the DagBag from /home/airflow/.local/lib/python3.8/site-packages/airflow/example_dags/example_task_group.py
[2025-07-11T09:52:28.219+0000] {processor.py:840} INFO - DAG(s) 'example_task_group' retrieved from /home/airflow/.local/lib/python3.8/site-packages/airflow/example_dags/example_task_group.py
[2025-07-11T09:52:28.253+0000] {logging_mixin.py:188} INFO - [2025-07-11T09:52:28.252+0000] {dag.py:3036} INFO - Sync 1 DAGs
[2025-07-11T09:52:28.291+0000] {logging_mixin.py:188} INFO - [2025-07-11T09:52:28.290+0000] {dag.py:3823} INFO - Setting next_dagrun for example_task_group to 2025-07-10 00:00:00+00:00, run_after=2025-07-11 00:00:00+00:00
[2025-07-11T09:52:28.320+0000] {processor.py:183} INFO - Processing /home/airflow/.local/lib/python3.8/site-packages/airflow/example_dags/example_task_group.py took 0.120 seconds
[2025-07-11T09:52:58.360+0000] {processor.py:161} INFO - Started process (PID=2057) to work on /home/airflow/.local/lib/python3.8/site-packages/airflow/example_dags/example_task_group.py
[2025-07-11T09:52:58.362+0000] {processor.py:830} INFO - Processing file /home/airflow/.local/lib/python3.8/site-packages/airflow/example_dags/example_task_group.py for tasks to queue
[2025-07-11T09:52:58.364+0000] {logging_mixin.py:188} INFO - [2025-07-11T09:52:58.364+0000] {dagbag.py:538} INFO - Filling up the DagBag from /home/airflow/.local/lib/python3.8/site-packages/airflow/example_dags/example_task_group.py
[2025-07-11T09:52:58.374+0000] {processor.py:840} INFO - DAG(s) 'example_task_group' retrieved from /home/airflow/.local/lib/python3.8/site-packages/airflow/example_dags/example_task_group.py
[2025-07-11T09:52:58.403+0000] {logging_mixin.py:188} INFO - [2025-07-11T09:52:58.403+0000] {dag.py:3036} INFO - Sync 1 DAGs
[2025-07-11T09:52:58.434+0000] {logging_mixin.py:188} INFO - [2025-07-11T09:52:58.434+0000] {dag.py:3823} INFO - Setting next_dagrun for example_task_group to 2025-07-10 00:00:00+00:00, run_after=2025-07-11 00:00:00+00:00
[2025-07-11T09:52:58.466+0000] {processor.py:183} INFO - Processing /home/airflow/.local/lib/python3.8/site-packages/airflow/example_dags/example_task_group.py took 0.110 seconds
[2025-07-11T09:53:28.935+0000] {processor.py:161} INFO - Started process (PID=2112) to work on /home/airflow/.local/lib/python3.8/site-packages/airflow/example_dags/example_task_group.py
[2025-07-11T09:53:28.937+0000] {processor.py:830} INFO - Processing file /home/airflow/.local/lib/python3.8/site-packages/airflow/example_dags/example_task_group.py for tasks to queue
[2025-07-11T09:53:28.939+0000] {logging_mixin.py:188} INFO - [2025-07-11T09:53:28.939+0000] {dagbag.py:538} INFO - Filling up the DagBag from /home/airflow/.local/lib/python3.8/site-packages/airflow/example_dags/example_task_group.py
[2025-07-11T09:53:28.949+0000] {processor.py:840} INFO - DAG(s) 'example_task_group' retrieved from /home/airflow/.local/lib/python3.8/site-packages/airflow/example_dags/example_task_group.py
[2025-07-11T09:53:28.979+0000] {logging_mixin.py:188} INFO - [2025-07-11T09:53:28.979+0000] {dag.py:3036} INFO - Sync 1 DAGs
[2025-07-11T09:53:29.010+0000] {logging_mixin.py:188} INFO - [2025-07-11T09:53:29.010+0000] {dag.py:3823} INFO - Setting next_dagrun for example_task_group to 2025-07-10 00:00:00+00:00, run_after=2025-07-11 00:00:00+00:00
[2025-07-11T09:53:29.223+0000] {processor.py:183} INFO - Processing /home/airflow/.local/lib/python3.8/site-packages/airflow/example_dags/example_task_group.py took 0.292 seconds
[2025-07-11T09:53:59.571+0000] {processor.py:161} INFO - Started process (PID=2167) to work on /home/airflow/.local/lib/python3.8/site-packages/airflow/example_dags/example_task_group.py
[2025-07-11T09:53:59.572+0000] {processor.py:830} INFO - Processing file /home/airflow/.local/lib/python3.8/site-packages/airflow/example_dags/example_task_group.py for tasks to queue
[2025-07-11T09:53:59.575+0000] {logging_mixin.py:188} INFO - [2025-07-11T09:53:59.575+0000] {dagbag.py:538} INFO - Filling up the DagBag from /home/airflow/.local/lib/python3.8/site-packages/airflow/example_dags/example_task_group.py
[2025-07-11T09:53:59.586+0000] {processor.py:840} INFO - DAG(s) 'example_task_group' retrieved from /home/airflow/.local/lib/python3.8/site-packages/airflow/example_dags/example_task_group.py
[2025-07-11T09:53:59.619+0000] {logging_mixin.py:188} INFO - [2025-07-11T09:53:59.619+0000] {dag.py:3036} INFO - Sync 1 DAGs
[2025-07-11T09:53:59.652+0000] {logging_mixin.py:188} INFO - [2025-07-11T09:53:59.652+0000] {dag.py:3823} INFO - Setting next_dagrun for example_task_group to 2025-07-10 00:00:00+00:00, run_after=2025-07-11 00:00:00+00:00
[2025-07-11T09:53:59.690+0000] {processor.py:183} INFO - Processing /home/airflow/.local/lib/python3.8/site-packages/airflow/example_dags/example_task_group.py took 0.125 seconds
[2025-07-11T09:54:30.125+0000] {processor.py:161} INFO - Started process (PID=2222) to work on /home/airflow/.local/lib/python3.8/site-packages/airflow/example_dags/example_task_group.py
[2025-07-11T09:54:30.127+0000] {processor.py:830} INFO - Processing file /home/airflow/.local/lib/python3.8/site-packages/airflow/example_dags/example_task_group.py for tasks to queue
[2025-07-11T09:54:30.129+0000] {logging_mixin.py:188} INFO - [2025-07-11T09:54:30.128+0000] {dagbag.py:538} INFO - Filling up the DagBag from /home/airflow/.local/lib/python3.8/site-packages/airflow/example_dags/example_task_group.py
[2025-07-11T09:54:30.138+0000] {processor.py:840} INFO - DAG(s) 'example_task_group' retrieved from /home/airflow/.local/lib/python3.8/site-packages/airflow/example_dags/example_task_group.py
[2025-07-11T09:54:30.168+0000] {logging_mixin.py:188} INFO - [2025-07-11T09:54:30.168+0000] {dag.py:3036} INFO - Sync 1 DAGs
[2025-07-11T09:54:30.200+0000] {logging_mixin.py:188} INFO - [2025-07-11T09:54:30.200+0000] {dag.py:3823} INFO - Setting next_dagrun for example_task_group to 2025-07-10 00:00:00+00:00, run_after=2025-07-11 00:00:00+00:00
[2025-07-11T09:54:30.234+0000] {processor.py:183} INFO - Processing /home/airflow/.local/lib/python3.8/site-packages/airflow/example_dags/example_task_group.py took 0.113 seconds
