[2025-07-11T09:24:50.471+0000] {processor.py:161} INFO - Started process (PID=67) to work on /home/airflow/.local/lib/python3.8/site-packages/airflow/example_dags/example_bash_operator.py
[2025-07-11T09:24:50.477+0000] {processor.py:830} INFO - Processing file /home/airflow/.local/lib/python3.8/site-packages/airflow/example_dags/example_bash_operator.py for tasks to queue
[2025-07-11T09:24:50.493+0000] {logging_mixin.py:188} INFO - [2025-07-11T09:24:50.492+0000] {dagbag.py:538} INFO - Filling up the DagBag from /home/airflow/.local/lib/python3.8/site-packages/airflow/example_dags/example_bash_operator.py
[2025-07-11T09:24:50.593+0000] {processor.py:840} INFO - DAG(s) 'example_bash_operator' retrieved from /home/airflow/.local/lib/python3.8/site-packages/airflow/example_dags/example_bash_operator.py
[2025-07-11T09:24:51.327+0000] {logging_mixin.py:188} INFO - [2025-07-11T09:24:51.325+0000] {override.py:1769} INFO - Created Permission View: can edit on DAG:example_bash_operator
[2025-07-11T09:24:51.353+0000] {logging_mixin.py:188} INFO - [2025-07-11T09:24:51.353+0000] {override.py:1769} INFO - Created Permission View: can delete on DAG:example_bash_operator
[2025-07-11T09:24:51.372+0000] {logging_mixin.py:188} INFO - [2025-07-11T09:24:51.371+0000] {override.py:1769} INFO - Created Permission View: can read on DAG:example_bash_operator
[2025-07-11T09:24:51.373+0000] {logging_mixin.py:188} INFO - [2025-07-11T09:24:51.373+0000] {dag.py:3036} INFO - Sync 1 DAGs
[2025-07-11T09:24:51.401+0000] {logging_mixin.py:188} INFO - [2025-07-11T09:24:51.401+0000] {dag.py:3058} INFO - Creating ORM DAG for example_bash_operator
[2025-07-11T09:24:51.429+0000] {logging_mixin.py:188} INFO - [2025-07-11T09:24:51.428+0000] {dag.py:3823} INFO - Setting next_dagrun for example_bash_operator to 2025-07-10 00:00:00+00:00, run_after=2025-07-11 00:00:00+00:00
[2025-07-11T09:24:51.478+0000] {processor.py:183} INFO - Processing /home/airflow/.local/lib/python3.8/site-packages/airflow/example_dags/example_bash_operator.py took 1.034 seconds
[2025-07-11T09:25:22.348+0000] {processor.py:161} INFO - Started process (PID=128) to work on /home/airflow/.local/lib/python3.8/site-packages/airflow/example_dags/example_bash_operator.py
[2025-07-11T09:25:22.349+0000] {processor.py:830} INFO - Processing file /home/airflow/.local/lib/python3.8/site-packages/airflow/example_dags/example_bash_operator.py for tasks to queue
[2025-07-11T09:25:22.352+0000] {logging_mixin.py:188} INFO - [2025-07-11T09:25:22.351+0000] {dagbag.py:538} INFO - Filling up the DagBag from /home/airflow/.local/lib/python3.8/site-packages/airflow/example_dags/example_bash_operator.py
[2025-07-11T09:25:22.367+0000] {processor.py:840} INFO - DAG(s) 'example_bash_operator' retrieved from /home/airflow/.local/lib/python3.8/site-packages/airflow/example_dags/example_bash_operator.py
[2025-07-11T09:25:22.408+0000] {logging_mixin.py:188} INFO - [2025-07-11T09:25:22.408+0000] {dag.py:3036} INFO - Sync 1 DAGs
[2025-07-11T09:25:22.443+0000] {logging_mixin.py:188} INFO - [2025-07-11T09:25:22.442+0000] {dag.py:3823} INFO - Setting next_dagrun for example_bash_operator to 2025-07-10 00:00:00+00:00, run_after=2025-07-11 00:00:00+00:00
[2025-07-11T09:25:22.471+0000] {processor.py:183} INFO - Processing /home/airflow/.local/lib/python3.8/site-packages/airflow/example_dags/example_bash_operator.py took 0.128 seconds
[2025-07-11T09:25:52.606+0000] {processor.py:161} INFO - Started process (PID=183) to work on /home/airflow/.local/lib/python3.8/site-packages/airflow/example_dags/example_bash_operator.py
[2025-07-11T09:25:52.609+0000] {processor.py:830} INFO - Processing file /home/airflow/.local/lib/python3.8/site-packages/airflow/example_dags/example_bash_operator.py for tasks to queue
[2025-07-11T09:25:52.611+0000] {logging_mixin.py:188} INFO - [2025-07-11T09:25:52.611+0000] {dagbag.py:538} INFO - Filling up the DagBag from /home/airflow/.local/lib/python3.8/site-packages/airflow/example_dags/example_bash_operator.py
[2025-07-11T09:25:52.627+0000] {processor.py:840} INFO - DAG(s) 'example_bash_operator' retrieved from /home/airflow/.local/lib/python3.8/site-packages/airflow/example_dags/example_bash_operator.py
[2025-07-11T09:25:52.693+0000] {logging_mixin.py:188} INFO - [2025-07-11T09:25:52.692+0000] {dag.py:3036} INFO - Sync 1 DAGs
[2025-07-11T09:25:52.740+0000] {logging_mixin.py:188} INFO - [2025-07-11T09:25:52.740+0000] {dag.py:3823} INFO - Setting next_dagrun for example_bash_operator to 2025-07-10 00:00:00+00:00, run_after=2025-07-11 00:00:00+00:00
[2025-07-11T09:25:52.782+0000] {processor.py:183} INFO - Processing /home/airflow/.local/lib/python3.8/site-packages/airflow/example_dags/example_bash_operator.py took 0.180 seconds
[2025-07-11T09:26:22.880+0000] {processor.py:161} INFO - Started process (PID=238) to work on /home/airflow/.local/lib/python3.8/site-packages/airflow/example_dags/example_bash_operator.py
[2025-07-11T09:26:22.883+0000] {processor.py:830} INFO - Processing file /home/airflow/.local/lib/python3.8/site-packages/airflow/example_dags/example_bash_operator.py for tasks to queue
[2025-07-11T09:26:22.885+0000] {logging_mixin.py:188} INFO - [2025-07-11T09:26:22.885+0000] {dagbag.py:538} INFO - Filling up the DagBag from /home/airflow/.local/lib/python3.8/site-packages/airflow/example_dags/example_bash_operator.py
[2025-07-11T09:26:22.901+0000] {processor.py:840} INFO - DAG(s) 'example_bash_operator' retrieved from /home/airflow/.local/lib/python3.8/site-packages/airflow/example_dags/example_bash_operator.py
[2025-07-11T09:26:22.948+0000] {logging_mixin.py:188} INFO - [2025-07-11T09:26:22.947+0000] {dag.py:3036} INFO - Sync 1 DAGs
[2025-07-11T09:26:22.982+0000] {logging_mixin.py:188} INFO - [2025-07-11T09:26:22.982+0000] {dag.py:3823} INFO - Setting next_dagrun for example_bash_operator to 2025-07-10 00:00:00+00:00, run_after=2025-07-11 00:00:00+00:00
[2025-07-11T09:26:23.011+0000] {processor.py:183} INFO - Processing /home/airflow/.local/lib/python3.8/site-packages/airflow/example_dags/example_bash_operator.py took 0.136 seconds
[2025-07-11T09:26:53.288+0000] {processor.py:161} INFO - Started process (PID=293) to work on /home/airflow/.local/lib/python3.8/site-packages/airflow/example_dags/example_bash_operator.py
[2025-07-11T09:26:53.290+0000] {processor.py:830} INFO - Processing file /home/airflow/.local/lib/python3.8/site-packages/airflow/example_dags/example_bash_operator.py for tasks to queue
[2025-07-11T09:26:53.294+0000] {logging_mixin.py:188} INFO - [2025-07-11T09:26:53.293+0000] {dagbag.py:538} INFO - Filling up the DagBag from /home/airflow/.local/lib/python3.8/site-packages/airflow/example_dags/example_bash_operator.py
[2025-07-11T09:26:53.316+0000] {processor.py:840} INFO - DAG(s) 'example_bash_operator' retrieved from /home/airflow/.local/lib/python3.8/site-packages/airflow/example_dags/example_bash_operator.py
[2025-07-11T09:26:53.359+0000] {logging_mixin.py:188} INFO - [2025-07-11T09:26:53.359+0000] {dag.py:3036} INFO - Sync 1 DAGs
[2025-07-11T09:26:53.396+0000] {logging_mixin.py:188} INFO - [2025-07-11T09:26:53.396+0000] {dag.py:3823} INFO - Setting next_dagrun for example_bash_operator to 2025-07-10 00:00:00+00:00, run_after=2025-07-11 00:00:00+00:00
[2025-07-11T09:26:53.428+0000] {processor.py:183} INFO - Processing /home/airflow/.local/lib/python3.8/site-packages/airflow/example_dags/example_bash_operator.py took 0.145 seconds
[2025-07-11T09:28:19.779+0000] {processor.py:161} INFO - Started process (PID=67) to work on /home/airflow/.local/lib/python3.8/site-packages/airflow/example_dags/example_bash_operator.py
[2025-07-11T09:28:19.780+0000] {processor.py:830} INFO - Processing file /home/airflow/.local/lib/python3.8/site-packages/airflow/example_dags/example_bash_operator.py for tasks to queue
[2025-07-11T09:28:19.783+0000] {logging_mixin.py:188} INFO - [2025-07-11T09:28:19.783+0000] {dagbag.py:538} INFO - Filling up the DagBag from /home/airflow/.local/lib/python3.8/site-packages/airflow/example_dags/example_bash_operator.py
[2025-07-11T09:28:19.824+0000] {processor.py:840} INFO - DAG(s) 'example_bash_operator' retrieved from /home/airflow/.local/lib/python3.8/site-packages/airflow/example_dags/example_bash_operator.py
[2025-07-11T09:28:20.292+0000] {logging_mixin.py:188} INFO - [2025-07-11T09:28:20.291+0000] {override.py:1769} INFO - Created Permission View: can read on DAG:example_bash_operator
[2025-07-11T09:28:20.327+0000] {logging_mixin.py:188} INFO - [2025-07-11T09:28:20.326+0000] {override.py:1769} INFO - Created Permission View: can delete on DAG:example_bash_operator
[2025-07-11T09:28:20.355+0000] {logging_mixin.py:188} INFO - [2025-07-11T09:28:20.354+0000] {override.py:1769} INFO - Created Permission View: can edit on DAG:example_bash_operator
[2025-07-11T09:28:20.356+0000] {logging_mixin.py:188} INFO - [2025-07-11T09:28:20.356+0000] {dag.py:3036} INFO - Sync 1 DAGs
[2025-07-11T09:28:20.377+0000] {logging_mixin.py:188} INFO - [2025-07-11T09:28:20.376+0000] {dag.py:3058} INFO - Creating ORM DAG for example_bash_operator
[2025-07-11T09:28:20.403+0000] {logging_mixin.py:188} INFO - [2025-07-11T09:28:20.402+0000] {dag.py:3823} INFO - Setting next_dagrun for example_bash_operator to 2025-07-10 00:00:00+00:00, run_after=2025-07-11 00:00:00+00:00
[2025-07-11T09:28:20.460+0000] {processor.py:183} INFO - Processing /home/airflow/.local/lib/python3.8/site-packages/airflow/example_dags/example_bash_operator.py took 0.686 seconds
[2025-07-11T09:28:50.900+0000] {processor.py:161} INFO - Started process (PID=123) to work on /home/airflow/.local/lib/python3.8/site-packages/airflow/example_dags/example_bash_operator.py
[2025-07-11T09:28:50.905+0000] {processor.py:830} INFO - Processing file /home/airflow/.local/lib/python3.8/site-packages/airflow/example_dags/example_bash_operator.py for tasks to queue
[2025-07-11T09:28:50.910+0000] {logging_mixin.py:188} INFO - [2025-07-11T09:28:50.909+0000] {dagbag.py:538} INFO - Filling up the DagBag from /home/airflow/.local/lib/python3.8/site-packages/airflow/example_dags/example_bash_operator.py
[2025-07-11T09:28:50.945+0000] {processor.py:840} INFO - DAG(s) 'example_bash_operator' retrieved from /home/airflow/.local/lib/python3.8/site-packages/airflow/example_dags/example_bash_operator.py
[2025-07-11T09:28:51.004+0000] {logging_mixin.py:188} INFO - [2025-07-11T09:28:51.003+0000] {dag.py:3036} INFO - Sync 1 DAGs
[2025-07-11T09:28:51.041+0000] {logging_mixin.py:188} INFO - [2025-07-11T09:28:51.041+0000] {dag.py:3823} INFO - Setting next_dagrun for example_bash_operator to 2025-07-10 00:00:00+00:00, run_after=2025-07-11 00:00:00+00:00
[2025-07-11T09:28:51.072+0000] {processor.py:183} INFO - Processing /home/airflow/.local/lib/python3.8/site-packages/airflow/example_dags/example_bash_operator.py took 0.183 seconds
[2025-07-11T09:29:21.327+0000] {processor.py:161} INFO - Started process (PID=178) to work on /home/airflow/.local/lib/python3.8/site-packages/airflow/example_dags/example_bash_operator.py
[2025-07-11T09:29:21.329+0000] {processor.py:830} INFO - Processing file /home/airflow/.local/lib/python3.8/site-packages/airflow/example_dags/example_bash_operator.py for tasks to queue
[2025-07-11T09:29:21.331+0000] {logging_mixin.py:188} INFO - [2025-07-11T09:29:21.331+0000] {dagbag.py:538} INFO - Filling up the DagBag from /home/airflow/.local/lib/python3.8/site-packages/airflow/example_dags/example_bash_operator.py
[2025-07-11T09:29:21.348+0000] {processor.py:840} INFO - DAG(s) 'example_bash_operator' retrieved from /home/airflow/.local/lib/python3.8/site-packages/airflow/example_dags/example_bash_operator.py
[2025-07-11T09:29:21.388+0000] {logging_mixin.py:188} INFO - [2025-07-11T09:29:21.388+0000] {dag.py:3036} INFO - Sync 1 DAGs
[2025-07-11T09:29:21.421+0000] {logging_mixin.py:188} INFO - [2025-07-11T09:29:21.420+0000] {dag.py:3823} INFO - Setting next_dagrun for example_bash_operator to 2025-07-10 00:00:00+00:00, run_after=2025-07-11 00:00:00+00:00
[2025-07-11T09:29:21.448+0000] {processor.py:183} INFO - Processing /home/airflow/.local/lib/python3.8/site-packages/airflow/example_dags/example_bash_operator.py took 0.125 seconds
[2025-07-11T09:29:51.892+0000] {processor.py:161} INFO - Started process (PID=233) to work on /home/airflow/.local/lib/python3.8/site-packages/airflow/example_dags/example_bash_operator.py
[2025-07-11T09:29:51.894+0000] {processor.py:830} INFO - Processing file /home/airflow/.local/lib/python3.8/site-packages/airflow/example_dags/example_bash_operator.py for tasks to queue
[2025-07-11T09:29:51.896+0000] {logging_mixin.py:188} INFO - [2025-07-11T09:29:51.895+0000] {dagbag.py:538} INFO - Filling up the DagBag from /home/airflow/.local/lib/python3.8/site-packages/airflow/example_dags/example_bash_operator.py
[2025-07-11T09:29:51.911+0000] {processor.py:840} INFO - DAG(s) 'example_bash_operator' retrieved from /home/airflow/.local/lib/python3.8/site-packages/airflow/example_dags/example_bash_operator.py
[2025-07-11T09:29:51.955+0000] {logging_mixin.py:188} INFO - [2025-07-11T09:29:51.954+0000] {dag.py:3036} INFO - Sync 1 DAGs
[2025-07-11T09:29:51.989+0000] {logging_mixin.py:188} INFO - [2025-07-11T09:29:51.989+0000] {dag.py:3823} INFO - Setting next_dagrun for example_bash_operator to 2025-07-10 00:00:00+00:00, run_after=2025-07-11 00:00:00+00:00
[2025-07-11T09:29:52.018+0000] {processor.py:183} INFO - Processing /home/airflow/.local/lib/python3.8/site-packages/airflow/example_dags/example_bash_operator.py took 0.130 seconds
[2025-07-11T09:30:22.230+0000] {processor.py:161} INFO - Started process (PID=288) to work on /home/airflow/.local/lib/python3.8/site-packages/airflow/example_dags/example_bash_operator.py
[2025-07-11T09:30:22.232+0000] {processor.py:830} INFO - Processing file /home/airflow/.local/lib/python3.8/site-packages/airflow/example_dags/example_bash_operator.py for tasks to queue
[2025-07-11T09:30:22.234+0000] {logging_mixin.py:188} INFO - [2025-07-11T09:30:22.234+0000] {dagbag.py:538} INFO - Filling up the DagBag from /home/airflow/.local/lib/python3.8/site-packages/airflow/example_dags/example_bash_operator.py
[2025-07-11T09:30:22.251+0000] {processor.py:840} INFO - DAG(s) 'example_bash_operator' retrieved from /home/airflow/.local/lib/python3.8/site-packages/airflow/example_dags/example_bash_operator.py
[2025-07-11T09:30:22.294+0000] {logging_mixin.py:188} INFO - [2025-07-11T09:30:22.294+0000] {dag.py:3036} INFO - Sync 1 DAGs
[2025-07-11T09:30:22.328+0000] {logging_mixin.py:188} INFO - [2025-07-11T09:30:22.328+0000] {dag.py:3823} INFO - Setting next_dagrun for example_bash_operator to 2025-07-10 00:00:00+00:00, run_after=2025-07-11 00:00:00+00:00
[2025-07-11T09:30:22.358+0000] {processor.py:183} INFO - Processing /home/airflow/.local/lib/python3.8/site-packages/airflow/example_dags/example_bash_operator.py took 0.133 seconds
[2025-07-11T09:30:52.802+0000] {processor.py:161} INFO - Started process (PID=343) to work on /home/airflow/.local/lib/python3.8/site-packages/airflow/example_dags/example_bash_operator.py
[2025-07-11T09:30:52.806+0000] {processor.py:830} INFO - Processing file /home/airflow/.local/lib/python3.8/site-packages/airflow/example_dags/example_bash_operator.py for tasks to queue
[2025-07-11T09:30:52.809+0000] {logging_mixin.py:188} INFO - [2025-07-11T09:30:52.809+0000] {dagbag.py:538} INFO - Filling up the DagBag from /home/airflow/.local/lib/python3.8/site-packages/airflow/example_dags/example_bash_operator.py
[2025-07-11T09:30:52.833+0000] {processor.py:840} INFO - DAG(s) 'example_bash_operator' retrieved from /home/airflow/.local/lib/python3.8/site-packages/airflow/example_dags/example_bash_operator.py
[2025-07-11T09:30:52.881+0000] {logging_mixin.py:188} INFO - [2025-07-11T09:30:52.881+0000] {dag.py:3036} INFO - Sync 1 DAGs
[2025-07-11T09:30:52.923+0000] {logging_mixin.py:188} INFO - [2025-07-11T09:30:52.922+0000] {dag.py:3823} INFO - Setting next_dagrun for example_bash_operator to 2025-07-10 00:00:00+00:00, run_after=2025-07-11 00:00:00+00:00
[2025-07-11T09:30:52.955+0000] {processor.py:183} INFO - Processing /home/airflow/.local/lib/python3.8/site-packages/airflow/example_dags/example_bash_operator.py took 0.158 seconds
[2025-07-11T09:31:23.316+0000] {processor.py:161} INFO - Started process (PID=398) to work on /home/airflow/.local/lib/python3.8/site-packages/airflow/example_dags/example_bash_operator.py
[2025-07-11T09:31:23.318+0000] {processor.py:830} INFO - Processing file /home/airflow/.local/lib/python3.8/site-packages/airflow/example_dags/example_bash_operator.py for tasks to queue
[2025-07-11T09:31:23.321+0000] {logging_mixin.py:188} INFO - [2025-07-11T09:31:23.320+0000] {dagbag.py:538} INFO - Filling up the DagBag from /home/airflow/.local/lib/python3.8/site-packages/airflow/example_dags/example_bash_operator.py
[2025-07-11T09:31:23.338+0000] {processor.py:840} INFO - DAG(s) 'example_bash_operator' retrieved from /home/airflow/.local/lib/python3.8/site-packages/airflow/example_dags/example_bash_operator.py
[2025-07-11T09:31:23.381+0000] {logging_mixin.py:188} INFO - [2025-07-11T09:31:23.381+0000] {dag.py:3036} INFO - Sync 1 DAGs
[2025-07-11T09:31:23.414+0000] {logging_mixin.py:188} INFO - [2025-07-11T09:31:23.413+0000] {dag.py:3823} INFO - Setting next_dagrun for example_bash_operator to 2025-07-10 00:00:00+00:00, run_after=2025-07-11 00:00:00+00:00
[2025-07-11T09:31:23.447+0000] {processor.py:183} INFO - Processing /home/airflow/.local/lib/python3.8/site-packages/airflow/example_dags/example_bash_operator.py took 0.135 seconds
[2025-07-11T09:31:54.164+0000] {processor.py:161} INFO - Started process (PID=459) to work on /home/airflow/.local/lib/python3.8/site-packages/airflow/example_dags/example_bash_operator.py
[2025-07-11T09:31:54.165+0000] {processor.py:830} INFO - Processing file /home/airflow/.local/lib/python3.8/site-packages/airflow/example_dags/example_bash_operator.py for tasks to queue
[2025-07-11T09:31:54.168+0000] {logging_mixin.py:188} INFO - [2025-07-11T09:31:54.167+0000] {dagbag.py:538} INFO - Filling up the DagBag from /home/airflow/.local/lib/python3.8/site-packages/airflow/example_dags/example_bash_operator.py
[2025-07-11T09:31:54.184+0000] {processor.py:840} INFO - DAG(s) 'example_bash_operator' retrieved from /home/airflow/.local/lib/python3.8/site-packages/airflow/example_dags/example_bash_operator.py
[2025-07-11T09:31:54.226+0000] {logging_mixin.py:188} INFO - [2025-07-11T09:31:54.226+0000] {dag.py:3036} INFO - Sync 1 DAGs
[2025-07-11T09:31:54.260+0000] {logging_mixin.py:188} INFO - [2025-07-11T09:31:54.259+0000] {dag.py:3823} INFO - Setting next_dagrun for example_bash_operator to 2025-07-10 00:00:00+00:00, run_after=2025-07-11 00:00:00+00:00
[2025-07-11T09:31:54.289+0000] {processor.py:183} INFO - Processing /home/airflow/.local/lib/python3.8/site-packages/airflow/example_dags/example_bash_operator.py took 0.130 seconds
[2025-07-11T09:32:24.331+0000] {processor.py:161} INFO - Started process (PID=514) to work on /home/airflow/.local/lib/python3.8/site-packages/airflow/example_dags/example_bash_operator.py
[2025-07-11T09:32:24.333+0000] {processor.py:830} INFO - Processing file /home/airflow/.local/lib/python3.8/site-packages/airflow/example_dags/example_bash_operator.py for tasks to queue
[2025-07-11T09:32:24.335+0000] {logging_mixin.py:188} INFO - [2025-07-11T09:32:24.335+0000] {dagbag.py:538} INFO - Filling up the DagBag from /home/airflow/.local/lib/python3.8/site-packages/airflow/example_dags/example_bash_operator.py
[2025-07-11T09:32:24.351+0000] {processor.py:840} INFO - DAG(s) 'example_bash_operator' retrieved from /home/airflow/.local/lib/python3.8/site-packages/airflow/example_dags/example_bash_operator.py
[2025-07-11T09:32:24.394+0000] {logging_mixin.py:188} INFO - [2025-07-11T09:32:24.393+0000] {dag.py:3036} INFO - Sync 1 DAGs
[2025-07-11T09:32:24.425+0000] {logging_mixin.py:188} INFO - [2025-07-11T09:32:24.424+0000] {dag.py:3823} INFO - Setting next_dagrun for example_bash_operator to 2025-07-10 00:00:00+00:00, run_after=2025-07-11 00:00:00+00:00
[2025-07-11T09:32:24.454+0000] {processor.py:183} INFO - Processing /home/airflow/.local/lib/python3.8/site-packages/airflow/example_dags/example_bash_operator.py took 0.128 seconds
[2025-07-11T09:32:54.769+0000] {processor.py:161} INFO - Started process (PID=569) to work on /home/airflow/.local/lib/python3.8/site-packages/airflow/example_dags/example_bash_operator.py
[2025-07-11T09:32:54.772+0000] {processor.py:830} INFO - Processing file /home/airflow/.local/lib/python3.8/site-packages/airflow/example_dags/example_bash_operator.py for tasks to queue
[2025-07-11T09:32:54.775+0000] {logging_mixin.py:188} INFO - [2025-07-11T09:32:54.774+0000] {dagbag.py:538} INFO - Filling up the DagBag from /home/airflow/.local/lib/python3.8/site-packages/airflow/example_dags/example_bash_operator.py
[2025-07-11T09:32:54.795+0000] {processor.py:840} INFO - DAG(s) 'example_bash_operator' retrieved from /home/airflow/.local/lib/python3.8/site-packages/airflow/example_dags/example_bash_operator.py
[2025-07-11T09:32:54.841+0000] {logging_mixin.py:188} INFO - [2025-07-11T09:32:54.841+0000] {dag.py:3036} INFO - Sync 1 DAGs
[2025-07-11T09:32:54.875+0000] {logging_mixin.py:188} INFO - [2025-07-11T09:32:54.874+0000] {dag.py:3823} INFO - Setting next_dagrun for example_bash_operator to 2025-07-10 00:00:00+00:00, run_after=2025-07-11 00:00:00+00:00
[2025-07-11T09:32:54.904+0000] {processor.py:183} INFO - Processing /home/airflow/.local/lib/python3.8/site-packages/airflow/example_dags/example_bash_operator.py took 0.140 seconds
[2025-07-11T09:33:24.955+0000] {processor.py:161} INFO - Started process (PID=624) to work on /home/airflow/.local/lib/python3.8/site-packages/airflow/example_dags/example_bash_operator.py
[2025-07-11T09:33:24.957+0000] {processor.py:830} INFO - Processing file /home/airflow/.local/lib/python3.8/site-packages/airflow/example_dags/example_bash_operator.py for tasks to queue
[2025-07-11T09:33:24.959+0000] {logging_mixin.py:188} INFO - [2025-07-11T09:33:24.959+0000] {dagbag.py:538} INFO - Filling up the DagBag from /home/airflow/.local/lib/python3.8/site-packages/airflow/example_dags/example_bash_operator.py
[2025-07-11T09:33:24.977+0000] {processor.py:840} INFO - DAG(s) 'example_bash_operator' retrieved from /home/airflow/.local/lib/python3.8/site-packages/airflow/example_dags/example_bash_operator.py
[2025-07-11T09:33:25.019+0000] {logging_mixin.py:188} INFO - [2025-07-11T09:33:25.019+0000] {dag.py:3036} INFO - Sync 1 DAGs
[2025-07-11T09:33:25.051+0000] {logging_mixin.py:188} INFO - [2025-07-11T09:33:25.050+0000] {dag.py:3823} INFO - Setting next_dagrun for example_bash_operator to 2025-07-10 00:00:00+00:00, run_after=2025-07-11 00:00:00+00:00
[2025-07-11T09:33:25.079+0000] {processor.py:183} INFO - Processing /home/airflow/.local/lib/python3.8/site-packages/airflow/example_dags/example_bash_operator.py took 0.130 seconds
[2025-07-11T09:34:39.864+0000] {processor.py:161} INFO - Started process (PID=69) to work on /home/airflow/.local/lib/python3.8/site-packages/airflow/example_dags/example_bash_operator.py
[2025-07-11T09:34:39.874+0000] {processor.py:830} INFO - Processing file /home/airflow/.local/lib/python3.8/site-packages/airflow/example_dags/example_bash_operator.py for tasks to queue
[2025-07-11T09:34:39.878+0000] {logging_mixin.py:188} INFO - [2025-07-11T09:34:39.877+0000] {dagbag.py:538} INFO - Filling up the DagBag from /home/airflow/.local/lib/python3.8/site-packages/airflow/example_dags/example_bash_operator.py
[2025-07-11T09:34:39.944+0000] {processor.py:840} INFO - DAG(s) 'example_bash_operator' retrieved from /home/airflow/.local/lib/python3.8/site-packages/airflow/example_dags/example_bash_operator.py
[2025-07-11T09:34:40.512+0000] {logging_mixin.py:188} INFO - [2025-07-11T09:34:40.511+0000] {override.py:1769} INFO - Created Permission View: can edit on DAG:example_bash_operator
[2025-07-11T09:34:40.542+0000] {logging_mixin.py:188} INFO - [2025-07-11T09:34:40.542+0000] {override.py:1769} INFO - Created Permission View: can delete on DAG:example_bash_operator
[2025-07-11T09:34:40.595+0000] {logging_mixin.py:188} INFO - [2025-07-11T09:34:40.594+0000] {override.py:1769} INFO - Created Permission View: can read on DAG:example_bash_operator
[2025-07-11T09:34:40.597+0000] {logging_mixin.py:188} INFO - [2025-07-11T09:34:40.596+0000] {dag.py:3036} INFO - Sync 1 DAGs
[2025-07-11T09:34:40.649+0000] {logging_mixin.py:188} INFO - [2025-07-11T09:34:40.649+0000] {dag.py:3058} INFO - Creating ORM DAG for example_bash_operator
[2025-07-11T09:34:40.692+0000] {logging_mixin.py:188} INFO - [2025-07-11T09:34:40.689+0000] {dag.py:3823} INFO - Setting next_dagrun for example_bash_operator to 2025-07-10 00:00:00+00:00, run_after=2025-07-11 00:00:00+00:00
[2025-07-11T09:34:40.784+0000] {processor.py:183} INFO - Processing /home/airflow/.local/lib/python3.8/site-packages/airflow/example_dags/example_bash_operator.py took 0.929 seconds
[2025-07-11T09:35:11.144+0000] {processor.py:161} INFO - Started process (PID=130) to work on /home/airflow/.local/lib/python3.8/site-packages/airflow/example_dags/example_bash_operator.py
[2025-07-11T09:35:11.146+0000] {processor.py:830} INFO - Processing file /home/airflow/.local/lib/python3.8/site-packages/airflow/example_dags/example_bash_operator.py for tasks to queue
[2025-07-11T09:35:11.150+0000] {logging_mixin.py:188} INFO - [2025-07-11T09:35:11.149+0000] {dagbag.py:538} INFO - Filling up the DagBag from /home/airflow/.local/lib/python3.8/site-packages/airflow/example_dags/example_bash_operator.py
[2025-07-11T09:35:11.172+0000] {processor.py:840} INFO - DAG(s) 'example_bash_operator' retrieved from /home/airflow/.local/lib/python3.8/site-packages/airflow/example_dags/example_bash_operator.py
[2025-07-11T09:35:11.219+0000] {logging_mixin.py:188} INFO - [2025-07-11T09:35:11.218+0000] {dag.py:3036} INFO - Sync 1 DAGs
[2025-07-11T09:35:11.253+0000] {logging_mixin.py:188} INFO - [2025-07-11T09:35:11.253+0000] {dag.py:3823} INFO - Setting next_dagrun for example_bash_operator to 2025-07-10 00:00:00+00:00, run_after=2025-07-11 00:00:00+00:00
[2025-07-11T09:35:11.283+0000] {processor.py:183} INFO - Processing /home/airflow/.local/lib/python3.8/site-packages/airflow/example_dags/example_bash_operator.py took 0.143 seconds
[2025-07-11T09:35:41.361+0000] {processor.py:161} INFO - Started process (PID=185) to work on /home/airflow/.local/lib/python3.8/site-packages/airflow/example_dags/example_bash_operator.py
[2025-07-11T09:35:41.362+0000] {processor.py:830} INFO - Processing file /home/airflow/.local/lib/python3.8/site-packages/airflow/example_dags/example_bash_operator.py for tasks to queue
[2025-07-11T09:35:41.365+0000] {logging_mixin.py:188} INFO - [2025-07-11T09:35:41.364+0000] {dagbag.py:538} INFO - Filling up the DagBag from /home/airflow/.local/lib/python3.8/site-packages/airflow/example_dags/example_bash_operator.py
[2025-07-11T09:35:41.385+0000] {processor.py:840} INFO - DAG(s) 'example_bash_operator' retrieved from /home/airflow/.local/lib/python3.8/site-packages/airflow/example_dags/example_bash_operator.py
[2025-07-11T09:35:41.426+0000] {logging_mixin.py:188} INFO - [2025-07-11T09:35:41.426+0000] {dag.py:3036} INFO - Sync 1 DAGs
[2025-07-11T09:35:41.459+0000] {logging_mixin.py:188} INFO - [2025-07-11T09:35:41.459+0000] {dag.py:3823} INFO - Setting next_dagrun for example_bash_operator to 2025-07-10 00:00:00+00:00, run_after=2025-07-11 00:00:00+00:00
[2025-07-11T09:35:41.495+0000] {processor.py:183} INFO - Processing /home/airflow/.local/lib/python3.8/site-packages/airflow/example_dags/example_bash_operator.py took 0.139 seconds
[2025-07-11T09:36:11.877+0000] {processor.py:161} INFO - Started process (PID=240) to work on /home/airflow/.local/lib/python3.8/site-packages/airflow/example_dags/example_bash_operator.py
[2025-07-11T09:36:11.879+0000] {processor.py:830} INFO - Processing file /home/airflow/.local/lib/python3.8/site-packages/airflow/example_dags/example_bash_operator.py for tasks to queue
[2025-07-11T09:36:11.881+0000] {logging_mixin.py:188} INFO - [2025-07-11T09:36:11.881+0000] {dagbag.py:538} INFO - Filling up the DagBag from /home/airflow/.local/lib/python3.8/site-packages/airflow/example_dags/example_bash_operator.py
[2025-07-11T09:36:11.898+0000] {processor.py:840} INFO - DAG(s) 'example_bash_operator' retrieved from /home/airflow/.local/lib/python3.8/site-packages/airflow/example_dags/example_bash_operator.py
[2025-07-11T09:36:11.944+0000] {logging_mixin.py:188} INFO - [2025-07-11T09:36:11.944+0000] {dag.py:3036} INFO - Sync 1 DAGs
[2025-07-11T09:36:11.980+0000] {logging_mixin.py:188} INFO - [2025-07-11T09:36:11.980+0000] {dag.py:3823} INFO - Setting next_dagrun for example_bash_operator to 2025-07-10 00:00:00+00:00, run_after=2025-07-11 00:00:00+00:00
[2025-07-11T09:36:12.013+0000] {processor.py:183} INFO - Processing /home/airflow/.local/lib/python3.8/site-packages/airflow/example_dags/example_bash_operator.py took 0.139 seconds
[2025-07-11T09:36:42.096+0000] {processor.py:161} INFO - Started process (PID=295) to work on /home/airflow/.local/lib/python3.8/site-packages/airflow/example_dags/example_bash_operator.py
[2025-07-11T09:36:42.098+0000] {processor.py:830} INFO - Processing file /home/airflow/.local/lib/python3.8/site-packages/airflow/example_dags/example_bash_operator.py for tasks to queue
[2025-07-11T09:36:42.101+0000] {logging_mixin.py:188} INFO - [2025-07-11T09:36:42.100+0000] {dagbag.py:538} INFO - Filling up the DagBag from /home/airflow/.local/lib/python3.8/site-packages/airflow/example_dags/example_bash_operator.py
[2025-07-11T09:36:42.119+0000] {processor.py:840} INFO - DAG(s) 'example_bash_operator' retrieved from /home/airflow/.local/lib/python3.8/site-packages/airflow/example_dags/example_bash_operator.py
[2025-07-11T09:36:42.165+0000] {logging_mixin.py:188} INFO - [2025-07-11T09:36:42.164+0000] {dag.py:3036} INFO - Sync 1 DAGs
[2025-07-11T09:36:42.203+0000] {logging_mixin.py:188} INFO - [2025-07-11T09:36:42.202+0000] {dag.py:3823} INFO - Setting next_dagrun for example_bash_operator to 2025-07-10 00:00:00+00:00, run_after=2025-07-11 00:00:00+00:00
[2025-07-11T09:36:42.234+0000] {processor.py:183} INFO - Processing /home/airflow/.local/lib/python3.8/site-packages/airflow/example_dags/example_bash_operator.py took 0.142 seconds
[2025-07-11T09:37:12.459+0000] {processor.py:161} INFO - Started process (PID=350) to work on /home/airflow/.local/lib/python3.8/site-packages/airflow/example_dags/example_bash_operator.py
[2025-07-11T09:37:12.461+0000] {processor.py:830} INFO - Processing file /home/airflow/.local/lib/python3.8/site-packages/airflow/example_dags/example_bash_operator.py for tasks to queue
[2025-07-11T09:37:12.464+0000] {logging_mixin.py:188} INFO - [2025-07-11T09:37:12.463+0000] {dagbag.py:538} INFO - Filling up the DagBag from /home/airflow/.local/lib/python3.8/site-packages/airflow/example_dags/example_bash_operator.py
[2025-07-11T09:37:12.491+0000] {processor.py:840} INFO - DAG(s) 'example_bash_operator' retrieved from /home/airflow/.local/lib/python3.8/site-packages/airflow/example_dags/example_bash_operator.py
[2025-07-11T09:37:12.540+0000] {logging_mixin.py:188} INFO - [2025-07-11T09:37:12.540+0000] {dag.py:3036} INFO - Sync 1 DAGs
[2025-07-11T09:37:12.577+0000] {logging_mixin.py:188} INFO - [2025-07-11T09:37:12.576+0000] {dag.py:3823} INFO - Setting next_dagrun for example_bash_operator to 2025-07-10 00:00:00+00:00, run_after=2025-07-11 00:00:00+00:00
[2025-07-11T09:37:12.612+0000] {processor.py:183} INFO - Processing /home/airflow/.local/lib/python3.8/site-packages/airflow/example_dags/example_bash_operator.py took 0.158 seconds
[2025-07-11T09:37:42.794+0000] {processor.py:161} INFO - Started process (PID=405) to work on /home/airflow/.local/lib/python3.8/site-packages/airflow/example_dags/example_bash_operator.py
[2025-07-11T09:37:42.797+0000] {processor.py:830} INFO - Processing file /home/airflow/.local/lib/python3.8/site-packages/airflow/example_dags/example_bash_operator.py for tasks to queue
[2025-07-11T09:37:42.801+0000] {logging_mixin.py:188} INFO - [2025-07-11T09:37:42.800+0000] {dagbag.py:538} INFO - Filling up the DagBag from /home/airflow/.local/lib/python3.8/site-packages/airflow/example_dags/example_bash_operator.py
[2025-07-11T09:37:42.822+0000] {processor.py:840} INFO - DAG(s) 'example_bash_operator' retrieved from /home/airflow/.local/lib/python3.8/site-packages/airflow/example_dags/example_bash_operator.py
[2025-07-11T09:37:42.870+0000] {logging_mixin.py:188} INFO - [2025-07-11T09:37:42.870+0000] {dag.py:3036} INFO - Sync 1 DAGs
[2025-07-11T09:37:42.903+0000] {logging_mixin.py:188} INFO - [2025-07-11T09:37:42.903+0000] {dag.py:3823} INFO - Setting next_dagrun for example_bash_operator to 2025-07-10 00:00:00+00:00, run_after=2025-07-11 00:00:00+00:00
[2025-07-11T09:37:42.935+0000] {processor.py:183} INFO - Processing /home/airflow/.local/lib/python3.8/site-packages/airflow/example_dags/example_bash_operator.py took 0.147 seconds
[2025-07-11T09:38:12.983+0000] {processor.py:161} INFO - Started process (PID=460) to work on /home/airflow/.local/lib/python3.8/site-packages/airflow/example_dags/example_bash_operator.py
[2025-07-11T09:38:12.985+0000] {processor.py:830} INFO - Processing file /home/airflow/.local/lib/python3.8/site-packages/airflow/example_dags/example_bash_operator.py for tasks to queue
[2025-07-11T09:38:12.988+0000] {logging_mixin.py:188} INFO - [2025-07-11T09:38:12.988+0000] {dagbag.py:538} INFO - Filling up the DagBag from /home/airflow/.local/lib/python3.8/site-packages/airflow/example_dags/example_bash_operator.py
[2025-07-11T09:38:13.006+0000] {processor.py:840} INFO - DAG(s) 'example_bash_operator' retrieved from /home/airflow/.local/lib/python3.8/site-packages/airflow/example_dags/example_bash_operator.py
[2025-07-11T09:38:13.056+0000] {logging_mixin.py:188} INFO - [2025-07-11T09:38:13.055+0000] {dag.py:3036} INFO - Sync 1 DAGs
[2025-07-11T09:38:13.089+0000] {logging_mixin.py:188} INFO - [2025-07-11T09:38:13.089+0000] {dag.py:3823} INFO - Setting next_dagrun for example_bash_operator to 2025-07-10 00:00:00+00:00, run_after=2025-07-11 00:00:00+00:00
[2025-07-11T09:38:13.120+0000] {processor.py:183} INFO - Processing /home/airflow/.local/lib/python3.8/site-packages/airflow/example_dags/example_bash_operator.py took 0.142 seconds
[2025-07-11T09:38:43.490+0000] {processor.py:161} INFO - Started process (PID=515) to work on /home/airflow/.local/lib/python3.8/site-packages/airflow/example_dags/example_bash_operator.py
[2025-07-11T09:38:43.491+0000] {processor.py:830} INFO - Processing file /home/airflow/.local/lib/python3.8/site-packages/airflow/example_dags/example_bash_operator.py for tasks to queue
[2025-07-11T09:38:43.494+0000] {logging_mixin.py:188} INFO - [2025-07-11T09:38:43.494+0000] {dagbag.py:538} INFO - Filling up the DagBag from /home/airflow/.local/lib/python3.8/site-packages/airflow/example_dags/example_bash_operator.py
[2025-07-11T09:38:43.511+0000] {processor.py:840} INFO - DAG(s) 'example_bash_operator' retrieved from /home/airflow/.local/lib/python3.8/site-packages/airflow/example_dags/example_bash_operator.py
[2025-07-11T09:38:43.560+0000] {logging_mixin.py:188} INFO - [2025-07-11T09:38:43.559+0000] {dag.py:3036} INFO - Sync 1 DAGs
[2025-07-11T09:38:43.597+0000] {logging_mixin.py:188} INFO - [2025-07-11T09:38:43.597+0000] {dag.py:3823} INFO - Setting next_dagrun for example_bash_operator to 2025-07-10 00:00:00+00:00, run_after=2025-07-11 00:00:00+00:00
[2025-07-11T09:38:43.632+0000] {processor.py:183} INFO - Processing /home/airflow/.local/lib/python3.8/site-packages/airflow/example_dags/example_bash_operator.py took 0.147 seconds
[2025-07-11T09:39:13.972+0000] {processor.py:161} INFO - Started process (PID=571) to work on /home/airflow/.local/lib/python3.8/site-packages/airflow/example_dags/example_bash_operator.py
[2025-07-11T09:39:13.974+0000] {processor.py:830} INFO - Processing file /home/airflow/.local/lib/python3.8/site-packages/airflow/example_dags/example_bash_operator.py for tasks to queue
[2025-07-11T09:39:13.977+0000] {logging_mixin.py:188} INFO - [2025-07-11T09:39:13.977+0000] {dagbag.py:538} INFO - Filling up the DagBag from /home/airflow/.local/lib/python3.8/site-packages/airflow/example_dags/example_bash_operator.py
[2025-07-11T09:39:14.000+0000] {processor.py:840} INFO - DAG(s) 'example_bash_operator' retrieved from /home/airflow/.local/lib/python3.8/site-packages/airflow/example_dags/example_bash_operator.py
[2025-07-11T09:39:14.045+0000] {logging_mixin.py:188} INFO - [2025-07-11T09:39:14.045+0000] {dag.py:3036} INFO - Sync 1 DAGs
[2025-07-11T09:39:14.077+0000] {logging_mixin.py:188} INFO - [2025-07-11T09:39:14.076+0000] {dag.py:3823} INFO - Setting next_dagrun for example_bash_operator to 2025-07-10 00:00:00+00:00, run_after=2025-07-11 00:00:00+00:00
[2025-07-11T09:39:14.107+0000] {processor.py:183} INFO - Processing /home/airflow/.local/lib/python3.8/site-packages/airflow/example_dags/example_bash_operator.py took 0.140 seconds
[2025-07-11T09:39:44.263+0000] {processor.py:161} INFO - Started process (PID=626) to work on /home/airflow/.local/lib/python3.8/site-packages/airflow/example_dags/example_bash_operator.py
[2025-07-11T09:39:44.265+0000] {processor.py:830} INFO - Processing file /home/airflow/.local/lib/python3.8/site-packages/airflow/example_dags/example_bash_operator.py for tasks to queue
[2025-07-11T09:39:44.268+0000] {logging_mixin.py:188} INFO - [2025-07-11T09:39:44.267+0000] {dagbag.py:538} INFO - Filling up the DagBag from /home/airflow/.local/lib/python3.8/site-packages/airflow/example_dags/example_bash_operator.py
[2025-07-11T09:39:44.288+0000] {processor.py:840} INFO - DAG(s) 'example_bash_operator' retrieved from /home/airflow/.local/lib/python3.8/site-packages/airflow/example_dags/example_bash_operator.py
[2025-07-11T09:39:44.342+0000] {logging_mixin.py:188} INFO - [2025-07-11T09:39:44.342+0000] {dag.py:3036} INFO - Sync 1 DAGs
[2025-07-11T09:39:44.386+0000] {logging_mixin.py:188} INFO - [2025-07-11T09:39:44.386+0000] {dag.py:3823} INFO - Setting next_dagrun for example_bash_operator to 2025-07-10 00:00:00+00:00, run_after=2025-07-11 00:00:00+00:00
[2025-07-11T09:39:44.422+0000] {processor.py:183} INFO - Processing /home/airflow/.local/lib/python3.8/site-packages/airflow/example_dags/example_bash_operator.py took 0.164 seconds
[2025-07-11T09:40:14.756+0000] {processor.py:161} INFO - Started process (PID=681) to work on /home/airflow/.local/lib/python3.8/site-packages/airflow/example_dags/example_bash_operator.py
[2025-07-11T09:40:14.757+0000] {processor.py:830} INFO - Processing file /home/airflow/.local/lib/python3.8/site-packages/airflow/example_dags/example_bash_operator.py for tasks to queue
[2025-07-11T09:40:14.760+0000] {logging_mixin.py:188} INFO - [2025-07-11T09:40:14.760+0000] {dagbag.py:538} INFO - Filling up the DagBag from /home/airflow/.local/lib/python3.8/site-packages/airflow/example_dags/example_bash_operator.py
[2025-07-11T09:40:14.777+0000] {processor.py:840} INFO - DAG(s) 'example_bash_operator' retrieved from /home/airflow/.local/lib/python3.8/site-packages/airflow/example_dags/example_bash_operator.py
[2025-07-11T09:40:14.834+0000] {logging_mixin.py:188} INFO - [2025-07-11T09:40:14.834+0000] {dag.py:3036} INFO - Sync 1 DAGs
[2025-07-11T09:40:14.877+0000] {logging_mixin.py:188} INFO - [2025-07-11T09:40:14.876+0000] {dag.py:3823} INFO - Setting next_dagrun for example_bash_operator to 2025-07-10 00:00:00+00:00, run_after=2025-07-11 00:00:00+00:00
[2025-07-11T09:40:14.906+0000] {processor.py:183} INFO - Processing /home/airflow/.local/lib/python3.8/site-packages/airflow/example_dags/example_bash_operator.py took 0.155 seconds
[2025-07-11T09:40:45.153+0000] {processor.py:161} INFO - Started process (PID=736) to work on /home/airflow/.local/lib/python3.8/site-packages/airflow/example_dags/example_bash_operator.py
[2025-07-11T09:40:45.155+0000] {processor.py:830} INFO - Processing file /home/airflow/.local/lib/python3.8/site-packages/airflow/example_dags/example_bash_operator.py for tasks to queue
[2025-07-11T09:40:45.159+0000] {logging_mixin.py:188} INFO - [2025-07-11T09:40:45.158+0000] {dagbag.py:538} INFO - Filling up the DagBag from /home/airflow/.local/lib/python3.8/site-packages/airflow/example_dags/example_bash_operator.py
[2025-07-11T09:40:45.180+0000] {processor.py:840} INFO - DAG(s) 'example_bash_operator' retrieved from /home/airflow/.local/lib/python3.8/site-packages/airflow/example_dags/example_bash_operator.py
[2025-07-11T09:40:45.241+0000] {logging_mixin.py:188} INFO - [2025-07-11T09:40:45.240+0000] {dag.py:3036} INFO - Sync 1 DAGs
[2025-07-11T09:40:45.283+0000] {logging_mixin.py:188} INFO - [2025-07-11T09:40:45.283+0000] {dag.py:3823} INFO - Setting next_dagrun for example_bash_operator to 2025-07-10 00:00:00+00:00, run_after=2025-07-11 00:00:00+00:00
[2025-07-11T09:40:45.321+0000] {processor.py:183} INFO - Processing /home/airflow/.local/lib/python3.8/site-packages/airflow/example_dags/example_bash_operator.py took 0.173 seconds
[2025-07-11T09:41:15.524+0000] {processor.py:161} INFO - Started process (PID=791) to work on /home/airflow/.local/lib/python3.8/site-packages/airflow/example_dags/example_bash_operator.py
[2025-07-11T09:41:15.526+0000] {processor.py:830} INFO - Processing file /home/airflow/.local/lib/python3.8/site-packages/airflow/example_dags/example_bash_operator.py for tasks to queue
[2025-07-11T09:41:15.530+0000] {logging_mixin.py:188} INFO - [2025-07-11T09:41:15.529+0000] {dagbag.py:538} INFO - Filling up the DagBag from /home/airflow/.local/lib/python3.8/site-packages/airflow/example_dags/example_bash_operator.py
[2025-07-11T09:41:15.546+0000] {processor.py:840} INFO - DAG(s) 'example_bash_operator' retrieved from /home/airflow/.local/lib/python3.8/site-packages/airflow/example_dags/example_bash_operator.py
[2025-07-11T09:41:15.590+0000] {logging_mixin.py:188} INFO - [2025-07-11T09:41:15.590+0000] {dag.py:3036} INFO - Sync 1 DAGs
[2025-07-11T09:41:15.633+0000] {logging_mixin.py:188} INFO - [2025-07-11T09:41:15.632+0000] {dag.py:3823} INFO - Setting next_dagrun for example_bash_operator to 2025-07-10 00:00:00+00:00, run_after=2025-07-11 00:00:00+00:00
[2025-07-11T09:41:15.673+0000] {processor.py:183} INFO - Processing /home/airflow/.local/lib/python3.8/site-packages/airflow/example_dags/example_bash_operator.py took 0.153 seconds
[2025-07-11T09:41:45.999+0000] {processor.py:161} INFO - Started process (PID=846) to work on /home/airflow/.local/lib/python3.8/site-packages/airflow/example_dags/example_bash_operator.py
[2025-07-11T09:41:46.001+0000] {processor.py:830} INFO - Processing file /home/airflow/.local/lib/python3.8/site-packages/airflow/example_dags/example_bash_operator.py for tasks to queue
[2025-07-11T09:41:46.003+0000] {logging_mixin.py:188} INFO - [2025-07-11T09:41:46.003+0000] {dagbag.py:538} INFO - Filling up the DagBag from /home/airflow/.local/lib/python3.8/site-packages/airflow/example_dags/example_bash_operator.py
[2025-07-11T09:41:46.019+0000] {processor.py:840} INFO - DAG(s) 'example_bash_operator' retrieved from /home/airflow/.local/lib/python3.8/site-packages/airflow/example_dags/example_bash_operator.py
[2025-07-11T09:41:46.065+0000] {logging_mixin.py:188} INFO - [2025-07-11T09:41:46.065+0000] {dag.py:3036} INFO - Sync 1 DAGs
[2025-07-11T09:41:46.101+0000] {logging_mixin.py:188} INFO - [2025-07-11T09:41:46.100+0000] {dag.py:3823} INFO - Setting next_dagrun for example_bash_operator to 2025-07-10 00:00:00+00:00, run_after=2025-07-11 00:00:00+00:00
[2025-07-11T09:41:46.136+0000] {processor.py:183} INFO - Processing /home/airflow/.local/lib/python3.8/site-packages/airflow/example_dags/example_bash_operator.py took 0.143 seconds
[2025-07-11T09:42:16.330+0000] {processor.py:161} INFO - Started process (PID=901) to work on /home/airflow/.local/lib/python3.8/site-packages/airflow/example_dags/example_bash_operator.py
[2025-07-11T09:42:16.332+0000] {processor.py:830} INFO - Processing file /home/airflow/.local/lib/python3.8/site-packages/airflow/example_dags/example_bash_operator.py for tasks to queue
[2025-07-11T09:42:16.334+0000] {logging_mixin.py:188} INFO - [2025-07-11T09:42:16.334+0000] {dagbag.py:538} INFO - Filling up the DagBag from /home/airflow/.local/lib/python3.8/site-packages/airflow/example_dags/example_bash_operator.py
[2025-07-11T09:42:16.350+0000] {processor.py:840} INFO - DAG(s) 'example_bash_operator' retrieved from /home/airflow/.local/lib/python3.8/site-packages/airflow/example_dags/example_bash_operator.py
[2025-07-11T09:42:16.400+0000] {logging_mixin.py:188} INFO - [2025-07-11T09:42:16.399+0000] {dag.py:3036} INFO - Sync 1 DAGs
[2025-07-11T09:42:16.440+0000] {logging_mixin.py:188} INFO - [2025-07-11T09:42:16.439+0000] {dag.py:3823} INFO - Setting next_dagrun for example_bash_operator to 2025-07-10 00:00:00+00:00, run_after=2025-07-11 00:00:00+00:00
[2025-07-11T09:42:16.479+0000] {processor.py:183} INFO - Processing /home/airflow/.local/lib/python3.8/site-packages/airflow/example_dags/example_bash_operator.py took 0.153 seconds
[2025-07-11T09:42:46.786+0000] {processor.py:161} INFO - Started process (PID=956) to work on /home/airflow/.local/lib/python3.8/site-packages/airflow/example_dags/example_bash_operator.py
[2025-07-11T09:42:46.788+0000] {processor.py:830} INFO - Processing file /home/airflow/.local/lib/python3.8/site-packages/airflow/example_dags/example_bash_operator.py for tasks to queue
[2025-07-11T09:42:46.791+0000] {logging_mixin.py:188} INFO - [2025-07-11T09:42:46.791+0000] {dagbag.py:538} INFO - Filling up the DagBag from /home/airflow/.local/lib/python3.8/site-packages/airflow/example_dags/example_bash_operator.py
[2025-07-11T09:42:46.810+0000] {processor.py:840} INFO - DAG(s) 'example_bash_operator' retrieved from /home/airflow/.local/lib/python3.8/site-packages/airflow/example_dags/example_bash_operator.py
[2025-07-11T09:42:46.854+0000] {logging_mixin.py:188} INFO - [2025-07-11T09:42:46.854+0000] {dag.py:3036} INFO - Sync 1 DAGs
[2025-07-11T09:42:46.893+0000] {logging_mixin.py:188} INFO - [2025-07-11T09:42:46.892+0000] {dag.py:3823} INFO - Setting next_dagrun for example_bash_operator to 2025-07-10 00:00:00+00:00, run_after=2025-07-11 00:00:00+00:00
[2025-07-11T09:42:46.925+0000] {processor.py:183} INFO - Processing /home/airflow/.local/lib/python3.8/site-packages/airflow/example_dags/example_bash_operator.py took 0.144 seconds
[2025-07-11T09:43:17.237+0000] {processor.py:161} INFO - Started process (PID=1011) to work on /home/airflow/.local/lib/python3.8/site-packages/airflow/example_dags/example_bash_operator.py
[2025-07-11T09:43:17.240+0000] {processor.py:830} INFO - Processing file /home/airflow/.local/lib/python3.8/site-packages/airflow/example_dags/example_bash_operator.py for tasks to queue
[2025-07-11T09:43:17.242+0000] {logging_mixin.py:188} INFO - [2025-07-11T09:43:17.242+0000] {dagbag.py:538} INFO - Filling up the DagBag from /home/airflow/.local/lib/python3.8/site-packages/airflow/example_dags/example_bash_operator.py
[2025-07-11T09:43:17.259+0000] {processor.py:840} INFO - DAG(s) 'example_bash_operator' retrieved from /home/airflow/.local/lib/python3.8/site-packages/airflow/example_dags/example_bash_operator.py
[2025-07-11T09:43:17.304+0000] {logging_mixin.py:188} INFO - [2025-07-11T09:43:17.303+0000] {dag.py:3036} INFO - Sync 1 DAGs
[2025-07-11T09:43:17.342+0000] {logging_mixin.py:188} INFO - [2025-07-11T09:43:17.342+0000] {dag.py:3823} INFO - Setting next_dagrun for example_bash_operator to 2025-07-10 00:00:00+00:00, run_after=2025-07-11 00:00:00+00:00
[2025-07-11T09:43:17.376+0000] {processor.py:183} INFO - Processing /home/airflow/.local/lib/python3.8/site-packages/airflow/example_dags/example_bash_operator.py took 0.142 seconds
[2025-07-11T09:43:47.567+0000] {processor.py:161} INFO - Started process (PID=1066) to work on /home/airflow/.local/lib/python3.8/site-packages/airflow/example_dags/example_bash_operator.py
[2025-07-11T09:43:47.569+0000] {processor.py:830} INFO - Processing file /home/airflow/.local/lib/python3.8/site-packages/airflow/example_dags/example_bash_operator.py for tasks to queue
[2025-07-11T09:43:47.571+0000] {logging_mixin.py:188} INFO - [2025-07-11T09:43:47.571+0000] {dagbag.py:538} INFO - Filling up the DagBag from /home/airflow/.local/lib/python3.8/site-packages/airflow/example_dags/example_bash_operator.py
[2025-07-11T09:43:47.589+0000] {processor.py:840} INFO - DAG(s) 'example_bash_operator' retrieved from /home/airflow/.local/lib/python3.8/site-packages/airflow/example_dags/example_bash_operator.py
[2025-07-11T09:43:47.630+0000] {logging_mixin.py:188} INFO - [2025-07-11T09:43:47.630+0000] {dag.py:3036} INFO - Sync 1 DAGs
[2025-07-11T09:43:47.664+0000] {logging_mixin.py:188} INFO - [2025-07-11T09:43:47.663+0000] {dag.py:3823} INFO - Setting next_dagrun for example_bash_operator to 2025-07-10 00:00:00+00:00, run_after=2025-07-11 00:00:00+00:00
[2025-07-11T09:43:47.693+0000] {processor.py:183} INFO - Processing /home/airflow/.local/lib/python3.8/site-packages/airflow/example_dags/example_bash_operator.py took 0.130 seconds
[2025-07-11T09:44:17.896+0000] {processor.py:161} INFO - Started process (PID=1122) to work on /home/airflow/.local/lib/python3.8/site-packages/airflow/example_dags/example_bash_operator.py
[2025-07-11T09:44:17.898+0000] {processor.py:830} INFO - Processing file /home/airflow/.local/lib/python3.8/site-packages/airflow/example_dags/example_bash_operator.py for tasks to queue
[2025-07-11T09:44:17.902+0000] {logging_mixin.py:188} INFO - [2025-07-11T09:44:17.901+0000] {dagbag.py:538} INFO - Filling up the DagBag from /home/airflow/.local/lib/python3.8/site-packages/airflow/example_dags/example_bash_operator.py
[2025-07-11T09:44:17.923+0000] {processor.py:840} INFO - DAG(s) 'example_bash_operator' retrieved from /home/airflow/.local/lib/python3.8/site-packages/airflow/example_dags/example_bash_operator.py
[2025-07-11T09:44:17.980+0000] {logging_mixin.py:188} INFO - [2025-07-11T09:44:17.979+0000] {dag.py:3036} INFO - Sync 1 DAGs
[2025-07-11T09:44:18.024+0000] {logging_mixin.py:188} INFO - [2025-07-11T09:44:18.024+0000] {dag.py:3823} INFO - Setting next_dagrun for example_bash_operator to 2025-07-10 00:00:00+00:00, run_after=2025-07-11 00:00:00+00:00
[2025-07-11T09:44:18.058+0000] {processor.py:183} INFO - Processing /home/airflow/.local/lib/python3.8/site-packages/airflow/example_dags/example_bash_operator.py took 0.168 seconds
[2025-07-11T09:44:48.402+0000] {processor.py:161} INFO - Started process (PID=1177) to work on /home/airflow/.local/lib/python3.8/site-packages/airflow/example_dags/example_bash_operator.py
[2025-07-11T09:44:48.405+0000] {processor.py:830} INFO - Processing file /home/airflow/.local/lib/python3.8/site-packages/airflow/example_dags/example_bash_operator.py for tasks to queue
[2025-07-11T09:44:48.408+0000] {logging_mixin.py:188} INFO - [2025-07-11T09:44:48.408+0000] {dagbag.py:538} INFO - Filling up the DagBag from /home/airflow/.local/lib/python3.8/site-packages/airflow/example_dags/example_bash_operator.py
[2025-07-11T09:44:48.427+0000] {processor.py:840} INFO - DAG(s) 'example_bash_operator' retrieved from /home/airflow/.local/lib/python3.8/site-packages/airflow/example_dags/example_bash_operator.py
[2025-07-11T09:44:48.473+0000] {logging_mixin.py:188} INFO - [2025-07-11T09:44:48.473+0000] {dag.py:3036} INFO - Sync 1 DAGs
[2025-07-11T09:44:48.509+0000] {logging_mixin.py:188} INFO - [2025-07-11T09:44:48.509+0000] {dag.py:3823} INFO - Setting next_dagrun for example_bash_operator to 2025-07-10 00:00:00+00:00, run_after=2025-07-11 00:00:00+00:00
[2025-07-11T09:44:48.540+0000] {processor.py:183} INFO - Processing /home/airflow/.local/lib/python3.8/site-packages/airflow/example_dags/example_bash_operator.py took 0.143 seconds
[2025-07-11T09:45:18.882+0000] {processor.py:161} INFO - Started process (PID=1232) to work on /home/airflow/.local/lib/python3.8/site-packages/airflow/example_dags/example_bash_operator.py
[2025-07-11T09:45:18.883+0000] {processor.py:830} INFO - Processing file /home/airflow/.local/lib/python3.8/site-packages/airflow/example_dags/example_bash_operator.py for tasks to queue
[2025-07-11T09:45:18.886+0000] {logging_mixin.py:188} INFO - [2025-07-11T09:45:18.886+0000] {dagbag.py:538} INFO - Filling up the DagBag from /home/airflow/.local/lib/python3.8/site-packages/airflow/example_dags/example_bash_operator.py
[2025-07-11T09:45:18.903+0000] {processor.py:840} INFO - DAG(s) 'example_bash_operator' retrieved from /home/airflow/.local/lib/python3.8/site-packages/airflow/example_dags/example_bash_operator.py
[2025-07-11T09:45:18.946+0000] {logging_mixin.py:188} INFO - [2025-07-11T09:45:18.945+0000] {dag.py:3036} INFO - Sync 1 DAGs
[2025-07-11T09:45:18.983+0000] {logging_mixin.py:188} INFO - [2025-07-11T09:45:18.982+0000] {dag.py:3823} INFO - Setting next_dagrun for example_bash_operator to 2025-07-10 00:00:00+00:00, run_after=2025-07-11 00:00:00+00:00
[2025-07-11T09:45:19.015+0000] {processor.py:183} INFO - Processing /home/airflow/.local/lib/python3.8/site-packages/airflow/example_dags/example_bash_operator.py took 0.137 seconds
[2025-07-11T09:45:49.317+0000] {processor.py:161} INFO - Started process (PID=1285) to work on /home/airflow/.local/lib/python3.8/site-packages/airflow/example_dags/example_bash_operator.py
[2025-07-11T09:45:49.321+0000] {processor.py:830} INFO - Processing file /home/airflow/.local/lib/python3.8/site-packages/airflow/example_dags/example_bash_operator.py for tasks to queue
[2025-07-11T09:45:49.324+0000] {logging_mixin.py:188} INFO - [2025-07-11T09:45:49.324+0000] {dagbag.py:538} INFO - Filling up the DagBag from /home/airflow/.local/lib/python3.8/site-packages/airflow/example_dags/example_bash_operator.py
[2025-07-11T09:45:49.344+0000] {processor.py:840} INFO - DAG(s) 'example_bash_operator' retrieved from /home/airflow/.local/lib/python3.8/site-packages/airflow/example_dags/example_bash_operator.py
[2025-07-11T09:45:49.395+0000] {logging_mixin.py:188} INFO - [2025-07-11T09:45:49.395+0000] {dag.py:3036} INFO - Sync 1 DAGs
[2025-07-11T09:45:49.431+0000] {logging_mixin.py:188} INFO - [2025-07-11T09:45:49.431+0000] {dag.py:3823} INFO - Setting next_dagrun for example_bash_operator to 2025-07-10 00:00:00+00:00, run_after=2025-07-11 00:00:00+00:00
[2025-07-11T09:45:49.463+0000] {processor.py:183} INFO - Processing /home/airflow/.local/lib/python3.8/site-packages/airflow/example_dags/example_bash_operator.py took 0.151 seconds
[2025-07-11T09:46:19.593+0000] {processor.py:161} INFO - Started process (PID=1340) to work on /home/airflow/.local/lib/python3.8/site-packages/airflow/example_dags/example_bash_operator.py
[2025-07-11T09:46:19.595+0000] {processor.py:830} INFO - Processing file /home/airflow/.local/lib/python3.8/site-packages/airflow/example_dags/example_bash_operator.py for tasks to queue
[2025-07-11T09:46:19.598+0000] {logging_mixin.py:188} INFO - [2025-07-11T09:46:19.597+0000] {dagbag.py:538} INFO - Filling up the DagBag from /home/airflow/.local/lib/python3.8/site-packages/airflow/example_dags/example_bash_operator.py
[2025-07-11T09:46:19.614+0000] {processor.py:840} INFO - DAG(s) 'example_bash_operator' retrieved from /home/airflow/.local/lib/python3.8/site-packages/airflow/example_dags/example_bash_operator.py
[2025-07-11T09:46:19.657+0000] {logging_mixin.py:188} INFO - [2025-07-11T09:46:19.656+0000] {dag.py:3036} INFO - Sync 1 DAGs
[2025-07-11T09:46:19.696+0000] {logging_mixin.py:188} INFO - [2025-07-11T09:46:19.695+0000] {dag.py:3823} INFO - Setting next_dagrun for example_bash_operator to 2025-07-10 00:00:00+00:00, run_after=2025-07-11 00:00:00+00:00
[2025-07-11T09:46:19.731+0000] {processor.py:183} INFO - Processing /home/airflow/.local/lib/python3.8/site-packages/airflow/example_dags/example_bash_operator.py took 0.143 seconds
[2025-07-11T09:46:50.000+0000] {processor.py:161} INFO - Started process (PID=1395) to work on /home/airflow/.local/lib/python3.8/site-packages/airflow/example_dags/example_bash_operator.py
[2025-07-11T09:46:50.002+0000] {processor.py:830} INFO - Processing file /home/airflow/.local/lib/python3.8/site-packages/airflow/example_dags/example_bash_operator.py for tasks to queue
[2025-07-11T09:46:50.007+0000] {logging_mixin.py:188} INFO - [2025-07-11T09:46:50.006+0000] {dagbag.py:538} INFO - Filling up the DagBag from /home/airflow/.local/lib/python3.8/site-packages/airflow/example_dags/example_bash_operator.py
[2025-07-11T09:46:50.030+0000] {processor.py:840} INFO - DAG(s) 'example_bash_operator' retrieved from /home/airflow/.local/lib/python3.8/site-packages/airflow/example_dags/example_bash_operator.py
[2025-07-11T09:46:50.083+0000] {logging_mixin.py:188} INFO - [2025-07-11T09:46:50.082+0000] {dag.py:3036} INFO - Sync 1 DAGs
[2025-07-11T09:46:50.128+0000] {logging_mixin.py:188} INFO - [2025-07-11T09:46:50.128+0000] {dag.py:3823} INFO - Setting next_dagrun for example_bash_operator to 2025-07-10 00:00:00+00:00, run_after=2025-07-11 00:00:00+00:00
[2025-07-11T09:46:50.164+0000] {processor.py:183} INFO - Processing /home/airflow/.local/lib/python3.8/site-packages/airflow/example_dags/example_bash_operator.py took 0.170 seconds
[2025-07-11T09:47:20.662+0000] {processor.py:161} INFO - Started process (PID=1450) to work on /home/airflow/.local/lib/python3.8/site-packages/airflow/example_dags/example_bash_operator.py
[2025-07-11T09:47:20.663+0000] {processor.py:830} INFO - Processing file /home/airflow/.local/lib/python3.8/site-packages/airflow/example_dags/example_bash_operator.py for tasks to queue
[2025-07-11T09:47:20.666+0000] {logging_mixin.py:188} INFO - [2025-07-11T09:47:20.665+0000] {dagbag.py:538} INFO - Filling up the DagBag from /home/airflow/.local/lib/python3.8/site-packages/airflow/example_dags/example_bash_operator.py
[2025-07-11T09:47:20.681+0000] {processor.py:840} INFO - DAG(s) 'example_bash_operator' retrieved from /home/airflow/.local/lib/python3.8/site-packages/airflow/example_dags/example_bash_operator.py
[2025-07-11T09:47:20.722+0000] {logging_mixin.py:188} INFO - [2025-07-11T09:47:20.722+0000] {dag.py:3036} INFO - Sync 1 DAGs
[2025-07-11T09:47:20.759+0000] {logging_mixin.py:188} INFO - [2025-07-11T09:47:20.759+0000] {dag.py:3823} INFO - Setting next_dagrun for example_bash_operator to 2025-07-10 00:00:00+00:00, run_after=2025-07-11 00:00:00+00:00
[2025-07-11T09:47:20.787+0000] {processor.py:183} INFO - Processing /home/airflow/.local/lib/python3.8/site-packages/airflow/example_dags/example_bash_operator.py took 0.129 seconds
[2025-07-11T09:47:51.075+0000] {processor.py:161} INFO - Started process (PID=1505) to work on /home/airflow/.local/lib/python3.8/site-packages/airflow/example_dags/example_bash_operator.py
[2025-07-11T09:47:51.077+0000] {processor.py:830} INFO - Processing file /home/airflow/.local/lib/python3.8/site-packages/airflow/example_dags/example_bash_operator.py for tasks to queue
[2025-07-11T09:47:51.080+0000] {logging_mixin.py:188} INFO - [2025-07-11T09:47:51.079+0000] {dagbag.py:538} INFO - Filling up the DagBag from /home/airflow/.local/lib/python3.8/site-packages/airflow/example_dags/example_bash_operator.py
[2025-07-11T09:47:51.096+0000] {processor.py:840} INFO - DAG(s) 'example_bash_operator' retrieved from /home/airflow/.local/lib/python3.8/site-packages/airflow/example_dags/example_bash_operator.py
[2025-07-11T09:47:51.137+0000] {logging_mixin.py:188} INFO - [2025-07-11T09:47:51.137+0000] {dag.py:3036} INFO - Sync 1 DAGs
[2025-07-11T09:47:51.169+0000] {logging_mixin.py:188} INFO - [2025-07-11T09:47:51.169+0000] {dag.py:3823} INFO - Setting next_dagrun for example_bash_operator to 2025-07-10 00:00:00+00:00, run_after=2025-07-11 00:00:00+00:00
[2025-07-11T09:47:51.199+0000] {processor.py:183} INFO - Processing /home/airflow/.local/lib/python3.8/site-packages/airflow/example_dags/example_bash_operator.py took 0.128 seconds
[2025-07-11T09:48:21.931+0000] {processor.py:161} INFO - Started process (PID=1560) to work on /home/airflow/.local/lib/python3.8/site-packages/airflow/example_dags/example_bash_operator.py
[2025-07-11T09:48:21.934+0000] {processor.py:830} INFO - Processing file /home/airflow/.local/lib/python3.8/site-packages/airflow/example_dags/example_bash_operator.py for tasks to queue
[2025-07-11T09:48:21.936+0000] {logging_mixin.py:188} INFO - [2025-07-11T09:48:21.935+0000] {dagbag.py:538} INFO - Filling up the DagBag from /home/airflow/.local/lib/python3.8/site-packages/airflow/example_dags/example_bash_operator.py
[2025-07-11T09:48:21.958+0000] {processor.py:840} INFO - DAG(s) 'example_bash_operator' retrieved from /home/airflow/.local/lib/python3.8/site-packages/airflow/example_dags/example_bash_operator.py
[2025-07-11T09:48:22.009+0000] {logging_mixin.py:188} INFO - [2025-07-11T09:48:22.008+0000] {dag.py:3036} INFO - Sync 1 DAGs
[2025-07-11T09:48:22.041+0000] {logging_mixin.py:188} INFO - [2025-07-11T09:48:22.041+0000] {dag.py:3823} INFO - Setting next_dagrun for example_bash_operator to 2025-07-10 00:00:00+00:00, run_after=2025-07-11 00:00:00+00:00
[2025-07-11T09:48:22.071+0000] {processor.py:183} INFO - Processing /home/airflow/.local/lib/python3.8/site-packages/airflow/example_dags/example_bash_operator.py took 0.144 seconds
[2025-07-11T09:48:52.388+0000] {processor.py:161} INFO - Started process (PID=1615) to work on /home/airflow/.local/lib/python3.8/site-packages/airflow/example_dags/example_bash_operator.py
[2025-07-11T09:48:52.391+0000] {processor.py:830} INFO - Processing file /home/airflow/.local/lib/python3.8/site-packages/airflow/example_dags/example_bash_operator.py for tasks to queue
[2025-07-11T09:48:52.394+0000] {logging_mixin.py:188} INFO - [2025-07-11T09:48:52.393+0000] {dagbag.py:538} INFO - Filling up the DagBag from /home/airflow/.local/lib/python3.8/site-packages/airflow/example_dags/example_bash_operator.py
[2025-07-11T09:48:52.413+0000] {processor.py:840} INFO - DAG(s) 'example_bash_operator' retrieved from /home/airflow/.local/lib/python3.8/site-packages/airflow/example_dags/example_bash_operator.py
[2025-07-11T09:48:52.461+0000] {logging_mixin.py:188} INFO - [2025-07-11T09:48:52.461+0000] {dag.py:3036} INFO - Sync 1 DAGs
[2025-07-11T09:48:52.502+0000] {logging_mixin.py:188} INFO - [2025-07-11T09:48:52.501+0000] {dag.py:3823} INFO - Setting next_dagrun for example_bash_operator to 2025-07-10 00:00:00+00:00, run_after=2025-07-11 00:00:00+00:00
[2025-07-11T09:48:52.541+0000] {processor.py:183} INFO - Processing /home/airflow/.local/lib/python3.8/site-packages/airflow/example_dags/example_bash_operator.py took 0.159 seconds
[2025-07-11T09:49:22.961+0000] {processor.py:161} INFO - Started process (PID=1670) to work on /home/airflow/.local/lib/python3.8/site-packages/airflow/example_dags/example_bash_operator.py
[2025-07-11T09:49:22.963+0000] {processor.py:830} INFO - Processing file /home/airflow/.local/lib/python3.8/site-packages/airflow/example_dags/example_bash_operator.py for tasks to queue
[2025-07-11T09:49:22.965+0000] {logging_mixin.py:188} INFO - [2025-07-11T09:49:22.965+0000] {dagbag.py:538} INFO - Filling up the DagBag from /home/airflow/.local/lib/python3.8/site-packages/airflow/example_dags/example_bash_operator.py
[2025-07-11T09:49:22.982+0000] {processor.py:840} INFO - DAG(s) 'example_bash_operator' retrieved from /home/airflow/.local/lib/python3.8/site-packages/airflow/example_dags/example_bash_operator.py
[2025-07-11T09:49:23.029+0000] {logging_mixin.py:188} INFO - [2025-07-11T09:49:23.029+0000] {dag.py:3036} INFO - Sync 1 DAGs
[2025-07-11T09:49:23.069+0000] {logging_mixin.py:188} INFO - [2025-07-11T09:49:23.068+0000] {dag.py:3823} INFO - Setting next_dagrun for example_bash_operator to 2025-07-10 00:00:00+00:00, run_after=2025-07-11 00:00:00+00:00
[2025-07-11T09:49:23.101+0000] {processor.py:183} INFO - Processing /home/airflow/.local/lib/python3.8/site-packages/airflow/example_dags/example_bash_operator.py took 0.146 seconds
[2025-07-11T09:49:53.424+0000] {processor.py:161} INFO - Started process (PID=1725) to work on /home/airflow/.local/lib/python3.8/site-packages/airflow/example_dags/example_bash_operator.py
[2025-07-11T09:49:53.426+0000] {processor.py:830} INFO - Processing file /home/airflow/.local/lib/python3.8/site-packages/airflow/example_dags/example_bash_operator.py for tasks to queue
[2025-07-11T09:49:53.428+0000] {logging_mixin.py:188} INFO - [2025-07-11T09:49:53.428+0000] {dagbag.py:538} INFO - Filling up the DagBag from /home/airflow/.local/lib/python3.8/site-packages/airflow/example_dags/example_bash_operator.py
[2025-07-11T09:49:53.445+0000] {processor.py:840} INFO - DAG(s) 'example_bash_operator' retrieved from /home/airflow/.local/lib/python3.8/site-packages/airflow/example_dags/example_bash_operator.py
[2025-07-11T09:49:53.487+0000] {logging_mixin.py:188} INFO - [2025-07-11T09:49:53.487+0000] {dag.py:3036} INFO - Sync 1 DAGs
[2025-07-11T09:49:53.520+0000] {logging_mixin.py:188} INFO - [2025-07-11T09:49:53.520+0000] {dag.py:3823} INFO - Setting next_dagrun for example_bash_operator to 2025-07-10 00:00:00+00:00, run_after=2025-07-11 00:00:00+00:00
[2025-07-11T09:49:53.548+0000] {processor.py:183} INFO - Processing /home/airflow/.local/lib/python3.8/site-packages/airflow/example_dags/example_bash_operator.py took 0.129 seconds
[2025-07-11T09:50:24.198+0000] {processor.py:161} INFO - Started process (PID=1780) to work on /home/airflow/.local/lib/python3.8/site-packages/airflow/example_dags/example_bash_operator.py
[2025-07-11T09:50:24.199+0000] {processor.py:830} INFO - Processing file /home/airflow/.local/lib/python3.8/site-packages/airflow/example_dags/example_bash_operator.py for tasks to queue
[2025-07-11T09:50:24.202+0000] {logging_mixin.py:188} INFO - [2025-07-11T09:50:24.201+0000] {dagbag.py:538} INFO - Filling up the DagBag from /home/airflow/.local/lib/python3.8/site-packages/airflow/example_dags/example_bash_operator.py
[2025-07-11T09:50:24.217+0000] {processor.py:840} INFO - DAG(s) 'example_bash_operator' retrieved from /home/airflow/.local/lib/python3.8/site-packages/airflow/example_dags/example_bash_operator.py
[2025-07-11T09:50:24.259+0000] {logging_mixin.py:188} INFO - [2025-07-11T09:50:24.259+0000] {dag.py:3036} INFO - Sync 1 DAGs
[2025-07-11T09:50:24.295+0000] {logging_mixin.py:188} INFO - [2025-07-11T09:50:24.294+0000] {dag.py:3823} INFO - Setting next_dagrun for example_bash_operator to 2025-07-10 00:00:00+00:00, run_after=2025-07-11 00:00:00+00:00
[2025-07-11T09:50:24.326+0000] {processor.py:183} INFO - Processing /home/airflow/.local/lib/python3.8/site-packages/airflow/example_dags/example_bash_operator.py took 0.133 seconds
[2025-07-11T09:50:55.172+0000] {processor.py:161} INFO - Started process (PID=1835) to work on /home/airflow/.local/lib/python3.8/site-packages/airflow/example_dags/example_bash_operator.py
[2025-07-11T09:50:55.174+0000] {processor.py:830} INFO - Processing file /home/airflow/.local/lib/python3.8/site-packages/airflow/example_dags/example_bash_operator.py for tasks to queue
[2025-07-11T09:50:55.178+0000] {logging_mixin.py:188} INFO - [2025-07-11T09:50:55.177+0000] {dagbag.py:538} INFO - Filling up the DagBag from /home/airflow/.local/lib/python3.8/site-packages/airflow/example_dags/example_bash_operator.py
[2025-07-11T09:50:55.199+0000] {processor.py:840} INFO - DAG(s) 'example_bash_operator' retrieved from /home/airflow/.local/lib/python3.8/site-packages/airflow/example_dags/example_bash_operator.py
[2025-07-11T09:50:55.243+0000] {logging_mixin.py:188} INFO - [2025-07-11T09:50:55.243+0000] {dag.py:3036} INFO - Sync 1 DAGs
[2025-07-11T09:50:55.276+0000] {logging_mixin.py:188} INFO - [2025-07-11T09:50:55.276+0000] {dag.py:3823} INFO - Setting next_dagrun for example_bash_operator to 2025-07-10 00:00:00+00:00, run_after=2025-07-11 00:00:00+00:00
[2025-07-11T09:50:55.309+0000] {processor.py:183} INFO - Processing /home/airflow/.local/lib/python3.8/site-packages/airflow/example_dags/example_bash_operator.py took 0.142 seconds
[2025-07-11T09:51:25.618+0000] {processor.py:161} INFO - Started process (PID=1890) to work on /home/airflow/.local/lib/python3.8/site-packages/airflow/example_dags/example_bash_operator.py
[2025-07-11T09:51:25.620+0000] {processor.py:830} INFO - Processing file /home/airflow/.local/lib/python3.8/site-packages/airflow/example_dags/example_bash_operator.py for tasks to queue
[2025-07-11T09:51:25.624+0000] {logging_mixin.py:188} INFO - [2025-07-11T09:51:25.623+0000] {dagbag.py:538} INFO - Filling up the DagBag from /home/airflow/.local/lib/python3.8/site-packages/airflow/example_dags/example_bash_operator.py
[2025-07-11T09:51:25.643+0000] {processor.py:840} INFO - DAG(s) 'example_bash_operator' retrieved from /home/airflow/.local/lib/python3.8/site-packages/airflow/example_dags/example_bash_operator.py
[2025-07-11T09:51:25.693+0000] {logging_mixin.py:188} INFO - [2025-07-11T09:51:25.692+0000] {dag.py:3036} INFO - Sync 1 DAGs
[2025-07-11T09:51:25.735+0000] {logging_mixin.py:188} INFO - [2025-07-11T09:51:25.734+0000] {dag.py:3823} INFO - Setting next_dagrun for example_bash_operator to 2025-07-10 00:00:00+00:00, run_after=2025-07-11 00:00:00+00:00
[2025-07-11T09:51:25.766+0000] {processor.py:183} INFO - Processing /home/airflow/.local/lib/python3.8/site-packages/airflow/example_dags/example_bash_operator.py took 0.153 seconds
[2025-07-11T09:51:56.351+0000] {processor.py:161} INFO - Started process (PID=1945) to work on /home/airflow/.local/lib/python3.8/site-packages/airflow/example_dags/example_bash_operator.py
[2025-07-11T09:51:56.352+0000] {processor.py:830} INFO - Processing file /home/airflow/.local/lib/python3.8/site-packages/airflow/example_dags/example_bash_operator.py for tasks to queue
[2025-07-11T09:51:56.355+0000] {logging_mixin.py:188} INFO - [2025-07-11T09:51:56.354+0000] {dagbag.py:538} INFO - Filling up the DagBag from /home/airflow/.local/lib/python3.8/site-packages/airflow/example_dags/example_bash_operator.py
[2025-07-11T09:51:56.371+0000] {processor.py:840} INFO - DAG(s) 'example_bash_operator' retrieved from /home/airflow/.local/lib/python3.8/site-packages/airflow/example_dags/example_bash_operator.py
[2025-07-11T09:51:56.416+0000] {logging_mixin.py:188} INFO - [2025-07-11T09:51:56.415+0000] {dag.py:3036} INFO - Sync 1 DAGs
[2025-07-11T09:51:56.458+0000] {logging_mixin.py:188} INFO - [2025-07-11T09:51:56.458+0000] {dag.py:3823} INFO - Setting next_dagrun for example_bash_operator to 2025-07-10 00:00:00+00:00, run_after=2025-07-11 00:00:00+00:00
[2025-07-11T09:51:56.492+0000] {processor.py:183} INFO - Processing /home/airflow/.local/lib/python3.8/site-packages/airflow/example_dags/example_bash_operator.py took 0.146 seconds
[2025-07-11T09:52:27.007+0000] {processor.py:161} INFO - Started process (PID=2000) to work on /home/airflow/.local/lib/python3.8/site-packages/airflow/example_dags/example_bash_operator.py
[2025-07-11T09:52:27.009+0000] {processor.py:830} INFO - Processing file /home/airflow/.local/lib/python3.8/site-packages/airflow/example_dags/example_bash_operator.py for tasks to queue
[2025-07-11T09:52:27.012+0000] {logging_mixin.py:188} INFO - [2025-07-11T09:52:27.012+0000] {dagbag.py:538} INFO - Filling up the DagBag from /home/airflow/.local/lib/python3.8/site-packages/airflow/example_dags/example_bash_operator.py
[2025-07-11T09:52:27.030+0000] {processor.py:840} INFO - DAG(s) 'example_bash_operator' retrieved from /home/airflow/.local/lib/python3.8/site-packages/airflow/example_dags/example_bash_operator.py
[2025-07-11T09:52:27.084+0000] {logging_mixin.py:188} INFO - [2025-07-11T09:52:27.084+0000] {dag.py:3036} INFO - Sync 1 DAGs
[2025-07-11T09:52:27.127+0000] {logging_mixin.py:188} INFO - [2025-07-11T09:52:27.127+0000] {dag.py:3823} INFO - Setting next_dagrun for example_bash_operator to 2025-07-10 00:00:00+00:00, run_after=2025-07-11 00:00:00+00:00
[2025-07-11T09:52:27.171+0000] {processor.py:183} INFO - Processing /home/airflow/.local/lib/python3.8/site-packages/airflow/example_dags/example_bash_operator.py took 0.168 seconds
[2025-07-11T09:52:57.205+0000] {processor.py:161} INFO - Started process (PID=2055) to work on /home/airflow/.local/lib/python3.8/site-packages/airflow/example_dags/example_bash_operator.py
[2025-07-11T09:52:57.206+0000] {processor.py:830} INFO - Processing file /home/airflow/.local/lib/python3.8/site-packages/airflow/example_dags/example_bash_operator.py for tasks to queue
[2025-07-11T09:52:57.208+0000] {logging_mixin.py:188} INFO - [2025-07-11T09:52:57.208+0000] {dagbag.py:538} INFO - Filling up the DagBag from /home/airflow/.local/lib/python3.8/site-packages/airflow/example_dags/example_bash_operator.py
[2025-07-11T09:52:57.224+0000] {processor.py:840} INFO - DAG(s) 'example_bash_operator' retrieved from /home/airflow/.local/lib/python3.8/site-packages/airflow/example_dags/example_bash_operator.py
[2025-07-11T09:52:57.263+0000] {logging_mixin.py:188} INFO - [2025-07-11T09:52:57.263+0000] {dag.py:3036} INFO - Sync 1 DAGs
[2025-07-11T09:52:57.295+0000] {logging_mixin.py:188} INFO - [2025-07-11T09:52:57.295+0000] {dag.py:3823} INFO - Setting next_dagrun for example_bash_operator to 2025-07-10 00:00:00+00:00, run_after=2025-07-11 00:00:00+00:00
[2025-07-11T09:52:57.323+0000] {processor.py:183} INFO - Processing /home/airflow/.local/lib/python3.8/site-packages/airflow/example_dags/example_bash_operator.py took 0.122 seconds
[2025-07-11T09:53:27.776+0000] {processor.py:161} INFO - Started process (PID=2110) to work on /home/airflow/.local/lib/python3.8/site-packages/airflow/example_dags/example_bash_operator.py
[2025-07-11T09:53:27.778+0000] {processor.py:830} INFO - Processing file /home/airflow/.local/lib/python3.8/site-packages/airflow/example_dags/example_bash_operator.py for tasks to queue
[2025-07-11T09:53:27.780+0000] {logging_mixin.py:188} INFO - [2025-07-11T09:53:27.780+0000] {dagbag.py:538} INFO - Filling up the DagBag from /home/airflow/.local/lib/python3.8/site-packages/airflow/example_dags/example_bash_operator.py
[2025-07-11T09:53:27.802+0000] {processor.py:840} INFO - DAG(s) 'example_bash_operator' retrieved from /home/airflow/.local/lib/python3.8/site-packages/airflow/example_dags/example_bash_operator.py
[2025-07-11T09:53:27.845+0000] {logging_mixin.py:188} INFO - [2025-07-11T09:53:27.845+0000] {dag.py:3036} INFO - Sync 1 DAGs
[2025-07-11T09:53:27.876+0000] {logging_mixin.py:188} INFO - [2025-07-11T09:53:27.875+0000] {dag.py:3823} INFO - Setting next_dagrun for example_bash_operator to 2025-07-10 00:00:00+00:00, run_after=2025-07-11 00:00:00+00:00
[2025-07-11T09:53:27.907+0000] {processor.py:183} INFO - Processing /home/airflow/.local/lib/python3.8/site-packages/airflow/example_dags/example_bash_operator.py took 0.134 seconds
[2025-07-11T09:53:58.405+0000] {processor.py:161} INFO - Started process (PID=2165) to work on /home/airflow/.local/lib/python3.8/site-packages/airflow/example_dags/example_bash_operator.py
[2025-07-11T09:53:58.406+0000] {processor.py:830} INFO - Processing file /home/airflow/.local/lib/python3.8/site-packages/airflow/example_dags/example_bash_operator.py for tasks to queue
[2025-07-11T09:53:58.409+0000] {logging_mixin.py:188} INFO - [2025-07-11T09:53:58.409+0000] {dagbag.py:538} INFO - Filling up the DagBag from /home/airflow/.local/lib/python3.8/site-packages/airflow/example_dags/example_bash_operator.py
[2025-07-11T09:53:58.425+0000] {processor.py:840} INFO - DAG(s) 'example_bash_operator' retrieved from /home/airflow/.local/lib/python3.8/site-packages/airflow/example_dags/example_bash_operator.py
[2025-07-11T09:53:58.468+0000] {logging_mixin.py:188} INFO - [2025-07-11T09:53:58.468+0000] {dag.py:3036} INFO - Sync 1 DAGs
[2025-07-11T09:53:58.505+0000] {logging_mixin.py:188} INFO - [2025-07-11T09:53:58.504+0000] {dag.py:3823} INFO - Setting next_dagrun for example_bash_operator to 2025-07-10 00:00:00+00:00, run_after=2025-07-11 00:00:00+00:00
[2025-07-11T09:53:58.538+0000] {processor.py:183} INFO - Processing /home/airflow/.local/lib/python3.8/site-packages/airflow/example_dags/example_bash_operator.py took 0.137 seconds
[2025-07-11T09:54:28.939+0000] {processor.py:161} INFO - Started process (PID=2220) to work on /home/airflow/.local/lib/python3.8/site-packages/airflow/example_dags/example_bash_operator.py
[2025-07-11T09:54:28.941+0000] {processor.py:830} INFO - Processing file /home/airflow/.local/lib/python3.8/site-packages/airflow/example_dags/example_bash_operator.py for tasks to queue
[2025-07-11T09:54:28.943+0000] {logging_mixin.py:188} INFO - [2025-07-11T09:54:28.943+0000] {dagbag.py:538} INFO - Filling up the DagBag from /home/airflow/.local/lib/python3.8/site-packages/airflow/example_dags/example_bash_operator.py
[2025-07-11T09:54:28.963+0000] {processor.py:840} INFO - DAG(s) 'example_bash_operator' retrieved from /home/airflow/.local/lib/python3.8/site-packages/airflow/example_dags/example_bash_operator.py
[2025-07-11T09:54:29.021+0000] {logging_mixin.py:188} INFO - [2025-07-11T09:54:29.020+0000] {dag.py:3036} INFO - Sync 1 DAGs
[2025-07-11T09:54:29.059+0000] {logging_mixin.py:188} INFO - [2025-07-11T09:54:29.059+0000] {dag.py:3823} INFO - Setting next_dagrun for example_bash_operator to 2025-07-10 00:00:00+00:00, run_after=2025-07-11 00:00:00+00:00
[2025-07-11T09:54:29.094+0000] {processor.py:183} INFO - Processing /home/airflow/.local/lib/python3.8/site-packages/airflow/example_dags/example_bash_operator.py took 0.160 seconds
