[2025-07-11T09:24:53.117+0000] {processor.py:161} INFO - Started process (PID=81) to work on /home/airflow/.local/lib/python3.8/site-packages/airflow/example_dags/example_branch_python_dop_operator_3.py
[2025-07-11T09:24:53.118+0000] {processor.py:830} INFO - Processing file /home/airflow/.local/lib/python3.8/site-packages/airflow/example_dags/example_branch_python_dop_operator_3.py for tasks to queue
[2025-07-11T09:24:53.120+0000] {logging_mixin.py:188} INFO - [2025-07-11T09:24:53.120+0000] {dagbag.py:538} INFO - Filling up the DagBag from /home/airflow/.local/lib/python3.8/site-packages/airflow/example_dags/example_branch_python_dop_operator_3.py
[2025-07-11T09:24:53.135+0000] {processor.py:840} INFO - DAG(s) 'example_branch_dop_operator_v3' retrieved from /home/airflow/.local/lib/python3.8/site-packages/airflow/example_dags/example_branch_python_dop_operator_3.py
[2025-07-11T09:24:53.350+0000] {logging_mixin.py:188} INFO - [2025-07-11T09:24:53.349+0000] {override.py:1769} INFO - Created Permission View: can edit on DAG:example_branch_dop_operator_v3
[2025-07-11T09:24:53.376+0000] {logging_mixin.py:188} INFO - [2025-07-11T09:24:53.376+0000] {override.py:1769} INFO - Created Permission View: can delete on DAG:example_branch_dop_operator_v3
[2025-07-11T09:24:53.394+0000] {logging_mixin.py:188} INFO - [2025-07-11T09:24:53.393+0000] {override.py:1769} INFO - Created Permission View: can read on DAG:example_branch_dop_operator_v3
[2025-07-11T09:24:53.395+0000] {logging_mixin.py:188} INFO - [2025-07-11T09:24:53.394+0000] {dag.py:3036} INFO - Sync 1 DAGs
[2025-07-11T09:24:53.412+0000] {logging_mixin.py:188} INFO - [2025-07-11T09:24:53.412+0000] {dag.py:3058} INFO - Creating ORM DAG for example_branch_dop_operator_v3
[2025-07-11T09:24:53.447+0000] {logging_mixin.py:188} INFO - [2025-07-11T09:24:53.447+0000] {dag.py:3823} INFO - Setting next_dagrun for example_branch_dop_operator_v3 to 2025-07-11 09:23:00+00:00, run_after=2025-07-11 09:24:00+00:00
[2025-07-11T09:24:53.481+0000] {processor.py:183} INFO - Processing /home/airflow/.local/lib/python3.8/site-packages/airflow/example_dags/example_branch_python_dop_operator_3.py took 0.369 seconds
[2025-07-11T09:25:23.844+0000] {processor.py:161} INFO - Started process (PID=136) to work on /home/airflow/.local/lib/python3.8/site-packages/airflow/example_dags/example_branch_python_dop_operator_3.py
[2025-07-11T09:25:23.846+0000] {processor.py:830} INFO - Processing file /home/airflow/.local/lib/python3.8/site-packages/airflow/example_dags/example_branch_python_dop_operator_3.py for tasks to queue
[2025-07-11T09:25:23.848+0000] {logging_mixin.py:188} INFO - [2025-07-11T09:25:23.848+0000] {dagbag.py:538} INFO - Filling up the DagBag from /home/airflow/.local/lib/python3.8/site-packages/airflow/example_dags/example_branch_python_dop_operator_3.py
[2025-07-11T09:25:23.861+0000] {processor.py:840} INFO - DAG(s) 'example_branch_dop_operator_v3' retrieved from /home/airflow/.local/lib/python3.8/site-packages/airflow/example_dags/example_branch_python_dop_operator_3.py
[2025-07-11T09:25:23.889+0000] {logging_mixin.py:188} INFO - [2025-07-11T09:25:23.889+0000] {dag.py:3036} INFO - Sync 1 DAGs
[2025-07-11T09:25:23.926+0000] {logging_mixin.py:188} INFO - [2025-07-11T09:25:23.926+0000] {dag.py:3823} INFO - Setting next_dagrun for example_branch_dop_operator_v3 to 2025-07-11 09:24:00+00:00, run_after=2025-07-11 09:25:00+00:00
[2025-07-11T09:25:23.956+0000] {processor.py:183} INFO - Processing /home/airflow/.local/lib/python3.8/site-packages/airflow/example_dags/example_branch_python_dop_operator_3.py took 0.117 seconds
[2025-07-11T09:25:54.178+0000] {processor.py:161} INFO - Started process (PID=191) to work on /home/airflow/.local/lib/python3.8/site-packages/airflow/example_dags/example_branch_python_dop_operator_3.py
[2025-07-11T09:25:54.180+0000] {processor.py:830} INFO - Processing file /home/airflow/.local/lib/python3.8/site-packages/airflow/example_dags/example_branch_python_dop_operator_3.py for tasks to queue
[2025-07-11T09:25:54.182+0000] {logging_mixin.py:188} INFO - [2025-07-11T09:25:54.182+0000] {dagbag.py:538} INFO - Filling up the DagBag from /home/airflow/.local/lib/python3.8/site-packages/airflow/example_dags/example_branch_python_dop_operator_3.py
[2025-07-11T09:25:54.194+0000] {processor.py:840} INFO - DAG(s) 'example_branch_dop_operator_v3' retrieved from /home/airflow/.local/lib/python3.8/site-packages/airflow/example_dags/example_branch_python_dop_operator_3.py
[2025-07-11T09:25:54.223+0000] {logging_mixin.py:188} INFO - [2025-07-11T09:25:54.223+0000] {dag.py:3036} INFO - Sync 1 DAGs
[2025-07-11T09:25:54.260+0000] {logging_mixin.py:188} INFO - [2025-07-11T09:25:54.259+0000] {dag.py:3823} INFO - Setting next_dagrun for example_branch_dop_operator_v3 to 2025-07-11 09:24:00+00:00, run_after=2025-07-11 09:25:00+00:00
[2025-07-11T09:25:54.289+0000] {processor.py:183} INFO - Processing /home/airflow/.local/lib/python3.8/site-packages/airflow/example_dags/example_branch_python_dop_operator_3.py took 0.115 seconds
[2025-07-11T09:26:24.390+0000] {processor.py:161} INFO - Started process (PID=246) to work on /home/airflow/.local/lib/python3.8/site-packages/airflow/example_dags/example_branch_python_dop_operator_3.py
[2025-07-11T09:26:24.392+0000] {processor.py:830} INFO - Processing file /home/airflow/.local/lib/python3.8/site-packages/airflow/example_dags/example_branch_python_dop_operator_3.py for tasks to queue
[2025-07-11T09:26:24.395+0000] {logging_mixin.py:188} INFO - [2025-07-11T09:26:24.395+0000] {dagbag.py:538} INFO - Filling up the DagBag from /home/airflow/.local/lib/python3.8/site-packages/airflow/example_dags/example_branch_python_dop_operator_3.py
[2025-07-11T09:26:24.409+0000] {processor.py:840} INFO - DAG(s) 'example_branch_dop_operator_v3' retrieved from /home/airflow/.local/lib/python3.8/site-packages/airflow/example_dags/example_branch_python_dop_operator_3.py
[2025-07-11T09:26:24.442+0000] {logging_mixin.py:188} INFO - [2025-07-11T09:26:24.442+0000] {dag.py:3036} INFO - Sync 1 DAGs
[2025-07-11T09:26:24.496+0000] {logging_mixin.py:188} INFO - [2025-07-11T09:26:24.496+0000] {dag.py:3823} INFO - Setting next_dagrun for example_branch_dop_operator_v3 to 2025-07-11 09:25:00+00:00, run_after=2025-07-11 09:26:00+00:00
[2025-07-11T09:26:24.533+0000] {processor.py:183} INFO - Processing /home/airflow/.local/lib/python3.8/site-packages/airflow/example_dags/example_branch_python_dop_operator_3.py took 0.149 seconds
[2025-07-11T09:26:54.925+0000] {processor.py:161} INFO - Started process (PID=301) to work on /home/airflow/.local/lib/python3.8/site-packages/airflow/example_dags/example_branch_python_dop_operator_3.py
[2025-07-11T09:26:54.927+0000] {processor.py:830} INFO - Processing file /home/airflow/.local/lib/python3.8/site-packages/airflow/example_dags/example_branch_python_dop_operator_3.py for tasks to queue
[2025-07-11T09:26:54.929+0000] {logging_mixin.py:188} INFO - [2025-07-11T09:26:54.929+0000] {dagbag.py:538} INFO - Filling up the DagBag from /home/airflow/.local/lib/python3.8/site-packages/airflow/example_dags/example_branch_python_dop_operator_3.py
[2025-07-11T09:26:54.945+0000] {processor.py:840} INFO - DAG(s) 'example_branch_dop_operator_v3' retrieved from /home/airflow/.local/lib/python3.8/site-packages/airflow/example_dags/example_branch_python_dop_operator_3.py
[2025-07-11T09:26:54.975+0000] {logging_mixin.py:188} INFO - [2025-07-11T09:26:54.974+0000] {dag.py:3036} INFO - Sync 1 DAGs
[2025-07-11T09:26:55.014+0000] {logging_mixin.py:188} INFO - [2025-07-11T09:26:55.014+0000] {dag.py:3823} INFO - Setting next_dagrun for example_branch_dop_operator_v3 to 2025-07-11 09:25:00+00:00, run_after=2025-07-11 09:26:00+00:00
[2025-07-11T09:26:55.050+0000] {processor.py:183} INFO - Processing /home/airflow/.local/lib/python3.8/site-packages/airflow/example_dags/example_branch_python_dop_operator_3.py took 0.129 seconds
[2025-07-11T09:28:21.849+0000] {processor.py:161} INFO - Started process (PID=75) to work on /home/airflow/.local/lib/python3.8/site-packages/airflow/example_dags/example_branch_python_dop_operator_3.py
[2025-07-11T09:28:21.852+0000] {processor.py:830} INFO - Processing file /home/airflow/.local/lib/python3.8/site-packages/airflow/example_dags/example_branch_python_dop_operator_3.py for tasks to queue
[2025-07-11T09:28:21.856+0000] {logging_mixin.py:188} INFO - [2025-07-11T09:28:21.855+0000] {dagbag.py:538} INFO - Filling up the DagBag from /home/airflow/.local/lib/python3.8/site-packages/airflow/example_dags/example_branch_python_dop_operator_3.py
[2025-07-11T09:28:21.875+0000] {processor.py:840} INFO - DAG(s) 'example_branch_dop_operator_v3' retrieved from /home/airflow/.local/lib/python3.8/site-packages/airflow/example_dags/example_branch_python_dop_operator_3.py
[2025-07-11T09:28:22.099+0000] {logging_mixin.py:188} INFO - [2025-07-11T09:28:22.098+0000] {override.py:1769} INFO - Created Permission View: can read on DAG:example_branch_dop_operator_v3
[2025-07-11T09:28:22.122+0000] {logging_mixin.py:188} INFO - [2025-07-11T09:28:22.121+0000] {override.py:1769} INFO - Created Permission View: can delete on DAG:example_branch_dop_operator_v3
[2025-07-11T09:28:22.141+0000] {logging_mixin.py:188} INFO - [2025-07-11T09:28:22.140+0000] {override.py:1769} INFO - Created Permission View: can edit on DAG:example_branch_dop_operator_v3
[2025-07-11T09:28:22.142+0000] {logging_mixin.py:188} INFO - [2025-07-11T09:28:22.141+0000] {dag.py:3036} INFO - Sync 1 DAGs
[2025-07-11T09:28:22.161+0000] {logging_mixin.py:188} INFO - [2025-07-11T09:28:22.161+0000] {dag.py:3058} INFO - Creating ORM DAG for example_branch_dop_operator_v3
[2025-07-11T09:28:22.185+0000] {logging_mixin.py:188} INFO - [2025-07-11T09:28:22.185+0000] {dag.py:3823} INFO - Setting next_dagrun for example_branch_dop_operator_v3 to 2025-07-11 09:27:00+00:00, run_after=2025-07-11 09:28:00+00:00
[2025-07-11T09:28:22.221+0000] {processor.py:183} INFO - Processing /home/airflow/.local/lib/python3.8/site-packages/airflow/example_dags/example_branch_python_dop_operator_3.py took 0.381 seconds
[2025-07-11T09:28:52.483+0000] {processor.py:161} INFO - Started process (PID=131) to work on /home/airflow/.local/lib/python3.8/site-packages/airflow/example_dags/example_branch_python_dop_operator_3.py
[2025-07-11T09:28:52.487+0000] {processor.py:830} INFO - Processing file /home/airflow/.local/lib/python3.8/site-packages/airflow/example_dags/example_branch_python_dop_operator_3.py for tasks to queue
[2025-07-11T09:28:52.490+0000] {logging_mixin.py:188} INFO - [2025-07-11T09:28:52.489+0000] {dagbag.py:538} INFO - Filling up the DagBag from /home/airflow/.local/lib/python3.8/site-packages/airflow/example_dags/example_branch_python_dop_operator_3.py
[2025-07-11T09:28:52.506+0000] {processor.py:840} INFO - DAG(s) 'example_branch_dop_operator_v3' retrieved from /home/airflow/.local/lib/python3.8/site-packages/airflow/example_dags/example_branch_python_dop_operator_3.py
[2025-07-11T09:28:52.533+0000] {logging_mixin.py:188} INFO - [2025-07-11T09:28:52.532+0000] {dag.py:3036} INFO - Sync 1 DAGs
[2025-07-11T09:28:52.572+0000] {logging_mixin.py:188} INFO - [2025-07-11T09:28:52.572+0000] {dag.py:3823} INFO - Setting next_dagrun for example_branch_dop_operator_v3 to 2025-07-11 09:27:00+00:00, run_after=2025-07-11 09:28:00+00:00
[2025-07-11T09:28:52.603+0000] {processor.py:183} INFO - Processing /home/airflow/.local/lib/python3.8/site-packages/airflow/example_dags/example_branch_python_dop_operator_3.py took 0.125 seconds
[2025-07-11T09:29:23.087+0000] {processor.py:161} INFO - Started process (PID=186) to work on /home/airflow/.local/lib/python3.8/site-packages/airflow/example_dags/example_branch_python_dop_operator_3.py
[2025-07-11T09:29:23.089+0000] {processor.py:830} INFO - Processing file /home/airflow/.local/lib/python3.8/site-packages/airflow/example_dags/example_branch_python_dop_operator_3.py for tasks to queue
[2025-07-11T09:29:23.091+0000] {logging_mixin.py:188} INFO - [2025-07-11T09:29:23.091+0000] {dagbag.py:538} INFO - Filling up the DagBag from /home/airflow/.local/lib/python3.8/site-packages/airflow/example_dags/example_branch_python_dop_operator_3.py
[2025-07-11T09:29:23.103+0000] {processor.py:840} INFO - DAG(s) 'example_branch_dop_operator_v3' retrieved from /home/airflow/.local/lib/python3.8/site-packages/airflow/example_dags/example_branch_python_dop_operator_3.py
[2025-07-11T09:29:23.131+0000] {logging_mixin.py:188} INFO - [2025-07-11T09:29:23.130+0000] {dag.py:3036} INFO - Sync 1 DAGs
[2025-07-11T09:29:23.167+0000] {logging_mixin.py:188} INFO - [2025-07-11T09:29:23.167+0000] {dag.py:3823} INFO - Setting next_dagrun for example_branch_dop_operator_v3 to 2025-07-11 09:28:00+00:00, run_after=2025-07-11 09:29:00+00:00
[2025-07-11T09:29:23.196+0000] {processor.py:183} INFO - Processing /home/airflow/.local/lib/python3.8/site-packages/airflow/example_dags/example_branch_python_dop_operator_3.py took 0.113 seconds
[2025-07-11T09:29:53.447+0000] {processor.py:161} INFO - Started process (PID=247) to work on /home/airflow/.local/lib/python3.8/site-packages/airflow/example_dags/example_branch_python_dop_operator_3.py
[2025-07-11T09:29:53.449+0000] {processor.py:830} INFO - Processing file /home/airflow/.local/lib/python3.8/site-packages/airflow/example_dags/example_branch_python_dop_operator_3.py for tasks to queue
[2025-07-11T09:29:53.451+0000] {logging_mixin.py:188} INFO - [2025-07-11T09:29:53.451+0000] {dagbag.py:538} INFO - Filling up the DagBag from /home/airflow/.local/lib/python3.8/site-packages/airflow/example_dags/example_branch_python_dop_operator_3.py
[2025-07-11T09:29:53.465+0000] {processor.py:840} INFO - DAG(s) 'example_branch_dop_operator_v3' retrieved from /home/airflow/.local/lib/python3.8/site-packages/airflow/example_dags/example_branch_python_dop_operator_3.py
[2025-07-11T09:29:53.493+0000] {logging_mixin.py:188} INFO - [2025-07-11T09:29:53.493+0000] {dag.py:3036} INFO - Sync 1 DAGs
[2025-07-11T09:29:53.531+0000] {logging_mixin.py:188} INFO - [2025-07-11T09:29:53.530+0000] {dag.py:3823} INFO - Setting next_dagrun for example_branch_dop_operator_v3 to 2025-07-11 09:28:00+00:00, run_after=2025-07-11 09:29:00+00:00
[2025-07-11T09:29:53.561+0000] {processor.py:183} INFO - Processing /home/airflow/.local/lib/python3.8/site-packages/airflow/example_dags/example_branch_python_dop_operator_3.py took 0.118 seconds
[2025-07-11T09:30:23.819+0000] {processor.py:161} INFO - Started process (PID=302) to work on /home/airflow/.local/lib/python3.8/site-packages/airflow/example_dags/example_branch_python_dop_operator_3.py
[2025-07-11T09:30:23.821+0000] {processor.py:830} INFO - Processing file /home/airflow/.local/lib/python3.8/site-packages/airflow/example_dags/example_branch_python_dop_operator_3.py for tasks to queue
[2025-07-11T09:30:23.824+0000] {logging_mixin.py:188} INFO - [2025-07-11T09:30:23.823+0000] {dagbag.py:538} INFO - Filling up the DagBag from /home/airflow/.local/lib/python3.8/site-packages/airflow/example_dags/example_branch_python_dop_operator_3.py
[2025-07-11T09:30:23.841+0000] {processor.py:840} INFO - DAG(s) 'example_branch_dop_operator_v3' retrieved from /home/airflow/.local/lib/python3.8/site-packages/airflow/example_dags/example_branch_python_dop_operator_3.py
[2025-07-11T09:30:23.871+0000] {logging_mixin.py:188} INFO - [2025-07-11T09:30:23.870+0000] {dag.py:3036} INFO - Sync 1 DAGs
[2025-07-11T09:30:23.914+0000] {logging_mixin.py:188} INFO - [2025-07-11T09:30:23.913+0000] {dag.py:3823} INFO - Setting next_dagrun for example_branch_dop_operator_v3 to 2025-07-11 09:29:00+00:00, run_after=2025-07-11 09:30:00+00:00
[2025-07-11T09:30:23.948+0000] {processor.py:183} INFO - Processing /home/airflow/.local/lib/python3.8/site-packages/airflow/example_dags/example_branch_python_dop_operator_3.py took 0.133 seconds
[2025-07-11T09:30:54.517+0000] {processor.py:161} INFO - Started process (PID=357) to work on /home/airflow/.local/lib/python3.8/site-packages/airflow/example_dags/example_branch_python_dop_operator_3.py
[2025-07-11T09:30:54.519+0000] {processor.py:830} INFO - Processing file /home/airflow/.local/lib/python3.8/site-packages/airflow/example_dags/example_branch_python_dop_operator_3.py for tasks to queue
[2025-07-11T09:30:54.523+0000] {logging_mixin.py:188} INFO - [2025-07-11T09:30:54.522+0000] {dagbag.py:538} INFO - Filling up the DagBag from /home/airflow/.local/lib/python3.8/site-packages/airflow/example_dags/example_branch_python_dop_operator_3.py
[2025-07-11T09:30:54.543+0000] {processor.py:840} INFO - DAG(s) 'example_branch_dop_operator_v3' retrieved from /home/airflow/.local/lib/python3.8/site-packages/airflow/example_dags/example_branch_python_dop_operator_3.py
[2025-07-11T09:30:54.583+0000] {logging_mixin.py:188} INFO - [2025-07-11T09:30:54.583+0000] {dag.py:3036} INFO - Sync 1 DAGs
[2025-07-11T09:30:54.646+0000] {logging_mixin.py:188} INFO - [2025-07-11T09:30:54.646+0000] {dag.py:3823} INFO - Setting next_dagrun for example_branch_dop_operator_v3 to 2025-07-11 09:29:00+00:00, run_after=2025-07-11 09:30:00+00:00
[2025-07-11T09:30:54.691+0000] {processor.py:183} INFO - Processing /home/airflow/.local/lib/python3.8/site-packages/airflow/example_dags/example_branch_python_dop_operator_3.py took 0.179 seconds
[2025-07-11T09:31:24.876+0000] {processor.py:161} INFO - Started process (PID=412) to work on /home/airflow/.local/lib/python3.8/site-packages/airflow/example_dags/example_branch_python_dop_operator_3.py
[2025-07-11T09:31:24.878+0000] {processor.py:830} INFO - Processing file /home/airflow/.local/lib/python3.8/site-packages/airflow/example_dags/example_branch_python_dop_operator_3.py for tasks to queue
[2025-07-11T09:31:24.881+0000] {logging_mixin.py:188} INFO - [2025-07-11T09:31:24.880+0000] {dagbag.py:538} INFO - Filling up the DagBag from /home/airflow/.local/lib/python3.8/site-packages/airflow/example_dags/example_branch_python_dop_operator_3.py
[2025-07-11T09:31:24.894+0000] {processor.py:840} INFO - DAG(s) 'example_branch_dop_operator_v3' retrieved from /home/airflow/.local/lib/python3.8/site-packages/airflow/example_dags/example_branch_python_dop_operator_3.py
[2025-07-11T09:31:24.923+0000] {logging_mixin.py:188} INFO - [2025-07-11T09:31:24.923+0000] {dag.py:3036} INFO - Sync 1 DAGs
[2025-07-11T09:31:24.968+0000] {logging_mixin.py:188} INFO - [2025-07-11T09:31:24.968+0000] {dag.py:3823} INFO - Setting next_dagrun for example_branch_dop_operator_v3 to 2025-07-11 09:30:00+00:00, run_after=2025-07-11 09:31:00+00:00
[2025-07-11T09:31:25.002+0000] {processor.py:183} INFO - Processing /home/airflow/.local/lib/python3.8/site-packages/airflow/example_dags/example_branch_python_dop_operator_3.py took 0.130 seconds
[2025-07-11T09:31:55.857+0000] {processor.py:161} INFO - Started process (PID=467) to work on /home/airflow/.local/lib/python3.8/site-packages/airflow/example_dags/example_branch_python_dop_operator_3.py
[2025-07-11T09:31:55.860+0000] {processor.py:830} INFO - Processing file /home/airflow/.local/lib/python3.8/site-packages/airflow/example_dags/example_branch_python_dop_operator_3.py for tasks to queue
[2025-07-11T09:31:55.865+0000] {logging_mixin.py:188} INFO - [2025-07-11T09:31:55.864+0000] {dagbag.py:538} INFO - Filling up the DagBag from /home/airflow/.local/lib/python3.8/site-packages/airflow/example_dags/example_branch_python_dop_operator_3.py
[2025-07-11T09:31:55.885+0000] {processor.py:840} INFO - DAG(s) 'example_branch_dop_operator_v3' retrieved from /home/airflow/.local/lib/python3.8/site-packages/airflow/example_dags/example_branch_python_dop_operator_3.py
[2025-07-11T09:31:55.923+0000] {logging_mixin.py:188} INFO - [2025-07-11T09:31:55.923+0000] {dag.py:3036} INFO - Sync 1 DAGs
[2025-07-11T09:31:55.966+0000] {logging_mixin.py:188} INFO - [2025-07-11T09:31:55.965+0000] {dag.py:3823} INFO - Setting next_dagrun for example_branch_dop_operator_v3 to 2025-07-11 09:30:00+00:00, run_after=2025-07-11 09:31:00+00:00
[2025-07-11T09:31:55.966+0000] {processor.py:183} INFO - Processing /home/airflow/.local/lib/python3.8/site-packages/airflow/example_dags/example_branch_python_dop_operator_3.py took 0.144 seconds
[2025-07-11T09:32:26.859+0000] {processor.py:161} INFO - Started process (PID=522) to work on /home/airflow/.local/lib/python3.8/site-packages/airflow/example_dags/example_branch_python_dop_operator_3.py
[2025-07-11T09:32:26.860+0000] {processor.py:830} INFO - Processing file /home/airflow/.local/lib/python3.8/site-packages/airflow/example_dags/example_branch_python_dop_operator_3.py for tasks to queue
[2025-07-11T09:32:26.863+0000] {logging_mixin.py:188} INFO - [2025-07-11T09:32:26.862+0000] {dagbag.py:538} INFO - Filling up the DagBag from /home/airflow/.local/lib/python3.8/site-packages/airflow/example_dags/example_branch_python_dop_operator_3.py
[2025-07-11T09:32:26.875+0000] {processor.py:840} INFO - DAG(s) 'example_branch_dop_operator_v3' retrieved from /home/airflow/.local/lib/python3.8/site-packages/airflow/example_dags/example_branch_python_dop_operator_3.py
[2025-07-11T09:32:26.904+0000] {logging_mixin.py:188} INFO - [2025-07-11T09:32:26.904+0000] {dag.py:3036} INFO - Sync 1 DAGs
[2025-07-11T09:32:26.940+0000] {logging_mixin.py:188} INFO - [2025-07-11T09:32:26.940+0000] {dag.py:3823} INFO - Setting next_dagrun for example_branch_dop_operator_v3 to 2025-07-11 09:31:00+00:00, run_after=2025-07-11 09:32:00+00:00
[2025-07-11T09:32:26.969+0000] {processor.py:183} INFO - Processing /home/airflow/.local/lib/python3.8/site-packages/airflow/example_dags/example_branch_python_dop_operator_3.py took 0.115 seconds
[2025-07-11T09:32:57.314+0000] {processor.py:161} INFO - Started process (PID=577) to work on /home/airflow/.local/lib/python3.8/site-packages/airflow/example_dags/example_branch_python_dop_operator_3.py
[2025-07-11T09:32:57.317+0000] {processor.py:830} INFO - Processing file /home/airflow/.local/lib/python3.8/site-packages/airflow/example_dags/example_branch_python_dop_operator_3.py for tasks to queue
[2025-07-11T09:32:57.320+0000] {logging_mixin.py:188} INFO - [2025-07-11T09:32:57.320+0000] {dagbag.py:538} INFO - Filling up the DagBag from /home/airflow/.local/lib/python3.8/site-packages/airflow/example_dags/example_branch_python_dop_operator_3.py
[2025-07-11T09:32:57.333+0000] {processor.py:840} INFO - DAG(s) 'example_branch_dop_operator_v3' retrieved from /home/airflow/.local/lib/python3.8/site-packages/airflow/example_dags/example_branch_python_dop_operator_3.py
[2025-07-11T09:32:57.363+0000] {logging_mixin.py:188} INFO - [2025-07-11T09:32:57.363+0000] {dag.py:3036} INFO - Sync 1 DAGs
[2025-07-11T09:32:57.403+0000] {logging_mixin.py:188} INFO - [2025-07-11T09:32:57.402+0000] {dag.py:3823} INFO - Setting next_dagrun for example_branch_dop_operator_v3 to 2025-07-11 09:31:00+00:00, run_after=2025-07-11 09:32:00+00:00
[2025-07-11T09:32:57.437+0000] {processor.py:183} INFO - Processing /home/airflow/.local/lib/python3.8/site-packages/airflow/example_dags/example_branch_python_dop_operator_3.py took 0.128 seconds
[2025-07-11T09:33:27.496+0000] {processor.py:161} INFO - Started process (PID=632) to work on /home/airflow/.local/lib/python3.8/site-packages/airflow/example_dags/example_branch_python_dop_operator_3.py
[2025-07-11T09:33:27.501+0000] {processor.py:830} INFO - Processing file /home/airflow/.local/lib/python3.8/site-packages/airflow/example_dags/example_branch_python_dop_operator_3.py for tasks to queue
[2025-07-11T09:33:27.504+0000] {logging_mixin.py:188} INFO - [2025-07-11T09:33:27.503+0000] {dagbag.py:538} INFO - Filling up the DagBag from /home/airflow/.local/lib/python3.8/site-packages/airflow/example_dags/example_branch_python_dop_operator_3.py
[2025-07-11T09:33:27.519+0000] {processor.py:840} INFO - DAG(s) 'example_branch_dop_operator_v3' retrieved from /home/airflow/.local/lib/python3.8/site-packages/airflow/example_dags/example_branch_python_dop_operator_3.py
[2025-07-11T09:33:27.551+0000] {logging_mixin.py:188} INFO - [2025-07-11T09:33:27.551+0000] {dag.py:3036} INFO - Sync 1 DAGs
[2025-07-11T09:33:27.604+0000] {logging_mixin.py:188} INFO - [2025-07-11T09:33:27.603+0000] {dag.py:3823} INFO - Setting next_dagrun for example_branch_dop_operator_v3 to 2025-07-11 09:32:00+00:00, run_after=2025-07-11 09:33:00+00:00
[2025-07-11T09:33:27.643+0000] {processor.py:183} INFO - Processing /home/airflow/.local/lib/python3.8/site-packages/airflow/example_dags/example_branch_python_dop_operator_3.py took 0.152 seconds
[2025-07-11T09:34:42.692+0000] {processor.py:161} INFO - Started process (PID=83) to work on /home/airflow/.local/lib/python3.8/site-packages/airflow/example_dags/example_branch_python_dop_operator_3.py
[2025-07-11T09:34:42.693+0000] {processor.py:830} INFO - Processing file /home/airflow/.local/lib/python3.8/site-packages/airflow/example_dags/example_branch_python_dop_operator_3.py for tasks to queue
[2025-07-11T09:34:42.697+0000] {logging_mixin.py:188} INFO - [2025-07-11T09:34:42.696+0000] {dagbag.py:538} INFO - Filling up the DagBag from /home/airflow/.local/lib/python3.8/site-packages/airflow/example_dags/example_branch_python_dop_operator_3.py
[2025-07-11T09:34:42.716+0000] {processor.py:840} INFO - DAG(s) 'example_branch_dop_operator_v3' retrieved from /home/airflow/.local/lib/python3.8/site-packages/airflow/example_dags/example_branch_python_dop_operator_3.py
[2025-07-11T09:34:42.913+0000] {logging_mixin.py:188} INFO - [2025-07-11T09:34:42.912+0000] {override.py:1769} INFO - Created Permission View: can edit on DAG:example_branch_dop_operator_v3
[2025-07-11T09:34:42.932+0000] {logging_mixin.py:188} INFO - [2025-07-11T09:34:42.931+0000] {override.py:1769} INFO - Created Permission View: can delete on DAG:example_branch_dop_operator_v3
[2025-07-11T09:34:42.952+0000] {logging_mixin.py:188} INFO - [2025-07-11T09:34:42.951+0000] {override.py:1769} INFO - Created Permission View: can read on DAG:example_branch_dop_operator_v3
[2025-07-11T09:34:42.953+0000] {logging_mixin.py:188} INFO - [2025-07-11T09:34:42.952+0000] {dag.py:3036} INFO - Sync 1 DAGs
[2025-07-11T09:34:42.974+0000] {logging_mixin.py:188} INFO - [2025-07-11T09:34:42.973+0000] {dag.py:3058} INFO - Creating ORM DAG for example_branch_dop_operator_v3
[2025-07-11T09:34:43.002+0000] {logging_mixin.py:188} INFO - [2025-07-11T09:34:43.001+0000] {dag.py:3823} INFO - Setting next_dagrun for example_branch_dop_operator_v3 to 2025-07-11 09:33:00+00:00, run_after=2025-07-11 09:34:00+00:00
[2025-07-11T09:34:43.039+0000] {processor.py:183} INFO - Processing /home/airflow/.local/lib/python3.8/site-packages/airflow/example_dags/example_branch_python_dop_operator_3.py took 0.353 seconds
[2025-07-11T09:35:13.594+0000] {processor.py:161} INFO - Started process (PID=138) to work on /home/airflow/.local/lib/python3.8/site-packages/airflow/example_dags/example_branch_python_dop_operator_3.py
[2025-07-11T09:35:13.595+0000] {processor.py:830} INFO - Processing file /home/airflow/.local/lib/python3.8/site-packages/airflow/example_dags/example_branch_python_dop_operator_3.py for tasks to queue
[2025-07-11T09:35:13.598+0000] {logging_mixin.py:188} INFO - [2025-07-11T09:35:13.597+0000] {dagbag.py:538} INFO - Filling up the DagBag from /home/airflow/.local/lib/python3.8/site-packages/airflow/example_dags/example_branch_python_dop_operator_3.py
[2025-07-11T09:35:13.609+0000] {processor.py:840} INFO - DAG(s) 'example_branch_dop_operator_v3' retrieved from /home/airflow/.local/lib/python3.8/site-packages/airflow/example_dags/example_branch_python_dop_operator_3.py
[2025-07-11T09:35:13.636+0000] {logging_mixin.py:188} INFO - [2025-07-11T09:35:13.635+0000] {dag.py:3036} INFO - Sync 1 DAGs
[2025-07-11T09:35:13.670+0000] {logging_mixin.py:188} INFO - [2025-07-11T09:35:13.669+0000] {dag.py:3823} INFO - Setting next_dagrun for example_branch_dop_operator_v3 to 2025-07-11 09:34:00+00:00, run_after=2025-07-11 09:35:00+00:00
[2025-07-11T09:35:13.700+0000] {processor.py:183} INFO - Processing /home/airflow/.local/lib/python3.8/site-packages/airflow/example_dags/example_branch_python_dop_operator_3.py took 0.110 seconds
[2025-07-11T09:35:43.788+0000] {processor.py:161} INFO - Started process (PID=193) to work on /home/airflow/.local/lib/python3.8/site-packages/airflow/example_dags/example_branch_python_dop_operator_3.py
[2025-07-11T09:35:43.789+0000] {processor.py:830} INFO - Processing file /home/airflow/.local/lib/python3.8/site-packages/airflow/example_dags/example_branch_python_dop_operator_3.py for tasks to queue
[2025-07-11T09:35:43.791+0000] {logging_mixin.py:188} INFO - [2025-07-11T09:35:43.791+0000] {dagbag.py:538} INFO - Filling up the DagBag from /home/airflow/.local/lib/python3.8/site-packages/airflow/example_dags/example_branch_python_dop_operator_3.py
[2025-07-11T09:35:43.803+0000] {processor.py:840} INFO - DAG(s) 'example_branch_dop_operator_v3' retrieved from /home/airflow/.local/lib/python3.8/site-packages/airflow/example_dags/example_branch_python_dop_operator_3.py
[2025-07-11T09:35:43.829+0000] {logging_mixin.py:188} INFO - [2025-07-11T09:35:43.829+0000] {dag.py:3036} INFO - Sync 1 DAGs
[2025-07-11T09:35:43.867+0000] {logging_mixin.py:188} INFO - [2025-07-11T09:35:43.866+0000] {dag.py:3823} INFO - Setting next_dagrun for example_branch_dop_operator_v3 to 2025-07-11 09:34:00+00:00, run_after=2025-07-11 09:35:00+00:00
[2025-07-11T09:35:43.897+0000] {processor.py:183} INFO - Processing /home/airflow/.local/lib/python3.8/site-packages/airflow/example_dags/example_branch_python_dop_operator_3.py took 0.114 seconds
[2025-07-11T09:36:14.456+0000] {processor.py:161} INFO - Started process (PID=248) to work on /home/airflow/.local/lib/python3.8/site-packages/airflow/example_dags/example_branch_python_dop_operator_3.py
[2025-07-11T09:36:14.458+0000] {processor.py:830} INFO - Processing file /home/airflow/.local/lib/python3.8/site-packages/airflow/example_dags/example_branch_python_dop_operator_3.py for tasks to queue
[2025-07-11T09:36:14.460+0000] {logging_mixin.py:188} INFO - [2025-07-11T09:36:14.460+0000] {dagbag.py:538} INFO - Filling up the DagBag from /home/airflow/.local/lib/python3.8/site-packages/airflow/example_dags/example_branch_python_dop_operator_3.py
[2025-07-11T09:36:14.472+0000] {processor.py:840} INFO - DAG(s) 'example_branch_dop_operator_v3' retrieved from /home/airflow/.local/lib/python3.8/site-packages/airflow/example_dags/example_branch_python_dop_operator_3.py
[2025-07-11T09:36:14.499+0000] {logging_mixin.py:188} INFO - [2025-07-11T09:36:14.498+0000] {dag.py:3036} INFO - Sync 1 DAGs
[2025-07-11T09:36:14.538+0000] {logging_mixin.py:188} INFO - [2025-07-11T09:36:14.537+0000] {dag.py:3823} INFO - Setting next_dagrun for example_branch_dop_operator_v3 to 2025-07-11 09:35:00+00:00, run_after=2025-07-11 09:36:00+00:00
[2025-07-11T09:36:14.570+0000] {processor.py:183} INFO - Processing /home/airflow/.local/lib/python3.8/site-packages/airflow/example_dags/example_branch_python_dop_operator_3.py took 0.118 seconds
[2025-07-11T09:36:44.686+0000] {processor.py:161} INFO - Started process (PID=303) to work on /home/airflow/.local/lib/python3.8/site-packages/airflow/example_dags/example_branch_python_dop_operator_3.py
[2025-07-11T09:36:44.688+0000] {processor.py:830} INFO - Processing file /home/airflow/.local/lib/python3.8/site-packages/airflow/example_dags/example_branch_python_dop_operator_3.py for tasks to queue
[2025-07-11T09:36:44.690+0000] {logging_mixin.py:188} INFO - [2025-07-11T09:36:44.690+0000] {dagbag.py:538} INFO - Filling up the DagBag from /home/airflow/.local/lib/python3.8/site-packages/airflow/example_dags/example_branch_python_dop_operator_3.py
[2025-07-11T09:36:44.707+0000] {processor.py:840} INFO - DAG(s) 'example_branch_dop_operator_v3' retrieved from /home/airflow/.local/lib/python3.8/site-packages/airflow/example_dags/example_branch_python_dop_operator_3.py
[2025-07-11T09:36:44.735+0000] {logging_mixin.py:188} INFO - [2025-07-11T09:36:44.734+0000] {dag.py:3036} INFO - Sync 1 DAGs
[2025-07-11T09:36:44.775+0000] {logging_mixin.py:188} INFO - [2025-07-11T09:36:44.775+0000] {dag.py:3823} INFO - Setting next_dagrun for example_branch_dop_operator_v3 to 2025-07-11 09:35:00+00:00, run_after=2025-07-11 09:36:00+00:00
[2025-07-11T09:36:44.826+0000] {processor.py:183} INFO - Processing /home/airflow/.local/lib/python3.8/site-packages/airflow/example_dags/example_branch_python_dop_operator_3.py took 0.144 seconds
[2025-07-11T09:37:15.095+0000] {processor.py:161} INFO - Started process (PID=358) to work on /home/airflow/.local/lib/python3.8/site-packages/airflow/example_dags/example_branch_python_dop_operator_3.py
[2025-07-11T09:37:15.097+0000] {processor.py:830} INFO - Processing file /home/airflow/.local/lib/python3.8/site-packages/airflow/example_dags/example_branch_python_dop_operator_3.py for tasks to queue
[2025-07-11T09:37:15.100+0000] {logging_mixin.py:188} INFO - [2025-07-11T09:37:15.099+0000] {dagbag.py:538} INFO - Filling up the DagBag from /home/airflow/.local/lib/python3.8/site-packages/airflow/example_dags/example_branch_python_dop_operator_3.py
[2025-07-11T09:37:15.113+0000] {processor.py:840} INFO - DAG(s) 'example_branch_dop_operator_v3' retrieved from /home/airflow/.local/lib/python3.8/site-packages/airflow/example_dags/example_branch_python_dop_operator_3.py
[2025-07-11T09:37:15.141+0000] {logging_mixin.py:188} INFO - [2025-07-11T09:37:15.140+0000] {dag.py:3036} INFO - Sync 1 DAGs
[2025-07-11T09:37:15.177+0000] {logging_mixin.py:188} INFO - [2025-07-11T09:37:15.176+0000] {dag.py:3823} INFO - Setting next_dagrun for example_branch_dop_operator_v3 to 2025-07-11 09:36:00+00:00, run_after=2025-07-11 09:37:00+00:00
[2025-07-11T09:37:15.208+0000] {processor.py:183} INFO - Processing /home/airflow/.local/lib/python3.8/site-packages/airflow/example_dags/example_branch_python_dop_operator_3.py took 0.117 seconds
[2025-07-11T09:37:45.408+0000] {processor.py:161} INFO - Started process (PID=413) to work on /home/airflow/.local/lib/python3.8/site-packages/airflow/example_dags/example_branch_python_dop_operator_3.py
[2025-07-11T09:37:45.411+0000] {processor.py:830} INFO - Processing file /home/airflow/.local/lib/python3.8/site-packages/airflow/example_dags/example_branch_python_dop_operator_3.py for tasks to queue
[2025-07-11T09:37:45.414+0000] {logging_mixin.py:188} INFO - [2025-07-11T09:37:45.414+0000] {dagbag.py:538} INFO - Filling up the DagBag from /home/airflow/.local/lib/python3.8/site-packages/airflow/example_dags/example_branch_python_dop_operator_3.py
[2025-07-11T09:37:45.432+0000] {processor.py:840} INFO - DAG(s) 'example_branch_dop_operator_v3' retrieved from /home/airflow/.local/lib/python3.8/site-packages/airflow/example_dags/example_branch_python_dop_operator_3.py
[2025-07-11T09:37:45.465+0000] {logging_mixin.py:188} INFO - [2025-07-11T09:37:45.464+0000] {dag.py:3036} INFO - Sync 1 DAGs
[2025-07-11T09:37:45.529+0000] {logging_mixin.py:188} INFO - [2025-07-11T09:37:45.528+0000] {dag.py:3823} INFO - Setting next_dagrun for example_branch_dop_operator_v3 to 2025-07-11 09:36:00+00:00, run_after=2025-07-11 09:37:00+00:00
[2025-07-11T09:37:45.567+0000] {processor.py:183} INFO - Processing /home/airflow/.local/lib/python3.8/site-packages/airflow/example_dags/example_branch_python_dop_operator_3.py took 0.165 seconds
[2025-07-11T09:38:15.610+0000] {processor.py:161} INFO - Started process (PID=468) to work on /home/airflow/.local/lib/python3.8/site-packages/airflow/example_dags/example_branch_python_dop_operator_3.py
[2025-07-11T09:38:15.611+0000] {processor.py:830} INFO - Processing file /home/airflow/.local/lib/python3.8/site-packages/airflow/example_dags/example_branch_python_dop_operator_3.py for tasks to queue
[2025-07-11T09:38:15.614+0000] {logging_mixin.py:188} INFO - [2025-07-11T09:38:15.613+0000] {dagbag.py:538} INFO - Filling up the DagBag from /home/airflow/.local/lib/python3.8/site-packages/airflow/example_dags/example_branch_python_dop_operator_3.py
[2025-07-11T09:38:15.625+0000] {processor.py:840} INFO - DAG(s) 'example_branch_dop_operator_v3' retrieved from /home/airflow/.local/lib/python3.8/site-packages/airflow/example_dags/example_branch_python_dop_operator_3.py
[2025-07-11T09:38:15.652+0000] {logging_mixin.py:188} INFO - [2025-07-11T09:38:15.652+0000] {dag.py:3036} INFO - Sync 1 DAGs
[2025-07-11T09:38:15.688+0000] {logging_mixin.py:188} INFO - [2025-07-11T09:38:15.687+0000] {dag.py:3823} INFO - Setting next_dagrun for example_branch_dop_operator_v3 to 2025-07-11 09:37:00+00:00, run_after=2025-07-11 09:38:00+00:00
[2025-07-11T09:38:15.721+0000] {processor.py:183} INFO - Processing /home/airflow/.local/lib/python3.8/site-packages/airflow/example_dags/example_branch_python_dop_operator_3.py took 0.116 seconds
[2025-07-11T09:38:46.091+0000] {processor.py:161} INFO - Started process (PID=523) to work on /home/airflow/.local/lib/python3.8/site-packages/airflow/example_dags/example_branch_python_dop_operator_3.py
[2025-07-11T09:38:46.093+0000] {processor.py:830} INFO - Processing file /home/airflow/.local/lib/python3.8/site-packages/airflow/example_dags/example_branch_python_dop_operator_3.py for tasks to queue
[2025-07-11T09:38:46.096+0000] {logging_mixin.py:188} INFO - [2025-07-11T09:38:46.095+0000] {dagbag.py:538} INFO - Filling up the DagBag from /home/airflow/.local/lib/python3.8/site-packages/airflow/example_dags/example_branch_python_dop_operator_3.py
[2025-07-11T09:38:46.112+0000] {processor.py:840} INFO - DAG(s) 'example_branch_dop_operator_v3' retrieved from /home/airflow/.local/lib/python3.8/site-packages/airflow/example_dags/example_branch_python_dop_operator_3.py
[2025-07-11T09:38:46.142+0000] {logging_mixin.py:188} INFO - [2025-07-11T09:38:46.142+0000] {dag.py:3036} INFO - Sync 1 DAGs
[2025-07-11T09:38:46.189+0000] {logging_mixin.py:188} INFO - [2025-07-11T09:38:46.188+0000] {dag.py:3823} INFO - Setting next_dagrun for example_branch_dop_operator_v3 to 2025-07-11 09:37:00+00:00, run_after=2025-07-11 09:38:00+00:00
[2025-07-11T09:38:46.226+0000] {processor.py:183} INFO - Processing /home/airflow/.local/lib/python3.8/site-packages/airflow/example_dags/example_branch_python_dop_operator_3.py took 0.138 seconds
[2025-07-11T09:39:16.545+0000] {processor.py:161} INFO - Started process (PID=579) to work on /home/airflow/.local/lib/python3.8/site-packages/airflow/example_dags/example_branch_python_dop_operator_3.py
[2025-07-11T09:39:16.547+0000] {processor.py:830} INFO - Processing file /home/airflow/.local/lib/python3.8/site-packages/airflow/example_dags/example_branch_python_dop_operator_3.py for tasks to queue
[2025-07-11T09:39:16.550+0000] {logging_mixin.py:188} INFO - [2025-07-11T09:39:16.549+0000] {dagbag.py:538} INFO - Filling up the DagBag from /home/airflow/.local/lib/python3.8/site-packages/airflow/example_dags/example_branch_python_dop_operator_3.py
[2025-07-11T09:39:16.566+0000] {processor.py:840} INFO - DAG(s) 'example_branch_dop_operator_v3' retrieved from /home/airflow/.local/lib/python3.8/site-packages/airflow/example_dags/example_branch_python_dop_operator_3.py
[2025-07-11T09:39:16.596+0000] {logging_mixin.py:188} INFO - [2025-07-11T09:39:16.596+0000] {dag.py:3036} INFO - Sync 1 DAGs
[2025-07-11T09:39:16.640+0000] {logging_mixin.py:188} INFO - [2025-07-11T09:39:16.639+0000] {dag.py:3823} INFO - Setting next_dagrun for example_branch_dop_operator_v3 to 2025-07-11 09:38:00+00:00, run_after=2025-07-11 09:39:00+00:00
[2025-07-11T09:39:16.675+0000] {processor.py:183} INFO - Processing /home/airflow/.local/lib/python3.8/site-packages/airflow/example_dags/example_branch_python_dop_operator_3.py took 0.136 seconds
[2025-07-11T09:39:46.870+0000] {processor.py:161} INFO - Started process (PID=634) to work on /home/airflow/.local/lib/python3.8/site-packages/airflow/example_dags/example_branch_python_dop_operator_3.py
[2025-07-11T09:39:46.871+0000] {processor.py:830} INFO - Processing file /home/airflow/.local/lib/python3.8/site-packages/airflow/example_dags/example_branch_python_dop_operator_3.py for tasks to queue
[2025-07-11T09:39:46.874+0000] {logging_mixin.py:188} INFO - [2025-07-11T09:39:46.873+0000] {dagbag.py:538} INFO - Filling up the DagBag from /home/airflow/.local/lib/python3.8/site-packages/airflow/example_dags/example_branch_python_dop_operator_3.py
[2025-07-11T09:39:46.886+0000] {processor.py:840} INFO - DAG(s) 'example_branch_dop_operator_v3' retrieved from /home/airflow/.local/lib/python3.8/site-packages/airflow/example_dags/example_branch_python_dop_operator_3.py
[2025-07-11T09:39:46.912+0000] {logging_mixin.py:188} INFO - [2025-07-11T09:39:46.912+0000] {dag.py:3036} INFO - Sync 1 DAGs
[2025-07-11T09:39:46.950+0000] {logging_mixin.py:188} INFO - [2025-07-11T09:39:46.950+0000] {dag.py:3823} INFO - Setting next_dagrun for example_branch_dop_operator_v3 to 2025-07-11 09:38:00+00:00, run_after=2025-07-11 09:39:00+00:00
[2025-07-11T09:39:46.983+0000] {processor.py:183} INFO - Processing /home/airflow/.local/lib/python3.8/site-packages/airflow/example_dags/example_branch_python_dop_operator_3.py took 0.118 seconds
[2025-07-11T09:40:17.322+0000] {processor.py:161} INFO - Started process (PID=689) to work on /home/airflow/.local/lib/python3.8/site-packages/airflow/example_dags/example_branch_python_dop_operator_3.py
[2025-07-11T09:40:17.324+0000] {processor.py:830} INFO - Processing file /home/airflow/.local/lib/python3.8/site-packages/airflow/example_dags/example_branch_python_dop_operator_3.py for tasks to queue
[2025-07-11T09:40:17.327+0000] {logging_mixin.py:188} INFO - [2025-07-11T09:40:17.326+0000] {dagbag.py:538} INFO - Filling up the DagBag from /home/airflow/.local/lib/python3.8/site-packages/airflow/example_dags/example_branch_python_dop_operator_3.py
[2025-07-11T09:40:17.340+0000] {processor.py:840} INFO - DAG(s) 'example_branch_dop_operator_v3' retrieved from /home/airflow/.local/lib/python3.8/site-packages/airflow/example_dags/example_branch_python_dop_operator_3.py
[2025-07-11T09:40:17.373+0000] {logging_mixin.py:188} INFO - [2025-07-11T09:40:17.372+0000] {dag.py:3036} INFO - Sync 1 DAGs
[2025-07-11T09:40:17.414+0000] {logging_mixin.py:188} INFO - [2025-07-11T09:40:17.414+0000] {dag.py:3823} INFO - Setting next_dagrun for example_branch_dop_operator_v3 to 2025-07-11 09:39:00+00:00, run_after=2025-07-11 09:40:00+00:00
[2025-07-11T09:40:17.454+0000] {processor.py:183} INFO - Processing /home/airflow/.local/lib/python3.8/site-packages/airflow/example_dags/example_branch_python_dop_operator_3.py took 0.137 seconds
[2025-07-11T09:40:47.780+0000] {processor.py:161} INFO - Started process (PID=744) to work on /home/airflow/.local/lib/python3.8/site-packages/airflow/example_dags/example_branch_python_dop_operator_3.py
[2025-07-11T09:40:47.783+0000] {processor.py:830} INFO - Processing file /home/airflow/.local/lib/python3.8/site-packages/airflow/example_dags/example_branch_python_dop_operator_3.py for tasks to queue
[2025-07-11T09:40:47.785+0000] {logging_mixin.py:188} INFO - [2025-07-11T09:40:47.784+0000] {dagbag.py:538} INFO - Filling up the DagBag from /home/airflow/.local/lib/python3.8/site-packages/airflow/example_dags/example_branch_python_dop_operator_3.py
[2025-07-11T09:40:47.801+0000] {processor.py:840} INFO - DAG(s) 'example_branch_dop_operator_v3' retrieved from /home/airflow/.local/lib/python3.8/site-packages/airflow/example_dags/example_branch_python_dop_operator_3.py
[2025-07-11T09:40:47.829+0000] {logging_mixin.py:188} INFO - [2025-07-11T09:40:47.829+0000] {dag.py:3036} INFO - Sync 1 DAGs
[2025-07-11T09:40:47.872+0000] {logging_mixin.py:188} INFO - [2025-07-11T09:40:47.872+0000] {dag.py:3823} INFO - Setting next_dagrun for example_branch_dop_operator_v3 to 2025-07-11 09:39:00+00:00, run_after=2025-07-11 09:40:00+00:00
[2025-07-11T09:40:47.913+0000] {processor.py:183} INFO - Processing /home/airflow/.local/lib/python3.8/site-packages/airflow/example_dags/example_branch_python_dop_operator_3.py took 0.137 seconds
[2025-07-11T09:41:18.018+0000] {processor.py:161} INFO - Started process (PID=799) to work on /home/airflow/.local/lib/python3.8/site-packages/airflow/example_dags/example_branch_python_dop_operator_3.py
[2025-07-11T09:41:18.020+0000] {processor.py:830} INFO - Processing file /home/airflow/.local/lib/python3.8/site-packages/airflow/example_dags/example_branch_python_dop_operator_3.py for tasks to queue
[2025-07-11T09:41:18.024+0000] {logging_mixin.py:188} INFO - [2025-07-11T09:41:18.023+0000] {dagbag.py:538} INFO - Filling up the DagBag from /home/airflow/.local/lib/python3.8/site-packages/airflow/example_dags/example_branch_python_dop_operator_3.py
[2025-07-11T09:41:18.042+0000] {processor.py:840} INFO - DAG(s) 'example_branch_dop_operator_v3' retrieved from /home/airflow/.local/lib/python3.8/site-packages/airflow/example_dags/example_branch_python_dop_operator_3.py
[2025-07-11T09:41:18.072+0000] {logging_mixin.py:188} INFO - [2025-07-11T09:41:18.071+0000] {dag.py:3036} INFO - Sync 1 DAGs
[2025-07-11T09:41:18.118+0000] {logging_mixin.py:188} INFO - [2025-07-11T09:41:18.117+0000] {dag.py:3823} INFO - Setting next_dagrun for example_branch_dop_operator_v3 to 2025-07-11 09:40:00+00:00, run_after=2025-07-11 09:41:00+00:00
[2025-07-11T09:41:18.152+0000] {processor.py:183} INFO - Processing /home/airflow/.local/lib/python3.8/site-packages/airflow/example_dags/example_branch_python_dop_operator_3.py took 0.140 seconds
[2025-07-11T09:41:48.595+0000] {processor.py:161} INFO - Started process (PID=854) to work on /home/airflow/.local/lib/python3.8/site-packages/airflow/example_dags/example_branch_python_dop_operator_3.py
[2025-07-11T09:41:48.596+0000] {processor.py:830} INFO - Processing file /home/airflow/.local/lib/python3.8/site-packages/airflow/example_dags/example_branch_python_dop_operator_3.py for tasks to queue
[2025-07-11T09:41:48.599+0000] {logging_mixin.py:188} INFO - [2025-07-11T09:41:48.599+0000] {dagbag.py:538} INFO - Filling up the DagBag from /home/airflow/.local/lib/python3.8/site-packages/airflow/example_dags/example_branch_python_dop_operator_3.py
[2025-07-11T09:41:48.611+0000] {processor.py:840} INFO - DAG(s) 'example_branch_dop_operator_v3' retrieved from /home/airflow/.local/lib/python3.8/site-packages/airflow/example_dags/example_branch_python_dop_operator_3.py
[2025-07-11T09:41:48.642+0000] {logging_mixin.py:188} INFO - [2025-07-11T09:41:48.642+0000] {dag.py:3036} INFO - Sync 1 DAGs
[2025-07-11T09:41:48.678+0000] {logging_mixin.py:188} INFO - [2025-07-11T09:41:48.678+0000] {dag.py:3823} INFO - Setting next_dagrun for example_branch_dop_operator_v3 to 2025-07-11 09:40:00+00:00, run_after=2025-07-11 09:41:00+00:00
[2025-07-11T09:41:48.709+0000] {processor.py:183} INFO - Processing /home/airflow/.local/lib/python3.8/site-packages/airflow/example_dags/example_branch_python_dop_operator_3.py took 0.118 seconds
[2025-07-11T09:42:18.921+0000] {processor.py:161} INFO - Started process (PID=909) to work on /home/airflow/.local/lib/python3.8/site-packages/airflow/example_dags/example_branch_python_dop_operator_3.py
[2025-07-11T09:42:18.923+0000] {processor.py:830} INFO - Processing file /home/airflow/.local/lib/python3.8/site-packages/airflow/example_dags/example_branch_python_dop_operator_3.py for tasks to queue
[2025-07-11T09:42:18.925+0000] {logging_mixin.py:188} INFO - [2025-07-11T09:42:18.925+0000] {dagbag.py:538} INFO - Filling up the DagBag from /home/airflow/.local/lib/python3.8/site-packages/airflow/example_dags/example_branch_python_dop_operator_3.py
[2025-07-11T09:42:18.938+0000] {processor.py:840} INFO - DAG(s) 'example_branch_dop_operator_v3' retrieved from /home/airflow/.local/lib/python3.8/site-packages/airflow/example_dags/example_branch_python_dop_operator_3.py
[2025-07-11T09:42:18.966+0000] {logging_mixin.py:188} INFO - [2025-07-11T09:42:18.966+0000] {dag.py:3036} INFO - Sync 1 DAGs
[2025-07-11T09:42:19.003+0000] {logging_mixin.py:188} INFO - [2025-07-11T09:42:19.003+0000] {dag.py:3823} INFO - Setting next_dagrun for example_branch_dop_operator_v3 to 2025-07-11 09:41:00+00:00, run_after=2025-07-11 09:42:00+00:00
[2025-07-11T09:42:19.037+0000] {processor.py:183} INFO - Processing /home/airflow/.local/lib/python3.8/site-packages/airflow/example_dags/example_branch_python_dop_operator_3.py took 0.121 seconds
[2025-07-11T09:42:49.394+0000] {processor.py:161} INFO - Started process (PID=964) to work on /home/airflow/.local/lib/python3.8/site-packages/airflow/example_dags/example_branch_python_dop_operator_3.py
[2025-07-11T09:42:49.397+0000] {processor.py:830} INFO - Processing file /home/airflow/.local/lib/python3.8/site-packages/airflow/example_dags/example_branch_python_dop_operator_3.py for tasks to queue
[2025-07-11T09:42:49.400+0000] {logging_mixin.py:188} INFO - [2025-07-11T09:42:49.399+0000] {dagbag.py:538} INFO - Filling up the DagBag from /home/airflow/.local/lib/python3.8/site-packages/airflow/example_dags/example_branch_python_dop_operator_3.py
[2025-07-11T09:42:49.414+0000] {processor.py:840} INFO - DAG(s) 'example_branch_dop_operator_v3' retrieved from /home/airflow/.local/lib/python3.8/site-packages/airflow/example_dags/example_branch_python_dop_operator_3.py
[2025-07-11T09:42:49.444+0000] {logging_mixin.py:188} INFO - [2025-07-11T09:42:49.443+0000] {dag.py:3036} INFO - Sync 1 DAGs
[2025-07-11T09:42:49.491+0000] {logging_mixin.py:188} INFO - [2025-07-11T09:42:49.491+0000] {dag.py:3823} INFO - Setting next_dagrun for example_branch_dop_operator_v3 to 2025-07-11 09:41:00+00:00, run_after=2025-07-11 09:42:00+00:00
[2025-07-11T09:42:49.523+0000] {processor.py:183} INFO - Processing /home/airflow/.local/lib/python3.8/site-packages/airflow/example_dags/example_branch_python_dop_operator_3.py took 0.134 seconds
[2025-07-11T09:43:19.815+0000] {processor.py:161} INFO - Started process (PID=1019) to work on /home/airflow/.local/lib/python3.8/site-packages/airflow/example_dags/example_branch_python_dop_operator_3.py
[2025-07-11T09:43:19.817+0000] {processor.py:830} INFO - Processing file /home/airflow/.local/lib/python3.8/site-packages/airflow/example_dags/example_branch_python_dop_operator_3.py for tasks to queue
[2025-07-11T09:43:19.820+0000] {logging_mixin.py:188} INFO - [2025-07-11T09:43:19.820+0000] {dagbag.py:538} INFO - Filling up the DagBag from /home/airflow/.local/lib/python3.8/site-packages/airflow/example_dags/example_branch_python_dop_operator_3.py
[2025-07-11T09:43:19.834+0000] {processor.py:840} INFO - DAG(s) 'example_branch_dop_operator_v3' retrieved from /home/airflow/.local/lib/python3.8/site-packages/airflow/example_dags/example_branch_python_dop_operator_3.py
[2025-07-11T09:43:19.865+0000] {logging_mixin.py:188} INFO - [2025-07-11T09:43:19.865+0000] {dag.py:3036} INFO - Sync 1 DAGs
[2025-07-11T09:43:19.905+0000] {logging_mixin.py:188} INFO - [2025-07-11T09:43:19.905+0000] {dag.py:3823} INFO - Setting next_dagrun for example_branch_dop_operator_v3 to 2025-07-11 09:42:00+00:00, run_after=2025-07-11 09:43:00+00:00
[2025-07-11T09:43:19.936+0000] {processor.py:183} INFO - Processing /home/airflow/.local/lib/python3.8/site-packages/airflow/example_dags/example_branch_python_dop_operator_3.py took 0.126 seconds
[2025-07-11T09:43:50.120+0000] {processor.py:161} INFO - Started process (PID=1074) to work on /home/airflow/.local/lib/python3.8/site-packages/airflow/example_dags/example_branch_python_dop_operator_3.py
[2025-07-11T09:43:50.122+0000] {processor.py:830} INFO - Processing file /home/airflow/.local/lib/python3.8/site-packages/airflow/example_dags/example_branch_python_dop_operator_3.py for tasks to queue
[2025-07-11T09:43:50.125+0000] {logging_mixin.py:188} INFO - [2025-07-11T09:43:50.124+0000] {dagbag.py:538} INFO - Filling up the DagBag from /home/airflow/.local/lib/python3.8/site-packages/airflow/example_dags/example_branch_python_dop_operator_3.py
[2025-07-11T09:43:50.137+0000] {processor.py:840} INFO - DAG(s) 'example_branch_dop_operator_v3' retrieved from /home/airflow/.local/lib/python3.8/site-packages/airflow/example_dags/example_branch_python_dop_operator_3.py
[2025-07-11T09:43:50.165+0000] {logging_mixin.py:188} INFO - [2025-07-11T09:43:50.165+0000] {dag.py:3036} INFO - Sync 1 DAGs
[2025-07-11T09:43:50.204+0000] {logging_mixin.py:188} INFO - [2025-07-11T09:43:50.204+0000] {dag.py:3823} INFO - Setting next_dagrun for example_branch_dop_operator_v3 to 2025-07-11 09:42:00+00:00, run_after=2025-07-11 09:43:00+00:00
[2025-07-11T09:43:50.234+0000] {processor.py:183} INFO - Processing /home/airflow/.local/lib/python3.8/site-packages/airflow/example_dags/example_branch_python_dop_operator_3.py took 0.118 seconds
[2025-07-11T09:44:20.567+0000] {processor.py:161} INFO - Started process (PID=1130) to work on /home/airflow/.local/lib/python3.8/site-packages/airflow/example_dags/example_branch_python_dop_operator_3.py
[2025-07-11T09:44:20.569+0000] {processor.py:830} INFO - Processing file /home/airflow/.local/lib/python3.8/site-packages/airflow/example_dags/example_branch_python_dop_operator_3.py for tasks to queue
[2025-07-11T09:44:20.571+0000] {logging_mixin.py:188} INFO - [2025-07-11T09:44:20.571+0000] {dagbag.py:538} INFO - Filling up the DagBag from /home/airflow/.local/lib/python3.8/site-packages/airflow/example_dags/example_branch_python_dop_operator_3.py
[2025-07-11T09:44:20.584+0000] {processor.py:840} INFO - DAG(s) 'example_branch_dop_operator_v3' retrieved from /home/airflow/.local/lib/python3.8/site-packages/airflow/example_dags/example_branch_python_dop_operator_3.py
[2025-07-11T09:44:20.613+0000] {logging_mixin.py:188} INFO - [2025-07-11T09:44:20.613+0000] {dag.py:3036} INFO - Sync 1 DAGs
[2025-07-11T09:44:20.652+0000] {logging_mixin.py:188} INFO - [2025-07-11T09:44:20.652+0000] {dag.py:3823} INFO - Setting next_dagrun for example_branch_dop_operator_v3 to 2025-07-11 09:43:00+00:00, run_after=2025-07-11 09:44:00+00:00
[2025-07-11T09:44:20.686+0000] {processor.py:183} INFO - Processing /home/airflow/.local/lib/python3.8/site-packages/airflow/example_dags/example_branch_python_dop_operator_3.py took 0.123 seconds
[2025-07-11T09:44:51.042+0000] {processor.py:161} INFO - Started process (PID=1185) to work on /home/airflow/.local/lib/python3.8/site-packages/airflow/example_dags/example_branch_python_dop_operator_3.py
[2025-07-11T09:44:51.044+0000] {processor.py:830} INFO - Processing file /home/airflow/.local/lib/python3.8/site-packages/airflow/example_dags/example_branch_python_dop_operator_3.py for tasks to queue
[2025-07-11T09:44:51.047+0000] {logging_mixin.py:188} INFO - [2025-07-11T09:44:51.047+0000] {dagbag.py:538} INFO - Filling up the DagBag from /home/airflow/.local/lib/python3.8/site-packages/airflow/example_dags/example_branch_python_dop_operator_3.py
[2025-07-11T09:44:51.065+0000] {processor.py:840} INFO - DAG(s) 'example_branch_dop_operator_v3' retrieved from /home/airflow/.local/lib/python3.8/site-packages/airflow/example_dags/example_branch_python_dop_operator_3.py
[2025-07-11T09:44:51.093+0000] {logging_mixin.py:188} INFO - [2025-07-11T09:44:51.092+0000] {dag.py:3036} INFO - Sync 1 DAGs
[2025-07-11T09:44:51.142+0000] {logging_mixin.py:188} INFO - [2025-07-11T09:44:51.141+0000] {dag.py:3823} INFO - Setting next_dagrun for example_branch_dop_operator_v3 to 2025-07-11 09:43:00+00:00, run_after=2025-07-11 09:44:00+00:00
[2025-07-11T09:44:51.176+0000] {processor.py:183} INFO - Processing /home/airflow/.local/lib/python3.8/site-packages/airflow/example_dags/example_branch_python_dop_operator_3.py took 0.138 seconds
[2025-07-11T09:45:21.447+0000] {processor.py:161} INFO - Started process (PID=1240) to work on /home/airflow/.local/lib/python3.8/site-packages/airflow/example_dags/example_branch_python_dop_operator_3.py
[2025-07-11T09:45:21.449+0000] {processor.py:830} INFO - Processing file /home/airflow/.local/lib/python3.8/site-packages/airflow/example_dags/example_branch_python_dop_operator_3.py for tasks to queue
[2025-07-11T09:45:21.452+0000] {logging_mixin.py:188} INFO - [2025-07-11T09:45:21.451+0000] {dagbag.py:538} INFO - Filling up the DagBag from /home/airflow/.local/lib/python3.8/site-packages/airflow/example_dags/example_branch_python_dop_operator_3.py
[2025-07-11T09:45:21.467+0000] {processor.py:840} INFO - DAG(s) 'example_branch_dop_operator_v3' retrieved from /home/airflow/.local/lib/python3.8/site-packages/airflow/example_dags/example_branch_python_dop_operator_3.py
[2025-07-11T09:45:21.502+0000] {logging_mixin.py:188} INFO - [2025-07-11T09:45:21.501+0000] {dag.py:3036} INFO - Sync 1 DAGs
[2025-07-11T09:45:21.547+0000] {logging_mixin.py:188} INFO - [2025-07-11T09:45:21.547+0000] {dag.py:3823} INFO - Setting next_dagrun for example_branch_dop_operator_v3 to 2025-07-11 09:44:00+00:00, run_after=2025-07-11 09:45:00+00:00
[2025-07-11T09:45:21.580+0000] {processor.py:183} INFO - Processing /home/airflow/.local/lib/python3.8/site-packages/airflow/example_dags/example_branch_python_dop_operator_3.py took 0.138 seconds
[2025-07-11T09:45:51.904+0000] {processor.py:161} INFO - Started process (PID=1295) to work on /home/airflow/.local/lib/python3.8/site-packages/airflow/example_dags/example_branch_python_dop_operator_3.py
[2025-07-11T09:45:51.905+0000] {processor.py:830} INFO - Processing file /home/airflow/.local/lib/python3.8/site-packages/airflow/example_dags/example_branch_python_dop_operator_3.py for tasks to queue
[2025-07-11T09:45:51.907+0000] {logging_mixin.py:188} INFO - [2025-07-11T09:45:51.907+0000] {dagbag.py:538} INFO - Filling up the DagBag from /home/airflow/.local/lib/python3.8/site-packages/airflow/example_dags/example_branch_python_dop_operator_3.py
[2025-07-11T09:45:51.920+0000] {processor.py:840} INFO - DAG(s) 'example_branch_dop_operator_v3' retrieved from /home/airflow/.local/lib/python3.8/site-packages/airflow/example_dags/example_branch_python_dop_operator_3.py
[2025-07-11T09:45:51.949+0000] {logging_mixin.py:188} INFO - [2025-07-11T09:45:51.948+0000] {dag.py:3036} INFO - Sync 1 DAGs
[2025-07-11T09:45:51.986+0000] {logging_mixin.py:188} INFO - [2025-07-11T09:45:51.986+0000] {dag.py:3823} INFO - Setting next_dagrun for example_branch_dop_operator_v3 to 2025-07-11 09:44:00+00:00, run_after=2025-07-11 09:45:00+00:00
[2025-07-11T09:45:52.016+0000] {processor.py:183} INFO - Processing /home/airflow/.local/lib/python3.8/site-packages/airflow/example_dags/example_branch_python_dop_operator_3.py took 0.116 seconds
[2025-07-11T09:46:22.335+0000] {processor.py:161} INFO - Started process (PID=1350) to work on /home/airflow/.local/lib/python3.8/site-packages/airflow/example_dags/example_branch_python_dop_operator_3.py
[2025-07-11T09:46:22.337+0000] {processor.py:830} INFO - Processing file /home/airflow/.local/lib/python3.8/site-packages/airflow/example_dags/example_branch_python_dop_operator_3.py for tasks to queue
[2025-07-11T09:46:22.339+0000] {logging_mixin.py:188} INFO - [2025-07-11T09:46:22.339+0000] {dagbag.py:538} INFO - Filling up the DagBag from /home/airflow/.local/lib/python3.8/site-packages/airflow/example_dags/example_branch_python_dop_operator_3.py
[2025-07-11T09:46:22.354+0000] {processor.py:840} INFO - DAG(s) 'example_branch_dop_operator_v3' retrieved from /home/airflow/.local/lib/python3.8/site-packages/airflow/example_dags/example_branch_python_dop_operator_3.py
[2025-07-11T09:46:22.387+0000] {logging_mixin.py:188} INFO - [2025-07-11T09:46:22.386+0000] {dag.py:3036} INFO - Sync 1 DAGs
[2025-07-11T09:46:22.430+0000] {logging_mixin.py:188} INFO - [2025-07-11T09:46:22.429+0000] {dag.py:3823} INFO - Setting next_dagrun for example_branch_dop_operator_v3 to 2025-07-11 09:45:00+00:00, run_after=2025-07-11 09:46:00+00:00
[2025-07-11T09:46:22.460+0000] {processor.py:183} INFO - Processing /home/airflow/.local/lib/python3.8/site-packages/airflow/example_dags/example_branch_python_dop_operator_3.py took 0.129 seconds
[2025-07-11T09:46:52.685+0000] {processor.py:161} INFO - Started process (PID=1405) to work on /home/airflow/.local/lib/python3.8/site-packages/airflow/example_dags/example_branch_python_dop_operator_3.py
[2025-07-11T09:46:52.687+0000] {processor.py:830} INFO - Processing file /home/airflow/.local/lib/python3.8/site-packages/airflow/example_dags/example_branch_python_dop_operator_3.py for tasks to queue
[2025-07-11T09:46:52.690+0000] {logging_mixin.py:188} INFO - [2025-07-11T09:46:52.689+0000] {dagbag.py:538} INFO - Filling up the DagBag from /home/airflow/.local/lib/python3.8/site-packages/airflow/example_dags/example_branch_python_dop_operator_3.py
[2025-07-11T09:46:52.702+0000] {processor.py:840} INFO - DAG(s) 'example_branch_dop_operator_v3' retrieved from /home/airflow/.local/lib/python3.8/site-packages/airflow/example_dags/example_branch_python_dop_operator_3.py
[2025-07-11T09:46:52.735+0000] {logging_mixin.py:188} INFO - [2025-07-11T09:46:52.735+0000] {dag.py:3036} INFO - Sync 1 DAGs
[2025-07-11T09:46:52.777+0000] {logging_mixin.py:188} INFO - [2025-07-11T09:46:52.777+0000] {dag.py:3823} INFO - Setting next_dagrun for example_branch_dop_operator_v3 to 2025-07-11 09:45:00+00:00, run_after=2025-07-11 09:46:00+00:00
[2025-07-11T09:46:52.810+0000] {processor.py:183} INFO - Processing /home/airflow/.local/lib/python3.8/site-packages/airflow/example_dags/example_branch_python_dop_operator_3.py took 0.129 seconds
[2025-07-11T09:47:23.227+0000] {processor.py:161} INFO - Started process (PID=1458) to work on /home/airflow/.local/lib/python3.8/site-packages/airflow/example_dags/example_branch_python_dop_operator_3.py
[2025-07-11T09:47:23.229+0000] {processor.py:830} INFO - Processing file /home/airflow/.local/lib/python3.8/site-packages/airflow/example_dags/example_branch_python_dop_operator_3.py for tasks to queue
[2025-07-11T09:47:23.232+0000] {logging_mixin.py:188} INFO - [2025-07-11T09:47:23.232+0000] {dagbag.py:538} INFO - Filling up the DagBag from /home/airflow/.local/lib/python3.8/site-packages/airflow/example_dags/example_branch_python_dop_operator_3.py
[2025-07-11T09:47:23.248+0000] {processor.py:840} INFO - DAG(s) 'example_branch_dop_operator_v3' retrieved from /home/airflow/.local/lib/python3.8/site-packages/airflow/example_dags/example_branch_python_dop_operator_3.py
[2025-07-11T09:47:23.274+0000] {logging_mixin.py:188} INFO - [2025-07-11T09:47:23.274+0000] {dag.py:3036} INFO - Sync 1 DAGs
[2025-07-11T09:47:23.310+0000] {logging_mixin.py:188} INFO - [2025-07-11T09:47:23.309+0000] {dag.py:3823} INFO - Setting next_dagrun for example_branch_dop_operator_v3 to 2025-07-11 09:46:00+00:00, run_after=2025-07-11 09:47:00+00:00
[2025-07-11T09:47:23.341+0000] {processor.py:183} INFO - Processing /home/airflow/.local/lib/python3.8/site-packages/airflow/example_dags/example_branch_python_dop_operator_3.py took 0.117 seconds
[2025-07-11T09:47:53.511+0000] {processor.py:161} INFO - Started process (PID=1513) to work on /home/airflow/.local/lib/python3.8/site-packages/airflow/example_dags/example_branch_python_dop_operator_3.py
[2025-07-11T09:47:53.513+0000] {processor.py:830} INFO - Processing file /home/airflow/.local/lib/python3.8/site-packages/airflow/example_dags/example_branch_python_dop_operator_3.py for tasks to queue
[2025-07-11T09:47:53.515+0000] {logging_mixin.py:188} INFO - [2025-07-11T09:47:53.514+0000] {dagbag.py:538} INFO - Filling up the DagBag from /home/airflow/.local/lib/python3.8/site-packages/airflow/example_dags/example_branch_python_dop_operator_3.py
[2025-07-11T09:47:53.528+0000] {processor.py:840} INFO - DAG(s) 'example_branch_dop_operator_v3' retrieved from /home/airflow/.local/lib/python3.8/site-packages/airflow/example_dags/example_branch_python_dop_operator_3.py
[2025-07-11T09:47:53.562+0000] {logging_mixin.py:188} INFO - [2025-07-11T09:47:53.562+0000] {dag.py:3036} INFO - Sync 1 DAGs
[2025-07-11T09:47:53.616+0000] {logging_mixin.py:188} INFO - [2025-07-11T09:47:53.615+0000] {dag.py:3823} INFO - Setting next_dagrun for example_branch_dop_operator_v3 to 2025-07-11 09:46:00+00:00, run_after=2025-07-11 09:47:00+00:00
[2025-07-11T09:47:53.651+0000] {processor.py:183} INFO - Processing /home/airflow/.local/lib/python3.8/site-packages/airflow/example_dags/example_branch_python_dop_operator_3.py took 0.144 seconds
[2025-07-11T09:48:24.375+0000] {processor.py:161} INFO - Started process (PID=1568) to work on /home/airflow/.local/lib/python3.8/site-packages/airflow/example_dags/example_branch_python_dop_operator_3.py
[2025-07-11T09:48:24.376+0000] {processor.py:830} INFO - Processing file /home/airflow/.local/lib/python3.8/site-packages/airflow/example_dags/example_branch_python_dop_operator_3.py for tasks to queue
[2025-07-11T09:48:24.379+0000] {logging_mixin.py:188} INFO - [2025-07-11T09:48:24.378+0000] {dagbag.py:538} INFO - Filling up the DagBag from /home/airflow/.local/lib/python3.8/site-packages/airflow/example_dags/example_branch_python_dop_operator_3.py
[2025-07-11T09:48:24.391+0000] {processor.py:840} INFO - DAG(s) 'example_branch_dop_operator_v3' retrieved from /home/airflow/.local/lib/python3.8/site-packages/airflow/example_dags/example_branch_python_dop_operator_3.py
[2025-07-11T09:48:24.421+0000] {logging_mixin.py:188} INFO - [2025-07-11T09:48:24.420+0000] {dag.py:3036} INFO - Sync 1 DAGs
[2025-07-11T09:48:24.457+0000] {logging_mixin.py:188} INFO - [2025-07-11T09:48:24.456+0000] {dag.py:3823} INFO - Setting next_dagrun for example_branch_dop_operator_v3 to 2025-07-11 09:47:00+00:00, run_after=2025-07-11 09:48:00+00:00
[2025-07-11T09:48:24.486+0000] {processor.py:183} INFO - Processing /home/airflow/.local/lib/python3.8/site-packages/airflow/example_dags/example_branch_python_dop_operator_3.py took 0.116 seconds
[2025-07-11T09:48:54.924+0000] {processor.py:161} INFO - Started process (PID=1623) to work on /home/airflow/.local/lib/python3.8/site-packages/airflow/example_dags/example_branch_python_dop_operator_3.py
[2025-07-11T09:48:54.926+0000] {processor.py:830} INFO - Processing file /home/airflow/.local/lib/python3.8/site-packages/airflow/example_dags/example_branch_python_dop_operator_3.py for tasks to queue
[2025-07-11T09:48:54.928+0000] {logging_mixin.py:188} INFO - [2025-07-11T09:48:54.928+0000] {dagbag.py:538} INFO - Filling up the DagBag from /home/airflow/.local/lib/python3.8/site-packages/airflow/example_dags/example_branch_python_dop_operator_3.py
[2025-07-11T09:48:54.942+0000] {processor.py:840} INFO - DAG(s) 'example_branch_dop_operator_v3' retrieved from /home/airflow/.local/lib/python3.8/site-packages/airflow/example_dags/example_branch_python_dop_operator_3.py
[2025-07-11T09:48:54.972+0000] {logging_mixin.py:188} INFO - [2025-07-11T09:48:54.972+0000] {dag.py:3036} INFO - Sync 1 DAGs
[2025-07-11T09:48:55.011+0000] {logging_mixin.py:188} INFO - [2025-07-11T09:48:55.011+0000] {dag.py:3823} INFO - Setting next_dagrun for example_branch_dop_operator_v3 to 2025-07-11 09:47:00+00:00, run_after=2025-07-11 09:48:00+00:00
[2025-07-11T09:48:55.043+0000] {processor.py:183} INFO - Processing /home/airflow/.local/lib/python3.8/site-packages/airflow/example_dags/example_branch_python_dop_operator_3.py took 0.124 seconds
[2025-07-11T09:49:25.491+0000] {processor.py:161} INFO - Started process (PID=1678) to work on /home/airflow/.local/lib/python3.8/site-packages/airflow/example_dags/example_branch_python_dop_operator_3.py
[2025-07-11T09:49:25.492+0000] {processor.py:830} INFO - Processing file /home/airflow/.local/lib/python3.8/site-packages/airflow/example_dags/example_branch_python_dop_operator_3.py for tasks to queue
[2025-07-11T09:49:25.495+0000] {logging_mixin.py:188} INFO - [2025-07-11T09:49:25.494+0000] {dagbag.py:538} INFO - Filling up the DagBag from /home/airflow/.local/lib/python3.8/site-packages/airflow/example_dags/example_branch_python_dop_operator_3.py
[2025-07-11T09:49:25.507+0000] {processor.py:840} INFO - DAG(s) 'example_branch_dop_operator_v3' retrieved from /home/airflow/.local/lib/python3.8/site-packages/airflow/example_dags/example_branch_python_dop_operator_3.py
[2025-07-11T09:49:25.537+0000] {logging_mixin.py:188} INFO - [2025-07-11T09:49:25.537+0000] {dag.py:3036} INFO - Sync 1 DAGs
[2025-07-11T09:49:25.588+0000] {logging_mixin.py:188} INFO - [2025-07-11T09:49:25.587+0000] {dag.py:3823} INFO - Setting next_dagrun for example_branch_dop_operator_v3 to 2025-07-11 09:48:00+00:00, run_after=2025-07-11 09:49:00+00:00
[2025-07-11T09:49:25.628+0000] {processor.py:183} INFO - Processing /home/airflow/.local/lib/python3.8/site-packages/airflow/example_dags/example_branch_python_dop_operator_3.py took 0.142 seconds
[2025-07-11T09:49:55.920+0000] {processor.py:161} INFO - Started process (PID=1733) to work on /home/airflow/.local/lib/python3.8/site-packages/airflow/example_dags/example_branch_python_dop_operator_3.py
[2025-07-11T09:49:55.922+0000] {processor.py:830} INFO - Processing file /home/airflow/.local/lib/python3.8/site-packages/airflow/example_dags/example_branch_python_dop_operator_3.py for tasks to queue
[2025-07-11T09:49:55.925+0000] {logging_mixin.py:188} INFO - [2025-07-11T09:49:55.924+0000] {dagbag.py:538} INFO - Filling up the DagBag from /home/airflow/.local/lib/python3.8/site-packages/airflow/example_dags/example_branch_python_dop_operator_3.py
[2025-07-11T09:49:55.938+0000] {processor.py:840} INFO - DAG(s) 'example_branch_dop_operator_v3' retrieved from /home/airflow/.local/lib/python3.8/site-packages/airflow/example_dags/example_branch_python_dop_operator_3.py
[2025-07-11T09:49:55.966+0000] {logging_mixin.py:188} INFO - [2025-07-11T09:49:55.965+0000] {dag.py:3036} INFO - Sync 1 DAGs
[2025-07-11T09:49:56.016+0000] {logging_mixin.py:188} INFO - [2025-07-11T09:49:56.016+0000] {dag.py:3823} INFO - Setting next_dagrun for example_branch_dop_operator_v3 to 2025-07-11 09:48:00+00:00, run_after=2025-07-11 09:49:00+00:00
[2025-07-11T09:49:56.064+0000] {processor.py:183} INFO - Processing /home/airflow/.local/lib/python3.8/site-packages/airflow/example_dags/example_branch_python_dop_operator_3.py took 0.149 seconds
[2025-07-11T09:50:26.826+0000] {processor.py:161} INFO - Started process (PID=1788) to work on /home/airflow/.local/lib/python3.8/site-packages/airflow/example_dags/example_branch_python_dop_operator_3.py
[2025-07-11T09:50:26.828+0000] {processor.py:830} INFO - Processing file /home/airflow/.local/lib/python3.8/site-packages/airflow/example_dags/example_branch_python_dop_operator_3.py for tasks to queue
[2025-07-11T09:50:26.831+0000] {logging_mixin.py:188} INFO - [2025-07-11T09:50:26.830+0000] {dagbag.py:538} INFO - Filling up the DagBag from /home/airflow/.local/lib/python3.8/site-packages/airflow/example_dags/example_branch_python_dop_operator_3.py
[2025-07-11T09:50:26.845+0000] {processor.py:840} INFO - DAG(s) 'example_branch_dop_operator_v3' retrieved from /home/airflow/.local/lib/python3.8/site-packages/airflow/example_dags/example_branch_python_dop_operator_3.py
[2025-07-11T09:50:26.883+0000] {logging_mixin.py:188} INFO - [2025-07-11T09:50:26.882+0000] {dag.py:3036} INFO - Sync 1 DAGs
[2025-07-11T09:50:26.927+0000] {logging_mixin.py:188} INFO - [2025-07-11T09:50:26.926+0000] {dag.py:3823} INFO - Setting next_dagrun for example_branch_dop_operator_v3 to 2025-07-11 09:49:00+00:00, run_after=2025-07-11 09:50:00+00:00
[2025-07-11T09:50:26.955+0000] {processor.py:183} INFO - Processing /home/airflow/.local/lib/python3.8/site-packages/airflow/example_dags/example_branch_python_dop_operator_3.py took 0.137 seconds
[2025-07-11T09:50:57.750+0000] {processor.py:161} INFO - Started process (PID=1843) to work on /home/airflow/.local/lib/python3.8/site-packages/airflow/example_dags/example_branch_python_dop_operator_3.py
[2025-07-11T09:50:57.751+0000] {processor.py:830} INFO - Processing file /home/airflow/.local/lib/python3.8/site-packages/airflow/example_dags/example_branch_python_dop_operator_3.py for tasks to queue
[2025-07-11T09:50:57.755+0000] {logging_mixin.py:188} INFO - [2025-07-11T09:50:57.755+0000] {dagbag.py:538} INFO - Filling up the DagBag from /home/airflow/.local/lib/python3.8/site-packages/airflow/example_dags/example_branch_python_dop_operator_3.py
[2025-07-11T09:50:57.768+0000] {processor.py:840} INFO - DAG(s) 'example_branch_dop_operator_v3' retrieved from /home/airflow/.local/lib/python3.8/site-packages/airflow/example_dags/example_branch_python_dop_operator_3.py
[2025-07-11T09:50:57.799+0000] {logging_mixin.py:188} INFO - [2025-07-11T09:50:57.799+0000] {dag.py:3036} INFO - Sync 1 DAGs
[2025-07-11T09:50:57.839+0000] {logging_mixin.py:188} INFO - [2025-07-11T09:50:57.839+0000] {dag.py:3823} INFO - Setting next_dagrun for example_branch_dop_operator_v3 to 2025-07-11 09:49:00+00:00, run_after=2025-07-11 09:50:00+00:00
[2025-07-11T09:50:57.869+0000] {processor.py:183} INFO - Processing /home/airflow/.local/lib/python3.8/site-packages/airflow/example_dags/example_branch_python_dop_operator_3.py took 0.124 seconds
[2025-07-11T09:51:28.206+0000] {processor.py:161} INFO - Started process (PID=1898) to work on /home/airflow/.local/lib/python3.8/site-packages/airflow/example_dags/example_branch_python_dop_operator_3.py
[2025-07-11T09:51:28.207+0000] {processor.py:830} INFO - Processing file /home/airflow/.local/lib/python3.8/site-packages/airflow/example_dags/example_branch_python_dop_operator_3.py for tasks to queue
[2025-07-11T09:51:28.210+0000] {logging_mixin.py:188} INFO - [2025-07-11T09:51:28.209+0000] {dagbag.py:538} INFO - Filling up the DagBag from /home/airflow/.local/lib/python3.8/site-packages/airflow/example_dags/example_branch_python_dop_operator_3.py
[2025-07-11T09:51:28.221+0000] {processor.py:840} INFO - DAG(s) 'example_branch_dop_operator_v3' retrieved from /home/airflow/.local/lib/python3.8/site-packages/airflow/example_dags/example_branch_python_dop_operator_3.py
[2025-07-11T09:51:28.248+0000] {logging_mixin.py:188} INFO - [2025-07-11T09:51:28.247+0000] {dag.py:3036} INFO - Sync 1 DAGs
[2025-07-11T09:51:28.283+0000] {logging_mixin.py:188} INFO - [2025-07-11T09:51:28.283+0000] {dag.py:3823} INFO - Setting next_dagrun for example_branch_dop_operator_v3 to 2025-07-11 09:50:00+00:00, run_after=2025-07-11 09:51:00+00:00
[2025-07-11T09:51:28.312+0000] {processor.py:183} INFO - Processing /home/airflow/.local/lib/python3.8/site-packages/airflow/example_dags/example_branch_python_dop_operator_3.py took 0.111 seconds
[2025-07-11T09:51:58.814+0000] {processor.py:161} INFO - Started process (PID=1953) to work on /home/airflow/.local/lib/python3.8/site-packages/airflow/example_dags/example_branch_python_dop_operator_3.py
[2025-07-11T09:51:58.816+0000] {processor.py:830} INFO - Processing file /home/airflow/.local/lib/python3.8/site-packages/airflow/example_dags/example_branch_python_dop_operator_3.py for tasks to queue
[2025-07-11T09:51:58.818+0000] {logging_mixin.py:188} INFO - [2025-07-11T09:51:58.818+0000] {dagbag.py:538} INFO - Filling up the DagBag from /home/airflow/.local/lib/python3.8/site-packages/airflow/example_dags/example_branch_python_dop_operator_3.py
[2025-07-11T09:51:58.830+0000] {processor.py:840} INFO - DAG(s) 'example_branch_dop_operator_v3' retrieved from /home/airflow/.local/lib/python3.8/site-packages/airflow/example_dags/example_branch_python_dop_operator_3.py
[2025-07-11T09:51:58.857+0000] {logging_mixin.py:188} INFO - [2025-07-11T09:51:58.857+0000] {dag.py:3036} INFO - Sync 1 DAGs
[2025-07-11T09:51:58.903+0000] {logging_mixin.py:188} INFO - [2025-07-11T09:51:58.903+0000] {dag.py:3823} INFO - Setting next_dagrun for example_branch_dop_operator_v3 to 2025-07-11 09:50:00+00:00, run_after=2025-07-11 09:51:00+00:00
[2025-07-11T09:51:58.943+0000] {processor.py:183} INFO - Processing /home/airflow/.local/lib/python3.8/site-packages/airflow/example_dags/example_branch_python_dop_operator_3.py took 0.132 seconds
[2025-07-11T09:52:29.622+0000] {processor.py:161} INFO - Started process (PID=2008) to work on /home/airflow/.local/lib/python3.8/site-packages/airflow/example_dags/example_branch_python_dop_operator_3.py
[2025-07-11T09:52:29.624+0000] {processor.py:830} INFO - Processing file /home/airflow/.local/lib/python3.8/site-packages/airflow/example_dags/example_branch_python_dop_operator_3.py for tasks to queue
[2025-07-11T09:52:29.627+0000] {logging_mixin.py:188} INFO - [2025-07-11T09:52:29.627+0000] {dagbag.py:538} INFO - Filling up the DagBag from /home/airflow/.local/lib/python3.8/site-packages/airflow/example_dags/example_branch_python_dop_operator_3.py
[2025-07-11T09:52:29.645+0000] {processor.py:840} INFO - DAG(s) 'example_branch_dop_operator_v3' retrieved from /home/airflow/.local/lib/python3.8/site-packages/airflow/example_dags/example_branch_python_dop_operator_3.py
[2025-07-11T09:52:29.679+0000] {logging_mixin.py:188} INFO - [2025-07-11T09:52:29.679+0000] {dag.py:3036} INFO - Sync 1 DAGs
[2025-07-11T09:52:29.723+0000] {logging_mixin.py:188} INFO - [2025-07-11T09:52:29.723+0000] {dag.py:3823} INFO - Setting next_dagrun for example_branch_dop_operator_v3 to 2025-07-11 09:51:00+00:00, run_after=2025-07-11 09:52:00+00:00
[2025-07-11T09:52:29.757+0000] {processor.py:183} INFO - Processing /home/airflow/.local/lib/python3.8/site-packages/airflow/example_dags/example_branch_python_dop_operator_3.py took 0.141 seconds
[2025-07-11T09:52:59.977+0000] {processor.py:161} INFO - Started process (PID=2063) to work on /home/airflow/.local/lib/python3.8/site-packages/airflow/example_dags/example_branch_python_dop_operator_3.py
[2025-07-11T09:52:59.980+0000] {processor.py:830} INFO - Processing file /home/airflow/.local/lib/python3.8/site-packages/airflow/example_dags/example_branch_python_dop_operator_3.py for tasks to queue
[2025-07-11T09:52:59.984+0000] {logging_mixin.py:188} INFO - [2025-07-11T09:52:59.983+0000] {dagbag.py:538} INFO - Filling up the DagBag from /home/airflow/.local/lib/python3.8/site-packages/airflow/example_dags/example_branch_python_dop_operator_3.py
[2025-07-11T09:53:00.002+0000] {processor.py:840} INFO - DAG(s) 'example_branch_dop_operator_v3' retrieved from /home/airflow/.local/lib/python3.8/site-packages/airflow/example_dags/example_branch_python_dop_operator_3.py
[2025-07-11T09:53:00.041+0000] {logging_mixin.py:188} INFO - [2025-07-11T09:53:00.040+0000] {dag.py:3036} INFO - Sync 1 DAGs
[2025-07-11T09:53:00.097+0000] {logging_mixin.py:188} INFO - [2025-07-11T09:53:00.096+0000] {dag.py:3823} INFO - Setting next_dagrun for example_branch_dop_operator_v3 to 2025-07-11 09:52:00+00:00, run_after=2025-07-11 09:53:00+00:00
[2025-07-11T09:53:00.135+0000] {processor.py:183} INFO - Processing /home/airflow/.local/lib/python3.8/site-packages/airflow/example_dags/example_branch_python_dop_operator_3.py took 0.170 seconds
[2025-07-11T09:53:30.511+0000] {processor.py:161} INFO - Started process (PID=2118) to work on /home/airflow/.local/lib/python3.8/site-packages/airflow/example_dags/example_branch_python_dop_operator_3.py
[2025-07-11T09:53:30.513+0000] {processor.py:830} INFO - Processing file /home/airflow/.local/lib/python3.8/site-packages/airflow/example_dags/example_branch_python_dop_operator_3.py for tasks to queue
[2025-07-11T09:53:30.516+0000] {logging_mixin.py:188} INFO - [2025-07-11T09:53:30.515+0000] {dagbag.py:538} INFO - Filling up the DagBag from /home/airflow/.local/lib/python3.8/site-packages/airflow/example_dags/example_branch_python_dop_operator_3.py
[2025-07-11T09:53:30.528+0000] {processor.py:840} INFO - DAG(s) 'example_branch_dop_operator_v3' retrieved from /home/airflow/.local/lib/python3.8/site-packages/airflow/example_dags/example_branch_python_dop_operator_3.py
[2025-07-11T09:53:30.559+0000] {logging_mixin.py:188} INFO - [2025-07-11T09:53:30.558+0000] {dag.py:3036} INFO - Sync 1 DAGs
[2025-07-11T09:53:30.603+0000] {logging_mixin.py:188} INFO - [2025-07-11T09:53:30.603+0000] {dag.py:3823} INFO - Setting next_dagrun for example_branch_dop_operator_v3 to 2025-07-11 09:52:00+00:00, run_after=2025-07-11 09:53:00+00:00
[2025-07-11T09:53:30.641+0000] {processor.py:183} INFO - Processing /home/airflow/.local/lib/python3.8/site-packages/airflow/example_dags/example_branch_python_dop_operator_3.py took 0.135 seconds
[2025-07-11T09:54:00.983+0000] {processor.py:161} INFO - Started process (PID=2173) to work on /home/airflow/.local/lib/python3.8/site-packages/airflow/example_dags/example_branch_python_dop_operator_3.py
[2025-07-11T09:54:00.984+0000] {processor.py:830} INFO - Processing file /home/airflow/.local/lib/python3.8/site-packages/airflow/example_dags/example_branch_python_dop_operator_3.py for tasks to queue
[2025-07-11T09:54:00.987+0000] {logging_mixin.py:188} INFO - [2025-07-11T09:54:00.986+0000] {dagbag.py:538} INFO - Filling up the DagBag from /home/airflow/.local/lib/python3.8/site-packages/airflow/example_dags/example_branch_python_dop_operator_3.py
[2025-07-11T09:54:00.999+0000] {processor.py:840} INFO - DAG(s) 'example_branch_dop_operator_v3' retrieved from /home/airflow/.local/lib/python3.8/site-packages/airflow/example_dags/example_branch_python_dop_operator_3.py
[2025-07-11T09:54:01.027+0000] {logging_mixin.py:188} INFO - [2025-07-11T09:54:01.026+0000] {dag.py:3036} INFO - Sync 1 DAGs
[2025-07-11T09:54:01.063+0000] {logging_mixin.py:188} INFO - [2025-07-11T09:54:01.062+0000] {dag.py:3823} INFO - Setting next_dagrun for example_branch_dop_operator_v3 to 2025-07-11 09:53:00+00:00, run_after=2025-07-11 09:54:00+00:00
[2025-07-11T09:54:01.303+0000] {processor.py:183} INFO - Processing /home/airflow/.local/lib/python3.8/site-packages/airflow/example_dags/example_branch_python_dop_operator_3.py took 0.325 seconds
[2025-07-11T09:54:31.542+0000] {processor.py:161} INFO - Started process (PID=2228) to work on /home/airflow/.local/lib/python3.8/site-packages/airflow/example_dags/example_branch_python_dop_operator_3.py
[2025-07-11T09:54:31.543+0000] {processor.py:830} INFO - Processing file /home/airflow/.local/lib/python3.8/site-packages/airflow/example_dags/example_branch_python_dop_operator_3.py for tasks to queue
[2025-07-11T09:54:31.547+0000] {logging_mixin.py:188} INFO - [2025-07-11T09:54:31.546+0000] {dagbag.py:538} INFO - Filling up the DagBag from /home/airflow/.local/lib/python3.8/site-packages/airflow/example_dags/example_branch_python_dop_operator_3.py
[2025-07-11T09:54:31.563+0000] {processor.py:840} INFO - DAG(s) 'example_branch_dop_operator_v3' retrieved from /home/airflow/.local/lib/python3.8/site-packages/airflow/example_dags/example_branch_python_dop_operator_3.py
[2025-07-11T09:54:31.593+0000] {logging_mixin.py:188} INFO - [2025-07-11T09:54:31.592+0000] {dag.py:3036} INFO - Sync 1 DAGs
[2025-07-11T09:54:31.633+0000] {logging_mixin.py:188} INFO - [2025-07-11T09:54:31.632+0000] {dag.py:3823} INFO - Setting next_dagrun for example_branch_dop_operator_v3 to 2025-07-11 09:53:00+00:00, run_after=2025-07-11 09:54:00+00:00
[2025-07-11T09:54:31.670+0000] {processor.py:183} INFO - Processing /home/airflow/.local/lib/python3.8/site-packages/airflow/example_dags/example_branch_python_dop_operator_3.py took 0.133 seconds
