[2025-07-11T09:25:00.661+0000] {processor.py:161} INFO - Started process (PID=114) to work on /home/airflow/.local/lib/python3.8/site-packages/airflow/example_dags/example_complex.py
[2025-07-11T09:25:00.663+0000] {processor.py:830} INFO - Processing file /home/airflow/.local/lib/python3.8/site-packages/airflow/example_dags/example_complex.py for tasks to queue
[2025-07-11T09:25:00.666+0000] {logging_mixin.py:188} INFO - [2025-07-11T09:25:00.665+0000] {dagbag.py:538} INFO - Filling up the DagBag from /home/airflow/.local/lib/python3.8/site-packages/airflow/example_dags/example_complex.py
[2025-07-11T09:25:00.687+0000] {processor.py:840} INFO - DAG(s) 'example_complex' retrieved from /home/airflow/.local/lib/python3.8/site-packages/airflow/example_dags/example_complex.py
[2025-07-11T09:25:00.893+0000] {logging_mixin.py:188} INFO - [2025-07-11T09:25:00.892+0000] {override.py:1769} INFO - Created Permission View: can edit on DAG:example_complex
[2025-07-11T09:25:00.910+0000] {logging_mixin.py:188} INFO - [2025-07-11T09:25:00.910+0000] {override.py:1769} INFO - Created Permission View: can delete on DAG:example_complex
[2025-07-11T09:25:00.924+0000] {logging_mixin.py:188} INFO - [2025-07-11T09:25:00.923+0000] {override.py:1769} INFO - Created Permission View: can read on DAG:example_complex
[2025-07-11T09:25:00.925+0000] {logging_mixin.py:188} INFO - [2025-07-11T09:25:00.924+0000] {dag.py:3036} INFO - Sync 1 DAGs
[2025-07-11T09:25:00.943+0000] {logging_mixin.py:188} INFO - [2025-07-11T09:25:00.942+0000] {dag.py:3058} INFO - Creating ORM DAG for example_complex
[2025-07-11T09:25:00.943+0000] {logging_mixin.py:188} INFO - [2025-07-11T09:25:00.943+0000] {dag.py:3823} INFO - Setting next_dagrun for example_complex to None, run_after=None
[2025-07-11T09:25:00.977+0000] {processor.py:183} INFO - Processing /home/airflow/.local/lib/python3.8/site-packages/airflow/example_dags/example_complex.py took 0.320 seconds
[2025-07-11T09:25:31.508+0000] {processor.py:161} INFO - Started process (PID=169) to work on /home/airflow/.local/lib/python3.8/site-packages/airflow/example_dags/example_complex.py
[2025-07-11T09:25:31.509+0000] {processor.py:830} INFO - Processing file /home/airflow/.local/lib/python3.8/site-packages/airflow/example_dags/example_complex.py for tasks to queue
[2025-07-11T09:25:31.512+0000] {logging_mixin.py:188} INFO - [2025-07-11T09:25:31.512+0000] {dagbag.py:538} INFO - Filling up the DagBag from /home/airflow/.local/lib/python3.8/site-packages/airflow/example_dags/example_complex.py
[2025-07-11T09:25:31.527+0000] {processor.py:840} INFO - DAG(s) 'example_complex' retrieved from /home/airflow/.local/lib/python3.8/site-packages/airflow/example_dags/example_complex.py
[2025-07-11T09:25:31.572+0000] {logging_mixin.py:188} INFO - [2025-07-11T09:25:31.572+0000] {dag.py:3036} INFO - Sync 1 DAGs
[2025-07-11T09:25:31.595+0000] {logging_mixin.py:188} INFO - [2025-07-11T09:25:31.595+0000] {dag.py:3823} INFO - Setting next_dagrun for example_complex to None, run_after=None
[2025-07-11T09:25:31.629+0000] {processor.py:183} INFO - Processing /home/airflow/.local/lib/python3.8/site-packages/airflow/example_dags/example_complex.py took 0.126 seconds
[2025-07-11T09:26:01.816+0000] {processor.py:161} INFO - Started process (PID=224) to work on /home/airflow/.local/lib/python3.8/site-packages/airflow/example_dags/example_complex.py
[2025-07-11T09:26:01.818+0000] {processor.py:830} INFO - Processing file /home/airflow/.local/lib/python3.8/site-packages/airflow/example_dags/example_complex.py for tasks to queue
[2025-07-11T09:26:01.820+0000] {logging_mixin.py:188} INFO - [2025-07-11T09:26:01.820+0000] {dagbag.py:538} INFO - Filling up the DagBag from /home/airflow/.local/lib/python3.8/site-packages/airflow/example_dags/example_complex.py
[2025-07-11T09:26:01.837+0000] {processor.py:840} INFO - DAG(s) 'example_complex' retrieved from /home/airflow/.local/lib/python3.8/site-packages/airflow/example_dags/example_complex.py
[2025-07-11T09:26:01.888+0000] {logging_mixin.py:188} INFO - [2025-07-11T09:26:01.887+0000] {dag.py:3036} INFO - Sync 1 DAGs
[2025-07-11T09:26:01.909+0000] {logging_mixin.py:188} INFO - [2025-07-11T09:26:01.909+0000] {dag.py:3823} INFO - Setting next_dagrun for example_complex to None, run_after=None
[2025-07-11T09:26:01.943+0000] {processor.py:183} INFO - Processing /home/airflow/.local/lib/python3.8/site-packages/airflow/example_dags/example_complex.py took 0.131 seconds
[2025-07-11T09:26:32.276+0000] {processor.py:161} INFO - Started process (PID=279) to work on /home/airflow/.local/lib/python3.8/site-packages/airflow/example_dags/example_complex.py
[2025-07-11T09:26:32.279+0000] {processor.py:830} INFO - Processing file /home/airflow/.local/lib/python3.8/site-packages/airflow/example_dags/example_complex.py for tasks to queue
[2025-07-11T09:26:32.283+0000] {logging_mixin.py:188} INFO - [2025-07-11T09:26:32.283+0000] {dagbag.py:538} INFO - Filling up the DagBag from /home/airflow/.local/lib/python3.8/site-packages/airflow/example_dags/example_complex.py
[2025-07-11T09:26:32.302+0000] {processor.py:840} INFO - DAG(s) 'example_complex' retrieved from /home/airflow/.local/lib/python3.8/site-packages/airflow/example_dags/example_complex.py
[2025-07-11T09:26:32.357+0000] {logging_mixin.py:188} INFO - [2025-07-11T09:26:32.357+0000] {dag.py:3036} INFO - Sync 1 DAGs
[2025-07-11T09:26:32.376+0000] {logging_mixin.py:188} INFO - [2025-07-11T09:26:32.376+0000] {dag.py:3823} INFO - Setting next_dagrun for example_complex to None, run_after=None
[2025-07-11T09:26:32.416+0000] {processor.py:183} INFO - Processing /home/airflow/.local/lib/python3.8/site-packages/airflow/example_dags/example_complex.py took 0.144 seconds
[2025-07-11T09:27:02.649+0000] {processor.py:161} INFO - Started process (PID=334) to work on /home/airflow/.local/lib/python3.8/site-packages/airflow/example_dags/example_complex.py
[2025-07-11T09:27:02.651+0000] {processor.py:830} INFO - Processing file /home/airflow/.local/lib/python3.8/site-packages/airflow/example_dags/example_complex.py for tasks to queue
[2025-07-11T09:27:02.653+0000] {logging_mixin.py:188} INFO - [2025-07-11T09:27:02.653+0000] {dagbag.py:538} INFO - Filling up the DagBag from /home/airflow/.local/lib/python3.8/site-packages/airflow/example_dags/example_complex.py
[2025-07-11T09:27:02.669+0000] {processor.py:840} INFO - DAG(s) 'example_complex' retrieved from /home/airflow/.local/lib/python3.8/site-packages/airflow/example_dags/example_complex.py
[2025-07-11T09:27:02.717+0000] {logging_mixin.py:188} INFO - [2025-07-11T09:27:02.716+0000] {dag.py:3036} INFO - Sync 1 DAGs
[2025-07-11T09:27:02.734+0000] {logging_mixin.py:188} INFO - [2025-07-11T09:27:02.733+0000] {dag.py:3823} INFO - Setting next_dagrun for example_complex to None, run_after=None
[2025-07-11T09:27:02.765+0000] {processor.py:183} INFO - Processing /home/airflow/.local/lib/python3.8/site-packages/airflow/example_dags/example_complex.py took 0.120 seconds
[2025-07-11T09:28:27.819+0000] {processor.py:161} INFO - Started process (PID=115) to work on /home/airflow/.local/lib/python3.8/site-packages/airflow/example_dags/example_complex.py
[2025-07-11T09:28:27.821+0000] {processor.py:830} INFO - Processing file /home/airflow/.local/lib/python3.8/site-packages/airflow/example_dags/example_complex.py for tasks to queue
[2025-07-11T09:28:27.824+0000] {logging_mixin.py:188} INFO - [2025-07-11T09:28:27.823+0000] {dagbag.py:538} INFO - Filling up the DagBag from /home/airflow/.local/lib/python3.8/site-packages/airflow/example_dags/example_complex.py
[2025-07-11T09:28:27.846+0000] {processor.py:840} INFO - DAG(s) 'example_complex' retrieved from /home/airflow/.local/lib/python3.8/site-packages/airflow/example_dags/example_complex.py
[2025-07-11T09:28:28.056+0000] {logging_mixin.py:188} INFO - [2025-07-11T09:28:28.055+0000] {override.py:1769} INFO - Created Permission View: can read on DAG:example_complex
[2025-07-11T09:28:28.076+0000] {logging_mixin.py:188} INFO - [2025-07-11T09:28:28.076+0000] {override.py:1769} INFO - Created Permission View: can delete on DAG:example_complex
[2025-07-11T09:28:28.092+0000] {logging_mixin.py:188} INFO - [2025-07-11T09:28:28.092+0000] {override.py:1769} INFO - Created Permission View: can edit on DAG:example_complex
[2025-07-11T09:28:28.093+0000] {logging_mixin.py:188} INFO - [2025-07-11T09:28:28.093+0000] {dag.py:3036} INFO - Sync 1 DAGs
[2025-07-11T09:28:28.112+0000] {logging_mixin.py:188} INFO - [2025-07-11T09:28:28.112+0000] {dag.py:3058} INFO - Creating ORM DAG for example_complex
[2025-07-11T09:28:28.113+0000] {logging_mixin.py:188} INFO - [2025-07-11T09:28:28.113+0000] {dag.py:3823} INFO - Setting next_dagrun for example_complex to None, run_after=None
[2025-07-11T09:28:28.324+0000] {processor.py:183} INFO - Processing /home/airflow/.local/lib/python3.8/site-packages/airflow/example_dags/example_complex.py took 0.509 seconds
[2025-07-11T09:28:59.228+0000] {processor.py:161} INFO - Started process (PID=170) to work on /home/airflow/.local/lib/python3.8/site-packages/airflow/example_dags/example_complex.py
[2025-07-11T09:28:59.230+0000] {processor.py:830} INFO - Processing file /home/airflow/.local/lib/python3.8/site-packages/airflow/example_dags/example_complex.py for tasks to queue
[2025-07-11T09:28:59.232+0000] {logging_mixin.py:188} INFO - [2025-07-11T09:28:59.231+0000] {dagbag.py:538} INFO - Filling up the DagBag from /home/airflow/.local/lib/python3.8/site-packages/airflow/example_dags/example_complex.py
[2025-07-11T09:28:59.252+0000] {processor.py:840} INFO - DAG(s) 'example_complex' retrieved from /home/airflow/.local/lib/python3.8/site-packages/airflow/example_dags/example_complex.py
[2025-07-11T09:28:59.315+0000] {logging_mixin.py:188} INFO - [2025-07-11T09:28:59.314+0000] {dag.py:3036} INFO - Sync 1 DAGs
[2025-07-11T09:28:59.344+0000] {logging_mixin.py:188} INFO - [2025-07-11T09:28:59.343+0000] {dag.py:3823} INFO - Setting next_dagrun for example_complex to None, run_after=None
[2025-07-11T09:28:59.398+0000] {processor.py:183} INFO - Processing /home/airflow/.local/lib/python3.8/site-packages/airflow/example_dags/example_complex.py took 0.174 seconds
[2025-07-11T09:29:29.589+0000] {processor.py:161} INFO - Started process (PID=225) to work on /home/airflow/.local/lib/python3.8/site-packages/airflow/example_dags/example_complex.py
[2025-07-11T09:29:29.592+0000] {processor.py:830} INFO - Processing file /home/airflow/.local/lib/python3.8/site-packages/airflow/example_dags/example_complex.py for tasks to queue
[2025-07-11T09:29:29.598+0000] {logging_mixin.py:188} INFO - [2025-07-11T09:29:29.597+0000] {dagbag.py:538} INFO - Filling up the DagBag from /home/airflow/.local/lib/python3.8/site-packages/airflow/example_dags/example_complex.py
[2025-07-11T09:29:29.615+0000] {processor.py:840} INFO - DAG(s) 'example_complex' retrieved from /home/airflow/.local/lib/python3.8/site-packages/airflow/example_dags/example_complex.py
[2025-07-11T09:29:29.655+0000] {logging_mixin.py:188} INFO - [2025-07-11T09:29:29.655+0000] {dag.py:3036} INFO - Sync 1 DAGs
[2025-07-11T09:29:29.672+0000] {logging_mixin.py:188} INFO - [2025-07-11T09:29:29.671+0000] {dag.py:3823} INFO - Setting next_dagrun for example_complex to None, run_after=None
[2025-07-11T09:29:29.705+0000] {processor.py:183} INFO - Processing /home/airflow/.local/lib/python3.8/site-packages/airflow/example_dags/example_complex.py took 0.125 seconds
[2025-07-11T09:29:59.750+0000] {processor.py:161} INFO - Started process (PID=280) to work on /home/airflow/.local/lib/python3.8/site-packages/airflow/example_dags/example_complex.py
[2025-07-11T09:29:59.752+0000] {processor.py:830} INFO - Processing file /home/airflow/.local/lib/python3.8/site-packages/airflow/example_dags/example_complex.py for tasks to queue
[2025-07-11T09:29:59.754+0000] {logging_mixin.py:188} INFO - [2025-07-11T09:29:59.754+0000] {dagbag.py:538} INFO - Filling up the DagBag from /home/airflow/.local/lib/python3.8/site-packages/airflow/example_dags/example_complex.py
[2025-07-11T09:29:59.769+0000] {processor.py:840} INFO - DAG(s) 'example_complex' retrieved from /home/airflow/.local/lib/python3.8/site-packages/airflow/example_dags/example_complex.py
[2025-07-11T09:29:59.813+0000] {logging_mixin.py:188} INFO - [2025-07-11T09:29:59.813+0000] {dag.py:3036} INFO - Sync 1 DAGs
[2025-07-11T09:29:59.831+0000] {logging_mixin.py:188} INFO - [2025-07-11T09:29:59.830+0000] {dag.py:3823} INFO - Setting next_dagrun for example_complex to None, run_after=None
[2025-07-11T09:29:59.861+0000] {processor.py:183} INFO - Processing /home/airflow/.local/lib/python3.8/site-packages/airflow/example_dags/example_complex.py took 0.115 seconds
[2025-07-11T09:30:30.676+0000] {processor.py:161} INFO - Started process (PID=335) to work on /home/airflow/.local/lib/python3.8/site-packages/airflow/example_dags/example_complex.py
[2025-07-11T09:30:30.678+0000] {processor.py:830} INFO - Processing file /home/airflow/.local/lib/python3.8/site-packages/airflow/example_dags/example_complex.py for tasks to queue
[2025-07-11T09:30:30.681+0000] {logging_mixin.py:188} INFO - [2025-07-11T09:30:30.681+0000] {dagbag.py:538} INFO - Filling up the DagBag from /home/airflow/.local/lib/python3.8/site-packages/airflow/example_dags/example_complex.py
[2025-07-11T09:30:30.697+0000] {processor.py:840} INFO - DAG(s) 'example_complex' retrieved from /home/airflow/.local/lib/python3.8/site-packages/airflow/example_dags/example_complex.py
[2025-07-11T09:30:30.747+0000] {logging_mixin.py:188} INFO - [2025-07-11T09:30:30.746+0000] {dag.py:3036} INFO - Sync 1 DAGs
[2025-07-11T09:30:30.770+0000] {logging_mixin.py:188} INFO - [2025-07-11T09:30:30.769+0000] {dag.py:3823} INFO - Setting next_dagrun for example_complex to None, run_after=None
[2025-07-11T09:30:30.804+0000] {processor.py:183} INFO - Processing /home/airflow/.local/lib/python3.8/site-packages/airflow/example_dags/example_complex.py took 0.133 seconds
[2025-07-11T09:31:01.270+0000] {processor.py:161} INFO - Started process (PID=390) to work on /home/airflow/.local/lib/python3.8/site-packages/airflow/example_dags/example_complex.py
[2025-07-11T09:31:01.272+0000] {processor.py:830} INFO - Processing file /home/airflow/.local/lib/python3.8/site-packages/airflow/example_dags/example_complex.py for tasks to queue
[2025-07-11T09:31:01.275+0000] {logging_mixin.py:188} INFO - [2025-07-11T09:31:01.275+0000] {dagbag.py:538} INFO - Filling up the DagBag from /home/airflow/.local/lib/python3.8/site-packages/airflow/example_dags/example_complex.py
[2025-07-11T09:31:01.300+0000] {processor.py:840} INFO - DAG(s) 'example_complex' retrieved from /home/airflow/.local/lib/python3.8/site-packages/airflow/example_dags/example_complex.py
[2025-07-11T09:31:01.344+0000] {logging_mixin.py:188} INFO - [2025-07-11T09:31:01.343+0000] {dag.py:3036} INFO - Sync 1 DAGs
[2025-07-11T09:31:01.366+0000] {logging_mixin.py:188} INFO - [2025-07-11T09:31:01.365+0000] {dag.py:3823} INFO - Setting next_dagrun for example_complex to None, run_after=None
[2025-07-11T09:31:01.399+0000] {processor.py:183} INFO - Processing /home/airflow/.local/lib/python3.8/site-packages/airflow/example_dags/example_complex.py took 0.134 seconds
[2025-07-11T09:31:31.634+0000] {processor.py:161} INFO - Started process (PID=445) to work on /home/airflow/.local/lib/python3.8/site-packages/airflow/example_dags/example_complex.py
[2025-07-11T09:31:31.636+0000] {processor.py:830} INFO - Processing file /home/airflow/.local/lib/python3.8/site-packages/airflow/example_dags/example_complex.py for tasks to queue
[2025-07-11T09:31:31.638+0000] {logging_mixin.py:188} INFO - [2025-07-11T09:31:31.638+0000] {dagbag.py:538} INFO - Filling up the DagBag from /home/airflow/.local/lib/python3.8/site-packages/airflow/example_dags/example_complex.py
[2025-07-11T09:31:31.654+0000] {processor.py:840} INFO - DAG(s) 'example_complex' retrieved from /home/airflow/.local/lib/python3.8/site-packages/airflow/example_dags/example_complex.py
[2025-07-11T09:31:31.697+0000] {logging_mixin.py:188} INFO - [2025-07-11T09:31:31.697+0000] {dag.py:3036} INFO - Sync 1 DAGs
[2025-07-11T09:31:31.717+0000] {logging_mixin.py:188} INFO - [2025-07-11T09:31:31.717+0000] {dag.py:3823} INFO - Setting next_dagrun for example_complex to None, run_after=None
[2025-07-11T09:31:31.749+0000] {processor.py:183} INFO - Processing /home/airflow/.local/lib/python3.8/site-packages/airflow/example_dags/example_complex.py took 0.119 seconds
[2025-07-11T09:32:01.802+0000] {processor.py:161} INFO - Started process (PID=500) to work on /home/airflow/.local/lib/python3.8/site-packages/airflow/example_dags/example_complex.py
[2025-07-11T09:32:01.803+0000] {processor.py:830} INFO - Processing file /home/airflow/.local/lib/python3.8/site-packages/airflow/example_dags/example_complex.py for tasks to queue
[2025-07-11T09:32:01.806+0000] {logging_mixin.py:188} INFO - [2025-07-11T09:32:01.805+0000] {dagbag.py:538} INFO - Filling up the DagBag from /home/airflow/.local/lib/python3.8/site-packages/airflow/example_dags/example_complex.py
[2025-07-11T09:32:01.821+0000] {processor.py:840} INFO - DAG(s) 'example_complex' retrieved from /home/airflow/.local/lib/python3.8/site-packages/airflow/example_dags/example_complex.py
[2025-07-11T09:32:01.864+0000] {logging_mixin.py:188} INFO - [2025-07-11T09:32:01.864+0000] {dag.py:3036} INFO - Sync 1 DAGs
[2025-07-11T09:32:01.882+0000] {logging_mixin.py:188} INFO - [2025-07-11T09:32:01.881+0000] {dag.py:3823} INFO - Setting next_dagrun for example_complex to None, run_after=None
[2025-07-11T09:32:01.913+0000] {processor.py:183} INFO - Processing /home/airflow/.local/lib/python3.8/site-packages/airflow/example_dags/example_complex.py took 0.116 seconds
[2025-07-11T09:32:32.286+0000] {processor.py:161} INFO - Started process (PID=555) to work on /home/airflow/.local/lib/python3.8/site-packages/airflow/example_dags/example_complex.py
[2025-07-11T09:32:32.288+0000] {processor.py:830} INFO - Processing file /home/airflow/.local/lib/python3.8/site-packages/airflow/example_dags/example_complex.py for tasks to queue
[2025-07-11T09:32:32.291+0000] {logging_mixin.py:188} INFO - [2025-07-11T09:32:32.290+0000] {dagbag.py:538} INFO - Filling up the DagBag from /home/airflow/.local/lib/python3.8/site-packages/airflow/example_dags/example_complex.py
[2025-07-11T09:32:32.307+0000] {processor.py:840} INFO - DAG(s) 'example_complex' retrieved from /home/airflow/.local/lib/python3.8/site-packages/airflow/example_dags/example_complex.py
[2025-07-11T09:32:32.352+0000] {logging_mixin.py:188} INFO - [2025-07-11T09:32:32.352+0000] {dag.py:3036} INFO - Sync 1 DAGs
[2025-07-11T09:32:32.370+0000] {logging_mixin.py:188} INFO - [2025-07-11T09:32:32.369+0000] {dag.py:3823} INFO - Setting next_dagrun for example_complex to None, run_after=None
[2025-07-11T09:32:32.407+0000] {processor.py:183} INFO - Processing /home/airflow/.local/lib/python3.8/site-packages/airflow/example_dags/example_complex.py took 0.125 seconds
[2025-07-11T09:33:02.737+0000] {processor.py:161} INFO - Started process (PID=610) to work on /home/airflow/.local/lib/python3.8/site-packages/airflow/example_dags/example_complex.py
[2025-07-11T09:33:02.739+0000] {processor.py:830} INFO - Processing file /home/airflow/.local/lib/python3.8/site-packages/airflow/example_dags/example_complex.py for tasks to queue
[2025-07-11T09:33:02.742+0000] {logging_mixin.py:188} INFO - [2025-07-11T09:33:02.742+0000] {dagbag.py:538} INFO - Filling up the DagBag from /home/airflow/.local/lib/python3.8/site-packages/airflow/example_dags/example_complex.py
[2025-07-11T09:33:02.758+0000] {processor.py:840} INFO - DAG(s) 'example_complex' retrieved from /home/airflow/.local/lib/python3.8/site-packages/airflow/example_dags/example_complex.py
[2025-07-11T09:33:02.803+0000] {logging_mixin.py:188} INFO - [2025-07-11T09:33:02.802+0000] {dag.py:3036} INFO - Sync 1 DAGs
[2025-07-11T09:33:02.822+0000] {logging_mixin.py:188} INFO - [2025-07-11T09:33:02.822+0000] {dag.py:3823} INFO - Setting next_dagrun for example_complex to None, run_after=None
[2025-07-11T09:33:02.854+0000] {processor.py:183} INFO - Processing /home/airflow/.local/lib/python3.8/site-packages/airflow/example_dags/example_complex.py took 0.121 seconds
[2025-07-11T09:33:33.074+0000] {processor.py:161} INFO - Started process (PID=665) to work on /home/airflow/.local/lib/python3.8/site-packages/airflow/example_dags/example_complex.py
[2025-07-11T09:33:33.076+0000] {processor.py:830} INFO - Processing file /home/airflow/.local/lib/python3.8/site-packages/airflow/example_dags/example_complex.py for tasks to queue
[2025-07-11T09:33:33.079+0000] {logging_mixin.py:188} INFO - [2025-07-11T09:33:33.078+0000] {dagbag.py:538} INFO - Filling up the DagBag from /home/airflow/.local/lib/python3.8/site-packages/airflow/example_dags/example_complex.py
[2025-07-11T09:33:33.096+0000] {processor.py:840} INFO - DAG(s) 'example_complex' retrieved from /home/airflow/.local/lib/python3.8/site-packages/airflow/example_dags/example_complex.py
[2025-07-11T09:33:33.141+0000] {logging_mixin.py:188} INFO - [2025-07-11T09:33:33.140+0000] {dag.py:3036} INFO - Sync 1 DAGs
[2025-07-11T09:33:33.160+0000] {logging_mixin.py:188} INFO - [2025-07-11T09:33:33.159+0000] {dag.py:3823} INFO - Setting next_dagrun for example_complex to None, run_after=None
[2025-07-11T09:33:33.190+0000] {processor.py:183} INFO - Processing /home/airflow/.local/lib/python3.8/site-packages/airflow/example_dags/example_complex.py took 0.121 seconds
[2025-07-11T09:34:49.791+0000] {processor.py:161} INFO - Started process (PID=116) to work on /home/airflow/.local/lib/python3.8/site-packages/airflow/example_dags/example_complex.py
[2025-07-11T09:34:49.793+0000] {processor.py:830} INFO - Processing file /home/airflow/.local/lib/python3.8/site-packages/airflow/example_dags/example_complex.py for tasks to queue
[2025-07-11T09:34:49.796+0000] {logging_mixin.py:188} INFO - [2025-07-11T09:34:49.796+0000] {dagbag.py:538} INFO - Filling up the DagBag from /home/airflow/.local/lib/python3.8/site-packages/airflow/example_dags/example_complex.py
[2025-07-11T09:34:49.819+0000] {processor.py:840} INFO - DAG(s) 'example_complex' retrieved from /home/airflow/.local/lib/python3.8/site-packages/airflow/example_dags/example_complex.py
[2025-07-11T09:34:50.011+0000] {logging_mixin.py:188} INFO - [2025-07-11T09:34:50.010+0000] {override.py:1769} INFO - Created Permission View: can edit on DAG:example_complex
[2025-07-11T09:34:50.029+0000] {logging_mixin.py:188} INFO - [2025-07-11T09:34:50.029+0000] {override.py:1769} INFO - Created Permission View: can delete on DAG:example_complex
[2025-07-11T09:34:50.042+0000] {logging_mixin.py:188} INFO - [2025-07-11T09:34:50.042+0000] {override.py:1769} INFO - Created Permission View: can read on DAG:example_complex
[2025-07-11T09:34:50.043+0000] {logging_mixin.py:188} INFO - [2025-07-11T09:34:50.043+0000] {dag.py:3036} INFO - Sync 1 DAGs
[2025-07-11T09:34:50.062+0000] {logging_mixin.py:188} INFO - [2025-07-11T09:34:50.062+0000] {dag.py:3058} INFO - Creating ORM DAG for example_complex
[2025-07-11T09:34:50.063+0000] {logging_mixin.py:188} INFO - [2025-07-11T09:34:50.063+0000] {dag.py:3823} INFO - Setting next_dagrun for example_complex to None, run_after=None
[2025-07-11T09:34:50.093+0000] {processor.py:183} INFO - Processing /home/airflow/.local/lib/python3.8/site-packages/airflow/example_dags/example_complex.py took 0.307 seconds
[2025-07-11T09:35:20.258+0000] {processor.py:161} INFO - Started process (PID=171) to work on /home/airflow/.local/lib/python3.8/site-packages/airflow/example_dags/example_complex.py
[2025-07-11T09:35:20.260+0000] {processor.py:830} INFO - Processing file /home/airflow/.local/lib/python3.8/site-packages/airflow/example_dags/example_complex.py for tasks to queue
[2025-07-11T09:35:20.262+0000] {logging_mixin.py:188} INFO - [2025-07-11T09:35:20.262+0000] {dagbag.py:538} INFO - Filling up the DagBag from /home/airflow/.local/lib/python3.8/site-packages/airflow/example_dags/example_complex.py
[2025-07-11T09:35:20.278+0000] {processor.py:840} INFO - DAG(s) 'example_complex' retrieved from /home/airflow/.local/lib/python3.8/site-packages/airflow/example_dags/example_complex.py
[2025-07-11T09:35:20.320+0000] {logging_mixin.py:188} INFO - [2025-07-11T09:35:20.320+0000] {dag.py:3036} INFO - Sync 1 DAGs
[2025-07-11T09:35:20.343+0000] {logging_mixin.py:188} INFO - [2025-07-11T09:35:20.342+0000] {dag.py:3823} INFO - Setting next_dagrun for example_complex to None, run_after=None
[2025-07-11T09:35:20.379+0000] {processor.py:183} INFO - Processing /home/airflow/.local/lib/python3.8/site-packages/airflow/example_dags/example_complex.py took 0.126 seconds
[2025-07-11T09:35:50.445+0000] {processor.py:161} INFO - Started process (PID=226) to work on /home/airflow/.local/lib/python3.8/site-packages/airflow/example_dags/example_complex.py
[2025-07-11T09:35:50.447+0000] {processor.py:830} INFO - Processing file /home/airflow/.local/lib/python3.8/site-packages/airflow/example_dags/example_complex.py for tasks to queue
[2025-07-11T09:35:50.449+0000] {logging_mixin.py:188} INFO - [2025-07-11T09:35:50.449+0000] {dagbag.py:538} INFO - Filling up the DagBag from /home/airflow/.local/lib/python3.8/site-packages/airflow/example_dags/example_complex.py
[2025-07-11T09:35:50.465+0000] {processor.py:840} INFO - DAG(s) 'example_complex' retrieved from /home/airflow/.local/lib/python3.8/site-packages/airflow/example_dags/example_complex.py
[2025-07-11T09:35:50.511+0000] {logging_mixin.py:188} INFO - [2025-07-11T09:35:50.511+0000] {dag.py:3036} INFO - Sync 1 DAGs
[2025-07-11T09:35:50.533+0000] {logging_mixin.py:188} INFO - [2025-07-11T09:35:50.532+0000] {dag.py:3823} INFO - Setting next_dagrun for example_complex to None, run_after=None
[2025-07-11T09:35:50.563+0000] {processor.py:183} INFO - Processing /home/airflow/.local/lib/python3.8/site-packages/airflow/example_dags/example_complex.py took 0.122 seconds
[2025-07-11T09:36:20.714+0000] {processor.py:161} INFO - Started process (PID=281) to work on /home/airflow/.local/lib/python3.8/site-packages/airflow/example_dags/example_complex.py
[2025-07-11T09:36:20.716+0000] {processor.py:830} INFO - Processing file /home/airflow/.local/lib/python3.8/site-packages/airflow/example_dags/example_complex.py for tasks to queue
[2025-07-11T09:36:20.718+0000] {logging_mixin.py:188} INFO - [2025-07-11T09:36:20.718+0000] {dagbag.py:538} INFO - Filling up the DagBag from /home/airflow/.local/lib/python3.8/site-packages/airflow/example_dags/example_complex.py
[2025-07-11T09:36:20.734+0000] {processor.py:840} INFO - DAG(s) 'example_complex' retrieved from /home/airflow/.local/lib/python3.8/site-packages/airflow/example_dags/example_complex.py
[2025-07-11T09:36:20.777+0000] {logging_mixin.py:188} INFO - [2025-07-11T09:36:20.776+0000] {dag.py:3036} INFO - Sync 1 DAGs
[2025-07-11T09:36:20.794+0000] {logging_mixin.py:188} INFO - [2025-07-11T09:36:20.793+0000] {dag.py:3823} INFO - Setting next_dagrun for example_complex to None, run_after=None
[2025-07-11T09:36:20.822+0000] {processor.py:183} INFO - Processing /home/airflow/.local/lib/python3.8/site-packages/airflow/example_dags/example_complex.py took 0.112 seconds
[2025-07-11T09:36:51.040+0000] {processor.py:161} INFO - Started process (PID=336) to work on /home/airflow/.local/lib/python3.8/site-packages/airflow/example_dags/example_complex.py
[2025-07-11T09:36:51.041+0000] {processor.py:830} INFO - Processing file /home/airflow/.local/lib/python3.8/site-packages/airflow/example_dags/example_complex.py for tasks to queue
[2025-07-11T09:36:51.044+0000] {logging_mixin.py:188} INFO - [2025-07-11T09:36:51.043+0000] {dagbag.py:538} INFO - Filling up the DagBag from /home/airflow/.local/lib/python3.8/site-packages/airflow/example_dags/example_complex.py
[2025-07-11T09:36:51.059+0000] {processor.py:840} INFO - DAG(s) 'example_complex' retrieved from /home/airflow/.local/lib/python3.8/site-packages/airflow/example_dags/example_complex.py
[2025-07-11T09:36:51.100+0000] {logging_mixin.py:188} INFO - [2025-07-11T09:36:51.100+0000] {dag.py:3036} INFO - Sync 1 DAGs
[2025-07-11T09:36:51.118+0000] {logging_mixin.py:188} INFO - [2025-07-11T09:36:51.117+0000] {dag.py:3823} INFO - Setting next_dagrun for example_complex to None, run_after=None
[2025-07-11T09:36:51.148+0000] {processor.py:183} INFO - Processing /home/airflow/.local/lib/python3.8/site-packages/airflow/example_dags/example_complex.py took 0.112 seconds
[2025-07-11T09:37:21.686+0000] {processor.py:161} INFO - Started process (PID=391) to work on /home/airflow/.local/lib/python3.8/site-packages/airflow/example_dags/example_complex.py
[2025-07-11T09:37:21.688+0000] {processor.py:830} INFO - Processing file /home/airflow/.local/lib/python3.8/site-packages/airflow/example_dags/example_complex.py for tasks to queue
[2025-07-11T09:37:21.691+0000] {logging_mixin.py:188} INFO - [2025-07-11T09:37:21.691+0000] {dagbag.py:538} INFO - Filling up the DagBag from /home/airflow/.local/lib/python3.8/site-packages/airflow/example_dags/example_complex.py
[2025-07-11T09:37:21.708+0000] {processor.py:840} INFO - DAG(s) 'example_complex' retrieved from /home/airflow/.local/lib/python3.8/site-packages/airflow/example_dags/example_complex.py
[2025-07-11T09:37:21.762+0000] {logging_mixin.py:188} INFO - [2025-07-11T09:37:21.762+0000] {dag.py:3036} INFO - Sync 1 DAGs
[2025-07-11T09:37:21.782+0000] {logging_mixin.py:188} INFO - [2025-07-11T09:37:21.782+0000] {dag.py:3823} INFO - Setting next_dagrun for example_complex to None, run_after=None
[2025-07-11T09:37:21.820+0000] {processor.py:183} INFO - Processing /home/airflow/.local/lib/python3.8/site-packages/airflow/example_dags/example_complex.py took 0.138 seconds
[2025-07-11T09:37:52.558+0000] {processor.py:161} INFO - Started process (PID=446) to work on /home/airflow/.local/lib/python3.8/site-packages/airflow/example_dags/example_complex.py
[2025-07-11T09:37:52.560+0000] {processor.py:830} INFO - Processing file /home/airflow/.local/lib/python3.8/site-packages/airflow/example_dags/example_complex.py for tasks to queue
[2025-07-11T09:37:52.562+0000] {logging_mixin.py:188} INFO - [2025-07-11T09:37:52.562+0000] {dagbag.py:538} INFO - Filling up the DagBag from /home/airflow/.local/lib/python3.8/site-packages/airflow/example_dags/example_complex.py
[2025-07-11T09:37:52.578+0000] {processor.py:840} INFO - DAG(s) 'example_complex' retrieved from /home/airflow/.local/lib/python3.8/site-packages/airflow/example_dags/example_complex.py
[2025-07-11T09:37:52.621+0000] {logging_mixin.py:188} INFO - [2025-07-11T09:37:52.621+0000] {dag.py:3036} INFO - Sync 1 DAGs
[2025-07-11T09:37:52.639+0000] {logging_mixin.py:188} INFO - [2025-07-11T09:37:52.639+0000] {dag.py:3823} INFO - Setting next_dagrun for example_complex to None, run_after=None
[2025-07-11T09:37:52.670+0000] {processor.py:183} INFO - Processing /home/airflow/.local/lib/python3.8/site-packages/airflow/example_dags/example_complex.py took 0.116 seconds
[2025-07-11T09:38:23.067+0000] {processor.py:161} INFO - Started process (PID=501) to work on /home/airflow/.local/lib/python3.8/site-packages/airflow/example_dags/example_complex.py
[2025-07-11T09:38:23.069+0000] {processor.py:830} INFO - Processing file /home/airflow/.local/lib/python3.8/site-packages/airflow/example_dags/example_complex.py for tasks to queue
[2025-07-11T09:38:23.071+0000] {logging_mixin.py:188} INFO - [2025-07-11T09:38:23.070+0000] {dagbag.py:538} INFO - Filling up the DagBag from /home/airflow/.local/lib/python3.8/site-packages/airflow/example_dags/example_complex.py
[2025-07-11T09:38:23.087+0000] {processor.py:840} INFO - DAG(s) 'example_complex' retrieved from /home/airflow/.local/lib/python3.8/site-packages/airflow/example_dags/example_complex.py
[2025-07-11T09:38:23.130+0000] {logging_mixin.py:188} INFO - [2025-07-11T09:38:23.130+0000] {dag.py:3036} INFO - Sync 1 DAGs
[2025-07-11T09:38:23.149+0000] {logging_mixin.py:188} INFO - [2025-07-11T09:38:23.148+0000] {dag.py:3823} INFO - Setting next_dagrun for example_complex to None, run_after=None
[2025-07-11T09:38:23.178+0000] {processor.py:183} INFO - Processing /home/airflow/.local/lib/python3.8/site-packages/airflow/example_dags/example_complex.py took 0.116 seconds
[2025-07-11T09:38:53.564+0000] {processor.py:161} INFO - Started process (PID=556) to work on /home/airflow/.local/lib/python3.8/site-packages/airflow/example_dags/example_complex.py
[2025-07-11T09:38:53.567+0000] {processor.py:830} INFO - Processing file /home/airflow/.local/lib/python3.8/site-packages/airflow/example_dags/example_complex.py for tasks to queue
[2025-07-11T09:38:53.569+0000] {logging_mixin.py:188} INFO - [2025-07-11T09:38:53.568+0000] {dagbag.py:538} INFO - Filling up the DagBag from /home/airflow/.local/lib/python3.8/site-packages/airflow/example_dags/example_complex.py
[2025-07-11T09:38:53.589+0000] {processor.py:840} INFO - DAG(s) 'example_complex' retrieved from /home/airflow/.local/lib/python3.8/site-packages/airflow/example_dags/example_complex.py
[2025-07-11T09:38:53.633+0000] {logging_mixin.py:188} INFO - [2025-07-11T09:38:53.633+0000] {dag.py:3036} INFO - Sync 1 DAGs
[2025-07-11T09:38:53.653+0000] {logging_mixin.py:188} INFO - [2025-07-11T09:38:53.653+0000] {dag.py:3823} INFO - Setting next_dagrun for example_complex to None, run_after=None
[2025-07-11T09:38:53.692+0000] {processor.py:183} INFO - Processing /home/airflow/.local/lib/python3.8/site-packages/airflow/example_dags/example_complex.py took 0.133 seconds
[2025-07-11T09:39:23.859+0000] {processor.py:161} INFO - Started process (PID=612) to work on /home/airflow/.local/lib/python3.8/site-packages/airflow/example_dags/example_complex.py
[2025-07-11T09:39:23.861+0000] {processor.py:830} INFO - Processing file /home/airflow/.local/lib/python3.8/site-packages/airflow/example_dags/example_complex.py for tasks to queue
[2025-07-11T09:39:23.863+0000] {logging_mixin.py:188} INFO - [2025-07-11T09:39:23.863+0000] {dagbag.py:538} INFO - Filling up the DagBag from /home/airflow/.local/lib/python3.8/site-packages/airflow/example_dags/example_complex.py
[2025-07-11T09:39:23.879+0000] {processor.py:840} INFO - DAG(s) 'example_complex' retrieved from /home/airflow/.local/lib/python3.8/site-packages/airflow/example_dags/example_complex.py
[2025-07-11T09:39:23.923+0000] {logging_mixin.py:188} INFO - [2025-07-11T09:39:23.922+0000] {dag.py:3036} INFO - Sync 1 DAGs
[2025-07-11T09:39:23.941+0000] {logging_mixin.py:188} INFO - [2025-07-11T09:39:23.940+0000] {dag.py:3823} INFO - Setting next_dagrun for example_complex to None, run_after=None
[2025-07-11T09:39:23.977+0000] {processor.py:183} INFO - Processing /home/airflow/.local/lib/python3.8/site-packages/airflow/example_dags/example_complex.py took 0.123 seconds
[2025-07-11T09:39:54.305+0000] {processor.py:161} INFO - Started process (PID=667) to work on /home/airflow/.local/lib/python3.8/site-packages/airflow/example_dags/example_complex.py
[2025-07-11T09:39:54.306+0000] {processor.py:830} INFO - Processing file /home/airflow/.local/lib/python3.8/site-packages/airflow/example_dags/example_complex.py for tasks to queue
[2025-07-11T09:39:54.309+0000] {logging_mixin.py:188} INFO - [2025-07-11T09:39:54.308+0000] {dagbag.py:538} INFO - Filling up the DagBag from /home/airflow/.local/lib/python3.8/site-packages/airflow/example_dags/example_complex.py
[2025-07-11T09:39:54.325+0000] {processor.py:840} INFO - DAG(s) 'example_complex' retrieved from /home/airflow/.local/lib/python3.8/site-packages/airflow/example_dags/example_complex.py
[2025-07-11T09:39:54.377+0000] {logging_mixin.py:188} INFO - [2025-07-11T09:39:54.377+0000] {dag.py:3036} INFO - Sync 1 DAGs
[2025-07-11T09:39:54.402+0000] {logging_mixin.py:188} INFO - [2025-07-11T09:39:54.402+0000] {dag.py:3823} INFO - Setting next_dagrun for example_complex to None, run_after=None
[2025-07-11T09:39:54.438+0000] {processor.py:183} INFO - Processing /home/airflow/.local/lib/python3.8/site-packages/airflow/example_dags/example_complex.py took 0.138 seconds
[2025-07-11T09:40:24.716+0000] {processor.py:161} INFO - Started process (PID=722) to work on /home/airflow/.local/lib/python3.8/site-packages/airflow/example_dags/example_complex.py
[2025-07-11T09:40:24.718+0000] {processor.py:830} INFO - Processing file /home/airflow/.local/lib/python3.8/site-packages/airflow/example_dags/example_complex.py for tasks to queue
[2025-07-11T09:40:24.721+0000] {logging_mixin.py:188} INFO - [2025-07-11T09:40:24.720+0000] {dagbag.py:538} INFO - Filling up the DagBag from /home/airflow/.local/lib/python3.8/site-packages/airflow/example_dags/example_complex.py
[2025-07-11T09:40:24.739+0000] {processor.py:840} INFO - DAG(s) 'example_complex' retrieved from /home/airflow/.local/lib/python3.8/site-packages/airflow/example_dags/example_complex.py
[2025-07-11T09:40:24.786+0000] {logging_mixin.py:188} INFO - [2025-07-11T09:40:24.786+0000] {dag.py:3036} INFO - Sync 1 DAGs
[2025-07-11T09:40:24.805+0000] {logging_mixin.py:188} INFO - [2025-07-11T09:40:24.804+0000] {dag.py:3823} INFO - Setting next_dagrun for example_complex to None, run_after=None
[2025-07-11T09:40:24.841+0000] {processor.py:183} INFO - Processing /home/airflow/.local/lib/python3.8/site-packages/airflow/example_dags/example_complex.py took 0.129 seconds
[2025-07-11T09:40:55.127+0000] {processor.py:161} INFO - Started process (PID=777) to work on /home/airflow/.local/lib/python3.8/site-packages/airflow/example_dags/example_complex.py
[2025-07-11T09:40:55.128+0000] {processor.py:830} INFO - Processing file /home/airflow/.local/lib/python3.8/site-packages/airflow/example_dags/example_complex.py for tasks to queue
[2025-07-11T09:40:55.130+0000] {logging_mixin.py:188} INFO - [2025-07-11T09:40:55.130+0000] {dagbag.py:538} INFO - Filling up the DagBag from /home/airflow/.local/lib/python3.8/site-packages/airflow/example_dags/example_complex.py
[2025-07-11T09:40:55.145+0000] {processor.py:840} INFO - DAG(s) 'example_complex' retrieved from /home/airflow/.local/lib/python3.8/site-packages/airflow/example_dags/example_complex.py
[2025-07-11T09:40:55.187+0000] {logging_mixin.py:188} INFO - [2025-07-11T09:40:55.186+0000] {dag.py:3036} INFO - Sync 1 DAGs
[2025-07-11T09:40:55.203+0000] {logging_mixin.py:188} INFO - [2025-07-11T09:40:55.203+0000] {dag.py:3823} INFO - Setting next_dagrun for example_complex to None, run_after=None
[2025-07-11T09:40:55.232+0000] {processor.py:183} INFO - Processing /home/airflow/.local/lib/python3.8/site-packages/airflow/example_dags/example_complex.py took 0.110 seconds
[2025-07-11T09:41:25.542+0000] {processor.py:161} INFO - Started process (PID=832) to work on /home/airflow/.local/lib/python3.8/site-packages/airflow/example_dags/example_complex.py
[2025-07-11T09:41:25.544+0000] {processor.py:830} INFO - Processing file /home/airflow/.local/lib/python3.8/site-packages/airflow/example_dags/example_complex.py for tasks to queue
[2025-07-11T09:41:25.546+0000] {logging_mixin.py:188} INFO - [2025-07-11T09:41:25.546+0000] {dagbag.py:538} INFO - Filling up the DagBag from /home/airflow/.local/lib/python3.8/site-packages/airflow/example_dags/example_complex.py
[2025-07-11T09:41:25.562+0000] {processor.py:840} INFO - DAG(s) 'example_complex' retrieved from /home/airflow/.local/lib/python3.8/site-packages/airflow/example_dags/example_complex.py
[2025-07-11T09:41:25.603+0000] {logging_mixin.py:188} INFO - [2025-07-11T09:41:25.603+0000] {dag.py:3036} INFO - Sync 1 DAGs
[2025-07-11T09:41:25.622+0000] {logging_mixin.py:188} INFO - [2025-07-11T09:41:25.621+0000] {dag.py:3823} INFO - Setting next_dagrun for example_complex to None, run_after=None
[2025-07-11T09:41:25.651+0000] {processor.py:183} INFO - Processing /home/airflow/.local/lib/python3.8/site-packages/airflow/example_dags/example_complex.py took 0.113 seconds
[2025-07-11T09:41:55.917+0000] {processor.py:161} INFO - Started process (PID=887) to work on /home/airflow/.local/lib/python3.8/site-packages/airflow/example_dags/example_complex.py
[2025-07-11T09:41:55.919+0000] {processor.py:830} INFO - Processing file /home/airflow/.local/lib/python3.8/site-packages/airflow/example_dags/example_complex.py for tasks to queue
[2025-07-11T09:41:55.921+0000] {logging_mixin.py:188} INFO - [2025-07-11T09:41:55.920+0000] {dagbag.py:538} INFO - Filling up the DagBag from /home/airflow/.local/lib/python3.8/site-packages/airflow/example_dags/example_complex.py
[2025-07-11T09:41:55.937+0000] {processor.py:840} INFO - DAG(s) 'example_complex' retrieved from /home/airflow/.local/lib/python3.8/site-packages/airflow/example_dags/example_complex.py
[2025-07-11T09:41:55.979+0000] {logging_mixin.py:188} INFO - [2025-07-11T09:41:55.979+0000] {dag.py:3036} INFO - Sync 1 DAGs
[2025-07-11T09:41:55.996+0000] {logging_mixin.py:188} INFO - [2025-07-11T09:41:55.996+0000] {dag.py:3823} INFO - Setting next_dagrun for example_complex to None, run_after=None
[2025-07-11T09:41:56.026+0000] {processor.py:183} INFO - Processing /home/airflow/.local/lib/python3.8/site-packages/airflow/example_dags/example_complex.py took 0.113 seconds
[2025-07-11T09:42:26.297+0000] {processor.py:161} INFO - Started process (PID=942) to work on /home/airflow/.local/lib/python3.8/site-packages/airflow/example_dags/example_complex.py
[2025-07-11T09:42:26.298+0000] {processor.py:830} INFO - Processing file /home/airflow/.local/lib/python3.8/site-packages/airflow/example_dags/example_complex.py for tasks to queue
[2025-07-11T09:42:26.301+0000] {logging_mixin.py:188} INFO - [2025-07-11T09:42:26.300+0000] {dagbag.py:538} INFO - Filling up the DagBag from /home/airflow/.local/lib/python3.8/site-packages/airflow/example_dags/example_complex.py
[2025-07-11T09:42:26.317+0000] {processor.py:840} INFO - DAG(s) 'example_complex' retrieved from /home/airflow/.local/lib/python3.8/site-packages/airflow/example_dags/example_complex.py
[2025-07-11T09:42:26.366+0000] {logging_mixin.py:188} INFO - [2025-07-11T09:42:26.365+0000] {dag.py:3036} INFO - Sync 1 DAGs
[2025-07-11T09:42:26.387+0000] {logging_mixin.py:188} INFO - [2025-07-11T09:42:26.387+0000] {dag.py:3823} INFO - Setting next_dagrun for example_complex to None, run_after=None
[2025-07-11T09:42:26.426+0000] {processor.py:183} INFO - Processing /home/airflow/.local/lib/python3.8/site-packages/airflow/example_dags/example_complex.py took 0.133 seconds
[2025-07-11T09:42:56.771+0000] {processor.py:161} INFO - Started process (PID=997) to work on /home/airflow/.local/lib/python3.8/site-packages/airflow/example_dags/example_complex.py
[2025-07-11T09:42:56.773+0000] {processor.py:830} INFO - Processing file /home/airflow/.local/lib/python3.8/site-packages/airflow/example_dags/example_complex.py for tasks to queue
[2025-07-11T09:42:56.777+0000] {logging_mixin.py:188} INFO - [2025-07-11T09:42:56.776+0000] {dagbag.py:538} INFO - Filling up the DagBag from /home/airflow/.local/lib/python3.8/site-packages/airflow/example_dags/example_complex.py
[2025-07-11T09:42:56.797+0000] {processor.py:840} INFO - DAG(s) 'example_complex' retrieved from /home/airflow/.local/lib/python3.8/site-packages/airflow/example_dags/example_complex.py
[2025-07-11T09:42:56.839+0000] {logging_mixin.py:188} INFO - [2025-07-11T09:42:56.839+0000] {dag.py:3036} INFO - Sync 1 DAGs
[2025-07-11T09:42:56.859+0000] {logging_mixin.py:188} INFO - [2025-07-11T09:42:56.859+0000] {dag.py:3823} INFO - Setting next_dagrun for example_complex to None, run_after=None
[2025-07-11T09:42:56.886+0000] {processor.py:183} INFO - Processing /home/airflow/.local/lib/python3.8/site-packages/airflow/example_dags/example_complex.py took 0.120 seconds
[2025-07-11T09:43:27.139+0000] {processor.py:161} INFO - Started process (PID=1052) to work on /home/airflow/.local/lib/python3.8/site-packages/airflow/example_dags/example_complex.py
[2025-07-11T09:43:27.140+0000] {processor.py:830} INFO - Processing file /home/airflow/.local/lib/python3.8/site-packages/airflow/example_dags/example_complex.py for tasks to queue
[2025-07-11T09:43:27.142+0000] {logging_mixin.py:188} INFO - [2025-07-11T09:43:27.142+0000] {dagbag.py:538} INFO - Filling up the DagBag from /home/airflow/.local/lib/python3.8/site-packages/airflow/example_dags/example_complex.py
[2025-07-11T09:43:27.158+0000] {processor.py:840} INFO - DAG(s) 'example_complex' retrieved from /home/airflow/.local/lib/python3.8/site-packages/airflow/example_dags/example_complex.py
[2025-07-11T09:43:27.199+0000] {logging_mixin.py:188} INFO - [2025-07-11T09:43:27.199+0000] {dag.py:3036} INFO - Sync 1 DAGs
[2025-07-11T09:43:27.216+0000] {logging_mixin.py:188} INFO - [2025-07-11T09:43:27.215+0000] {dag.py:3823} INFO - Setting next_dagrun for example_complex to None, run_after=None
[2025-07-11T09:43:27.244+0000] {processor.py:183} INFO - Processing /home/airflow/.local/lib/python3.8/site-packages/airflow/example_dags/example_complex.py took 0.110 seconds
[2025-07-11T09:43:57.454+0000] {processor.py:161} INFO - Started process (PID=1107) to work on /home/airflow/.local/lib/python3.8/site-packages/airflow/example_dags/example_complex.py
[2025-07-11T09:43:57.455+0000] {processor.py:830} INFO - Processing file /home/airflow/.local/lib/python3.8/site-packages/airflow/example_dags/example_complex.py for tasks to queue
[2025-07-11T09:43:57.458+0000] {logging_mixin.py:188} INFO - [2025-07-11T09:43:57.457+0000] {dagbag.py:538} INFO - Filling up the DagBag from /home/airflow/.local/lib/python3.8/site-packages/airflow/example_dags/example_complex.py
[2025-07-11T09:43:57.475+0000] {processor.py:840} INFO - DAG(s) 'example_complex' retrieved from /home/airflow/.local/lib/python3.8/site-packages/airflow/example_dags/example_complex.py
[2025-07-11T09:43:57.517+0000] {logging_mixin.py:188} INFO - [2025-07-11T09:43:57.517+0000] {dag.py:3036} INFO - Sync 1 DAGs
[2025-07-11T09:43:57.538+0000] {logging_mixin.py:188} INFO - [2025-07-11T09:43:57.538+0000] {dag.py:3823} INFO - Setting next_dagrun for example_complex to None, run_after=None
[2025-07-11T09:43:57.568+0000] {processor.py:183} INFO - Processing /home/airflow/.local/lib/python3.8/site-packages/airflow/example_dags/example_complex.py took 0.120 seconds
[2025-07-11T09:44:27.933+0000] {processor.py:161} INFO - Started process (PID=1163) to work on /home/airflow/.local/lib/python3.8/site-packages/airflow/example_dags/example_complex.py
[2025-07-11T09:44:27.936+0000] {processor.py:830} INFO - Processing file /home/airflow/.local/lib/python3.8/site-packages/airflow/example_dags/example_complex.py for tasks to queue
[2025-07-11T09:44:27.938+0000] {logging_mixin.py:188} INFO - [2025-07-11T09:44:27.938+0000] {dagbag.py:538} INFO - Filling up the DagBag from /home/airflow/.local/lib/python3.8/site-packages/airflow/example_dags/example_complex.py
[2025-07-11T09:44:27.955+0000] {processor.py:840} INFO - DAG(s) 'example_complex' retrieved from /home/airflow/.local/lib/python3.8/site-packages/airflow/example_dags/example_complex.py
[2025-07-11T09:44:27.999+0000] {logging_mixin.py:188} INFO - [2025-07-11T09:44:27.998+0000] {dag.py:3036} INFO - Sync 1 DAGs
[2025-07-11T09:44:28.016+0000] {logging_mixin.py:188} INFO - [2025-07-11T09:44:28.016+0000] {dag.py:3823} INFO - Setting next_dagrun for example_complex to None, run_after=None
[2025-07-11T09:44:28.043+0000] {processor.py:183} INFO - Processing /home/airflow/.local/lib/python3.8/site-packages/airflow/example_dags/example_complex.py took 0.116 seconds
[2025-07-11T09:44:58.446+0000] {processor.py:161} INFO - Started process (PID=1218) to work on /home/airflow/.local/lib/python3.8/site-packages/airflow/example_dags/example_complex.py
[2025-07-11T09:44:58.448+0000] {processor.py:830} INFO - Processing file /home/airflow/.local/lib/python3.8/site-packages/airflow/example_dags/example_complex.py for tasks to queue
[2025-07-11T09:44:58.450+0000] {logging_mixin.py:188} INFO - [2025-07-11T09:44:58.450+0000] {dagbag.py:538} INFO - Filling up the DagBag from /home/airflow/.local/lib/python3.8/site-packages/airflow/example_dags/example_complex.py
[2025-07-11T09:44:58.465+0000] {processor.py:840} INFO - DAG(s) 'example_complex' retrieved from /home/airflow/.local/lib/python3.8/site-packages/airflow/example_dags/example_complex.py
[2025-07-11T09:44:58.506+0000] {logging_mixin.py:188} INFO - [2025-07-11T09:44:58.506+0000] {dag.py:3036} INFO - Sync 1 DAGs
[2025-07-11T09:44:58.523+0000] {logging_mixin.py:188} INFO - [2025-07-11T09:44:58.523+0000] {dag.py:3823} INFO - Setting next_dagrun for example_complex to None, run_after=None
[2025-07-11T09:44:58.553+0000] {processor.py:183} INFO - Processing /home/airflow/.local/lib/python3.8/site-packages/airflow/example_dags/example_complex.py took 0.111 seconds
[2025-07-11T09:45:28.846+0000] {processor.py:161} INFO - Started process (PID=1273) to work on /home/airflow/.local/lib/python3.8/site-packages/airflow/example_dags/example_complex.py
[2025-07-11T09:45:28.847+0000] {processor.py:830} INFO - Processing file /home/airflow/.local/lib/python3.8/site-packages/airflow/example_dags/example_complex.py for tasks to queue
[2025-07-11T09:45:28.850+0000] {logging_mixin.py:188} INFO - [2025-07-11T09:45:28.850+0000] {dagbag.py:538} INFO - Filling up the DagBag from /home/airflow/.local/lib/python3.8/site-packages/airflow/example_dags/example_complex.py
[2025-07-11T09:45:28.871+0000] {processor.py:840} INFO - DAG(s) 'example_complex' retrieved from /home/airflow/.local/lib/python3.8/site-packages/airflow/example_dags/example_complex.py
[2025-07-11T09:45:28.921+0000] {logging_mixin.py:188} INFO - [2025-07-11T09:45:28.921+0000] {dag.py:3036} INFO - Sync 1 DAGs
[2025-07-11T09:45:28.944+0000] {logging_mixin.py:188} INFO - [2025-07-11T09:45:28.944+0000] {dag.py:3823} INFO - Setting next_dagrun for example_complex to None, run_after=None
[2025-07-11T09:45:28.973+0000] {processor.py:183} INFO - Processing /home/airflow/.local/lib/python3.8/site-packages/airflow/example_dags/example_complex.py took 0.133 seconds
[2025-07-11T09:45:59.124+0000] {processor.py:161} INFO - Started process (PID=1328) to work on /home/airflow/.local/lib/python3.8/site-packages/airflow/example_dags/example_complex.py
[2025-07-11T09:45:59.129+0000] {processor.py:830} INFO - Processing file /home/airflow/.local/lib/python3.8/site-packages/airflow/example_dags/example_complex.py for tasks to queue
[2025-07-11T09:45:59.133+0000] {logging_mixin.py:188} INFO - [2025-07-11T09:45:59.132+0000] {dagbag.py:538} INFO - Filling up the DagBag from /home/airflow/.local/lib/python3.8/site-packages/airflow/example_dags/example_complex.py
[2025-07-11T09:45:59.154+0000] {processor.py:840} INFO - DAG(s) 'example_complex' retrieved from /home/airflow/.local/lib/python3.8/site-packages/airflow/example_dags/example_complex.py
[2025-07-11T09:45:59.201+0000] {logging_mixin.py:188} INFO - [2025-07-11T09:45:59.201+0000] {dag.py:3036} INFO - Sync 1 DAGs
[2025-07-11T09:45:59.227+0000] {logging_mixin.py:188} INFO - [2025-07-11T09:45:59.226+0000] {dag.py:3823} INFO - Setting next_dagrun for example_complex to None, run_after=None
[2025-07-11T09:45:59.266+0000] {processor.py:183} INFO - Processing /home/airflow/.local/lib/python3.8/site-packages/airflow/example_dags/example_complex.py took 0.149 seconds
[2025-07-11T09:46:29.573+0000] {processor.py:161} INFO - Started process (PID=1383) to work on /home/airflow/.local/lib/python3.8/site-packages/airflow/example_dags/example_complex.py
[2025-07-11T09:46:29.575+0000] {processor.py:830} INFO - Processing file /home/airflow/.local/lib/python3.8/site-packages/airflow/example_dags/example_complex.py for tasks to queue
[2025-07-11T09:46:29.577+0000] {logging_mixin.py:188} INFO - [2025-07-11T09:46:29.576+0000] {dagbag.py:538} INFO - Filling up the DagBag from /home/airflow/.local/lib/python3.8/site-packages/airflow/example_dags/example_complex.py
[2025-07-11T09:46:29.592+0000] {processor.py:840} INFO - DAG(s) 'example_complex' retrieved from /home/airflow/.local/lib/python3.8/site-packages/airflow/example_dags/example_complex.py
[2025-07-11T09:46:29.633+0000] {logging_mixin.py:188} INFO - [2025-07-11T09:46:29.633+0000] {dag.py:3036} INFO - Sync 1 DAGs
[2025-07-11T09:46:29.650+0000] {logging_mixin.py:188} INFO - [2025-07-11T09:46:29.649+0000] {dag.py:3823} INFO - Setting next_dagrun for example_complex to None, run_after=None
[2025-07-11T09:46:29.678+0000] {processor.py:183} INFO - Processing /home/airflow/.local/lib/python3.8/site-packages/airflow/example_dags/example_complex.py took 0.109 seconds
[2025-07-11T09:47:00.071+0000] {processor.py:161} INFO - Started process (PID=1438) to work on /home/airflow/.local/lib/python3.8/site-packages/airflow/example_dags/example_complex.py
[2025-07-11T09:47:00.073+0000] {processor.py:830} INFO - Processing file /home/airflow/.local/lib/python3.8/site-packages/airflow/example_dags/example_complex.py for tasks to queue
[2025-07-11T09:47:00.077+0000] {logging_mixin.py:188} INFO - [2025-07-11T09:47:00.076+0000] {dagbag.py:538} INFO - Filling up the DagBag from /home/airflow/.local/lib/python3.8/site-packages/airflow/example_dags/example_complex.py
[2025-07-11T09:47:00.099+0000] {processor.py:840} INFO - DAG(s) 'example_complex' retrieved from /home/airflow/.local/lib/python3.8/site-packages/airflow/example_dags/example_complex.py
[2025-07-11T09:47:00.176+0000] {logging_mixin.py:188} INFO - [2025-07-11T09:47:00.175+0000] {dag.py:3036} INFO - Sync 1 DAGs
[2025-07-11T09:47:00.211+0000] {logging_mixin.py:188} INFO - [2025-07-11T09:47:00.210+0000] {dag.py:3823} INFO - Setting next_dagrun for example_complex to None, run_after=None
[2025-07-11T09:47:00.261+0000] {processor.py:183} INFO - Processing /home/airflow/.local/lib/python3.8/site-packages/airflow/example_dags/example_complex.py took 0.196 seconds
[2025-07-11T09:47:30.626+0000] {processor.py:161} INFO - Started process (PID=1493) to work on /home/airflow/.local/lib/python3.8/site-packages/airflow/example_dags/example_complex.py
[2025-07-11T09:47:30.628+0000] {processor.py:830} INFO - Processing file /home/airflow/.local/lib/python3.8/site-packages/airflow/example_dags/example_complex.py for tasks to queue
[2025-07-11T09:47:30.630+0000] {logging_mixin.py:188} INFO - [2025-07-11T09:47:30.630+0000] {dagbag.py:538} INFO - Filling up the DagBag from /home/airflow/.local/lib/python3.8/site-packages/airflow/example_dags/example_complex.py
[2025-07-11T09:47:30.647+0000] {processor.py:840} INFO - DAG(s) 'example_complex' retrieved from /home/airflow/.local/lib/python3.8/site-packages/airflow/example_dags/example_complex.py
[2025-07-11T09:47:30.690+0000] {logging_mixin.py:188} INFO - [2025-07-11T09:47:30.690+0000] {dag.py:3036} INFO - Sync 1 DAGs
[2025-07-11T09:47:30.712+0000] {logging_mixin.py:188} INFO - [2025-07-11T09:47:30.711+0000] {dag.py:3823} INFO - Setting next_dagrun for example_complex to None, run_after=None
[2025-07-11T09:47:30.744+0000] {processor.py:183} INFO - Processing /home/airflow/.local/lib/python3.8/site-packages/airflow/example_dags/example_complex.py took 0.122 seconds
[2025-07-11T09:48:01.457+0000] {processor.py:161} INFO - Started process (PID=1548) to work on /home/airflow/.local/lib/python3.8/site-packages/airflow/example_dags/example_complex.py
[2025-07-11T09:48:01.461+0000] {processor.py:830} INFO - Processing file /home/airflow/.local/lib/python3.8/site-packages/airflow/example_dags/example_complex.py for tasks to queue
[2025-07-11T09:48:01.463+0000] {logging_mixin.py:188} INFO - [2025-07-11T09:48:01.463+0000] {dagbag.py:538} INFO - Filling up the DagBag from /home/airflow/.local/lib/python3.8/site-packages/airflow/example_dags/example_complex.py
[2025-07-11T09:48:01.479+0000] {processor.py:840} INFO - DAG(s) 'example_complex' retrieved from /home/airflow/.local/lib/python3.8/site-packages/airflow/example_dags/example_complex.py
[2025-07-11T09:48:01.519+0000] {logging_mixin.py:188} INFO - [2025-07-11T09:48:01.519+0000] {dag.py:3036} INFO - Sync 1 DAGs
[2025-07-11T09:48:01.537+0000] {logging_mixin.py:188} INFO - [2025-07-11T09:48:01.536+0000] {dag.py:3823} INFO - Setting next_dagrun for example_complex to None, run_after=None
[2025-07-11T09:48:01.571+0000] {processor.py:183} INFO - Processing /home/airflow/.local/lib/python3.8/site-packages/airflow/example_dags/example_complex.py took 0.119 seconds
[2025-07-11T09:48:31.933+0000] {processor.py:161} INFO - Started process (PID=1603) to work on /home/airflow/.local/lib/python3.8/site-packages/airflow/example_dags/example_complex.py
[2025-07-11T09:48:31.935+0000] {processor.py:830} INFO - Processing file /home/airflow/.local/lib/python3.8/site-packages/airflow/example_dags/example_complex.py for tasks to queue
[2025-07-11T09:48:31.937+0000] {logging_mixin.py:188} INFO - [2025-07-11T09:48:31.936+0000] {dagbag.py:538} INFO - Filling up the DagBag from /home/airflow/.local/lib/python3.8/site-packages/airflow/example_dags/example_complex.py
[2025-07-11T09:48:31.952+0000] {processor.py:840} INFO - DAG(s) 'example_complex' retrieved from /home/airflow/.local/lib/python3.8/site-packages/airflow/example_dags/example_complex.py
[2025-07-11T09:48:31.996+0000] {logging_mixin.py:188} INFO - [2025-07-11T09:48:31.995+0000] {dag.py:3036} INFO - Sync 1 DAGs
[2025-07-11T09:48:32.020+0000] {logging_mixin.py:188} INFO - [2025-07-11T09:48:32.020+0000] {dag.py:3823} INFO - Setting next_dagrun for example_complex to None, run_after=None
[2025-07-11T09:48:32.052+0000] {processor.py:183} INFO - Processing /home/airflow/.local/lib/python3.8/site-packages/airflow/example_dags/example_complex.py took 0.124 seconds
[2025-07-11T09:49:02.439+0000] {processor.py:161} INFO - Started process (PID=1658) to work on /home/airflow/.local/lib/python3.8/site-packages/airflow/example_dags/example_complex.py
[2025-07-11T09:49:02.441+0000] {processor.py:830} INFO - Processing file /home/airflow/.local/lib/python3.8/site-packages/airflow/example_dags/example_complex.py for tasks to queue
[2025-07-11T09:49:02.443+0000] {logging_mixin.py:188} INFO - [2025-07-11T09:49:02.443+0000] {dagbag.py:538} INFO - Filling up the DagBag from /home/airflow/.local/lib/python3.8/site-packages/airflow/example_dags/example_complex.py
[2025-07-11T09:49:02.464+0000] {processor.py:840} INFO - DAG(s) 'example_complex' retrieved from /home/airflow/.local/lib/python3.8/site-packages/airflow/example_dags/example_complex.py
[2025-07-11T09:49:02.508+0000] {logging_mixin.py:188} INFO - [2025-07-11T09:49:02.507+0000] {dag.py:3036} INFO - Sync 1 DAGs
[2025-07-11T09:49:02.528+0000] {logging_mixin.py:188} INFO - [2025-07-11T09:49:02.528+0000] {dag.py:3823} INFO - Setting next_dagrun for example_complex to None, run_after=None
[2025-07-11T09:49:02.562+0000] {processor.py:183} INFO - Processing /home/airflow/.local/lib/python3.8/site-packages/airflow/example_dags/example_complex.py took 0.128 seconds
[2025-07-11T09:49:32.926+0000] {processor.py:161} INFO - Started process (PID=1713) to work on /home/airflow/.local/lib/python3.8/site-packages/airflow/example_dags/example_complex.py
[2025-07-11T09:49:32.928+0000] {processor.py:830} INFO - Processing file /home/airflow/.local/lib/python3.8/site-packages/airflow/example_dags/example_complex.py for tasks to queue
[2025-07-11T09:49:32.930+0000] {logging_mixin.py:188} INFO - [2025-07-11T09:49:32.930+0000] {dagbag.py:538} INFO - Filling up the DagBag from /home/airflow/.local/lib/python3.8/site-packages/airflow/example_dags/example_complex.py
[2025-07-11T09:49:32.948+0000] {processor.py:840} INFO - DAG(s) 'example_complex' retrieved from /home/airflow/.local/lib/python3.8/site-packages/airflow/example_dags/example_complex.py
[2025-07-11T09:49:33.003+0000] {logging_mixin.py:188} INFO - [2025-07-11T09:49:33.002+0000] {dag.py:3036} INFO - Sync 1 DAGs
[2025-07-11T09:49:33.024+0000] {logging_mixin.py:188} INFO - [2025-07-11T09:49:33.023+0000] {dag.py:3823} INFO - Setting next_dagrun for example_complex to None, run_after=None
[2025-07-11T09:49:33.061+0000] {processor.py:183} INFO - Processing /home/airflow/.local/lib/python3.8/site-packages/airflow/example_dags/example_complex.py took 0.139 seconds
[2025-07-11T09:50:03.763+0000] {processor.py:161} INFO - Started process (PID=1768) to work on /home/airflow/.local/lib/python3.8/site-packages/airflow/example_dags/example_complex.py
[2025-07-11T09:50:03.764+0000] {processor.py:830} INFO - Processing file /home/airflow/.local/lib/python3.8/site-packages/airflow/example_dags/example_complex.py for tasks to queue
[2025-07-11T09:50:03.768+0000] {logging_mixin.py:188} INFO - [2025-07-11T09:50:03.767+0000] {dagbag.py:538} INFO - Filling up the DagBag from /home/airflow/.local/lib/python3.8/site-packages/airflow/example_dags/example_complex.py
[2025-07-11T09:50:03.784+0000] {processor.py:840} INFO - DAG(s) 'example_complex' retrieved from /home/airflow/.local/lib/python3.8/site-packages/airflow/example_dags/example_complex.py
[2025-07-11T09:50:03.829+0000] {logging_mixin.py:188} INFO - [2025-07-11T09:50:03.828+0000] {dag.py:3036} INFO - Sync 1 DAGs
[2025-07-11T09:50:03.846+0000] {logging_mixin.py:188} INFO - [2025-07-11T09:50:03.845+0000] {dag.py:3823} INFO - Setting next_dagrun for example_complex to None, run_after=None
[2025-07-11T09:50:03.878+0000] {processor.py:183} INFO - Processing /home/airflow/.local/lib/python3.8/site-packages/airflow/example_dags/example_complex.py took 0.120 seconds
[2025-07-11T09:50:34.705+0000] {processor.py:161} INFO - Started process (PID=1823) to work on /home/airflow/.local/lib/python3.8/site-packages/airflow/example_dags/example_complex.py
[2025-07-11T09:50:34.707+0000] {processor.py:830} INFO - Processing file /home/airflow/.local/lib/python3.8/site-packages/airflow/example_dags/example_complex.py for tasks to queue
[2025-07-11T09:50:34.709+0000] {logging_mixin.py:188} INFO - [2025-07-11T09:50:34.709+0000] {dagbag.py:538} INFO - Filling up the DagBag from /home/airflow/.local/lib/python3.8/site-packages/airflow/example_dags/example_complex.py
[2025-07-11T09:50:34.724+0000] {processor.py:840} INFO - DAG(s) 'example_complex' retrieved from /home/airflow/.local/lib/python3.8/site-packages/airflow/example_dags/example_complex.py
[2025-07-11T09:50:34.769+0000] {logging_mixin.py:188} INFO - [2025-07-11T09:50:34.769+0000] {dag.py:3036} INFO - Sync 1 DAGs
[2025-07-11T09:50:34.788+0000] {logging_mixin.py:188} INFO - [2025-07-11T09:50:34.788+0000] {dag.py:3823} INFO - Setting next_dagrun for example_complex to None, run_after=None
[2025-07-11T09:50:34.817+0000] {processor.py:183} INFO - Processing /home/airflow/.local/lib/python3.8/site-packages/airflow/example_dags/example_complex.py took 0.117 seconds
[2025-07-11T09:51:05.185+0000] {processor.py:161} INFO - Started process (PID=1878) to work on /home/airflow/.local/lib/python3.8/site-packages/airflow/example_dags/example_complex.py
[2025-07-11T09:51:05.187+0000] {processor.py:830} INFO - Processing file /home/airflow/.local/lib/python3.8/site-packages/airflow/example_dags/example_complex.py for tasks to queue
[2025-07-11T09:51:05.189+0000] {logging_mixin.py:188} INFO - [2025-07-11T09:51:05.188+0000] {dagbag.py:538} INFO - Filling up the DagBag from /home/airflow/.local/lib/python3.8/site-packages/airflow/example_dags/example_complex.py
[2025-07-11T09:51:05.204+0000] {processor.py:840} INFO - DAG(s) 'example_complex' retrieved from /home/airflow/.local/lib/python3.8/site-packages/airflow/example_dags/example_complex.py
[2025-07-11T09:51:05.245+0000] {logging_mixin.py:188} INFO - [2025-07-11T09:51:05.245+0000] {dag.py:3036} INFO - Sync 1 DAGs
[2025-07-11T09:51:05.267+0000] {logging_mixin.py:188} INFO - [2025-07-11T09:51:05.266+0000] {dag.py:3823} INFO - Setting next_dagrun for example_complex to None, run_after=None
[2025-07-11T09:51:05.297+0000] {processor.py:183} INFO - Processing /home/airflow/.local/lib/python3.8/site-packages/airflow/example_dags/example_complex.py took 0.117 seconds
[2025-07-11T09:51:35.974+0000] {processor.py:161} INFO - Started process (PID=1933) to work on /home/airflow/.local/lib/python3.8/site-packages/airflow/example_dags/example_complex.py
[2025-07-11T09:51:35.976+0000] {processor.py:830} INFO - Processing file /home/airflow/.local/lib/python3.8/site-packages/airflow/example_dags/example_complex.py for tasks to queue
[2025-07-11T09:51:35.978+0000] {logging_mixin.py:188} INFO - [2025-07-11T09:51:35.978+0000] {dagbag.py:538} INFO - Filling up the DagBag from /home/airflow/.local/lib/python3.8/site-packages/airflow/example_dags/example_complex.py
[2025-07-11T09:51:35.994+0000] {processor.py:840} INFO - DAG(s) 'example_complex' retrieved from /home/airflow/.local/lib/python3.8/site-packages/airflow/example_dags/example_complex.py
[2025-07-11T09:51:36.036+0000] {logging_mixin.py:188} INFO - [2025-07-11T09:51:36.035+0000] {dag.py:3036} INFO - Sync 1 DAGs
[2025-07-11T09:51:36.054+0000] {logging_mixin.py:188} INFO - [2025-07-11T09:51:36.053+0000] {dag.py:3823} INFO - Setting next_dagrun for example_complex to None, run_after=None
[2025-07-11T09:51:36.082+0000] {processor.py:183} INFO - Processing /home/airflow/.local/lib/python3.8/site-packages/airflow/example_dags/example_complex.py took 0.112 seconds
[2025-07-11T09:52:06.522+0000] {processor.py:161} INFO - Started process (PID=1988) to work on /home/airflow/.local/lib/python3.8/site-packages/airflow/example_dags/example_complex.py
[2025-07-11T09:52:06.523+0000] {processor.py:830} INFO - Processing file /home/airflow/.local/lib/python3.8/site-packages/airflow/example_dags/example_complex.py for tasks to queue
[2025-07-11T09:52:06.526+0000] {logging_mixin.py:188} INFO - [2025-07-11T09:52:06.525+0000] {dagbag.py:538} INFO - Filling up the DagBag from /home/airflow/.local/lib/python3.8/site-packages/airflow/example_dags/example_complex.py
[2025-07-11T09:52:06.541+0000] {processor.py:840} INFO - DAG(s) 'example_complex' retrieved from /home/airflow/.local/lib/python3.8/site-packages/airflow/example_dags/example_complex.py
[2025-07-11T09:52:06.583+0000] {logging_mixin.py:188} INFO - [2025-07-11T09:52:06.582+0000] {dag.py:3036} INFO - Sync 1 DAGs
[2025-07-11T09:52:06.599+0000] {logging_mixin.py:188} INFO - [2025-07-11T09:52:06.599+0000] {dag.py:3823} INFO - Setting next_dagrun for example_complex to None, run_after=None
[2025-07-11T09:52:06.628+0000] {processor.py:183} INFO - Processing /home/airflow/.local/lib/python3.8/site-packages/airflow/example_dags/example_complex.py took 0.111 seconds
[2025-07-11T09:52:36.697+0000] {processor.py:161} INFO - Started process (PID=2043) to work on /home/airflow/.local/lib/python3.8/site-packages/airflow/example_dags/example_complex.py
[2025-07-11T09:52:36.699+0000] {processor.py:830} INFO - Processing file /home/airflow/.local/lib/python3.8/site-packages/airflow/example_dags/example_complex.py for tasks to queue
[2025-07-11T09:52:36.701+0000] {logging_mixin.py:188} INFO - [2025-07-11T09:52:36.701+0000] {dagbag.py:538} INFO - Filling up the DagBag from /home/airflow/.local/lib/python3.8/site-packages/airflow/example_dags/example_complex.py
[2025-07-11T09:52:36.717+0000] {processor.py:840} INFO - DAG(s) 'example_complex' retrieved from /home/airflow/.local/lib/python3.8/site-packages/airflow/example_dags/example_complex.py
[2025-07-11T09:52:36.762+0000] {logging_mixin.py:188} INFO - [2025-07-11T09:52:36.762+0000] {dag.py:3036} INFO - Sync 1 DAGs
[2025-07-11T09:52:36.782+0000] {logging_mixin.py:188} INFO - [2025-07-11T09:52:36.782+0000] {dag.py:3823} INFO - Setting next_dagrun for example_complex to None, run_after=None
[2025-07-11T09:52:36.822+0000] {processor.py:183} INFO - Processing /home/airflow/.local/lib/python3.8/site-packages/airflow/example_dags/example_complex.py took 0.129 seconds
[2025-07-11T09:53:07.339+0000] {processor.py:161} INFO - Started process (PID=2098) to work on /home/airflow/.local/lib/python3.8/site-packages/airflow/example_dags/example_complex.py
[2025-07-11T09:53:07.341+0000] {processor.py:830} INFO - Processing file /home/airflow/.local/lib/python3.8/site-packages/airflow/example_dags/example_complex.py for tasks to queue
[2025-07-11T09:53:07.343+0000] {logging_mixin.py:188} INFO - [2025-07-11T09:53:07.343+0000] {dagbag.py:538} INFO - Filling up the DagBag from /home/airflow/.local/lib/python3.8/site-packages/airflow/example_dags/example_complex.py
[2025-07-11T09:53:07.359+0000] {processor.py:840} INFO - DAG(s) 'example_complex' retrieved from /home/airflow/.local/lib/python3.8/site-packages/airflow/example_dags/example_complex.py
[2025-07-11T09:53:07.406+0000] {logging_mixin.py:188} INFO - [2025-07-11T09:53:07.405+0000] {dag.py:3036} INFO - Sync 1 DAGs
[2025-07-11T09:53:07.425+0000] {logging_mixin.py:188} INFO - [2025-07-11T09:53:07.424+0000] {dag.py:3823} INFO - Setting next_dagrun for example_complex to None, run_after=None
[2025-07-11T09:53:07.460+0000] {processor.py:183} INFO - Processing /home/airflow/.local/lib/python3.8/site-packages/airflow/example_dags/example_complex.py took 0.125 seconds
[2025-07-11T09:53:37.904+0000] {processor.py:161} INFO - Started process (PID=2153) to work on /home/airflow/.local/lib/python3.8/site-packages/airflow/example_dags/example_complex.py
[2025-07-11T09:53:37.906+0000] {processor.py:830} INFO - Processing file /home/airflow/.local/lib/python3.8/site-packages/airflow/example_dags/example_complex.py for tasks to queue
[2025-07-11T09:53:37.909+0000] {logging_mixin.py:188} INFO - [2025-07-11T09:53:37.908+0000] {dagbag.py:538} INFO - Filling up the DagBag from /home/airflow/.local/lib/python3.8/site-packages/airflow/example_dags/example_complex.py
[2025-07-11T09:53:37.928+0000] {processor.py:840} INFO - DAG(s) 'example_complex' retrieved from /home/airflow/.local/lib/python3.8/site-packages/airflow/example_dags/example_complex.py
[2025-07-11T09:53:37.984+0000] {logging_mixin.py:188} INFO - [2025-07-11T09:53:37.983+0000] {dag.py:3036} INFO - Sync 1 DAGs
[2025-07-11T09:53:38.007+0000] {logging_mixin.py:188} INFO - [2025-07-11T09:53:38.006+0000] {dag.py:3823} INFO - Setting next_dagrun for example_complex to None, run_after=None
[2025-07-11T09:53:38.045+0000] {processor.py:183} INFO - Processing /home/airflow/.local/lib/python3.8/site-packages/airflow/example_dags/example_complex.py took 0.145 seconds
[2025-07-11T09:54:08.488+0000] {processor.py:161} INFO - Started process (PID=2208) to work on /home/airflow/.local/lib/python3.8/site-packages/airflow/example_dags/example_complex.py
[2025-07-11T09:54:08.490+0000] {processor.py:830} INFO - Processing file /home/airflow/.local/lib/python3.8/site-packages/airflow/example_dags/example_complex.py for tasks to queue
[2025-07-11T09:54:08.492+0000] {logging_mixin.py:188} INFO - [2025-07-11T09:54:08.492+0000] {dagbag.py:538} INFO - Filling up the DagBag from /home/airflow/.local/lib/python3.8/site-packages/airflow/example_dags/example_complex.py
[2025-07-11T09:54:08.512+0000] {processor.py:840} INFO - DAG(s) 'example_complex' retrieved from /home/airflow/.local/lib/python3.8/site-packages/airflow/example_dags/example_complex.py
[2025-07-11T09:54:08.565+0000] {logging_mixin.py:188} INFO - [2025-07-11T09:54:08.565+0000] {dag.py:3036} INFO - Sync 1 DAGs
[2025-07-11T09:54:08.590+0000] {logging_mixin.py:188} INFO - [2025-07-11T09:54:08.590+0000] {dag.py:3823} INFO - Setting next_dagrun for example_complex to None, run_after=None
[2025-07-11T09:54:08.627+0000] {processor.py:183} INFO - Processing /home/airflow/.local/lib/python3.8/site-packages/airflow/example_dags/example_complex.py took 0.145 seconds
[2025-07-11T09:54:39.258+0000] {processor.py:161} INFO - Started process (PID=2263) to work on /home/airflow/.local/lib/python3.8/site-packages/airflow/example_dags/example_complex.py
[2025-07-11T09:54:39.260+0000] {processor.py:830} INFO - Processing file /home/airflow/.local/lib/python3.8/site-packages/airflow/example_dags/example_complex.py for tasks to queue
[2025-07-11T09:54:39.263+0000] {logging_mixin.py:188} INFO - [2025-07-11T09:54:39.262+0000] {dagbag.py:538} INFO - Filling up the DagBag from /home/airflow/.local/lib/python3.8/site-packages/airflow/example_dags/example_complex.py
[2025-07-11T09:54:39.282+0000] {processor.py:840} INFO - DAG(s) 'example_complex' retrieved from /home/airflow/.local/lib/python3.8/site-packages/airflow/example_dags/example_complex.py
[2025-07-11T09:54:39.331+0000] {logging_mixin.py:188} INFO - [2025-07-11T09:54:39.330+0000] {dag.py:3036} INFO - Sync 1 DAGs
[2025-07-11T09:54:39.350+0000] {logging_mixin.py:188} INFO - [2025-07-11T09:54:39.349+0000] {dag.py:3823} INFO - Setting next_dagrun for example_complex to None, run_after=None
[2025-07-11T09:54:39.385+0000] {processor.py:183} INFO - Processing /home/airflow/.local/lib/python3.8/site-packages/airflow/example_dags/example_complex.py took 0.133 seconds
