[2025-07-11T09:24:54.594+0000] {processor.py:161} INFO - Started process (PID=87) to work on /home/airflow/.local/lib/python3.8/site-packages/airflow/example_dags/tutorial_dag.py
[2025-07-11T09:24:54.596+0000] {processor.py:830} INFO - Processing file /home/airflow/.local/lib/python3.8/site-packages/airflow/example_dags/tutorial_dag.py for tasks to queue
[2025-07-11T09:24:54.599+0000] {logging_mixin.py:188} INFO - [2025-07-11T09:24:54.598+0000] {dagbag.py:538} INFO - Filling up the DagBag from /home/airflow/.local/lib/python3.8/site-packages/airflow/example_dags/tutorial_dag.py
[2025-07-11T09:24:54.610+0000] {processor.py:840} INFO - DAG(s) 'tutorial_dag' retrieved from /home/airflow/.local/lib/python3.8/site-packages/airflow/example_dags/tutorial_dag.py
[2025-07-11T09:24:54.886+0000] {logging_mixin.py:188} INFO - [2025-07-11T09:24:54.885+0000] {override.py:1769} INFO - Created Permission View: can edit on DAG:tutorial_dag
[2025-07-11T09:24:54.905+0000] {logging_mixin.py:188} INFO - [2025-07-11T09:24:54.904+0000] {override.py:1769} INFO - Created Permission View: can delete on DAG:tutorial_dag
[2025-07-11T09:24:54.919+0000] {logging_mixin.py:188} INFO - [2025-07-11T09:24:54.918+0000] {override.py:1769} INFO - Created Permission View: can read on DAG:tutorial_dag
[2025-07-11T09:24:54.920+0000] {logging_mixin.py:188} INFO - [2025-07-11T09:24:54.920+0000] {dag.py:3036} INFO - Sync 1 DAGs
[2025-07-11T09:24:54.952+0000] {logging_mixin.py:188} INFO - [2025-07-11T09:24:54.952+0000] {dag.py:3058} INFO - Creating ORM DAG for tutorial_dag
[2025-07-11T09:24:54.955+0000] {logging_mixin.py:188} INFO - [2025-07-11T09:24:54.954+0000] {dag.py:3823} INFO - Setting next_dagrun for tutorial_dag to None, run_after=None
[2025-07-11T09:24:55.003+0000] {processor.py:183} INFO - Processing /home/airflow/.local/lib/python3.8/site-packages/airflow/example_dags/tutorial_dag.py took 0.414 seconds
[2025-07-11T09:25:25.293+0000] {processor.py:161} INFO - Started process (PID=142) to work on /home/airflow/.local/lib/python3.8/site-packages/airflow/example_dags/tutorial_dag.py
[2025-07-11T09:25:25.294+0000] {processor.py:830} INFO - Processing file /home/airflow/.local/lib/python3.8/site-packages/airflow/example_dags/tutorial_dag.py for tasks to queue
[2025-07-11T09:25:25.297+0000] {logging_mixin.py:188} INFO - [2025-07-11T09:25:25.296+0000] {dagbag.py:538} INFO - Filling up the DagBag from /home/airflow/.local/lib/python3.8/site-packages/airflow/example_dags/tutorial_dag.py
[2025-07-11T09:25:25.305+0000] {processor.py:840} INFO - DAG(s) 'tutorial_dag' retrieved from /home/airflow/.local/lib/python3.8/site-packages/airflow/example_dags/tutorial_dag.py
[2025-07-11T09:25:25.333+0000] {logging_mixin.py:188} INFO - [2025-07-11T09:25:25.333+0000] {dag.py:3036} INFO - Sync 1 DAGs
[2025-07-11T09:25:25.356+0000] {logging_mixin.py:188} INFO - [2025-07-11T09:25:25.356+0000] {dag.py:3823} INFO - Setting next_dagrun for tutorial_dag to None, run_after=None
[2025-07-11T09:25:25.388+0000] {processor.py:183} INFO - Processing /home/airflow/.local/lib/python3.8/site-packages/airflow/example_dags/tutorial_dag.py took 0.099 seconds
[2025-07-11T09:25:55.752+0000] {processor.py:161} INFO - Started process (PID=197) to work on /home/airflow/.local/lib/python3.8/site-packages/airflow/example_dags/tutorial_dag.py
[2025-07-11T09:25:55.753+0000] {processor.py:830} INFO - Processing file /home/airflow/.local/lib/python3.8/site-packages/airflow/example_dags/tutorial_dag.py for tasks to queue
[2025-07-11T09:25:55.756+0000] {logging_mixin.py:188} INFO - [2025-07-11T09:25:55.755+0000] {dagbag.py:538} INFO - Filling up the DagBag from /home/airflow/.local/lib/python3.8/site-packages/airflow/example_dags/tutorial_dag.py
[2025-07-11T09:25:55.763+0000] {processor.py:840} INFO - DAG(s) 'tutorial_dag' retrieved from /home/airflow/.local/lib/python3.8/site-packages/airflow/example_dags/tutorial_dag.py
[2025-07-11T09:25:55.791+0000] {logging_mixin.py:188} INFO - [2025-07-11T09:25:55.791+0000] {dag.py:3036} INFO - Sync 1 DAGs
[2025-07-11T09:25:55.809+0000] {logging_mixin.py:188} INFO - [2025-07-11T09:25:55.808+0000] {dag.py:3823} INFO - Setting next_dagrun for tutorial_dag to None, run_after=None
[2025-07-11T09:25:55.843+0000] {processor.py:183} INFO - Processing /home/airflow/.local/lib/python3.8/site-packages/airflow/example_dags/tutorial_dag.py took 0.097 seconds
[2025-07-11T09:26:26.069+0000] {processor.py:161} INFO - Started process (PID=252) to work on /home/airflow/.local/lib/python3.8/site-packages/airflow/example_dags/tutorial_dag.py
[2025-07-11T09:26:26.071+0000] {processor.py:830} INFO - Processing file /home/airflow/.local/lib/python3.8/site-packages/airflow/example_dags/tutorial_dag.py for tasks to queue
[2025-07-11T09:26:26.074+0000] {logging_mixin.py:188} INFO - [2025-07-11T09:26:26.074+0000] {dagbag.py:538} INFO - Filling up the DagBag from /home/airflow/.local/lib/python3.8/site-packages/airflow/example_dags/tutorial_dag.py
[2025-07-11T09:26:26.083+0000] {processor.py:840} INFO - DAG(s) 'tutorial_dag' retrieved from /home/airflow/.local/lib/python3.8/site-packages/airflow/example_dags/tutorial_dag.py
[2025-07-11T09:26:26.114+0000] {logging_mixin.py:188} INFO - [2025-07-11T09:26:26.114+0000] {dag.py:3036} INFO - Sync 1 DAGs
[2025-07-11T09:26:26.134+0000] {logging_mixin.py:188} INFO - [2025-07-11T09:26:26.134+0000] {dag.py:3823} INFO - Setting next_dagrun for tutorial_dag to None, run_after=None
[2025-07-11T09:26:26.171+0000] {processor.py:183} INFO - Processing /home/airflow/.local/lib/python3.8/site-packages/airflow/example_dags/tutorial_dag.py took 0.106 seconds
[2025-07-11T09:26:56.372+0000] {processor.py:161} INFO - Started process (PID=307) to work on /home/airflow/.local/lib/python3.8/site-packages/airflow/example_dags/tutorial_dag.py
[2025-07-11T09:26:56.374+0000] {processor.py:830} INFO - Processing file /home/airflow/.local/lib/python3.8/site-packages/airflow/example_dags/tutorial_dag.py for tasks to queue
[2025-07-11T09:26:56.379+0000] {logging_mixin.py:188} INFO - [2025-07-11T09:26:56.377+0000] {dagbag.py:538} INFO - Filling up the DagBag from /home/airflow/.local/lib/python3.8/site-packages/airflow/example_dags/tutorial_dag.py
[2025-07-11T09:26:56.388+0000] {processor.py:840} INFO - DAG(s) 'tutorial_dag' retrieved from /home/airflow/.local/lib/python3.8/site-packages/airflow/example_dags/tutorial_dag.py
[2025-07-11T09:26:56.418+0000] {logging_mixin.py:188} INFO - [2025-07-11T09:26:56.418+0000] {dag.py:3036} INFO - Sync 1 DAGs
[2025-07-11T09:26:56.439+0000] {logging_mixin.py:188} INFO - [2025-07-11T09:26:56.438+0000] {dag.py:3823} INFO - Setting next_dagrun for tutorial_dag to None, run_after=None
[2025-07-11T09:26:56.473+0000] {processor.py:183} INFO - Processing /home/airflow/.local/lib/python3.8/site-packages/airflow/example_dags/tutorial_dag.py took 0.107 seconds
[2025-07-11T09:28:22.935+0000] {processor.py:161} INFO - Started process (PID=81) to work on /home/airflow/.local/lib/python3.8/site-packages/airflow/example_dags/tutorial_dag.py
[2025-07-11T09:28:22.937+0000] {processor.py:830} INFO - Processing file /home/airflow/.local/lib/python3.8/site-packages/airflow/example_dags/tutorial_dag.py for tasks to queue
[2025-07-11T09:28:22.939+0000] {logging_mixin.py:188} INFO - [2025-07-11T09:28:22.939+0000] {dagbag.py:538} INFO - Filling up the DagBag from /home/airflow/.local/lib/python3.8/site-packages/airflow/example_dags/tutorial_dag.py
[2025-07-11T09:28:22.948+0000] {processor.py:840} INFO - DAG(s) 'tutorial_dag' retrieved from /home/airflow/.local/lib/python3.8/site-packages/airflow/example_dags/tutorial_dag.py
[2025-07-11T09:28:23.137+0000] {logging_mixin.py:188} INFO - [2025-07-11T09:28:23.136+0000] {override.py:1769} INFO - Created Permission View: can read on DAG:tutorial_dag
[2025-07-11T09:28:23.159+0000] {logging_mixin.py:188} INFO - [2025-07-11T09:28:23.159+0000] {override.py:1769} INFO - Created Permission View: can delete on DAG:tutorial_dag
[2025-07-11T09:28:23.179+0000] {logging_mixin.py:188} INFO - [2025-07-11T09:28:23.178+0000] {override.py:1769} INFO - Created Permission View: can edit on DAG:tutorial_dag
[2025-07-11T09:28:23.179+0000] {logging_mixin.py:188} INFO - [2025-07-11T09:28:23.179+0000] {dag.py:3036} INFO - Sync 1 DAGs
[2025-07-11T09:28:23.199+0000] {logging_mixin.py:188} INFO - [2025-07-11T09:28:23.198+0000] {dag.py:3058} INFO - Creating ORM DAG for tutorial_dag
[2025-07-11T09:28:23.200+0000] {logging_mixin.py:188} INFO - [2025-07-11T09:28:23.199+0000] {dag.py:3823} INFO - Setting next_dagrun for tutorial_dag to None, run_after=None
[2025-07-11T09:28:23.232+0000] {processor.py:183} INFO - Processing /home/airflow/.local/lib/python3.8/site-packages/airflow/example_dags/tutorial_dag.py took 0.301 seconds
[2025-07-11T09:28:53.971+0000] {processor.py:161} INFO - Started process (PID=143) to work on /home/airflow/.local/lib/python3.8/site-packages/airflow/example_dags/tutorial_dag.py
[2025-07-11T09:28:53.973+0000] {processor.py:830} INFO - Processing file /home/airflow/.local/lib/python3.8/site-packages/airflow/example_dags/tutorial_dag.py for tasks to queue
[2025-07-11T09:28:53.977+0000] {logging_mixin.py:188} INFO - [2025-07-11T09:28:53.976+0000] {dagbag.py:538} INFO - Filling up the DagBag from /home/airflow/.local/lib/python3.8/site-packages/airflow/example_dags/tutorial_dag.py
[2025-07-11T09:28:53.988+0000] {processor.py:840} INFO - DAG(s) 'tutorial_dag' retrieved from /home/airflow/.local/lib/python3.8/site-packages/airflow/example_dags/tutorial_dag.py
[2025-07-11T09:28:54.024+0000] {logging_mixin.py:188} INFO - [2025-07-11T09:28:54.024+0000] {dag.py:3036} INFO - Sync 1 DAGs
[2025-07-11T09:28:54.044+0000] {logging_mixin.py:188} INFO - [2025-07-11T09:28:54.044+0000] {dag.py:3823} INFO - Setting next_dagrun for tutorial_dag to None, run_after=None
[2025-07-11T09:28:54.079+0000] {processor.py:183} INFO - Processing /home/airflow/.local/lib/python3.8/site-packages/airflow/example_dags/tutorial_dag.py took 0.112 seconds
[2025-07-11T09:29:24.506+0000] {processor.py:161} INFO - Started process (PID=198) to work on /home/airflow/.local/lib/python3.8/site-packages/airflow/example_dags/tutorial_dag.py
[2025-07-11T09:29:24.508+0000] {processor.py:830} INFO - Processing file /home/airflow/.local/lib/python3.8/site-packages/airflow/example_dags/tutorial_dag.py for tasks to queue
[2025-07-11T09:29:24.510+0000] {logging_mixin.py:188} INFO - [2025-07-11T09:29:24.510+0000] {dagbag.py:538} INFO - Filling up the DagBag from /home/airflow/.local/lib/python3.8/site-packages/airflow/example_dags/tutorial_dag.py
[2025-07-11T09:29:24.518+0000] {processor.py:840} INFO - DAG(s) 'tutorial_dag' retrieved from /home/airflow/.local/lib/python3.8/site-packages/airflow/example_dags/tutorial_dag.py
[2025-07-11T09:29:24.549+0000] {logging_mixin.py:188} INFO - [2025-07-11T09:29:24.549+0000] {dag.py:3036} INFO - Sync 1 DAGs
[2025-07-11T09:29:24.570+0000] {logging_mixin.py:188} INFO - [2025-07-11T09:29:24.569+0000] {dag.py:3823} INFO - Setting next_dagrun for tutorial_dag to None, run_after=None
[2025-07-11T09:29:24.608+0000] {processor.py:183} INFO - Processing /home/airflow/.local/lib/python3.8/site-packages/airflow/example_dags/tutorial_dag.py took 0.106 seconds
[2025-07-11T09:29:54.960+0000] {processor.py:161} INFO - Started process (PID=253) to work on /home/airflow/.local/lib/python3.8/site-packages/airflow/example_dags/tutorial_dag.py
[2025-07-11T09:29:54.963+0000] {processor.py:830} INFO - Processing file /home/airflow/.local/lib/python3.8/site-packages/airflow/example_dags/tutorial_dag.py for tasks to queue
[2025-07-11T09:29:54.965+0000] {logging_mixin.py:188} INFO - [2025-07-11T09:29:54.965+0000] {dagbag.py:538} INFO - Filling up the DagBag from /home/airflow/.local/lib/python3.8/site-packages/airflow/example_dags/tutorial_dag.py
[2025-07-11T09:29:54.973+0000] {processor.py:840} INFO - DAG(s) 'tutorial_dag' retrieved from /home/airflow/.local/lib/python3.8/site-packages/airflow/example_dags/tutorial_dag.py
[2025-07-11T09:29:55.007+0000] {logging_mixin.py:188} INFO - [2025-07-11T09:29:55.007+0000] {dag.py:3036} INFO - Sync 1 DAGs
[2025-07-11T09:29:55.027+0000] {logging_mixin.py:188} INFO - [2025-07-11T09:29:55.027+0000] {dag.py:3823} INFO - Setting next_dagrun for tutorial_dag to None, run_after=None
[2025-07-11T09:29:55.062+0000] {processor.py:183} INFO - Processing /home/airflow/.local/lib/python3.8/site-packages/airflow/example_dags/tutorial_dag.py took 0.106 seconds
[2025-07-11T09:30:25.188+0000] {processor.py:161} INFO - Started process (PID=308) to work on /home/airflow/.local/lib/python3.8/site-packages/airflow/example_dags/tutorial_dag.py
[2025-07-11T09:30:25.190+0000] {processor.py:830} INFO - Processing file /home/airflow/.local/lib/python3.8/site-packages/airflow/example_dags/tutorial_dag.py for tasks to queue
[2025-07-11T09:30:25.192+0000] {logging_mixin.py:188} INFO - [2025-07-11T09:30:25.192+0000] {dagbag.py:538} INFO - Filling up the DagBag from /home/airflow/.local/lib/python3.8/site-packages/airflow/example_dags/tutorial_dag.py
[2025-07-11T09:30:25.200+0000] {processor.py:840} INFO - DAG(s) 'tutorial_dag' retrieved from /home/airflow/.local/lib/python3.8/site-packages/airflow/example_dags/tutorial_dag.py
[2025-07-11T09:30:25.230+0000] {logging_mixin.py:188} INFO - [2025-07-11T09:30:25.229+0000] {dag.py:3036} INFO - Sync 1 DAGs
[2025-07-11T09:30:25.248+0000] {logging_mixin.py:188} INFO - [2025-07-11T09:30:25.248+0000] {dag.py:3823} INFO - Setting next_dagrun for tutorial_dag to None, run_after=None
[2025-07-11T09:30:25.281+0000] {processor.py:183} INFO - Processing /home/airflow/.local/lib/python3.8/site-packages/airflow/example_dags/tutorial_dag.py took 0.098 seconds
[2025-07-11T09:30:56.074+0000] {processor.py:161} INFO - Started process (PID=363) to work on /home/airflow/.local/lib/python3.8/site-packages/airflow/example_dags/tutorial_dag.py
[2025-07-11T09:30:56.076+0000] {processor.py:830} INFO - Processing file /home/airflow/.local/lib/python3.8/site-packages/airflow/example_dags/tutorial_dag.py for tasks to queue
[2025-07-11T09:30:56.079+0000] {logging_mixin.py:188} INFO - [2025-07-11T09:30:56.078+0000] {dagbag.py:538} INFO - Filling up the DagBag from /home/airflow/.local/lib/python3.8/site-packages/airflow/example_dags/tutorial_dag.py
[2025-07-11T09:30:56.086+0000] {processor.py:840} INFO - DAG(s) 'tutorial_dag' retrieved from /home/airflow/.local/lib/python3.8/site-packages/airflow/example_dags/tutorial_dag.py
[2025-07-11T09:30:56.115+0000] {logging_mixin.py:188} INFO - [2025-07-11T09:30:56.114+0000] {dag.py:3036} INFO - Sync 1 DAGs
[2025-07-11T09:30:56.132+0000] {logging_mixin.py:188} INFO - [2025-07-11T09:30:56.132+0000] {dag.py:3823} INFO - Setting next_dagrun for tutorial_dag to None, run_after=None
[2025-07-11T09:30:56.163+0000] {processor.py:183} INFO - Processing /home/airflow/.local/lib/python3.8/site-packages/airflow/example_dags/tutorial_dag.py took 0.093 seconds
[2025-07-11T09:31:26.307+0000] {processor.py:161} INFO - Started process (PID=418) to work on /home/airflow/.local/lib/python3.8/site-packages/airflow/example_dags/tutorial_dag.py
[2025-07-11T09:31:26.308+0000] {processor.py:830} INFO - Processing file /home/airflow/.local/lib/python3.8/site-packages/airflow/example_dags/tutorial_dag.py for tasks to queue
[2025-07-11T09:31:26.311+0000] {logging_mixin.py:188} INFO - [2025-07-11T09:31:26.310+0000] {dagbag.py:538} INFO - Filling up the DagBag from /home/airflow/.local/lib/python3.8/site-packages/airflow/example_dags/tutorial_dag.py
[2025-07-11T09:31:26.318+0000] {processor.py:840} INFO - DAG(s) 'tutorial_dag' retrieved from /home/airflow/.local/lib/python3.8/site-packages/airflow/example_dags/tutorial_dag.py
[2025-07-11T09:31:26.346+0000] {logging_mixin.py:188} INFO - [2025-07-11T09:31:26.345+0000] {dag.py:3036} INFO - Sync 1 DAGs
[2025-07-11T09:31:26.362+0000] {logging_mixin.py:188} INFO - [2025-07-11T09:31:26.362+0000] {dag.py:3823} INFO - Setting next_dagrun for tutorial_dag to None, run_after=None
[2025-07-11T09:31:26.391+0000] {processor.py:183} INFO - Processing /home/airflow/.local/lib/python3.8/site-packages/airflow/example_dags/tutorial_dag.py took 0.089 seconds
[2025-07-11T09:31:57.374+0000] {processor.py:161} INFO - Started process (PID=473) to work on /home/airflow/.local/lib/python3.8/site-packages/airflow/example_dags/tutorial_dag.py
[2025-07-11T09:31:57.375+0000] {processor.py:830} INFO - Processing file /home/airflow/.local/lib/python3.8/site-packages/airflow/example_dags/tutorial_dag.py for tasks to queue
[2025-07-11T09:31:57.378+0000] {logging_mixin.py:188} INFO - [2025-07-11T09:31:57.378+0000] {dagbag.py:538} INFO - Filling up the DagBag from /home/airflow/.local/lib/python3.8/site-packages/airflow/example_dags/tutorial_dag.py
[2025-07-11T09:31:57.388+0000] {processor.py:840} INFO - DAG(s) 'tutorial_dag' retrieved from /home/airflow/.local/lib/python3.8/site-packages/airflow/example_dags/tutorial_dag.py
[2025-07-11T09:31:57.423+0000] {logging_mixin.py:188} INFO - [2025-07-11T09:31:57.422+0000] {dag.py:3036} INFO - Sync 1 DAGs
[2025-07-11T09:31:57.445+0000] {logging_mixin.py:188} INFO - [2025-07-11T09:31:57.444+0000] {dag.py:3823} INFO - Setting next_dagrun for tutorial_dag to None, run_after=None
[2025-07-11T09:31:57.481+0000] {processor.py:183} INFO - Processing /home/airflow/.local/lib/python3.8/site-packages/airflow/example_dags/tutorial_dag.py took 0.112 seconds
[2025-07-11T09:32:27.863+0000] {processor.py:161} INFO - Started process (PID=528) to work on /home/airflow/.local/lib/python3.8/site-packages/airflow/example_dags/tutorial_dag.py
[2025-07-11T09:32:27.865+0000] {processor.py:830} INFO - Processing file /home/airflow/.local/lib/python3.8/site-packages/airflow/example_dags/tutorial_dag.py for tasks to queue
[2025-07-11T09:32:27.870+0000] {logging_mixin.py:188} INFO - [2025-07-11T09:32:27.869+0000] {dagbag.py:538} INFO - Filling up the DagBag from /home/airflow/.local/lib/python3.8/site-packages/airflow/example_dags/tutorial_dag.py
[2025-07-11T09:32:27.878+0000] {processor.py:840} INFO - DAG(s) 'tutorial_dag' retrieved from /home/airflow/.local/lib/python3.8/site-packages/airflow/example_dags/tutorial_dag.py
[2025-07-11T09:32:27.913+0000] {logging_mixin.py:188} INFO - [2025-07-11T09:32:27.912+0000] {dag.py:3036} INFO - Sync 1 DAGs
[2025-07-11T09:32:27.935+0000] {logging_mixin.py:188} INFO - [2025-07-11T09:32:27.935+0000] {dag.py:3823} INFO - Setting next_dagrun for tutorial_dag to None, run_after=None
[2025-07-11T09:32:27.978+0000] {processor.py:183} INFO - Processing /home/airflow/.local/lib/python3.8/site-packages/airflow/example_dags/tutorial_dag.py took 0.120 seconds
[2025-07-11T09:32:58.839+0000] {processor.py:161} INFO - Started process (PID=583) to work on /home/airflow/.local/lib/python3.8/site-packages/airflow/example_dags/tutorial_dag.py
[2025-07-11T09:32:58.841+0000] {processor.py:830} INFO - Processing file /home/airflow/.local/lib/python3.8/site-packages/airflow/example_dags/tutorial_dag.py for tasks to queue
[2025-07-11T09:32:58.843+0000] {logging_mixin.py:188} INFO - [2025-07-11T09:32:58.843+0000] {dagbag.py:538} INFO - Filling up the DagBag from /home/airflow/.local/lib/python3.8/site-packages/airflow/example_dags/tutorial_dag.py
[2025-07-11T09:32:58.851+0000] {processor.py:840} INFO - DAG(s) 'tutorial_dag' retrieved from /home/airflow/.local/lib/python3.8/site-packages/airflow/example_dags/tutorial_dag.py
[2025-07-11T09:32:58.880+0000] {logging_mixin.py:188} INFO - [2025-07-11T09:32:58.879+0000] {dag.py:3036} INFO - Sync 1 DAGs
[2025-07-11T09:32:58.897+0000] {logging_mixin.py:188} INFO - [2025-07-11T09:32:58.897+0000] {dag.py:3823} INFO - Setting next_dagrun for tutorial_dag to None, run_after=None
[2025-07-11T09:32:58.932+0000] {processor.py:183} INFO - Processing /home/airflow/.local/lib/python3.8/site-packages/airflow/example_dags/tutorial_dag.py took 0.098 seconds
[2025-07-11T09:33:29.046+0000] {processor.py:161} INFO - Started process (PID=638) to work on /home/airflow/.local/lib/python3.8/site-packages/airflow/example_dags/tutorial_dag.py
[2025-07-11T09:33:29.048+0000] {processor.py:830} INFO - Processing file /home/airflow/.local/lib/python3.8/site-packages/airflow/example_dags/tutorial_dag.py for tasks to queue
[2025-07-11T09:33:29.051+0000] {logging_mixin.py:188} INFO - [2025-07-11T09:33:29.050+0000] {dagbag.py:538} INFO - Filling up the DagBag from /home/airflow/.local/lib/python3.8/site-packages/airflow/example_dags/tutorial_dag.py
[2025-07-11T09:33:29.058+0000] {processor.py:840} INFO - DAG(s) 'tutorial_dag' retrieved from /home/airflow/.local/lib/python3.8/site-packages/airflow/example_dags/tutorial_dag.py
[2025-07-11T09:33:29.086+0000] {logging_mixin.py:188} INFO - [2025-07-11T09:33:29.086+0000] {dag.py:3036} INFO - Sync 1 DAGs
[2025-07-11T09:33:29.104+0000] {logging_mixin.py:188} INFO - [2025-07-11T09:33:29.104+0000] {dag.py:3823} INFO - Setting next_dagrun for tutorial_dag to None, run_after=None
[2025-07-11T09:33:29.137+0000] {processor.py:183} INFO - Processing /home/airflow/.local/lib/python3.8/site-packages/airflow/example_dags/tutorial_dag.py took 0.095 seconds
[2025-07-11T09:34:43.925+0000] {processor.py:161} INFO - Started process (PID=89) to work on /home/airflow/.local/lib/python3.8/site-packages/airflow/example_dags/tutorial_dag.py
[2025-07-11T09:34:43.928+0000] {processor.py:830} INFO - Processing file /home/airflow/.local/lib/python3.8/site-packages/airflow/example_dags/tutorial_dag.py for tasks to queue
[2025-07-11T09:34:43.934+0000] {logging_mixin.py:188} INFO - [2025-07-11T09:34:43.932+0000] {dagbag.py:538} INFO - Filling up the DagBag from /home/airflow/.local/lib/python3.8/site-packages/airflow/example_dags/tutorial_dag.py
[2025-07-11T09:34:43.950+0000] {processor.py:840} INFO - DAG(s) 'tutorial_dag' retrieved from /home/airflow/.local/lib/python3.8/site-packages/airflow/example_dags/tutorial_dag.py
[2025-07-11T09:34:44.167+0000] {logging_mixin.py:188} INFO - [2025-07-11T09:34:44.166+0000] {override.py:1769} INFO - Created Permission View: can edit on DAG:tutorial_dag
[2025-07-11T09:34:44.190+0000] {logging_mixin.py:188} INFO - [2025-07-11T09:34:44.189+0000] {override.py:1769} INFO - Created Permission View: can delete on DAG:tutorial_dag
[2025-07-11T09:34:44.206+0000] {logging_mixin.py:188} INFO - [2025-07-11T09:34:44.205+0000] {override.py:1769} INFO - Created Permission View: can read on DAG:tutorial_dag
[2025-07-11T09:34:44.207+0000] {logging_mixin.py:188} INFO - [2025-07-11T09:34:44.206+0000] {dag.py:3036} INFO - Sync 1 DAGs
[2025-07-11T09:34:44.235+0000] {logging_mixin.py:188} INFO - [2025-07-11T09:34:44.234+0000] {dag.py:3058} INFO - Creating ORM DAG for tutorial_dag
[2025-07-11T09:34:44.236+0000] {logging_mixin.py:188} INFO - [2025-07-11T09:34:44.236+0000] {dag.py:3823} INFO - Setting next_dagrun for tutorial_dag to None, run_after=None
[2025-07-11T09:34:44.277+0000] {processor.py:183} INFO - Processing /home/airflow/.local/lib/python3.8/site-packages/airflow/example_dags/tutorial_dag.py took 0.362 seconds
[2025-07-11T09:35:14.940+0000] {processor.py:161} INFO - Started process (PID=144) to work on /home/airflow/.local/lib/python3.8/site-packages/airflow/example_dags/tutorial_dag.py
[2025-07-11T09:35:14.942+0000] {processor.py:830} INFO - Processing file /home/airflow/.local/lib/python3.8/site-packages/airflow/example_dags/tutorial_dag.py for tasks to queue
[2025-07-11T09:35:14.945+0000] {logging_mixin.py:188} INFO - [2025-07-11T09:35:14.945+0000] {dagbag.py:538} INFO - Filling up the DagBag from /home/airflow/.local/lib/python3.8/site-packages/airflow/example_dags/tutorial_dag.py
[2025-07-11T09:35:14.953+0000] {processor.py:840} INFO - DAG(s) 'tutorial_dag' retrieved from /home/airflow/.local/lib/python3.8/site-packages/airflow/example_dags/tutorial_dag.py
[2025-07-11T09:35:14.984+0000] {logging_mixin.py:188} INFO - [2025-07-11T09:35:14.983+0000] {dag.py:3036} INFO - Sync 1 DAGs
[2025-07-11T09:35:15.006+0000] {logging_mixin.py:188} INFO - [2025-07-11T09:35:15.006+0000] {dag.py:3823} INFO - Setting next_dagrun for tutorial_dag to None, run_after=None
[2025-07-11T09:35:15.037+0000] {processor.py:183} INFO - Processing /home/airflow/.local/lib/python3.8/site-packages/airflow/example_dags/tutorial_dag.py took 0.102 seconds
[2025-07-11T09:35:45.095+0000] {processor.py:161} INFO - Started process (PID=199) to work on /home/airflow/.local/lib/python3.8/site-packages/airflow/example_dags/tutorial_dag.py
[2025-07-11T09:35:45.096+0000] {processor.py:830} INFO - Processing file /home/airflow/.local/lib/python3.8/site-packages/airflow/example_dags/tutorial_dag.py for tasks to queue
[2025-07-11T09:35:45.099+0000] {logging_mixin.py:188} INFO - [2025-07-11T09:35:45.099+0000] {dagbag.py:538} INFO - Filling up the DagBag from /home/airflow/.local/lib/python3.8/site-packages/airflow/example_dags/tutorial_dag.py
[2025-07-11T09:35:45.108+0000] {processor.py:840} INFO - DAG(s) 'tutorial_dag' retrieved from /home/airflow/.local/lib/python3.8/site-packages/airflow/example_dags/tutorial_dag.py
[2025-07-11T09:35:45.139+0000] {logging_mixin.py:188} INFO - [2025-07-11T09:35:45.138+0000] {dag.py:3036} INFO - Sync 1 DAGs
[2025-07-11T09:35:45.157+0000] {logging_mixin.py:188} INFO - [2025-07-11T09:35:45.156+0000] {dag.py:3823} INFO - Setting next_dagrun for tutorial_dag to None, run_after=None
[2025-07-11T09:35:45.194+0000] {processor.py:183} INFO - Processing /home/airflow/.local/lib/python3.8/site-packages/airflow/example_dags/tutorial_dag.py took 0.104 seconds
[2025-07-11T09:36:15.776+0000] {processor.py:161} INFO - Started process (PID=254) to work on /home/airflow/.local/lib/python3.8/site-packages/airflow/example_dags/tutorial_dag.py
[2025-07-11T09:36:15.778+0000] {processor.py:830} INFO - Processing file /home/airflow/.local/lib/python3.8/site-packages/airflow/example_dags/tutorial_dag.py for tasks to queue
[2025-07-11T09:36:15.781+0000] {logging_mixin.py:188} INFO - [2025-07-11T09:36:15.780+0000] {dagbag.py:538} INFO - Filling up the DagBag from /home/airflow/.local/lib/python3.8/site-packages/airflow/example_dags/tutorial_dag.py
[2025-07-11T09:36:15.788+0000] {processor.py:840} INFO - DAG(s) 'tutorial_dag' retrieved from /home/airflow/.local/lib/python3.8/site-packages/airflow/example_dags/tutorial_dag.py
[2025-07-11T09:36:15.814+0000] {logging_mixin.py:188} INFO - [2025-07-11T09:36:15.814+0000] {dag.py:3036} INFO - Sync 1 DAGs
[2025-07-11T09:36:15.832+0000] {logging_mixin.py:188} INFO - [2025-07-11T09:36:15.831+0000] {dag.py:3823} INFO - Setting next_dagrun for tutorial_dag to None, run_after=None
[2025-07-11T09:36:15.861+0000] {processor.py:183} INFO - Processing /home/airflow/.local/lib/python3.8/site-packages/airflow/example_dags/tutorial_dag.py took 0.089 seconds
[2025-07-11T09:36:46.061+0000] {processor.py:161} INFO - Started process (PID=309) to work on /home/airflow/.local/lib/python3.8/site-packages/airflow/example_dags/tutorial_dag.py
[2025-07-11T09:36:46.063+0000] {processor.py:830} INFO - Processing file /home/airflow/.local/lib/python3.8/site-packages/airflow/example_dags/tutorial_dag.py for tasks to queue
[2025-07-11T09:36:46.066+0000] {logging_mixin.py:188} INFO - [2025-07-11T09:36:46.065+0000] {dagbag.py:538} INFO - Filling up the DagBag from /home/airflow/.local/lib/python3.8/site-packages/airflow/example_dags/tutorial_dag.py
[2025-07-11T09:36:46.074+0000] {processor.py:840} INFO - DAG(s) 'tutorial_dag' retrieved from /home/airflow/.local/lib/python3.8/site-packages/airflow/example_dags/tutorial_dag.py
[2025-07-11T09:36:46.104+0000] {logging_mixin.py:188} INFO - [2025-07-11T09:36:46.104+0000] {dag.py:3036} INFO - Sync 1 DAGs
[2025-07-11T09:36:46.126+0000] {logging_mixin.py:188} INFO - [2025-07-11T09:36:46.125+0000] {dag.py:3823} INFO - Setting next_dagrun for tutorial_dag to None, run_after=None
[2025-07-11T09:36:46.164+0000] {processor.py:183} INFO - Processing /home/airflow/.local/lib/python3.8/site-packages/airflow/example_dags/tutorial_dag.py took 0.107 seconds
[2025-07-11T09:37:16.463+0000] {processor.py:161} INFO - Started process (PID=364) to work on /home/airflow/.local/lib/python3.8/site-packages/airflow/example_dags/tutorial_dag.py
[2025-07-11T09:37:16.465+0000] {processor.py:830} INFO - Processing file /home/airflow/.local/lib/python3.8/site-packages/airflow/example_dags/tutorial_dag.py for tasks to queue
[2025-07-11T09:37:16.468+0000] {logging_mixin.py:188} INFO - [2025-07-11T09:37:16.468+0000] {dagbag.py:538} INFO - Filling up the DagBag from /home/airflow/.local/lib/python3.8/site-packages/airflow/example_dags/tutorial_dag.py
[2025-07-11T09:37:16.477+0000] {processor.py:840} INFO - DAG(s) 'tutorial_dag' retrieved from /home/airflow/.local/lib/python3.8/site-packages/airflow/example_dags/tutorial_dag.py
[2025-07-11T09:37:16.505+0000] {logging_mixin.py:188} INFO - [2025-07-11T09:37:16.504+0000] {dag.py:3036} INFO - Sync 1 DAGs
[2025-07-11T09:37:16.525+0000] {logging_mixin.py:188} INFO - [2025-07-11T09:37:16.524+0000] {dag.py:3823} INFO - Setting next_dagrun for tutorial_dag to None, run_after=None
[2025-07-11T09:37:16.559+0000] {processor.py:183} INFO - Processing /home/airflow/.local/lib/python3.8/site-packages/airflow/example_dags/tutorial_dag.py took 0.100 seconds
[2025-07-11T09:37:46.867+0000] {processor.py:161} INFO - Started process (PID=419) to work on /home/airflow/.local/lib/python3.8/site-packages/airflow/example_dags/tutorial_dag.py
[2025-07-11T09:37:46.869+0000] {processor.py:830} INFO - Processing file /home/airflow/.local/lib/python3.8/site-packages/airflow/example_dags/tutorial_dag.py for tasks to queue
[2025-07-11T09:37:46.871+0000] {logging_mixin.py:188} INFO - [2025-07-11T09:37:46.871+0000] {dagbag.py:538} INFO - Filling up the DagBag from /home/airflow/.local/lib/python3.8/site-packages/airflow/example_dags/tutorial_dag.py
[2025-07-11T09:37:46.880+0000] {processor.py:840} INFO - DAG(s) 'tutorial_dag' retrieved from /home/airflow/.local/lib/python3.8/site-packages/airflow/example_dags/tutorial_dag.py
[2025-07-11T09:37:46.913+0000] {logging_mixin.py:188} INFO - [2025-07-11T09:37:46.912+0000] {dag.py:3036} INFO - Sync 1 DAGs
[2025-07-11T09:37:46.932+0000] {logging_mixin.py:188} INFO - [2025-07-11T09:37:46.931+0000] {dag.py:3823} INFO - Setting next_dagrun for tutorial_dag to None, run_after=None
[2025-07-11T09:37:46.966+0000] {processor.py:183} INFO - Processing /home/airflow/.local/lib/python3.8/site-packages/airflow/example_dags/tutorial_dag.py took 0.104 seconds
[2025-07-11T09:38:17.070+0000] {processor.py:161} INFO - Started process (PID=474) to work on /home/airflow/.local/lib/python3.8/site-packages/airflow/example_dags/tutorial_dag.py
[2025-07-11T09:38:17.072+0000] {processor.py:830} INFO - Processing file /home/airflow/.local/lib/python3.8/site-packages/airflow/example_dags/tutorial_dag.py for tasks to queue
[2025-07-11T09:38:17.074+0000] {logging_mixin.py:188} INFO - [2025-07-11T09:38:17.073+0000] {dagbag.py:538} INFO - Filling up the DagBag from /home/airflow/.local/lib/python3.8/site-packages/airflow/example_dags/tutorial_dag.py
[2025-07-11T09:38:17.081+0000] {processor.py:840} INFO - DAG(s) 'tutorial_dag' retrieved from /home/airflow/.local/lib/python3.8/site-packages/airflow/example_dags/tutorial_dag.py
[2025-07-11T09:38:17.113+0000] {logging_mixin.py:188} INFO - [2025-07-11T09:38:17.112+0000] {dag.py:3036} INFO - Sync 1 DAGs
[2025-07-11T09:38:17.136+0000] {logging_mixin.py:188} INFO - [2025-07-11T09:38:17.136+0000] {dag.py:3823} INFO - Setting next_dagrun for tutorial_dag to None, run_after=None
[2025-07-11T09:38:17.171+0000] {processor.py:183} INFO - Processing /home/airflow/.local/lib/python3.8/site-packages/airflow/example_dags/tutorial_dag.py took 0.106 seconds
[2025-07-11T09:38:47.543+0000] {processor.py:161} INFO - Started process (PID=529) to work on /home/airflow/.local/lib/python3.8/site-packages/airflow/example_dags/tutorial_dag.py
[2025-07-11T09:38:47.545+0000] {processor.py:830} INFO - Processing file /home/airflow/.local/lib/python3.8/site-packages/airflow/example_dags/tutorial_dag.py for tasks to queue
[2025-07-11T09:38:47.548+0000] {logging_mixin.py:188} INFO - [2025-07-11T09:38:47.547+0000] {dagbag.py:538} INFO - Filling up the DagBag from /home/airflow/.local/lib/python3.8/site-packages/airflow/example_dags/tutorial_dag.py
[2025-07-11T09:38:47.555+0000] {processor.py:840} INFO - DAG(s) 'tutorial_dag' retrieved from /home/airflow/.local/lib/python3.8/site-packages/airflow/example_dags/tutorial_dag.py
[2025-07-11T09:38:47.583+0000] {logging_mixin.py:188} INFO - [2025-07-11T09:38:47.582+0000] {dag.py:3036} INFO - Sync 1 DAGs
[2025-07-11T09:38:47.602+0000] {logging_mixin.py:188} INFO - [2025-07-11T09:38:47.602+0000] {dag.py:3823} INFO - Setting next_dagrun for tutorial_dag to None, run_after=None
[2025-07-11T09:38:47.635+0000] {processor.py:183} INFO - Processing /home/airflow/.local/lib/python3.8/site-packages/airflow/example_dags/tutorial_dag.py took 0.096 seconds
[2025-07-11T09:39:17.911+0000] {processor.py:161} INFO - Started process (PID=585) to work on /home/airflow/.local/lib/python3.8/site-packages/airflow/example_dags/tutorial_dag.py
[2025-07-11T09:39:17.913+0000] {processor.py:830} INFO - Processing file /home/airflow/.local/lib/python3.8/site-packages/airflow/example_dags/tutorial_dag.py for tasks to queue
[2025-07-11T09:39:17.915+0000] {logging_mixin.py:188} INFO - [2025-07-11T09:39:17.915+0000] {dagbag.py:538} INFO - Filling up the DagBag from /home/airflow/.local/lib/python3.8/site-packages/airflow/example_dags/tutorial_dag.py
[2025-07-11T09:39:17.922+0000] {processor.py:840} INFO - DAG(s) 'tutorial_dag' retrieved from /home/airflow/.local/lib/python3.8/site-packages/airflow/example_dags/tutorial_dag.py
[2025-07-11T09:39:17.950+0000] {logging_mixin.py:188} INFO - [2025-07-11T09:39:17.950+0000] {dag.py:3036} INFO - Sync 1 DAGs
[2025-07-11T09:39:17.967+0000] {logging_mixin.py:188} INFO - [2025-07-11T09:39:17.967+0000] {dag.py:3823} INFO - Setting next_dagrun for tutorial_dag to None, run_after=None
[2025-07-11T09:39:17.999+0000] {processor.py:183} INFO - Processing /home/airflow/.local/lib/python3.8/site-packages/airflow/example_dags/tutorial_dag.py took 0.093 seconds
[2025-07-11T09:39:48.210+0000] {processor.py:161} INFO - Started process (PID=640) to work on /home/airflow/.local/lib/python3.8/site-packages/airflow/example_dags/tutorial_dag.py
[2025-07-11T09:39:48.212+0000] {processor.py:830} INFO - Processing file /home/airflow/.local/lib/python3.8/site-packages/airflow/example_dags/tutorial_dag.py for tasks to queue
[2025-07-11T09:39:48.215+0000] {logging_mixin.py:188} INFO - [2025-07-11T09:39:48.214+0000] {dagbag.py:538} INFO - Filling up the DagBag from /home/airflow/.local/lib/python3.8/site-packages/airflow/example_dags/tutorial_dag.py
[2025-07-11T09:39:48.225+0000] {processor.py:840} INFO - DAG(s) 'tutorial_dag' retrieved from /home/airflow/.local/lib/python3.8/site-packages/airflow/example_dags/tutorial_dag.py
[2025-07-11T09:39:48.254+0000] {logging_mixin.py:188} INFO - [2025-07-11T09:39:48.254+0000] {dag.py:3036} INFO - Sync 1 DAGs
[2025-07-11T09:39:48.272+0000] {logging_mixin.py:188} INFO - [2025-07-11T09:39:48.272+0000] {dag.py:3823} INFO - Setting next_dagrun for tutorial_dag to None, run_after=None
[2025-07-11T09:39:48.305+0000] {processor.py:183} INFO - Processing /home/airflow/.local/lib/python3.8/site-packages/airflow/example_dags/tutorial_dag.py took 0.099 seconds
[2025-07-11T09:40:18.708+0000] {processor.py:161} INFO - Started process (PID=695) to work on /home/airflow/.local/lib/python3.8/site-packages/airflow/example_dags/tutorial_dag.py
[2025-07-11T09:40:18.709+0000] {processor.py:830} INFO - Processing file /home/airflow/.local/lib/python3.8/site-packages/airflow/example_dags/tutorial_dag.py for tasks to queue
[2025-07-11T09:40:18.712+0000] {logging_mixin.py:188} INFO - [2025-07-11T09:40:18.711+0000] {dagbag.py:538} INFO - Filling up the DagBag from /home/airflow/.local/lib/python3.8/site-packages/airflow/example_dags/tutorial_dag.py
[2025-07-11T09:40:18.721+0000] {processor.py:840} INFO - DAG(s) 'tutorial_dag' retrieved from /home/airflow/.local/lib/python3.8/site-packages/airflow/example_dags/tutorial_dag.py
[2025-07-11T09:40:18.751+0000] {logging_mixin.py:188} INFO - [2025-07-11T09:40:18.751+0000] {dag.py:3036} INFO - Sync 1 DAGs
[2025-07-11T09:40:18.769+0000] {logging_mixin.py:188} INFO - [2025-07-11T09:40:18.769+0000] {dag.py:3823} INFO - Setting next_dagrun for tutorial_dag to None, run_after=None
[2025-07-11T09:40:18.803+0000] {processor.py:183} INFO - Processing /home/airflow/.local/lib/python3.8/site-packages/airflow/example_dags/tutorial_dag.py took 0.101 seconds
[2025-07-11T09:40:49.162+0000] {processor.py:161} INFO - Started process (PID=750) to work on /home/airflow/.local/lib/python3.8/site-packages/airflow/example_dags/tutorial_dag.py
[2025-07-11T09:40:49.163+0000] {processor.py:830} INFO - Processing file /home/airflow/.local/lib/python3.8/site-packages/airflow/example_dags/tutorial_dag.py for tasks to queue
[2025-07-11T09:40:49.166+0000] {logging_mixin.py:188} INFO - [2025-07-11T09:40:49.165+0000] {dagbag.py:538} INFO - Filling up the DagBag from /home/airflow/.local/lib/python3.8/site-packages/airflow/example_dags/tutorial_dag.py
[2025-07-11T09:40:49.175+0000] {processor.py:840} INFO - DAG(s) 'tutorial_dag' retrieved from /home/airflow/.local/lib/python3.8/site-packages/airflow/example_dags/tutorial_dag.py
[2025-07-11T09:40:49.207+0000] {logging_mixin.py:188} INFO - [2025-07-11T09:40:49.206+0000] {dag.py:3036} INFO - Sync 1 DAGs
[2025-07-11T09:40:49.227+0000] {logging_mixin.py:188} INFO - [2025-07-11T09:40:49.227+0000] {dag.py:3823} INFO - Setting next_dagrun for tutorial_dag to None, run_after=None
[2025-07-11T09:40:49.256+0000] {processor.py:183} INFO - Processing /home/airflow/.local/lib/python3.8/site-packages/airflow/example_dags/tutorial_dag.py took 0.099 seconds
[2025-07-11T09:41:19.386+0000] {processor.py:161} INFO - Started process (PID=805) to work on /home/airflow/.local/lib/python3.8/site-packages/airflow/example_dags/tutorial_dag.py
[2025-07-11T09:41:19.388+0000] {processor.py:830} INFO - Processing file /home/airflow/.local/lib/python3.8/site-packages/airflow/example_dags/tutorial_dag.py for tasks to queue
[2025-07-11T09:41:19.391+0000] {logging_mixin.py:188} INFO - [2025-07-11T09:41:19.390+0000] {dagbag.py:538} INFO - Filling up the DagBag from /home/airflow/.local/lib/python3.8/site-packages/airflow/example_dags/tutorial_dag.py
[2025-07-11T09:41:19.400+0000] {processor.py:840} INFO - DAG(s) 'tutorial_dag' retrieved from /home/airflow/.local/lib/python3.8/site-packages/airflow/example_dags/tutorial_dag.py
[2025-07-11T09:41:19.434+0000] {logging_mixin.py:188} INFO - [2025-07-11T09:41:19.434+0000] {dag.py:3036} INFO - Sync 1 DAGs
[2025-07-11T09:41:19.457+0000] {logging_mixin.py:188} INFO - [2025-07-11T09:41:19.457+0000] {dag.py:3823} INFO - Setting next_dagrun for tutorial_dag to None, run_after=None
[2025-07-11T09:41:19.494+0000] {processor.py:183} INFO - Processing /home/airflow/.local/lib/python3.8/site-packages/airflow/example_dags/tutorial_dag.py took 0.114 seconds
[2025-07-11T09:41:49.952+0000] {processor.py:161} INFO - Started process (PID=860) to work on /home/airflow/.local/lib/python3.8/site-packages/airflow/example_dags/tutorial_dag.py
[2025-07-11T09:41:49.954+0000] {processor.py:830} INFO - Processing file /home/airflow/.local/lib/python3.8/site-packages/airflow/example_dags/tutorial_dag.py for tasks to queue
[2025-07-11T09:41:49.956+0000] {logging_mixin.py:188} INFO - [2025-07-11T09:41:49.956+0000] {dagbag.py:538} INFO - Filling up the DagBag from /home/airflow/.local/lib/python3.8/site-packages/airflow/example_dags/tutorial_dag.py
[2025-07-11T09:41:49.966+0000] {processor.py:840} INFO - DAG(s) 'tutorial_dag' retrieved from /home/airflow/.local/lib/python3.8/site-packages/airflow/example_dags/tutorial_dag.py
[2025-07-11T09:41:49.994+0000] {logging_mixin.py:188} INFO - [2025-07-11T09:41:49.994+0000] {dag.py:3036} INFO - Sync 1 DAGs
[2025-07-11T09:41:50.018+0000] {logging_mixin.py:188} INFO - [2025-07-11T09:41:50.017+0000] {dag.py:3823} INFO - Setting next_dagrun for tutorial_dag to None, run_after=None
[2025-07-11T09:41:50.053+0000] {processor.py:183} INFO - Processing /home/airflow/.local/lib/python3.8/site-packages/airflow/example_dags/tutorial_dag.py took 0.107 seconds
[2025-07-11T09:42:20.319+0000] {processor.py:161} INFO - Started process (PID=915) to work on /home/airflow/.local/lib/python3.8/site-packages/airflow/example_dags/tutorial_dag.py
[2025-07-11T09:42:20.321+0000] {processor.py:830} INFO - Processing file /home/airflow/.local/lib/python3.8/site-packages/airflow/example_dags/tutorial_dag.py for tasks to queue
[2025-07-11T09:42:20.325+0000] {logging_mixin.py:188} INFO - [2025-07-11T09:42:20.325+0000] {dagbag.py:538} INFO - Filling up the DagBag from /home/airflow/.local/lib/python3.8/site-packages/airflow/example_dags/tutorial_dag.py
[2025-07-11T09:42:20.334+0000] {processor.py:840} INFO - DAG(s) 'tutorial_dag' retrieved from /home/airflow/.local/lib/python3.8/site-packages/airflow/example_dags/tutorial_dag.py
[2025-07-11T09:42:20.369+0000] {logging_mixin.py:188} INFO - [2025-07-11T09:42:20.368+0000] {dag.py:3036} INFO - Sync 1 DAGs
[2025-07-11T09:42:20.389+0000] {logging_mixin.py:188} INFO - [2025-07-11T09:42:20.388+0000] {dag.py:3823} INFO - Setting next_dagrun for tutorial_dag to None, run_after=None
[2025-07-11T09:42:20.418+0000] {processor.py:183} INFO - Processing /home/airflow/.local/lib/python3.8/site-packages/airflow/example_dags/tutorial_dag.py took 0.105 seconds
[2025-07-11T09:42:50.773+0000] {processor.py:161} INFO - Started process (PID=970) to work on /home/airflow/.local/lib/python3.8/site-packages/airflow/example_dags/tutorial_dag.py
[2025-07-11T09:42:50.775+0000] {processor.py:830} INFO - Processing file /home/airflow/.local/lib/python3.8/site-packages/airflow/example_dags/tutorial_dag.py for tasks to queue
[2025-07-11T09:42:50.777+0000] {logging_mixin.py:188} INFO - [2025-07-11T09:42:50.777+0000] {dagbag.py:538} INFO - Filling up the DagBag from /home/airflow/.local/lib/python3.8/site-packages/airflow/example_dags/tutorial_dag.py
[2025-07-11T09:42:50.784+0000] {processor.py:840} INFO - DAG(s) 'tutorial_dag' retrieved from /home/airflow/.local/lib/python3.8/site-packages/airflow/example_dags/tutorial_dag.py
[2025-07-11T09:42:50.812+0000] {logging_mixin.py:188} INFO - [2025-07-11T09:42:50.811+0000] {dag.py:3036} INFO - Sync 1 DAGs
[2025-07-11T09:42:50.833+0000] {logging_mixin.py:188} INFO - [2025-07-11T09:42:50.832+0000] {dag.py:3823} INFO - Setting next_dagrun for tutorial_dag to None, run_after=None
[2025-07-11T09:42:50.864+0000] {processor.py:183} INFO - Processing /home/airflow/.local/lib/python3.8/site-packages/airflow/example_dags/tutorial_dag.py took 0.096 seconds
[2025-07-11T09:43:21.145+0000] {processor.py:161} INFO - Started process (PID=1025) to work on /home/airflow/.local/lib/python3.8/site-packages/airflow/example_dags/tutorial_dag.py
[2025-07-11T09:43:21.146+0000] {processor.py:830} INFO - Processing file /home/airflow/.local/lib/python3.8/site-packages/airflow/example_dags/tutorial_dag.py for tasks to queue
[2025-07-11T09:43:21.149+0000] {logging_mixin.py:188} INFO - [2025-07-11T09:43:21.148+0000] {dagbag.py:538} INFO - Filling up the DagBag from /home/airflow/.local/lib/python3.8/site-packages/airflow/example_dags/tutorial_dag.py
[2025-07-11T09:43:21.155+0000] {processor.py:840} INFO - DAG(s) 'tutorial_dag' retrieved from /home/airflow/.local/lib/python3.8/site-packages/airflow/example_dags/tutorial_dag.py
[2025-07-11T09:43:21.181+0000] {logging_mixin.py:188} INFO - [2025-07-11T09:43:21.181+0000] {dag.py:3036} INFO - Sync 1 DAGs
[2025-07-11T09:43:21.197+0000] {logging_mixin.py:188} INFO - [2025-07-11T09:43:21.197+0000] {dag.py:3823} INFO - Setting next_dagrun for tutorial_dag to None, run_after=None
[2025-07-11T09:43:21.226+0000] {processor.py:183} INFO - Processing /home/airflow/.local/lib/python3.8/site-packages/airflow/example_dags/tutorial_dag.py took 0.086 seconds
[2025-07-11T09:43:51.455+0000] {processor.py:161} INFO - Started process (PID=1080) to work on /home/airflow/.local/lib/python3.8/site-packages/airflow/example_dags/tutorial_dag.py
[2025-07-11T09:43:51.457+0000] {processor.py:830} INFO - Processing file /home/airflow/.local/lib/python3.8/site-packages/airflow/example_dags/tutorial_dag.py for tasks to queue
[2025-07-11T09:43:51.460+0000] {logging_mixin.py:188} INFO - [2025-07-11T09:43:51.459+0000] {dagbag.py:538} INFO - Filling up the DagBag from /home/airflow/.local/lib/python3.8/site-packages/airflow/example_dags/tutorial_dag.py
[2025-07-11T09:43:51.469+0000] {processor.py:840} INFO - DAG(s) 'tutorial_dag' retrieved from /home/airflow/.local/lib/python3.8/site-packages/airflow/example_dags/tutorial_dag.py
[2025-07-11T09:43:51.496+0000] {logging_mixin.py:188} INFO - [2025-07-11T09:43:51.496+0000] {dag.py:3036} INFO - Sync 1 DAGs
[2025-07-11T09:43:51.512+0000] {logging_mixin.py:188} INFO - [2025-07-11T09:43:51.512+0000] {dag.py:3823} INFO - Setting next_dagrun for tutorial_dag to None, run_after=None
[2025-07-11T09:43:51.543+0000] {processor.py:183} INFO - Processing /home/airflow/.local/lib/python3.8/site-packages/airflow/example_dags/tutorial_dag.py took 0.092 seconds
[2025-07-11T09:44:21.928+0000] {processor.py:161} INFO - Started process (PID=1136) to work on /home/airflow/.local/lib/python3.8/site-packages/airflow/example_dags/tutorial_dag.py
[2025-07-11T09:44:21.930+0000] {processor.py:830} INFO - Processing file /home/airflow/.local/lib/python3.8/site-packages/airflow/example_dags/tutorial_dag.py for tasks to queue
[2025-07-11T09:44:21.932+0000] {logging_mixin.py:188} INFO - [2025-07-11T09:44:21.932+0000] {dagbag.py:538} INFO - Filling up the DagBag from /home/airflow/.local/lib/python3.8/site-packages/airflow/example_dags/tutorial_dag.py
[2025-07-11T09:44:21.942+0000] {processor.py:840} INFO - DAG(s) 'tutorial_dag' retrieved from /home/airflow/.local/lib/python3.8/site-packages/airflow/example_dags/tutorial_dag.py
[2025-07-11T09:44:21.970+0000] {logging_mixin.py:188} INFO - [2025-07-11T09:44:21.970+0000] {dag.py:3036} INFO - Sync 1 DAGs
[2025-07-11T09:44:21.987+0000] {logging_mixin.py:188} INFO - [2025-07-11T09:44:21.987+0000] {dag.py:3823} INFO - Setting next_dagrun for tutorial_dag to None, run_after=None
[2025-07-11T09:44:22.018+0000] {processor.py:183} INFO - Processing /home/airflow/.local/lib/python3.8/site-packages/airflow/example_dags/tutorial_dag.py took 0.094 seconds
[2025-07-11T09:44:52.400+0000] {processor.py:161} INFO - Started process (PID=1191) to work on /home/airflow/.local/lib/python3.8/site-packages/airflow/example_dags/tutorial_dag.py
[2025-07-11T09:44:52.402+0000] {processor.py:830} INFO - Processing file /home/airflow/.local/lib/python3.8/site-packages/airflow/example_dags/tutorial_dag.py for tasks to queue
[2025-07-11T09:44:52.405+0000] {logging_mixin.py:188} INFO - [2025-07-11T09:44:52.404+0000] {dagbag.py:538} INFO - Filling up the DagBag from /home/airflow/.local/lib/python3.8/site-packages/airflow/example_dags/tutorial_dag.py
[2025-07-11T09:44:52.412+0000] {processor.py:840} INFO - DAG(s) 'tutorial_dag' retrieved from /home/airflow/.local/lib/python3.8/site-packages/airflow/example_dags/tutorial_dag.py
[2025-07-11T09:44:52.438+0000] {logging_mixin.py:188} INFO - [2025-07-11T09:44:52.438+0000] {dag.py:3036} INFO - Sync 1 DAGs
[2025-07-11T09:44:52.455+0000] {logging_mixin.py:188} INFO - [2025-07-11T09:44:52.455+0000] {dag.py:3823} INFO - Setting next_dagrun for tutorial_dag to None, run_after=None
[2025-07-11T09:44:52.483+0000] {processor.py:183} INFO - Processing /home/airflow/.local/lib/python3.8/site-packages/airflow/example_dags/tutorial_dag.py took 0.087 seconds
[2025-07-11T09:45:22.801+0000] {processor.py:161} INFO - Started process (PID=1246) to work on /home/airflow/.local/lib/python3.8/site-packages/airflow/example_dags/tutorial_dag.py
[2025-07-11T09:45:22.803+0000] {processor.py:830} INFO - Processing file /home/airflow/.local/lib/python3.8/site-packages/airflow/example_dags/tutorial_dag.py for tasks to queue
[2025-07-11T09:45:22.806+0000] {logging_mixin.py:188} INFO - [2025-07-11T09:45:22.805+0000] {dagbag.py:538} INFO - Filling up the DagBag from /home/airflow/.local/lib/python3.8/site-packages/airflow/example_dags/tutorial_dag.py
[2025-07-11T09:45:22.813+0000] {processor.py:840} INFO - DAG(s) 'tutorial_dag' retrieved from /home/airflow/.local/lib/python3.8/site-packages/airflow/example_dags/tutorial_dag.py
[2025-07-11T09:45:22.841+0000] {logging_mixin.py:188} INFO - [2025-07-11T09:45:22.840+0000] {dag.py:3036} INFO - Sync 1 DAGs
[2025-07-11T09:45:22.858+0000] {logging_mixin.py:188} INFO - [2025-07-11T09:45:22.858+0000] {dag.py:3823} INFO - Setting next_dagrun for tutorial_dag to None, run_after=None
[2025-07-11T09:45:22.889+0000] {processor.py:183} INFO - Processing /home/airflow/.local/lib/python3.8/site-packages/airflow/example_dags/tutorial_dag.py took 0.093 seconds
[2025-07-11T09:45:53.234+0000] {processor.py:161} INFO - Started process (PID=1301) to work on /home/airflow/.local/lib/python3.8/site-packages/airflow/example_dags/tutorial_dag.py
[2025-07-11T09:45:53.235+0000] {processor.py:830} INFO - Processing file /home/airflow/.local/lib/python3.8/site-packages/airflow/example_dags/tutorial_dag.py for tasks to queue
[2025-07-11T09:45:53.238+0000] {logging_mixin.py:188} INFO - [2025-07-11T09:45:53.237+0000] {dagbag.py:538} INFO - Filling up the DagBag from /home/airflow/.local/lib/python3.8/site-packages/airflow/example_dags/tutorial_dag.py
[2025-07-11T09:45:53.246+0000] {processor.py:840} INFO - DAG(s) 'tutorial_dag' retrieved from /home/airflow/.local/lib/python3.8/site-packages/airflow/example_dags/tutorial_dag.py
[2025-07-11T09:45:53.274+0000] {logging_mixin.py:188} INFO - [2025-07-11T09:45:53.274+0000] {dag.py:3036} INFO - Sync 1 DAGs
[2025-07-11T09:45:53.294+0000] {logging_mixin.py:188} INFO - [2025-07-11T09:45:53.294+0000] {dag.py:3823} INFO - Setting next_dagrun for tutorial_dag to None, run_after=None
[2025-07-11T09:45:53.330+0000] {processor.py:183} INFO - Processing /home/airflow/.local/lib/python3.8/site-packages/airflow/example_dags/tutorial_dag.py took 0.100 seconds
[2025-07-11T09:46:23.673+0000] {processor.py:161} INFO - Started process (PID=1356) to work on /home/airflow/.local/lib/python3.8/site-packages/airflow/example_dags/tutorial_dag.py
[2025-07-11T09:46:23.675+0000] {processor.py:830} INFO - Processing file /home/airflow/.local/lib/python3.8/site-packages/airflow/example_dags/tutorial_dag.py for tasks to queue
[2025-07-11T09:46:23.677+0000] {logging_mixin.py:188} INFO - [2025-07-11T09:46:23.677+0000] {dagbag.py:538} INFO - Filling up the DagBag from /home/airflow/.local/lib/python3.8/site-packages/airflow/example_dags/tutorial_dag.py
[2025-07-11T09:46:23.685+0000] {processor.py:840} INFO - DAG(s) 'tutorial_dag' retrieved from /home/airflow/.local/lib/python3.8/site-packages/airflow/example_dags/tutorial_dag.py
[2025-07-11T09:46:23.714+0000] {logging_mixin.py:188} INFO - [2025-07-11T09:46:23.714+0000] {dag.py:3036} INFO - Sync 1 DAGs
[2025-07-11T09:46:23.736+0000] {logging_mixin.py:188} INFO - [2025-07-11T09:46:23.735+0000] {dag.py:3823} INFO - Setting next_dagrun for tutorial_dag to None, run_after=None
[2025-07-11T09:46:23.766+0000] {processor.py:183} INFO - Processing /home/airflow/.local/lib/python3.8/site-packages/airflow/example_dags/tutorial_dag.py took 0.098 seconds
[2025-07-11T09:46:54.058+0000] {processor.py:161} INFO - Started process (PID=1411) to work on /home/airflow/.local/lib/python3.8/site-packages/airflow/example_dags/tutorial_dag.py
[2025-07-11T09:46:54.060+0000] {processor.py:830} INFO - Processing file /home/airflow/.local/lib/python3.8/site-packages/airflow/example_dags/tutorial_dag.py for tasks to queue
[2025-07-11T09:46:54.062+0000] {logging_mixin.py:188} INFO - [2025-07-11T09:46:54.062+0000] {dagbag.py:538} INFO - Filling up the DagBag from /home/airflow/.local/lib/python3.8/site-packages/airflow/example_dags/tutorial_dag.py
[2025-07-11T09:46:54.069+0000] {processor.py:840} INFO - DAG(s) 'tutorial_dag' retrieved from /home/airflow/.local/lib/python3.8/site-packages/airflow/example_dags/tutorial_dag.py
[2025-07-11T09:46:54.096+0000] {logging_mixin.py:188} INFO - [2025-07-11T09:46:54.096+0000] {dag.py:3036} INFO - Sync 1 DAGs
[2025-07-11T09:46:54.113+0000] {logging_mixin.py:188} INFO - [2025-07-11T09:46:54.113+0000] {dag.py:3823} INFO - Setting next_dagrun for tutorial_dag to None, run_after=None
[2025-07-11T09:46:54.142+0000] {processor.py:183} INFO - Processing /home/airflow/.local/lib/python3.8/site-packages/airflow/example_dags/tutorial_dag.py took 0.089 seconds
[2025-07-11T09:47:24.673+0000] {processor.py:161} INFO - Started process (PID=1466) to work on /home/airflow/.local/lib/python3.8/site-packages/airflow/example_dags/tutorial_dag.py
[2025-07-11T09:47:24.675+0000] {processor.py:830} INFO - Processing file /home/airflow/.local/lib/python3.8/site-packages/airflow/example_dags/tutorial_dag.py for tasks to queue
[2025-07-11T09:47:24.677+0000] {logging_mixin.py:188} INFO - [2025-07-11T09:47:24.677+0000] {dagbag.py:538} INFO - Filling up the DagBag from /home/airflow/.local/lib/python3.8/site-packages/airflow/example_dags/tutorial_dag.py
[2025-07-11T09:47:24.684+0000] {processor.py:840} INFO - DAG(s) 'tutorial_dag' retrieved from /home/airflow/.local/lib/python3.8/site-packages/airflow/example_dags/tutorial_dag.py
[2025-07-11T09:47:24.714+0000] {logging_mixin.py:188} INFO - [2025-07-11T09:47:24.714+0000] {dag.py:3036} INFO - Sync 1 DAGs
[2025-07-11T09:47:24.739+0000] {logging_mixin.py:188} INFO - [2025-07-11T09:47:24.739+0000] {dag.py:3823} INFO - Setting next_dagrun for tutorial_dag to None, run_after=None
[2025-07-11T09:47:24.777+0000] {processor.py:183} INFO - Processing /home/airflow/.local/lib/python3.8/site-packages/airflow/example_dags/tutorial_dag.py took 0.108 seconds
[2025-07-11T09:47:54.885+0000] {processor.py:161} INFO - Started process (PID=1519) to work on /home/airflow/.local/lib/python3.8/site-packages/airflow/example_dags/tutorial_dag.py
[2025-07-11T09:47:54.887+0000] {processor.py:830} INFO - Processing file /home/airflow/.local/lib/python3.8/site-packages/airflow/example_dags/tutorial_dag.py for tasks to queue
[2025-07-11T09:47:54.889+0000] {logging_mixin.py:188} INFO - [2025-07-11T09:47:54.889+0000] {dagbag.py:538} INFO - Filling up the DagBag from /home/airflow/.local/lib/python3.8/site-packages/airflow/example_dags/tutorial_dag.py
[2025-07-11T09:47:54.897+0000] {processor.py:840} INFO - DAG(s) 'tutorial_dag' retrieved from /home/airflow/.local/lib/python3.8/site-packages/airflow/example_dags/tutorial_dag.py
[2025-07-11T09:47:54.886+0000] {logging_mixin.py:188} INFO - [2025-07-11T09:47:54.886+0000] {dag.py:3036} INFO - Sync 1 DAGs
[2025-07-11T09:47:54.904+0000] {logging_mixin.py:188} INFO - [2025-07-11T09:47:54.904+0000] {dag.py:3823} INFO - Setting next_dagrun for tutorial_dag to None, run_after=None
[2025-07-11T09:47:54.938+0000] {processor.py:183} INFO - Processing /home/airflow/.local/lib/python3.8/site-packages/airflow/example_dags/tutorial_dag.py took 0.098 seconds
[2025-07-11T09:48:25.695+0000] {processor.py:161} INFO - Started process (PID=1574) to work on /home/airflow/.local/lib/python3.8/site-packages/airflow/example_dags/tutorial_dag.py
[2025-07-11T09:48:25.697+0000] {processor.py:830} INFO - Processing file /home/airflow/.local/lib/python3.8/site-packages/airflow/example_dags/tutorial_dag.py for tasks to queue
[2025-07-11T09:48:25.700+0000] {logging_mixin.py:188} INFO - [2025-07-11T09:48:25.699+0000] {dagbag.py:538} INFO - Filling up the DagBag from /home/airflow/.local/lib/python3.8/site-packages/airflow/example_dags/tutorial_dag.py
[2025-07-11T09:48:25.708+0000] {processor.py:840} INFO - DAG(s) 'tutorial_dag' retrieved from /home/airflow/.local/lib/python3.8/site-packages/airflow/example_dags/tutorial_dag.py
[2025-07-11T09:48:25.738+0000] {logging_mixin.py:188} INFO - [2025-07-11T09:48:25.737+0000] {dag.py:3036} INFO - Sync 1 DAGs
[2025-07-11T09:48:25.757+0000] {logging_mixin.py:188} INFO - [2025-07-11T09:48:25.756+0000] {dag.py:3823} INFO - Setting next_dagrun for tutorial_dag to None, run_after=None
[2025-07-11T09:48:25.794+0000] {processor.py:183} INFO - Processing /home/airflow/.local/lib/python3.8/site-packages/airflow/example_dags/tutorial_dag.py took 0.105 seconds
[2025-07-11T09:48:56.282+0000] {processor.py:161} INFO - Started process (PID=1629) to work on /home/airflow/.local/lib/python3.8/site-packages/airflow/example_dags/tutorial_dag.py
[2025-07-11T09:48:56.284+0000] {processor.py:830} INFO - Processing file /home/airflow/.local/lib/python3.8/site-packages/airflow/example_dags/tutorial_dag.py for tasks to queue
[2025-07-11T09:48:56.286+0000] {logging_mixin.py:188} INFO - [2025-07-11T09:48:56.286+0000] {dagbag.py:538} INFO - Filling up the DagBag from /home/airflow/.local/lib/python3.8/site-packages/airflow/example_dags/tutorial_dag.py
[2025-07-11T09:48:56.293+0000] {processor.py:840} INFO - DAG(s) 'tutorial_dag' retrieved from /home/airflow/.local/lib/python3.8/site-packages/airflow/example_dags/tutorial_dag.py
[2025-07-11T09:48:56.321+0000] {logging_mixin.py:188} INFO - [2025-07-11T09:48:56.321+0000] {dag.py:3036} INFO - Sync 1 DAGs
[2025-07-11T09:48:56.339+0000] {logging_mixin.py:188} INFO - [2025-07-11T09:48:56.338+0000] {dag.py:3823} INFO - Setting next_dagrun for tutorial_dag to None, run_after=None
[2025-07-11T09:48:56.370+0000] {processor.py:183} INFO - Processing /home/airflow/.local/lib/python3.8/site-packages/airflow/example_dags/tutorial_dag.py took 0.093 seconds
[2025-07-11T09:49:26.877+0000] {processor.py:161} INFO - Started process (PID=1684) to work on /home/airflow/.local/lib/python3.8/site-packages/airflow/example_dags/tutorial_dag.py
[2025-07-11T09:49:26.878+0000] {processor.py:830} INFO - Processing file /home/airflow/.local/lib/python3.8/site-packages/airflow/example_dags/tutorial_dag.py for tasks to queue
[2025-07-11T09:49:26.881+0000] {logging_mixin.py:188} INFO - [2025-07-11T09:49:26.880+0000] {dagbag.py:538} INFO - Filling up the DagBag from /home/airflow/.local/lib/python3.8/site-packages/airflow/example_dags/tutorial_dag.py
[2025-07-11T09:49:26.888+0000] {processor.py:840} INFO - DAG(s) 'tutorial_dag' retrieved from /home/airflow/.local/lib/python3.8/site-packages/airflow/example_dags/tutorial_dag.py
[2025-07-11T09:49:26.916+0000] {logging_mixin.py:188} INFO - [2025-07-11T09:49:26.915+0000] {dag.py:3036} INFO - Sync 1 DAGs
[2025-07-11T09:49:26.936+0000] {logging_mixin.py:188} INFO - [2025-07-11T09:49:26.935+0000] {dag.py:3823} INFO - Setting next_dagrun for tutorial_dag to None, run_after=None
[2025-07-11T09:49:26.975+0000] {processor.py:183} INFO - Processing /home/airflow/.local/lib/python3.8/site-packages/airflow/example_dags/tutorial_dag.py took 0.104 seconds
[2025-07-11T09:49:57.322+0000] {processor.py:161} INFO - Started process (PID=1739) to work on /home/airflow/.local/lib/python3.8/site-packages/airflow/example_dags/tutorial_dag.py
[2025-07-11T09:49:57.324+0000] {processor.py:830} INFO - Processing file /home/airflow/.local/lib/python3.8/site-packages/airflow/example_dags/tutorial_dag.py for tasks to queue
[2025-07-11T09:49:57.327+0000] {logging_mixin.py:188} INFO - [2025-07-11T09:49:57.326+0000] {dagbag.py:538} INFO - Filling up the DagBag from /home/airflow/.local/lib/python3.8/site-packages/airflow/example_dags/tutorial_dag.py
[2025-07-11T09:49:57.336+0000] {processor.py:840} INFO - DAG(s) 'tutorial_dag' retrieved from /home/airflow/.local/lib/python3.8/site-packages/airflow/example_dags/tutorial_dag.py
[2025-07-11T09:49:57.366+0000] {logging_mixin.py:188} INFO - [2025-07-11T09:49:57.366+0000] {dag.py:3036} INFO - Sync 1 DAGs
[2025-07-11T09:49:57.384+0000] {logging_mixin.py:188} INFO - [2025-07-11T09:49:57.383+0000] {dag.py:3823} INFO - Setting next_dagrun for tutorial_dag to None, run_after=None
[2025-07-11T09:49:57.417+0000] {processor.py:183} INFO - Processing /home/airflow/.local/lib/python3.8/site-packages/airflow/example_dags/tutorial_dag.py took 0.099 seconds
[2025-07-11T09:50:28.188+0000] {processor.py:161} INFO - Started process (PID=1794) to work on /home/airflow/.local/lib/python3.8/site-packages/airflow/example_dags/tutorial_dag.py
[2025-07-11T09:50:28.189+0000] {processor.py:830} INFO - Processing file /home/airflow/.local/lib/python3.8/site-packages/airflow/example_dags/tutorial_dag.py for tasks to queue
[2025-07-11T09:50:28.192+0000] {logging_mixin.py:188} INFO - [2025-07-11T09:50:28.191+0000] {dagbag.py:538} INFO - Filling up the DagBag from /home/airflow/.local/lib/python3.8/site-packages/airflow/example_dags/tutorial_dag.py
[2025-07-11T09:50:28.199+0000] {processor.py:840} INFO - DAG(s) 'tutorial_dag' retrieved from /home/airflow/.local/lib/python3.8/site-packages/airflow/example_dags/tutorial_dag.py
[2025-07-11T09:50:28.225+0000] {logging_mixin.py:188} INFO - [2025-07-11T09:50:28.225+0000] {dag.py:3036} INFO - Sync 1 DAGs
[2025-07-11T09:50:28.242+0000] {logging_mixin.py:188} INFO - [2025-07-11T09:50:28.241+0000] {dag.py:3823} INFO - Setting next_dagrun for tutorial_dag to None, run_after=None
[2025-07-11T09:50:28.272+0000] {processor.py:183} INFO - Processing /home/airflow/.local/lib/python3.8/site-packages/airflow/example_dags/tutorial_dag.py took 0.089 seconds
[2025-07-11T09:50:59.107+0000] {processor.py:161} INFO - Started process (PID=1849) to work on /home/airflow/.local/lib/python3.8/site-packages/airflow/example_dags/tutorial_dag.py
[2025-07-11T09:50:59.108+0000] {processor.py:830} INFO - Processing file /home/airflow/.local/lib/python3.8/site-packages/airflow/example_dags/tutorial_dag.py for tasks to queue
[2025-07-11T09:50:59.111+0000] {logging_mixin.py:188} INFO - [2025-07-11T09:50:59.110+0000] {dagbag.py:538} INFO - Filling up the DagBag from /home/airflow/.local/lib/python3.8/site-packages/airflow/example_dags/tutorial_dag.py
[2025-07-11T09:50:59.118+0000] {processor.py:840} INFO - DAG(s) 'tutorial_dag' retrieved from /home/airflow/.local/lib/python3.8/site-packages/airflow/example_dags/tutorial_dag.py
[2025-07-11T09:50:59.146+0000] {logging_mixin.py:188} INFO - [2025-07-11T09:50:59.146+0000] {dag.py:3036} INFO - Sync 1 DAGs
[2025-07-11T09:50:59.164+0000] {logging_mixin.py:188} INFO - [2025-07-11T09:50:59.164+0000] {dag.py:3823} INFO - Setting next_dagrun for tutorial_dag to None, run_after=None
[2025-07-11T09:50:59.196+0000] {processor.py:183} INFO - Processing /home/airflow/.local/lib/python3.8/site-packages/airflow/example_dags/tutorial_dag.py took 0.094 seconds
[2025-07-11T09:51:29.528+0000] {processor.py:161} INFO - Started process (PID=1904) to work on /home/airflow/.local/lib/python3.8/site-packages/airflow/example_dags/tutorial_dag.py
[2025-07-11T09:51:29.529+0000] {processor.py:830} INFO - Processing file /home/airflow/.local/lib/python3.8/site-packages/airflow/example_dags/tutorial_dag.py for tasks to queue
[2025-07-11T09:51:29.532+0000] {logging_mixin.py:188} INFO - [2025-07-11T09:51:29.531+0000] {dagbag.py:538} INFO - Filling up the DagBag from /home/airflow/.local/lib/python3.8/site-packages/airflow/example_dags/tutorial_dag.py
[2025-07-11T09:51:29.540+0000] {processor.py:840} INFO - DAG(s) 'tutorial_dag' retrieved from /home/airflow/.local/lib/python3.8/site-packages/airflow/example_dags/tutorial_dag.py
[2025-07-11T09:51:29.574+0000] {logging_mixin.py:188} INFO - [2025-07-11T09:51:29.574+0000] {dag.py:3036} INFO - Sync 1 DAGs
[2025-07-11T09:51:29.593+0000] {logging_mixin.py:188} INFO - [2025-07-11T09:51:29.592+0000] {dag.py:3823} INFO - Setting next_dagrun for tutorial_dag to None, run_after=None
[2025-07-11T09:51:29.625+0000] {processor.py:183} INFO - Processing /home/airflow/.local/lib/python3.8/site-packages/airflow/example_dags/tutorial_dag.py took 0.102 seconds
[2025-07-11T09:52:00.184+0000] {processor.py:161} INFO - Started process (PID=1959) to work on /home/airflow/.local/lib/python3.8/site-packages/airflow/example_dags/tutorial_dag.py
[2025-07-11T09:52:00.186+0000] {processor.py:830} INFO - Processing file /home/airflow/.local/lib/python3.8/site-packages/airflow/example_dags/tutorial_dag.py for tasks to queue
[2025-07-11T09:52:00.188+0000] {logging_mixin.py:188} INFO - [2025-07-11T09:52:00.188+0000] {dagbag.py:538} INFO - Filling up the DagBag from /home/airflow/.local/lib/python3.8/site-packages/airflow/example_dags/tutorial_dag.py
[2025-07-11T09:52:00.195+0000] {processor.py:840} INFO - DAG(s) 'tutorial_dag' retrieved from /home/airflow/.local/lib/python3.8/site-packages/airflow/example_dags/tutorial_dag.py
[2025-07-11T09:52:00.222+0000] {logging_mixin.py:188} INFO - [2025-07-11T09:52:00.221+0000] {dag.py:3036} INFO - Sync 1 DAGs
[2025-07-11T09:52:00.238+0000] {logging_mixin.py:188} INFO - [2025-07-11T09:52:00.238+0000] {dag.py:3823} INFO - Setting next_dagrun for tutorial_dag to None, run_after=None
[2025-07-11T09:52:00.268+0000] {processor.py:183} INFO - Processing /home/airflow/.local/lib/python3.8/site-packages/airflow/example_dags/tutorial_dag.py took 0.088 seconds
[2025-07-11T09:52:30.984+0000] {processor.py:161} INFO - Started process (PID=2014) to work on /home/airflow/.local/lib/python3.8/site-packages/airflow/example_dags/tutorial_dag.py
[2025-07-11T09:52:30.986+0000] {processor.py:830} INFO - Processing file /home/airflow/.local/lib/python3.8/site-packages/airflow/example_dags/tutorial_dag.py for tasks to queue
[2025-07-11T09:52:30.988+0000] {logging_mixin.py:188} INFO - [2025-07-11T09:52:30.988+0000] {dagbag.py:538} INFO - Filling up the DagBag from /home/airflow/.local/lib/python3.8/site-packages/airflow/example_dags/tutorial_dag.py
[2025-07-11T09:52:30.996+0000] {processor.py:840} INFO - DAG(s) 'tutorial_dag' retrieved from /home/airflow/.local/lib/python3.8/site-packages/airflow/example_dags/tutorial_dag.py
[2025-07-11T09:52:31.024+0000] {logging_mixin.py:188} INFO - [2025-07-11T09:52:31.024+0000] {dag.py:3036} INFO - Sync 1 DAGs
[2025-07-11T09:52:31.041+0000] {logging_mixin.py:188} INFO - [2025-07-11T09:52:31.041+0000] {dag.py:3823} INFO - Setting next_dagrun for tutorial_dag to None, run_after=None
[2025-07-11T09:52:31.074+0000] {processor.py:183} INFO - Processing /home/airflow/.local/lib/python3.8/site-packages/airflow/example_dags/tutorial_dag.py took 0.094 seconds
[2025-07-11T09:53:01.541+0000] {processor.py:161} INFO - Started process (PID=2069) to work on /home/airflow/.local/lib/python3.8/site-packages/airflow/example_dags/tutorial_dag.py
[2025-07-11T09:53:01.543+0000] {processor.py:830} INFO - Processing file /home/airflow/.local/lib/python3.8/site-packages/airflow/example_dags/tutorial_dag.py for tasks to queue
[2025-07-11T09:53:01.545+0000] {logging_mixin.py:188} INFO - [2025-07-11T09:53:01.544+0000] {dagbag.py:538} INFO - Filling up the DagBag from /home/airflow/.local/lib/python3.8/site-packages/airflow/example_dags/tutorial_dag.py
[2025-07-11T09:53:01.553+0000] {processor.py:840} INFO - DAG(s) 'tutorial_dag' retrieved from /home/airflow/.local/lib/python3.8/site-packages/airflow/example_dags/tutorial_dag.py
[2025-07-11T09:53:01.581+0000] {logging_mixin.py:188} INFO - [2025-07-11T09:53:01.581+0000] {dag.py:3036} INFO - Sync 1 DAGs
[2025-07-11T09:53:01.599+0000] {logging_mixin.py:188} INFO - [2025-07-11T09:53:01.599+0000] {dag.py:3823} INFO - Setting next_dagrun for tutorial_dag to None, run_after=None
[2025-07-11T09:53:01.632+0000] {processor.py:183} INFO - Processing /home/airflow/.local/lib/python3.8/site-packages/airflow/example_dags/tutorial_dag.py took 0.097 seconds
[2025-07-11T09:53:31.889+0000] {processor.py:161} INFO - Started process (PID=2124) to work on /home/airflow/.local/lib/python3.8/site-packages/airflow/example_dags/tutorial_dag.py
[2025-07-11T09:53:31.891+0000] {processor.py:830} INFO - Processing file /home/airflow/.local/lib/python3.8/site-packages/airflow/example_dags/tutorial_dag.py for tasks to queue
[2025-07-11T09:53:31.894+0000] {logging_mixin.py:188} INFO - [2025-07-11T09:53:31.893+0000] {dagbag.py:538} INFO - Filling up the DagBag from /home/airflow/.local/lib/python3.8/site-packages/airflow/example_dags/tutorial_dag.py
[2025-07-11T09:53:31.902+0000] {processor.py:840} INFO - DAG(s) 'tutorial_dag' retrieved from /home/airflow/.local/lib/python3.8/site-packages/airflow/example_dags/tutorial_dag.py
[2025-07-11T09:53:31.936+0000] {logging_mixin.py:188} INFO - [2025-07-11T09:53:31.935+0000] {dag.py:3036} INFO - Sync 1 DAGs
[2025-07-11T09:53:31.960+0000] {logging_mixin.py:188} INFO - [2025-07-11T09:53:31.959+0000] {dag.py:3823} INFO - Setting next_dagrun for tutorial_dag to None, run_after=None
[2025-07-11T09:53:31.996+0000] {processor.py:183} INFO - Processing /home/airflow/.local/lib/python3.8/site-packages/airflow/example_dags/tutorial_dag.py took 0.112 seconds
[2025-07-11T09:54:02.704+0000] {processor.py:161} INFO - Started process (PID=2179) to work on /home/airflow/.local/lib/python3.8/site-packages/airflow/example_dags/tutorial_dag.py
[2025-07-11T09:54:02.706+0000] {processor.py:830} INFO - Processing file /home/airflow/.local/lib/python3.8/site-packages/airflow/example_dags/tutorial_dag.py for tasks to queue
[2025-07-11T09:54:02.708+0000] {logging_mixin.py:188} INFO - [2025-07-11T09:54:02.708+0000] {dagbag.py:538} INFO - Filling up the DagBag from /home/airflow/.local/lib/python3.8/site-packages/airflow/example_dags/tutorial_dag.py
[2025-07-11T09:54:02.716+0000] {processor.py:840} INFO - DAG(s) 'tutorial_dag' retrieved from /home/airflow/.local/lib/python3.8/site-packages/airflow/example_dags/tutorial_dag.py
[2025-07-11T09:54:02.744+0000] {logging_mixin.py:188} INFO - [2025-07-11T09:54:02.744+0000] {dag.py:3036} INFO - Sync 1 DAGs
[2025-07-11T09:54:02.764+0000] {logging_mixin.py:188} INFO - [2025-07-11T09:54:02.764+0000] {dag.py:3823} INFO - Setting next_dagrun for tutorial_dag to None, run_after=None
[2025-07-11T09:54:02.800+0000] {processor.py:183} INFO - Processing /home/airflow/.local/lib/python3.8/site-packages/airflow/example_dags/tutorial_dag.py took 0.099 seconds
[2025-07-11T09:54:33.198+0000] {processor.py:161} INFO - Started process (PID=2234) to work on /home/airflow/.local/lib/python3.8/site-packages/airflow/example_dags/tutorial_dag.py
[2025-07-11T09:54:33.199+0000] {processor.py:830} INFO - Processing file /home/airflow/.local/lib/python3.8/site-packages/airflow/example_dags/tutorial_dag.py for tasks to queue
[2025-07-11T09:54:33.202+0000] {logging_mixin.py:188} INFO - [2025-07-11T09:54:33.201+0000] {dagbag.py:538} INFO - Filling up the DagBag from /home/airflow/.local/lib/python3.8/site-packages/airflow/example_dags/tutorial_dag.py
[2025-07-11T09:54:33.210+0000] {processor.py:840} INFO - DAG(s) 'tutorial_dag' retrieved from /home/airflow/.local/lib/python3.8/site-packages/airflow/example_dags/tutorial_dag.py
[2025-07-11T09:54:33.243+0000] {logging_mixin.py:188} INFO - [2025-07-11T09:54:33.242+0000] {dag.py:3036} INFO - Sync 1 DAGs
[2025-07-11T09:54:33.263+0000] {logging_mixin.py:188} INFO - [2025-07-11T09:54:33.262+0000] {dag.py:3823} INFO - Setting next_dagrun for tutorial_dag to None, run_after=None
[2025-07-11T09:54:33.298+0000] {processor.py:183} INFO - Processing /home/airflow/.local/lib/python3.8/site-packages/airflow/example_dags/tutorial_dag.py took 0.105 seconds
