[2025-07-11T09:24:54.843+0000] {processor.py:161} INFO - Started process (PID=88) to work on /home/airflow/.local/lib/python3.8/site-packages/airflow/example_dags/tutorial_taskflow_api.py
[2025-07-11T09:24:54.845+0000] {processor.py:830} INFO - Processing file /home/airflow/.local/lib/python3.8/site-packages/airflow/example_dags/tutorial_taskflow_api.py for tasks to queue
[2025-07-11T09:24:54.847+0000] {logging_mixin.py:188} INFO - [2025-07-11T09:24:54.847+0000] {dagbag.py:538} INFO - Filling up the DagBag from /home/airflow/.local/lib/python3.8/site-packages/airflow/example_dags/tutorial_taskflow_api.py
[2025-07-11T09:24:54.860+0000] {processor.py:840} INFO - DAG(s) 'tutorial_taskflow_api' retrieved from /home/airflow/.local/lib/python3.8/site-packages/airflow/example_dags/tutorial_taskflow_api.py
[2025-07-11T09:24:55.095+0000] {logging_mixin.py:188} INFO - [2025-07-11T09:24:55.093+0000] {override.py:1769} INFO - Created Permission View: can edit on DAG:tutorial_taskflow_api
[2025-07-11T09:24:55.121+0000] {logging_mixin.py:188} INFO - [2025-07-11T09:24:55.120+0000] {override.py:1769} INFO - Created Permission View: can delete on DAG:tutorial_taskflow_api
[2025-07-11T09:24:55.134+0000] {logging_mixin.py:188} INFO - [2025-07-11T09:24:55.133+0000] {override.py:1769} INFO - Created Permission View: can read on DAG:tutorial_taskflow_api
[2025-07-11T09:24:55.135+0000] {logging_mixin.py:188} INFO - [2025-07-11T09:24:55.134+0000] {dag.py:3036} INFO - Sync 1 DAGs
[2025-07-11T09:24:55.164+0000] {logging_mixin.py:188} INFO - [2025-07-11T09:24:55.163+0000] {dag.py:3058} INFO - Creating ORM DAG for tutorial_taskflow_api
[2025-07-11T09:24:55.165+0000] {logging_mixin.py:188} INFO - [2025-07-11T09:24:55.165+0000] {dag.py:3823} INFO - Setting next_dagrun for tutorial_taskflow_api to None, run_after=None
[2025-07-11T09:24:55.209+0000] {processor.py:183} INFO - Processing /home/airflow/.local/lib/python3.8/site-packages/airflow/example_dags/tutorial_taskflow_api.py took 0.371 seconds
[2025-07-11T09:25:25.415+0000] {processor.py:161} INFO - Started process (PID=143) to work on /home/airflow/.local/lib/python3.8/site-packages/airflow/example_dags/tutorial_taskflow_api.py
[2025-07-11T09:25:25.417+0000] {processor.py:830} INFO - Processing file /home/airflow/.local/lib/python3.8/site-packages/airflow/example_dags/tutorial_taskflow_api.py for tasks to queue
[2025-07-11T09:25:25.419+0000] {logging_mixin.py:188} INFO - [2025-07-11T09:25:25.419+0000] {dagbag.py:538} INFO - Filling up the DagBag from /home/airflow/.local/lib/python3.8/site-packages/airflow/example_dags/tutorial_taskflow_api.py
[2025-07-11T09:25:25.430+0000] {processor.py:840} INFO - DAG(s) 'tutorial_taskflow_api' retrieved from /home/airflow/.local/lib/python3.8/site-packages/airflow/example_dags/tutorial_taskflow_api.py
[2025-07-11T09:25:25.458+0000] {logging_mixin.py:188} INFO - [2025-07-11T09:25:25.458+0000] {dag.py:3036} INFO - Sync 1 DAGs
[2025-07-11T09:25:25.475+0000] {logging_mixin.py:188} INFO - [2025-07-11T09:25:25.474+0000] {dag.py:3823} INFO - Setting next_dagrun for tutorial_taskflow_api to None, run_after=None
[2025-07-11T09:25:25.505+0000] {processor.py:183} INFO - Processing /home/airflow/.local/lib/python3.8/site-packages/airflow/example_dags/tutorial_taskflow_api.py took 0.094 seconds
[2025-07-11T09:25:55.871+0000] {processor.py:161} INFO - Started process (PID=198) to work on /home/airflow/.local/lib/python3.8/site-packages/airflow/example_dags/tutorial_taskflow_api.py
[2025-07-11T09:25:55.872+0000] {processor.py:830} INFO - Processing file /home/airflow/.local/lib/python3.8/site-packages/airflow/example_dags/tutorial_taskflow_api.py for tasks to queue
[2025-07-11T09:25:55.875+0000] {logging_mixin.py:188} INFO - [2025-07-11T09:25:55.874+0000] {dagbag.py:538} INFO - Filling up the DagBag from /home/airflow/.local/lib/python3.8/site-packages/airflow/example_dags/tutorial_taskflow_api.py
[2025-07-11T09:25:55.884+0000] {processor.py:840} INFO - DAG(s) 'tutorial_taskflow_api' retrieved from /home/airflow/.local/lib/python3.8/site-packages/airflow/example_dags/tutorial_taskflow_api.py
[2025-07-11T09:25:55.912+0000] {logging_mixin.py:188} INFO - [2025-07-11T09:25:55.911+0000] {dag.py:3036} INFO - Sync 1 DAGs
[2025-07-11T09:25:55.929+0000] {logging_mixin.py:188} INFO - [2025-07-11T09:25:55.929+0000] {dag.py:3823} INFO - Setting next_dagrun for tutorial_taskflow_api to None, run_after=None
[2025-07-11T09:25:55.959+0000] {processor.py:183} INFO - Processing /home/airflow/.local/lib/python3.8/site-packages/airflow/example_dags/tutorial_taskflow_api.py took 0.093 seconds
[2025-07-11T09:26:26.201+0000] {processor.py:161} INFO - Started process (PID=253) to work on /home/airflow/.local/lib/python3.8/site-packages/airflow/example_dags/tutorial_taskflow_api.py
[2025-07-11T09:26:26.203+0000] {processor.py:830} INFO - Processing file /home/airflow/.local/lib/python3.8/site-packages/airflow/example_dags/tutorial_taskflow_api.py for tasks to queue
[2025-07-11T09:26:26.205+0000] {logging_mixin.py:188} INFO - [2025-07-11T09:26:26.205+0000] {dagbag.py:538} INFO - Filling up the DagBag from /home/airflow/.local/lib/python3.8/site-packages/airflow/example_dags/tutorial_taskflow_api.py
[2025-07-11T09:26:26.215+0000] {processor.py:840} INFO - DAG(s) 'tutorial_taskflow_api' retrieved from /home/airflow/.local/lib/python3.8/site-packages/airflow/example_dags/tutorial_taskflow_api.py
[2025-07-11T09:26:26.250+0000] {logging_mixin.py:188} INFO - [2025-07-11T09:26:26.250+0000] {dag.py:3036} INFO - Sync 1 DAGs
[2025-07-11T09:26:26.252+0000] {logging_mixin.py:188} INFO - [2025-07-11T09:26:26.251+0000] {dag.py:3823} INFO - Setting next_dagrun for tutorial_taskflow_api to None, run_after=None
[2025-07-11T09:26:26.289+0000] {processor.py:183} INFO - Processing /home/airflow/.local/lib/python3.8/site-packages/airflow/example_dags/tutorial_taskflow_api.py took 0.118 seconds
[2025-07-11T09:26:56.383+0000] {processor.py:161} INFO - Started process (PID=308) to work on /home/airflow/.local/lib/python3.8/site-packages/airflow/example_dags/tutorial_taskflow_api.py
[2025-07-11T09:26:56.385+0000] {processor.py:830} INFO - Processing file /home/airflow/.local/lib/python3.8/site-packages/airflow/example_dags/tutorial_taskflow_api.py for tasks to queue
[2025-07-11T09:26:56.388+0000] {logging_mixin.py:188} INFO - [2025-07-11T09:26:56.387+0000] {dagbag.py:538} INFO - Filling up the DagBag from /home/airflow/.local/lib/python3.8/site-packages/airflow/example_dags/tutorial_taskflow_api.py
[2025-07-11T09:26:56.400+0000] {processor.py:840} INFO - DAG(s) 'tutorial_taskflow_api' retrieved from /home/airflow/.local/lib/python3.8/site-packages/airflow/example_dags/tutorial_taskflow_api.py
[2025-07-11T09:26:56.434+0000] {logging_mixin.py:188} INFO - [2025-07-11T09:26:56.433+0000] {dag.py:3036} INFO - Sync 1 DAGs
[2025-07-11T09:26:56.458+0000] {logging_mixin.py:188} INFO - [2025-07-11T09:26:56.458+0000] {dag.py:3823} INFO - Setting next_dagrun for tutorial_taskflow_api to None, run_after=None
[2025-07-11T09:26:56.491+0000] {processor.py:183} INFO - Processing /home/airflow/.local/lib/python3.8/site-packages/airflow/example_dags/tutorial_taskflow_api.py took 0.115 seconds
[2025-07-11T09:28:23.126+0000] {processor.py:161} INFO - Started process (PID=82) to work on /home/airflow/.local/lib/python3.8/site-packages/airflow/example_dags/tutorial_taskflow_api.py
[2025-07-11T09:28:23.127+0000] {processor.py:830} INFO - Processing file /home/airflow/.local/lib/python3.8/site-packages/airflow/example_dags/tutorial_taskflow_api.py for tasks to queue
[2025-07-11T09:28:23.130+0000] {logging_mixin.py:188} INFO - [2025-07-11T09:28:23.130+0000] {dagbag.py:538} INFO - Filling up the DagBag from /home/airflow/.local/lib/python3.8/site-packages/airflow/example_dags/tutorial_taskflow_api.py
[2025-07-11T09:28:23.142+0000] {processor.py:840} INFO - DAG(s) 'tutorial_taskflow_api' retrieved from /home/airflow/.local/lib/python3.8/site-packages/airflow/example_dags/tutorial_taskflow_api.py
[2025-07-11T09:28:23.347+0000] {logging_mixin.py:188} INFO - [2025-07-11T09:28:23.346+0000] {override.py:1769} INFO - Created Permission View: can read on DAG:tutorial_taskflow_api
[2025-07-11T09:28:23.374+0000] {logging_mixin.py:188} INFO - [2025-07-11T09:28:23.373+0000] {override.py:1769} INFO - Created Permission View: can delete on DAG:tutorial_taskflow_api
[2025-07-11T09:28:23.393+0000] {logging_mixin.py:188} INFO - [2025-07-11T09:28:23.392+0000] {override.py:1769} INFO - Created Permission View: can edit on DAG:tutorial_taskflow_api
[2025-07-11T09:28:23.394+0000] {logging_mixin.py:188} INFO - [2025-07-11T09:28:23.393+0000] {dag.py:3036} INFO - Sync 1 DAGs
[2025-07-11T09:28:23.418+0000] {logging_mixin.py:188} INFO - [2025-07-11T09:28:23.417+0000] {dag.py:3058} INFO - Creating ORM DAG for tutorial_taskflow_api
[2025-07-11T09:28:23.419+0000] {logging_mixin.py:188} INFO - [2025-07-11T09:28:23.419+0000] {dag.py:3823} INFO - Setting next_dagrun for tutorial_taskflow_api to None, run_after=None
[2025-07-11T09:28:23.467+0000] {processor.py:183} INFO - Processing /home/airflow/.local/lib/python3.8/site-packages/airflow/example_dags/tutorial_taskflow_api.py took 0.346 seconds
[2025-07-11T09:28:53.987+0000] {processor.py:161} INFO - Started process (PID=144) to work on /home/airflow/.local/lib/python3.8/site-packages/airflow/example_dags/tutorial_taskflow_api.py
[2025-07-11T09:28:53.989+0000] {processor.py:830} INFO - Processing file /home/airflow/.local/lib/python3.8/site-packages/airflow/example_dags/tutorial_taskflow_api.py for tasks to queue
[2025-07-11T09:28:53.992+0000] {logging_mixin.py:188} INFO - [2025-07-11T09:28:53.991+0000] {dagbag.py:538} INFO - Filling up the DagBag from /home/airflow/.local/lib/python3.8/site-packages/airflow/example_dags/tutorial_taskflow_api.py
[2025-07-11T09:28:54.005+0000] {processor.py:840} INFO - DAG(s) 'tutorial_taskflow_api' retrieved from /home/airflow/.local/lib/python3.8/site-packages/airflow/example_dags/tutorial_taskflow_api.py
[2025-07-11T09:28:54.040+0000] {logging_mixin.py:188} INFO - [2025-07-11T09:28:54.040+0000] {dag.py:3036} INFO - Sync 1 DAGs
[2025-07-11T09:28:54.064+0000] {logging_mixin.py:188} INFO - [2025-07-11T09:28:54.063+0000] {dag.py:3823} INFO - Setting next_dagrun for tutorial_taskflow_api to None, run_after=None
[2025-07-11T09:28:54.104+0000] {processor.py:183} INFO - Processing /home/airflow/.local/lib/python3.8/site-packages/airflow/example_dags/tutorial_taskflow_api.py took 0.125 seconds
[2025-07-11T09:29:24.517+0000] {processor.py:161} INFO - Started process (PID=199) to work on /home/airflow/.local/lib/python3.8/site-packages/airflow/example_dags/tutorial_taskflow_api.py
[2025-07-11T09:29:24.519+0000] {processor.py:830} INFO - Processing file /home/airflow/.local/lib/python3.8/site-packages/airflow/example_dags/tutorial_taskflow_api.py for tasks to queue
[2025-07-11T09:29:24.522+0000] {logging_mixin.py:188} INFO - [2025-07-11T09:29:24.521+0000] {dagbag.py:538} INFO - Filling up the DagBag from /home/airflow/.local/lib/python3.8/site-packages/airflow/example_dags/tutorial_taskflow_api.py
[2025-07-11T09:29:24.531+0000] {processor.py:840} INFO - DAG(s) 'tutorial_taskflow_api' retrieved from /home/airflow/.local/lib/python3.8/site-packages/airflow/example_dags/tutorial_taskflow_api.py
[2025-07-11T09:29:24.562+0000] {logging_mixin.py:188} INFO - [2025-07-11T09:29:24.561+0000] {dag.py:3036} INFO - Sync 1 DAGs
[2025-07-11T09:29:24.581+0000] {logging_mixin.py:188} INFO - [2025-07-11T09:29:24.581+0000] {dag.py:3823} INFO - Setting next_dagrun for tutorial_taskflow_api to None, run_after=None
[2025-07-11T09:29:24.617+0000] {processor.py:183} INFO - Processing /home/airflow/.local/lib/python3.8/site-packages/airflow/example_dags/tutorial_taskflow_api.py took 0.104 seconds
[2025-07-11T09:29:54.970+0000] {processor.py:161} INFO - Started process (PID=254) to work on /home/airflow/.local/lib/python3.8/site-packages/airflow/example_dags/tutorial_taskflow_api.py
[2025-07-11T09:29:54.972+0000] {processor.py:830} INFO - Processing file /home/airflow/.local/lib/python3.8/site-packages/airflow/example_dags/tutorial_taskflow_api.py for tasks to queue
[2025-07-11T09:29:54.975+0000] {logging_mixin.py:188} INFO - [2025-07-11T09:29:54.975+0000] {dagbag.py:538} INFO - Filling up the DagBag from /home/airflow/.local/lib/python3.8/site-packages/airflow/example_dags/tutorial_taskflow_api.py
[2025-07-11T09:29:54.989+0000] {processor.py:840} INFO - DAG(s) 'tutorial_taskflow_api' retrieved from /home/airflow/.local/lib/python3.8/site-packages/airflow/example_dags/tutorial_taskflow_api.py
[2025-07-11T09:29:55.021+0000] {logging_mixin.py:188} INFO - [2025-07-11T09:29:55.020+0000] {dag.py:3036} INFO - Sync 1 DAGs
[2025-07-11T09:29:55.039+0000] {logging_mixin.py:188} INFO - [2025-07-11T09:29:55.039+0000] {dag.py:3823} INFO - Setting next_dagrun for tutorial_taskflow_api to None, run_after=None
[2025-07-11T09:29:55.075+0000] {processor.py:183} INFO - Processing /home/airflow/.local/lib/python3.8/site-packages/airflow/example_dags/tutorial_taskflow_api.py took 0.110 seconds
[2025-07-11T09:30:25.311+0000] {processor.py:161} INFO - Started process (PID=309) to work on /home/airflow/.local/lib/python3.8/site-packages/airflow/example_dags/tutorial_taskflow_api.py
[2025-07-11T09:30:25.313+0000] {processor.py:830} INFO - Processing file /home/airflow/.local/lib/python3.8/site-packages/airflow/example_dags/tutorial_taskflow_api.py for tasks to queue
[2025-07-11T09:30:25.316+0000] {logging_mixin.py:188} INFO - [2025-07-11T09:30:25.315+0000] {dagbag.py:538} INFO - Filling up the DagBag from /home/airflow/.local/lib/python3.8/site-packages/airflow/example_dags/tutorial_taskflow_api.py
[2025-07-11T09:30:25.325+0000] {processor.py:840} INFO - DAG(s) 'tutorial_taskflow_api' retrieved from /home/airflow/.local/lib/python3.8/site-packages/airflow/example_dags/tutorial_taskflow_api.py
[2025-07-11T09:30:25.358+0000] {logging_mixin.py:188} INFO - [2025-07-11T09:30:25.358+0000] {dag.py:3036} INFO - Sync 1 DAGs
[2025-07-11T09:30:25.380+0000] {logging_mixin.py:188} INFO - [2025-07-11T09:30:25.380+0000] {dag.py:3823} INFO - Setting next_dagrun for tutorial_taskflow_api to None, run_after=None
[2025-07-11T09:30:25.417+0000] {processor.py:183} INFO - Processing /home/airflow/.local/lib/python3.8/site-packages/airflow/example_dags/tutorial_taskflow_api.py took 0.111 seconds
[2025-07-11T09:30:56.085+0000] {processor.py:161} INFO - Started process (PID=364) to work on /home/airflow/.local/lib/python3.8/site-packages/airflow/example_dags/tutorial_taskflow_api.py
[2025-07-11T09:30:56.087+0000] {processor.py:830} INFO - Processing file /home/airflow/.local/lib/python3.8/site-packages/airflow/example_dags/tutorial_taskflow_api.py for tasks to queue
[2025-07-11T09:30:56.090+0000] {logging_mixin.py:188} INFO - [2025-07-11T09:30:56.090+0000] {dagbag.py:538} INFO - Filling up the DagBag from /home/airflow/.local/lib/python3.8/site-packages/airflow/example_dags/tutorial_taskflow_api.py
[2025-07-11T09:30:56.099+0000] {processor.py:840} INFO - DAG(s) 'tutorial_taskflow_api' retrieved from /home/airflow/.local/lib/python3.8/site-packages/airflow/example_dags/tutorial_taskflow_api.py
[2025-07-11T09:30:56.127+0000] {logging_mixin.py:188} INFO - [2025-07-11T09:30:56.127+0000] {dag.py:3036} INFO - Sync 1 DAGs
[2025-07-11T09:30:56.145+0000] {logging_mixin.py:188} INFO - [2025-07-11T09:30:56.145+0000] {dag.py:3823} INFO - Setting next_dagrun for tutorial_taskflow_api to None, run_after=None
[2025-07-11T09:30:56.176+0000] {processor.py:183} INFO - Processing /home/airflow/.local/lib/python3.8/site-packages/airflow/example_dags/tutorial_taskflow_api.py took 0.096 seconds
[2025-07-11T09:31:26.314+0000] {processor.py:161} INFO - Started process (PID=419) to work on /home/airflow/.local/lib/python3.8/site-packages/airflow/example_dags/tutorial_taskflow_api.py
[2025-07-11T09:31:26.316+0000] {processor.py:830} INFO - Processing file /home/airflow/.local/lib/python3.8/site-packages/airflow/example_dags/tutorial_taskflow_api.py for tasks to queue
[2025-07-11T09:31:26.318+0000] {logging_mixin.py:188} INFO - [2025-07-11T09:31:26.318+0000] {dagbag.py:538} INFO - Filling up the DagBag from /home/airflow/.local/lib/python3.8/site-packages/airflow/example_dags/tutorial_taskflow_api.py
[2025-07-11T09:31:26.326+0000] {processor.py:840} INFO - DAG(s) 'tutorial_taskflow_api' retrieved from /home/airflow/.local/lib/python3.8/site-packages/airflow/example_dags/tutorial_taskflow_api.py
[2025-07-11T09:31:26.353+0000] {logging_mixin.py:188} INFO - [2025-07-11T09:31:26.353+0000] {dag.py:3036} INFO - Sync 1 DAGs
[2025-07-11T09:31:26.370+0000] {logging_mixin.py:188} INFO - [2025-07-11T09:31:26.369+0000] {dag.py:3823} INFO - Setting next_dagrun for tutorial_taskflow_api to None, run_after=None
[2025-07-11T09:31:26.398+0000] {processor.py:183} INFO - Processing /home/airflow/.local/lib/python3.8/site-packages/airflow/example_dags/tutorial_taskflow_api.py took 0.088 seconds
[2025-07-11T09:31:57.383+0000] {processor.py:161} INFO - Started process (PID=474) to work on /home/airflow/.local/lib/python3.8/site-packages/airflow/example_dags/tutorial_taskflow_api.py
[2025-07-11T09:31:57.386+0000] {processor.py:830} INFO - Processing file /home/airflow/.local/lib/python3.8/site-packages/airflow/example_dags/tutorial_taskflow_api.py for tasks to queue
[2025-07-11T09:31:57.390+0000] {logging_mixin.py:188} INFO - [2025-07-11T09:31:57.390+0000] {dagbag.py:538} INFO - Filling up the DagBag from /home/airflow/.local/lib/python3.8/site-packages/airflow/example_dags/tutorial_taskflow_api.py
[2025-07-11T09:31:57.402+0000] {processor.py:840} INFO - DAG(s) 'tutorial_taskflow_api' retrieved from /home/airflow/.local/lib/python3.8/site-packages/airflow/example_dags/tutorial_taskflow_api.py
[2025-07-11T09:31:57.440+0000] {logging_mixin.py:188} INFO - [2025-07-11T09:31:57.439+0000] {dag.py:3036} INFO - Sync 1 DAGs
[2025-07-11T09:31:57.464+0000] {logging_mixin.py:188} INFO - [2025-07-11T09:31:57.463+0000] {dag.py:3823} INFO - Setting next_dagrun for tutorial_taskflow_api to None, run_after=None
[2025-07-11T09:31:57.497+0000] {processor.py:183} INFO - Processing /home/airflow/.local/lib/python3.8/site-packages/airflow/example_dags/tutorial_taskflow_api.py took 0.119 seconds
[2025-07-11T09:32:27.877+0000] {processor.py:161} INFO - Started process (PID=529) to work on /home/airflow/.local/lib/python3.8/site-packages/airflow/example_dags/tutorial_taskflow_api.py
[2025-07-11T09:32:27.879+0000] {processor.py:830} INFO - Processing file /home/airflow/.local/lib/python3.8/site-packages/airflow/example_dags/tutorial_taskflow_api.py for tasks to queue
[2025-07-11T09:32:27.882+0000] {logging_mixin.py:188} INFO - [2025-07-11T09:32:27.882+0000] {dagbag.py:538} INFO - Filling up the DagBag from /home/airflow/.local/lib/python3.8/site-packages/airflow/example_dags/tutorial_taskflow_api.py
[2025-07-11T09:32:27.895+0000] {processor.py:840} INFO - DAG(s) 'tutorial_taskflow_api' retrieved from /home/airflow/.local/lib/python3.8/site-packages/airflow/example_dags/tutorial_taskflow_api.py
[2025-07-11T09:32:27.925+0000] {logging_mixin.py:188} INFO - [2025-07-11T09:32:27.925+0000] {dag.py:3036} INFO - Sync 1 DAGs
[2025-07-11T09:32:27.944+0000] {logging_mixin.py:188} INFO - [2025-07-11T09:32:27.943+0000] {dag.py:3823} INFO - Setting next_dagrun for tutorial_taskflow_api to None, run_after=None
[2025-07-11T09:32:27.981+0000] {processor.py:183} INFO - Processing /home/airflow/.local/lib/python3.8/site-packages/airflow/example_dags/tutorial_taskflow_api.py took 0.110 seconds
[2025-07-11T09:32:58.848+0000] {processor.py:161} INFO - Started process (PID=584) to work on /home/airflow/.local/lib/python3.8/site-packages/airflow/example_dags/tutorial_taskflow_api.py
[2025-07-11T09:32:58.850+0000] {processor.py:830} INFO - Processing file /home/airflow/.local/lib/python3.8/site-packages/airflow/example_dags/tutorial_taskflow_api.py for tasks to queue
[2025-07-11T09:32:58.853+0000] {logging_mixin.py:188} INFO - [2025-07-11T09:32:58.853+0000] {dagbag.py:538} INFO - Filling up the DagBag from /home/airflow/.local/lib/python3.8/site-packages/airflow/example_dags/tutorial_taskflow_api.py
[2025-07-11T09:32:58.864+0000] {processor.py:840} INFO - DAG(s) 'tutorial_taskflow_api' retrieved from /home/airflow/.local/lib/python3.8/site-packages/airflow/example_dags/tutorial_taskflow_api.py
[2025-07-11T09:32:58.894+0000] {logging_mixin.py:188} INFO - [2025-07-11T09:32:58.894+0000] {dag.py:3036} INFO - Sync 1 DAGs
[2025-07-11T09:32:58.914+0000] {logging_mixin.py:188} INFO - [2025-07-11T09:32:58.913+0000] {dag.py:3823} INFO - Setting next_dagrun for tutorial_taskflow_api to None, run_after=None
[2025-07-11T09:32:58.949+0000] {processor.py:183} INFO - Processing /home/airflow/.local/lib/python3.8/site-packages/airflow/example_dags/tutorial_taskflow_api.py took 0.105 seconds
[2025-07-11T09:33:29.055+0000] {processor.py:161} INFO - Started process (PID=639) to work on /home/airflow/.local/lib/python3.8/site-packages/airflow/example_dags/tutorial_taskflow_api.py
[2025-07-11T09:33:29.057+0000] {processor.py:830} INFO - Processing file /home/airflow/.local/lib/python3.8/site-packages/airflow/example_dags/tutorial_taskflow_api.py for tasks to queue
[2025-07-11T09:33:29.059+0000] {logging_mixin.py:188} INFO - [2025-07-11T09:33:29.059+0000] {dagbag.py:538} INFO - Filling up the DagBag from /home/airflow/.local/lib/python3.8/site-packages/airflow/example_dags/tutorial_taskflow_api.py
[2025-07-11T09:33:29.069+0000] {processor.py:840} INFO - DAG(s) 'tutorial_taskflow_api' retrieved from /home/airflow/.local/lib/python3.8/site-packages/airflow/example_dags/tutorial_taskflow_api.py
[2025-07-11T09:33:29.097+0000] {logging_mixin.py:188} INFO - [2025-07-11T09:33:29.096+0000] {dag.py:3036} INFO - Sync 1 DAGs
[2025-07-11T09:33:29.115+0000] {logging_mixin.py:188} INFO - [2025-07-11T09:33:29.114+0000] {dag.py:3823} INFO - Setting next_dagrun for tutorial_taskflow_api to None, run_after=None
[2025-07-11T09:33:29.146+0000] {processor.py:183} INFO - Processing /home/airflow/.local/lib/python3.8/site-packages/airflow/example_dags/tutorial_taskflow_api.py took 0.095 seconds
[2025-07-11T09:34:44.087+0000] {processor.py:161} INFO - Started process (PID=90) to work on /home/airflow/.local/lib/python3.8/site-packages/airflow/example_dags/tutorial_taskflow_api.py
[2025-07-11T09:34:44.089+0000] {processor.py:830} INFO - Processing file /home/airflow/.local/lib/python3.8/site-packages/airflow/example_dags/tutorial_taskflow_api.py for tasks to queue
[2025-07-11T09:34:44.092+0000] {logging_mixin.py:188} INFO - [2025-07-11T09:34:44.092+0000] {dagbag.py:538} INFO - Filling up the DagBag from /home/airflow/.local/lib/python3.8/site-packages/airflow/example_dags/tutorial_taskflow_api.py
[2025-07-11T09:34:44.103+0000] {processor.py:840} INFO - DAG(s) 'tutorial_taskflow_api' retrieved from /home/airflow/.local/lib/python3.8/site-packages/airflow/example_dags/tutorial_taskflow_api.py
[2025-07-11T09:34:44.325+0000] {logging_mixin.py:188} INFO - [2025-07-11T09:34:44.324+0000] {override.py:1769} INFO - Created Permission View: can edit on DAG:tutorial_taskflow_api
[2025-07-11T09:34:44.350+0000] {logging_mixin.py:188} INFO - [2025-07-11T09:34:44.349+0000] {override.py:1769} INFO - Created Permission View: can delete on DAG:tutorial_taskflow_api
[2025-07-11T09:34:44.369+0000] {logging_mixin.py:188} INFO - [2025-07-11T09:34:44.368+0000] {override.py:1769} INFO - Created Permission View: can read on DAG:tutorial_taskflow_api
[2025-07-11T09:34:44.370+0000] {logging_mixin.py:188} INFO - [2025-07-11T09:34:44.369+0000] {dag.py:3036} INFO - Sync 1 DAGs
[2025-07-11T09:34:44.398+0000] {logging_mixin.py:188} INFO - [2025-07-11T09:34:44.398+0000] {dag.py:3058} INFO - Creating ORM DAG for tutorial_taskflow_api
[2025-07-11T09:34:44.400+0000] {logging_mixin.py:188} INFO - [2025-07-11T09:34:44.399+0000] {dag.py:3823} INFO - Setting next_dagrun for tutorial_taskflow_api to None, run_after=None
[2025-07-11T09:34:44.437+0000] {processor.py:183} INFO - Processing /home/airflow/.local/lib/python3.8/site-packages/airflow/example_dags/tutorial_taskflow_api.py took 0.355 seconds
[2025-07-11T09:35:15.068+0000] {processor.py:161} INFO - Started process (PID=145) to work on /home/airflow/.local/lib/python3.8/site-packages/airflow/example_dags/tutorial_taskflow_api.py
[2025-07-11T09:35:15.070+0000] {processor.py:830} INFO - Processing file /home/airflow/.local/lib/python3.8/site-packages/airflow/example_dags/tutorial_taskflow_api.py for tasks to queue
[2025-07-11T09:35:15.073+0000] {logging_mixin.py:188} INFO - [2025-07-11T09:35:15.073+0000] {dagbag.py:538} INFO - Filling up the DagBag from /home/airflow/.local/lib/python3.8/site-packages/airflow/example_dags/tutorial_taskflow_api.py
[2025-07-11T09:35:15.084+0000] {processor.py:840} INFO - DAG(s) 'tutorial_taskflow_api' retrieved from /home/airflow/.local/lib/python3.8/site-packages/airflow/example_dags/tutorial_taskflow_api.py
[2025-07-11T09:35:15.115+0000] {logging_mixin.py:188} INFO - [2025-07-11T09:35:15.114+0000] {dag.py:3036} INFO - Sync 1 DAGs
[2025-07-11T09:35:15.141+0000] {logging_mixin.py:188} INFO - [2025-07-11T09:35:15.140+0000] {dag.py:3823} INFO - Setting next_dagrun for tutorial_taskflow_api to None, run_after=None
[2025-07-11T09:35:15.175+0000] {processor.py:183} INFO - Processing /home/airflow/.local/lib/python3.8/site-packages/airflow/example_dags/tutorial_taskflow_api.py took 0.112 seconds
[2025-07-11T09:35:45.219+0000] {processor.py:161} INFO - Started process (PID=200) to work on /home/airflow/.local/lib/python3.8/site-packages/airflow/example_dags/tutorial_taskflow_api.py
[2025-07-11T09:35:45.220+0000] {processor.py:830} INFO - Processing file /home/airflow/.local/lib/python3.8/site-packages/airflow/example_dags/tutorial_taskflow_api.py for tasks to queue
[2025-07-11T09:35:45.222+0000] {logging_mixin.py:188} INFO - [2025-07-11T09:35:45.222+0000] {dagbag.py:538} INFO - Filling up the DagBag from /home/airflow/.local/lib/python3.8/site-packages/airflow/example_dags/tutorial_taskflow_api.py
[2025-07-11T09:35:45.231+0000] {processor.py:840} INFO - DAG(s) 'tutorial_taskflow_api' retrieved from /home/airflow/.local/lib/python3.8/site-packages/airflow/example_dags/tutorial_taskflow_api.py
[2025-07-11T09:35:45.256+0000] {logging_mixin.py:188} INFO - [2025-07-11T09:35:45.256+0000] {dag.py:3036} INFO - Sync 1 DAGs
[2025-07-11T09:35:45.273+0000] {logging_mixin.py:188} INFO - [2025-07-11T09:35:45.273+0000] {dag.py:3823} INFO - Setting next_dagrun for tutorial_taskflow_api to None, run_after=None
[2025-07-11T09:35:45.302+0000] {processor.py:183} INFO - Processing /home/airflow/.local/lib/python3.8/site-packages/airflow/example_dags/tutorial_taskflow_api.py took 0.087 seconds
[2025-07-11T09:36:15.885+0000] {processor.py:161} INFO - Started process (PID=255) to work on /home/airflow/.local/lib/python3.8/site-packages/airflow/example_dags/tutorial_taskflow_api.py
[2025-07-11T09:36:15.886+0000] {processor.py:830} INFO - Processing file /home/airflow/.local/lib/python3.8/site-packages/airflow/example_dags/tutorial_taskflow_api.py for tasks to queue
[2025-07-11T09:36:15.888+0000] {logging_mixin.py:188} INFO - [2025-07-11T09:36:15.888+0000] {dagbag.py:538} INFO - Filling up the DagBag from /home/airflow/.local/lib/python3.8/site-packages/airflow/example_dags/tutorial_taskflow_api.py
[2025-07-11T09:36:15.897+0000] {processor.py:840} INFO - DAG(s) 'tutorial_taskflow_api' retrieved from /home/airflow/.local/lib/python3.8/site-packages/airflow/example_dags/tutorial_taskflow_api.py
[2025-07-11T09:36:15.922+0000] {logging_mixin.py:188} INFO - [2025-07-11T09:36:15.921+0000] {dag.py:3036} INFO - Sync 1 DAGs
[2025-07-11T09:36:15.940+0000] {logging_mixin.py:188} INFO - [2025-07-11T09:36:15.939+0000] {dag.py:3823} INFO - Setting next_dagrun for tutorial_taskflow_api to None, run_after=None
[2025-07-11T09:36:15.968+0000] {processor.py:183} INFO - Processing /home/airflow/.local/lib/python3.8/site-packages/airflow/example_dags/tutorial_taskflow_api.py took 0.087 seconds
[2025-07-11T09:36:46.194+0000] {processor.py:161} INFO - Started process (PID=310) to work on /home/airflow/.local/lib/python3.8/site-packages/airflow/example_dags/tutorial_taskflow_api.py
[2025-07-11T09:36:46.196+0000] {processor.py:830} INFO - Processing file /home/airflow/.local/lib/python3.8/site-packages/airflow/example_dags/tutorial_taskflow_api.py for tasks to queue
[2025-07-11T09:36:46.199+0000] {logging_mixin.py:188} INFO - [2025-07-11T09:36:46.198+0000] {dagbag.py:538} INFO - Filling up the DagBag from /home/airflow/.local/lib/python3.8/site-packages/airflow/example_dags/tutorial_taskflow_api.py
[2025-07-11T09:36:46.209+0000] {processor.py:840} INFO - DAG(s) 'tutorial_taskflow_api' retrieved from /home/airflow/.local/lib/python3.8/site-packages/airflow/example_dags/tutorial_taskflow_api.py
[2025-07-11T09:36:46.241+0000] {logging_mixin.py:188} INFO - [2025-07-11T09:36:46.241+0000] {dag.py:3036} INFO - Sync 1 DAGs
[2025-07-11T09:36:46.266+0000] {logging_mixin.py:188} INFO - [2025-07-11T09:36:46.266+0000] {dag.py:3823} INFO - Setting next_dagrun for tutorial_taskflow_api to None, run_after=None
[2025-07-11T09:36:46.316+0000] {processor.py:183} INFO - Processing /home/airflow/.local/lib/python3.8/site-packages/airflow/example_dags/tutorial_taskflow_api.py took 0.127 seconds
[2025-07-11T09:37:16.590+0000] {processor.py:161} INFO - Started process (PID=365) to work on /home/airflow/.local/lib/python3.8/site-packages/airflow/example_dags/tutorial_taskflow_api.py
[2025-07-11T09:37:16.591+0000] {processor.py:830} INFO - Processing file /home/airflow/.local/lib/python3.8/site-packages/airflow/example_dags/tutorial_taskflow_api.py for tasks to queue
[2025-07-11T09:37:16.594+0000] {logging_mixin.py:188} INFO - [2025-07-11T09:37:16.593+0000] {dagbag.py:538} INFO - Filling up the DagBag from /home/airflow/.local/lib/python3.8/site-packages/airflow/example_dags/tutorial_taskflow_api.py
[2025-07-11T09:37:16.602+0000] {processor.py:840} INFO - DAG(s) 'tutorial_taskflow_api' retrieved from /home/airflow/.local/lib/python3.8/site-packages/airflow/example_dags/tutorial_taskflow_api.py
[2025-07-11T09:37:16.629+0000] {logging_mixin.py:188} INFO - [2025-07-11T09:37:16.628+0000] {dag.py:3036} INFO - Sync 1 DAGs
[2025-07-11T09:37:16.646+0000] {logging_mixin.py:188} INFO - [2025-07-11T09:37:16.646+0000] {dag.py:3823} INFO - Setting next_dagrun for tutorial_taskflow_api to None, run_after=None
[2025-07-11T09:37:16.679+0000] {processor.py:183} INFO - Processing /home/airflow/.local/lib/python3.8/site-packages/airflow/example_dags/tutorial_taskflow_api.py took 0.094 seconds
[2025-07-11T09:37:46.994+0000] {processor.py:161} INFO - Started process (PID=420) to work on /home/airflow/.local/lib/python3.8/site-packages/airflow/example_dags/tutorial_taskflow_api.py
[2025-07-11T09:37:46.995+0000] {processor.py:830} INFO - Processing file /home/airflow/.local/lib/python3.8/site-packages/airflow/example_dags/tutorial_taskflow_api.py for tasks to queue
[2025-07-11T09:37:46.998+0000] {logging_mixin.py:188} INFO - [2025-07-11T09:37:46.997+0000] {dagbag.py:538} INFO - Filling up the DagBag from /home/airflow/.local/lib/python3.8/site-packages/airflow/example_dags/tutorial_taskflow_api.py
[2025-07-11T09:37:47.007+0000] {processor.py:840} INFO - DAG(s) 'tutorial_taskflow_api' retrieved from /home/airflow/.local/lib/python3.8/site-packages/airflow/example_dags/tutorial_taskflow_api.py
[2025-07-11T09:37:47.039+0000] {logging_mixin.py:188} INFO - [2025-07-11T09:37:47.039+0000] {dag.py:3036} INFO - Sync 1 DAGs
[2025-07-11T09:37:47.061+0000] {logging_mixin.py:188} INFO - [2025-07-11T09:37:47.061+0000] {dag.py:3823} INFO - Setting next_dagrun for tutorial_taskflow_api to None, run_after=None
[2025-07-11T09:37:47.095+0000] {processor.py:183} INFO - Processing /home/airflow/.local/lib/python3.8/site-packages/airflow/example_dags/tutorial_taskflow_api.py took 0.106 seconds
[2025-07-11T09:38:17.201+0000] {processor.py:161} INFO - Started process (PID=475) to work on /home/airflow/.local/lib/python3.8/site-packages/airflow/example_dags/tutorial_taskflow_api.py
[2025-07-11T09:38:17.203+0000] {processor.py:830} INFO - Processing file /home/airflow/.local/lib/python3.8/site-packages/airflow/example_dags/tutorial_taskflow_api.py for tasks to queue
[2025-07-11T09:38:17.205+0000] {logging_mixin.py:188} INFO - [2025-07-11T09:38:17.205+0000] {dagbag.py:538} INFO - Filling up the DagBag from /home/airflow/.local/lib/python3.8/site-packages/airflow/example_dags/tutorial_taskflow_api.py
[2025-07-11T09:38:17.216+0000] {processor.py:840} INFO - DAG(s) 'tutorial_taskflow_api' retrieved from /home/airflow/.local/lib/python3.8/site-packages/airflow/example_dags/tutorial_taskflow_api.py
[2025-07-11T09:38:17.245+0000] {logging_mixin.py:188} INFO - [2025-07-11T09:38:17.244+0000] {dag.py:3036} INFO - Sync 1 DAGs
[2025-07-11T09:38:17.266+0000] {logging_mixin.py:188} INFO - [2025-07-11T09:38:17.266+0000] {dag.py:3823} INFO - Setting next_dagrun for tutorial_taskflow_api to None, run_after=None
[2025-07-11T09:38:17.302+0000] {processor.py:183} INFO - Processing /home/airflow/.local/lib/python3.8/site-packages/airflow/example_dags/tutorial_taskflow_api.py took 0.106 seconds
[2025-07-11T09:38:47.662+0000] {processor.py:161} INFO - Started process (PID=530) to work on /home/airflow/.local/lib/python3.8/site-packages/airflow/example_dags/tutorial_taskflow_api.py
[2025-07-11T09:38:47.664+0000] {processor.py:830} INFO - Processing file /home/airflow/.local/lib/python3.8/site-packages/airflow/example_dags/tutorial_taskflow_api.py for tasks to queue
[2025-07-11T09:38:47.667+0000] {logging_mixin.py:188} INFO - [2025-07-11T09:38:47.667+0000] {dagbag.py:538} INFO - Filling up the DagBag from /home/airflow/.local/lib/python3.8/site-packages/airflow/example_dags/tutorial_taskflow_api.py
[2025-07-11T09:38:47.676+0000] {processor.py:840} INFO - DAG(s) 'tutorial_taskflow_api' retrieved from /home/airflow/.local/lib/python3.8/site-packages/airflow/example_dags/tutorial_taskflow_api.py
[2025-07-11T09:38:47.706+0000] {logging_mixin.py:188} INFO - [2025-07-11T09:38:47.706+0000] {dag.py:3036} INFO - Sync 1 DAGs
[2025-07-11T09:38:47.724+0000] {logging_mixin.py:188} INFO - [2025-07-11T09:38:47.724+0000] {dag.py:3823} INFO - Setting next_dagrun for tutorial_taskflow_api to None, run_after=None
[2025-07-11T09:38:47.759+0000] {processor.py:183} INFO - Processing /home/airflow/.local/lib/python3.8/site-packages/airflow/example_dags/tutorial_taskflow_api.py took 0.101 seconds
[2025-07-11T09:39:18.025+0000] {processor.py:161} INFO - Started process (PID=586) to work on /home/airflow/.local/lib/python3.8/site-packages/airflow/example_dags/tutorial_taskflow_api.py
[2025-07-11T09:39:18.027+0000] {processor.py:830} INFO - Processing file /home/airflow/.local/lib/python3.8/site-packages/airflow/example_dags/tutorial_taskflow_api.py for tasks to queue
[2025-07-11T09:39:18.030+0000] {logging_mixin.py:188} INFO - [2025-07-11T09:39:18.030+0000] {dagbag.py:538} INFO - Filling up the DagBag from /home/airflow/.local/lib/python3.8/site-packages/airflow/example_dags/tutorial_taskflow_api.py
[2025-07-11T09:39:18.042+0000] {processor.py:840} INFO - DAG(s) 'tutorial_taskflow_api' retrieved from /home/airflow/.local/lib/python3.8/site-packages/airflow/example_dags/tutorial_taskflow_api.py
[2025-07-11T09:39:18.071+0000] {logging_mixin.py:188} INFO - [2025-07-11T09:39:18.071+0000] {dag.py:3036} INFO - Sync 1 DAGs
[2025-07-11T09:39:18.089+0000] {logging_mixin.py:188} INFO - [2025-07-11T09:39:18.088+0000] {dag.py:3823} INFO - Setting next_dagrun for tutorial_taskflow_api to None, run_after=None
[2025-07-11T09:39:18.122+0000] {processor.py:183} INFO - Processing /home/airflow/.local/lib/python3.8/site-packages/airflow/example_dags/tutorial_taskflow_api.py took 0.101 seconds
[2025-07-11T09:39:48.335+0000] {processor.py:161} INFO - Started process (PID=641) to work on /home/airflow/.local/lib/python3.8/site-packages/airflow/example_dags/tutorial_taskflow_api.py
[2025-07-11T09:39:48.336+0000] {processor.py:830} INFO - Processing file /home/airflow/.local/lib/python3.8/site-packages/airflow/example_dags/tutorial_taskflow_api.py for tasks to queue
[2025-07-11T09:39:48.340+0000] {logging_mixin.py:188} INFO - [2025-07-11T09:39:48.339+0000] {dagbag.py:538} INFO - Filling up the DagBag from /home/airflow/.local/lib/python3.8/site-packages/airflow/example_dags/tutorial_taskflow_api.py
[2025-07-11T09:39:48.350+0000] {processor.py:840} INFO - DAG(s) 'tutorial_taskflow_api' retrieved from /home/airflow/.local/lib/python3.8/site-packages/airflow/example_dags/tutorial_taskflow_api.py
[2025-07-11T09:39:48.382+0000] {logging_mixin.py:188} INFO - [2025-07-11T09:39:48.382+0000] {dag.py:3036} INFO - Sync 1 DAGs
[2025-07-11T09:39:48.412+0000] {logging_mixin.py:188} INFO - [2025-07-11T09:39:48.411+0000] {dag.py:3823} INFO - Setting next_dagrun for tutorial_taskflow_api to None, run_after=None
[2025-07-11T09:39:48.446+0000] {processor.py:183} INFO - Processing /home/airflow/.local/lib/python3.8/site-packages/airflow/example_dags/tutorial_taskflow_api.py took 0.117 seconds
[2025-07-11T09:40:18.829+0000] {processor.py:161} INFO - Started process (PID=696) to work on /home/airflow/.local/lib/python3.8/site-packages/airflow/example_dags/tutorial_taskflow_api.py
[2025-07-11T09:40:18.831+0000] {processor.py:830} INFO - Processing file /home/airflow/.local/lib/python3.8/site-packages/airflow/example_dags/tutorial_taskflow_api.py for tasks to queue
[2025-07-11T09:40:18.834+0000] {logging_mixin.py:188} INFO - [2025-07-11T09:40:18.834+0000] {dagbag.py:538} INFO - Filling up the DagBag from /home/airflow/.local/lib/python3.8/site-packages/airflow/example_dags/tutorial_taskflow_api.py
[2025-07-11T09:40:18.843+0000] {processor.py:840} INFO - DAG(s) 'tutorial_taskflow_api' retrieved from /home/airflow/.local/lib/python3.8/site-packages/airflow/example_dags/tutorial_taskflow_api.py
[2025-07-11T09:40:18.872+0000] {logging_mixin.py:188} INFO - [2025-07-11T09:40:18.872+0000] {dag.py:3036} INFO - Sync 1 DAGs
[2025-07-11T09:40:18.891+0000] {logging_mixin.py:188} INFO - [2025-07-11T09:40:18.890+0000] {dag.py:3823} INFO - Setting next_dagrun for tutorial_taskflow_api to None, run_after=None
[2025-07-11T09:40:18.923+0000] {processor.py:183} INFO - Processing /home/airflow/.local/lib/python3.8/site-packages/airflow/example_dags/tutorial_taskflow_api.py took 0.098 seconds
[2025-07-11T09:40:49.280+0000] {processor.py:161} INFO - Started process (PID=751) to work on /home/airflow/.local/lib/python3.8/site-packages/airflow/example_dags/tutorial_taskflow_api.py
[2025-07-11T09:40:49.281+0000] {processor.py:830} INFO - Processing file /home/airflow/.local/lib/python3.8/site-packages/airflow/example_dags/tutorial_taskflow_api.py for tasks to queue
[2025-07-11T09:40:49.283+0000] {logging_mixin.py:188} INFO - [2025-07-11T09:40:49.283+0000] {dagbag.py:538} INFO - Filling up the DagBag from /home/airflow/.local/lib/python3.8/site-packages/airflow/example_dags/tutorial_taskflow_api.py
[2025-07-11T09:40:49.292+0000] {processor.py:840} INFO - DAG(s) 'tutorial_taskflow_api' retrieved from /home/airflow/.local/lib/python3.8/site-packages/airflow/example_dags/tutorial_taskflow_api.py
[2025-07-11T09:40:49.320+0000] {logging_mixin.py:188} INFO - [2025-07-11T09:40:49.319+0000] {dag.py:3036} INFO - Sync 1 DAGs
[2025-07-11T09:40:49.338+0000] {logging_mixin.py:188} INFO - [2025-07-11T09:40:49.337+0000] {dag.py:3823} INFO - Setting next_dagrun for tutorial_taskflow_api to None, run_after=None
[2025-07-11T09:40:49.366+0000] {processor.py:183} INFO - Processing /home/airflow/.local/lib/python3.8/site-packages/airflow/example_dags/tutorial_taskflow_api.py took 0.090 seconds
[2025-07-11T09:41:19.525+0000] {processor.py:161} INFO - Started process (PID=806) to work on /home/airflow/.local/lib/python3.8/site-packages/airflow/example_dags/tutorial_taskflow_api.py
[2025-07-11T09:41:19.527+0000] {processor.py:830} INFO - Processing file /home/airflow/.local/lib/python3.8/site-packages/airflow/example_dags/tutorial_taskflow_api.py for tasks to queue
[2025-07-11T09:41:19.529+0000] {logging_mixin.py:188} INFO - [2025-07-11T09:41:19.529+0000] {dagbag.py:538} INFO - Filling up the DagBag from /home/airflow/.local/lib/python3.8/site-packages/airflow/example_dags/tutorial_taskflow_api.py
[2025-07-11T09:41:19.538+0000] {processor.py:840} INFO - DAG(s) 'tutorial_taskflow_api' retrieved from /home/airflow/.local/lib/python3.8/site-packages/airflow/example_dags/tutorial_taskflow_api.py
[2025-07-11T09:41:19.568+0000] {logging_mixin.py:188} INFO - [2025-07-11T09:41:19.568+0000] {dag.py:3036} INFO - Sync 1 DAGs
[2025-07-11T09:41:19.586+0000] {logging_mixin.py:188} INFO - [2025-07-11T09:41:19.585+0000] {dag.py:3823} INFO - Setting next_dagrun for tutorial_taskflow_api to None, run_after=None
[2025-07-11T09:41:19.620+0000] {processor.py:183} INFO - Processing /home/airflow/.local/lib/python3.8/site-packages/airflow/example_dags/tutorial_taskflow_api.py took 0.101 seconds
[2025-07-11T09:41:50.081+0000] {processor.py:161} INFO - Started process (PID=861) to work on /home/airflow/.local/lib/python3.8/site-packages/airflow/example_dags/tutorial_taskflow_api.py
[2025-07-11T09:41:50.083+0000] {processor.py:830} INFO - Processing file /home/airflow/.local/lib/python3.8/site-packages/airflow/example_dags/tutorial_taskflow_api.py for tasks to queue
[2025-07-11T09:41:50.086+0000] {logging_mixin.py:188} INFO - [2025-07-11T09:41:50.085+0000] {dagbag.py:538} INFO - Filling up the DagBag from /home/airflow/.local/lib/python3.8/site-packages/airflow/example_dags/tutorial_taskflow_api.py
[2025-07-11T09:41:50.096+0000] {processor.py:840} INFO - DAG(s) 'tutorial_taskflow_api' retrieved from /home/airflow/.local/lib/python3.8/site-packages/airflow/example_dags/tutorial_taskflow_api.py
[2025-07-11T09:41:50.123+0000] {logging_mixin.py:188} INFO - [2025-07-11T09:41:50.122+0000] {dag.py:3036} INFO - Sync 1 DAGs
[2025-07-11T09:41:50.142+0000] {logging_mixin.py:188} INFO - [2025-07-11T09:41:50.141+0000] {dag.py:3823} INFO - Setting next_dagrun for tutorial_taskflow_api to None, run_after=None
[2025-07-11T09:41:50.175+0000] {processor.py:183} INFO - Processing /home/airflow/.local/lib/python3.8/site-packages/airflow/example_dags/tutorial_taskflow_api.py took 0.101 seconds
[2025-07-11T09:42:20.443+0000] {processor.py:161} INFO - Started process (PID=916) to work on /home/airflow/.local/lib/python3.8/site-packages/airflow/example_dags/tutorial_taskflow_api.py
[2025-07-11T09:42:20.444+0000] {processor.py:830} INFO - Processing file /home/airflow/.local/lib/python3.8/site-packages/airflow/example_dags/tutorial_taskflow_api.py for tasks to queue
[2025-07-11T09:42:20.447+0000] {logging_mixin.py:188} INFO - [2025-07-11T09:42:20.446+0000] {dagbag.py:538} INFO - Filling up the DagBag from /home/airflow/.local/lib/python3.8/site-packages/airflow/example_dags/tutorial_taskflow_api.py
[2025-07-11T09:42:20.455+0000] {processor.py:840} INFO - DAG(s) 'tutorial_taskflow_api' retrieved from /home/airflow/.local/lib/python3.8/site-packages/airflow/example_dags/tutorial_taskflow_api.py
[2025-07-11T09:42:20.481+0000] {logging_mixin.py:188} INFO - [2025-07-11T09:42:20.480+0000] {dag.py:3036} INFO - Sync 1 DAGs
[2025-07-11T09:42:20.497+0000] {logging_mixin.py:188} INFO - [2025-07-11T09:42:20.497+0000] {dag.py:3823} INFO - Setting next_dagrun for tutorial_taskflow_api to None, run_after=None
[2025-07-11T09:42:20.526+0000] {processor.py:183} INFO - Processing /home/airflow/.local/lib/python3.8/site-packages/airflow/example_dags/tutorial_taskflow_api.py took 0.087 seconds
[2025-07-11T09:42:50.891+0000] {processor.py:161} INFO - Started process (PID=971) to work on /home/airflow/.local/lib/python3.8/site-packages/airflow/example_dags/tutorial_taskflow_api.py
[2025-07-11T09:42:50.893+0000] {processor.py:830} INFO - Processing file /home/airflow/.local/lib/python3.8/site-packages/airflow/example_dags/tutorial_taskflow_api.py for tasks to queue
[2025-07-11T09:42:50.895+0000] {logging_mixin.py:188} INFO - [2025-07-11T09:42:50.894+0000] {dagbag.py:538} INFO - Filling up the DagBag from /home/airflow/.local/lib/python3.8/site-packages/airflow/example_dags/tutorial_taskflow_api.py
[2025-07-11T09:42:50.903+0000] {processor.py:840} INFO - DAG(s) 'tutorial_taskflow_api' retrieved from /home/airflow/.local/lib/python3.8/site-packages/airflow/example_dags/tutorial_taskflow_api.py
[2025-07-11T09:42:50.931+0000] {logging_mixin.py:188} INFO - [2025-07-11T09:42:50.931+0000] {dag.py:3036} INFO - Sync 1 DAGs
[2025-07-11T09:42:50.951+0000] {logging_mixin.py:188} INFO - [2025-07-11T09:42:50.951+0000] {dag.py:3823} INFO - Setting next_dagrun for tutorial_taskflow_api to None, run_after=None
[2025-07-11T09:42:50.981+0000] {processor.py:183} INFO - Processing /home/airflow/.local/lib/python3.8/site-packages/airflow/example_dags/tutorial_taskflow_api.py took 0.095 seconds
[2025-07-11T09:43:21.250+0000] {processor.py:161} INFO - Started process (PID=1026) to work on /home/airflow/.local/lib/python3.8/site-packages/airflow/example_dags/tutorial_taskflow_api.py
[2025-07-11T09:43:21.252+0000] {processor.py:830} INFO - Processing file /home/airflow/.local/lib/python3.8/site-packages/airflow/example_dags/tutorial_taskflow_api.py for tasks to queue
[2025-07-11T09:43:21.254+0000] {logging_mixin.py:188} INFO - [2025-07-11T09:43:21.254+0000] {dagbag.py:538} INFO - Filling up the DagBag from /home/airflow/.local/lib/python3.8/site-packages/airflow/example_dags/tutorial_taskflow_api.py
[2025-07-11T09:43:21.262+0000] {processor.py:840} INFO - DAG(s) 'tutorial_taskflow_api' retrieved from /home/airflow/.local/lib/python3.8/site-packages/airflow/example_dags/tutorial_taskflow_api.py
[2025-07-11T09:43:21.289+0000] {logging_mixin.py:188} INFO - [2025-07-11T09:43:21.289+0000] {dag.py:3036} INFO - Sync 1 DAGs
[2025-07-11T09:43:21.306+0000] {logging_mixin.py:188} INFO - [2025-07-11T09:43:21.306+0000] {dag.py:3823} INFO - Setting next_dagrun for tutorial_taskflow_api to None, run_after=None
[2025-07-11T09:43:21.337+0000] {processor.py:183} INFO - Processing /home/airflow/.local/lib/python3.8/site-packages/airflow/example_dags/tutorial_taskflow_api.py took 0.090 seconds
[2025-07-11T09:43:51.567+0000] {processor.py:161} INFO - Started process (PID=1081) to work on /home/airflow/.local/lib/python3.8/site-packages/airflow/example_dags/tutorial_taskflow_api.py
[2025-07-11T09:43:51.569+0000] {processor.py:830} INFO - Processing file /home/airflow/.local/lib/python3.8/site-packages/airflow/example_dags/tutorial_taskflow_api.py for tasks to queue
[2025-07-11T09:43:51.571+0000] {logging_mixin.py:188} INFO - [2025-07-11T09:43:51.571+0000] {dagbag.py:538} INFO - Filling up the DagBag from /home/airflow/.local/lib/python3.8/site-packages/airflow/example_dags/tutorial_taskflow_api.py
[2025-07-11T09:43:51.580+0000] {processor.py:840} INFO - DAG(s) 'tutorial_taskflow_api' retrieved from /home/airflow/.local/lib/python3.8/site-packages/airflow/example_dags/tutorial_taskflow_api.py
[2025-07-11T09:43:51.606+0000] {logging_mixin.py:188} INFO - [2025-07-11T09:43:51.606+0000] {dag.py:3036} INFO - Sync 1 DAGs
[2025-07-11T09:43:51.623+0000] {logging_mixin.py:188} INFO - [2025-07-11T09:43:51.623+0000] {dag.py:3823} INFO - Setting next_dagrun for tutorial_taskflow_api to None, run_after=None
[2025-07-11T09:43:51.650+0000] {processor.py:183} INFO - Processing /home/airflow/.local/lib/python3.8/site-packages/airflow/example_dags/tutorial_taskflow_api.py took 0.087 seconds
[2025-07-11T09:44:22.042+0000] {processor.py:161} INFO - Started process (PID=1137) to work on /home/airflow/.local/lib/python3.8/site-packages/airflow/example_dags/tutorial_taskflow_api.py
[2025-07-11T09:44:22.043+0000] {processor.py:830} INFO - Processing file /home/airflow/.local/lib/python3.8/site-packages/airflow/example_dags/tutorial_taskflow_api.py for tasks to queue
[2025-07-11T09:44:22.045+0000] {logging_mixin.py:188} INFO - [2025-07-11T09:44:22.045+0000] {dagbag.py:538} INFO - Filling up the DagBag from /home/airflow/.local/lib/python3.8/site-packages/airflow/example_dags/tutorial_taskflow_api.py
[2025-07-11T09:44:22.053+0000] {processor.py:840} INFO - DAG(s) 'tutorial_taskflow_api' retrieved from /home/airflow/.local/lib/python3.8/site-packages/airflow/example_dags/tutorial_taskflow_api.py
[2025-07-11T09:44:22.084+0000] {logging_mixin.py:188} INFO - [2025-07-11T09:44:22.083+0000] {dag.py:3036} INFO - Sync 1 DAGs
[2025-07-11T09:44:22.106+0000] {logging_mixin.py:188} INFO - [2025-07-11T09:44:22.106+0000] {dag.py:3823} INFO - Setting next_dagrun for tutorial_taskflow_api to None, run_after=None
[2025-07-11T09:44:22.134+0000] {processor.py:183} INFO - Processing /home/airflow/.local/lib/python3.8/site-packages/airflow/example_dags/tutorial_taskflow_api.py took 0.096 seconds
[2025-07-11T09:44:52.508+0000] {processor.py:161} INFO - Started process (PID=1192) to work on /home/airflow/.local/lib/python3.8/site-packages/airflow/example_dags/tutorial_taskflow_api.py
[2025-07-11T09:44:52.510+0000] {processor.py:830} INFO - Processing file /home/airflow/.local/lib/python3.8/site-packages/airflow/example_dags/tutorial_taskflow_api.py for tasks to queue
[2025-07-11T09:44:52.512+0000] {logging_mixin.py:188} INFO - [2025-07-11T09:44:52.512+0000] {dagbag.py:538} INFO - Filling up the DagBag from /home/airflow/.local/lib/python3.8/site-packages/airflow/example_dags/tutorial_taskflow_api.py
[2025-07-11T09:44:52.520+0000] {processor.py:840} INFO - DAG(s) 'tutorial_taskflow_api' retrieved from /home/airflow/.local/lib/python3.8/site-packages/airflow/example_dags/tutorial_taskflow_api.py
[2025-07-11T09:44:52.547+0000] {logging_mixin.py:188} INFO - [2025-07-11T09:44:52.547+0000] {dag.py:3036} INFO - Sync 1 DAGs
[2025-07-11T09:44:52.564+0000] {logging_mixin.py:188} INFO - [2025-07-11T09:44:52.564+0000] {dag.py:3823} INFO - Setting next_dagrun for tutorial_taskflow_api to None, run_after=None
[2025-07-11T09:44:52.593+0000] {processor.py:183} INFO - Processing /home/airflow/.local/lib/python3.8/site-packages/airflow/example_dags/tutorial_taskflow_api.py took 0.089 seconds
[2025-07-11T09:45:22.916+0000] {processor.py:161} INFO - Started process (PID=1247) to work on /home/airflow/.local/lib/python3.8/site-packages/airflow/example_dags/tutorial_taskflow_api.py
[2025-07-11T09:45:22.919+0000] {processor.py:830} INFO - Processing file /home/airflow/.local/lib/python3.8/site-packages/airflow/example_dags/tutorial_taskflow_api.py for tasks to queue
[2025-07-11T09:45:22.922+0000] {logging_mixin.py:188} INFO - [2025-07-11T09:45:22.921+0000] {dagbag.py:538} INFO - Filling up the DagBag from /home/airflow/.local/lib/python3.8/site-packages/airflow/example_dags/tutorial_taskflow_api.py
[2025-07-11T09:45:22.933+0000] {processor.py:840} INFO - DAG(s) 'tutorial_taskflow_api' retrieved from /home/airflow/.local/lib/python3.8/site-packages/airflow/example_dags/tutorial_taskflow_api.py
[2025-07-11T09:45:22.962+0000] {logging_mixin.py:188} INFO - [2025-07-11T09:45:22.961+0000] {dag.py:3036} INFO - Sync 1 DAGs
[2025-07-11T09:45:22.982+0000] {logging_mixin.py:188} INFO - [2025-07-11T09:45:22.981+0000] {dag.py:3823} INFO - Setting next_dagrun for tutorial_taskflow_api to None, run_after=None
[2025-07-11T09:45:23.016+0000] {processor.py:183} INFO - Processing /home/airflow/.local/lib/python3.8/site-packages/airflow/example_dags/tutorial_taskflow_api.py took 0.105 seconds
[2025-07-11T09:45:53.358+0000] {processor.py:161} INFO - Started process (PID=1302) to work on /home/airflow/.local/lib/python3.8/site-packages/airflow/example_dags/tutorial_taskflow_api.py
[2025-07-11T09:45:53.361+0000] {processor.py:830} INFO - Processing file /home/airflow/.local/lib/python3.8/site-packages/airflow/example_dags/tutorial_taskflow_api.py for tasks to queue
[2025-07-11T09:45:53.363+0000] {logging_mixin.py:188} INFO - [2025-07-11T09:45:53.363+0000] {dagbag.py:538} INFO - Filling up the DagBag from /home/airflow/.local/lib/python3.8/site-packages/airflow/example_dags/tutorial_taskflow_api.py
[2025-07-11T09:45:53.374+0000] {processor.py:840} INFO - DAG(s) 'tutorial_taskflow_api' retrieved from /home/airflow/.local/lib/python3.8/site-packages/airflow/example_dags/tutorial_taskflow_api.py
[2025-07-11T09:45:53.403+0000] {logging_mixin.py:188} INFO - [2025-07-11T09:45:53.402+0000] {dag.py:3036} INFO - Sync 1 DAGs
[2025-07-11T09:45:53.422+0000] {logging_mixin.py:188} INFO - [2025-07-11T09:45:53.422+0000] {dag.py:3823} INFO - Setting next_dagrun for tutorial_taskflow_api to None, run_after=None
[2025-07-11T09:45:53.453+0000] {processor.py:183} INFO - Processing /home/airflow/.local/lib/python3.8/site-packages/airflow/example_dags/tutorial_taskflow_api.py took 0.098 seconds
[2025-07-11T09:46:23.788+0000] {processor.py:161} INFO - Started process (PID=1357) to work on /home/airflow/.local/lib/python3.8/site-packages/airflow/example_dags/tutorial_taskflow_api.py
[2025-07-11T09:46:23.790+0000] {processor.py:830} INFO - Processing file /home/airflow/.local/lib/python3.8/site-packages/airflow/example_dags/tutorial_taskflow_api.py for tasks to queue
[2025-07-11T09:46:23.792+0000] {logging_mixin.py:188} INFO - [2025-07-11T09:46:23.792+0000] {dagbag.py:538} INFO - Filling up the DagBag from /home/airflow/.local/lib/python3.8/site-packages/airflow/example_dags/tutorial_taskflow_api.py
[2025-07-11T09:46:23.800+0000] {processor.py:840} INFO - DAG(s) 'tutorial_taskflow_api' retrieved from /home/airflow/.local/lib/python3.8/site-packages/airflow/example_dags/tutorial_taskflow_api.py
[2025-07-11T09:46:23.827+0000] {logging_mixin.py:188} INFO - [2025-07-11T09:46:23.827+0000] {dag.py:3036} INFO - Sync 1 DAGs
[2025-07-11T09:46:23.844+0000] {logging_mixin.py:188} INFO - [2025-07-11T09:46:23.844+0000] {dag.py:3823} INFO - Setting next_dagrun for tutorial_taskflow_api to None, run_after=None
[2025-07-11T09:46:23.876+0000] {processor.py:183} INFO - Processing /home/airflow/.local/lib/python3.8/site-packages/airflow/example_dags/tutorial_taskflow_api.py took 0.091 seconds
[2025-07-11T09:46:54.166+0000] {processor.py:161} INFO - Started process (PID=1412) to work on /home/airflow/.local/lib/python3.8/site-packages/airflow/example_dags/tutorial_taskflow_api.py
[2025-07-11T09:46:54.168+0000] {processor.py:830} INFO - Processing file /home/airflow/.local/lib/python3.8/site-packages/airflow/example_dags/tutorial_taskflow_api.py for tasks to queue
[2025-07-11T09:46:54.170+0000] {logging_mixin.py:188} INFO - [2025-07-11T09:46:54.170+0000] {dagbag.py:538} INFO - Filling up the DagBag from /home/airflow/.local/lib/python3.8/site-packages/airflow/example_dags/tutorial_taskflow_api.py
[2025-07-11T09:46:54.178+0000] {processor.py:840} INFO - DAG(s) 'tutorial_taskflow_api' retrieved from /home/airflow/.local/lib/python3.8/site-packages/airflow/example_dags/tutorial_taskflow_api.py
[2025-07-11T09:46:54.209+0000] {logging_mixin.py:188} INFO - [2025-07-11T09:46:54.208+0000] {dag.py:3036} INFO - Sync 1 DAGs
[2025-07-11T09:46:54.230+0000] {logging_mixin.py:188} INFO - [2025-07-11T09:46:54.230+0000] {dag.py:3823} INFO - Setting next_dagrun for tutorial_taskflow_api to None, run_after=None
[2025-07-11T09:46:54.268+0000] {processor.py:183} INFO - Processing /home/airflow/.local/lib/python3.8/site-packages/airflow/example_dags/tutorial_taskflow_api.py took 0.106 seconds
[2025-07-11T09:47:24.808+0000] {processor.py:161} INFO - Started process (PID=1467) to work on /home/airflow/.local/lib/python3.8/site-packages/airflow/example_dags/tutorial_taskflow_api.py
[2025-07-11T09:47:24.810+0000] {processor.py:830} INFO - Processing file /home/airflow/.local/lib/python3.8/site-packages/airflow/example_dags/tutorial_taskflow_api.py for tasks to queue
[2025-07-11T09:47:24.813+0000] {logging_mixin.py:188} INFO - [2025-07-11T09:47:24.812+0000] {dagbag.py:538} INFO - Filling up the DagBag from /home/airflow/.local/lib/python3.8/site-packages/airflow/example_dags/tutorial_taskflow_api.py
[2025-07-11T09:47:24.823+0000] {processor.py:840} INFO - DAG(s) 'tutorial_taskflow_api' retrieved from /home/airflow/.local/lib/python3.8/site-packages/airflow/example_dags/tutorial_taskflow_api.py
[2025-07-11T09:47:24.856+0000] {logging_mixin.py:188} INFO - [2025-07-11T09:47:24.855+0000] {dag.py:3036} INFO - Sync 1 DAGs
[2025-07-11T09:47:24.879+0000] {logging_mixin.py:188} INFO - [2025-07-11T09:47:24.878+0000] {dag.py:3823} INFO - Setting next_dagrun for tutorial_taskflow_api to None, run_after=None
[2025-07-11T09:47:24.912+0000] {processor.py:183} INFO - Processing /home/airflow/.local/lib/python3.8/site-packages/airflow/example_dags/tutorial_taskflow_api.py took 0.109 seconds
[2025-07-11T09:47:55.589+0000] {processor.py:161} INFO - Started process (PID=1522) to work on /home/airflow/.local/lib/python3.8/site-packages/airflow/example_dags/tutorial_taskflow_api.py
[2025-07-11T09:47:55.590+0000] {processor.py:830} INFO - Processing file /home/airflow/.local/lib/python3.8/site-packages/airflow/example_dags/tutorial_taskflow_api.py for tasks to queue
[2025-07-11T09:47:55.593+0000] {logging_mixin.py:188} INFO - [2025-07-11T09:47:55.593+0000] {dagbag.py:538} INFO - Filling up the DagBag from /home/airflow/.local/lib/python3.8/site-packages/airflow/example_dags/tutorial_taskflow_api.py
[2025-07-11T09:47:55.602+0000] {processor.py:840} INFO - DAG(s) 'tutorial_taskflow_api' retrieved from /home/airflow/.local/lib/python3.8/site-packages/airflow/example_dags/tutorial_taskflow_api.py
[2025-07-11T09:47:55.633+0000] {logging_mixin.py:188} INFO - [2025-07-11T09:47:55.633+0000] {dag.py:3036} INFO - Sync 1 DAGs
[2025-07-11T09:47:55.657+0000] {logging_mixin.py:188} INFO - [2025-07-11T09:47:55.657+0000] {dag.py:3823} INFO - Setting next_dagrun for tutorial_taskflow_api to None, run_after=None
[2025-07-11T09:47:55.689+0000] {processor.py:183} INFO - Processing /home/airflow/.local/lib/python3.8/site-packages/airflow/example_dags/tutorial_taskflow_api.py took 0.104 seconds
[2025-07-11T09:48:25.867+0000] {processor.py:161} INFO - Started process (PID=1576) to work on /home/airflow/.local/lib/python3.8/site-packages/airflow/example_dags/tutorial_taskflow_api.py
[2025-07-11T09:48:25.870+0000] {processor.py:830} INFO - Processing file /home/airflow/.local/lib/python3.8/site-packages/airflow/example_dags/tutorial_taskflow_api.py for tasks to queue
[2025-07-11T09:48:25.874+0000] {logging_mixin.py:188} INFO - [2025-07-11T09:48:25.873+0000] {dagbag.py:538} INFO - Filling up the DagBag from /home/airflow/.local/lib/python3.8/site-packages/airflow/example_dags/tutorial_taskflow_api.py
[2025-07-11T09:48:25.886+0000] {processor.py:840} INFO - DAG(s) 'tutorial_taskflow_api' retrieved from /home/airflow/.local/lib/python3.8/site-packages/airflow/example_dags/tutorial_taskflow_api.py
[2025-07-11T09:48:25.928+0000] {logging_mixin.py:188} INFO - [2025-07-11T09:48:25.927+0000] {dag.py:3036} INFO - Sync 1 DAGs
[2025-07-11T09:48:25.957+0000] {logging_mixin.py:188} INFO - [2025-07-11T09:48:25.956+0000] {dag.py:3823} INFO - Setting next_dagrun for tutorial_taskflow_api to None, run_after=None
[2025-07-11T09:48:26.010+0000] {processor.py:183} INFO - Processing /home/airflow/.local/lib/python3.8/site-packages/airflow/example_dags/tutorial_taskflow_api.py took 0.149 seconds
[2025-07-11T09:48:56.396+0000] {processor.py:161} INFO - Started process (PID=1630) to work on /home/airflow/.local/lib/python3.8/site-packages/airflow/example_dags/tutorial_taskflow_api.py
[2025-07-11T09:48:56.398+0000] {processor.py:830} INFO - Processing file /home/airflow/.local/lib/python3.8/site-packages/airflow/example_dags/tutorial_taskflow_api.py for tasks to queue
[2025-07-11T09:48:56.400+0000] {logging_mixin.py:188} INFO - [2025-07-11T09:48:56.399+0000] {dagbag.py:538} INFO - Filling up the DagBag from /home/airflow/.local/lib/python3.8/site-packages/airflow/example_dags/tutorial_taskflow_api.py
[2025-07-11T09:48:56.410+0000] {processor.py:840} INFO - DAG(s) 'tutorial_taskflow_api' retrieved from /home/airflow/.local/lib/python3.8/site-packages/airflow/example_dags/tutorial_taskflow_api.py
[2025-07-11T09:48:56.437+0000] {logging_mixin.py:188} INFO - [2025-07-11T09:48:56.437+0000] {dag.py:3036} INFO - Sync 1 DAGs
[2025-07-11T09:48:56.456+0000] {logging_mixin.py:188} INFO - [2025-07-11T09:48:56.455+0000] {dag.py:3823} INFO - Setting next_dagrun for tutorial_taskflow_api to None, run_after=None
[2025-07-11T09:48:56.487+0000] {processor.py:183} INFO - Processing /home/airflow/.local/lib/python3.8/site-packages/airflow/example_dags/tutorial_taskflow_api.py took 0.095 seconds
[2025-07-11T09:49:27.006+0000] {processor.py:161} INFO - Started process (PID=1685) to work on /home/airflow/.local/lib/python3.8/site-packages/airflow/example_dags/tutorial_taskflow_api.py
[2025-07-11T09:49:27.008+0000] {processor.py:830} INFO - Processing file /home/airflow/.local/lib/python3.8/site-packages/airflow/example_dags/tutorial_taskflow_api.py for tasks to queue
[2025-07-11T09:49:27.011+0000] {logging_mixin.py:188} INFO - [2025-07-11T09:49:27.010+0000] {dagbag.py:538} INFO - Filling up the DagBag from /home/airflow/.local/lib/python3.8/site-packages/airflow/example_dags/tutorial_taskflow_api.py
[2025-07-11T09:49:27.020+0000] {processor.py:840} INFO - DAG(s) 'tutorial_taskflow_api' retrieved from /home/airflow/.local/lib/python3.8/site-packages/airflow/example_dags/tutorial_taskflow_api.py
[2025-07-11T09:49:27.054+0000] {logging_mixin.py:188} INFO - [2025-07-11T09:49:27.054+0000] {dag.py:3036} INFO - Sync 1 DAGs
[2025-07-11T09:49:27.076+0000] {logging_mixin.py:188} INFO - [2025-07-11T09:49:27.076+0000] {dag.py:3823} INFO - Setting next_dagrun for tutorial_taskflow_api to None, run_after=None
[2025-07-11T09:49:27.113+0000] {processor.py:183} INFO - Processing /home/airflow/.local/lib/python3.8/site-packages/airflow/example_dags/tutorial_taskflow_api.py took 0.112 seconds
[2025-07-11T09:49:57.442+0000] {processor.py:161} INFO - Started process (PID=1740) to work on /home/airflow/.local/lib/python3.8/site-packages/airflow/example_dags/tutorial_taskflow_api.py
[2025-07-11T09:49:57.443+0000] {processor.py:830} INFO - Processing file /home/airflow/.local/lib/python3.8/site-packages/airflow/example_dags/tutorial_taskflow_api.py for tasks to queue
[2025-07-11T09:49:57.446+0000] {logging_mixin.py:188} INFO - [2025-07-11T09:49:57.445+0000] {dagbag.py:538} INFO - Filling up the DagBag from /home/airflow/.local/lib/python3.8/site-packages/airflow/example_dags/tutorial_taskflow_api.py
[2025-07-11T09:49:57.454+0000] {processor.py:840} INFO - DAG(s) 'tutorial_taskflow_api' retrieved from /home/airflow/.local/lib/python3.8/site-packages/airflow/example_dags/tutorial_taskflow_api.py
[2025-07-11T09:49:57.482+0000] {logging_mixin.py:188} INFO - [2025-07-11T09:49:57.482+0000] {dag.py:3036} INFO - Sync 1 DAGs
[2025-07-11T09:49:57.499+0000] {logging_mixin.py:188} INFO - [2025-07-11T09:49:57.499+0000] {dag.py:3823} INFO - Setting next_dagrun for tutorial_taskflow_api to None, run_after=None
[2025-07-11T09:49:57.530+0000] {processor.py:183} INFO - Processing /home/airflow/.local/lib/python3.8/site-packages/airflow/example_dags/tutorial_taskflow_api.py took 0.093 seconds
[2025-07-11T09:50:28.297+0000] {processor.py:161} INFO - Started process (PID=1795) to work on /home/airflow/.local/lib/python3.8/site-packages/airflow/example_dags/tutorial_taskflow_api.py
[2025-07-11T09:50:28.298+0000] {processor.py:830} INFO - Processing file /home/airflow/.local/lib/python3.8/site-packages/airflow/example_dags/tutorial_taskflow_api.py for tasks to queue
[2025-07-11T09:50:28.300+0000] {logging_mixin.py:188} INFO - [2025-07-11T09:50:28.300+0000] {dagbag.py:538} INFO - Filling up the DagBag from /home/airflow/.local/lib/python3.8/site-packages/airflow/example_dags/tutorial_taskflow_api.py
[2025-07-11T09:50:28.308+0000] {processor.py:840} INFO - DAG(s) 'tutorial_taskflow_api' retrieved from /home/airflow/.local/lib/python3.8/site-packages/airflow/example_dags/tutorial_taskflow_api.py
[2025-07-11T09:50:28.335+0000] {logging_mixin.py:188} INFO - [2025-07-11T09:50:28.335+0000] {dag.py:3036} INFO - Sync 1 DAGs
[2025-07-11T09:50:28.352+0000] {logging_mixin.py:188} INFO - [2025-07-11T09:50:28.352+0000] {dag.py:3823} INFO - Setting next_dagrun for tutorial_taskflow_api to None, run_after=None
[2025-07-11T09:50:28.381+0000] {processor.py:183} INFO - Processing /home/airflow/.local/lib/python3.8/site-packages/airflow/example_dags/tutorial_taskflow_api.py took 0.088 seconds
[2025-07-11T09:50:59.222+0000] {processor.py:161} INFO - Started process (PID=1850) to work on /home/airflow/.local/lib/python3.8/site-packages/airflow/example_dags/tutorial_taskflow_api.py
[2025-07-11T09:50:59.224+0000] {processor.py:830} INFO - Processing file /home/airflow/.local/lib/python3.8/site-packages/airflow/example_dags/tutorial_taskflow_api.py for tasks to queue
[2025-07-11T09:50:59.226+0000] {logging_mixin.py:188} INFO - [2025-07-11T09:50:59.226+0000] {dagbag.py:538} INFO - Filling up the DagBag from /home/airflow/.local/lib/python3.8/site-packages/airflow/example_dags/tutorial_taskflow_api.py
[2025-07-11T09:50:59.235+0000] {processor.py:840} INFO - DAG(s) 'tutorial_taskflow_api' retrieved from /home/airflow/.local/lib/python3.8/site-packages/airflow/example_dags/tutorial_taskflow_api.py
[2025-07-11T09:50:59.262+0000] {logging_mixin.py:188} INFO - [2025-07-11T09:50:59.261+0000] {dag.py:3036} INFO - Sync 1 DAGs
[2025-07-11T09:50:59.283+0000] {logging_mixin.py:188} INFO - [2025-07-11T09:50:59.283+0000] {dag.py:3823} INFO - Setting next_dagrun for tutorial_taskflow_api to None, run_after=None
[2025-07-11T09:50:59.315+0000] {processor.py:183} INFO - Processing /home/airflow/.local/lib/python3.8/site-packages/airflow/example_dags/tutorial_taskflow_api.py took 0.098 seconds
[2025-07-11T09:51:29.650+0000] {processor.py:161} INFO - Started process (PID=1905) to work on /home/airflow/.local/lib/python3.8/site-packages/airflow/example_dags/tutorial_taskflow_api.py
[2025-07-11T09:51:29.651+0000] {processor.py:830} INFO - Processing file /home/airflow/.local/lib/python3.8/site-packages/airflow/example_dags/tutorial_taskflow_api.py for tasks to queue
[2025-07-11T09:51:29.654+0000] {logging_mixin.py:188} INFO - [2025-07-11T09:51:29.654+0000] {dagbag.py:538} INFO - Filling up the DagBag from /home/airflow/.local/lib/python3.8/site-packages/airflow/example_dags/tutorial_taskflow_api.py
[2025-07-11T09:51:29.664+0000] {processor.py:840} INFO - DAG(s) 'tutorial_taskflow_api' retrieved from /home/airflow/.local/lib/python3.8/site-packages/airflow/example_dags/tutorial_taskflow_api.py
[2025-07-11T09:51:29.692+0000] {logging_mixin.py:188} INFO - [2025-07-11T09:51:29.692+0000] {dag.py:3036} INFO - Sync 1 DAGs
[2025-07-11T09:51:29.709+0000] {logging_mixin.py:188} INFO - [2025-07-11T09:51:29.709+0000] {dag.py:3823} INFO - Setting next_dagrun for tutorial_taskflow_api to None, run_after=None
[2025-07-11T09:51:29.737+0000] {processor.py:183} INFO - Processing /home/airflow/.local/lib/python3.8/site-packages/airflow/example_dags/tutorial_taskflow_api.py took 0.092 seconds
[2025-07-11T09:52:00.294+0000] {processor.py:161} INFO - Started process (PID=1960) to work on /home/airflow/.local/lib/python3.8/site-packages/airflow/example_dags/tutorial_taskflow_api.py
[2025-07-11T09:52:00.296+0000] {processor.py:830} INFO - Processing file /home/airflow/.local/lib/python3.8/site-packages/airflow/example_dags/tutorial_taskflow_api.py for tasks to queue
[2025-07-11T09:52:00.298+0000] {logging_mixin.py:188} INFO - [2025-07-11T09:52:00.298+0000] {dagbag.py:538} INFO - Filling up the DagBag from /home/airflow/.local/lib/python3.8/site-packages/airflow/example_dags/tutorial_taskflow_api.py
[2025-07-11T09:52:00.307+0000] {processor.py:840} INFO - DAG(s) 'tutorial_taskflow_api' retrieved from /home/airflow/.local/lib/python3.8/site-packages/airflow/example_dags/tutorial_taskflow_api.py
[2025-07-11T09:52:00.334+0000] {logging_mixin.py:188} INFO - [2025-07-11T09:52:00.334+0000] {dag.py:3036} INFO - Sync 1 DAGs
[2025-07-11T09:52:00.352+0000] {logging_mixin.py:188} INFO - [2025-07-11T09:52:00.352+0000] {dag.py:3823} INFO - Setting next_dagrun for tutorial_taskflow_api to None, run_after=None
[2025-07-11T09:52:00.384+0000] {processor.py:183} INFO - Processing /home/airflow/.local/lib/python3.8/site-packages/airflow/example_dags/tutorial_taskflow_api.py took 0.094 seconds
[2025-07-11T09:52:31.099+0000] {processor.py:161} INFO - Started process (PID=2015) to work on /home/airflow/.local/lib/python3.8/site-packages/airflow/example_dags/tutorial_taskflow_api.py
[2025-07-11T09:52:31.101+0000] {processor.py:830} INFO - Processing file /home/airflow/.local/lib/python3.8/site-packages/airflow/example_dags/tutorial_taskflow_api.py for tasks to queue
[2025-07-11T09:52:31.104+0000] {logging_mixin.py:188} INFO - [2025-07-11T09:52:31.103+0000] {dagbag.py:538} INFO - Filling up the DagBag from /home/airflow/.local/lib/python3.8/site-packages/airflow/example_dags/tutorial_taskflow_api.py
[2025-07-11T09:52:31.112+0000] {processor.py:840} INFO - DAG(s) 'tutorial_taskflow_api' retrieved from /home/airflow/.local/lib/python3.8/site-packages/airflow/example_dags/tutorial_taskflow_api.py
[2025-07-11T09:52:31.140+0000] {logging_mixin.py:188} INFO - [2025-07-11T09:52:31.139+0000] {dag.py:3036} INFO - Sync 1 DAGs
[2025-07-11T09:52:31.157+0000] {logging_mixin.py:188} INFO - [2025-07-11T09:52:31.157+0000] {dag.py:3823} INFO - Setting next_dagrun for tutorial_taskflow_api to None, run_after=None
[2025-07-11T09:52:31.188+0000] {processor.py:183} INFO - Processing /home/airflow/.local/lib/python3.8/site-packages/airflow/example_dags/tutorial_taskflow_api.py took 0.094 seconds
[2025-07-11T09:53:01.659+0000] {processor.py:161} INFO - Started process (PID=2070) to work on /home/airflow/.local/lib/python3.8/site-packages/airflow/example_dags/tutorial_taskflow_api.py
[2025-07-11T09:53:01.661+0000] {processor.py:830} INFO - Processing file /home/airflow/.local/lib/python3.8/site-packages/airflow/example_dags/tutorial_taskflow_api.py for tasks to queue
[2025-07-11T09:53:01.663+0000] {logging_mixin.py:188} INFO - [2025-07-11T09:53:01.663+0000] {dagbag.py:538} INFO - Filling up the DagBag from /home/airflow/.local/lib/python3.8/site-packages/airflow/example_dags/tutorial_taskflow_api.py
[2025-07-11T09:53:01.673+0000] {processor.py:840} INFO - DAG(s) 'tutorial_taskflow_api' retrieved from /home/airflow/.local/lib/python3.8/site-packages/airflow/example_dags/tutorial_taskflow_api.py
[2025-07-11T09:53:01.700+0000] {logging_mixin.py:188} INFO - [2025-07-11T09:53:01.700+0000] {dag.py:3036} INFO - Sync 1 DAGs
[2025-07-11T09:53:01.718+0000] {logging_mixin.py:188} INFO - [2025-07-11T09:53:01.718+0000] {dag.py:3823} INFO - Setting next_dagrun for tutorial_taskflow_api to None, run_after=None
[2025-07-11T09:53:01.751+0000] {processor.py:183} INFO - Processing /home/airflow/.local/lib/python3.8/site-packages/airflow/example_dags/tutorial_taskflow_api.py took 0.096 seconds
[2025-07-11T09:53:32.027+0000] {processor.py:161} INFO - Started process (PID=2125) to work on /home/airflow/.local/lib/python3.8/site-packages/airflow/example_dags/tutorial_taskflow_api.py
[2025-07-11T09:53:32.029+0000] {processor.py:830} INFO - Processing file /home/airflow/.local/lib/python3.8/site-packages/airflow/example_dags/tutorial_taskflow_api.py for tasks to queue
[2025-07-11T09:53:32.033+0000] {logging_mixin.py:188} INFO - [2025-07-11T09:53:32.032+0000] {dagbag.py:538} INFO - Filling up the DagBag from /home/airflow/.local/lib/python3.8/site-packages/airflow/example_dags/tutorial_taskflow_api.py
[2025-07-11T09:53:32.044+0000] {processor.py:840} INFO - DAG(s) 'tutorial_taskflow_api' retrieved from /home/airflow/.local/lib/python3.8/site-packages/airflow/example_dags/tutorial_taskflow_api.py
[2025-07-11T09:53:32.075+0000] {logging_mixin.py:188} INFO - [2025-07-11T09:53:32.074+0000] {dag.py:3036} INFO - Sync 1 DAGs
[2025-07-11T09:53:32.101+0000] {logging_mixin.py:188} INFO - [2025-07-11T09:53:32.100+0000] {dag.py:3823} INFO - Setting next_dagrun for tutorial_taskflow_api to None, run_after=None
[2025-07-11T09:53:32.137+0000] {processor.py:183} INFO - Processing /home/airflow/.local/lib/python3.8/site-packages/airflow/example_dags/tutorial_taskflow_api.py took 0.114 seconds
[2025-07-11T09:54:02.831+0000] {processor.py:161} INFO - Started process (PID=2180) to work on /home/airflow/.local/lib/python3.8/site-packages/airflow/example_dags/tutorial_taskflow_api.py
[2025-07-11T09:54:02.834+0000] {processor.py:830} INFO - Processing file /home/airflow/.local/lib/python3.8/site-packages/airflow/example_dags/tutorial_taskflow_api.py for tasks to queue
[2025-07-11T09:54:02.837+0000] {logging_mixin.py:188} INFO - [2025-07-11T09:54:02.836+0000] {dagbag.py:538} INFO - Filling up the DagBag from /home/airflow/.local/lib/python3.8/site-packages/airflow/example_dags/tutorial_taskflow_api.py
[2025-07-11T09:54:02.849+0000] {processor.py:840} INFO - DAG(s) 'tutorial_taskflow_api' retrieved from /home/airflow/.local/lib/python3.8/site-packages/airflow/example_dags/tutorial_taskflow_api.py
[2025-07-11T09:54:02.882+0000] {logging_mixin.py:188} INFO - [2025-07-11T09:54:02.881+0000] {dag.py:3036} INFO - Sync 1 DAGs
[2025-07-11T09:54:02.906+0000] {logging_mixin.py:188} INFO - [2025-07-11T09:54:02.906+0000] {dag.py:3823} INFO - Setting next_dagrun for tutorial_taskflow_api to None, run_after=None
[2025-07-11T09:54:02.945+0000] {processor.py:183} INFO - Processing /home/airflow/.local/lib/python3.8/site-packages/airflow/example_dags/tutorial_taskflow_api.py took 0.120 seconds
[2025-07-11T09:54:33.321+0000] {processor.py:161} INFO - Started process (PID=2235) to work on /home/airflow/.local/lib/python3.8/site-packages/airflow/example_dags/tutorial_taskflow_api.py
[2025-07-11T09:54:33.323+0000] {processor.py:830} INFO - Processing file /home/airflow/.local/lib/python3.8/site-packages/airflow/example_dags/tutorial_taskflow_api.py for tasks to queue
[2025-07-11T09:54:33.326+0000] {logging_mixin.py:188} INFO - [2025-07-11T09:54:33.325+0000] {dagbag.py:538} INFO - Filling up the DagBag from /home/airflow/.local/lib/python3.8/site-packages/airflow/example_dags/tutorial_taskflow_api.py
[2025-07-11T09:54:33.338+0000] {processor.py:840} INFO - DAG(s) 'tutorial_taskflow_api' retrieved from /home/airflow/.local/lib/python3.8/site-packages/airflow/example_dags/tutorial_taskflow_api.py
[2025-07-11T09:54:33.379+0000] {logging_mixin.py:188} INFO - [2025-07-11T09:54:33.379+0000] {dag.py:3036} INFO - Sync 1 DAGs
[2025-07-11T09:54:33.408+0000] {logging_mixin.py:188} INFO - [2025-07-11T09:54:33.407+0000] {dag.py:3823} INFO - Setting next_dagrun for tutorial_taskflow_api to None, run_after=None
[2025-07-11T09:54:33.461+0000] {processor.py:183} INFO - Processing /home/airflow/.local/lib/python3.8/site-packages/airflow/example_dags/tutorial_taskflow_api.py took 0.144 seconds
