[2025-07-11T09:25:00.485+0000] {processor.py:161} INFO - Started process (PID=113) to work on /home/airflow/.local/lib/python3.8/site-packages/airflow/example_dags/tutorial_objectstorage.py
[2025-07-11T09:25:00.486+0000] {processor.py:830} INFO - Processing file /home/airflow/.local/lib/python3.8/site-packages/airflow/example_dags/tutorial_objectstorage.py for tasks to queue
[2025-07-11T09:25:00.489+0000] {logging_mixin.py:188} INFO - [2025-07-11T09:25:00.488+0000] {dagbag.py:538} INFO - Filling up the DagBag from /home/airflow/.local/lib/python3.8/site-packages/airflow/example_dags/tutorial_objectstorage.py
[2025-07-11T09:25:00.501+0000] {processor.py:840} INFO - DAG(s) 'tutorial_objectstorage' retrieved from /home/airflow/.local/lib/python3.8/site-packages/airflow/example_dags/tutorial_objectstorage.py
[2025-07-11T09:25:00.656+0000] {logging_mixin.py:188} INFO - [2025-07-11T09:25:00.655+0000] {override.py:1769} INFO - Created Permission View: can edit on DAG:tutorial_objectstorage
[2025-07-11T09:25:00.675+0000] {logging_mixin.py:188} INFO - [2025-07-11T09:25:00.674+0000] {override.py:1769} INFO - Created Permission View: can delete on DAG:tutorial_objectstorage
[2025-07-11T09:25:00.690+0000] {logging_mixin.py:188} INFO - [2025-07-11T09:25:00.690+0000] {override.py:1769} INFO - Created Permission View: can read on DAG:tutorial_objectstorage
[2025-07-11T09:25:00.691+0000] {logging_mixin.py:188} INFO - [2025-07-11T09:25:00.691+0000] {dag.py:3036} INFO - Sync 1 DAGs
[2025-07-11T09:25:00.707+0000] {logging_mixin.py:188} INFO - [2025-07-11T09:25:00.707+0000] {dag.py:3058} INFO - Creating ORM DAG for tutorial_objectstorage
[2025-07-11T09:25:00.708+0000] {logging_mixin.py:188} INFO - [2025-07-11T09:25:00.708+0000] {dag.py:3823} INFO - Setting next_dagrun for tutorial_objectstorage to None, run_after=None
[2025-07-11T09:25:00.745+0000] {processor.py:183} INFO - Processing /home/airflow/.local/lib/python3.8/site-packages/airflow/example_dags/tutorial_objectstorage.py took 0.264 seconds
[2025-07-11T09:25:31.395+0000] {processor.py:161} INFO - Started process (PID=168) to work on /home/airflow/.local/lib/python3.8/site-packages/airflow/example_dags/tutorial_objectstorage.py
[2025-07-11T09:25:31.398+0000] {processor.py:830} INFO - Processing file /home/airflow/.local/lib/python3.8/site-packages/airflow/example_dags/tutorial_objectstorage.py for tasks to queue
[2025-07-11T09:25:31.400+0000] {logging_mixin.py:188} INFO - [2025-07-11T09:25:31.400+0000] {dagbag.py:538} INFO - Filling up the DagBag from /home/airflow/.local/lib/python3.8/site-packages/airflow/example_dags/tutorial_objectstorage.py
[2025-07-11T09:25:31.409+0000] {processor.py:840} INFO - DAG(s) 'tutorial_objectstorage' retrieved from /home/airflow/.local/lib/python3.8/site-packages/airflow/example_dags/tutorial_objectstorage.py
[2025-07-11T09:25:31.437+0000] {logging_mixin.py:188} INFO - [2025-07-11T09:25:31.437+0000] {dag.py:3036} INFO - Sync 1 DAGs
[2025-07-11T09:25:31.454+0000] {logging_mixin.py:188} INFO - [2025-07-11T09:25:31.454+0000] {dag.py:3823} INFO - Setting next_dagrun for tutorial_objectstorage to None, run_after=None
[2025-07-11T09:25:31.483+0000] {processor.py:183} INFO - Processing /home/airflow/.local/lib/python3.8/site-packages/airflow/example_dags/tutorial_objectstorage.py took 0.092 seconds
[2025-07-11T09:26:01.692+0000] {processor.py:161} INFO - Started process (PID=223) to work on /home/airflow/.local/lib/python3.8/site-packages/airflow/example_dags/tutorial_objectstorage.py
[2025-07-11T09:26:01.694+0000] {processor.py:830} INFO - Processing file /home/airflow/.local/lib/python3.8/site-packages/airflow/example_dags/tutorial_objectstorage.py for tasks to queue
[2025-07-11T09:26:01.696+0000] {logging_mixin.py:188} INFO - [2025-07-11T09:26:01.696+0000] {dagbag.py:538} INFO - Filling up the DagBag from /home/airflow/.local/lib/python3.8/site-packages/airflow/example_dags/tutorial_objectstorage.py
[2025-07-11T09:26:01.705+0000] {processor.py:840} INFO - DAG(s) 'tutorial_objectstorage' retrieved from /home/airflow/.local/lib/python3.8/site-packages/airflow/example_dags/tutorial_objectstorage.py
[2025-07-11T09:26:01.735+0000] {logging_mixin.py:188} INFO - [2025-07-11T09:26:01.734+0000] {dag.py:3036} INFO - Sync 1 DAGs
[2025-07-11T09:26:01.752+0000] {logging_mixin.py:188} INFO - [2025-07-11T09:26:01.752+0000] {dag.py:3823} INFO - Setting next_dagrun for tutorial_objectstorage to None, run_after=None
[2025-07-11T09:26:01.786+0000] {processor.py:183} INFO - Processing /home/airflow/.local/lib/python3.8/site-packages/airflow/example_dags/tutorial_objectstorage.py took 0.098 seconds
[2025-07-11T09:26:32.133+0000] {processor.py:161} INFO - Started process (PID=278) to work on /home/airflow/.local/lib/python3.8/site-packages/airflow/example_dags/tutorial_objectstorage.py
[2025-07-11T09:26:32.134+0000] {processor.py:830} INFO - Processing file /home/airflow/.local/lib/python3.8/site-packages/airflow/example_dags/tutorial_objectstorage.py for tasks to queue
[2025-07-11T09:26:32.137+0000] {logging_mixin.py:188} INFO - [2025-07-11T09:26:32.136+0000] {dagbag.py:538} INFO - Filling up the DagBag from /home/airflow/.local/lib/python3.8/site-packages/airflow/example_dags/tutorial_objectstorage.py
[2025-07-11T09:26:32.147+0000] {processor.py:840} INFO - DAG(s) 'tutorial_objectstorage' retrieved from /home/airflow/.local/lib/python3.8/site-packages/airflow/example_dags/tutorial_objectstorage.py
[2025-07-11T09:26:32.178+0000] {logging_mixin.py:188} INFO - [2025-07-11T09:26:32.177+0000] {dag.py:3036} INFO - Sync 1 DAGs
[2025-07-11T09:26:32.201+0000] {logging_mixin.py:188} INFO - [2025-07-11T09:26:32.200+0000] {dag.py:3823} INFO - Setting next_dagrun for tutorial_objectstorage to None, run_after=None
[2025-07-11T09:26:32.241+0000] {processor.py:183} INFO - Processing /home/airflow/.local/lib/python3.8/site-packages/airflow/example_dags/tutorial_objectstorage.py took 0.114 seconds
[2025-07-11T09:27:02.521+0000] {processor.py:161} INFO - Started process (PID=333) to work on /home/airflow/.local/lib/python3.8/site-packages/airflow/example_dags/tutorial_objectstorage.py
[2025-07-11T09:27:02.522+0000] {processor.py:830} INFO - Processing file /home/airflow/.local/lib/python3.8/site-packages/airflow/example_dags/tutorial_objectstorage.py for tasks to queue
[2025-07-11T09:27:02.525+0000] {logging_mixin.py:188} INFO - [2025-07-11T09:27:02.524+0000] {dagbag.py:538} INFO - Filling up the DagBag from /home/airflow/.local/lib/python3.8/site-packages/airflow/example_dags/tutorial_objectstorage.py
[2025-07-11T09:27:02.534+0000] {processor.py:840} INFO - DAG(s) 'tutorial_objectstorage' retrieved from /home/airflow/.local/lib/python3.8/site-packages/airflow/example_dags/tutorial_objectstorage.py
[2025-07-11T09:27:02.563+0000] {logging_mixin.py:188} INFO - [2025-07-11T09:27:02.562+0000] {dag.py:3036} INFO - Sync 1 DAGs
[2025-07-11T09:27:02.581+0000] {logging_mixin.py:188} INFO - [2025-07-11T09:27:02.580+0000] {dag.py:3823} INFO - Setting next_dagrun for tutorial_objectstorage to None, run_after=None
[2025-07-11T09:27:02.619+0000] {processor.py:183} INFO - Processing /home/airflow/.local/lib/python3.8/site-packages/airflow/example_dags/tutorial_objectstorage.py took 0.103 seconds
[2025-07-11T09:28:27.650+0000] {processor.py:161} INFO - Started process (PID=114) to work on /home/airflow/.local/lib/python3.8/site-packages/airflow/example_dags/tutorial_objectstorage.py
[2025-07-11T09:28:27.651+0000] {processor.py:830} INFO - Processing file /home/airflow/.local/lib/python3.8/site-packages/airflow/example_dags/tutorial_objectstorage.py for tasks to queue
[2025-07-11T09:28:27.653+0000] {logging_mixin.py:188} INFO - [2025-07-11T09:28:27.653+0000] {dagbag.py:538} INFO - Filling up the DagBag from /home/airflow/.local/lib/python3.8/site-packages/airflow/example_dags/tutorial_objectstorage.py
[2025-07-11T09:28:27.665+0000] {processor.py:840} INFO - DAG(s) 'tutorial_objectstorage' retrieved from /home/airflow/.local/lib/python3.8/site-packages/airflow/example_dags/tutorial_objectstorage.py
[2025-07-11T09:28:27.816+0000] {logging_mixin.py:188} INFO - [2025-07-11T09:28:27.815+0000] {override.py:1769} INFO - Created Permission View: can read on DAG:tutorial_objectstorage
[2025-07-11T09:28:27.837+0000] {logging_mixin.py:188} INFO - [2025-07-11T09:28:27.836+0000] {override.py:1769} INFO - Created Permission View: can delete on DAG:tutorial_objectstorage
[2025-07-11T09:28:27.852+0000] {logging_mixin.py:188} INFO - [2025-07-11T09:28:27.851+0000] {override.py:1769} INFO - Created Permission View: can edit on DAG:tutorial_objectstorage
[2025-07-11T09:28:27.852+0000] {logging_mixin.py:188} INFO - [2025-07-11T09:28:27.852+0000] {dag.py:3036} INFO - Sync 1 DAGs
[2025-07-11T09:28:27.873+0000] {logging_mixin.py:188} INFO - [2025-07-11T09:28:27.872+0000] {dag.py:3058} INFO - Creating ORM DAG for tutorial_objectstorage
[2025-07-11T09:28:27.874+0000] {logging_mixin.py:188} INFO - [2025-07-11T09:28:27.874+0000] {dag.py:3823} INFO - Setting next_dagrun for tutorial_objectstorage to None, run_after=None
[2025-07-11T09:28:27.913+0000] {processor.py:183} INFO - Processing /home/airflow/.local/lib/python3.8/site-packages/airflow/example_dags/tutorial_objectstorage.py took 0.268 seconds
[2025-07-11T09:28:58.173+0000] {processor.py:161} INFO - Started process (PID=169) to work on /home/airflow/.local/lib/python3.8/site-packages/airflow/example_dags/tutorial_objectstorage.py
[2025-07-11T09:28:58.174+0000] {processor.py:830} INFO - Processing file /home/airflow/.local/lib/python3.8/site-packages/airflow/example_dags/tutorial_objectstorage.py for tasks to queue
[2025-07-11T09:28:58.177+0000] {logging_mixin.py:188} INFO - [2025-07-11T09:28:58.176+0000] {dagbag.py:538} INFO - Filling up the DagBag from /home/airflow/.local/lib/python3.8/site-packages/airflow/example_dags/tutorial_objectstorage.py
[2025-07-11T09:28:58.186+0000] {processor.py:840} INFO - DAG(s) 'tutorial_objectstorage' retrieved from /home/airflow/.local/lib/python3.8/site-packages/airflow/example_dags/tutorial_objectstorage.py
[2025-07-11T09:28:58.218+0000] {logging_mixin.py:188} INFO - [2025-07-11T09:28:58.217+0000] {dag.py:3036} INFO - Sync 1 DAGs
[2025-07-11T09:28:58.235+0000] {logging_mixin.py:188} INFO - [2025-07-11T09:28:58.235+0000] {dag.py:3823} INFO - Setting next_dagrun for tutorial_objectstorage to None, run_after=None
[2025-07-11T09:28:58.265+0000] {processor.py:183} INFO - Processing /home/airflow/.local/lib/python3.8/site-packages/airflow/example_dags/tutorial_objectstorage.py took 0.098 seconds
[2025-07-11T09:29:28.547+0000] {processor.py:161} INFO - Started process (PID=224) to work on /home/airflow/.local/lib/python3.8/site-packages/airflow/example_dags/tutorial_objectstorage.py
[2025-07-11T09:29:28.548+0000] {processor.py:830} INFO - Processing file /home/airflow/.local/lib/python3.8/site-packages/airflow/example_dags/tutorial_objectstorage.py for tasks to queue
[2025-07-11T09:29:28.551+0000] {logging_mixin.py:188} INFO - [2025-07-11T09:29:28.550+0000] {dagbag.py:538} INFO - Filling up the DagBag from /home/airflow/.local/lib/python3.8/site-packages/airflow/example_dags/tutorial_objectstorage.py
[2025-07-11T09:29:28.560+0000] {processor.py:840} INFO - DAG(s) 'tutorial_objectstorage' retrieved from /home/airflow/.local/lib/python3.8/site-packages/airflow/example_dags/tutorial_objectstorage.py
[2025-07-11T09:29:28.585+0000] {logging_mixin.py:188} INFO - [2025-07-11T09:29:28.584+0000] {dag.py:3036} INFO - Sync 1 DAGs
[2025-07-11T09:29:28.602+0000] {logging_mixin.py:188} INFO - [2025-07-11T09:29:28.601+0000] {dag.py:3823} INFO - Setting next_dagrun for tutorial_objectstorage to None, run_after=None
[2025-07-11T09:29:28.631+0000] {processor.py:183} INFO - Processing /home/airflow/.local/lib/python3.8/site-packages/airflow/example_dags/tutorial_objectstorage.py took 0.089 seconds
[2025-07-11T09:29:58.709+0000] {processor.py:161} INFO - Started process (PID=279) to work on /home/airflow/.local/lib/python3.8/site-packages/airflow/example_dags/tutorial_objectstorage.py
[2025-07-11T09:29:58.710+0000] {processor.py:830} INFO - Processing file /home/airflow/.local/lib/python3.8/site-packages/airflow/example_dags/tutorial_objectstorage.py for tasks to queue
[2025-07-11T09:29:58.713+0000] {logging_mixin.py:188} INFO - [2025-07-11T09:29:58.713+0000] {dagbag.py:538} INFO - Filling up the DagBag from /home/airflow/.local/lib/python3.8/site-packages/airflow/example_dags/tutorial_objectstorage.py
[2025-07-11T09:29:58.723+0000] {processor.py:840} INFO - DAG(s) 'tutorial_objectstorage' retrieved from /home/airflow/.local/lib/python3.8/site-packages/airflow/example_dags/tutorial_objectstorage.py
[2025-07-11T09:29:58.749+0000] {logging_mixin.py:188} INFO - [2025-07-11T09:29:58.748+0000] {dag.py:3036} INFO - Sync 1 DAGs
[2025-07-11T09:29:58.765+0000] {logging_mixin.py:188} INFO - [2025-07-11T09:29:58.764+0000] {dag.py:3823} INFO - Setting next_dagrun for tutorial_objectstorage to None, run_after=None
[2025-07-11T09:29:58.793+0000] {processor.py:183} INFO - Processing /home/airflow/.local/lib/python3.8/site-packages/airflow/example_dags/tutorial_objectstorage.py took 0.089 seconds
[2025-07-11T09:30:29.614+0000] {processor.py:161} INFO - Started process (PID=334) to work on /home/airflow/.local/lib/python3.8/site-packages/airflow/example_dags/tutorial_objectstorage.py
[2025-07-11T09:30:29.620+0000] {processor.py:830} INFO - Processing file /home/airflow/.local/lib/python3.8/site-packages/airflow/example_dags/tutorial_objectstorage.py for tasks to queue
[2025-07-11T09:30:29.623+0000] {logging_mixin.py:188} INFO - [2025-07-11T09:30:29.623+0000] {dagbag.py:538} INFO - Filling up the DagBag from /home/airflow/.local/lib/python3.8/site-packages/airflow/example_dags/tutorial_objectstorage.py
[2025-07-11T09:30:29.634+0000] {processor.py:840} INFO - DAG(s) 'tutorial_objectstorage' retrieved from /home/airflow/.local/lib/python3.8/site-packages/airflow/example_dags/tutorial_objectstorage.py
[2025-07-11T09:30:29.662+0000] {logging_mixin.py:188} INFO - [2025-07-11T09:30:29.661+0000] {dag.py:3036} INFO - Sync 1 DAGs
[2025-07-11T09:30:29.679+0000] {logging_mixin.py:188} INFO - [2025-07-11T09:30:29.679+0000] {dag.py:3823} INFO - Setting next_dagrun for tutorial_objectstorage to None, run_after=None
[2025-07-11T09:30:29.710+0000] {processor.py:183} INFO - Processing /home/airflow/.local/lib/python3.8/site-packages/airflow/example_dags/tutorial_objectstorage.py took 0.102 seconds
[2025-07-11T09:31:00.217+0000] {processor.py:161} INFO - Started process (PID=389) to work on /home/airflow/.local/lib/python3.8/site-packages/airflow/example_dags/tutorial_objectstorage.py
[2025-07-11T09:31:00.221+0000] {processor.py:830} INFO - Processing file /home/airflow/.local/lib/python3.8/site-packages/airflow/example_dags/tutorial_objectstorage.py for tasks to queue
[2025-07-11T09:31:00.224+0000] {logging_mixin.py:188} INFO - [2025-07-11T09:31:00.223+0000] {dagbag.py:538} INFO - Filling up the DagBag from /home/airflow/.local/lib/python3.8/site-packages/airflow/example_dags/tutorial_objectstorage.py
[2025-07-11T09:31:00.232+0000] {processor.py:840} INFO - DAG(s) 'tutorial_objectstorage' retrieved from /home/airflow/.local/lib/python3.8/site-packages/airflow/example_dags/tutorial_objectstorage.py
[2025-07-11T09:31:00.259+0000] {logging_mixin.py:188} INFO - [2025-07-11T09:31:00.258+0000] {dag.py:3036} INFO - Sync 1 DAGs
[2025-07-11T09:31:00.278+0000] {logging_mixin.py:188} INFO - [2025-07-11T09:31:00.277+0000] {dag.py:3823} INFO - Setting next_dagrun for tutorial_objectstorage to None, run_after=None
[2025-07-11T09:31:00.313+0000] {processor.py:183} INFO - Processing /home/airflow/.local/lib/python3.8/site-packages/airflow/example_dags/tutorial_objectstorage.py took 0.100 seconds
[2025-07-11T09:31:30.514+0000] {processor.py:161} INFO - Started process (PID=444) to work on /home/airflow/.local/lib/python3.8/site-packages/airflow/example_dags/tutorial_objectstorage.py
[2025-07-11T09:31:30.516+0000] {processor.py:830} INFO - Processing file /home/airflow/.local/lib/python3.8/site-packages/airflow/example_dags/tutorial_objectstorage.py for tasks to queue
[2025-07-11T09:31:30.519+0000] {logging_mixin.py:188} INFO - [2025-07-11T09:31:30.518+0000] {dagbag.py:538} INFO - Filling up the DagBag from /home/airflow/.local/lib/python3.8/site-packages/airflow/example_dags/tutorial_objectstorage.py
[2025-07-11T09:31:30.527+0000] {processor.py:840} INFO - DAG(s) 'tutorial_objectstorage' retrieved from /home/airflow/.local/lib/python3.8/site-packages/airflow/example_dags/tutorial_objectstorage.py
[2025-07-11T09:31:30.557+0000] {logging_mixin.py:188} INFO - [2025-07-11T09:31:30.556+0000] {dag.py:3036} INFO - Sync 1 DAGs
[2025-07-11T09:31:30.573+0000] {logging_mixin.py:188} INFO - [2025-07-11T09:31:30.573+0000] {dag.py:3823} INFO - Setting next_dagrun for tutorial_objectstorage to None, run_after=None
[2025-07-11T09:31:30.602+0000] {processor.py:183} INFO - Processing /home/airflow/.local/lib/python3.8/site-packages/airflow/example_dags/tutorial_objectstorage.py took 0.092 seconds
[2025-07-11T09:32:00.757+0000] {processor.py:161} INFO - Started process (PID=499) to work on /home/airflow/.local/lib/python3.8/site-packages/airflow/example_dags/tutorial_objectstorage.py
[2025-07-11T09:32:00.759+0000] {processor.py:830} INFO - Processing file /home/airflow/.local/lib/python3.8/site-packages/airflow/example_dags/tutorial_objectstorage.py for tasks to queue
[2025-07-11T09:32:00.762+0000] {logging_mixin.py:188} INFO - [2025-07-11T09:32:00.761+0000] {dagbag.py:538} INFO - Filling up the DagBag from /home/airflow/.local/lib/python3.8/site-packages/airflow/example_dags/tutorial_objectstorage.py
[2025-07-11T09:32:00.770+0000] {processor.py:840} INFO - DAG(s) 'tutorial_objectstorage' retrieved from /home/airflow/.local/lib/python3.8/site-packages/airflow/example_dags/tutorial_objectstorage.py
[2025-07-11T09:32:00.796+0000] {logging_mixin.py:188} INFO - [2025-07-11T09:32:00.796+0000] {dag.py:3036} INFO - Sync 1 DAGs
[2025-07-11T09:32:00.813+0000] {logging_mixin.py:188} INFO - [2025-07-11T09:32:00.813+0000] {dag.py:3823} INFO - Setting next_dagrun for tutorial_objectstorage to None, run_after=None
[2025-07-11T09:32:00.842+0000] {processor.py:183} INFO - Processing /home/airflow/.local/lib/python3.8/site-packages/airflow/example_dags/tutorial_objectstorage.py took 0.088 seconds
[2025-07-11T09:32:31.237+0000] {processor.py:161} INFO - Started process (PID=554) to work on /home/airflow/.local/lib/python3.8/site-packages/airflow/example_dags/tutorial_objectstorage.py
[2025-07-11T09:32:31.240+0000] {processor.py:830} INFO - Processing file /home/airflow/.local/lib/python3.8/site-packages/airflow/example_dags/tutorial_objectstorage.py for tasks to queue
[2025-07-11T09:32:31.242+0000] {logging_mixin.py:188} INFO - [2025-07-11T09:32:31.242+0000] {dagbag.py:538} INFO - Filling up the DagBag from /home/airflow/.local/lib/python3.8/site-packages/airflow/example_dags/tutorial_objectstorage.py
[2025-07-11T09:32:31.251+0000] {processor.py:840} INFO - DAG(s) 'tutorial_objectstorage' retrieved from /home/airflow/.local/lib/python3.8/site-packages/airflow/example_dags/tutorial_objectstorage.py
[2025-07-11T09:32:31.278+0000] {logging_mixin.py:188} INFO - [2025-07-11T09:32:31.278+0000] {dag.py:3036} INFO - Sync 1 DAGs
[2025-07-11T09:32:31.304+0000] {logging_mixin.py:188} INFO - [2025-07-11T09:32:31.303+0000] {dag.py:3823} INFO - Setting next_dagrun for tutorial_objectstorage to None, run_after=None
[2025-07-11T09:32:31.348+0000] {processor.py:183} INFO - Processing /home/airflow/.local/lib/python3.8/site-packages/airflow/example_dags/tutorial_objectstorage.py took 0.116 seconds
[2025-07-11T09:33:01.704+0000] {processor.py:161} INFO - Started process (PID=609) to work on /home/airflow/.local/lib/python3.8/site-packages/airflow/example_dags/tutorial_objectstorage.py
[2025-07-11T09:33:01.706+0000] {processor.py:830} INFO - Processing file /home/airflow/.local/lib/python3.8/site-packages/airflow/example_dags/tutorial_objectstorage.py for tasks to queue
[2025-07-11T09:33:01.710+0000] {logging_mixin.py:188} INFO - [2025-07-11T09:33:01.709+0000] {dagbag.py:538} INFO - Filling up the DagBag from /home/airflow/.local/lib/python3.8/site-packages/airflow/example_dags/tutorial_objectstorage.py
[2025-07-11T09:33:01.721+0000] {processor.py:840} INFO - DAG(s) 'tutorial_objectstorage' retrieved from /home/airflow/.local/lib/python3.8/site-packages/airflow/example_dags/tutorial_objectstorage.py
[2025-07-11T09:33:01.754+0000] {logging_mixin.py:188} INFO - [2025-07-11T09:33:01.754+0000] {dag.py:3036} INFO - Sync 1 DAGs
[2025-07-11T09:33:01.780+0000] {logging_mixin.py:188} INFO - [2025-07-11T09:33:01.779+0000] {dag.py:3823} INFO - Setting next_dagrun for tutorial_objectstorage to None, run_after=None
[2025-07-11T09:33:01.823+0000] {processor.py:183} INFO - Processing /home/airflow/.local/lib/python3.8/site-packages/airflow/example_dags/tutorial_objectstorage.py took 0.125 seconds
[2025-07-11T09:33:32.048+0000] {processor.py:161} INFO - Started process (PID=664) to work on /home/airflow/.local/lib/python3.8/site-packages/airflow/example_dags/tutorial_objectstorage.py
[2025-07-11T09:33:32.050+0000] {processor.py:830} INFO - Processing file /home/airflow/.local/lib/python3.8/site-packages/airflow/example_dags/tutorial_objectstorage.py for tasks to queue
[2025-07-11T09:33:32.052+0000] {logging_mixin.py:188} INFO - [2025-07-11T09:33:32.052+0000] {dagbag.py:538} INFO - Filling up the DagBag from /home/airflow/.local/lib/python3.8/site-packages/airflow/example_dags/tutorial_objectstorage.py
[2025-07-11T09:33:32.063+0000] {processor.py:840} INFO - DAG(s) 'tutorial_objectstorage' retrieved from /home/airflow/.local/lib/python3.8/site-packages/airflow/example_dags/tutorial_objectstorage.py
[2025-07-11T09:33:32.100+0000] {logging_mixin.py:188} INFO - [2025-07-11T09:33:32.099+0000] {dag.py:3036} INFO - Sync 1 DAGs
[2025-07-11T09:33:32.120+0000] {logging_mixin.py:188} INFO - [2025-07-11T09:33:32.120+0000] {dag.py:3823} INFO - Setting next_dagrun for tutorial_objectstorage to None, run_after=None
[2025-07-11T09:33:32.158+0000] {processor.py:183} INFO - Processing /home/airflow/.local/lib/python3.8/site-packages/airflow/example_dags/tutorial_objectstorage.py took 0.116 seconds
[2025-07-11T09:34:49.679+0000] {processor.py:161} INFO - Started process (PID=115) to work on /home/airflow/.local/lib/python3.8/site-packages/airflow/example_dags/tutorial_objectstorage.py
[2025-07-11T09:34:49.680+0000] {processor.py:830} INFO - Processing file /home/airflow/.local/lib/python3.8/site-packages/airflow/example_dags/tutorial_objectstorage.py for tasks to queue
[2025-07-11T09:34:49.683+0000] {logging_mixin.py:188} INFO - [2025-07-11T09:34:49.682+0000] {dagbag.py:538} INFO - Filling up the DagBag from /home/airflow/.local/lib/python3.8/site-packages/airflow/example_dags/tutorial_objectstorage.py
[2025-07-11T09:34:49.692+0000] {processor.py:840} INFO - DAG(s) 'tutorial_objectstorage' retrieved from /home/airflow/.local/lib/python3.8/site-packages/airflow/example_dags/tutorial_objectstorage.py
[2025-07-11T09:34:49.837+0000] {logging_mixin.py:188} INFO - [2025-07-11T09:34:49.836+0000] {override.py:1769} INFO - Created Permission View: can edit on DAG:tutorial_objectstorage
[2025-07-11T09:34:49.856+0000] {logging_mixin.py:188} INFO - [2025-07-11T09:34:49.855+0000] {override.py:1769} INFO - Created Permission View: can delete on DAG:tutorial_objectstorage
[2025-07-11T09:34:49.870+0000] {logging_mixin.py:188} INFO - [2025-07-11T09:34:49.869+0000] {override.py:1769} INFO - Created Permission View: can read on DAG:tutorial_objectstorage
[2025-07-11T09:34:49.870+0000] {logging_mixin.py:188} INFO - [2025-07-11T09:34:49.870+0000] {dag.py:3036} INFO - Sync 1 DAGs
[2025-07-11T09:34:49.887+0000] {logging_mixin.py:188} INFO - [2025-07-11T09:34:49.886+0000] {dag.py:3058} INFO - Creating ORM DAG for tutorial_objectstorage
[2025-07-11T09:34:49.888+0000] {logging_mixin.py:188} INFO - [2025-07-11T09:34:49.888+0000] {dag.py:3823} INFO - Setting next_dagrun for tutorial_objectstorage to None, run_after=None
[2025-07-11T09:34:49.924+0000] {processor.py:183} INFO - Processing /home/airflow/.local/lib/python3.8/site-packages/airflow/example_dags/tutorial_objectstorage.py took 0.250 seconds
[2025-07-11T09:35:20.175+0000] {processor.py:161} INFO - Started process (PID=170) to work on /home/airflow/.local/lib/python3.8/site-packages/airflow/example_dags/tutorial_objectstorage.py
[2025-07-11T09:35:20.177+0000] {processor.py:830} INFO - Processing file /home/airflow/.local/lib/python3.8/site-packages/airflow/example_dags/tutorial_objectstorage.py for tasks to queue
[2025-07-11T09:35:20.181+0000] {logging_mixin.py:188} INFO - [2025-07-11T09:35:20.180+0000] {dagbag.py:538} INFO - Filling up the DagBag from /home/airflow/.local/lib/python3.8/site-packages/airflow/example_dags/tutorial_objectstorage.py
[2025-07-11T09:35:20.200+0000] {processor.py:840} INFO - DAG(s) 'tutorial_objectstorage' retrieved from /home/airflow/.local/lib/python3.8/site-packages/airflow/example_dags/tutorial_objectstorage.py
[2025-07-11T09:35:20.232+0000] {logging_mixin.py:188} INFO - [2025-07-11T09:35:20.232+0000] {dag.py:3036} INFO - Sync 1 DAGs
[2025-07-11T09:35:20.254+0000] {logging_mixin.py:188} INFO - [2025-07-11T09:35:20.254+0000] {dag.py:3823} INFO - Setting next_dagrun for tutorial_objectstorage to None, run_after=None
[2025-07-11T09:35:20.284+0000] {processor.py:183} INFO - Processing /home/airflow/.local/lib/python3.8/site-packages/airflow/example_dags/tutorial_objectstorage.py took 0.121 seconds
[2025-07-11T09:35:50.394+0000] {processor.py:161} INFO - Started process (PID=225) to work on /home/airflow/.local/lib/python3.8/site-packages/airflow/example_dags/tutorial_objectstorage.py
[2025-07-11T09:35:50.395+0000] {processor.py:830} INFO - Processing file /home/airflow/.local/lib/python3.8/site-packages/airflow/example_dags/tutorial_objectstorage.py for tasks to queue
[2025-07-11T09:35:50.397+0000] {logging_mixin.py:188} INFO - [2025-07-11T09:35:50.397+0000] {dagbag.py:538} INFO - Filling up the DagBag from /home/airflow/.local/lib/python3.8/site-packages/airflow/example_dags/tutorial_objectstorage.py
[2025-07-11T09:35:50.409+0000] {processor.py:840} INFO - DAG(s) 'tutorial_objectstorage' retrieved from /home/airflow/.local/lib/python3.8/site-packages/airflow/example_dags/tutorial_objectstorage.py
[2025-07-11T09:35:50.438+0000] {logging_mixin.py:188} INFO - [2025-07-11T09:35:50.437+0000] {dag.py:3036} INFO - Sync 1 DAGs
[2025-07-11T09:35:50.457+0000] {logging_mixin.py:188} INFO - [2025-07-11T09:35:50.456+0000] {dag.py:3823} INFO - Setting next_dagrun for tutorial_objectstorage to None, run_after=None
[2025-07-11T09:35:50.489+0000] {processor.py:183} INFO - Processing /home/airflow/.local/lib/python3.8/site-packages/airflow/example_dags/tutorial_objectstorage.py took 0.100 seconds
[2025-07-11T09:36:20.671+0000] {processor.py:161} INFO - Started process (PID=280) to work on /home/airflow/.local/lib/python3.8/site-packages/airflow/example_dags/tutorial_objectstorage.py
[2025-07-11T09:36:20.673+0000] {processor.py:830} INFO - Processing file /home/airflow/.local/lib/python3.8/site-packages/airflow/example_dags/tutorial_objectstorage.py for tasks to queue
[2025-07-11T09:36:20.676+0000] {logging_mixin.py:188} INFO - [2025-07-11T09:36:20.675+0000] {dagbag.py:538} INFO - Filling up the DagBag from /home/airflow/.local/lib/python3.8/site-packages/airflow/example_dags/tutorial_objectstorage.py
[2025-07-11T09:36:20.684+0000] {processor.py:840} INFO - DAG(s) 'tutorial_objectstorage' retrieved from /home/airflow/.local/lib/python3.8/site-packages/airflow/example_dags/tutorial_objectstorage.py
[2025-07-11T09:36:20.710+0000] {logging_mixin.py:188} INFO - [2025-07-11T09:36:20.710+0000] {dag.py:3036} INFO - Sync 1 DAGs
[2025-07-11T09:36:20.729+0000] {logging_mixin.py:188} INFO - [2025-07-11T09:36:20.728+0000] {dag.py:3823} INFO - Setting next_dagrun for tutorial_objectstorage to None, run_after=None
[2025-07-11T09:36:20.758+0000] {processor.py:183} INFO - Processing /home/airflow/.local/lib/python3.8/site-packages/airflow/example_dags/tutorial_objectstorage.py took 0.092 seconds
[2025-07-11T09:36:50.991+0000] {processor.py:161} INFO - Started process (PID=335) to work on /home/airflow/.local/lib/python3.8/site-packages/airflow/example_dags/tutorial_objectstorage.py
[2025-07-11T09:36:50.993+0000] {processor.py:830} INFO - Processing file /home/airflow/.local/lib/python3.8/site-packages/airflow/example_dags/tutorial_objectstorage.py for tasks to queue
[2025-07-11T09:36:50.995+0000] {logging_mixin.py:188} INFO - [2025-07-11T09:36:50.995+0000] {dagbag.py:538} INFO - Filling up the DagBag from /home/airflow/.local/lib/python3.8/site-packages/airflow/example_dags/tutorial_objectstorage.py
[2025-07-11T09:36:51.004+0000] {processor.py:840} INFO - DAG(s) 'tutorial_objectstorage' retrieved from /home/airflow/.local/lib/python3.8/site-packages/airflow/example_dags/tutorial_objectstorage.py
[2025-07-11T09:36:51.033+0000] {logging_mixin.py:188} INFO - [2025-07-11T09:36:51.032+0000] {dag.py:3036} INFO - Sync 1 DAGs
[2025-07-11T09:36:51.050+0000] {logging_mixin.py:188} INFO - [2025-07-11T09:36:51.049+0000] {dag.py:3823} INFO - Setting next_dagrun for tutorial_objectstorage to None, run_after=None
[2025-07-11T09:36:51.078+0000] {processor.py:183} INFO - Processing /home/airflow/.local/lib/python3.8/site-packages/airflow/example_dags/tutorial_objectstorage.py took 0.092 seconds
[2025-07-11T09:37:21.619+0000] {processor.py:161} INFO - Started process (PID=390) to work on /home/airflow/.local/lib/python3.8/site-packages/airflow/example_dags/tutorial_objectstorage.py
[2025-07-11T09:37:21.621+0000] {processor.py:830} INFO - Processing file /home/airflow/.local/lib/python3.8/site-packages/airflow/example_dags/tutorial_objectstorage.py for tasks to queue
[2025-07-11T09:37:21.623+0000] {logging_mixin.py:188} INFO - [2025-07-11T09:37:21.622+0000] {dagbag.py:538} INFO - Filling up the DagBag from /home/airflow/.local/lib/python3.8/site-packages/airflow/example_dags/tutorial_objectstorage.py
[2025-07-11T09:37:21.634+0000] {processor.py:840} INFO - DAG(s) 'tutorial_objectstorage' retrieved from /home/airflow/.local/lib/python3.8/site-packages/airflow/example_dags/tutorial_objectstorage.py
[2025-07-11T09:37:21.670+0000] {logging_mixin.py:188} INFO - [2025-07-11T09:37:21.670+0000] {dag.py:3036} INFO - Sync 1 DAGs
[2025-07-11T09:37:21.689+0000] {logging_mixin.py:188} INFO - [2025-07-11T09:37:21.689+0000] {dag.py:3823} INFO - Setting next_dagrun for tutorial_objectstorage to None, run_after=None
[2025-07-11T09:37:21.722+0000] {processor.py:183} INFO - Processing /home/airflow/.local/lib/python3.8/site-packages/airflow/example_dags/tutorial_objectstorage.py took 0.107 seconds
[2025-07-11T09:37:52.514+0000] {processor.py:161} INFO - Started process (PID=445) to work on /home/airflow/.local/lib/python3.8/site-packages/airflow/example_dags/tutorial_objectstorage.py
[2025-07-11T09:37:52.518+0000] {processor.py:830} INFO - Processing file /home/airflow/.local/lib/python3.8/site-packages/airflow/example_dags/tutorial_objectstorage.py for tasks to queue
[2025-07-11T09:37:52.520+0000] {logging_mixin.py:188} INFO - [2025-07-11T09:37:52.520+0000] {dagbag.py:538} INFO - Filling up the DagBag from /home/airflow/.local/lib/python3.8/site-packages/airflow/example_dags/tutorial_objectstorage.py
[2025-07-11T09:37:52.529+0000] {processor.py:840} INFO - DAG(s) 'tutorial_objectstorage' retrieved from /home/airflow/.local/lib/python3.8/site-packages/airflow/example_dags/tutorial_objectstorage.py
[2025-07-11T09:37:52.556+0000] {logging_mixin.py:188} INFO - [2025-07-11T09:37:52.555+0000] {dag.py:3036} INFO - Sync 1 DAGs
[2025-07-11T09:37:52.576+0000] {logging_mixin.py:188} INFO - [2025-07-11T09:37:52.576+0000] {dag.py:3823} INFO - Setting next_dagrun for tutorial_objectstorage to None, run_after=None
[2025-07-11T09:37:52.607+0000] {processor.py:183} INFO - Processing /home/airflow/.local/lib/python3.8/site-packages/airflow/example_dags/tutorial_objectstorage.py took 0.097 seconds
[2025-07-11T09:38:23.030+0000] {processor.py:161} INFO - Started process (PID=500) to work on /home/airflow/.local/lib/python3.8/site-packages/airflow/example_dags/tutorial_objectstorage.py
[2025-07-11T09:38:23.032+0000] {processor.py:830} INFO - Processing file /home/airflow/.local/lib/python3.8/site-packages/airflow/example_dags/tutorial_objectstorage.py for tasks to queue
[2025-07-11T09:38:23.034+0000] {logging_mixin.py:188} INFO - [2025-07-11T09:38:23.034+0000] {dagbag.py:538} INFO - Filling up the DagBag from /home/airflow/.local/lib/python3.8/site-packages/airflow/example_dags/tutorial_objectstorage.py
[2025-07-11T09:38:23.043+0000] {processor.py:840} INFO - DAG(s) 'tutorial_objectstorage' retrieved from /home/airflow/.local/lib/python3.8/site-packages/airflow/example_dags/tutorial_objectstorage.py
[2025-07-11T09:38:23.069+0000] {logging_mixin.py:188} INFO - [2025-07-11T09:38:23.069+0000] {dag.py:3036} INFO - Sync 1 DAGs
[2025-07-11T09:38:23.087+0000] {logging_mixin.py:188} INFO - [2025-07-11T09:38:23.087+0000] {dag.py:3823} INFO - Setting next_dagrun for tutorial_objectstorage to None, run_after=None
[2025-07-11T09:38:23.118+0000] {processor.py:183} INFO - Processing /home/airflow/.local/lib/python3.8/site-packages/airflow/example_dags/tutorial_objectstorage.py took 0.094 seconds
[2025-07-11T09:38:53.517+0000] {processor.py:161} INFO - Started process (PID=555) to work on /home/airflow/.local/lib/python3.8/site-packages/airflow/example_dags/tutorial_objectstorage.py
[2025-07-11T09:38:53.520+0000] {processor.py:830} INFO - Processing file /home/airflow/.local/lib/python3.8/site-packages/airflow/example_dags/tutorial_objectstorage.py for tasks to queue
[2025-07-11T09:38:53.522+0000] {logging_mixin.py:188} INFO - [2025-07-11T09:38:53.522+0000] {dagbag.py:538} INFO - Filling up the DagBag from /home/airflow/.local/lib/python3.8/site-packages/airflow/example_dags/tutorial_objectstorage.py
[2025-07-11T09:38:53.533+0000] {processor.py:840} INFO - DAG(s) 'tutorial_objectstorage' retrieved from /home/airflow/.local/lib/python3.8/site-packages/airflow/example_dags/tutorial_objectstorage.py
[2025-07-11T09:38:53.560+0000] {logging_mixin.py:188} INFO - [2025-07-11T09:38:53.560+0000] {dag.py:3036} INFO - Sync 1 DAGs
[2025-07-11T09:38:53.579+0000] {logging_mixin.py:188} INFO - [2025-07-11T09:38:53.579+0000] {dag.py:3823} INFO - Setting next_dagrun for tutorial_objectstorage to None, run_after=None
[2025-07-11T09:38:53.611+0000] {processor.py:183} INFO - Processing /home/airflow/.local/lib/python3.8/site-packages/airflow/example_dags/tutorial_objectstorage.py took 0.099 seconds
[2025-07-11T09:39:23.817+0000] {processor.py:161} INFO - Started process (PID=611) to work on /home/airflow/.local/lib/python3.8/site-packages/airflow/example_dags/tutorial_objectstorage.py
[2025-07-11T09:39:23.819+0000] {processor.py:830} INFO - Processing file /home/airflow/.local/lib/python3.8/site-packages/airflow/example_dags/tutorial_objectstorage.py for tasks to queue
[2025-07-11T09:39:23.821+0000] {logging_mixin.py:188} INFO - [2025-07-11T09:39:23.821+0000] {dagbag.py:538} INFO - Filling up the DagBag from /home/airflow/.local/lib/python3.8/site-packages/airflow/example_dags/tutorial_objectstorage.py
[2025-07-11T09:39:23.830+0000] {processor.py:840} INFO - DAG(s) 'tutorial_objectstorage' retrieved from /home/airflow/.local/lib/python3.8/site-packages/airflow/example_dags/tutorial_objectstorage.py
[2025-07-11T09:39:23.859+0000] {logging_mixin.py:188} INFO - [2025-07-11T09:39:23.859+0000] {dag.py:3036} INFO - Sync 1 DAGs
[2025-07-11T09:39:23.878+0000] {logging_mixin.py:188} INFO - [2025-07-11T09:39:23.878+0000] {dag.py:3823} INFO - Setting next_dagrun for tutorial_objectstorage to None, run_after=None
[2025-07-11T09:39:23.911+0000] {processor.py:183} INFO - Processing /home/airflow/.local/lib/python3.8/site-packages/airflow/example_dags/tutorial_objectstorage.py took 0.099 seconds
[2025-07-11T09:39:54.254+0000] {processor.py:161} INFO - Started process (PID=666) to work on /home/airflow/.local/lib/python3.8/site-packages/airflow/example_dags/tutorial_objectstorage.py
[2025-07-11T09:39:54.257+0000] {processor.py:830} INFO - Processing file /home/airflow/.local/lib/python3.8/site-packages/airflow/example_dags/tutorial_objectstorage.py for tasks to queue
[2025-07-11T09:39:54.260+0000] {logging_mixin.py:188} INFO - [2025-07-11T09:39:54.259+0000] {dagbag.py:538} INFO - Filling up the DagBag from /home/airflow/.local/lib/python3.8/site-packages/airflow/example_dags/tutorial_objectstorage.py
[2025-07-11T09:39:54.269+0000] {processor.py:840} INFO - DAG(s) 'tutorial_objectstorage' retrieved from /home/airflow/.local/lib/python3.8/site-packages/airflow/example_dags/tutorial_objectstorage.py
[2025-07-11T09:39:54.300+0000] {logging_mixin.py:188} INFO - [2025-07-11T09:39:54.300+0000] {dag.py:3036} INFO - Sync 1 DAGs
[2025-07-11T09:39:54.319+0000] {logging_mixin.py:188} INFO - [2025-07-11T09:39:54.319+0000] {dag.py:3823} INFO - Setting next_dagrun for tutorial_objectstorage to None, run_after=None
[2025-07-11T09:39:54.355+0000] {processor.py:183} INFO - Processing /home/airflow/.local/lib/python3.8/site-packages/airflow/example_dags/tutorial_objectstorage.py took 0.106 seconds
[2025-07-11T09:40:24.665+0000] {processor.py:161} INFO - Started process (PID=721) to work on /home/airflow/.local/lib/python3.8/site-packages/airflow/example_dags/tutorial_objectstorage.py
[2025-07-11T09:40:24.667+0000] {processor.py:830} INFO - Processing file /home/airflow/.local/lib/python3.8/site-packages/airflow/example_dags/tutorial_objectstorage.py for tasks to queue
[2025-07-11T09:40:24.670+0000] {logging_mixin.py:188} INFO - [2025-07-11T09:40:24.669+0000] {dagbag.py:538} INFO - Filling up the DagBag from /home/airflow/.local/lib/python3.8/site-packages/airflow/example_dags/tutorial_objectstorage.py
[2025-07-11T09:40:24.678+0000] {processor.py:840} INFO - DAG(s) 'tutorial_objectstorage' retrieved from /home/airflow/.local/lib/python3.8/site-packages/airflow/example_dags/tutorial_objectstorage.py
[2025-07-11T09:40:24.706+0000] {logging_mixin.py:188} INFO - [2025-07-11T09:40:24.705+0000] {dag.py:3036} INFO - Sync 1 DAGs
[2025-07-11T09:40:24.723+0000] {logging_mixin.py:188} INFO - [2025-07-11T09:40:24.723+0000] {dag.py:3823} INFO - Setting next_dagrun for tutorial_objectstorage to None, run_after=None
[2025-07-11T09:40:24.755+0000] {processor.py:183} INFO - Processing /home/airflow/.local/lib/python3.8/site-packages/airflow/example_dags/tutorial_objectstorage.py took 0.094 seconds
[2025-07-11T09:40:55.079+0000] {processor.py:161} INFO - Started process (PID=776) to work on /home/airflow/.local/lib/python3.8/site-packages/airflow/example_dags/tutorial_objectstorage.py
[2025-07-11T09:40:55.080+0000] {processor.py:830} INFO - Processing file /home/airflow/.local/lib/python3.8/site-packages/airflow/example_dags/tutorial_objectstorage.py for tasks to queue
[2025-07-11T09:40:55.083+0000] {logging_mixin.py:188} INFO - [2025-07-11T09:40:55.082+0000] {dagbag.py:538} INFO - Filling up the DagBag from /home/airflow/.local/lib/python3.8/site-packages/airflow/example_dags/tutorial_objectstorage.py
[2025-07-11T09:40:55.092+0000] {processor.py:840} INFO - DAG(s) 'tutorial_objectstorage' retrieved from /home/airflow/.local/lib/python3.8/site-packages/airflow/example_dags/tutorial_objectstorage.py
[2025-07-11T09:40:55.119+0000] {logging_mixin.py:188} INFO - [2025-07-11T09:40:55.119+0000] {dag.py:3036} INFO - Sync 1 DAGs
[2025-07-11T09:40:55.136+0000] {logging_mixin.py:188} INFO - [2025-07-11T09:40:55.136+0000] {dag.py:3823} INFO - Setting next_dagrun for tutorial_objectstorage to None, run_after=None
[2025-07-11T09:40:55.165+0000] {processor.py:183} INFO - Processing /home/airflow/.local/lib/python3.8/site-packages/airflow/example_dags/tutorial_objectstorage.py took 0.092 seconds
[2025-07-11T09:41:25.491+0000] {processor.py:161} INFO - Started process (PID=831) to work on /home/airflow/.local/lib/python3.8/site-packages/airflow/example_dags/tutorial_objectstorage.py
[2025-07-11T09:41:25.492+0000] {processor.py:830} INFO - Processing file /home/airflow/.local/lib/python3.8/site-packages/airflow/example_dags/tutorial_objectstorage.py for tasks to queue
[2025-07-11T09:41:25.494+0000] {logging_mixin.py:188} INFO - [2025-07-11T09:41:25.494+0000] {dagbag.py:538} INFO - Filling up the DagBag from /home/airflow/.local/lib/python3.8/site-packages/airflow/example_dags/tutorial_objectstorage.py
[2025-07-11T09:41:25.504+0000] {processor.py:840} INFO - DAG(s) 'tutorial_objectstorage' retrieved from /home/airflow/.local/lib/python3.8/site-packages/airflow/example_dags/tutorial_objectstorage.py
[2025-07-11T09:41:25.531+0000] {logging_mixin.py:188} INFO - [2025-07-11T09:41:25.530+0000] {dag.py:3036} INFO - Sync 1 DAGs
[2025-07-11T09:41:25.548+0000] {logging_mixin.py:188} INFO - [2025-07-11T09:41:25.548+0000] {dag.py:3823} INFO - Setting next_dagrun for tutorial_objectstorage to None, run_after=None
[2025-07-11T09:41:25.577+0000] {processor.py:183} INFO - Processing /home/airflow/.local/lib/python3.8/site-packages/airflow/example_dags/tutorial_objectstorage.py took 0.091 seconds
[2025-07-11T09:41:55.872+0000] {processor.py:161} INFO - Started process (PID=886) to work on /home/airflow/.local/lib/python3.8/site-packages/airflow/example_dags/tutorial_objectstorage.py
[2025-07-11T09:41:55.877+0000] {processor.py:830} INFO - Processing file /home/airflow/.local/lib/python3.8/site-packages/airflow/example_dags/tutorial_objectstorage.py for tasks to queue
[2025-07-11T09:41:55.879+0000] {logging_mixin.py:188} INFO - [2025-07-11T09:41:55.879+0000] {dagbag.py:538} INFO - Filling up the DagBag from /home/airflow/.local/lib/python3.8/site-packages/airflow/example_dags/tutorial_objectstorage.py
[2025-07-11T09:41:55.888+0000] {processor.py:840} INFO - DAG(s) 'tutorial_objectstorage' retrieved from /home/airflow/.local/lib/python3.8/site-packages/airflow/example_dags/tutorial_objectstorage.py
[2025-07-11T09:41:55.913+0000] {logging_mixin.py:188} INFO - [2025-07-11T09:41:55.913+0000] {dag.py:3036} INFO - Sync 1 DAGs
[2025-07-11T09:41:55.933+0000] {logging_mixin.py:188} INFO - [2025-07-11T09:41:55.932+0000] {dag.py:3823} INFO - Setting next_dagrun for tutorial_objectstorage to None, run_after=None
[2025-07-11T09:41:55.965+0000] {processor.py:183} INFO - Processing /home/airflow/.local/lib/python3.8/site-packages/airflow/example_dags/tutorial_objectstorage.py took 0.097 seconds
[2025-07-11T09:42:26.240+0000] {processor.py:161} INFO - Started process (PID=941) to work on /home/airflow/.local/lib/python3.8/site-packages/airflow/example_dags/tutorial_objectstorage.py
[2025-07-11T09:42:26.242+0000] {processor.py:830} INFO - Processing file /home/airflow/.local/lib/python3.8/site-packages/airflow/example_dags/tutorial_objectstorage.py for tasks to queue
[2025-07-11T09:42:26.245+0000] {logging_mixin.py:188} INFO - [2025-07-11T09:42:26.244+0000] {dagbag.py:538} INFO - Filling up the DagBag from /home/airflow/.local/lib/python3.8/site-packages/airflow/example_dags/tutorial_objectstorage.py
[2025-07-11T09:42:26.254+0000] {processor.py:840} INFO - DAG(s) 'tutorial_objectstorage' retrieved from /home/airflow/.local/lib/python3.8/site-packages/airflow/example_dags/tutorial_objectstorage.py
[2025-07-11T09:42:26.280+0000] {logging_mixin.py:188} INFO - [2025-07-11T09:42:26.280+0000] {dag.py:3036} INFO - Sync 1 DAGs
[2025-07-11T09:42:26.302+0000] {logging_mixin.py:188} INFO - [2025-07-11T09:42:26.302+0000] {dag.py:3823} INFO - Setting next_dagrun for tutorial_objectstorage to None, run_after=None
[2025-07-11T09:42:26.333+0000] {processor.py:183} INFO - Processing /home/airflow/.local/lib/python3.8/site-packages/airflow/example_dags/tutorial_objectstorage.py took 0.097 seconds
[2025-07-11T09:42:56.719+0000] {processor.py:161} INFO - Started process (PID=996) to work on /home/airflow/.local/lib/python3.8/site-packages/airflow/example_dags/tutorial_objectstorage.py
[2025-07-11T09:42:56.721+0000] {processor.py:830} INFO - Processing file /home/airflow/.local/lib/python3.8/site-packages/airflow/example_dags/tutorial_objectstorage.py for tasks to queue
[2025-07-11T09:42:56.724+0000] {logging_mixin.py:188} INFO - [2025-07-11T09:42:56.723+0000] {dagbag.py:538} INFO - Filling up the DagBag from /home/airflow/.local/lib/python3.8/site-packages/airflow/example_dags/tutorial_objectstorage.py
[2025-07-11T09:42:56.734+0000] {processor.py:840} INFO - DAG(s) 'tutorial_objectstorage' retrieved from /home/airflow/.local/lib/python3.8/site-packages/airflow/example_dags/tutorial_objectstorage.py
[2025-07-11T09:42:56.769+0000] {logging_mixin.py:188} INFO - [2025-07-11T09:42:56.769+0000] {dag.py:3036} INFO - Sync 1 DAGs
[2025-07-11T09:42:56.793+0000] {logging_mixin.py:188} INFO - [2025-07-11T09:42:56.793+0000] {dag.py:3823} INFO - Setting next_dagrun for tutorial_objectstorage to None, run_after=None
[2025-07-11T09:42:56.824+0000] {processor.py:183} INFO - Processing /home/airflow/.local/lib/python3.8/site-packages/airflow/example_dags/tutorial_objectstorage.py took 0.111 seconds
[2025-07-11T09:43:27.090+0000] {processor.py:161} INFO - Started process (PID=1051) to work on /home/airflow/.local/lib/python3.8/site-packages/airflow/example_dags/tutorial_objectstorage.py
[2025-07-11T09:43:27.092+0000] {processor.py:830} INFO - Processing file /home/airflow/.local/lib/python3.8/site-packages/airflow/example_dags/tutorial_objectstorage.py for tasks to queue
[2025-07-11T09:43:27.094+0000] {logging_mixin.py:188} INFO - [2025-07-11T09:43:27.094+0000] {dagbag.py:538} INFO - Filling up the DagBag from /home/airflow/.local/lib/python3.8/site-packages/airflow/example_dags/tutorial_objectstorage.py
[2025-07-11T09:43:27.103+0000] {processor.py:840} INFO - DAG(s) 'tutorial_objectstorage' retrieved from /home/airflow/.local/lib/python3.8/site-packages/airflow/example_dags/tutorial_objectstorage.py
[2025-07-11T09:43:27.129+0000] {logging_mixin.py:188} INFO - [2025-07-11T09:43:27.129+0000] {dag.py:3036} INFO - Sync 1 DAGs
[2025-07-11T09:43:27.152+0000] {logging_mixin.py:188} INFO - [2025-07-11T09:43:27.151+0000] {dag.py:3823} INFO - Setting next_dagrun for tutorial_objectstorage to None, run_after=None
[2025-07-11T09:43:27.179+0000] {processor.py:183} INFO - Processing /home/airflow/.local/lib/python3.8/site-packages/airflow/example_dags/tutorial_objectstorage.py took 0.093 seconds
[2025-07-11T09:43:57.402+0000] {processor.py:161} INFO - Started process (PID=1106) to work on /home/airflow/.local/lib/python3.8/site-packages/airflow/example_dags/tutorial_objectstorage.py
[2025-07-11T09:43:57.404+0000] {processor.py:830} INFO - Processing file /home/airflow/.local/lib/python3.8/site-packages/airflow/example_dags/tutorial_objectstorage.py for tasks to queue
[2025-07-11T09:43:57.407+0000] {logging_mixin.py:188} INFO - [2025-07-11T09:43:57.406+0000] {dagbag.py:538} INFO - Filling up the DagBag from /home/airflow/.local/lib/python3.8/site-packages/airflow/example_dags/tutorial_objectstorage.py
[2025-07-11T09:43:57.416+0000] {processor.py:840} INFO - DAG(s) 'tutorial_objectstorage' retrieved from /home/airflow/.local/lib/python3.8/site-packages/airflow/example_dags/tutorial_objectstorage.py
[2025-07-11T09:43:57.445+0000] {logging_mixin.py:188} INFO - [2025-07-11T09:43:57.444+0000] {dag.py:3036} INFO - Sync 1 DAGs
[2025-07-11T09:43:57.467+0000] {logging_mixin.py:188} INFO - [2025-07-11T09:43:57.466+0000] {dag.py:3823} INFO - Setting next_dagrun for tutorial_objectstorage to None, run_after=None
[2025-07-11T09:43:57.496+0000] {processor.py:183} INFO - Processing /home/airflow/.local/lib/python3.8/site-packages/airflow/example_dags/tutorial_objectstorage.py took 0.100 seconds
[2025-07-11T09:44:27.886+0000] {processor.py:161} INFO - Started process (PID=1162) to work on /home/airflow/.local/lib/python3.8/site-packages/airflow/example_dags/tutorial_objectstorage.py
[2025-07-11T09:44:27.888+0000] {processor.py:830} INFO - Processing file /home/airflow/.local/lib/python3.8/site-packages/airflow/example_dags/tutorial_objectstorage.py for tasks to queue
[2025-07-11T09:44:27.891+0000] {logging_mixin.py:188} INFO - [2025-07-11T09:44:27.890+0000] {dagbag.py:538} INFO - Filling up the DagBag from /home/airflow/.local/lib/python3.8/site-packages/airflow/example_dags/tutorial_objectstorage.py
[2025-07-11T09:44:27.900+0000] {processor.py:840} INFO - DAG(s) 'tutorial_objectstorage' retrieved from /home/airflow/.local/lib/python3.8/site-packages/airflow/example_dags/tutorial_objectstorage.py
[2025-07-11T09:44:27.929+0000] {logging_mixin.py:188} INFO - [2025-07-11T09:44:27.928+0000] {dag.py:3036} INFO - Sync 1 DAGs
[2025-07-11T09:44:27.949+0000] {logging_mixin.py:188} INFO - [2025-07-11T09:44:27.949+0000] {dag.py:3823} INFO - Setting next_dagrun for tutorial_objectstorage to None, run_after=None
[2025-07-11T09:44:27.977+0000] {processor.py:183} INFO - Processing /home/airflow/.local/lib/python3.8/site-packages/airflow/example_dags/tutorial_objectstorage.py took 0.095 seconds
[2025-07-11T09:44:58.415+0000] {processor.py:161} INFO - Started process (PID=1217) to work on /home/airflow/.local/lib/python3.8/site-packages/airflow/example_dags/tutorial_objectstorage.py
[2025-07-11T09:44:58.416+0000] {processor.py:830} INFO - Processing file /home/airflow/.local/lib/python3.8/site-packages/airflow/example_dags/tutorial_objectstorage.py for tasks to queue
[2025-07-11T09:44:58.419+0000] {logging_mixin.py:188} INFO - [2025-07-11T09:44:58.418+0000] {dagbag.py:538} INFO - Filling up the DagBag from /home/airflow/.local/lib/python3.8/site-packages/airflow/example_dags/tutorial_objectstorage.py
[2025-07-11T09:44:58.427+0000] {processor.py:840} INFO - DAG(s) 'tutorial_objectstorage' retrieved from /home/airflow/.local/lib/python3.8/site-packages/airflow/example_dags/tutorial_objectstorage.py
[2025-07-11T09:44:58.454+0000] {logging_mixin.py:188} INFO - [2025-07-11T09:44:58.453+0000] {dag.py:3036} INFO - Sync 1 DAGs
[2025-07-11T09:44:58.470+0000] {logging_mixin.py:188} INFO - [2025-07-11T09:44:58.470+0000] {dag.py:3823} INFO - Setting next_dagrun for tutorial_objectstorage to None, run_after=None
[2025-07-11T09:44:58.498+0000] {processor.py:183} INFO - Processing /home/airflow/.local/lib/python3.8/site-packages/airflow/example_dags/tutorial_objectstorage.py took 0.088 seconds
[2025-07-11T09:45:28.800+0000] {processor.py:161} INFO - Started process (PID=1272) to work on /home/airflow/.local/lib/python3.8/site-packages/airflow/example_dags/tutorial_objectstorage.py
[2025-07-11T09:45:28.801+0000] {processor.py:830} INFO - Processing file /home/airflow/.local/lib/python3.8/site-packages/airflow/example_dags/tutorial_objectstorage.py for tasks to queue
[2025-07-11T09:45:28.804+0000] {logging_mixin.py:188} INFO - [2025-07-11T09:45:28.803+0000] {dagbag.py:538} INFO - Filling up the DagBag from /home/airflow/.local/lib/python3.8/site-packages/airflow/example_dags/tutorial_objectstorage.py
[2025-07-11T09:45:28.815+0000] {processor.py:840} INFO - DAG(s) 'tutorial_objectstorage' retrieved from /home/airflow/.local/lib/python3.8/site-packages/airflow/example_dags/tutorial_objectstorage.py
[2025-07-11T09:45:28.845+0000] {logging_mixin.py:188} INFO - [2025-07-11T09:45:28.844+0000] {dag.py:3036} INFO - Sync 1 DAGs
[2025-07-11T09:45:28.866+0000] {logging_mixin.py:188} INFO - [2025-07-11T09:45:28.865+0000] {dag.py:3823} INFO - Setting next_dagrun for tutorial_objectstorage to None, run_after=None
[2025-07-11T09:45:28.897+0000] {processor.py:183} INFO - Processing /home/airflow/.local/lib/python3.8/site-packages/airflow/example_dags/tutorial_objectstorage.py took 0.102 seconds
[2025-07-11T09:45:59.075+0000] {processor.py:161} INFO - Started process (PID=1327) to work on /home/airflow/.local/lib/python3.8/site-packages/airflow/example_dags/tutorial_objectstorage.py
[2025-07-11T09:45:59.077+0000] {processor.py:830} INFO - Processing file /home/airflow/.local/lib/python3.8/site-packages/airflow/example_dags/tutorial_objectstorage.py for tasks to queue
[2025-07-11T09:45:59.079+0000] {logging_mixin.py:188} INFO - [2025-07-11T09:45:59.079+0000] {dagbag.py:538} INFO - Filling up the DagBag from /home/airflow/.local/lib/python3.8/site-packages/airflow/example_dags/tutorial_objectstorage.py
[2025-07-11T09:45:59.088+0000] {processor.py:840} INFO - DAG(s) 'tutorial_objectstorage' retrieved from /home/airflow/.local/lib/python3.8/site-packages/airflow/example_dags/tutorial_objectstorage.py
[2025-07-11T09:45:59.115+0000] {logging_mixin.py:188} INFO - [2025-07-11T09:45:59.115+0000] {dag.py:3036} INFO - Sync 1 DAGs
[2025-07-11T09:45:59.139+0000] {logging_mixin.py:188} INFO - [2025-07-11T09:45:59.138+0000] {dag.py:3823} INFO - Setting next_dagrun for tutorial_objectstorage to None, run_after=None
[2025-07-11T09:45:59.169+0000] {processor.py:183} INFO - Processing /home/airflow/.local/lib/python3.8/site-packages/airflow/example_dags/tutorial_objectstorage.py took 0.098 seconds
[2025-07-11T09:46:29.513+0000] {processor.py:161} INFO - Started process (PID=1382) to work on /home/airflow/.local/lib/python3.8/site-packages/airflow/example_dags/tutorial_objectstorage.py
[2025-07-11T09:46:29.515+0000] {processor.py:830} INFO - Processing file /home/airflow/.local/lib/python3.8/site-packages/airflow/example_dags/tutorial_objectstorage.py for tasks to queue
[2025-07-11T09:46:29.517+0000] {logging_mixin.py:188} INFO - [2025-07-11T09:46:29.517+0000] {dagbag.py:538} INFO - Filling up the DagBag from /home/airflow/.local/lib/python3.8/site-packages/airflow/example_dags/tutorial_objectstorage.py
[2025-07-11T09:46:29.525+0000] {processor.py:840} INFO - DAG(s) 'tutorial_objectstorage' retrieved from /home/airflow/.local/lib/python3.8/site-packages/airflow/example_dags/tutorial_objectstorage.py
[2025-07-11T09:46:29.553+0000] {logging_mixin.py:188} INFO - [2025-07-11T09:46:29.553+0000] {dag.py:3036} INFO - Sync 1 DAGs
[2025-07-11T09:46:29.569+0000] {logging_mixin.py:188} INFO - [2025-07-11T09:46:29.569+0000] {dag.py:3823} INFO - Setting next_dagrun for tutorial_objectstorage to None, run_after=None
[2025-07-11T09:46:29.599+0000] {processor.py:183} INFO - Processing /home/airflow/.local/lib/python3.8/site-packages/airflow/example_dags/tutorial_objectstorage.py took 0.090 seconds
[2025-07-11T09:47:00.012+0000] {processor.py:161} INFO - Started process (PID=1437) to work on /home/airflow/.local/lib/python3.8/site-packages/airflow/example_dags/tutorial_objectstorage.py
[2025-07-11T09:47:00.014+0000] {processor.py:830} INFO - Processing file /home/airflow/.local/lib/python3.8/site-packages/airflow/example_dags/tutorial_objectstorage.py for tasks to queue
[2025-07-11T09:47:00.017+0000] {logging_mixin.py:188} INFO - [2025-07-11T09:47:00.017+0000] {dagbag.py:538} INFO - Filling up the DagBag from /home/airflow/.local/lib/python3.8/site-packages/airflow/example_dags/tutorial_objectstorage.py
[2025-07-11T09:47:00.028+0000] {processor.py:840} INFO - DAG(s) 'tutorial_objectstorage' retrieved from /home/airflow/.local/lib/python3.8/site-packages/airflow/example_dags/tutorial_objectstorage.py
[2025-07-11T09:47:00.057+0000] {logging_mixin.py:188} INFO - [2025-07-11T09:47:00.057+0000] {dag.py:3036} INFO - Sync 1 DAGs
[2025-07-11T09:47:00.083+0000] {logging_mixin.py:188} INFO - [2025-07-11T09:47:00.082+0000] {dag.py:3823} INFO - Setting next_dagrun for tutorial_objectstorage to None, run_after=None
[2025-07-11T09:47:00.130+0000] {processor.py:183} INFO - Processing /home/airflow/.local/lib/python3.8/site-packages/airflow/example_dags/tutorial_objectstorage.py took 0.123 seconds
[2025-07-11T09:47:30.572+0000] {processor.py:161} INFO - Started process (PID=1492) to work on /home/airflow/.local/lib/python3.8/site-packages/airflow/example_dags/tutorial_objectstorage.py
[2025-07-11T09:47:30.574+0000] {processor.py:830} INFO - Processing file /home/airflow/.local/lib/python3.8/site-packages/airflow/example_dags/tutorial_objectstorage.py for tasks to queue
[2025-07-11T09:47:30.577+0000] {logging_mixin.py:188} INFO - [2025-07-11T09:47:30.576+0000] {dagbag.py:538} INFO - Filling up the DagBag from /home/airflow/.local/lib/python3.8/site-packages/airflow/example_dags/tutorial_objectstorage.py
[2025-07-11T09:47:30.586+0000] {processor.py:840} INFO - DAG(s) 'tutorial_objectstorage' retrieved from /home/airflow/.local/lib/python3.8/site-packages/airflow/example_dags/tutorial_objectstorage.py
[2025-07-11T09:47:30.615+0000] {logging_mixin.py:188} INFO - [2025-07-11T09:47:30.614+0000] {dag.py:3036} INFO - Sync 1 DAGs
[2025-07-11T09:47:30.632+0000] {logging_mixin.py:188} INFO - [2025-07-11T09:47:30.631+0000] {dag.py:3823} INFO - Setting next_dagrun for tutorial_objectstorage to None, run_after=None
[2025-07-11T09:47:30.665+0000] {processor.py:183} INFO - Processing /home/airflow/.local/lib/python3.8/site-packages/airflow/example_dags/tutorial_objectstorage.py took 0.097 seconds
[2025-07-11T09:48:01.410+0000] {processor.py:161} INFO - Started process (PID=1547) to work on /home/airflow/.local/lib/python3.8/site-packages/airflow/example_dags/tutorial_objectstorage.py
[2025-07-11T09:48:01.411+0000] {processor.py:830} INFO - Processing file /home/airflow/.local/lib/python3.8/site-packages/airflow/example_dags/tutorial_objectstorage.py for tasks to queue
[2025-07-11T09:48:01.413+0000] {logging_mixin.py:188} INFO - [2025-07-11T09:48:01.413+0000] {dagbag.py:538} INFO - Filling up the DagBag from /home/airflow/.local/lib/python3.8/site-packages/airflow/example_dags/tutorial_objectstorage.py
[2025-07-11T09:48:01.422+0000] {processor.py:840} INFO - DAG(s) 'tutorial_objectstorage' retrieved from /home/airflow/.local/lib/python3.8/site-packages/airflow/example_dags/tutorial_objectstorage.py
[2025-07-11T09:48:01.448+0000] {logging_mixin.py:188} INFO - [2025-07-11T09:48:01.448+0000] {dag.py:3036} INFO - Sync 1 DAGs
[2025-07-11T09:48:01.465+0000] {logging_mixin.py:188} INFO - [2025-07-11T09:48:01.465+0000] {dag.py:3823} INFO - Setting next_dagrun for tutorial_objectstorage to None, run_after=None
[2025-07-11T09:48:01.495+0000] {processor.py:183} INFO - Processing /home/airflow/.local/lib/python3.8/site-packages/airflow/example_dags/tutorial_objectstorage.py took 0.090 seconds
[2025-07-11T09:48:31.900+0000] {processor.py:161} INFO - Started process (PID=1602) to work on /home/airflow/.local/lib/python3.8/site-packages/airflow/example_dags/tutorial_objectstorage.py
[2025-07-11T09:48:31.902+0000] {processor.py:830} INFO - Processing file /home/airflow/.local/lib/python3.8/site-packages/airflow/example_dags/tutorial_objectstorage.py for tasks to queue
[2025-07-11T09:48:31.904+0000] {logging_mixin.py:188} INFO - [2025-07-11T09:48:31.903+0000] {dagbag.py:538} INFO - Filling up the DagBag from /home/airflow/.local/lib/python3.8/site-packages/airflow/example_dags/tutorial_objectstorage.py
[2025-07-11T09:48:31.913+0000] {processor.py:840} INFO - DAG(s) 'tutorial_objectstorage' retrieved from /home/airflow/.local/lib/python3.8/site-packages/airflow/example_dags/tutorial_objectstorage.py
[2025-07-11T09:48:31.942+0000] {logging_mixin.py:188} INFO - [2025-07-11T09:48:31.942+0000] {dag.py:3036} INFO - Sync 1 DAGs
[2025-07-11T09:48:31.961+0000] {logging_mixin.py:188} INFO - [2025-07-11T09:48:31.961+0000] {dag.py:3823} INFO - Setting next_dagrun for tutorial_objectstorage to None, run_after=None
[2025-07-11T09:48:31.990+0000] {processor.py:183} INFO - Processing /home/airflow/.local/lib/python3.8/site-packages/airflow/example_dags/tutorial_objectstorage.py took 0.096 seconds
[2025-07-11T09:49:02.322+0000] {processor.py:161} INFO - Started process (PID=1657) to work on /home/airflow/.local/lib/python3.8/site-packages/airflow/example_dags/tutorial_objectstorage.py
[2025-07-11T09:49:02.324+0000] {processor.py:830} INFO - Processing file /home/airflow/.local/lib/python3.8/site-packages/airflow/example_dags/tutorial_objectstorage.py for tasks to queue
[2025-07-11T09:49:02.326+0000] {logging_mixin.py:188} INFO - [2025-07-11T09:49:02.326+0000] {dagbag.py:538} INFO - Filling up the DagBag from /home/airflow/.local/lib/python3.8/site-packages/airflow/example_dags/tutorial_objectstorage.py
[2025-07-11T09:49:02.335+0000] {processor.py:840} INFO - DAG(s) 'tutorial_objectstorage' retrieved from /home/airflow/.local/lib/python3.8/site-packages/airflow/example_dags/tutorial_objectstorage.py
[2025-07-11T09:49:02.363+0000] {logging_mixin.py:188} INFO - [2025-07-11T09:49:02.363+0000] {dag.py:3036} INFO - Sync 1 DAGs
[2025-07-11T09:49:02.379+0000] {logging_mixin.py:188} INFO - [2025-07-11T09:49:02.379+0000] {dag.py:3823} INFO - Setting next_dagrun for tutorial_objectstorage to None, run_after=None
[2025-07-11T09:49:02.411+0000] {processor.py:183} INFO - Processing /home/airflow/.local/lib/python3.8/site-packages/airflow/example_dags/tutorial_objectstorage.py took 0.093 seconds
[2025-07-11T09:49:32.878+0000] {processor.py:161} INFO - Started process (PID=1712) to work on /home/airflow/.local/lib/python3.8/site-packages/airflow/example_dags/tutorial_objectstorage.py
[2025-07-11T09:49:32.880+0000] {processor.py:830} INFO - Processing file /home/airflow/.local/lib/python3.8/site-packages/airflow/example_dags/tutorial_objectstorage.py for tasks to queue
[2025-07-11T09:49:32.882+0000] {logging_mixin.py:188} INFO - [2025-07-11T09:49:32.882+0000] {dagbag.py:538} INFO - Filling up the DagBag from /home/airflow/.local/lib/python3.8/site-packages/airflow/example_dags/tutorial_objectstorage.py
[2025-07-11T09:49:32.892+0000] {processor.py:840} INFO - DAG(s) 'tutorial_objectstorage' retrieved from /home/airflow/.local/lib/python3.8/site-packages/airflow/example_dags/tutorial_objectstorage.py
[2025-07-11T09:49:32.923+0000] {logging_mixin.py:188} INFO - [2025-07-11T09:49:32.923+0000] {dag.py:3036} INFO - Sync 1 DAGs
[2025-07-11T09:49:32.943+0000] {logging_mixin.py:188} INFO - [2025-07-11T09:49:32.943+0000] {dag.py:3823} INFO - Setting next_dagrun for tutorial_objectstorage to None, run_after=None
[2025-07-11T09:49:32.980+0000] {processor.py:183} INFO - Processing /home/airflow/.local/lib/python3.8/site-packages/airflow/example_dags/tutorial_objectstorage.py took 0.107 seconds
[2025-07-11T09:50:03.714+0000] {processor.py:161} INFO - Started process (PID=1767) to work on /home/airflow/.local/lib/python3.8/site-packages/airflow/example_dags/tutorial_objectstorage.py
[2025-07-11T09:50:03.715+0000] {processor.py:830} INFO - Processing file /home/airflow/.local/lib/python3.8/site-packages/airflow/example_dags/tutorial_objectstorage.py for tasks to queue
[2025-07-11T09:50:03.718+0000] {logging_mixin.py:188} INFO - [2025-07-11T09:50:03.717+0000] {dagbag.py:538} INFO - Filling up the DagBag from /home/airflow/.local/lib/python3.8/site-packages/airflow/example_dags/tutorial_objectstorage.py
[2025-07-11T09:50:03.726+0000] {processor.py:840} INFO - DAG(s) 'tutorial_objectstorage' retrieved from /home/airflow/.local/lib/python3.8/site-packages/airflow/example_dags/tutorial_objectstorage.py
[2025-07-11T09:50:03.754+0000] {logging_mixin.py:188} INFO - [2025-07-11T09:50:03.753+0000] {dag.py:3036} INFO - Sync 1 DAGs
[2025-07-11T09:50:03.774+0000] {logging_mixin.py:188} INFO - [2025-07-11T09:50:03.774+0000] {dag.py:3823} INFO - Setting next_dagrun for tutorial_objectstorage to None, run_after=None
[2025-07-11T09:50:03.804+0000] {processor.py:183} INFO - Processing /home/airflow/.local/lib/python3.8/site-packages/airflow/example_dags/tutorial_objectstorage.py took 0.095 seconds
[2025-07-11T09:50:34.589+0000] {processor.py:161} INFO - Started process (PID=1822) to work on /home/airflow/.local/lib/python3.8/site-packages/airflow/example_dags/tutorial_objectstorage.py
[2025-07-11T09:50:34.590+0000] {processor.py:830} INFO - Processing file /home/airflow/.local/lib/python3.8/site-packages/airflow/example_dags/tutorial_objectstorage.py for tasks to queue
[2025-07-11T09:50:34.592+0000] {logging_mixin.py:188} INFO - [2025-07-11T09:50:34.592+0000] {dagbag.py:538} INFO - Filling up the DagBag from /home/airflow/.local/lib/python3.8/site-packages/airflow/example_dags/tutorial_objectstorage.py
[2025-07-11T09:50:34.601+0000] {processor.py:840} INFO - DAG(s) 'tutorial_objectstorage' retrieved from /home/airflow/.local/lib/python3.8/site-packages/airflow/example_dags/tutorial_objectstorage.py
[2025-07-11T09:50:34.629+0000] {logging_mixin.py:188} INFO - [2025-07-11T09:50:34.629+0000] {dag.py:3036} INFO - Sync 1 DAGs
[2025-07-11T09:50:34.647+0000] {logging_mixin.py:188} INFO - [2025-07-11T09:50:34.647+0000] {dag.py:3823} INFO - Setting next_dagrun for tutorial_objectstorage to None, run_after=None
[2025-07-11T09:50:34.677+0000] {processor.py:183} INFO - Processing /home/airflow/.local/lib/python3.8/site-packages/airflow/example_dags/tutorial_objectstorage.py took 0.093 seconds
[2025-07-11T09:51:05.141+0000] {processor.py:161} INFO - Started process (PID=1877) to work on /home/airflow/.local/lib/python3.8/site-packages/airflow/example_dags/tutorial_objectstorage.py
[2025-07-11T09:51:05.143+0000] {processor.py:830} INFO - Processing file /home/airflow/.local/lib/python3.8/site-packages/airflow/example_dags/tutorial_objectstorage.py for tasks to queue
[2025-07-11T09:51:05.145+0000] {logging_mixin.py:188} INFO - [2025-07-11T09:51:05.145+0000] {dagbag.py:538} INFO - Filling up the DagBag from /home/airflow/.local/lib/python3.8/site-packages/airflow/example_dags/tutorial_objectstorage.py
[2025-07-11T09:51:05.154+0000] {processor.py:840} INFO - DAG(s) 'tutorial_objectstorage' retrieved from /home/airflow/.local/lib/python3.8/site-packages/airflow/example_dags/tutorial_objectstorage.py
[2025-07-11T09:51:05.184+0000] {logging_mixin.py:188} INFO - [2025-07-11T09:51:05.184+0000] {dag.py:3036} INFO - Sync 1 DAGs
[2025-07-11T09:51:05.205+0000] {logging_mixin.py:188} INFO - [2025-07-11T09:51:05.205+0000] {dag.py:3823} INFO - Setting next_dagrun for tutorial_objectstorage to None, run_after=None
[2025-07-11T09:51:05.233+0000] {processor.py:183} INFO - Processing /home/airflow/.local/lib/python3.8/site-packages/airflow/example_dags/tutorial_objectstorage.py took 0.096 seconds
[2025-07-11T09:51:35.910+0000] {processor.py:161} INFO - Started process (PID=1932) to work on /home/airflow/.local/lib/python3.8/site-packages/airflow/example_dags/tutorial_objectstorage.py
[2025-07-11T09:51:35.912+0000] {processor.py:830} INFO - Processing file /home/airflow/.local/lib/python3.8/site-packages/airflow/example_dags/tutorial_objectstorage.py for tasks to queue
[2025-07-11T09:51:35.914+0000] {logging_mixin.py:188} INFO - [2025-07-11T09:51:35.914+0000] {dagbag.py:538} INFO - Filling up the DagBag from /home/airflow/.local/lib/python3.8/site-packages/airflow/example_dags/tutorial_objectstorage.py
[2025-07-11T09:51:35.923+0000] {processor.py:840} INFO - DAG(s) 'tutorial_objectstorage' retrieved from /home/airflow/.local/lib/python3.8/site-packages/airflow/example_dags/tutorial_objectstorage.py
[2025-07-11T09:51:35.950+0000] {logging_mixin.py:188} INFO - [2025-07-11T09:51:35.950+0000] {dag.py:3036} INFO - Sync 1 DAGs
[2025-07-11T09:51:35.967+0000] {logging_mixin.py:188} INFO - [2025-07-11T09:51:35.967+0000] {dag.py:3823} INFO - Setting next_dagrun for tutorial_objectstorage to None, run_after=None
[2025-07-11T09:51:35.996+0000] {processor.py:183} INFO - Processing /home/airflow/.local/lib/python3.8/site-packages/airflow/example_dags/tutorial_objectstorage.py took 0.090 seconds
[2025-07-11T09:52:06.414+0000] {processor.py:161} INFO - Started process (PID=1987) to work on /home/airflow/.local/lib/python3.8/site-packages/airflow/example_dags/tutorial_objectstorage.py
[2025-07-11T09:52:06.415+0000] {processor.py:830} INFO - Processing file /home/airflow/.local/lib/python3.8/site-packages/airflow/example_dags/tutorial_objectstorage.py for tasks to queue
[2025-07-11T09:52:06.418+0000] {logging_mixin.py:188} INFO - [2025-07-11T09:52:06.417+0000] {dagbag.py:538} INFO - Filling up the DagBag from /home/airflow/.local/lib/python3.8/site-packages/airflow/example_dags/tutorial_objectstorage.py
[2025-07-11T09:52:06.426+0000] {processor.py:840} INFO - DAG(s) 'tutorial_objectstorage' retrieved from /home/airflow/.local/lib/python3.8/site-packages/airflow/example_dags/tutorial_objectstorage.py
[2025-07-11T09:52:06.452+0000] {logging_mixin.py:188} INFO - [2025-07-11T09:52:06.451+0000] {dag.py:3036} INFO - Sync 1 DAGs
[2025-07-11T09:52:06.468+0000] {logging_mixin.py:188} INFO - [2025-07-11T09:52:06.467+0000] {dag.py:3823} INFO - Setting next_dagrun for tutorial_objectstorage to None, run_after=None
[2025-07-11T09:52:06.496+0000] {processor.py:183} INFO - Processing /home/airflow/.local/lib/python3.8/site-packages/airflow/example_dags/tutorial_objectstorage.py took 0.087 seconds
[2025-07-11T09:52:36.581+0000] {processor.py:161} INFO - Started process (PID=2042) to work on /home/airflow/.local/lib/python3.8/site-packages/airflow/example_dags/tutorial_objectstorage.py
[2025-07-11T09:52:36.582+0000] {processor.py:830} INFO - Processing file /home/airflow/.local/lib/python3.8/site-packages/airflow/example_dags/tutorial_objectstorage.py for tasks to queue
[2025-07-11T09:52:36.584+0000] {logging_mixin.py:188} INFO - [2025-07-11T09:52:36.584+0000] {dagbag.py:538} INFO - Filling up the DagBag from /home/airflow/.local/lib/python3.8/site-packages/airflow/example_dags/tutorial_objectstorage.py
[2025-07-11T09:52:36.594+0000] {processor.py:840} INFO - DAG(s) 'tutorial_objectstorage' retrieved from /home/airflow/.local/lib/python3.8/site-packages/airflow/example_dags/tutorial_objectstorage.py
[2025-07-11T09:52:36.622+0000] {logging_mixin.py:188} INFO - [2025-07-11T09:52:36.621+0000] {dag.py:3036} INFO - Sync 1 DAGs
[2025-07-11T09:52:36.638+0000] {logging_mixin.py:188} INFO - [2025-07-11T09:52:36.638+0000] {dag.py:3823} INFO - Setting next_dagrun for tutorial_objectstorage to None, run_after=None
[2025-07-11T09:52:36.667+0000] {processor.py:183} INFO - Processing /home/airflow/.local/lib/python3.8/site-packages/airflow/example_dags/tutorial_objectstorage.py took 0.091 seconds
[2025-07-11T09:53:07.286+0000] {processor.py:161} INFO - Started process (PID=2097) to work on /home/airflow/.local/lib/python3.8/site-packages/airflow/example_dags/tutorial_objectstorage.py
[2025-07-11T09:53:07.288+0000] {processor.py:830} INFO - Processing file /home/airflow/.local/lib/python3.8/site-packages/airflow/example_dags/tutorial_objectstorage.py for tasks to queue
[2025-07-11T09:53:07.290+0000] {logging_mixin.py:188} INFO - [2025-07-11T09:53:07.290+0000] {dagbag.py:538} INFO - Filling up the DagBag from /home/airflow/.local/lib/python3.8/site-packages/airflow/example_dags/tutorial_objectstorage.py
[2025-07-11T09:53:07.302+0000] {processor.py:840} INFO - DAG(s) 'tutorial_objectstorage' retrieved from /home/airflow/.local/lib/python3.8/site-packages/airflow/example_dags/tutorial_objectstorage.py
[2025-07-11T09:53:07.331+0000] {logging_mixin.py:188} INFO - [2025-07-11T09:53:07.330+0000] {dag.py:3036} INFO - Sync 1 DAGs
[2025-07-11T09:53:07.351+0000] {logging_mixin.py:188} INFO - [2025-07-11T09:53:07.350+0000] {dag.py:3823} INFO - Setting next_dagrun for tutorial_objectstorage to None, run_after=None
[2025-07-11T09:53:07.382+0000] {processor.py:183} INFO - Processing /home/airflow/.local/lib/python3.8/site-packages/airflow/example_dags/tutorial_objectstorage.py took 0.101 seconds
[2025-07-11T09:53:37.852+0000] {processor.py:161} INFO - Started process (PID=2152) to work on /home/airflow/.local/lib/python3.8/site-packages/airflow/example_dags/tutorial_objectstorage.py
[2025-07-11T09:53:37.853+0000] {processor.py:830} INFO - Processing file /home/airflow/.local/lib/python3.8/site-packages/airflow/example_dags/tutorial_objectstorage.py for tasks to queue
[2025-07-11T09:53:37.857+0000] {logging_mixin.py:188} INFO - [2025-07-11T09:53:37.856+0000] {dagbag.py:538} INFO - Filling up the DagBag from /home/airflow/.local/lib/python3.8/site-packages/airflow/example_dags/tutorial_objectstorage.py
[2025-07-11T09:53:37.868+0000] {processor.py:840} INFO - DAG(s) 'tutorial_objectstorage' retrieved from /home/airflow/.local/lib/python3.8/site-packages/airflow/example_dags/tutorial_objectstorage.py
[2025-07-11T09:53:37.900+0000] {logging_mixin.py:188} INFO - [2025-07-11T09:53:37.900+0000] {dag.py:3036} INFO - Sync 1 DAGs
[2025-07-11T09:53:37.920+0000] {logging_mixin.py:188} INFO - [2025-07-11T09:53:37.920+0000] {dag.py:3823} INFO - Setting next_dagrun for tutorial_objectstorage to None, run_after=None
[2025-07-11T09:53:37.956+0000] {processor.py:183} INFO - Processing /home/airflow/.local/lib/python3.8/site-packages/airflow/example_dags/tutorial_objectstorage.py took 0.110 seconds
[2025-07-11T09:54:08.422+0000] {processor.py:161} INFO - Started process (PID=2207) to work on /home/airflow/.local/lib/python3.8/site-packages/airflow/example_dags/tutorial_objectstorage.py
[2025-07-11T09:54:08.423+0000] {processor.py:830} INFO - Processing file /home/airflow/.local/lib/python3.8/site-packages/airflow/example_dags/tutorial_objectstorage.py for tasks to queue
[2025-07-11T09:54:08.427+0000] {logging_mixin.py:188} INFO - [2025-07-11T09:54:08.426+0000] {dagbag.py:538} INFO - Filling up the DagBag from /home/airflow/.local/lib/python3.8/site-packages/airflow/example_dags/tutorial_objectstorage.py
[2025-07-11T09:54:08.438+0000] {processor.py:840} INFO - DAG(s) 'tutorial_objectstorage' retrieved from /home/airflow/.local/lib/python3.8/site-packages/airflow/example_dags/tutorial_objectstorage.py
[2025-07-11T09:54:08.473+0000] {logging_mixin.py:188} INFO - [2025-07-11T09:54:08.473+0000] {dag.py:3036} INFO - Sync 1 DAGs
[2025-07-11T09:54:08.499+0000] {logging_mixin.py:188} INFO - [2025-07-11T09:54:08.499+0000] {dag.py:3823} INFO - Setting next_dagrun for tutorial_objectstorage to None, run_after=None
[2025-07-11T09:54:08.540+0000] {processor.py:183} INFO - Processing /home/airflow/.local/lib/python3.8/site-packages/airflow/example_dags/tutorial_objectstorage.py took 0.125 seconds
[2025-07-11T09:54:39.116+0000] {processor.py:161} INFO - Started process (PID=2262) to work on /home/airflow/.local/lib/python3.8/site-packages/airflow/example_dags/tutorial_objectstorage.py
[2025-07-11T09:54:39.117+0000] {processor.py:830} INFO - Processing file /home/airflow/.local/lib/python3.8/site-packages/airflow/example_dags/tutorial_objectstorage.py for tasks to queue
[2025-07-11T09:54:39.120+0000] {logging_mixin.py:188} INFO - [2025-07-11T09:54:39.119+0000] {dagbag.py:538} INFO - Filling up the DagBag from /home/airflow/.local/lib/python3.8/site-packages/airflow/example_dags/tutorial_objectstorage.py
[2025-07-11T09:54:39.130+0000] {processor.py:840} INFO - DAG(s) 'tutorial_objectstorage' retrieved from /home/airflow/.local/lib/python3.8/site-packages/airflow/example_dags/tutorial_objectstorage.py
[2025-07-11T09:54:39.162+0000] {logging_mixin.py:188} INFO - [2025-07-11T09:54:39.162+0000] {dag.py:3036} INFO - Sync 1 DAGs
[2025-07-11T09:54:39.184+0000] {logging_mixin.py:188} INFO - [2025-07-11T09:54:39.184+0000] {dag.py:3823} INFO - Setting next_dagrun for tutorial_objectstorage to None, run_after=None
[2025-07-11T09:54:39.226+0000] {processor.py:183} INFO - Processing /home/airflow/.local/lib/python3.8/site-packages/airflow/example_dags/tutorial_objectstorage.py took 0.114 seconds
