[2025-07-11T09:25:00.029+0000] {processor.py:161} INFO - Started process (PID=111) to work on /home/airflow/.local/lib/python3.8/site-packages/airflow/example_dags/tutorial.py
[2025-07-11T09:25:00.031+0000] {processor.py:830} INFO - Processing file /home/airflow/.local/lib/python3.8/site-packages/airflow/example_dags/tutorial.py for tasks to queue
[2025-07-11T09:25:00.034+0000] {logging_mixin.py:188} INFO - [2025-07-11T09:25:00.033+0000] {dagbag.py:538} INFO - Filling up the DagBag from /home/airflow/.local/lib/python3.8/site-packages/airflow/example_dags/tutorial.py
[2025-07-11T09:25:00.045+0000] {processor.py:840} INFO - DAG(s) 'tutorial' retrieved from /home/airflow/.local/lib/python3.8/site-packages/airflow/example_dags/tutorial.py
[2025-07-11T09:25:00.218+0000] {logging_mixin.py:188} INFO - [2025-07-11T09:25:00.217+0000] {override.py:1769} INFO - Created Permission View: can edit on DAG:tutorial
[2025-07-11T09:25:00.238+0000] {logging_mixin.py:188} INFO - [2025-07-11T09:25:00.237+0000] {override.py:1769} INFO - Created Permission View: can delete on DAG:tutorial
[2025-07-11T09:25:00.253+0000] {logging_mixin.py:188} INFO - [2025-07-11T09:25:00.252+0000] {override.py:1769} INFO - Created Permission View: can read on DAG:tutorial
[2025-07-11T09:25:00.253+0000] {logging_mixin.py:188} INFO - [2025-07-11T09:25:00.253+0000] {dag.py:3036} INFO - Sync 1 DAGs
[2025-07-11T09:25:00.271+0000] {logging_mixin.py:188} INFO - [2025-07-11T09:25:00.271+0000] {dag.py:3058} INFO - Creating ORM DAG for tutorial
[2025-07-11T09:25:00.288+0000] {logging_mixin.py:188} INFO - [2025-07-11T09:25:00.287+0000] {dag.py:3823} INFO - Setting next_dagrun for tutorial to 2025-07-10 00:00:00+00:00, run_after=2025-07-11 00:00:00+00:00
[2025-07-11T09:25:00.326+0000] {processor.py:183} INFO - Processing /home/airflow/.local/lib/python3.8/site-packages/airflow/example_dags/tutorial.py took 0.303 seconds
[2025-07-11T09:25:30.375+0000] {processor.py:161} INFO - Started process (PID=166) to work on /home/airflow/.local/lib/python3.8/site-packages/airflow/example_dags/tutorial.py
[2025-07-11T09:25:30.377+0000] {processor.py:830} INFO - Processing file /home/airflow/.local/lib/python3.8/site-packages/airflow/example_dags/tutorial.py for tasks to queue
[2025-07-11T09:25:30.380+0000] {logging_mixin.py:188} INFO - [2025-07-11T09:25:30.379+0000] {dagbag.py:538} INFO - Filling up the DagBag from /home/airflow/.local/lib/python3.8/site-packages/airflow/example_dags/tutorial.py
[2025-07-11T09:25:30.388+0000] {processor.py:840} INFO - DAG(s) 'tutorial' retrieved from /home/airflow/.local/lib/python3.8/site-packages/airflow/example_dags/tutorial.py
[2025-07-11T09:25:30.415+0000] {logging_mixin.py:188} INFO - [2025-07-11T09:25:30.415+0000] {dag.py:3036} INFO - Sync 1 DAGs
[2025-07-11T09:25:30.445+0000] {logging_mixin.py:188} INFO - [2025-07-11T09:25:30.445+0000] {dag.py:3823} INFO - Setting next_dagrun for tutorial to 2025-07-10 00:00:00+00:00, run_after=2025-07-11 00:00:00+00:00
[2025-07-11T09:25:30.473+0000] {processor.py:183} INFO - Processing /home/airflow/.local/lib/python3.8/site-packages/airflow/example_dags/tutorial.py took 0.102 seconds
[2025-07-11T09:26:00.616+0000] {processor.py:161} INFO - Started process (PID=221) to work on /home/airflow/.local/lib/python3.8/site-packages/airflow/example_dags/tutorial.py
[2025-07-11T09:26:00.618+0000] {processor.py:830} INFO - Processing file /home/airflow/.local/lib/python3.8/site-packages/airflow/example_dags/tutorial.py for tasks to queue
[2025-07-11T09:26:00.621+0000] {logging_mixin.py:188} INFO - [2025-07-11T09:26:00.621+0000] {dagbag.py:538} INFO - Filling up the DagBag from /home/airflow/.local/lib/python3.8/site-packages/airflow/example_dags/tutorial.py
[2025-07-11T09:26:00.631+0000] {processor.py:840} INFO - DAG(s) 'tutorial' retrieved from /home/airflow/.local/lib/python3.8/site-packages/airflow/example_dags/tutorial.py
[2025-07-11T09:26:00.666+0000] {logging_mixin.py:188} INFO - [2025-07-11T09:26:00.665+0000] {dag.py:3036} INFO - Sync 1 DAGs
[2025-07-11T09:26:00.705+0000] {logging_mixin.py:188} INFO - [2025-07-11T09:26:00.705+0000] {dag.py:3823} INFO - Setting next_dagrun for tutorial to 2025-07-10 00:00:00+00:00, run_after=2025-07-11 00:00:00+00:00
[2025-07-11T09:26:00.741+0000] {processor.py:183} INFO - Processing /home/airflow/.local/lib/python3.8/site-packages/airflow/example_dags/tutorial.py took 0.129 seconds
[2025-07-11T09:26:31.064+0000] {processor.py:161} INFO - Started process (PID=276) to work on /home/airflow/.local/lib/python3.8/site-packages/airflow/example_dags/tutorial.py
[2025-07-11T09:26:31.065+0000] {processor.py:830} INFO - Processing file /home/airflow/.local/lib/python3.8/site-packages/airflow/example_dags/tutorial.py for tasks to queue
[2025-07-11T09:26:31.068+0000] {logging_mixin.py:188} INFO - [2025-07-11T09:26:31.067+0000] {dagbag.py:538} INFO - Filling up the DagBag from /home/airflow/.local/lib/python3.8/site-packages/airflow/example_dags/tutorial.py
[2025-07-11T09:26:31.076+0000] {processor.py:840} INFO - DAG(s) 'tutorial' retrieved from /home/airflow/.local/lib/python3.8/site-packages/airflow/example_dags/tutorial.py
[2025-07-11T09:26:31.105+0000] {logging_mixin.py:188} INFO - [2025-07-11T09:26:31.105+0000] {dag.py:3036} INFO - Sync 1 DAGs
[2025-07-11T09:26:31.141+0000] {logging_mixin.py:188} INFO - [2025-07-11T09:26:31.141+0000] {dag.py:3823} INFO - Setting next_dagrun for tutorial to 2025-07-10 00:00:00+00:00, run_after=2025-07-11 00:00:00+00:00
[2025-07-11T09:26:31.171+0000] {processor.py:183} INFO - Processing /home/airflow/.local/lib/python3.8/site-packages/airflow/example_dags/tutorial.py took 0.112 seconds
[2025-07-11T09:27:01.455+0000] {processor.py:161} INFO - Started process (PID=331) to work on /home/airflow/.local/lib/python3.8/site-packages/airflow/example_dags/tutorial.py
[2025-07-11T09:27:01.457+0000] {processor.py:830} INFO - Processing file /home/airflow/.local/lib/python3.8/site-packages/airflow/example_dags/tutorial.py for tasks to queue
[2025-07-11T09:27:01.459+0000] {logging_mixin.py:188} INFO - [2025-07-11T09:27:01.459+0000] {dagbag.py:538} INFO - Filling up the DagBag from /home/airflow/.local/lib/python3.8/site-packages/airflow/example_dags/tutorial.py
[2025-07-11T09:27:01.468+0000] {processor.py:840} INFO - DAG(s) 'tutorial' retrieved from /home/airflow/.local/lib/python3.8/site-packages/airflow/example_dags/tutorial.py
[2025-07-11T09:27:01.498+0000] {logging_mixin.py:188} INFO - [2025-07-11T09:27:01.498+0000] {dag.py:3036} INFO - Sync 1 DAGs
[2025-07-11T09:27:01.532+0000] {logging_mixin.py:188} INFO - [2025-07-11T09:27:01.532+0000] {dag.py:3823} INFO - Setting next_dagrun for tutorial to 2025-07-10 00:00:00+00:00, run_after=2025-07-11 00:00:00+00:00
[2025-07-11T09:27:01.561+0000] {processor.py:183} INFO - Processing /home/airflow/.local/lib/python3.8/site-packages/airflow/example_dags/tutorial.py took 0.110 seconds
[2025-07-11T09:28:27.261+0000] {processor.py:161} INFO - Started process (PID=112) to work on /home/airflow/.local/lib/python3.8/site-packages/airflow/example_dags/tutorial.py
[2025-07-11T09:28:27.262+0000] {processor.py:830} INFO - Processing file /home/airflow/.local/lib/python3.8/site-packages/airflow/example_dags/tutorial.py for tasks to queue
[2025-07-11T09:28:27.265+0000] {logging_mixin.py:188} INFO - [2025-07-11T09:28:27.264+0000] {dagbag.py:538} INFO - Filling up the DagBag from /home/airflow/.local/lib/python3.8/site-packages/airflow/example_dags/tutorial.py
[2025-07-11T09:28:27.274+0000] {processor.py:840} INFO - DAG(s) 'tutorial' retrieved from /home/airflow/.local/lib/python3.8/site-packages/airflow/example_dags/tutorial.py
[2025-07-11T09:28:27.420+0000] {logging_mixin.py:188} INFO - [2025-07-11T09:28:27.419+0000] {override.py:1769} INFO - Created Permission View: can read on DAG:tutorial
[2025-07-11T09:28:27.437+0000] {logging_mixin.py:188} INFO - [2025-07-11T09:28:27.436+0000] {override.py:1769} INFO - Created Permission View: can delete on DAG:tutorial
[2025-07-11T09:28:27.449+0000] {logging_mixin.py:188} INFO - [2025-07-11T09:28:27.449+0000] {override.py:1769} INFO - Created Permission View: can edit on DAG:tutorial
[2025-07-11T09:28:27.450+0000] {logging_mixin.py:188} INFO - [2025-07-11T09:28:27.450+0000] {dag.py:3036} INFO - Sync 1 DAGs
[2025-07-11T09:28:27.465+0000] {logging_mixin.py:188} INFO - [2025-07-11T09:28:27.464+0000] {dag.py:3058} INFO - Creating ORM DAG for tutorial
[2025-07-11T09:28:27.478+0000] {logging_mixin.py:188} INFO - [2025-07-11T09:28:27.478+0000] {dag.py:3823} INFO - Setting next_dagrun for tutorial to 2025-07-10 00:00:00+00:00, run_after=2025-07-11 00:00:00+00:00
[2025-07-11T09:28:27.504+0000] {processor.py:183} INFO - Processing /home/airflow/.local/lib/python3.8/site-packages/airflow/example_dags/tutorial.py took 0.247 seconds
[2025-07-11T09:28:58.039+0000] {processor.py:161} INFO - Started process (PID=167) to work on /home/airflow/.local/lib/python3.8/site-packages/airflow/example_dags/tutorial.py
[2025-07-11T09:28:58.041+0000] {processor.py:830} INFO - Processing file /home/airflow/.local/lib/python3.8/site-packages/airflow/example_dags/tutorial.py for tasks to queue
[2025-07-11T09:28:58.044+0000] {logging_mixin.py:188} INFO - [2025-07-11T09:28:58.043+0000] {dagbag.py:538} INFO - Filling up the DagBag from /home/airflow/.local/lib/python3.8/site-packages/airflow/example_dags/tutorial.py
[2025-07-11T09:28:58.051+0000] {processor.py:840} INFO - DAG(s) 'tutorial' retrieved from /home/airflow/.local/lib/python3.8/site-packages/airflow/example_dags/tutorial.py
[2025-07-11T09:28:58.079+0000] {logging_mixin.py:188} INFO - [2025-07-11T09:28:58.078+0000] {dag.py:3036} INFO - Sync 1 DAGs
[2025-07-11T09:28:58.111+0000] {logging_mixin.py:188} INFO - [2025-07-11T09:28:58.111+0000] {dag.py:3823} INFO - Setting next_dagrun for tutorial to 2025-07-10 00:00:00+00:00, run_after=2025-07-11 00:00:00+00:00
[2025-07-11T09:28:58.142+0000] {processor.py:183} INFO - Processing /home/airflow/.local/lib/python3.8/site-packages/airflow/example_dags/tutorial.py took 0.108 seconds
[2025-07-11T09:29:28.397+0000] {processor.py:161} INFO - Started process (PID=222) to work on /home/airflow/.local/lib/python3.8/site-packages/airflow/example_dags/tutorial.py
[2025-07-11T09:29:28.398+0000] {processor.py:830} INFO - Processing file /home/airflow/.local/lib/python3.8/site-packages/airflow/example_dags/tutorial.py for tasks to queue
[2025-07-11T09:29:28.402+0000] {logging_mixin.py:188} INFO - [2025-07-11T09:29:28.401+0000] {dagbag.py:538} INFO - Filling up the DagBag from /home/airflow/.local/lib/python3.8/site-packages/airflow/example_dags/tutorial.py
[2025-07-11T09:29:28.410+0000] {processor.py:840} INFO - DAG(s) 'tutorial' retrieved from /home/airflow/.local/lib/python3.8/site-packages/airflow/example_dags/tutorial.py
[2025-07-11T09:29:28.437+0000] {logging_mixin.py:188} INFO - [2025-07-11T09:29:28.437+0000] {dag.py:3036} INFO - Sync 1 DAGs
[2025-07-11T09:29:28.481+0000] {logging_mixin.py:188} INFO - [2025-07-11T09:29:28.481+0000] {dag.py:3823} INFO - Setting next_dagrun for tutorial to 2025-07-10 00:00:00+00:00, run_after=2025-07-11 00:00:00+00:00
[2025-07-11T09:29:28.516+0000] {processor.py:183} INFO - Processing /home/airflow/.local/lib/python3.8/site-packages/airflow/example_dags/tutorial.py took 0.124 seconds
[2025-07-11T09:29:58.582+0000] {processor.py:161} INFO - Started process (PID=277) to work on /home/airflow/.local/lib/python3.8/site-packages/airflow/example_dags/tutorial.py
[2025-07-11T09:29:58.584+0000] {processor.py:830} INFO - Processing file /home/airflow/.local/lib/python3.8/site-packages/airflow/example_dags/tutorial.py for tasks to queue
[2025-07-11T09:29:58.588+0000] {logging_mixin.py:188} INFO - [2025-07-11T09:29:58.588+0000] {dagbag.py:538} INFO - Filling up the DagBag from /home/airflow/.local/lib/python3.8/site-packages/airflow/example_dags/tutorial.py
[2025-07-11T09:29:58.597+0000] {processor.py:840} INFO - DAG(s) 'tutorial' retrieved from /home/airflow/.local/lib/python3.8/site-packages/airflow/example_dags/tutorial.py
[2025-07-11T09:29:58.624+0000] {logging_mixin.py:188} INFO - [2025-07-11T09:29:58.623+0000] {dag.py:3036} INFO - Sync 1 DAGs
[2025-07-11T09:29:58.653+0000] {logging_mixin.py:188} INFO - [2025-07-11T09:29:58.653+0000] {dag.py:3823} INFO - Setting next_dagrun for tutorial to 2025-07-10 00:00:00+00:00, run_after=2025-07-11 00:00:00+00:00
[2025-07-11T09:29:58.680+0000] {processor.py:183} INFO - Processing /home/airflow/.local/lib/python3.8/site-packages/airflow/example_dags/tutorial.py took 0.103 seconds
[2025-07-11T09:30:29.449+0000] {processor.py:161} INFO - Started process (PID=332) to work on /home/airflow/.local/lib/python3.8/site-packages/airflow/example_dags/tutorial.py
[2025-07-11T09:30:29.452+0000] {processor.py:830} INFO - Processing file /home/airflow/.local/lib/python3.8/site-packages/airflow/example_dags/tutorial.py for tasks to queue
[2025-07-11T09:30:29.454+0000] {logging_mixin.py:188} INFO - [2025-07-11T09:30:29.454+0000] {dagbag.py:538} INFO - Filling up the DagBag from /home/airflow/.local/lib/python3.8/site-packages/airflow/example_dags/tutorial.py
[2025-07-11T09:30:29.468+0000] {processor.py:840} INFO - DAG(s) 'tutorial' retrieved from /home/airflow/.local/lib/python3.8/site-packages/airflow/example_dags/tutorial.py
[2025-07-11T09:30:29.502+0000] {logging_mixin.py:188} INFO - [2025-07-11T09:30:29.502+0000] {dag.py:3036} INFO - Sync 1 DAGs
[2025-07-11T09:30:29.544+0000] {logging_mixin.py:188} INFO - [2025-07-11T09:30:29.544+0000] {dag.py:3823} INFO - Setting next_dagrun for tutorial to 2025-07-10 00:00:00+00:00, run_after=2025-07-11 00:00:00+00:00
[2025-07-11T09:30:29.579+0000] {processor.py:183} INFO - Processing /home/airflow/.local/lib/python3.8/site-packages/airflow/example_dags/tutorial.py took 0.136 seconds
[2025-07-11T09:31:00.079+0000] {processor.py:161} INFO - Started process (PID=387) to work on /home/airflow/.local/lib/python3.8/site-packages/airflow/example_dags/tutorial.py
[2025-07-11T09:31:00.081+0000] {processor.py:830} INFO - Processing file /home/airflow/.local/lib/python3.8/site-packages/airflow/example_dags/tutorial.py for tasks to queue
[2025-07-11T09:31:00.083+0000] {logging_mixin.py:188} INFO - [2025-07-11T09:31:00.083+0000] {dagbag.py:538} INFO - Filling up the DagBag from /home/airflow/.local/lib/python3.8/site-packages/airflow/example_dags/tutorial.py
[2025-07-11T09:31:00.091+0000] {processor.py:840} INFO - DAG(s) 'tutorial' retrieved from /home/airflow/.local/lib/python3.8/site-packages/airflow/example_dags/tutorial.py
[2025-07-11T09:31:00.124+0000] {logging_mixin.py:188} INFO - [2025-07-11T09:31:00.124+0000] {dag.py:3036} INFO - Sync 1 DAGs
[2025-07-11T09:31:00.162+0000] {logging_mixin.py:188} INFO - [2025-07-11T09:31:00.162+0000] {dag.py:3823} INFO - Setting next_dagrun for tutorial to 2025-07-10 00:00:00+00:00, run_after=2025-07-11 00:00:00+00:00
[2025-07-11T09:31:00.190+0000] {processor.py:183} INFO - Processing /home/airflow/.local/lib/python3.8/site-packages/airflow/example_dags/tutorial.py took 0.115 seconds
[2025-07-11T09:31:30.376+0000] {processor.py:161} INFO - Started process (PID=442) to work on /home/airflow/.local/lib/python3.8/site-packages/airflow/example_dags/tutorial.py
[2025-07-11T09:31:30.377+0000] {processor.py:830} INFO - Processing file /home/airflow/.local/lib/python3.8/site-packages/airflow/example_dags/tutorial.py for tasks to queue
[2025-07-11T09:31:30.379+0000] {logging_mixin.py:188} INFO - [2025-07-11T09:31:30.379+0000] {dagbag.py:538} INFO - Filling up the DagBag from /home/airflow/.local/lib/python3.8/site-packages/airflow/example_dags/tutorial.py
[2025-07-11T09:31:30.387+0000] {processor.py:840} INFO - DAG(s) 'tutorial' retrieved from /home/airflow/.local/lib/python3.8/site-packages/airflow/example_dags/tutorial.py
[2025-07-11T09:31:30.417+0000] {logging_mixin.py:188} INFO - [2025-07-11T09:31:30.417+0000] {dag.py:3036} INFO - Sync 1 DAGs
[2025-07-11T09:31:30.448+0000] {logging_mixin.py:188} INFO - [2025-07-11T09:31:30.448+0000] {dag.py:3823} INFO - Setting next_dagrun for tutorial to 2025-07-10 00:00:00+00:00, run_after=2025-07-11 00:00:00+00:00
[2025-07-11T09:31:30.477+0000] {processor.py:183} INFO - Processing /home/airflow/.local/lib/python3.8/site-packages/airflow/example_dags/tutorial.py took 0.106 seconds
[2025-07-11T09:32:00.624+0000] {processor.py:161} INFO - Started process (PID=497) to work on /home/airflow/.local/lib/python3.8/site-packages/airflow/example_dags/tutorial.py
[2025-07-11T09:32:00.626+0000] {processor.py:830} INFO - Processing file /home/airflow/.local/lib/python3.8/site-packages/airflow/example_dags/tutorial.py for tasks to queue
[2025-07-11T09:32:00.629+0000] {logging_mixin.py:188} INFO - [2025-07-11T09:32:00.628+0000] {dagbag.py:538} INFO - Filling up the DagBag from /home/airflow/.local/lib/python3.8/site-packages/airflow/example_dags/tutorial.py
[2025-07-11T09:32:00.636+0000] {processor.py:840} INFO - DAG(s) 'tutorial' retrieved from /home/airflow/.local/lib/python3.8/site-packages/airflow/example_dags/tutorial.py
[2025-07-11T09:32:00.665+0000] {logging_mixin.py:188} INFO - [2025-07-11T09:32:00.664+0000] {dag.py:3036} INFO - Sync 1 DAGs
[2025-07-11T09:32:00.698+0000] {logging_mixin.py:188} INFO - [2025-07-11T09:32:00.698+0000] {dag.py:3823} INFO - Setting next_dagrun for tutorial to 2025-07-10 00:00:00+00:00, run_after=2025-07-11 00:00:00+00:00
[2025-07-11T09:32:00.729+0000] {processor.py:183} INFO - Processing /home/airflow/.local/lib/python3.8/site-packages/airflow/example_dags/tutorial.py took 0.109 seconds
[2025-07-11T09:32:31.076+0000] {processor.py:161} INFO - Started process (PID=552) to work on /home/airflow/.local/lib/python3.8/site-packages/airflow/example_dags/tutorial.py
[2025-07-11T09:32:31.078+0000] {processor.py:830} INFO - Processing file /home/airflow/.local/lib/python3.8/site-packages/airflow/example_dags/tutorial.py for tasks to queue
[2025-07-11T09:32:31.081+0000] {logging_mixin.py:188} INFO - [2025-07-11T09:32:31.080+0000] {dagbag.py:538} INFO - Filling up the DagBag from /home/airflow/.local/lib/python3.8/site-packages/airflow/example_dags/tutorial.py
[2025-07-11T09:32:31.090+0000] {processor.py:840} INFO - DAG(s) 'tutorial' retrieved from /home/airflow/.local/lib/python3.8/site-packages/airflow/example_dags/tutorial.py
[2025-07-11T09:32:31.125+0000] {logging_mixin.py:188} INFO - [2025-07-11T09:32:31.125+0000] {dag.py:3036} INFO - Sync 1 DAGs
[2025-07-11T09:32:31.169+0000] {logging_mixin.py:188} INFO - [2025-07-11T09:32:31.168+0000] {dag.py:3823} INFO - Setting next_dagrun for tutorial to 2025-07-10 00:00:00+00:00, run_after=2025-07-11 00:00:00+00:00
[2025-07-11T09:32:31.207+0000] {processor.py:183} INFO - Processing /home/airflow/.local/lib/python3.8/site-packages/airflow/example_dags/tutorial.py took 0.136 seconds
[2025-07-11T09:33:01.563+0000] {processor.py:161} INFO - Started process (PID=607) to work on /home/airflow/.local/lib/python3.8/site-packages/airflow/example_dags/tutorial.py
[2025-07-11T09:33:01.565+0000] {processor.py:830} INFO - Processing file /home/airflow/.local/lib/python3.8/site-packages/airflow/example_dags/tutorial.py for tasks to queue
[2025-07-11T09:33:01.569+0000] {logging_mixin.py:188} INFO - [2025-07-11T09:33:01.568+0000] {dagbag.py:538} INFO - Filling up the DagBag from /home/airflow/.local/lib/python3.8/site-packages/airflow/example_dags/tutorial.py
[2025-07-11T09:33:01.581+0000] {processor.py:840} INFO - DAG(s) 'tutorial' retrieved from /home/airflow/.local/lib/python3.8/site-packages/airflow/example_dags/tutorial.py
[2025-07-11T09:33:01.611+0000] {logging_mixin.py:188} INFO - [2025-07-11T09:33:01.611+0000] {dag.py:3036} INFO - Sync 1 DAGs
[2025-07-11T09:33:01.643+0000] {logging_mixin.py:188} INFO - [2025-07-11T09:33:01.642+0000] {dag.py:3823} INFO - Setting next_dagrun for tutorial to 2025-07-10 00:00:00+00:00, run_after=2025-07-11 00:00:00+00:00
[2025-07-11T09:33:01.673+0000] {processor.py:183} INFO - Processing /home/airflow/.local/lib/python3.8/site-packages/airflow/example_dags/tutorial.py took 0.117 seconds
[2025-07-11T09:33:31.891+0000] {processor.py:161} INFO - Started process (PID=662) to work on /home/airflow/.local/lib/python3.8/site-packages/airflow/example_dags/tutorial.py
[2025-07-11T09:33:31.893+0000] {processor.py:830} INFO - Processing file /home/airflow/.local/lib/python3.8/site-packages/airflow/example_dags/tutorial.py for tasks to queue
[2025-07-11T09:33:31.896+0000] {logging_mixin.py:188} INFO - [2025-07-11T09:33:31.895+0000] {dagbag.py:538} INFO - Filling up the DagBag from /home/airflow/.local/lib/python3.8/site-packages/airflow/example_dags/tutorial.py
[2025-07-11T09:33:31.904+0000] {processor.py:840} INFO - DAG(s) 'tutorial' retrieved from /home/airflow/.local/lib/python3.8/site-packages/airflow/example_dags/tutorial.py
[2025-07-11T09:33:31.935+0000] {logging_mixin.py:188} INFO - [2025-07-11T09:33:31.934+0000] {dag.py:3036} INFO - Sync 1 DAGs
[2025-07-11T09:33:31.970+0000] {logging_mixin.py:188} INFO - [2025-07-11T09:33:31.970+0000] {dag.py:3823} INFO - Setting next_dagrun for tutorial to 2025-07-10 00:00:00+00:00, run_after=2025-07-11 00:00:00+00:00
[2025-07-11T09:33:32.003+0000] {processor.py:183} INFO - Processing /home/airflow/.local/lib/python3.8/site-packages/airflow/example_dags/tutorial.py took 0.117 seconds
[2025-07-11T09:34:49.285+0000] {processor.py:161} INFO - Started process (PID=113) to work on /home/airflow/.local/lib/python3.8/site-packages/airflow/example_dags/tutorial.py
[2025-07-11T09:34:49.286+0000] {processor.py:830} INFO - Processing file /home/airflow/.local/lib/python3.8/site-packages/airflow/example_dags/tutorial.py for tasks to queue
[2025-07-11T09:34:49.290+0000] {logging_mixin.py:188} INFO - [2025-07-11T09:34:49.289+0000] {dagbag.py:538} INFO - Filling up the DagBag from /home/airflow/.local/lib/python3.8/site-packages/airflow/example_dags/tutorial.py
[2025-07-11T09:34:49.301+0000] {processor.py:840} INFO - DAG(s) 'tutorial' retrieved from /home/airflow/.local/lib/python3.8/site-packages/airflow/example_dags/tutorial.py
[2025-07-11T09:34:49.455+0000] {logging_mixin.py:188} INFO - [2025-07-11T09:34:49.454+0000] {override.py:1769} INFO - Created Permission View: can edit on DAG:tutorial
[2025-07-11T09:34:49.472+0000] {logging_mixin.py:188} INFO - [2025-07-11T09:34:49.471+0000] {override.py:1769} INFO - Created Permission View: can delete on DAG:tutorial
[2025-07-11T09:34:49.484+0000] {logging_mixin.py:188} INFO - [2025-07-11T09:34:49.483+0000] {override.py:1769} INFO - Created Permission View: can read on DAG:tutorial
[2025-07-11T09:34:49.485+0000] {logging_mixin.py:188} INFO - [2025-07-11T09:34:49.485+0000] {dag.py:3036} INFO - Sync 1 DAGs
[2025-07-11T09:34:49.500+0000] {logging_mixin.py:188} INFO - [2025-07-11T09:34:49.500+0000] {dag.py:3058} INFO - Creating ORM DAG for tutorial
[2025-07-11T09:34:49.514+0000] {logging_mixin.py:188} INFO - [2025-07-11T09:34:49.513+0000] {dag.py:3823} INFO - Setting next_dagrun for tutorial to 2025-07-10 00:00:00+00:00, run_after=2025-07-11 00:00:00+00:00
[2025-07-11T09:34:49.541+0000] {processor.py:183} INFO - Processing /home/airflow/.local/lib/python3.8/site-packages/airflow/example_dags/tutorial.py took 0.261 seconds
[2025-07-11T09:35:20.025+0000] {processor.py:161} INFO - Started process (PID=168) to work on /home/airflow/.local/lib/python3.8/site-packages/airflow/example_dags/tutorial.py
[2025-07-11T09:35:20.027+0000] {processor.py:830} INFO - Processing file /home/airflow/.local/lib/python3.8/site-packages/airflow/example_dags/tutorial.py for tasks to queue
[2025-07-11T09:35:20.029+0000] {logging_mixin.py:188} INFO - [2025-07-11T09:35:20.029+0000] {dagbag.py:538} INFO - Filling up the DagBag from /home/airflow/.local/lib/python3.8/site-packages/airflow/example_dags/tutorial.py
[2025-07-11T09:35:20.039+0000] {processor.py:840} INFO - DAG(s) 'tutorial' retrieved from /home/airflow/.local/lib/python3.8/site-packages/airflow/example_dags/tutorial.py
[2025-07-11T09:35:20.068+0000] {logging_mixin.py:188} INFO - [2025-07-11T09:35:20.067+0000] {dag.py:3036} INFO - Sync 1 DAGs
[2025-07-11T09:35:20.104+0000] {logging_mixin.py:188} INFO - [2025-07-11T09:35:20.104+0000] {dag.py:3823} INFO - Setting next_dagrun for tutorial to 2025-07-10 00:00:00+00:00, run_after=2025-07-11 00:00:00+00:00
[2025-07-11T09:35:20.138+0000] {processor.py:183} INFO - Processing /home/airflow/.local/lib/python3.8/site-packages/airflow/example_dags/tutorial.py took 0.117 seconds
[2025-07-11T09:35:50.257+0000] {processor.py:161} INFO - Started process (PID=223) to work on /home/airflow/.local/lib/python3.8/site-packages/airflow/example_dags/tutorial.py
[2025-07-11T09:35:50.259+0000] {processor.py:830} INFO - Processing file /home/airflow/.local/lib/python3.8/site-packages/airflow/example_dags/tutorial.py for tasks to queue
[2025-07-11T09:35:50.262+0000] {logging_mixin.py:188} INFO - [2025-07-11T09:35:50.262+0000] {dagbag.py:538} INFO - Filling up the DagBag from /home/airflow/.local/lib/python3.8/site-packages/airflow/example_dags/tutorial.py
[2025-07-11T09:35:50.273+0000] {processor.py:840} INFO - DAG(s) 'tutorial' retrieved from /home/airflow/.local/lib/python3.8/site-packages/airflow/example_dags/tutorial.py
[2025-07-11T09:35:50.302+0000] {logging_mixin.py:188} INFO - [2025-07-11T09:35:50.302+0000] {dag.py:3036} INFO - Sync 1 DAGs
[2025-07-11T09:35:50.334+0000] {logging_mixin.py:188} INFO - [2025-07-11T09:35:50.334+0000] {dag.py:3823} INFO - Setting next_dagrun for tutorial to 2025-07-10 00:00:00+00:00, run_after=2025-07-11 00:00:00+00:00
[2025-07-11T09:35:50.365+0000] {processor.py:183} INFO - Processing /home/airflow/.local/lib/python3.8/site-packages/airflow/example_dags/tutorial.py took 0.112 seconds
[2025-07-11T09:36:20.543+0000] {processor.py:161} INFO - Started process (PID=278) to work on /home/airflow/.local/lib/python3.8/site-packages/airflow/example_dags/tutorial.py
[2025-07-11T09:36:20.547+0000] {processor.py:830} INFO - Processing file /home/airflow/.local/lib/python3.8/site-packages/airflow/example_dags/tutorial.py for tasks to queue
[2025-07-11T09:36:20.549+0000] {logging_mixin.py:188} INFO - [2025-07-11T09:36:20.549+0000] {dagbag.py:538} INFO - Filling up the DagBag from /home/airflow/.local/lib/python3.8/site-packages/airflow/example_dags/tutorial.py
[2025-07-11T09:36:20.557+0000] {processor.py:840} INFO - DAG(s) 'tutorial' retrieved from /home/airflow/.local/lib/python3.8/site-packages/airflow/example_dags/tutorial.py
[2025-07-11T09:36:20.583+0000] {logging_mixin.py:188} INFO - [2025-07-11T09:36:20.583+0000] {dag.py:3036} INFO - Sync 1 DAGs
[2025-07-11T09:36:20.612+0000] {logging_mixin.py:188} INFO - [2025-07-11T09:36:20.612+0000] {dag.py:3823} INFO - Setting next_dagrun for tutorial to 2025-07-10 00:00:00+00:00, run_after=2025-07-11 00:00:00+00:00
[2025-07-11T09:36:20.641+0000] {processor.py:183} INFO - Processing /home/airflow/.local/lib/python3.8/site-packages/airflow/example_dags/tutorial.py took 0.102 seconds
[2025-07-11T09:36:50.863+0000] {processor.py:161} INFO - Started process (PID=333) to work on /home/airflow/.local/lib/python3.8/site-packages/airflow/example_dags/tutorial.py
[2025-07-11T09:36:50.864+0000] {processor.py:830} INFO - Processing file /home/airflow/.local/lib/python3.8/site-packages/airflow/example_dags/tutorial.py for tasks to queue
[2025-07-11T09:36:50.866+0000] {logging_mixin.py:188} INFO - [2025-07-11T09:36:50.866+0000] {dagbag.py:538} INFO - Filling up the DagBag from /home/airflow/.local/lib/python3.8/site-packages/airflow/example_dags/tutorial.py
[2025-07-11T09:36:50.874+0000] {processor.py:840} INFO - DAG(s) 'tutorial' retrieved from /home/airflow/.local/lib/python3.8/site-packages/airflow/example_dags/tutorial.py
[2025-07-11T09:36:50.900+0000] {logging_mixin.py:188} INFO - [2025-07-11T09:36:50.900+0000] {dag.py:3036} INFO - Sync 1 DAGs
[2025-07-11T09:36:50.929+0000] {logging_mixin.py:188} INFO - [2025-07-11T09:36:50.929+0000] {dag.py:3823} INFO - Setting next_dagrun for tutorial to 2025-07-10 00:00:00+00:00, run_after=2025-07-11 00:00:00+00:00
[2025-07-11T09:36:50.955+0000] {processor.py:183} INFO - Processing /home/airflow/.local/lib/python3.8/site-packages/airflow/example_dags/tutorial.py took 0.096 seconds
[2025-07-11T09:37:21.465+0000] {processor.py:161} INFO - Started process (PID=388) to work on /home/airflow/.local/lib/python3.8/site-packages/airflow/example_dags/tutorial.py
[2025-07-11T09:37:21.470+0000] {processor.py:830} INFO - Processing file /home/airflow/.local/lib/python3.8/site-packages/airflow/example_dags/tutorial.py for tasks to queue
[2025-07-11T09:37:21.472+0000] {logging_mixin.py:188} INFO - [2025-07-11T09:37:21.472+0000] {dagbag.py:538} INFO - Filling up the DagBag from /home/airflow/.local/lib/python3.8/site-packages/airflow/example_dags/tutorial.py
[2025-07-11T09:37:21.480+0000] {processor.py:840} INFO - DAG(s) 'tutorial' retrieved from /home/airflow/.local/lib/python3.8/site-packages/airflow/example_dags/tutorial.py
[2025-07-11T09:37:21.510+0000] {logging_mixin.py:188} INFO - [2025-07-11T09:37:21.510+0000] {dag.py:3036} INFO - Sync 1 DAGs
[2025-07-11T09:37:21.549+0000] {logging_mixin.py:188} INFO - [2025-07-11T09:37:21.549+0000] {dag.py:3823} INFO - Setting next_dagrun for tutorial to 2025-07-10 00:00:00+00:00, run_after=2025-07-11 00:00:00+00:00
[2025-07-11T09:37:21.588+0000] {processor.py:183} INFO - Processing /home/airflow/.local/lib/python3.8/site-packages/airflow/example_dags/tutorial.py took 0.127 seconds
[2025-07-11T09:37:52.380+0000] {processor.py:161} INFO - Started process (PID=443) to work on /home/airflow/.local/lib/python3.8/site-packages/airflow/example_dags/tutorial.py
[2025-07-11T09:37:52.382+0000] {processor.py:830} INFO - Processing file /home/airflow/.local/lib/python3.8/site-packages/airflow/example_dags/tutorial.py for tasks to queue
[2025-07-11T09:37:52.384+0000] {logging_mixin.py:188} INFO - [2025-07-11T09:37:52.384+0000] {dagbag.py:538} INFO - Filling up the DagBag from /home/airflow/.local/lib/python3.8/site-packages/airflow/example_dags/tutorial.py
[2025-07-11T09:37:52.393+0000] {processor.py:840} INFO - DAG(s) 'tutorial' retrieved from /home/airflow/.local/lib/python3.8/site-packages/airflow/example_dags/tutorial.py
[2025-07-11T09:37:52.420+0000] {logging_mixin.py:188} INFO - [2025-07-11T09:37:52.420+0000] {dag.py:3036} INFO - Sync 1 DAGs
[2025-07-11T09:37:52.455+0000] {logging_mixin.py:188} INFO - [2025-07-11T09:37:52.455+0000] {dag.py:3823} INFO - Setting next_dagrun for tutorial to 2025-07-10 00:00:00+00:00, run_after=2025-07-11 00:00:00+00:00
[2025-07-11T09:37:52.486+0000] {processor.py:183} INFO - Processing /home/airflow/.local/lib/python3.8/site-packages/airflow/example_dags/tutorial.py took 0.111 seconds
[2025-07-11T09:38:22.863+0000] {processor.py:161} INFO - Started process (PID=498) to work on /home/airflow/.local/lib/python3.8/site-packages/airflow/example_dags/tutorial.py
[2025-07-11T09:38:22.865+0000] {processor.py:830} INFO - Processing file /home/airflow/.local/lib/python3.8/site-packages/airflow/example_dags/tutorial.py for tasks to queue
[2025-07-11T09:38:22.868+0000] {logging_mixin.py:188} INFO - [2025-07-11T09:38:22.867+0000] {dagbag.py:538} INFO - Filling up the DagBag from /home/airflow/.local/lib/python3.8/site-packages/airflow/example_dags/tutorial.py
[2025-07-11T09:38:22.877+0000] {processor.py:840} INFO - DAG(s) 'tutorial' retrieved from /home/airflow/.local/lib/python3.8/site-packages/airflow/example_dags/tutorial.py
[2025-07-11T09:38:22.911+0000] {logging_mixin.py:188} INFO - [2025-07-11T09:38:22.911+0000] {dag.py:3036} INFO - Sync 1 DAGs
[2025-07-11T09:38:22.957+0000] {logging_mixin.py:188} INFO - [2025-07-11T09:38:22.956+0000] {dag.py:3823} INFO - Setting next_dagrun for tutorial to 2025-07-10 00:00:00+00:00, run_after=2025-07-11 00:00:00+00:00
[2025-07-11T09:38:22.996+0000] {processor.py:183} INFO - Processing /home/airflow/.local/lib/python3.8/site-packages/airflow/example_dags/tutorial.py took 0.138 seconds
[2025-07-11T09:38:53.384+0000] {processor.py:161} INFO - Started process (PID=553) to work on /home/airflow/.local/lib/python3.8/site-packages/airflow/example_dags/tutorial.py
[2025-07-11T09:38:53.386+0000] {processor.py:830} INFO - Processing file /home/airflow/.local/lib/python3.8/site-packages/airflow/example_dags/tutorial.py for tasks to queue
[2025-07-11T09:38:53.388+0000] {logging_mixin.py:188} INFO - [2025-07-11T09:38:53.388+0000] {dagbag.py:538} INFO - Filling up the DagBag from /home/airflow/.local/lib/python3.8/site-packages/airflow/example_dags/tutorial.py
[2025-07-11T09:38:53.397+0000] {processor.py:840} INFO - DAG(s) 'tutorial' retrieved from /home/airflow/.local/lib/python3.8/site-packages/airflow/example_dags/tutorial.py
[2025-07-11T09:38:53.425+0000] {logging_mixin.py:188} INFO - [2025-07-11T09:38:53.425+0000] {dag.py:3036} INFO - Sync 1 DAGs
[2025-07-11T09:38:53.457+0000] {logging_mixin.py:188} INFO - [2025-07-11T09:38:53.457+0000] {dag.py:3823} INFO - Setting next_dagrun for tutorial to 2025-07-10 00:00:00+00:00, run_after=2025-07-11 00:00:00+00:00
[2025-07-11T09:38:53.488+0000] {processor.py:183} INFO - Processing /home/airflow/.local/lib/python3.8/site-packages/airflow/example_dags/tutorial.py took 0.109 seconds
[2025-07-11T09:39:23.675+0000] {processor.py:161} INFO - Started process (PID=609) to work on /home/airflow/.local/lib/python3.8/site-packages/airflow/example_dags/tutorial.py
[2025-07-11T09:39:23.677+0000] {processor.py:830} INFO - Processing file /home/airflow/.local/lib/python3.8/site-packages/airflow/example_dags/tutorial.py for tasks to queue
[2025-07-11T09:39:23.681+0000] {logging_mixin.py:188} INFO - [2025-07-11T09:39:23.680+0000] {dagbag.py:538} INFO - Filling up the DagBag from /home/airflow/.local/lib/python3.8/site-packages/airflow/example_dags/tutorial.py
[2025-07-11T09:39:23.689+0000] {processor.py:840} INFO - DAG(s) 'tutorial' retrieved from /home/airflow/.local/lib/python3.8/site-packages/airflow/example_dags/tutorial.py
[2025-07-11T09:39:23.719+0000] {logging_mixin.py:188} INFO - [2025-07-11T09:39:23.719+0000] {dag.py:3036} INFO - Sync 1 DAGs
[2025-07-11T09:39:23.754+0000] {logging_mixin.py:188} INFO - [2025-07-11T09:39:23.753+0000] {dag.py:3823} INFO - Setting next_dagrun for tutorial to 2025-07-10 00:00:00+00:00, run_after=2025-07-11 00:00:00+00:00
[2025-07-11T09:39:23.788+0000] {processor.py:183} INFO - Processing /home/airflow/.local/lib/python3.8/site-packages/airflow/example_dags/tutorial.py took 0.118 seconds
[2025-07-11T09:39:54.118+0000] {processor.py:161} INFO - Started process (PID=664) to work on /home/airflow/.local/lib/python3.8/site-packages/airflow/example_dags/tutorial.py
[2025-07-11T09:39:54.120+0000] {processor.py:830} INFO - Processing file /home/airflow/.local/lib/python3.8/site-packages/airflow/example_dags/tutorial.py for tasks to queue
[2025-07-11T09:39:54.123+0000] {logging_mixin.py:188} INFO - [2025-07-11T09:39:54.122+0000] {dagbag.py:538} INFO - Filling up the DagBag from /home/airflow/.local/lib/python3.8/site-packages/airflow/example_dags/tutorial.py
[2025-07-11T09:39:54.131+0000] {processor.py:840} INFO - DAG(s) 'tutorial' retrieved from /home/airflow/.local/lib/python3.8/site-packages/airflow/example_dags/tutorial.py
[2025-07-11T09:39:54.161+0000] {logging_mixin.py:188} INFO - [2025-07-11T09:39:54.161+0000] {dag.py:3036} INFO - Sync 1 DAGs
[2025-07-11T09:39:54.192+0000] {logging_mixin.py:188} INFO - [2025-07-11T09:39:54.192+0000] {dag.py:3823} INFO - Setting next_dagrun for tutorial to 2025-07-10 00:00:00+00:00, run_after=2025-07-11 00:00:00+00:00
[2025-07-11T09:39:54.225+0000] {processor.py:183} INFO - Processing /home/airflow/.local/lib/python3.8/site-packages/airflow/example_dags/tutorial.py took 0.112 seconds
[2025-07-11T09:40:24.535+0000] {processor.py:161} INFO - Started process (PID=719) to work on /home/airflow/.local/lib/python3.8/site-packages/airflow/example_dags/tutorial.py
[2025-07-11T09:40:24.537+0000] {processor.py:830} INFO - Processing file /home/airflow/.local/lib/python3.8/site-packages/airflow/example_dags/tutorial.py for tasks to queue
[2025-07-11T09:40:24.540+0000] {logging_mixin.py:188} INFO - [2025-07-11T09:40:24.539+0000] {dagbag.py:538} INFO - Filling up the DagBag from /home/airflow/.local/lib/python3.8/site-packages/airflow/example_dags/tutorial.py
[2025-07-11T09:40:24.548+0000] {processor.py:840} INFO - DAG(s) 'tutorial' retrieved from /home/airflow/.local/lib/python3.8/site-packages/airflow/example_dags/tutorial.py
[2025-07-11T09:40:24.577+0000] {logging_mixin.py:188} INFO - [2025-07-11T09:40:24.577+0000] {dag.py:3036} INFO - Sync 1 DAGs
[2025-07-11T09:40:24.608+0000] {logging_mixin.py:188} INFO - [2025-07-11T09:40:24.608+0000] {dag.py:3823} INFO - Setting next_dagrun for tutorial to 2025-07-10 00:00:00+00:00, run_after=2025-07-11 00:00:00+00:00
[2025-07-11T09:40:24.638+0000] {processor.py:183} INFO - Processing /home/airflow/.local/lib/python3.8/site-packages/airflow/example_dags/tutorial.py took 0.108 seconds
[2025-07-11T09:40:54.943+0000] {processor.py:161} INFO - Started process (PID=774) to work on /home/airflow/.local/lib/python3.8/site-packages/airflow/example_dags/tutorial.py
[2025-07-11T09:40:54.944+0000] {processor.py:830} INFO - Processing file /home/airflow/.local/lib/python3.8/site-packages/airflow/example_dags/tutorial.py for tasks to queue
[2025-07-11T09:40:54.947+0000] {logging_mixin.py:188} INFO - [2025-07-11T09:40:54.947+0000] {dagbag.py:538} INFO - Filling up the DagBag from /home/airflow/.local/lib/python3.8/site-packages/airflow/example_dags/tutorial.py
[2025-07-11T09:40:54.956+0000] {processor.py:840} INFO - DAG(s) 'tutorial' retrieved from /home/airflow/.local/lib/python3.8/site-packages/airflow/example_dags/tutorial.py
[2025-07-11T09:40:54.984+0000] {logging_mixin.py:188} INFO - [2025-07-11T09:40:54.984+0000] {dag.py:3036} INFO - Sync 1 DAGs
[2025-07-11T09:40:55.017+0000] {logging_mixin.py:188} INFO - [2025-07-11T09:40:55.016+0000] {dag.py:3823} INFO - Setting next_dagrun for tutorial to 2025-07-10 00:00:00+00:00, run_after=2025-07-11 00:00:00+00:00
[2025-07-11T09:40:55.049+0000] {processor.py:183} INFO - Processing /home/airflow/.local/lib/python3.8/site-packages/airflow/example_dags/tutorial.py took 0.111 seconds
[2025-07-11T09:41:25.361+0000] {processor.py:161} INFO - Started process (PID=829) to work on /home/airflow/.local/lib/python3.8/site-packages/airflow/example_dags/tutorial.py
[2025-07-11T09:41:25.365+0000] {processor.py:830} INFO - Processing file /home/airflow/.local/lib/python3.8/site-packages/airflow/example_dags/tutorial.py for tasks to queue
[2025-07-11T09:41:25.367+0000] {logging_mixin.py:188} INFO - [2025-07-11T09:41:25.367+0000] {dagbag.py:538} INFO - Filling up the DagBag from /home/airflow/.local/lib/python3.8/site-packages/airflow/example_dags/tutorial.py
[2025-07-11T09:41:25.375+0000] {processor.py:840} INFO - DAG(s) 'tutorial' retrieved from /home/airflow/.local/lib/python3.8/site-packages/airflow/example_dags/tutorial.py
[2025-07-11T09:41:25.404+0000] {logging_mixin.py:188} INFO - [2025-07-11T09:41:25.403+0000] {dag.py:3036} INFO - Sync 1 DAGs
[2025-07-11T09:41:25.434+0000] {logging_mixin.py:188} INFO - [2025-07-11T09:41:25.434+0000] {dag.py:3823} INFO - Setting next_dagrun for tutorial to 2025-07-10 00:00:00+00:00, run_after=2025-07-11 00:00:00+00:00
[2025-07-11T09:41:25.463+0000] {processor.py:183} INFO - Processing /home/airflow/.local/lib/python3.8/site-packages/airflow/example_dags/tutorial.py took 0.107 seconds
[2025-07-11T09:41:55.734+0000] {processor.py:161} INFO - Started process (PID=884) to work on /home/airflow/.local/lib/python3.8/site-packages/airflow/example_dags/tutorial.py
[2025-07-11T09:41:55.737+0000] {processor.py:830} INFO - Processing file /home/airflow/.local/lib/python3.8/site-packages/airflow/example_dags/tutorial.py for tasks to queue
[2025-07-11T09:41:55.741+0000] {logging_mixin.py:188} INFO - [2025-07-11T09:41:55.740+0000] {dagbag.py:538} INFO - Filling up the DagBag from /home/airflow/.local/lib/python3.8/site-packages/airflow/example_dags/tutorial.py
[2025-07-11T09:41:55.752+0000] {processor.py:840} INFO - DAG(s) 'tutorial' retrieved from /home/airflow/.local/lib/python3.8/site-packages/airflow/example_dags/tutorial.py
[2025-07-11T09:41:55.782+0000] {logging_mixin.py:188} INFO - [2025-07-11T09:41:55.782+0000] {dag.py:3036} INFO - Sync 1 DAGs
[2025-07-11T09:41:55.814+0000] {logging_mixin.py:188} INFO - [2025-07-11T09:41:55.814+0000] {dag.py:3823} INFO - Setting next_dagrun for tutorial to 2025-07-10 00:00:00+00:00, run_after=2025-07-11 00:00:00+00:00
[2025-07-11T09:41:55.844+0000] {processor.py:183} INFO - Processing /home/airflow/.local/lib/python3.8/site-packages/airflow/example_dags/tutorial.py took 0.114 seconds
[2025-07-11T09:42:26.098+0000] {processor.py:161} INFO - Started process (PID=939) to work on /home/airflow/.local/lib/python3.8/site-packages/airflow/example_dags/tutorial.py
[2025-07-11T09:42:26.100+0000] {processor.py:830} INFO - Processing file /home/airflow/.local/lib/python3.8/site-packages/airflow/example_dags/tutorial.py for tasks to queue
[2025-07-11T09:42:26.104+0000] {logging_mixin.py:188} INFO - [2025-07-11T09:42:26.103+0000] {dagbag.py:538} INFO - Filling up the DagBag from /home/airflow/.local/lib/python3.8/site-packages/airflow/example_dags/tutorial.py
[2025-07-11T09:42:26.116+0000] {processor.py:840} INFO - DAG(s) 'tutorial' retrieved from /home/airflow/.local/lib/python3.8/site-packages/airflow/example_dags/tutorial.py
[2025-07-11T09:42:26.148+0000] {logging_mixin.py:188} INFO - [2025-07-11T09:42:26.148+0000] {dag.py:3036} INFO - Sync 1 DAGs
[2025-07-11T09:42:26.182+0000] {logging_mixin.py:188} INFO - [2025-07-11T09:42:26.182+0000] {dag.py:3823} INFO - Setting next_dagrun for tutorial to 2025-07-10 00:00:00+00:00, run_after=2025-07-11 00:00:00+00:00
[2025-07-11T09:42:26.212+0000] {processor.py:183} INFO - Processing /home/airflow/.local/lib/python3.8/site-packages/airflow/example_dags/tutorial.py took 0.120 seconds
[2025-07-11T09:42:56.509+0000] {processor.py:161} INFO - Started process (PID=994) to work on /home/airflow/.local/lib/python3.8/site-packages/airflow/example_dags/tutorial.py
[2025-07-11T09:42:56.512+0000] {processor.py:830} INFO - Processing file /home/airflow/.local/lib/python3.8/site-packages/airflow/example_dags/tutorial.py for tasks to queue
[2025-07-11T09:42:56.517+0000] {logging_mixin.py:188} INFO - [2025-07-11T09:42:56.516+0000] {dagbag.py:538} INFO - Filling up the DagBag from /home/airflow/.local/lib/python3.8/site-packages/airflow/example_dags/tutorial.py
[2025-07-11T09:42:56.540+0000] {processor.py:840} INFO - DAG(s) 'tutorial' retrieved from /home/airflow/.local/lib/python3.8/site-packages/airflow/example_dags/tutorial.py
[2025-07-11T09:42:56.585+0000] {logging_mixin.py:188} INFO - [2025-07-11T09:42:56.585+0000] {dag.py:3036} INFO - Sync 1 DAGs
[2025-07-11T09:42:56.640+0000] {logging_mixin.py:188} INFO - [2025-07-11T09:42:56.639+0000] {dag.py:3823} INFO - Setting next_dagrun for tutorial to 2025-07-10 00:00:00+00:00, run_after=2025-07-11 00:00:00+00:00
[2025-07-11T09:42:56.685+0000] {processor.py:183} INFO - Processing /home/airflow/.local/lib/python3.8/site-packages/airflow/example_dags/tutorial.py took 0.181 seconds
[2025-07-11T09:43:26.964+0000] {processor.py:161} INFO - Started process (PID=1049) to work on /home/airflow/.local/lib/python3.8/site-packages/airflow/example_dags/tutorial.py
[2025-07-11T09:43:26.966+0000] {processor.py:830} INFO - Processing file /home/airflow/.local/lib/python3.8/site-packages/airflow/example_dags/tutorial.py for tasks to queue
[2025-07-11T09:43:26.969+0000] {logging_mixin.py:188} INFO - [2025-07-11T09:43:26.968+0000] {dagbag.py:538} INFO - Filling up the DagBag from /home/airflow/.local/lib/python3.8/site-packages/airflow/example_dags/tutorial.py
[2025-07-11T09:43:26.977+0000] {processor.py:840} INFO - DAG(s) 'tutorial' retrieved from /home/airflow/.local/lib/python3.8/site-packages/airflow/example_dags/tutorial.py
[2025-07-11T09:43:27.004+0000] {logging_mixin.py:188} INFO - [2025-07-11T09:43:27.004+0000] {dag.py:3036} INFO - Sync 1 DAGs
[2025-07-11T09:43:27.035+0000] {logging_mixin.py:188} INFO - [2025-07-11T09:43:27.035+0000] {dag.py:3823} INFO - Setting next_dagrun for tutorial to 2025-07-10 00:00:00+00:00, run_after=2025-07-11 00:00:00+00:00
[2025-07-11T09:43:27.064+0000] {processor.py:183} INFO - Processing /home/airflow/.local/lib/python3.8/site-packages/airflow/example_dags/tutorial.py took 0.105 seconds
[2025-07-11T09:43:57.257+0000] {processor.py:161} INFO - Started process (PID=1104) to work on /home/airflow/.local/lib/python3.8/site-packages/airflow/example_dags/tutorial.py
[2025-07-11T09:43:57.259+0000] {processor.py:830} INFO - Processing file /home/airflow/.local/lib/python3.8/site-packages/airflow/example_dags/tutorial.py for tasks to queue
[2025-07-11T09:43:57.261+0000] {logging_mixin.py:188} INFO - [2025-07-11T09:43:57.260+0000] {dagbag.py:538} INFO - Filling up the DagBag from /home/airflow/.local/lib/python3.8/site-packages/airflow/example_dags/tutorial.py
[2025-07-11T09:43:57.269+0000] {processor.py:840} INFO - DAG(s) 'tutorial' retrieved from /home/airflow/.local/lib/python3.8/site-packages/airflow/example_dags/tutorial.py
[2025-07-11T09:43:57.300+0000] {logging_mixin.py:188} INFO - [2025-07-11T09:43:57.300+0000] {dag.py:3036} INFO - Sync 1 DAGs
[2025-07-11T09:43:57.337+0000] {logging_mixin.py:188} INFO - [2025-07-11T09:43:57.336+0000] {dag.py:3823} INFO - Setting next_dagrun for tutorial to 2025-07-10 00:00:00+00:00, run_after=2025-07-11 00:00:00+00:00
[2025-07-11T09:43:57.370+0000] {processor.py:183} INFO - Processing /home/airflow/.local/lib/python3.8/site-packages/airflow/example_dags/tutorial.py took 0.118 seconds
[2025-07-11T09:44:27.733+0000] {processor.py:161} INFO - Started process (PID=1160) to work on /home/airflow/.local/lib/python3.8/site-packages/airflow/example_dags/tutorial.py
[2025-07-11T09:44:27.735+0000] {processor.py:830} INFO - Processing file /home/airflow/.local/lib/python3.8/site-packages/airflow/example_dags/tutorial.py for tasks to queue
[2025-07-11T09:44:27.737+0000] {logging_mixin.py:188} INFO - [2025-07-11T09:44:27.737+0000] {dagbag.py:538} INFO - Filling up the DagBag from /home/airflow/.local/lib/python3.8/site-packages/airflow/example_dags/tutorial.py
[2025-07-11T09:44:27.745+0000] {processor.py:840} INFO - DAG(s) 'tutorial' retrieved from /home/airflow/.local/lib/python3.8/site-packages/airflow/example_dags/tutorial.py
[2025-07-11T09:44:27.780+0000] {logging_mixin.py:188} INFO - [2025-07-11T09:44:27.780+0000] {dag.py:3036} INFO - Sync 1 DAGs
[2025-07-11T09:44:27.822+0000] {logging_mixin.py:188} INFO - [2025-07-11T09:44:27.822+0000] {dag.py:3823} INFO - Setting next_dagrun for tutorial to 2025-07-10 00:00:00+00:00, run_after=2025-07-11 00:00:00+00:00
[2025-07-11T09:44:27.856+0000] {processor.py:183} INFO - Processing /home/airflow/.local/lib/python3.8/site-packages/airflow/example_dags/tutorial.py took 0.127 seconds
[2025-07-11T09:44:58.282+0000] {processor.py:161} INFO - Started process (PID=1215) to work on /home/airflow/.local/lib/python3.8/site-packages/airflow/example_dags/tutorial.py
[2025-07-11T09:44:58.283+0000] {processor.py:830} INFO - Processing file /home/airflow/.local/lib/python3.8/site-packages/airflow/example_dags/tutorial.py for tasks to queue
[2025-07-11T09:44:58.286+0000] {logging_mixin.py:188} INFO - [2025-07-11T09:44:58.285+0000] {dagbag.py:538} INFO - Filling up the DagBag from /home/airflow/.local/lib/python3.8/site-packages/airflow/example_dags/tutorial.py
[2025-07-11T09:44:58.295+0000] {processor.py:840} INFO - DAG(s) 'tutorial' retrieved from /home/airflow/.local/lib/python3.8/site-packages/airflow/example_dags/tutorial.py
[2025-07-11T09:44:58.323+0000] {logging_mixin.py:188} INFO - [2025-07-11T09:44:58.323+0000] {dag.py:3036} INFO - Sync 1 DAGs
[2025-07-11T09:44:58.357+0000] {logging_mixin.py:188} INFO - [2025-07-11T09:44:58.356+0000] {dag.py:3823} INFO - Setting next_dagrun for tutorial to 2025-07-10 00:00:00+00:00, run_after=2025-07-11 00:00:00+00:00
[2025-07-11T09:44:58.387+0000] {processor.py:183} INFO - Processing /home/airflow/.local/lib/python3.8/site-packages/airflow/example_dags/tutorial.py took 0.109 seconds
[2025-07-11T09:45:28.659+0000] {processor.py:161} INFO - Started process (PID=1270) to work on /home/airflow/.local/lib/python3.8/site-packages/airflow/example_dags/tutorial.py
[2025-07-11T09:45:28.661+0000] {processor.py:830} INFO - Processing file /home/airflow/.local/lib/python3.8/site-packages/airflow/example_dags/tutorial.py for tasks to queue
[2025-07-11T09:45:28.663+0000] {logging_mixin.py:188} INFO - [2025-07-11T09:45:28.663+0000] {dagbag.py:538} INFO - Filling up the DagBag from /home/airflow/.local/lib/python3.8/site-packages/airflow/example_dags/tutorial.py
[2025-07-11T09:45:28.671+0000] {processor.py:840} INFO - DAG(s) 'tutorial' retrieved from /home/airflow/.local/lib/python3.8/site-packages/airflow/example_dags/tutorial.py
[2025-07-11T09:45:28.701+0000] {logging_mixin.py:188} INFO - [2025-07-11T09:45:28.700+0000] {dag.py:3036} INFO - Sync 1 DAGs
[2025-07-11T09:45:28.733+0000] {logging_mixin.py:188} INFO - [2025-07-11T09:45:28.733+0000] {dag.py:3823} INFO - Setting next_dagrun for tutorial to 2025-07-10 00:00:00+00:00, run_after=2025-07-11 00:00:00+00:00
[2025-07-11T09:45:28.767+0000] {processor.py:183} INFO - Processing /home/airflow/.local/lib/python3.8/site-packages/airflow/example_dags/tutorial.py took 0.113 seconds
[2025-07-11T09:45:58.945+0000] {processor.py:161} INFO - Started process (PID=1325) to work on /home/airflow/.local/lib/python3.8/site-packages/airflow/example_dags/tutorial.py
[2025-07-11T09:45:58.947+0000] {processor.py:830} INFO - Processing file /home/airflow/.local/lib/python3.8/site-packages/airflow/example_dags/tutorial.py for tasks to queue
[2025-07-11T09:45:58.949+0000] {logging_mixin.py:188} INFO - [2025-07-11T09:45:58.948+0000] {dagbag.py:538} INFO - Filling up the DagBag from /home/airflow/.local/lib/python3.8/site-packages/airflow/example_dags/tutorial.py
[2025-07-11T09:45:58.957+0000] {processor.py:840} INFO - DAG(s) 'tutorial' retrieved from /home/airflow/.local/lib/python3.8/site-packages/airflow/example_dags/tutorial.py
[2025-07-11T09:45:58.985+0000] {logging_mixin.py:188} INFO - [2025-07-11T09:45:58.984+0000] {dag.py:3036} INFO - Sync 1 DAGs
[2025-07-11T09:45:59.016+0000] {logging_mixin.py:188} INFO - [2025-07-11T09:45:59.016+0000] {dag.py:3823} INFO - Setting next_dagrun for tutorial to 2025-07-10 00:00:00+00:00, run_after=2025-07-11 00:00:00+00:00
[2025-07-11T09:45:59.047+0000] {processor.py:183} INFO - Processing /home/airflow/.local/lib/python3.8/site-packages/airflow/example_dags/tutorial.py took 0.106 seconds
[2025-07-11T09:46:29.389+0000] {processor.py:161} INFO - Started process (PID=1380) to work on /home/airflow/.local/lib/python3.8/site-packages/airflow/example_dags/tutorial.py
[2025-07-11T09:46:29.391+0000] {processor.py:830} INFO - Processing file /home/airflow/.local/lib/python3.8/site-packages/airflow/example_dags/tutorial.py for tasks to queue
[2025-07-11T09:46:29.395+0000] {logging_mixin.py:188} INFO - [2025-07-11T09:46:29.394+0000] {dagbag.py:538} INFO - Filling up the DagBag from /home/airflow/.local/lib/python3.8/site-packages/airflow/example_dags/tutorial.py
[2025-07-11T09:46:29.403+0000] {processor.py:840} INFO - DAG(s) 'tutorial' retrieved from /home/airflow/.local/lib/python3.8/site-packages/airflow/example_dags/tutorial.py
[2025-07-11T09:46:29.430+0000] {logging_mixin.py:188} INFO - [2025-07-11T09:46:29.429+0000] {dag.py:3036} INFO - Sync 1 DAGs
[2025-07-11T09:46:29.459+0000] {logging_mixin.py:188} INFO - [2025-07-11T09:46:29.459+0000] {dag.py:3823} INFO - Setting next_dagrun for tutorial to 2025-07-10 00:00:00+00:00, run_after=2025-07-11 00:00:00+00:00
[2025-07-11T09:46:29.486+0000] {processor.py:183} INFO - Processing /home/airflow/.local/lib/python3.8/site-packages/airflow/example_dags/tutorial.py took 0.101 seconds
[2025-07-11T09:46:59.881+0000] {processor.py:161} INFO - Started process (PID=1435) to work on /home/airflow/.local/lib/python3.8/site-packages/airflow/example_dags/tutorial.py
[2025-07-11T09:46:59.883+0000] {processor.py:830} INFO - Processing file /home/airflow/.local/lib/python3.8/site-packages/airflow/example_dags/tutorial.py for tasks to queue
[2025-07-11T09:46:59.885+0000] {logging_mixin.py:188} INFO - [2025-07-11T09:46:59.885+0000] {dagbag.py:538} INFO - Filling up the DagBag from /home/airflow/.local/lib/python3.8/site-packages/airflow/example_dags/tutorial.py
[2025-07-11T09:46:59.893+0000] {processor.py:840} INFO - DAG(s) 'tutorial' retrieved from /home/airflow/.local/lib/python3.8/site-packages/airflow/example_dags/tutorial.py
[2025-07-11T09:46:59.921+0000] {logging_mixin.py:188} INFO - [2025-07-11T09:46:59.921+0000] {dag.py:3036} INFO - Sync 1 DAGs
[2025-07-11T09:46:59.952+0000] {logging_mixin.py:188} INFO - [2025-07-11T09:46:59.952+0000] {dag.py:3823} INFO - Setting next_dagrun for tutorial to 2025-07-10 00:00:00+00:00, run_after=2025-07-11 00:00:00+00:00
[2025-07-11T09:46:59.981+0000] {processor.py:183} INFO - Processing /home/airflow/.local/lib/python3.8/site-packages/airflow/example_dags/tutorial.py took 0.104 seconds
[2025-07-11T09:47:30.427+0000] {processor.py:161} INFO - Started process (PID=1490) to work on /home/airflow/.local/lib/python3.8/site-packages/airflow/example_dags/tutorial.py
[2025-07-11T09:47:30.431+0000] {processor.py:830} INFO - Processing file /home/airflow/.local/lib/python3.8/site-packages/airflow/example_dags/tutorial.py for tasks to queue
[2025-07-11T09:47:30.434+0000] {logging_mixin.py:188} INFO - [2025-07-11T09:47:30.433+0000] {dagbag.py:538} INFO - Filling up the DagBag from /home/airflow/.local/lib/python3.8/site-packages/airflow/example_dags/tutorial.py
[2025-07-11T09:47:30.442+0000] {processor.py:840} INFO - DAG(s) 'tutorial' retrieved from /home/airflow/.local/lib/python3.8/site-packages/airflow/example_dags/tutorial.py
[2025-07-11T09:47:30.472+0000] {logging_mixin.py:188} INFO - [2025-07-11T09:47:30.472+0000] {dag.py:3036} INFO - Sync 1 DAGs
[2025-07-11T09:47:30.507+0000] {logging_mixin.py:188} INFO - [2025-07-11T09:47:30.507+0000] {dag.py:3823} INFO - Setting next_dagrun for tutorial to 2025-07-10 00:00:00+00:00, run_after=2025-07-11 00:00:00+00:00
[2025-07-11T09:47:30.541+0000] {processor.py:183} INFO - Processing /home/airflow/.local/lib/python3.8/site-packages/airflow/example_dags/tutorial.py took 0.119 seconds
[2025-07-11T09:48:01.272+0000] {processor.py:161} INFO - Started process (PID=1545) to work on /home/airflow/.local/lib/python3.8/site-packages/airflow/example_dags/tutorial.py
[2025-07-11T09:48:01.274+0000] {processor.py:830} INFO - Processing file /home/airflow/.local/lib/python3.8/site-packages/airflow/example_dags/tutorial.py for tasks to queue
[2025-07-11T09:48:01.277+0000] {logging_mixin.py:188} INFO - [2025-07-11T09:48:01.277+0000] {dagbag.py:538} INFO - Filling up the DagBag from /home/airflow/.local/lib/python3.8/site-packages/airflow/example_dags/tutorial.py
[2025-07-11T09:48:01.289+0000] {processor.py:840} INFO - DAG(s) 'tutorial' retrieved from /home/airflow/.local/lib/python3.8/site-packages/airflow/example_dags/tutorial.py
[2025-07-11T09:48:01.324+0000] {logging_mixin.py:188} INFO - [2025-07-11T09:48:01.324+0000] {dag.py:3036} INFO - Sync 1 DAGs
[2025-07-11T09:48:01.356+0000] {logging_mixin.py:188} INFO - [2025-07-11T09:48:01.355+0000] {dag.py:3823} INFO - Setting next_dagrun for tutorial to 2025-07-10 00:00:00+00:00, run_after=2025-07-11 00:00:00+00:00
[2025-07-11T09:48:01.382+0000] {processor.py:183} INFO - Processing /home/airflow/.local/lib/python3.8/site-packages/airflow/example_dags/tutorial.py took 0.118 seconds
[2025-07-11T09:48:31.758+0000] {processor.py:161} INFO - Started process (PID=1600) to work on /home/airflow/.local/lib/python3.8/site-packages/airflow/example_dags/tutorial.py
[2025-07-11T09:48:31.759+0000] {processor.py:830} INFO - Processing file /home/airflow/.local/lib/python3.8/site-packages/airflow/example_dags/tutorial.py for tasks to queue
[2025-07-11T09:48:31.762+0000] {logging_mixin.py:188} INFO - [2025-07-11T09:48:31.761+0000] {dagbag.py:538} INFO - Filling up the DagBag from /home/airflow/.local/lib/python3.8/site-packages/airflow/example_dags/tutorial.py
[2025-07-11T09:48:31.772+0000] {processor.py:840} INFO - DAG(s) 'tutorial' retrieved from /home/airflow/.local/lib/python3.8/site-packages/airflow/example_dags/tutorial.py
[2025-07-11T09:48:31.804+0000] {logging_mixin.py:188} INFO - [2025-07-11T09:48:31.803+0000] {dag.py:3036} INFO - Sync 1 DAGs
[2025-07-11T09:48:31.838+0000] {logging_mixin.py:188} INFO - [2025-07-11T09:48:31.837+0000] {dag.py:3823} INFO - Setting next_dagrun for tutorial to 2025-07-10 00:00:00+00:00, run_after=2025-07-11 00:00:00+00:00
[2025-07-11T09:48:31.868+0000] {processor.py:183} INFO - Processing /home/airflow/.local/lib/python3.8/site-packages/airflow/example_dags/tutorial.py took 0.115 seconds
[2025-07-11T09:49:02.180+0000] {processor.py:161} INFO - Started process (PID=1655) to work on /home/airflow/.local/lib/python3.8/site-packages/airflow/example_dags/tutorial.py
[2025-07-11T09:49:02.182+0000] {processor.py:830} INFO - Processing file /home/airflow/.local/lib/python3.8/site-packages/airflow/example_dags/tutorial.py for tasks to queue
[2025-07-11T09:49:02.184+0000] {logging_mixin.py:188} INFO - [2025-07-11T09:49:02.184+0000] {dagbag.py:538} INFO - Filling up the DagBag from /home/airflow/.local/lib/python3.8/site-packages/airflow/example_dags/tutorial.py
[2025-07-11T09:49:02.194+0000] {processor.py:840} INFO - DAG(s) 'tutorial' retrieved from /home/airflow/.local/lib/python3.8/site-packages/airflow/example_dags/tutorial.py
[2025-07-11T09:49:02.223+0000] {logging_mixin.py:188} INFO - [2025-07-11T09:49:02.222+0000] {dag.py:3036} INFO - Sync 1 DAGs
[2025-07-11T09:49:02.257+0000] {logging_mixin.py:188} INFO - [2025-07-11T09:49:02.256+0000] {dag.py:3823} INFO - Setting next_dagrun for tutorial to 2025-07-10 00:00:00+00:00, run_after=2025-07-11 00:00:00+00:00
[2025-07-11T09:49:02.287+0000] {processor.py:183} INFO - Processing /home/airflow/.local/lib/python3.8/site-packages/airflow/example_dags/tutorial.py took 0.113 seconds
[2025-07-11T09:49:32.727+0000] {processor.py:161} INFO - Started process (PID=1710) to work on /home/airflow/.local/lib/python3.8/site-packages/airflow/example_dags/tutorial.py
[2025-07-11T09:49:32.729+0000] {processor.py:830} INFO - Processing file /home/airflow/.local/lib/python3.8/site-packages/airflow/example_dags/tutorial.py for tasks to queue
[2025-07-11T09:49:32.731+0000] {logging_mixin.py:188} INFO - [2025-07-11T09:49:32.731+0000] {dagbag.py:538} INFO - Filling up the DagBag from /home/airflow/.local/lib/python3.8/site-packages/airflow/example_dags/tutorial.py
[2025-07-11T09:49:32.740+0000] {processor.py:840} INFO - DAG(s) 'tutorial' retrieved from /home/airflow/.local/lib/python3.8/site-packages/airflow/example_dags/tutorial.py
[2025-07-11T09:49:32.772+0000] {logging_mixin.py:188} INFO - [2025-07-11T09:49:32.772+0000] {dag.py:3036} INFO - Sync 1 DAGs
[2025-07-11T09:49:32.813+0000] {logging_mixin.py:188} INFO - [2025-07-11T09:49:32.813+0000] {dag.py:3823} INFO - Setting next_dagrun for tutorial to 2025-07-10 00:00:00+00:00, run_after=2025-07-11 00:00:00+00:00
[2025-07-11T09:49:32.847+0000] {processor.py:183} INFO - Processing /home/airflow/.local/lib/python3.8/site-packages/airflow/example_dags/tutorial.py took 0.125 seconds
[2025-07-11T09:50:03.590+0000] {processor.py:161} INFO - Started process (PID=1765) to work on /home/airflow/.local/lib/python3.8/site-packages/airflow/example_dags/tutorial.py
[2025-07-11T09:50:03.591+0000] {processor.py:830} INFO - Processing file /home/airflow/.local/lib/python3.8/site-packages/airflow/example_dags/tutorial.py for tasks to queue
[2025-07-11T09:50:03.594+0000] {logging_mixin.py:188} INFO - [2025-07-11T09:50:03.593+0000] {dagbag.py:538} INFO - Filling up the DagBag from /home/airflow/.local/lib/python3.8/site-packages/airflow/example_dags/tutorial.py
[2025-07-11T09:50:03.601+0000] {processor.py:840} INFO - DAG(s) 'tutorial' retrieved from /home/airflow/.local/lib/python3.8/site-packages/airflow/example_dags/tutorial.py
[2025-07-11T09:50:03.628+0000] {logging_mixin.py:188} INFO - [2025-07-11T09:50:03.628+0000] {dag.py:3036} INFO - Sync 1 DAGs
[2025-07-11T09:50:03.658+0000] {logging_mixin.py:188} INFO - [2025-07-11T09:50:03.657+0000] {dag.py:3823} INFO - Setting next_dagrun for tutorial to 2025-07-10 00:00:00+00:00, run_after=2025-07-11 00:00:00+00:00
[2025-07-11T09:50:03.687+0000] {processor.py:183} INFO - Processing /home/airflow/.local/lib/python3.8/site-packages/airflow/example_dags/tutorial.py took 0.102 seconds
[2025-07-11T09:50:34.461+0000] {processor.py:161} INFO - Started process (PID=1820) to work on /home/airflow/.local/lib/python3.8/site-packages/airflow/example_dags/tutorial.py
[2025-07-11T09:50:34.462+0000] {processor.py:830} INFO - Processing file /home/airflow/.local/lib/python3.8/site-packages/airflow/example_dags/tutorial.py for tasks to queue
[2025-07-11T09:50:34.464+0000] {logging_mixin.py:188} INFO - [2025-07-11T09:50:34.464+0000] {dagbag.py:538} INFO - Filling up the DagBag from /home/airflow/.local/lib/python3.8/site-packages/airflow/example_dags/tutorial.py
[2025-07-11T09:50:34.472+0000] {processor.py:840} INFO - DAG(s) 'tutorial' retrieved from /home/airflow/.local/lib/python3.8/site-packages/airflow/example_dags/tutorial.py
[2025-07-11T09:50:34.499+0000] {logging_mixin.py:188} INFO - [2025-07-11T09:50:34.498+0000] {dag.py:3036} INFO - Sync 1 DAGs
[2025-07-11T09:50:34.528+0000] {logging_mixin.py:188} INFO - [2025-07-11T09:50:34.528+0000] {dag.py:3823} INFO - Setting next_dagrun for tutorial to 2025-07-10 00:00:00+00:00, run_after=2025-07-11 00:00:00+00:00
[2025-07-11T09:50:34.556+0000] {processor.py:183} INFO - Processing /home/airflow/.local/lib/python3.8/site-packages/airflow/example_dags/tutorial.py took 0.099 seconds
[2025-07-11T09:51:05.001+0000] {processor.py:161} INFO - Started process (PID=1875) to work on /home/airflow/.local/lib/python3.8/site-packages/airflow/example_dags/tutorial.py
[2025-07-11T09:51:05.003+0000] {processor.py:830} INFO - Processing file /home/airflow/.local/lib/python3.8/site-packages/airflow/example_dags/tutorial.py for tasks to queue
[2025-07-11T09:51:05.006+0000] {logging_mixin.py:188} INFO - [2025-07-11T09:51:05.006+0000] {dagbag.py:538} INFO - Filling up the DagBag from /home/airflow/.local/lib/python3.8/site-packages/airflow/example_dags/tutorial.py
[2025-07-11T09:51:05.016+0000] {processor.py:840} INFO - DAG(s) 'tutorial' retrieved from /home/airflow/.local/lib/python3.8/site-packages/airflow/example_dags/tutorial.py
[2025-07-11T09:51:05.051+0000] {logging_mixin.py:188} INFO - [2025-07-11T09:51:05.051+0000] {dag.py:3036} INFO - Sync 1 DAGs
[2025-07-11T09:51:05.083+0000] {logging_mixin.py:188} INFO - [2025-07-11T09:51:05.082+0000] {dag.py:3823} INFO - Setting next_dagrun for tutorial to 2025-07-10 00:00:00+00:00, run_after=2025-07-11 00:00:00+00:00
[2025-07-11T09:51:05.112+0000] {processor.py:183} INFO - Processing /home/airflow/.local/lib/python3.8/site-packages/airflow/example_dags/tutorial.py took 0.116 seconds
[2025-07-11T09:51:35.776+0000] {processor.py:161} INFO - Started process (PID=1930) to work on /home/airflow/.local/lib/python3.8/site-packages/airflow/example_dags/tutorial.py
[2025-07-11T09:51:35.778+0000] {processor.py:830} INFO - Processing file /home/airflow/.local/lib/python3.8/site-packages/airflow/example_dags/tutorial.py for tasks to queue
[2025-07-11T09:51:35.780+0000] {logging_mixin.py:188} INFO - [2025-07-11T09:51:35.779+0000] {dagbag.py:538} INFO - Filling up the DagBag from /home/airflow/.local/lib/python3.8/site-packages/airflow/example_dags/tutorial.py
[2025-07-11T09:51:35.788+0000] {processor.py:840} INFO - DAG(s) 'tutorial' retrieved from /home/airflow/.local/lib/python3.8/site-packages/airflow/example_dags/tutorial.py
[2025-07-11T09:51:35.816+0000] {logging_mixin.py:188} INFO - [2025-07-11T09:51:35.815+0000] {dag.py:3036} INFO - Sync 1 DAGs
[2025-07-11T09:51:35.850+0000] {logging_mixin.py:188} INFO - [2025-07-11T09:51:35.850+0000] {dag.py:3823} INFO - Setting next_dagrun for tutorial to 2025-07-10 00:00:00+00:00, run_after=2025-07-11 00:00:00+00:00
[2025-07-11T09:51:35.881+0000] {processor.py:183} INFO - Processing /home/airflow/.local/lib/python3.8/site-packages/airflow/example_dags/tutorial.py took 0.109 seconds
[2025-07-11T09:52:06.284+0000] {processor.py:161} INFO - Started process (PID=1985) to work on /home/airflow/.local/lib/python3.8/site-packages/airflow/example_dags/tutorial.py
[2025-07-11T09:52:06.285+0000] {processor.py:830} INFO - Processing file /home/airflow/.local/lib/python3.8/site-packages/airflow/example_dags/tutorial.py for tasks to queue
[2025-07-11T09:52:06.287+0000] {logging_mixin.py:188} INFO - [2025-07-11T09:52:06.287+0000] {dagbag.py:538} INFO - Filling up the DagBag from /home/airflow/.local/lib/python3.8/site-packages/airflow/example_dags/tutorial.py
[2025-07-11T09:52:06.295+0000] {processor.py:840} INFO - DAG(s) 'tutorial' retrieved from /home/airflow/.local/lib/python3.8/site-packages/airflow/example_dags/tutorial.py
[2025-07-11T09:52:06.323+0000] {logging_mixin.py:188} INFO - [2025-07-11T09:52:06.322+0000] {dag.py:3036} INFO - Sync 1 DAGs
[2025-07-11T09:52:06.352+0000] {logging_mixin.py:188} INFO - [2025-07-11T09:52:06.352+0000] {dag.py:3823} INFO - Setting next_dagrun for tutorial to 2025-07-10 00:00:00+00:00, run_after=2025-07-11 00:00:00+00:00
[2025-07-11T09:52:06.380+0000] {processor.py:183} INFO - Processing /home/airflow/.local/lib/python3.8/site-packages/airflow/example_dags/tutorial.py took 0.101 seconds
[2025-07-11T09:52:36.448+0000] {processor.py:161} INFO - Started process (PID=2040) to work on /home/airflow/.local/lib/python3.8/site-packages/airflow/example_dags/tutorial.py
[2025-07-11T09:52:36.449+0000] {processor.py:830} INFO - Processing file /home/airflow/.local/lib/python3.8/site-packages/airflow/example_dags/tutorial.py for tasks to queue
[2025-07-11T09:52:36.452+0000] {logging_mixin.py:188} INFO - [2025-07-11T09:52:36.451+0000] {dagbag.py:538} INFO - Filling up the DagBag from /home/airflow/.local/lib/python3.8/site-packages/airflow/example_dags/tutorial.py
[2025-07-11T09:52:36.460+0000] {processor.py:840} INFO - DAG(s) 'tutorial' retrieved from /home/airflow/.local/lib/python3.8/site-packages/airflow/example_dags/tutorial.py
[2025-07-11T09:52:36.487+0000] {logging_mixin.py:188} INFO - [2025-07-11T09:52:36.486+0000] {dag.py:3036} INFO - Sync 1 DAGs
[2025-07-11T09:52:36.517+0000] {logging_mixin.py:188} INFO - [2025-07-11T09:52:36.517+0000] {dag.py:3823} INFO - Setting next_dagrun for tutorial to 2025-07-10 00:00:00+00:00, run_after=2025-07-11 00:00:00+00:00
[2025-07-11T09:52:36.547+0000] {processor.py:183} INFO - Processing /home/airflow/.local/lib/python3.8/site-packages/airflow/example_dags/tutorial.py took 0.103 seconds
[2025-07-11T09:53:07.137+0000] {processor.py:161} INFO - Started process (PID=2095) to work on /home/airflow/.local/lib/python3.8/site-packages/airflow/example_dags/tutorial.py
[2025-07-11T09:53:07.139+0000] {processor.py:830} INFO - Processing file /home/airflow/.local/lib/python3.8/site-packages/airflow/example_dags/tutorial.py for tasks to queue
[2025-07-11T09:53:07.142+0000] {logging_mixin.py:188} INFO - [2025-07-11T09:53:07.142+0000] {dagbag.py:538} INFO - Filling up the DagBag from /home/airflow/.local/lib/python3.8/site-packages/airflow/example_dags/tutorial.py
[2025-07-11T09:53:07.153+0000] {processor.py:840} INFO - DAG(s) 'tutorial' retrieved from /home/airflow/.local/lib/python3.8/site-packages/airflow/example_dags/tutorial.py
[2025-07-11T09:53:07.186+0000] {logging_mixin.py:188} INFO - [2025-07-11T09:53:07.185+0000] {dag.py:3036} INFO - Sync 1 DAGs
[2025-07-11T09:53:07.223+0000] {logging_mixin.py:188} INFO - [2025-07-11T09:53:07.222+0000] {dag.py:3823} INFO - Setting next_dagrun for tutorial to 2025-07-10 00:00:00+00:00, run_after=2025-07-11 00:00:00+00:00
[2025-07-11T09:53:07.256+0000] {processor.py:183} INFO - Processing /home/airflow/.local/lib/python3.8/site-packages/airflow/example_dags/tutorial.py took 0.124 seconds
[2025-07-11T09:53:37.702+0000] {processor.py:161} INFO - Started process (PID=2150) to work on /home/airflow/.local/lib/python3.8/site-packages/airflow/example_dags/tutorial.py
[2025-07-11T09:53:37.704+0000] {processor.py:830} INFO - Processing file /home/airflow/.local/lib/python3.8/site-packages/airflow/example_dags/tutorial.py for tasks to queue
[2025-07-11T09:53:37.706+0000] {logging_mixin.py:188} INFO - [2025-07-11T09:53:37.706+0000] {dagbag.py:538} INFO - Filling up the DagBag from /home/airflow/.local/lib/python3.8/site-packages/airflow/example_dags/tutorial.py
[2025-07-11T09:53:37.715+0000] {processor.py:840} INFO - DAG(s) 'tutorial' retrieved from /home/airflow/.local/lib/python3.8/site-packages/airflow/example_dags/tutorial.py
[2025-07-11T09:53:37.745+0000] {logging_mixin.py:188} INFO - [2025-07-11T09:53:37.744+0000] {dag.py:3036} INFO - Sync 1 DAGs
[2025-07-11T09:53:37.781+0000] {logging_mixin.py:188} INFO - [2025-07-11T09:53:37.780+0000] {dag.py:3823} INFO - Setting next_dagrun for tutorial to 2025-07-10 00:00:00+00:00, run_after=2025-07-11 00:00:00+00:00
[2025-07-11T09:53:37.819+0000] {processor.py:183} INFO - Processing /home/airflow/.local/lib/python3.8/site-packages/airflow/example_dags/tutorial.py took 0.121 seconds
[2025-07-11T09:54:08.236+0000] {processor.py:161} INFO - Started process (PID=2205) to work on /home/airflow/.local/lib/python3.8/site-packages/airflow/example_dags/tutorial.py
[2025-07-11T09:54:08.238+0000] {processor.py:830} INFO - Processing file /home/airflow/.local/lib/python3.8/site-packages/airflow/example_dags/tutorial.py for tasks to queue
[2025-07-11T09:54:08.242+0000] {logging_mixin.py:188} INFO - [2025-07-11T09:54:08.241+0000] {dagbag.py:538} INFO - Filling up the DagBag from /home/airflow/.local/lib/python3.8/site-packages/airflow/example_dags/tutorial.py
[2025-07-11T09:54:08.252+0000] {processor.py:840} INFO - DAG(s) 'tutorial' retrieved from /home/airflow/.local/lib/python3.8/site-packages/airflow/example_dags/tutorial.py
[2025-07-11T09:54:08.292+0000] {logging_mixin.py:188} INFO - [2025-07-11T09:54:08.292+0000] {dag.py:3036} INFO - Sync 1 DAGs
[2025-07-11T09:54:08.338+0000] {logging_mixin.py:188} INFO - [2025-07-11T09:54:08.337+0000] {dag.py:3823} INFO - Setting next_dagrun for tutorial to 2025-07-10 00:00:00+00:00, run_after=2025-07-11 00:00:00+00:00
[2025-07-11T09:54:08.384+0000] {processor.py:183} INFO - Processing /home/airflow/.local/lib/python3.8/site-packages/airflow/example_dags/tutorial.py took 0.153 seconds
[2025-07-11T09:54:38.968+0000] {processor.py:161} INFO - Started process (PID=2260) to work on /home/airflow/.local/lib/python3.8/site-packages/airflow/example_dags/tutorial.py
[2025-07-11T09:54:38.969+0000] {processor.py:830} INFO - Processing file /home/airflow/.local/lib/python3.8/site-packages/airflow/example_dags/tutorial.py for tasks to queue
[2025-07-11T09:54:38.973+0000] {logging_mixin.py:188} INFO - [2025-07-11T09:54:38.972+0000] {dagbag.py:538} INFO - Filling up the DagBag from /home/airflow/.local/lib/python3.8/site-packages/airflow/example_dags/tutorial.py
[2025-07-11T09:54:38.982+0000] {processor.py:840} INFO - DAG(s) 'tutorial' retrieved from /home/airflow/.local/lib/python3.8/site-packages/airflow/example_dags/tutorial.py
[2025-07-11T09:54:39.012+0000] {logging_mixin.py:188} INFO - [2025-07-11T09:54:39.011+0000] {dag.py:3036} INFO - Sync 1 DAGs
[2025-07-11T09:54:39.043+0000] {logging_mixin.py:188} INFO - [2025-07-11T09:54:39.043+0000] {dag.py:3823} INFO - Setting next_dagrun for tutorial to 2025-07-10 00:00:00+00:00, run_after=2025-07-11 00:00:00+00:00
[2025-07-11T09:54:39.077+0000] {processor.py:183} INFO - Processing /home/airflow/.local/lib/python3.8/site-packages/airflow/example_dags/tutorial.py took 0.115 seconds
