[2025-07-12T11:52:33.863+0000] {processor.py:161} INFO - Started process (PID=21356) to work on /opt/airflow/dags/iqair/etl_iq_air_sensors/transform.py
[2025-07-12T11:52:33.865+0000] {processor.py:830} INFO - Processing file /opt/airflow/dags/iqair/etl_iq_air_sensors/transform.py for tasks to queue
[2025-07-12T11:52:33.866+0000] {logging_mixin.py:188} INFO - [2025-07-12T11:52:33.866+0000] {dagbag.py:538} INFO - Filling up the DagBag from /opt/airflow/dags/iqair/etl_iq_air_sensors/transform.py
[2025-07-12T11:52:33.870+0000] {processor.py:842} WARNING - No viable dags retrieved from /opt/airflow/dags/iqair/etl_iq_air_sensors/transform.py
[2025-07-12T11:52:33.925+0000] {processor.py:183} INFO - Processing /opt/airflow/dags/iqair/etl_iq_air_sensors/transform.py took 0.067 seconds
[2025-07-12T11:53:04.380+0000] {processor.py:161} INFO - Started process (PID=21367) to work on /opt/airflow/dags/iqair/etl_iq_air_sensors/transform.py
[2025-07-12T11:53:04.381+0000] {processor.py:830} INFO - Processing file /opt/airflow/dags/iqair/etl_iq_air_sensors/transform.py for tasks to queue
[2025-07-12T11:53:04.383+0000] {logging_mixin.py:188} INFO - [2025-07-12T11:53:04.383+0000] {dagbag.py:538} INFO - Filling up the DagBag from /opt/airflow/dags/iqair/etl_iq_air_sensors/transform.py
[2025-07-12T11:53:04.387+0000] {processor.py:842} WARNING - No viable dags retrieved from /opt/airflow/dags/iqair/etl_iq_air_sensors/transform.py
[2025-07-12T11:53:04.446+0000] {processor.py:183} INFO - Processing /opt/airflow/dags/iqair/etl_iq_air_sensors/transform.py took 0.072 seconds
[2025-07-12T11:53:34.796+0000] {processor.py:161} INFO - Started process (PID=21376) to work on /opt/airflow/dags/iqair/etl_iq_air_sensors/transform.py
[2025-07-12T11:53:34.798+0000] {processor.py:830} INFO - Processing file /opt/airflow/dags/iqair/etl_iq_air_sensors/transform.py for tasks to queue
[2025-07-12T11:53:34.800+0000] {logging_mixin.py:188} INFO - [2025-07-12T11:53:34.799+0000] {dagbag.py:538} INFO - Filling up the DagBag from /opt/airflow/dags/iqair/etl_iq_air_sensors/transform.py
[2025-07-12T11:53:34.803+0000] {processor.py:842} WARNING - No viable dags retrieved from /opt/airflow/dags/iqair/etl_iq_air_sensors/transform.py
[2025-07-12T11:53:34.851+0000] {processor.py:183} INFO - Processing /opt/airflow/dags/iqair/etl_iq_air_sensors/transform.py took 0.060 seconds
[2025-07-12T11:54:05.174+0000] {processor.py:161} INFO - Started process (PID=21385) to work on /opt/airflow/dags/iqair/etl_iq_air_sensors/transform.py
[2025-07-12T11:54:05.176+0000] {processor.py:830} INFO - Processing file /opt/airflow/dags/iqair/etl_iq_air_sensors/transform.py for tasks to queue
[2025-07-12T11:54:05.177+0000] {logging_mixin.py:188} INFO - [2025-07-12T11:54:05.177+0000] {dagbag.py:538} INFO - Filling up the DagBag from /opt/airflow/dags/iqair/etl_iq_air_sensors/transform.py
[2025-07-12T11:54:05.180+0000] {processor.py:842} WARNING - No viable dags retrieved from /opt/airflow/dags/iqair/etl_iq_air_sensors/transform.py
[2025-07-12T11:54:05.223+0000] {processor.py:183} INFO - Processing /opt/airflow/dags/iqair/etl_iq_air_sensors/transform.py took 0.053 seconds
[2025-07-12T11:54:35.501+0000] {processor.py:161} INFO - Started process (PID=21393) to work on /opt/airflow/dags/iqair/etl_iq_air_sensors/transform.py
[2025-07-12T11:54:35.503+0000] {processor.py:830} INFO - Processing file /opt/airflow/dags/iqair/etl_iq_air_sensors/transform.py for tasks to queue
[2025-07-12T11:54:35.504+0000] {logging_mixin.py:188} INFO - [2025-07-12T11:54:35.504+0000] {dagbag.py:538} INFO - Filling up the DagBag from /opt/airflow/dags/iqair/etl_iq_air_sensors/transform.py
[2025-07-12T11:54:35.508+0000] {processor.py:842} WARNING - No viable dags retrieved from /opt/airflow/dags/iqair/etl_iq_air_sensors/transform.py
[2025-07-12T11:54:35.555+0000] {processor.py:183} INFO - Processing /opt/airflow/dags/iqair/etl_iq_air_sensors/transform.py took 0.061 seconds
[2025-07-12T11:55:05.918+0000] {processor.py:161} INFO - Started process (PID=21401) to work on /opt/airflow/dags/iqair/etl_iq_air_sensors/transform.py
[2025-07-12T11:55:05.920+0000] {processor.py:830} INFO - Processing file /opt/airflow/dags/iqair/etl_iq_air_sensors/transform.py for tasks to queue
[2025-07-12T11:55:05.922+0000] {logging_mixin.py:188} INFO - [2025-07-12T11:55:05.921+0000] {dagbag.py:538} INFO - Filling up the DagBag from /opt/airflow/dags/iqair/etl_iq_air_sensors/transform.py
[2025-07-12T11:55:05.925+0000] {processor.py:842} WARNING - No viable dags retrieved from /opt/airflow/dags/iqair/etl_iq_air_sensors/transform.py
[2025-07-12T11:55:05.975+0000] {processor.py:183} INFO - Processing /opt/airflow/dags/iqair/etl_iq_air_sensors/transform.py took 0.061 seconds
[2025-07-12T11:55:36.354+0000] {processor.py:161} INFO - Started process (PID=21410) to work on /opt/airflow/dags/iqair/etl_iq_air_sensors/transform.py
[2025-07-12T11:55:36.355+0000] {processor.py:830} INFO - Processing file /opt/airflow/dags/iqair/etl_iq_air_sensors/transform.py for tasks to queue
[2025-07-12T11:55:36.356+0000] {logging_mixin.py:188} INFO - [2025-07-12T11:55:36.356+0000] {dagbag.py:538} INFO - Filling up the DagBag from /opt/airflow/dags/iqair/etl_iq_air_sensors/transform.py
[2025-07-12T11:55:36.361+0000] {processor.py:842} WARNING - No viable dags retrieved from /opt/airflow/dags/iqair/etl_iq_air_sensors/transform.py
[2025-07-12T11:55:36.424+0000] {processor.py:183} INFO - Processing /opt/airflow/dags/iqair/etl_iq_air_sensors/transform.py took 0.089 seconds
[2025-07-12T11:56:06.644+0000] {processor.py:161} INFO - Started process (PID=21418) to work on /opt/airflow/dags/iqair/etl_iq_air_sensors/transform.py
[2025-07-12T11:56:06.647+0000] {processor.py:830} INFO - Processing file /opt/airflow/dags/iqair/etl_iq_air_sensors/transform.py for tasks to queue
[2025-07-12T11:56:06.648+0000] {logging_mixin.py:188} INFO - [2025-07-12T11:56:06.648+0000] {dagbag.py:538} INFO - Filling up the DagBag from /opt/airflow/dags/iqair/etl_iq_air_sensors/transform.py
[2025-07-12T11:56:06.651+0000] {processor.py:842} WARNING - No viable dags retrieved from /opt/airflow/dags/iqair/etl_iq_air_sensors/transform.py
[2025-07-12T11:56:06.694+0000] {processor.py:183} INFO - Processing /opt/airflow/dags/iqair/etl_iq_air_sensors/transform.py took 0.056 seconds
[2025-07-12T11:56:37.032+0000] {processor.py:161} INFO - Started process (PID=21426) to work on /opt/airflow/dags/iqair/etl_iq_air_sensors/transform.py
[2025-07-12T11:56:37.034+0000] {processor.py:830} INFO - Processing file /opt/airflow/dags/iqair/etl_iq_air_sensors/transform.py for tasks to queue
[2025-07-12T11:56:37.035+0000] {logging_mixin.py:188} INFO - [2025-07-12T11:56:37.034+0000] {dagbag.py:538} INFO - Filling up the DagBag from /opt/airflow/dags/iqair/etl_iq_air_sensors/transform.py
[2025-07-12T11:56:37.043+0000] {processor.py:842} WARNING - No viable dags retrieved from /opt/airflow/dags/iqair/etl_iq_air_sensors/transform.py
[2025-07-12T11:56:37.115+0000] {processor.py:183} INFO - Processing /opt/airflow/dags/iqair/etl_iq_air_sensors/transform.py took 0.090 seconds
[2025-07-12T11:57:07.409+0000] {processor.py:161} INFO - Started process (PID=21434) to work on /opt/airflow/dags/iqair/etl_iq_air_sensors/transform.py
[2025-07-12T11:57:07.410+0000] {processor.py:830} INFO - Processing file /opt/airflow/dags/iqair/etl_iq_air_sensors/transform.py for tasks to queue
[2025-07-12T11:57:07.412+0000] {logging_mixin.py:188} INFO - [2025-07-12T11:57:07.411+0000] {dagbag.py:538} INFO - Filling up the DagBag from /opt/airflow/dags/iqair/etl_iq_air_sensors/transform.py
[2025-07-12T11:57:07.414+0000] {processor.py:842} WARNING - No viable dags retrieved from /opt/airflow/dags/iqair/etl_iq_air_sensors/transform.py
[2025-07-12T11:57:07.456+0000] {processor.py:183} INFO - Processing /opt/airflow/dags/iqair/etl_iq_air_sensors/transform.py took 0.052 seconds
[2025-07-12T11:57:37.821+0000] {processor.py:161} INFO - Started process (PID=21443) to work on /opt/airflow/dags/iqair/etl_iq_air_sensors/transform.py
[2025-07-12T11:57:37.824+0000] {processor.py:830} INFO - Processing file /opt/airflow/dags/iqair/etl_iq_air_sensors/transform.py for tasks to queue
[2025-07-12T11:57:37.825+0000] {logging_mixin.py:188} INFO - [2025-07-12T11:57:37.825+0000] {dagbag.py:538} INFO - Filling up the DagBag from /opt/airflow/dags/iqair/etl_iq_air_sensors/transform.py
[2025-07-12T11:57:37.828+0000] {processor.py:842} WARNING - No viable dags retrieved from /opt/airflow/dags/iqair/etl_iq_air_sensors/transform.py
[2025-07-12T11:57:37.874+0000] {processor.py:183} INFO - Processing /opt/airflow/dags/iqair/etl_iq_air_sensors/transform.py took 0.059 seconds
[2025-07-12T11:58:08.184+0000] {processor.py:161} INFO - Started process (PID=21452) to work on /opt/airflow/dags/iqair/etl_iq_air_sensors/transform.py
[2025-07-12T11:58:08.187+0000] {processor.py:830} INFO - Processing file /opt/airflow/dags/iqair/etl_iq_air_sensors/transform.py for tasks to queue
[2025-07-12T11:58:08.188+0000] {logging_mixin.py:188} INFO - [2025-07-12T11:58:08.188+0000] {dagbag.py:538} INFO - Filling up the DagBag from /opt/airflow/dags/iqair/etl_iq_air_sensors/transform.py
[2025-07-12T11:58:08.191+0000] {processor.py:842} WARNING - No viable dags retrieved from /opt/airflow/dags/iqair/etl_iq_air_sensors/transform.py
[2025-07-12T11:58:08.233+0000] {processor.py:183} INFO - Processing /opt/airflow/dags/iqair/etl_iq_air_sensors/transform.py took 0.052 seconds
